[0.223s] Invoking command in '/home/aimane/vnav23/labs/lab4/build/mav_system_msgs': CMAKE_PREFIX_PATH=/home/aimane/vnav23/labs/lab4/install/trajectory_generation:/home/aimane/vnav23/labs/lab4/install/tesse_msgs:/home/aimane/vnav23/labs/lab4/install/planner_pkg:/home/aimane/vnav23/labs/lab4/install/tesse_ros_bridge:/opt/ros/humble:/home/aimane/vnav23/labs/lab4/install/mav_visualization:/home/aimane/vnav23/labs/lab4/install/mav_trajectory_generation:/home/aimane/vnav23/labs/lab4/install/mav_comm:/home/aimane/vnav23/labs/lab4/install/mav_system_msgs:/home/aimane/vnav23/labs/lab4/install/mav_state_machine_msgs:/home/aimane/vnav23/labs/lab4/install/mav_planning_msgs:/home/aimane/vnav23/labs/lab4/install/controller_pkg:/home/aimane/vnav23/labs/lab4/install/mav_msgs:/home/aimane/mavros_ws/install/mavros_extras:/home/aimane/mavros_ws/install/mavros_examples:/home/aimane/mavros_ws/install/mavros:/home/aimane/mavros_ws/install/mavros_msgs:/home/aimane/mavros_ws/install/libmavconn /usr/bin/cmake --build /home/aimane/vnav23/labs/lab4/build/mav_system_msgs -- -j8 -l8
[2.105s] [ 13%] Built target mav_system_msgs__rosidl_generator_c
[2.108s] [ 17%] Built target mav_system_msgs__cpp
[2.108s] [ 31%] Built target mav_system_msgs__rosidl_typesupport_c
[2.108s] [ 44%] Built target mav_system_msgs__rosidl_typesupport_fastrtps_cpp
[2.108s] [ 58%] Built target mav_system_msgs__rosidl_typesupport_cpp
[2.109s] [ 72%] Built target mav_system_msgs__rosidl_typesupport_introspection_cpp
[2.109s] [ 86%] Built target mav_system_msgs__rosidl_typesupport_fastrtps_c
[2.109s] [100%] Built target mav_system_msgs__rosidl_typesupport_introspection_c
[2.109s] [100%] Built target mav_system_msgs
[3.400s] Invoked command in '/home/aimane/vnav23/labs/lab4/build/mav_system_msgs' returned '0': CMAKE_PREFIX_PATH=/home/aimane/vnav23/labs/lab4/install/trajectory_generation:/home/aimane/vnav23/labs/lab4/install/tesse_msgs:/home/aimane/vnav23/labs/lab4/install/planner_pkg:/home/aimane/vnav23/labs/lab4/install/tesse_ros_bridge:/opt/ros/humble:/home/aimane/vnav23/labs/lab4/install/mav_visualization:/home/aimane/vnav23/labs/lab4/install/mav_trajectory_generation:/home/aimane/vnav23/labs/lab4/install/mav_comm:/home/aimane/vnav23/labs/lab4/install/mav_system_msgs:/home/aimane/vnav23/labs/lab4/install/mav_state_machine_msgs:/home/aimane/vnav23/labs/lab4/install/mav_planning_msgs:/home/aimane/vnav23/labs/lab4/install/controller_pkg:/home/aimane/vnav23/labs/lab4/install/mav_msgs:/home/aimane/mavros_ws/install/mavros_extras:/home/aimane/mavros_ws/install/mavros_examples:/home/aimane/mavros_ws/install/mavros:/home/aimane/mavros_ws/install/mavros_msgs:/home/aimane/mavros_ws/install/libmavconn /usr/bin/cmake --build /home/aimane/vnav23/labs/lab4/build/mav_system_msgs -- -j8 -l8
[3.402s] Invoking command in '/home/aimane/vnav23/labs/lab4/build/mav_system_msgs': CMAKE_PREFIX_PATH=/home/aimane/vnav23/labs/lab4/install/trajectory_generation:/home/aimane/vnav23/labs/lab4/install/tesse_msgs:/home/aimane/vnav23/labs/lab4/install/planner_pkg:/home/aimane/vnav23/labs/lab4/install/tesse_ros_bridge:/opt/ros/humble:/home/aimane/vnav23/labs/lab4/install/mav_visualization:/home/aimane/vnav23/labs/lab4/install/mav_trajectory_generation:/home/aimane/vnav23/labs/lab4/install/mav_comm:/home/aimane/vnav23/labs/lab4/install/mav_system_msgs:/home/aimane/vnav23/labs/lab4/install/mav_state_machine_msgs:/home/aimane/vnav23/labs/lab4/install/mav_planning_msgs:/home/aimane/vnav23/labs/lab4/install/controller_pkg:/home/aimane/vnav23/labs/lab4/install/mav_msgs:/home/aimane/mavros_ws/install/mavros_extras:/home/aimane/mavros_ws/install/mavros_examples:/home/aimane/mavros_ws/install/mavros:/home/aimane/mavros_ws/install/mavros_msgs:/home/aimane/mavros_ws/install/libmavconn /usr/bin/cmake --install /home/aimane/vnav23/labs/lab4/build/mav_system_msgs
[3.491s] -- Install configuration: ""
[3.498s] -- Execute custom install script
[3.507s] -- Up-to-date symlink: /home/aimane/vnav23/labs/lab4/install/mav_system_msgs/share/ament_index/resource_index/rosidl_interfaces/mav_system_msgs
[3.513s] -- Up-to-date symlink: /home/aimane/vnav23/labs/lab4/install/mav_system_msgs/include/mav_system_msgs/mav_system_msgs/msg/cpu_info.h
[3.514s] -- Up-to-date symlink: /home/aimane/vnav23/labs/lab4/install/mav_system_msgs/include/mav_system_msgs/mav_system_msgs/msg/detail/cpu_info__functions.h
[3.514s] -- Up-to-date symlink: /home/aimane/vnav23/labs/lab4/install/mav_system_msgs/include/mav_system_msgs/mav_system_msgs/msg/detail/cpu_info__struct.h
[3.526s] -- Up-to-date symlink: /home/aimane/vnav23/labs/lab4/install/mav_system_msgs/include/mav_system_msgs/mav_system_msgs/msg/detail/cpu_info__type_support.h
[3.546s] -- Up-to-date symlink: /home/aimane/vnav23/labs/lab4/install/mav_system_msgs/include/mav_system_msgs/mav_system_msgs/msg/detail/process_info__functions.h
[3.546s] -- Up-to-date symlink: /home/aimane/vnav23/labs/lab4/install/mav_system_msgs/include/mav_system_msgs/mav_system_msgs/msg/detail/process_info__struct.h
[3.575s] -- Up-to-date symlink: /home/aimane/vnav23/labs/lab4/install/mav_system_msgs/include/mav_system_msgs/mav_system_msgs/msg/detail/process_info__type_support.h
[3.575s] -- Up-to-date symlink: /home/aimane/vnav23/labs/lab4/install/mav_system_msgs/include/mav_system_msgs/mav_system_msgs/msg/process_info.h
[3.575s] -- Up-to-date symlink: /home/aimane/vnav23/labs/lab4/install/mav_system_msgs/include/mav_system_msgs/mav_system_msgs/msg/rosidl_generator_c__visibility_control.h
[3.606s] -- Up-to-date symlink: /home/aimane/vnav23/labs/lab4/install/mav_system_msgs/share/mav_system_msgs/environment/library_path.sh
[3.629s] -- Up-to-date symlink: /home/aimane/vnav23/labs/lab4/install/mav_system_msgs/share/mav_system_msgs/environment/library_path.dsv
[3.630s] -- Up-to-date symlink: /home/aimane/vnav23/labs/lab4/install/mav_system_msgs/include/mav_system_msgs/mav_system_msgs/msg/detail/cpu_info__rosidl_typesupport_fastrtps_c.h
[3.630s] -- Up-to-date symlink: /home/aimane/vnav23/labs/lab4/install/mav_system_msgs/include/mav_system_msgs/mav_system_msgs/msg/detail/process_info__rosidl_typesupport_fastrtps_c.h
[3.630s] -- Up-to-date symlink: /home/aimane/vnav23/labs/lab4/install/mav_system_msgs/include/mav_system_msgs/mav_system_msgs/msg/rosidl_typesupport_fastrtps_c__visibility_control.h
[3.630s] -- Up-to-date symlink: /home/aimane/vnav23/labs/lab4/install/mav_system_msgs/include/mav_system_msgs/mav_system_msgs/msg/cpu_info.hpp
[3.631s] -- Up-to-date symlink: /home/aimane/vnav23/labs/lab4/install/mav_system_msgs/include/mav_system_msgs/mav_system_msgs/msg/detail/cpu_info__builder.hpp
[3.631s] -- Up-to-date symlink: /home/aimane/vnav23/labs/lab4/install/mav_system_msgs/include/mav_system_msgs/mav_system_msgs/msg/detail/cpu_info__struct.hpp
[3.675s] -- Up-to-date symlink: /home/aimane/vnav23/labs/lab4/install/mav_system_msgs/include/mav_system_msgs/mav_system_msgs/msg/detail/cpu_info__traits.hpp
[3.675s] -- Up-to-date symlink: /home/aimane/vnav23/labs/lab4/install/mav_system_msgs/include/mav_system_msgs/mav_system_msgs/msg/detail/cpu_info__type_support.hpp
[3.676s] -- Up-to-date symlink: /home/aimane/vnav23/labs/lab4/install/mav_system_msgs/include/mav_system_msgs/mav_system_msgs/msg/detail/process_info__builder.hpp
[3.676s] -- Up-to-date symlink: /home/aimane/vnav23/labs/lab4/install/mav_system_msgs/include/mav_system_msgs/mav_system_msgs/msg/detail/process_info__struct.hpp
[3.676s] -- Up-to-date symlink: /home/aimane/vnav23/labs/lab4/install/mav_system_msgs/include/mav_system_msgs/mav_system_msgs/msg/detail/process_info__traits.hpp
[3.677s] -- Up-to-date symlink: /home/aimane/vnav23/labs/lab4/install/mav_system_msgs/include/mav_system_msgs/mav_system_msgs/msg/detail/process_info__type_support.hpp
[3.677s] -- Up-to-date symlink: /home/aimane/vnav23/labs/lab4/install/mav_system_msgs/include/mav_system_msgs/mav_system_msgs/msg/process_info.hpp
[3.677s] -- Up-to-date symlink: /home/aimane/vnav23/labs/lab4/install/mav_system_msgs/include/mav_system_msgs/mav_system_msgs/msg/rosidl_generator_cpp__visibility_control.hpp
[3.697s] -- Up-to-date symlink: /home/aimane/vnav23/labs/lab4/install/mav_system_msgs/include/mav_system_msgs/mav_system_msgs/msg/detail/cpu_info__rosidl_typesupport_fastrtps_cpp.hpp
[3.697s] -- Up-to-date symlink: /home/aimane/vnav23/labs/lab4/install/mav_system_msgs/include/mav_system_msgs/mav_system_msgs/msg/detail/process_info__rosidl_typesupport_fastrtps_cpp.hpp
[3.697s] -- Up-to-date symlink: /home/aimane/vnav23/labs/lab4/install/mav_system_msgs/include/mav_system_msgs/mav_system_msgs/msg/rosidl_typesupport_fastrtps_cpp__visibility_control.h
[3.697s] -- Up-to-date symlink: /home/aimane/vnav23/labs/lab4/install/mav_system_msgs/include/mav_system_msgs/mav_system_msgs/msg/detail/cpu_info__rosidl_typesupport_introspection_c.h
[3.701s] -- Up-to-date symlink: /home/aimane/vnav23/labs/lab4/install/mav_system_msgs/include/mav_system_msgs/mav_system_msgs/msg/detail/process_info__rosidl_typesupport_introspection_c.h
[3.702s] -- Up-to-date symlink: /home/aimane/vnav23/labs/lab4/install/mav_system_msgs/include/mav_system_msgs/mav_system_msgs/msg/rosidl_typesupport_introspection_c__visibility_control.h
[3.702s] -- Up-to-date symlink: /home/aimane/vnav23/labs/lab4/install/mav_system_msgs/include/mav_system_msgs/mav_system_msgs/msg/detail/cpu_info__rosidl_typesupport_introspection_cpp.hpp
[3.702s] -- Up-to-date symlink: /home/aimane/vnav23/labs/lab4/install/mav_system_msgs/include/mav_system_msgs/mav_system_msgs/msg/detail/process_info__rosidl_typesupport_introspection_cpp.hpp
[3.702s] -- Up-to-date symlink: /home/aimane/vnav23/labs/lab4/install/mav_system_msgs/share/mav_system_msgs/msg/CpuInfo.idl
[3.703s] -- Up-to-date symlink: /home/aimane/vnav23/labs/lab4/install/mav_system_msgs/share/mav_system_msgs/msg/ProcessInfo.idl
[3.703s] -- Up-to-date symlink: /home/aimane/vnav23/labs/lab4/install/mav_system_msgs/share/mav_system_msgs/msg/CpuInfo.msg
[3.703s] -- Up-to-date symlink: /home/aimane/vnav23/labs/lab4/install/mav_system_msgs/share/mav_system_msgs/msg/ProcessInfo.msg
[3.703s] -- Up-to-date symlink: /home/aimane/vnav23/labs/lab4/install/mav_system_msgs/share/ament_index/resource_index/package_run_dependencies/mav_system_msgs
[3.703s] -- Up-to-date symlink: /home/aimane/vnav23/labs/lab4/install/mav_system_msgs/share/ament_index/resource_index/parent_prefix_path/mav_system_msgs
[3.703s] -- Up-to-date symlink: /home/aimane/vnav23/labs/lab4/install/mav_system_msgs/share/mav_system_msgs/environment/ament_prefix_path.sh
[3.704s] -- Up-to-date symlink: /home/aimane/vnav23/labs/lab4/install/mav_system_msgs/share/mav_system_msgs/environment/ament_prefix_path.dsv
[3.704s] -- Up-to-date symlink: /home/aimane/vnav23/labs/lab4/install/mav_system_msgs/share/mav_system_msgs/environment/path.sh
[3.704s] -- Up-to-date symlink: /home/aimane/vnav23/labs/lab4/install/mav_system_msgs/share/mav_system_msgs/environment/path.dsv
[3.704s] -- Up-to-date symlink: /home/aimane/vnav23/labs/lab4/install/mav_system_msgs/share/mav_system_msgs/local_setup.bash
[3.704s] -- Up-to-date symlink: /home/aimane/vnav23/labs/lab4/install/mav_system_msgs/share/mav_system_msgs/local_setup.sh
[3.705s] -- Up-to-date symlink: /home/aimane/vnav23/labs/lab4/install/mav_system_msgs/share/mav_system_msgs/local_setup.zsh
[3.705s] -- Up-to-date symlink: /home/aimane/vnav23/labs/lab4/install/mav_system_msgs/share/mav_system_msgs/local_setup.dsv
[3.705s] -- Symlinking: /home/aimane/vnav23/labs/lab4/install/mav_system_msgs/share/mav_system_msgs/package.dsv
[3.876s] -- Up-to-date symlink: /home/aimane/vnav23/labs/lab4/install/mav_system_msgs/share/ament_index/resource_index/packages/mav_system_msgs
[3.885s] -- Up-to-date symlink: /home/aimane/vnav23/labs/lab4/install/mav_system_msgs/share/mav_system_msgs/cmake/rosidl_cmake-extras.cmake
[3.892s] -- Up-to-date symlink: /home/aimane/vnav23/labs/lab4/install/mav_system_msgs/share/mav_system_msgs/cmake/ament_cmake_export_dependencies-extras.cmake
[3.899s] -- Up-to-date symlink: /home/aimane/vnav23/labs/lab4/install/mav_system_msgs/share/mav_system_msgs/cmake/ament_cmake_export_include_directories-extras.cmake
[3.899s] -- Up-to-date symlink: /home/aimane/vnav23/labs/lab4/install/mav_system_msgs/share/mav_system_msgs/cmake/ament_cmake_export_libraries-extras.cmake
[3.907s] -- Up-to-date symlink: /home/aimane/vnav23/labs/lab4/install/mav_system_msgs/share/mav_system_msgs/cmake/ament_cmake_export_targets-extras.cmake
[3.907s] -- Up-to-date symlink: /home/aimane/vnav23/labs/lab4/install/mav_system_msgs/share/mav_system_msgs/cmake/rosidl_cmake_export_typesupport_targets-extras.cmake
[3.910s] -- Up-to-date symlink: /home/aimane/vnav23/labs/lab4/install/mav_system_msgs/share/mav_system_msgs/cmake/rosidl_cmake_export_typesupport_libraries-extras.cmake
[3.914s] -- Up-to-date symlink: /home/aimane/vnav23/labs/lab4/install/mav_system_msgs/share/mav_system_msgs/cmake/mav_system_msgsConfig.cmake
[3.915s] -- Up-to-date symlink: /home/aimane/vnav23/labs/lab4/install/mav_system_msgs/share/mav_system_msgs/cmake/mav_system_msgsConfig-version.cmake
[3.915s] -- Up-to-date symlink: /home/aimane/vnav23/labs/lab4/install/mav_system_msgs/share/mav_system_msgs/package.xml
[3.925s] -- Up-to-date: /home/aimane/vnav23/labs/lab4/install/mav_system_msgs/lib/libmav_system_msgs__rosidl_generator_c.so
[3.930s] -- Up-to-date: /home/aimane/vnav23/labs/lab4/install/mav_system_msgs/lib/libmav_system_msgs__rosidl_typesupport_fastrtps_c.so
[3.931s] -- Up-to-date: /home/aimane/vnav23/labs/lab4/install/mav_system_msgs/lib/libmav_system_msgs__rosidl_typesupport_fastrtps_cpp.so
[3.939s] -- Up-to-date: /home/aimane/vnav23/labs/lab4/install/mav_system_msgs/lib/libmav_system_msgs__rosidl_typesupport_introspection_c.so
[3.953s] -- Up-to-date: /home/aimane/vnav23/labs/lab4/install/mav_system_msgs/lib/libmav_system_msgs__rosidl_typesupport_c.so
[3.961s] -- Up-to-date: /home/aimane/vnav23/labs/lab4/install/mav_system_msgs/lib/libmav_system_msgs__rosidl_typesupport_introspection_cpp.so
[3.961s] -- Up-to-date: /home/aimane/vnav23/labs/lab4/install/mav_system_msgs/lib/libmav_system_msgs__rosidl_typesupport_cpp.so
[3.971s] -- Up-to-date: /home/aimane/vnav23/labs/lab4/install/mav_system_msgs/share/mav_system_msgs/cmake/export_mav_system_msgs__rosidl_generator_cExport.cmake
[3.972s] -- Up-to-date: /home/aimane/vnav23/labs/lab4/install/mav_system_msgs/share/mav_system_msgs/cmake/export_mav_system_msgs__rosidl_generator_cExport-noconfig.cmake
[3.974s] -- Up-to-date: /home/aimane/vnav23/labs/lab4/install/mav_system_msgs/share/mav_system_msgs/cmake/export_mav_system_msgs__rosidl_typesupport_fastrtps_cExport.cmake
[3.976s] -- Up-to-date: /home/aimane/vnav23/labs/lab4/install/mav_system_msgs/share/mav_system_msgs/cmake/export_mav_system_msgs__rosidl_typesupport_fastrtps_cExport-noconfig.cmake
[3.983s] -- Up-to-date: /home/aimane/vnav23/labs/lab4/install/mav_system_msgs/share/mav_system_msgs/cmake/export_mav_system_msgs__rosidl_generator_cppExport.cmake
[3.984s] -- Up-to-date: /home/aimane/vnav23/labs/lab4/install/mav_system_msgs/share/mav_system_msgs/cmake/export_mav_system_msgs__rosidl_typesupport_fastrtps_cppExport.cmake
[3.984s] -- Up-to-date: /home/aimane/vnav23/labs/lab4/install/mav_system_msgs/share/mav_system_msgs/cmake/export_mav_system_msgs__rosidl_typesupport_fastrtps_cppExport-noconfig.cmake
[3.984s] -- Up-to-date: /home/aimane/vnav23/labs/lab4/install/mav_system_msgs/share/mav_system_msgs/cmake/mav_system_msgs__rosidl_typesupport_introspection_cExport.cmake
[3.989s] -- Up-to-date: /home/aimane/vnav23/labs/lab4/install/mav_system_msgs/share/mav_system_msgs/cmake/mav_system_msgs__rosidl_typesupport_introspection_cExport-noconfig.cmake
[3.991s] -- Up-to-date: /home/aimane/vnav23/labs/lab4/install/mav_system_msgs/share/mav_system_msgs/cmake/mav_system_msgs__rosidl_typesupport_cExport.cmake
[3.992s] -- Up-to-date: /home/aimane/vnav23/labs/lab4/install/mav_system_msgs/share/mav_system_msgs/cmake/mav_system_msgs__rosidl_typesupport_cExport-noconfig.cmake
[3.996s] -- Up-to-date: /home/aimane/vnav23/labs/lab4/install/mav_system_msgs/share/mav_system_msgs/cmake/mav_system_msgs__rosidl_typesupport_introspection_cppExport.cmake
[3.997s] -- Up-to-date: /home/aimane/vnav23/labs/lab4/install/mav_system_msgs/share/mav_system_msgs/cmake/mav_system_msgs__rosidl_typesupport_introspection_cppExport-noconfig.cmake
[4.010s] -- Up-to-date: /home/aimane/vnav23/labs/lab4/install/mav_system_msgs/share/mav_system_msgs/cmake/mav_system_msgs__rosidl_typesupport_cppExport.cmake
[4.010s] -- Up-to-date: /home/aimane/vnav23/labs/lab4/install/mav_system_msgs/share/mav_system_msgs/cmake/mav_system_msgs__rosidl_typesupport_cppExport-noconfig.cmake
[4.043s] Invoked command in '/home/aimane/vnav23/labs/lab4/build/mav_system_msgs' returned '0': CMAKE_PREFIX_PATH=/home/aimane/vnav23/labs/lab4/install/trajectory_generation:/home/aimane/vnav23/labs/lab4/install/tesse_msgs:/home/aimane/vnav23/labs/lab4/install/planner_pkg:/home/aimane/vnav23/labs/lab4/install/tesse_ros_bridge:/opt/ros/humble:/home/aimane/vnav23/labs/lab4/install/mav_visualization:/home/aimane/vnav23/labs/lab4/install/mav_trajectory_generation:/home/aimane/vnav23/labs/lab4/install/mav_comm:/home/aimane/vnav23/labs/lab4/install/mav_system_msgs:/home/aimane/vnav23/labs/lab4/install/mav_state_machine_msgs:/home/aimane/vnav23/labs/lab4/install/mav_planning_msgs:/home/aimane/vnav23/labs/lab4/install/controller_pkg:/home/aimane/vnav23/labs/lab4/install/mav_msgs:/home/aimane/mavros_ws/install/mavros_extras:/home/aimane/mavros_ws/install/mavros_examples:/home/aimane/mavros_ws/install/mavros:/home/aimane/mavros_ws/install/mavros_msgs:/home/aimane/mavros_ws/install/libmavconn /usr/bin/cmake --install /home/aimane/vnav23/labs/lab4/build/mav_system_msgs
