[0.077s] Invoking command in '/home/aimane/vnav23/labs/lab4/build/mav_msgs': CMAKE_PREFIX_PATH=/home/aimane/vnav23/labs/lab4/install/trajectory_generation:/home/aimane/vnav23/labs/lab4/install/tesse_msgs:/home/aimane/vnav23/labs/lab4/install/planner_pkg:/home/aimane/vnav23/labs/lab4/install/tesse_ros_bridge:/opt/ros/humble:/home/aimane/vnav23/labs/lab4/install/mav_visualization:/home/aimane/vnav23/labs/lab4/install/mav_trajectory_generation:/home/aimane/vnav23/labs/lab4/install/mav_comm:/home/aimane/vnav23/labs/lab4/install/mav_system_msgs:/home/aimane/vnav23/labs/lab4/install/mav_state_machine_msgs:/home/aimane/vnav23/labs/lab4/install/mav_planning_msgs:/home/aimane/vnav23/labs/lab4/install/controller_pkg:/home/aimane/vnav23/labs/lab4/install/mav_msgs:/home/aimane/mavros_ws/install/mavros_extras:/home/aimane/mavros_ws/install/mavros_examples:/home/aimane/mavros_ws/install/mavros:/home/aimane/mavros_ws/install/mavros_msgs:/home/aimane/mavros_ws/install/libmavconn /usr/bin/cmake --build /home/aimane/vnav23/labs/lab4/build/mav_msgs -- -j8 -l8
[0.608s] [  1%] Built target mav_msgs__cpp
[0.609s] [ 12%] Built target mav_msgs__rosidl_generator_c
[0.610s] [ 12%] Built target ament_cmake_python_symlink_mav_msgs
[0.611s] [ 24%] Built target mav_msgs__rosidl_typesupport_fastrtps_cpp
[0.612s] [ 35%] Built target mav_msgs__rosidl_typesupport_cpp
[0.612s] [ 47%] Built target mav_msgs__rosidl_typesupport_fastrtps_c
[0.612s] [ 58%] Built target mav_msgs__rosidl_typesupport_introspection_c
[0.612s] [ 70%] Built target mav_msgs__rosidl_typesupport_c
[0.613s] [ 81%] Built target mav_msgs__rosidl_typesupport_introspection_cpp
[0.613s] [ 81%] Built target mav_msgs
[0.614s] [ 82%] Built target mav_msgs__py
[0.614s] [ 93%] Built target mav_msgs__rosidl_generator_py
[0.614s] [ 95%] Built target mav_msgs__rosidl_typesupport_fastrtps_c__pyext
[0.614s] [ 97%] Built target mav_msgs__rosidl_typesupport_c__pyext
[0.614s] [100%] Built target mav_msgs__rosidl_typesupport_introspection_c__pyext
[0.683s] running egg_info
[0.716s] writing mav_msgs.egg-info/PKG-INFO
[0.717s] writing dependency_links to mav_msgs.egg-info/dependency_links.txt
[0.717s] writing top-level names to mav_msgs.egg-info/top_level.txt
[0.827s] reading manifest file 'mav_msgs.egg-info/SOURCES.txt'
[0.830s] writing manifest file 'mav_msgs.egg-info/SOURCES.txt'
[0.901s] [100%] Built target ament_cmake_python_build_mav_msgs_egg
[1.165s] Invoked command in '/home/aimane/vnav23/labs/lab4/build/mav_msgs' returned '0': CMAKE_PREFIX_PATH=/home/aimane/vnav23/labs/lab4/install/trajectory_generation:/home/aimane/vnav23/labs/lab4/install/tesse_msgs:/home/aimane/vnav23/labs/lab4/install/planner_pkg:/home/aimane/vnav23/labs/lab4/install/tesse_ros_bridge:/opt/ros/humble:/home/aimane/vnav23/labs/lab4/install/mav_visualization:/home/aimane/vnav23/labs/lab4/install/mav_trajectory_generation:/home/aimane/vnav23/labs/lab4/install/mav_comm:/home/aimane/vnav23/labs/lab4/install/mav_system_msgs:/home/aimane/vnav23/labs/lab4/install/mav_state_machine_msgs:/home/aimane/vnav23/labs/lab4/install/mav_planning_msgs:/home/aimane/vnav23/labs/lab4/install/controller_pkg:/home/aimane/vnav23/labs/lab4/install/mav_msgs:/home/aimane/mavros_ws/install/mavros_extras:/home/aimane/mavros_ws/install/mavros_examples:/home/aimane/mavros_ws/install/mavros:/home/aimane/mavros_ws/install/mavros_msgs:/home/aimane/mavros_ws/install/libmavconn /usr/bin/cmake --build /home/aimane/vnav23/labs/lab4/build/mav_msgs -- -j8 -l8
[1.166s] Invoking command in '/home/aimane/vnav23/labs/lab4/build/mav_msgs': CMAKE_PREFIX_PATH=/home/aimane/vnav23/labs/lab4/install/trajectory_generation:/home/aimane/vnav23/labs/lab4/install/tesse_msgs:/home/aimane/vnav23/labs/lab4/install/planner_pkg:/home/aimane/vnav23/labs/lab4/install/tesse_ros_bridge:/opt/ros/humble:/home/aimane/vnav23/labs/lab4/install/mav_visualization:/home/aimane/vnav23/labs/lab4/install/mav_trajectory_generation:/home/aimane/vnav23/labs/lab4/install/mav_comm:/home/aimane/vnav23/labs/lab4/install/mav_system_msgs:/home/aimane/vnav23/labs/lab4/install/mav_state_machine_msgs:/home/aimane/vnav23/labs/lab4/install/mav_planning_msgs:/home/aimane/vnav23/labs/lab4/install/controller_pkg:/home/aimane/vnav23/labs/lab4/install/mav_msgs:/home/aimane/mavros_ws/install/mavros_extras:/home/aimane/mavros_ws/install/mavros_examples:/home/aimane/mavros_ws/install/mavros:/home/aimane/mavros_ws/install/mavros_msgs:/home/aimane/mavros_ws/install/libmavconn /usr/bin/cmake --install /home/aimane/vnav23/labs/lab4/build/mav_msgs
[1.177s] -- Install configuration: ""
[1.178s] -- Execute custom install script
[1.179s] -- Up-to-date symlink: /home/aimane/vnav23/labs/lab4/install/mav_msgs/share/ament_index/resource_index/rosidl_interfaces/mav_msgs
[1.180s] -- Up-to-date symlink: /home/aimane/vnav23/labs/lab4/install/mav_msgs/include/mav_msgs/mav_msgs/msg/actuators.h
[1.180s] -- Up-to-date symlink: /home/aimane/vnav23/labs/lab4/install/mav_msgs/include/mav_msgs/mav_msgs/msg/attitude_thrust.h
[1.181s] -- Up-to-date symlink: /home/aimane/vnav23/labs/lab4/install/mav_msgs/include/mav_msgs/mav_msgs/msg/detail/actuators__functions.h
[1.181s] -- Up-to-date symlink: /home/aimane/vnav23/labs/lab4/install/mav_msgs/include/mav_msgs/mav_msgs/msg/detail/actuators__struct.h
[1.181s] -- Up-to-date symlink: /home/aimane/vnav23/labs/lab4/install/mav_msgs/include/mav_msgs/mav_msgs/msg/detail/actuators__type_support.h
[1.181s] -- Up-to-date symlink: /home/aimane/vnav23/labs/lab4/install/mav_msgs/include/mav_msgs/mav_msgs/msg/detail/attitude_thrust__functions.h
[1.181s] -- Up-to-date symlink: /home/aimane/vnav23/labs/lab4/install/mav_msgs/include/mav_msgs/mav_msgs/msg/detail/attitude_thrust__struct.h
[1.182s] -- Up-to-date symlink: /home/aimane/vnav23/labs/lab4/install/mav_msgs/include/mav_msgs/mav_msgs/msg/detail/attitude_thrust__type_support.h
[1.182s] -- Up-to-date symlink: /home/aimane/vnav23/labs/lab4/install/mav_msgs/include/mav_msgs/mav_msgs/msg/detail/filtered_sensor_data__functions.h
[1.182s] -- Up-to-date symlink: /home/aimane/vnav23/labs/lab4/install/mav_msgs/include/mav_msgs/mav_msgs/msg/detail/filtered_sensor_data__struct.h
[1.183s] -- Up-to-date symlink: /home/aimane/vnav23/labs/lab4/install/mav_msgs/include/mav_msgs/mav_msgs/msg/detail/filtered_sensor_data__type_support.h
[1.183s] -- Up-to-date symlink: /home/aimane/vnav23/labs/lab4/install/mav_msgs/include/mav_msgs/mav_msgs/msg/detail/gps_waypoint__functions.h
[1.183s] -- Up-to-date symlink: /home/aimane/vnav23/labs/lab4/install/mav_msgs/include/mav_msgs/mav_msgs/msg/detail/gps_waypoint__struct.h
[1.184s] -- Up-to-date symlink: /home/aimane/vnav23/labs/lab4/install/mav_msgs/include/mav_msgs/mav_msgs/msg/detail/gps_waypoint__type_support.h
[1.184s] -- Up-to-date symlink: /home/aimane/vnav23/labs/lab4/install/mav_msgs/include/mav_msgs/mav_msgs/msg/detail/rate_thrust__functions.h
[1.184s] -- Up-to-date symlink: /home/aimane/vnav23/labs/lab4/install/mav_msgs/include/mav_msgs/mav_msgs/msg/detail/rate_thrust__struct.h
[1.185s] -- Up-to-date symlink: /home/aimane/vnav23/labs/lab4/install/mav_msgs/include/mav_msgs/mav_msgs/msg/detail/rate_thrust__type_support.h
[1.185s] -- Up-to-date symlink: /home/aimane/vnav23/labs/lab4/install/mav_msgs/include/mav_msgs/mav_msgs/msg/detail/roll_pitch_yawrate_thrust__functions.h
[1.185s] -- Up-to-date symlink: /home/aimane/vnav23/labs/lab4/install/mav_msgs/include/mav_msgs/mav_msgs/msg/detail/roll_pitch_yawrate_thrust__struct.h
[1.185s] -- Up-to-date symlink: /home/aimane/vnav23/labs/lab4/install/mav_msgs/include/mav_msgs/mav_msgs/msg/detail/roll_pitch_yawrate_thrust__type_support.h
[1.186s] -- Up-to-date symlink: /home/aimane/vnav23/labs/lab4/install/mav_msgs/include/mav_msgs/mav_msgs/msg/detail/status__functions.h
[1.186s] -- Up-to-date symlink: /home/aimane/vnav23/labs/lab4/install/mav_msgs/include/mav_msgs/mav_msgs/msg/detail/status__struct.h
[1.186s] -- Up-to-date symlink: /home/aimane/vnav23/labs/lab4/install/mav_msgs/include/mav_msgs/mav_msgs/msg/detail/status__type_support.h
[1.187s] -- Up-to-date symlink: /home/aimane/vnav23/labs/lab4/install/mav_msgs/include/mav_msgs/mav_msgs/msg/detail/torque_thrust__functions.h
[1.187s] -- Up-to-date symlink: /home/aimane/vnav23/labs/lab4/install/mav_msgs/include/mav_msgs/mav_msgs/msg/detail/torque_thrust__struct.h
[1.187s] -- Up-to-date symlink: /home/aimane/vnav23/labs/lab4/install/mav_msgs/include/mav_msgs/mav_msgs/msg/detail/torque_thrust__type_support.h
[1.188s] -- Up-to-date symlink: /home/aimane/vnav23/labs/lab4/install/mav_msgs/include/mav_msgs/mav_msgs/msg/filtered_sensor_data.h
[1.188s] -- Up-to-date symlink: /home/aimane/vnav23/labs/lab4/install/mav_msgs/include/mav_msgs/mav_msgs/msg/gps_waypoint.h
[1.188s] -- Up-to-date symlink: /home/aimane/vnav23/labs/lab4/install/mav_msgs/include/mav_msgs/mav_msgs/msg/rate_thrust.h
[1.189s] -- Up-to-date symlink: /home/aimane/vnav23/labs/lab4/install/mav_msgs/include/mav_msgs/mav_msgs/msg/roll_pitch_yawrate_thrust.h
[1.189s] -- Up-to-date symlink: /home/aimane/vnav23/labs/lab4/install/mav_msgs/include/mav_msgs/mav_msgs/msg/rosidl_generator_c__visibility_control.h
[1.189s] -- Up-to-date symlink: /home/aimane/vnav23/labs/lab4/install/mav_msgs/include/mav_msgs/mav_msgs/msg/status.h
[1.189s] -- Up-to-date symlink: /home/aimane/vnav23/labs/lab4/install/mav_msgs/include/mav_msgs/mav_msgs/msg/torque_thrust.h
[1.190s] -- Up-to-date symlink: /home/aimane/vnav23/labs/lab4/install/mav_msgs/share/mav_msgs/environment/library_path.sh
[1.190s] -- Up-to-date symlink: /home/aimane/vnav23/labs/lab4/install/mav_msgs/share/mav_msgs/environment/library_path.dsv
[1.192s] -- Up-to-date symlink: /home/aimane/vnav23/labs/lab4/install/mav_msgs/include/mav_msgs/mav_msgs/msg/detail/actuators__rosidl_typesupport_fastrtps_c.h
[1.192s] -- Up-to-date symlink: /home/aimane/vnav23/labs/lab4/install/mav_msgs/include/mav_msgs/mav_msgs/msg/detail/attitude_thrust__rosidl_typesupport_fastrtps_c.h
[1.192s] -- Up-to-date symlink: /home/aimane/vnav23/labs/lab4/install/mav_msgs/include/mav_msgs/mav_msgs/msg/detail/filtered_sensor_data__rosidl_typesupport_fastrtps_c.h
[1.192s] -- Up-to-date symlink: /home/aimane/vnav23/labs/lab4/install/mav_msgs/include/mav_msgs/mav_msgs/msg/detail/gps_waypoint__rosidl_typesupport_fastrtps_c.h
[1.193s] -- Up-to-date symlink: /home/aimane/vnav23/labs/lab4/install/mav_msgs/include/mav_msgs/mav_msgs/msg/detail/rate_thrust__rosidl_typesupport_fastrtps_c.h
[1.193s] -- Up-to-date symlink: /home/aimane/vnav23/labs/lab4/install/mav_msgs/include/mav_msgs/mav_msgs/msg/detail/roll_pitch_yawrate_thrust__rosidl_typesupport_fastrtps_c.h
[1.193s] -- Up-to-date symlink: /home/aimane/vnav23/labs/lab4/install/mav_msgs/include/mav_msgs/mav_msgs/msg/detail/status__rosidl_typesupport_fastrtps_c.h
[1.193s] -- Up-to-date symlink: /home/aimane/vnav23/labs/lab4/install/mav_msgs/include/mav_msgs/mav_msgs/msg/detail/torque_thrust__rosidl_typesupport_fastrtps_c.h
[1.194s] -- Up-to-date symlink: /home/aimane/vnav23/labs/lab4/install/mav_msgs/include/mav_msgs/mav_msgs/msg/rosidl_typesupport_fastrtps_c__visibility_control.h
[1.195s] -- Up-to-date symlink: /home/aimane/vnav23/labs/lab4/install/mav_msgs/include/mav_msgs/mav_msgs/msg/detail/actuators__rosidl_typesupport_introspection_c.h
[1.195s] -- Up-to-date symlink: /home/aimane/vnav23/labs/lab4/install/mav_msgs/include/mav_msgs/mav_msgs/msg/detail/attitude_thrust__rosidl_typesupport_introspection_c.h
[1.195s] -- Up-to-date symlink: /home/aimane/vnav23/labs/lab4/install/mav_msgs/include/mav_msgs/mav_msgs/msg/detail/filtered_sensor_data__rosidl_typesupport_introspection_c.h
[1.196s] -- Up-to-date symlink: /home/aimane/vnav23/labs/lab4/install/mav_msgs/include/mav_msgs/mav_msgs/msg/detail/gps_waypoint__rosidl_typesupport_introspection_c.h
[1.196s] -- Up-to-date symlink: /home/aimane/vnav23/labs/lab4/install/mav_msgs/include/mav_msgs/mav_msgs/msg/detail/rate_thrust__rosidl_typesupport_introspection_c.h
[1.196s] -- Up-to-date symlink: /home/aimane/vnav23/labs/lab4/install/mav_msgs/include/mav_msgs/mav_msgs/msg/detail/roll_pitch_yawrate_thrust__rosidl_typesupport_introspection_c.h
[1.196s] -- Up-to-date symlink: /home/aimane/vnav23/labs/lab4/install/mav_msgs/include/mav_msgs/mav_msgs/msg/detail/status__rosidl_typesupport_introspection_c.h
[1.196s] -- Up-to-date symlink: /home/aimane/vnav23/labs/lab4/install/mav_msgs/include/mav_msgs/mav_msgs/msg/detail/torque_thrust__rosidl_typesupport_introspection_c.h
[1.197s] -- Up-to-date symlink: /home/aimane/vnav23/labs/lab4/install/mav_msgs/include/mav_msgs/mav_msgs/msg/rosidl_typesupport_introspection_c__visibility_control.h
[1.198s] -- Up-to-date symlink: /home/aimane/vnav23/labs/lab4/install/mav_msgs/include/mav_msgs/mav_msgs/msg/actuators.hpp
[1.199s] -- Up-to-date symlink: /home/aimane/vnav23/labs/lab4/install/mav_msgs/include/mav_msgs/mav_msgs/msg/attitude_thrust.hpp
[1.199s] -- Up-to-date symlink: /home/aimane/vnav23/labs/lab4/install/mav_msgs/include/mav_msgs/mav_msgs/msg/detail/actuators__builder.hpp
[1.199s] -- Up-to-date symlink: /home/aimane/vnav23/labs/lab4/install/mav_msgs/include/mav_msgs/mav_msgs/msg/detail/actuators__struct.hpp
[1.199s] -- Up-to-date symlink: /home/aimane/vnav23/labs/lab4/install/mav_msgs/include/mav_msgs/mav_msgs/msg/detail/actuators__traits.hpp
[1.200s] -- Up-to-date symlink: /home/aimane/vnav23/labs/lab4/install/mav_msgs/include/mav_msgs/mav_msgs/msg/detail/actuators__type_support.hpp
[1.200s] -- Up-to-date symlink: /home/aimane/vnav23/labs/lab4/install/mav_msgs/include/mav_msgs/mav_msgs/msg/detail/attitude_thrust__builder.hpp
[1.200s] -- Up-to-date symlink: /home/aimane/vnav23/labs/lab4/install/mav_msgs/include/mav_msgs/mav_msgs/msg/detail/attitude_thrust__struct.hpp
[1.200s] -- Up-to-date symlink: /home/aimane/vnav23/labs/lab4/install/mav_msgs/include/mav_msgs/mav_msgs/msg/detail/attitude_thrust__traits.hpp
[1.201s] -- Up-to-date symlink: /home/aimane/vnav23/labs/lab4/install/mav_msgs/include/mav_msgs/mav_msgs/msg/detail/attitude_thrust__type_support.hpp
[1.201s] -- Up-to-date symlink: /home/aimane/vnav23/labs/lab4/install/mav_msgs/include/mav_msgs/mav_msgs/msg/detail/filtered_sensor_data__builder.hpp
[1.201s] -- Up-to-date symlink: /home/aimane/vnav23/labs/lab4/install/mav_msgs/include/mav_msgs/mav_msgs/msg/detail/filtered_sensor_data__struct.hpp
[1.201s] -- Up-to-date symlink: /home/aimane/vnav23/labs/lab4/install/mav_msgs/include/mav_msgs/mav_msgs/msg/detail/filtered_sensor_data__traits.hpp
[1.202s] -- Up-to-date symlink: /home/aimane/vnav23/labs/lab4/install/mav_msgs/include/mav_msgs/mav_msgs/msg/detail/filtered_sensor_data__type_support.hpp
[1.202s] -- Up-to-date symlink: /home/aimane/vnav23/labs/lab4/install/mav_msgs/include/mav_msgs/mav_msgs/msg/detail/gps_waypoint__builder.hpp
[1.202s] -- Up-to-date symlink: /home/aimane/vnav23/labs/lab4/install/mav_msgs/include/mav_msgs/mav_msgs/msg/detail/gps_waypoint__struct.hpp
[1.202s] -- Up-to-date symlink: /home/aimane/vnav23/labs/lab4/install/mav_msgs/include/mav_msgs/mav_msgs/msg/detail/gps_waypoint__traits.hpp
[1.203s] -- Up-to-date symlink: /home/aimane/vnav23/labs/lab4/install/mav_msgs/include/mav_msgs/mav_msgs/msg/detail/gps_waypoint__type_support.hpp
[1.203s] -- Up-to-date symlink: /home/aimane/vnav23/labs/lab4/install/mav_msgs/include/mav_msgs/mav_msgs/msg/detail/rate_thrust__builder.hpp
[1.203s] -- Up-to-date symlink: /home/aimane/vnav23/labs/lab4/install/mav_msgs/include/mav_msgs/mav_msgs/msg/detail/rate_thrust__struct.hpp
[1.203s] -- Up-to-date symlink: /home/aimane/vnav23/labs/lab4/install/mav_msgs/include/mav_msgs/mav_msgs/msg/detail/rate_thrust__traits.hpp
[1.204s] -- Up-to-date symlink: /home/aimane/vnav23/labs/lab4/install/mav_msgs/include/mav_msgs/mav_msgs/msg/detail/rate_thrust__type_support.hpp
[1.204s] -- Up-to-date symlink: /home/aimane/vnav23/labs/lab4/install/mav_msgs/include/mav_msgs/mav_msgs/msg/detail/roll_pitch_yawrate_thrust__builder.hpp
[1.204s] -- Up-to-date symlink: /home/aimane/vnav23/labs/lab4/install/mav_msgs/include/mav_msgs/mav_msgs/msg/detail/roll_pitch_yawrate_thrust__struct.hpp
[1.204s] -- Up-to-date symlink: /home/aimane/vnav23/labs/lab4/install/mav_msgs/include/mav_msgs/mav_msgs/msg/detail/roll_pitch_yawrate_thrust__traits.hpp
[1.205s] -- Up-to-date symlink: /home/aimane/vnav23/labs/lab4/install/mav_msgs/include/mav_msgs/mav_msgs/msg/detail/roll_pitch_yawrate_thrust__type_support.hpp
[1.205s] -- Up-to-date symlink: /home/aimane/vnav23/labs/lab4/install/mav_msgs/include/mav_msgs/mav_msgs/msg/detail/status__builder.hpp
[1.205s] -- Up-to-date symlink: /home/aimane/vnav23/labs/lab4/install/mav_msgs/include/mav_msgs/mav_msgs/msg/detail/status__struct.hpp
[1.205s] -- Up-to-date symlink: /home/aimane/vnav23/labs/lab4/install/mav_msgs/include/mav_msgs/mav_msgs/msg/detail/status__traits.hpp
[1.206s] -- Up-to-date symlink: /home/aimane/vnav23/labs/lab4/install/mav_msgs/include/mav_msgs/mav_msgs/msg/detail/status__type_support.hpp
[1.206s] -- Up-to-date symlink: /home/aimane/vnav23/labs/lab4/install/mav_msgs/include/mav_msgs/mav_msgs/msg/detail/torque_thrust__builder.hpp
[1.206s] -- Up-to-date symlink: /home/aimane/vnav23/labs/lab4/install/mav_msgs/include/mav_msgs/mav_msgs/msg/detail/torque_thrust__struct.hpp
[1.206s] -- Up-to-date symlink: /home/aimane/vnav23/labs/lab4/install/mav_msgs/include/mav_msgs/mav_msgs/msg/detail/torque_thrust__traits.hpp
[1.207s] -- Up-to-date symlink: /home/aimane/vnav23/labs/lab4/install/mav_msgs/include/mav_msgs/mav_msgs/msg/detail/torque_thrust__type_support.hpp
[1.207s] -- Up-to-date symlink: /home/aimane/vnav23/labs/lab4/install/mav_msgs/include/mav_msgs/mav_msgs/msg/filtered_sensor_data.hpp
[1.207s] -- Up-to-date symlink: /home/aimane/vnav23/labs/lab4/install/mav_msgs/include/mav_msgs/mav_msgs/msg/gps_waypoint.hpp
[1.207s] -- Up-to-date symlink: /home/aimane/vnav23/labs/lab4/install/mav_msgs/include/mav_msgs/mav_msgs/msg/rate_thrust.hpp
[1.208s] -- Up-to-date symlink: /home/aimane/vnav23/labs/lab4/install/mav_msgs/include/mav_msgs/mav_msgs/msg/roll_pitch_yawrate_thrust.hpp
[1.208s] -- Up-to-date symlink: /home/aimane/vnav23/labs/lab4/install/mav_msgs/include/mav_msgs/mav_msgs/msg/rosidl_generator_cpp__visibility_control.hpp
[1.208s] -- Up-to-date symlink: /home/aimane/vnav23/labs/lab4/install/mav_msgs/include/mav_msgs/mav_msgs/msg/status.hpp
[1.208s] -- Up-to-date symlink: /home/aimane/vnav23/labs/lab4/install/mav_msgs/include/mav_msgs/mav_msgs/msg/torque_thrust.hpp
[1.211s] -- Up-to-date symlink: /home/aimane/vnav23/labs/lab4/install/mav_msgs/include/mav_msgs/mav_msgs/msg/detail/actuators__rosidl_typesupport_fastrtps_cpp.hpp
[1.214s] -- Up-to-date symlink: /home/aimane/vnav23/labs/lab4/install/mav_msgs/include/mav_msgs/mav_msgs/msg/detail/attitude_thrust__rosidl_typesupport_fastrtps_cpp.hpp
[1.218s] -- Up-to-date symlink: /home/aimane/vnav23/labs/lab4/install/mav_msgs/include/mav_msgs/mav_msgs/msg/detail/filtered_sensor_data__rosidl_typesupport_fastrtps_cpp.hpp
[1.218s] -- Up-to-date symlink: /home/aimane/vnav23/labs/lab4/install/mav_msgs/include/mav_msgs/mav_msgs/msg/detail/gps_waypoint__rosidl_typesupport_fastrtps_cpp.hpp
[1.218s] -- Up-to-date symlink: /home/aimane/vnav23/labs/lab4/install/mav_msgs/include/mav_msgs/mav_msgs/msg/detail/rate_thrust__rosidl_typesupport_fastrtps_cpp.hpp
[1.220s] -- Up-to-date symlink: /home/aimane/vnav23/labs/lab4/install/mav_msgs/include/mav_msgs/mav_msgs/msg/detail/roll_pitch_yawrate_thrust__rosidl_typesupport_fastrtps_cpp.hpp
[1.220s] -- Up-to-date symlink: /home/aimane/vnav23/labs/lab4/install/mav_msgs/include/mav_msgs/mav_msgs/msg/detail/status__rosidl_typesupport_fastrtps_cpp.hpp
[1.221s] -- Up-to-date symlink: /home/aimane/vnav23/labs/lab4/install/mav_msgs/include/mav_msgs/mav_msgs/msg/detail/torque_thrust__rosidl_typesupport_fastrtps_cpp.hpp
[1.221s] -- Up-to-date symlink: /home/aimane/vnav23/labs/lab4/install/mav_msgs/include/mav_msgs/mav_msgs/msg/rosidl_typesupport_fastrtps_cpp__visibility_control.h
[1.221s] -- Up-to-date symlink: /home/aimane/vnav23/labs/lab4/install/mav_msgs/include/mav_msgs/mav_msgs/msg/detail/actuators__rosidl_typesupport_introspection_cpp.hpp
[1.221s] -- Up-to-date symlink: /home/aimane/vnav23/labs/lab4/install/mav_msgs/include/mav_msgs/mav_msgs/msg/detail/attitude_thrust__rosidl_typesupport_introspection_cpp.hpp
[1.221s] -- Up-to-date symlink: /home/aimane/vnav23/labs/lab4/install/mav_msgs/include/mav_msgs/mav_msgs/msg/detail/filtered_sensor_data__rosidl_typesupport_introspection_cpp.hpp
[1.221s] -- Up-to-date symlink: /home/aimane/vnav23/labs/lab4/install/mav_msgs/include/mav_msgs/mav_msgs/msg/detail/gps_waypoint__rosidl_typesupport_introspection_cpp.hpp
[1.221s] -- Up-to-date symlink: /home/aimane/vnav23/labs/lab4/install/mav_msgs/include/mav_msgs/mav_msgs/msg/detail/rate_thrust__rosidl_typesupport_introspection_cpp.hpp
[1.222s] -- Up-to-date symlink: /home/aimane/vnav23/labs/lab4/install/mav_msgs/include/mav_msgs/mav_msgs/msg/detail/roll_pitch_yawrate_thrust__rosidl_typesupport_introspection_cpp.hpp
[1.222s] -- Up-to-date symlink: /home/aimane/vnav23/labs/lab4/install/mav_msgs/include/mav_msgs/mav_msgs/msg/detail/status__rosidl_typesupport_introspection_cpp.hpp
[1.222s] -- Up-to-date symlink: /home/aimane/vnav23/labs/lab4/install/mav_msgs/include/mav_msgs/mav_msgs/msg/detail/torque_thrust__rosidl_typesupport_introspection_cpp.hpp
[1.222s] -- Up-to-date symlink: /home/aimane/vnav23/labs/lab4/install/mav_msgs/share/mav_msgs/environment/pythonpath.sh
[1.223s] -- Up-to-date symlink: /home/aimane/vnav23/labs/lab4/install/mav_msgs/share/mav_msgs/environment/pythonpath.dsv
[1.223s] -- Up-to-date symlink: /home/aimane/vnav23/labs/lab4/install/mav_msgs/local/lib/python3.10/dist-packages/mav_msgs-3.3.3-py3.10.egg-info/PKG-INFO
[1.223s] -- Up-to-date symlink: /home/aimane/vnav23/labs/lab4/install/mav_msgs/local/lib/python3.10/dist-packages/mav_msgs-3.3.3-py3.10.egg-info/SOURCES.txt
[1.223s] -- Up-to-date symlink: /home/aimane/vnav23/labs/lab4/install/mav_msgs/local/lib/python3.10/dist-packages/mav_msgs-3.3.3-py3.10.egg-info/dependency_links.txt
[1.223s] -- Up-to-date symlink: /home/aimane/vnav23/labs/lab4/install/mav_msgs/local/lib/python3.10/dist-packages/mav_msgs-3.3.3-py3.10.egg-info/top_level.txt
[1.224s] -- Up-to-date symlink: /home/aimane/vnav23/labs/lab4/install/mav_msgs/local/lib/python3.10/dist-packages/mav_msgs/__init__.py
[1.227s] -- Up-to-date symlink: /home/aimane/vnav23/labs/lab4/install/mav_msgs/local/lib/python3.10/dist-packages/mav_msgs/_mav_msgs_s.ep.rosidl_typesupport_c.c
[1.228s] -- Up-to-date symlink: /home/aimane/vnav23/labs/lab4/install/mav_msgs/local/lib/python3.10/dist-packages/mav_msgs/_mav_msgs_s.ep.rosidl_typesupport_fastrtps_c.c
[1.228s] -- Up-to-date symlink: /home/aimane/vnav23/labs/lab4/install/mav_msgs/local/lib/python3.10/dist-packages/mav_msgs/_mav_msgs_s.ep.rosidl_typesupport_introspection_c.c
[1.228s] -- Up-to-date symlink: /home/aimane/vnav23/labs/lab4/install/mav_msgs/local/lib/python3.10/dist-packages/mav_msgs/libmav_msgs__rosidl_generator_py.so
[1.228s] -- Up-to-date symlink: /home/aimane/vnav23/labs/lab4/install/mav_msgs/local/lib/python3.10/dist-packages/mav_msgs/mav_msgs_s__rosidl_typesupport_c.cpython-310-x86_64-linux-gnu.so
[1.228s] -- Up-to-date symlink: /home/aimane/vnav23/labs/lab4/install/mav_msgs/local/lib/python3.10/dist-packages/mav_msgs/mav_msgs_s__rosidl_typesupport_fastrtps_c.cpython-310-x86_64-linux-gnu.so
[1.229s] -- Up-to-date symlink: /home/aimane/vnav23/labs/lab4/install/mav_msgs/local/lib/python3.10/dist-packages/mav_msgs/mav_msgs_s__rosidl_typesupport_introspection_c.cpython-310-x86_64-linux-gnu.so
[1.229s] -- Up-to-date symlink: /home/aimane/vnav23/labs/lab4/install/mav_msgs/local/lib/python3.10/dist-packages/mav_msgs/msg/__init__.py
[1.229s] -- Up-to-date symlink: /home/aimane/vnav23/labs/lab4/install/mav_msgs/local/lib/python3.10/dist-packages/mav_msgs/msg/_actuators.py
[1.229s] -- Up-to-date symlink: /home/aimane/vnav23/labs/lab4/install/mav_msgs/local/lib/python3.10/dist-packages/mav_msgs/msg/_actuators_s.c
[1.229s] -- Up-to-date symlink: /home/aimane/vnav23/labs/lab4/install/mav_msgs/local/lib/python3.10/dist-packages/mav_msgs/msg/_attitude_thrust.py
[1.229s] -- Up-to-date symlink: /home/aimane/vnav23/labs/lab4/install/mav_msgs/local/lib/python3.10/dist-packages/mav_msgs/msg/_attitude_thrust_s.c
[1.229s] -- Up-to-date symlink: /home/aimane/vnav23/labs/lab4/install/mav_msgs/local/lib/python3.10/dist-packages/mav_msgs/msg/_filtered_sensor_data.py
[1.230s] -- Up-to-date symlink: /home/aimane/vnav23/labs/lab4/install/mav_msgs/local/lib/python3.10/dist-packages/mav_msgs/msg/_filtered_sensor_data_s.c
[1.230s] -- Up-to-date symlink: /home/aimane/vnav23/labs/lab4/install/mav_msgs/local/lib/python3.10/dist-packages/mav_msgs/msg/_gps_waypoint.py
[1.230s] -- Up-to-date symlink: /home/aimane/vnav23/labs/lab4/install/mav_msgs/local/lib/python3.10/dist-packages/mav_msgs/msg/_gps_waypoint_s.c
[1.230s] -- Up-to-date symlink: /home/aimane/vnav23/labs/lab4/install/mav_msgs/local/lib/python3.10/dist-packages/mav_msgs/msg/_rate_thrust.py
[1.231s] -- Up-to-date symlink: /home/aimane/vnav23/labs/lab4/install/mav_msgs/local/lib/python3.10/dist-packages/mav_msgs/msg/_rate_thrust_s.c
[1.231s] -- Up-to-date symlink: /home/aimane/vnav23/labs/lab4/install/mav_msgs/local/lib/python3.10/dist-packages/mav_msgs/msg/_roll_pitch_yawrate_thrust.py
[1.231s] -- Up-to-date symlink: /home/aimane/vnav23/labs/lab4/install/mav_msgs/local/lib/python3.10/dist-packages/mav_msgs/msg/_roll_pitch_yawrate_thrust_s.c
[1.231s] -- Up-to-date symlink: /home/aimane/vnav23/labs/lab4/install/mav_msgs/local/lib/python3.10/dist-packages/mav_msgs/msg/_status.py
[1.231s] -- Up-to-date symlink: /home/aimane/vnav23/labs/lab4/install/mav_msgs/local/lib/python3.10/dist-packages/mav_msgs/msg/_status_s.c
[1.232s] -- Up-to-date symlink: /home/aimane/vnav23/labs/lab4/install/mav_msgs/local/lib/python3.10/dist-packages/mav_msgs/msg/_torque_thrust.py
[1.232s] -- Up-to-date symlink: /home/aimane/vnav23/labs/lab4/install/mav_msgs/local/lib/python3.10/dist-packages/mav_msgs/msg/_torque_thrust_s.c
[1.232s] -- Up-to-date symlink: /home/aimane/vnav23/labs/lab4/install/mav_msgs/local/lib/python3.10/dist-packages/mav_msgs/mav_msgs_s__rosidl_typesupport_fastrtps_c.cpython-310-x86_64-linux-gnu.so
[1.233s] -- Up-to-date symlink: /home/aimane/vnav23/labs/lab4/install/mav_msgs/local/lib/python3.10/dist-packages/mav_msgs/mav_msgs_s__rosidl_typesupport_introspection_c.cpython-310-x86_64-linux-gnu.so
[1.233s] -- Up-to-date symlink: /home/aimane/vnav23/labs/lab4/install/mav_msgs/local/lib/python3.10/dist-packages/mav_msgs/mav_msgs_s__rosidl_typesupport_c.cpython-310-x86_64-linux-gnu.so
[1.233s] -- Up-to-date symlink: /home/aimane/vnav23/labs/lab4/install/mav_msgs/share/mav_msgs/msg/Actuators.idl
[1.234s] -- Up-to-date symlink: /home/aimane/vnav23/labs/lab4/install/mav_msgs/share/mav_msgs/msg/AttitudeThrust.idl
[1.234s] -- Up-to-date symlink: /home/aimane/vnav23/labs/lab4/install/mav_msgs/share/mav_msgs/msg/FilteredSensorData.idl
[1.234s] -- Up-to-date symlink: /home/aimane/vnav23/labs/lab4/install/mav_msgs/share/mav_msgs/msg/GpsWaypoint.idl
[1.234s] -- Up-to-date symlink: /home/aimane/vnav23/labs/lab4/install/mav_msgs/share/mav_msgs/msg/RateThrust.idl
[1.235s] -- Up-to-date symlink: /home/aimane/vnav23/labs/lab4/install/mav_msgs/share/mav_msgs/msg/RollPitchYawrateThrust.idl
[1.235s] -- Up-to-date symlink: /home/aimane/vnav23/labs/lab4/install/mav_msgs/share/mav_msgs/msg/Status.idl
[1.235s] -- Up-to-date symlink: /home/aimane/vnav23/labs/lab4/install/mav_msgs/share/mav_msgs/msg/TorqueThrust.idl
[1.235s] -- Up-to-date symlink: /home/aimane/vnav23/labs/lab4/install/mav_msgs/share/mav_msgs/msg/Actuators.msg
[1.236s] -- Up-to-date symlink: /home/aimane/vnav23/labs/lab4/install/mav_msgs/share/mav_msgs/msg/AttitudeThrust.msg
[1.236s] -- Up-to-date symlink: /home/aimane/vnav23/labs/lab4/install/mav_msgs/share/mav_msgs/msg/FilteredSensorData.msg
[1.236s] -- Up-to-date symlink: /home/aimane/vnav23/labs/lab4/install/mav_msgs/share/mav_msgs/msg/GpsWaypoint.msg
[1.236s] -- Up-to-date symlink: /home/aimane/vnav23/labs/lab4/install/mav_msgs/share/mav_msgs/msg/RateThrust.msg
[1.237s] -- Up-to-date symlink: /home/aimane/vnav23/labs/lab4/install/mav_msgs/share/mav_msgs/msg/RollPitchYawrateThrust.msg
[1.237s] -- Up-to-date symlink: /home/aimane/vnav23/labs/lab4/install/mav_msgs/share/mav_msgs/msg/Status.msg
[1.237s] -- Up-to-date symlink: /home/aimane/vnav23/labs/lab4/install/mav_msgs/share/mav_msgs/msg/TorqueThrust.msg
[1.237s] -- Up-to-date symlink: /home/aimane/vnav23/labs/lab4/install/mav_msgs/share/ament_index/resource_index/package_run_dependencies/mav_msgs
[1.238s] -- Up-to-date symlink: /home/aimane/vnav23/labs/lab4/install/mav_msgs/share/ament_index/resource_index/parent_prefix_path/mav_msgs
[1.238s] -- Up-to-date symlink: /home/aimane/vnav23/labs/lab4/install/mav_msgs/share/mav_msgs/environment/ament_prefix_path.sh
[1.238s] -- Up-to-date symlink: /home/aimane/vnav23/labs/lab4/install/mav_msgs/share/mav_msgs/environment/ament_prefix_path.dsv
[1.238s] -- Up-to-date symlink: /home/aimane/vnav23/labs/lab4/install/mav_msgs/share/mav_msgs/environment/path.sh
[1.239s] -- Up-to-date symlink: /home/aimane/vnav23/labs/lab4/install/mav_msgs/share/mav_msgs/environment/path.dsv
[1.239s] -- Up-to-date symlink: /home/aimane/vnav23/labs/lab4/install/mav_msgs/share/mav_msgs/local_setup.bash
[1.239s] -- Up-to-date symlink: /home/aimane/vnav23/labs/lab4/install/mav_msgs/share/mav_msgs/local_setup.sh
[1.239s] -- Up-to-date symlink: /home/aimane/vnav23/labs/lab4/install/mav_msgs/share/mav_msgs/local_setup.zsh
[1.239s] -- Up-to-date symlink: /home/aimane/vnav23/labs/lab4/install/mav_msgs/share/mav_msgs/local_setup.dsv
[1.240s] -- Symlinking: /home/aimane/vnav23/labs/lab4/install/mav_msgs/share/mav_msgs/package.dsv
[1.252s] -- Up-to-date symlink: /home/aimane/vnav23/labs/lab4/install/mav_msgs/share/ament_index/resource_index/packages/mav_msgs
[1.252s] -- Up-to-date symlink: /home/aimane/vnav23/labs/lab4/install/mav_msgs/share/mav_msgs/cmake/rosidl_cmake-extras.cmake
[1.252s] -- Up-to-date symlink: /home/aimane/vnav23/labs/lab4/install/mav_msgs/share/mav_msgs/cmake/ament_cmake_export_dependencies-extras.cmake
[1.253s] -- Up-to-date symlink: /home/aimane/vnav23/labs/lab4/install/mav_msgs/share/mav_msgs/cmake/ament_cmake_export_include_directories-extras.cmake
[1.253s] -- Up-to-date symlink: /home/aimane/vnav23/labs/lab4/install/mav_msgs/share/mav_msgs/cmake/ament_cmake_export_libraries-extras.cmake
[1.254s] -- Up-to-date symlink: /home/aimane/vnav23/labs/lab4/install/mav_msgs/share/mav_msgs/cmake/ament_cmake_export_targets-extras.cmake
[1.254s] -- Up-to-date symlink: /home/aimane/vnav23/labs/lab4/install/mav_msgs/share/mav_msgs/cmake/rosidl_cmake_export_typesupport_targets-extras.cmake
[1.254s] -- Up-to-date symlink: /home/aimane/vnav23/labs/lab4/install/mav_msgs/share/mav_msgs/cmake/rosidl_cmake_export_typesupport_libraries-extras.cmake
[1.254s] -- Up-to-date symlink: /home/aimane/vnav23/labs/lab4/install/mav_msgs/share/mav_msgs/cmake/mav_msgsConfig.cmake
[1.255s] -- Up-to-date symlink: /home/aimane/vnav23/labs/lab4/install/mav_msgs/share/mav_msgs/cmake/mav_msgsConfig-version.cmake
[1.255s] -- Up-to-date symlink: /home/aimane/vnav23/labs/lab4/install/mav_msgs/share/mav_msgs/package.xml
[1.255s] -- Up-to-date: /home/aimane/vnav23/labs/lab4/install/mav_msgs/lib/libmav_msgs__rosidl_generator_c.so
[1.256s] -- Up-to-date: /home/aimane/vnav23/labs/lab4/install/mav_msgs/lib/libmav_msgs__rosidl_typesupport_fastrtps_c.so
[1.257s] -- Up-to-date: /home/aimane/vnav23/labs/lab4/install/mav_msgs/lib/libmav_msgs__rosidl_typesupport_introspection_c.so
[1.257s] -- Up-to-date: /home/aimane/vnav23/labs/lab4/install/mav_msgs/lib/libmav_msgs__rosidl_typesupport_c.so
[1.259s] -- Up-to-date: /home/aimane/vnav23/labs/lab4/install/mav_msgs/lib/libmav_msgs__rosidl_typesupport_fastrtps_cpp.so
[1.259s] -- Up-to-date: /home/aimane/vnav23/labs/lab4/install/mav_msgs/lib/libmav_msgs__rosidl_typesupport_introspection_cpp.so
[1.260s] -- Up-to-date: /home/aimane/vnav23/labs/lab4/install/mav_msgs/lib/libmav_msgs__rosidl_typesupport_cpp.so
[1.349s] Listing '/home/aimane/vnav23/labs/lab4/install/mav_msgs/local/lib/python3.10/dist-packages/mav_msgs'...
[1.349s] Listing '/home/aimane/vnav23/labs/lab4/install/mav_msgs/local/lib/python3.10/dist-packages/mav_msgs/msg'...
[1.357s] -- Up-to-date: /home/aimane/vnav23/labs/lab4/install/mav_msgs/lib/libmav_msgs__rosidl_generator_py.so
[1.358s] -- Up-to-date: /home/aimane/vnav23/labs/lab4/install/mav_msgs/include/mav_msgs
[1.358s] -- Up-to-date: /home/aimane/vnav23/labs/lab4/install/mav_msgs/include/mav_msgs/default_topics.hpp
[1.359s] -- Up-to-date: /home/aimane/vnav23/labs/lab4/install/mav_msgs/include/mav_msgs/conversions.hpp
[1.359s] -- Up-to-date: /home/aimane/vnav23/labs/lab4/install/mav_msgs/include/mav_msgs/common.hpp
[1.359s] -- Up-to-date: /home/aimane/vnav23/labs/lab4/install/mav_msgs/include/mav_msgs/default_values.hpp
[1.359s] -- Up-to-date: /home/aimane/vnav23/labs/lab4/install/mav_msgs/include/mav_msgs/eigen_mav_msgs.hpp
[1.360s] -- Up-to-date: /home/aimane/vnav23/labs/lab4/install/mav_msgs/share/mav_msgs/cmake/export_mav_msgs__rosidl_generator_cExport.cmake
[1.360s] -- Up-to-date: /home/aimane/vnav23/labs/lab4/install/mav_msgs/share/mav_msgs/cmake/export_mav_msgs__rosidl_generator_cExport-noconfig.cmake
[1.360s] -- Up-to-date: /home/aimane/vnav23/labs/lab4/install/mav_msgs/share/mav_msgs/cmake/export_mav_msgs__rosidl_typesupport_fastrtps_cExport.cmake
[1.361s] -- Up-to-date: /home/aimane/vnav23/labs/lab4/install/mav_msgs/share/mav_msgs/cmake/export_mav_msgs__rosidl_typesupport_fastrtps_cExport-noconfig.cmake
[1.361s] -- Up-to-date: /home/aimane/vnav23/labs/lab4/install/mav_msgs/share/mav_msgs/cmake/mav_msgs__rosidl_typesupport_introspection_cExport.cmake
[1.361s] -- Up-to-date: /home/aimane/vnav23/labs/lab4/install/mav_msgs/share/mav_msgs/cmake/mav_msgs__rosidl_typesupport_introspection_cExport-noconfig.cmake
[1.361s] -- Up-to-date: /home/aimane/vnav23/labs/lab4/install/mav_msgs/share/mav_msgs/cmake/mav_msgs__rosidl_typesupport_cExport.cmake
[1.362s] -- Up-to-date: /home/aimane/vnav23/labs/lab4/install/mav_msgs/share/mav_msgs/cmake/mav_msgs__rosidl_typesupport_cExport-noconfig.cmake
[1.362s] -- Up-to-date: /home/aimane/vnav23/labs/lab4/install/mav_msgs/share/mav_msgs/cmake/export_mav_msgs__rosidl_generator_cppExport.cmake
[1.362s] -- Up-to-date: /home/aimane/vnav23/labs/lab4/install/mav_msgs/share/mav_msgs/cmake/export_mav_msgs__rosidl_typesupport_fastrtps_cppExport.cmake
[1.363s] -- Up-to-date: /home/aimane/vnav23/labs/lab4/install/mav_msgs/share/mav_msgs/cmake/export_mav_msgs__rosidl_typesupport_fastrtps_cppExport-noconfig.cmake
[1.363s] -- Up-to-date: /home/aimane/vnav23/labs/lab4/install/mav_msgs/share/mav_msgs/cmake/mav_msgs__rosidl_typesupport_introspection_cppExport.cmake
[1.363s] -- Up-to-date: /home/aimane/vnav23/labs/lab4/install/mav_msgs/share/mav_msgs/cmake/mav_msgs__rosidl_typesupport_introspection_cppExport-noconfig.cmake
[1.364s] -- Up-to-date: /home/aimane/vnav23/labs/lab4/install/mav_msgs/share/mav_msgs/cmake/mav_msgs__rosidl_typesupport_cppExport.cmake
[1.364s] -- Up-to-date: /home/aimane/vnav23/labs/lab4/install/mav_msgs/share/mav_msgs/cmake/mav_msgs__rosidl_typesupport_cppExport-noconfig.cmake
[1.364s] -- Up-to-date: /home/aimane/vnav23/labs/lab4/install/mav_msgs/share/mav_msgs/cmake/export_mav_msgs__rosidl_generator_pyExport.cmake
[1.364s] -- Up-to-date: /home/aimane/vnav23/labs/lab4/install/mav_msgs/share/mav_msgs/cmake/export_mav_msgs__rosidl_generator_pyExport-noconfig.cmake
[1.365s] -- Up-to-date: /home/aimane/vnav23/labs/lab4/install/mav_msgs/share/mav_msgs/cmake/mav_msgsTargetsExport.cmake
[1.370s] Invoked command in '/home/aimane/vnav23/labs/lab4/build/mav_msgs' returned '0': CMAKE_PREFIX_PATH=/home/aimane/vnav23/labs/lab4/install/trajectory_generation:/home/aimane/vnav23/labs/lab4/install/tesse_msgs:/home/aimane/vnav23/labs/lab4/install/planner_pkg:/home/aimane/vnav23/labs/lab4/install/tesse_ros_bridge:/opt/ros/humble:/home/aimane/vnav23/labs/lab4/install/mav_visualization:/home/aimane/vnav23/labs/lab4/install/mav_trajectory_generation:/home/aimane/vnav23/labs/lab4/install/mav_comm:/home/aimane/vnav23/labs/lab4/install/mav_system_msgs:/home/aimane/vnav23/labs/lab4/install/mav_state_machine_msgs:/home/aimane/vnav23/labs/lab4/install/mav_planning_msgs:/home/aimane/vnav23/labs/lab4/install/controller_pkg:/home/aimane/vnav23/labs/lab4/install/mav_msgs:/home/aimane/mavros_ws/install/mavros_extras:/home/aimane/mavros_ws/install/mavros_examples:/home/aimane/mavros_ws/install/mavros:/home/aimane/mavros_ws/install/mavros_msgs:/home/aimane/mavros_ws/install/libmavconn /usr/bin/cmake --install /home/aimane/vnav23/labs/lab4/build/mav_msgs
