[4.850s] Invoking command in '/home/aimane/vnav23/labs/lab4/src/tesse-interface': PS1=(lab4_venv) \[[01;32m\]\u@\h\[[00m\]:\[[01;34m\]\w\[[00m\]$ PYTHONPATH=/home/aimane/vnav23/labs/lab4/build/tesse/prefix_override:/usr/lib/python3/dist-packages/colcon_core/task/python/colcon_distutils_commands:/home/aimane/vnav23/labs/lab4/install/tesse/lib/python3.10/site-packages:${PYTHONPATH} VIRTUAL_ENV_PROMPT=(lab4_venv) /usr/bin/python3 -W ignore:setup.py install is deprecated -W ignore:easy_install command is deprecated setup.py egg_info --egg-base ../../lab4/build/tesse build --build-base /home/aimane/vnav23/labs/lab4/build/tesse/build install --record /home/aimane/vnav23/labs/lab4/build/tesse/install.log --single-version-externally-managed
[5.616s] running egg_info
[5.658s] writing ../../lab4/build/tesse/tesse.egg-info/PKG-INFO
[5.659s] writing dependency_links to ../../lab4/build/tesse/tesse.egg-info/dependency_links.txt
[5.672s] writing requirements to ../../lab4/build/tesse/tesse.egg-info/requires.txt
[5.672s] writing top-level names to ../../lab4/build/tesse/tesse.egg-info/top_level.txt
[5.773s] reading manifest file '../../lab4/build/tesse/tesse.egg-info/SOURCES.txt'
[5.796s] adding license file 'LICENSE'
[5.797s] writing manifest file '../../lab4/build/tesse/tesse.egg-info/SOURCES.txt'
[5.797s] running build
[5.797s] running build_py
[5.803s] copying src/tesse/msgs.py -> /home/aimane/vnav23/labs/lab4/build/tesse/build/lib/tesse
[5.839s] copying src/tesse/__init__.py -> /home/aimane/vnav23/labs/lab4/build/tesse/build/lib/tesse
[5.841s] copying src/tesse/env.py -> /home/aimane/vnav23/labs/lab4/build/tesse/build/lib/tesse
[5.841s] copying src/tesse/utils.py -> /home/aimane/vnav23/labs/lab4/build/tesse/build/lib/tesse
[5.842s] running install
[5.862s] running install_lib
[5.914s] running install_egg_info
[5.964s] removing '/home/aimane/vnav23/labs/lab4/install/tesse/lib/python3.10/site-packages/tesse-0.1.2-py3.10.egg-info' (and everything under it)
[6.010s] Copying ../../lab4/build/tesse/tesse.egg-info to /home/aimane/vnav23/labs/lab4/install/tesse/lib/python3.10/site-packages/tesse-0.1.2-py3.10.egg-info
[6.010s] running install_scripts
[6.120s] writing list of installed files to '/home/aimane/vnav23/labs/lab4/build/tesse/install.log'
[6.169s] Invoked command in '/home/aimane/vnav23/labs/lab4/src/tesse-interface' returned '0': PS1=(lab4_venv) \[[01;32m\]\u@\h\[[00m\]:\[[01;34m\]\w\[[00m\]$ PYTHONPATH=/home/aimane/vnav23/labs/lab4/build/tesse/prefix_override:/usr/lib/python3/dist-packages/colcon_core/task/python/colcon_distutils_commands:/home/aimane/vnav23/labs/lab4/install/tesse/lib/python3.10/site-packages:${PYTHONPATH} VIRTUAL_ENV_PROMPT=(lab4_venv) /usr/bin/python3 -W ignore:setup.py install is deprecated -W ignore:easy_install command is deprecated setup.py egg_info --egg-base ../../lab4/build/tesse build --build-base /home/aimane/vnav23/labs/lab4/build/tesse/build install --record /home/aimane/vnav23/labs/lab4/build/tesse/install.log --single-version-externally-managed
