[0.477s] Invoking command in '/home/aimane/vnav23/labs/lab4/build/mav_planning_msgs': CMAKE_PREFIX_PATH=/home/aimane/vnav23/labs/lab4/install/mav_msgs:/home/aimane/vnav23/labs/lab4/install/trajectory_generation:/home/aimane/vnav23/labs/lab4/install/tesse_msgs:/home/aimane/vnav23/labs/lab4/install/planner_pkg:/home/aimane/vnav23/labs/lab4/install/tesse_ros_bridge:/opt/ros/humble:/home/aimane/vnav23/labs/lab4/install/mav_visualization:/home/aimane/vnav23/labs/lab4/install/mav_trajectory_generation:/home/aimane/vnav23/labs/lab4/install/mav_comm:/home/aimane/vnav23/labs/lab4/install/mav_system_msgs:/home/aimane/vnav23/labs/lab4/install/mav_state_machine_msgs:/home/aimane/vnav23/labs/lab4/install/mav_planning_msgs:/home/aimane/vnav23/labs/lab4/install/controller_pkg:/home/aimane/mavros_ws/install/mavros_extras:/home/aimane/mavros_ws/install/mavros_examples:/home/aimane/mavros_ws/install/mavros:/home/aimane/mavros_ws/install/mavros_msgs:/home/aimane/mavros_ws/install/libmavconn LD_LIBRARY_PATH=/home/aimane/vnav23/labs/lab4/install/mav_msgs/lib:/home/aimane/vnav23/labs/lab4/install/tesse_msgs/lib:/home/aimane/vnav23/labs/lab4/install/mav_trajectory_generation/lib:/home/aimane/vnav23/labs/lab4/install/mav_system_msgs/lib:/home/aimane/vnav23/labs/lab4/install/mav_state_machine_msgs/lib:/home/aimane/vnav23/labs/lab4/install/mav_planning_msgs/lib:/home/aimane/mavros_ws/install/mavros_extras/lib:/home/aimane/mavros_ws/install/mavros/lib:/home/aimane/mavros_ws/install/mavros_msgs/lib:/home/aimane/mavros_ws/install/libmavconn/lib:/opt/ros/humble/opt/rviz_ogre_vendor/lib:/opt/ros/humble/lib/x86_64-linux-gnu:/opt/ros/humble/lib /usr/bin/cmake --build /home/aimane/vnav23/labs/lab4/build/mav_planning_msgs -- -j8 -l8
[0.973s] [  0%] Built target mav_planning_msgs__cpp
[1.261s] [  0%] Built target ament_cmake_python_symlink_mav_planning_msgs
[1.679s] [ 12%] Built target mav_planning_msgs__rosidl_typesupport_introspection_cpp
[3.010s] running egg_info
[3.182s] writing mav_planning_msgs.egg-info/PKG-INFO
[3.188s] writing dependency_links to mav_planning_msgs.egg-info/dependency_links.txt
[3.190s] writing top-level names to mav_planning_msgs.egg-info/top_level.txt
[3.557s] reading manifest file 'mav_planning_msgs.egg-info/SOURCES.txt'
[3.563s] writing manifest file 'mav_planning_msgs.egg-info/SOURCES.txt'
[3.679s] [ 12%] Built target ament_cmake_python_build_mav_planning_msgs_egg
[3.777s] [ 23%] Built target mav_planning_msgs__rosidl_typesupport_fastrtps_cpp
[3.898s] [ 35%] Built target mav_planning_msgs__rosidl_typesupport_cpp
[4.071s] [ 47%] Built target mav_planning_msgs__rosidl_generator_c
[4.187s] [ 59%] Built target mav_planning_msgs__rosidl_typesupport_fastrtps_c
[4.319s] [ 71%] Built target mav_planning_msgs__rosidl_typesupport_c
[4.608s] [ 83%] Built target mav_planning_msgs__rosidl_typesupport_introspection_c
[4.755s] [ 83%] Built target mav_planning_msgs
[4.900s] [ 84%] Built target mav_planning_msgs__py
[5.029s] [ 95%] Built target mav_planning_msgs__rosidl_generator_py
[5.294s] [ 97%] Built target mav_planning_msgs__rosidl_typesupport_fastrtps_c__pyext
[5.516s] [ 98%] Built target mav_planning_msgs__rosidl_typesupport_c__pyext
[5.687s] [100%] Built target mav_planning_msgs__rosidl_typesupport_introspection_c__pyext
[5.743s] Invoked command in '/home/aimane/vnav23/labs/lab4/build/mav_planning_msgs' returned '0': CMAKE_PREFIX_PATH=/home/aimane/vnav23/labs/lab4/install/mav_msgs:/home/aimane/vnav23/labs/lab4/install/trajectory_generation:/home/aimane/vnav23/labs/lab4/install/tesse_msgs:/home/aimane/vnav23/labs/lab4/install/planner_pkg:/home/aimane/vnav23/labs/lab4/install/tesse_ros_bridge:/opt/ros/humble:/home/aimane/vnav23/labs/lab4/install/mav_visualization:/home/aimane/vnav23/labs/lab4/install/mav_trajectory_generation:/home/aimane/vnav23/labs/lab4/install/mav_comm:/home/aimane/vnav23/labs/lab4/install/mav_system_msgs:/home/aimane/vnav23/labs/lab4/install/mav_state_machine_msgs:/home/aimane/vnav23/labs/lab4/install/mav_planning_msgs:/home/aimane/vnav23/labs/lab4/install/controller_pkg:/home/aimane/mavros_ws/install/mavros_extras:/home/aimane/mavros_ws/install/mavros_examples:/home/aimane/mavros_ws/install/mavros:/home/aimane/mavros_ws/install/mavros_msgs:/home/aimane/mavros_ws/install/libmavconn LD_LIBRARY_PATH=/home/aimane/vnav23/labs/lab4/install/mav_msgs/lib:/home/aimane/vnav23/labs/lab4/install/tesse_msgs/lib:/home/aimane/vnav23/labs/lab4/install/mav_trajectory_generation/lib:/home/aimane/vnav23/labs/lab4/install/mav_system_msgs/lib:/home/aimane/vnav23/labs/lab4/install/mav_state_machine_msgs/lib:/home/aimane/vnav23/labs/lab4/install/mav_planning_msgs/lib:/home/aimane/mavros_ws/install/mavros_extras/lib:/home/aimane/mavros_ws/install/mavros/lib:/home/aimane/mavros_ws/install/mavros_msgs/lib:/home/aimane/mavros_ws/install/libmavconn/lib:/opt/ros/humble/opt/rviz_ogre_vendor/lib:/opt/ros/humble/lib/x86_64-linux-gnu:/opt/ros/humble/lib /usr/bin/cmake --build /home/aimane/vnav23/labs/lab4/build/mav_planning_msgs -- -j8 -l8
[5.744s] Invoking command in '/home/aimane/vnav23/labs/lab4/build/mav_planning_msgs': CMAKE_PREFIX_PATH=/home/aimane/vnav23/labs/lab4/install/mav_msgs:/home/aimane/vnav23/labs/lab4/install/trajectory_generation:/home/aimane/vnav23/labs/lab4/install/tesse_msgs:/home/aimane/vnav23/labs/lab4/install/planner_pkg:/home/aimane/vnav23/labs/lab4/install/tesse_ros_bridge:/opt/ros/humble:/home/aimane/vnav23/labs/lab4/install/mav_visualization:/home/aimane/vnav23/labs/lab4/install/mav_trajectory_generation:/home/aimane/vnav23/labs/lab4/install/mav_comm:/home/aimane/vnav23/labs/lab4/install/mav_system_msgs:/home/aimane/vnav23/labs/lab4/install/mav_state_machine_msgs:/home/aimane/vnav23/labs/lab4/install/mav_planning_msgs:/home/aimane/vnav23/labs/lab4/install/controller_pkg:/home/aimane/mavros_ws/install/mavros_extras:/home/aimane/mavros_ws/install/mavros_examples:/home/aimane/mavros_ws/install/mavros:/home/aimane/mavros_ws/install/mavros_msgs:/home/aimane/mavros_ws/install/libmavconn LD_LIBRARY_PATH=/home/aimane/vnav23/labs/lab4/install/mav_msgs/lib:/home/aimane/vnav23/labs/lab4/install/tesse_msgs/lib:/home/aimane/vnav23/labs/lab4/install/mav_trajectory_generation/lib:/home/aimane/vnav23/labs/lab4/install/mav_system_msgs/lib:/home/aimane/vnav23/labs/lab4/install/mav_state_machine_msgs/lib:/home/aimane/vnav23/labs/lab4/install/mav_planning_msgs/lib:/home/aimane/mavros_ws/install/mavros_extras/lib:/home/aimane/mavros_ws/install/mavros/lib:/home/aimane/mavros_ws/install/mavros_msgs/lib:/home/aimane/mavros_ws/install/libmavconn/lib:/opt/ros/humble/opt/rviz_ogre_vendor/lib:/opt/ros/humble/lib/x86_64-linux-gnu:/opt/ros/humble/lib /usr/bin/cmake --install /home/aimane/vnav23/labs/lab4/build/mav_planning_msgs
[5.778s] -- Install configuration: ""
[5.783s] -- Execute custom install script
[5.783s] -- Up-to-date symlink: /home/aimane/vnav23/labs/lab4/install/mav_planning_msgs/share/ament_index/resource_index/rosidl_interfaces/mav_planning_msgs
[5.787s] -- Up-to-date symlink: /home/aimane/vnav23/labs/lab4/install/mav_planning_msgs/include/mav_planning_msgs/mav_planning_msgs/msg/detail/point2_d__functions.h
[5.792s] -- Up-to-date symlink: /home/aimane/vnav23/labs/lab4/install/mav_planning_msgs/include/mav_planning_msgs/mav_planning_msgs/msg/detail/point2_d__struct.h
[5.792s] -- Up-to-date symlink: /home/aimane/vnav23/labs/lab4/install/mav_planning_msgs/include/mav_planning_msgs/mav_planning_msgs/msg/detail/point2_d__type_support.h
[5.792s] -- Up-to-date symlink: /home/aimane/vnav23/labs/lab4/install/mav_planning_msgs/include/mav_planning_msgs/mav_planning_msgs/msg/detail/point_cloud_with_pose__functions.h
[5.792s] -- Up-to-date symlink: /home/aimane/vnav23/labs/lab4/install/mav_planning_msgs/include/mav_planning_msgs/mav_planning_msgs/msg/detail/point_cloud_with_pose__struct.h
[5.793s] -- Up-to-date symlink: /home/aimane/vnav23/labs/lab4/install/mav_planning_msgs/include/mav_planning_msgs/mav_planning_msgs/msg/detail/point_cloud_with_pose__type_support.h
[5.794s] -- Up-to-date symlink: /home/aimane/vnav23/labs/lab4/install/mav_planning_msgs/include/mav_planning_msgs/mav_planning_msgs/msg/detail/polygon2_d__functions.h
[5.794s] -- Up-to-date symlink: /home/aimane/vnav23/labs/lab4/install/mav_planning_msgs/include/mav_planning_msgs/mav_planning_msgs/msg/detail/polygon2_d__struct.h
[5.798s] -- Up-to-date symlink: /home/aimane/vnav23/labs/lab4/install/mav_planning_msgs/include/mav_planning_msgs/mav_planning_msgs/msg/detail/polygon2_d__type_support.h
[5.801s] -- Up-to-date symlink: /home/aimane/vnav23/labs/lab4/install/mav_planning_msgs/include/mav_planning_msgs/mav_planning_msgs/msg/detail/polygon_with_holes__functions.h
[5.802s] -- Up-to-date symlink: /home/aimane/vnav23/labs/lab4/install/mav_planning_msgs/include/mav_planning_msgs/mav_planning_msgs/msg/detail/polygon_with_holes__struct.h
[5.802s] -- Up-to-date symlink: /home/aimane/vnav23/labs/lab4/install/mav_planning_msgs/include/mav_planning_msgs/mav_planning_msgs/msg/detail/polygon_with_holes__type_support.h
[5.804s] -- Up-to-date symlink: /home/aimane/vnav23/labs/lab4/install/mav_planning_msgs/include/mav_planning_msgs/mav_planning_msgs/msg/detail/polygon_with_holes_stamped__functions.h
[5.804s] -- Up-to-date symlink: /home/aimane/vnav23/labs/lab4/install/mav_planning_msgs/include/mav_planning_msgs/mav_planning_msgs/msg/detail/polygon_with_holes_stamped__struct.h
[5.804s] -- Up-to-date symlink: /home/aimane/vnav23/labs/lab4/install/mav_planning_msgs/include/mav_planning_msgs/mav_planning_msgs/msg/detail/polygon_with_holes_stamped__type_support.h
[5.805s] -- Up-to-date symlink: /home/aimane/vnav23/labs/lab4/install/mav_planning_msgs/include/mav_planning_msgs/mav_planning_msgs/msg/detail/polynomial_segment4_d__functions.h
[5.805s] -- Up-to-date symlink: /home/aimane/vnav23/labs/lab4/install/mav_planning_msgs/include/mav_planning_msgs/mav_planning_msgs/msg/detail/polynomial_segment4_d__struct.h
[5.807s] -- Up-to-date symlink: /home/aimane/vnav23/labs/lab4/install/mav_planning_msgs/include/mav_planning_msgs/mav_planning_msgs/msg/detail/polynomial_segment4_d__type_support.h
[5.808s] -- Up-to-date symlink: /home/aimane/vnav23/labs/lab4/install/mav_planning_msgs/include/mav_planning_msgs/mav_planning_msgs/msg/detail/polynomial_segment__functions.h
[5.808s] -- Up-to-date symlink: /home/aimane/vnav23/labs/lab4/install/mav_planning_msgs/include/mav_planning_msgs/mav_planning_msgs/msg/detail/polynomial_segment__struct.h
[5.808s] -- Up-to-date symlink: /home/aimane/vnav23/labs/lab4/install/mav_planning_msgs/include/mav_planning_msgs/mav_planning_msgs/msg/detail/polynomial_segment__type_support.h
[5.809s] -- Up-to-date symlink: /home/aimane/vnav23/labs/lab4/install/mav_planning_msgs/include/mav_planning_msgs/mav_planning_msgs/msg/detail/polynomial_trajectory4_d__functions.h
[5.809s] -- Up-to-date symlink: /home/aimane/vnav23/labs/lab4/install/mav_planning_msgs/include/mav_planning_msgs/mav_planning_msgs/msg/detail/polynomial_trajectory4_d__struct.h
[5.809s] -- Up-to-date symlink: /home/aimane/vnav23/labs/lab4/install/mav_planning_msgs/include/mav_planning_msgs/mav_planning_msgs/msg/detail/polynomial_trajectory4_d__type_support.h
[5.809s] -- Up-to-date symlink: /home/aimane/vnav23/labs/lab4/install/mav_planning_msgs/include/mav_planning_msgs/mav_planning_msgs/msg/detail/polynomial_trajectory__functions.h
[5.809s] -- Up-to-date symlink: /home/aimane/vnav23/labs/lab4/install/mav_planning_msgs/include/mav_planning_msgs/mav_planning_msgs/msg/detail/polynomial_trajectory__struct.h
[5.810s] -- Up-to-date symlink: /home/aimane/vnav23/labs/lab4/install/mav_planning_msgs/include/mav_planning_msgs/mav_planning_msgs/msg/detail/polynomial_trajectory__type_support.h
[5.812s] -- Up-to-date symlink: /home/aimane/vnav23/labs/lab4/install/mav_planning_msgs/include/mav_planning_msgs/mav_planning_msgs/msg/point2_d.h
[5.812s] -- Up-to-date symlink: /home/aimane/vnav23/labs/lab4/install/mav_planning_msgs/include/mav_planning_msgs/mav_planning_msgs/msg/point_cloud_with_pose.h
[5.812s] -- Up-to-date symlink: /home/aimane/vnav23/labs/lab4/install/mav_planning_msgs/include/mav_planning_msgs/mav_planning_msgs/msg/polygon2_d.h
[5.813s] -- Up-to-date symlink: /home/aimane/vnav23/labs/lab4/install/mav_planning_msgs/include/mav_planning_msgs/mav_planning_msgs/msg/polygon_with_holes.h
[5.813s] -- Up-to-date symlink: /home/aimane/vnav23/labs/lab4/install/mav_planning_msgs/include/mav_planning_msgs/mav_planning_msgs/msg/polygon_with_holes_stamped.h
[5.813s] -- Up-to-date symlink: /home/aimane/vnav23/labs/lab4/install/mav_planning_msgs/include/mav_planning_msgs/mav_planning_msgs/msg/polynomial_segment.h
[5.813s] -- Up-to-date symlink: /home/aimane/vnav23/labs/lab4/install/mav_planning_msgs/include/mav_planning_msgs/mav_planning_msgs/msg/polynomial_segment4_d.h
[5.813s] -- Up-to-date symlink: /home/aimane/vnav23/labs/lab4/install/mav_planning_msgs/include/mav_planning_msgs/mav_planning_msgs/msg/polynomial_trajectory.h
[5.814s] -- Up-to-date symlink: /home/aimane/vnav23/labs/lab4/install/mav_planning_msgs/include/mav_planning_msgs/mav_planning_msgs/msg/polynomial_trajectory4_d.h
[5.815s] -- Up-to-date symlink: /home/aimane/vnav23/labs/lab4/install/mav_planning_msgs/include/mav_planning_msgs/mav_planning_msgs/msg/rosidl_generator_c__visibility_control.h
[5.816s] -- Up-to-date symlink: /home/aimane/vnav23/labs/lab4/install/mav_planning_msgs/include/mav_planning_msgs/mav_planning_msgs/srv/change_name_service.h
[5.816s] -- Up-to-date symlink: /home/aimane/vnav23/labs/lab4/install/mav_planning_msgs/include/mav_planning_msgs/mav_planning_msgs/srv/detail/change_name_service__functions.h
[5.817s] -- Up-to-date symlink: /home/aimane/vnav23/labs/lab4/install/mav_planning_msgs/include/mav_planning_msgs/mav_planning_msgs/srv/detail/change_name_service__struct.h
[5.819s] -- Up-to-date symlink: /home/aimane/vnav23/labs/lab4/install/mav_planning_msgs/include/mav_planning_msgs/mav_planning_msgs/srv/detail/change_name_service__type_support.h
[5.819s] -- Up-to-date symlink: /home/aimane/vnav23/labs/lab4/install/mav_planning_msgs/include/mav_planning_msgs/mav_planning_msgs/srv/detail/planner_service__functions.h
[5.819s] -- Up-to-date symlink: /home/aimane/vnav23/labs/lab4/install/mav_planning_msgs/include/mav_planning_msgs/mav_planning_msgs/srv/detail/planner_service__struct.h
[5.819s] -- Up-to-date symlink: /home/aimane/vnav23/labs/lab4/install/mav_planning_msgs/include/mav_planning_msgs/mav_planning_msgs/srv/detail/planner_service__type_support.h
[5.820s] -- Up-to-date symlink: /home/aimane/vnav23/labs/lab4/install/mav_planning_msgs/include/mav_planning_msgs/mav_planning_msgs/srv/detail/polygon_service__functions.h
[5.820s] -- Up-to-date symlink: /home/aimane/vnav23/labs/lab4/install/mav_planning_msgs/include/mav_planning_msgs/mav_planning_msgs/srv/detail/polygon_service__struct.h
[5.820s] -- Up-to-date symlink: /home/aimane/vnav23/labs/lab4/install/mav_planning_msgs/include/mav_planning_msgs/mav_planning_msgs/srv/detail/polygon_service__type_support.h
[5.822s] -- Up-to-date symlink: /home/aimane/vnav23/labs/lab4/install/mav_planning_msgs/include/mav_planning_msgs/mav_planning_msgs/srv/planner_service.h
[5.822s] -- Up-to-date symlink: /home/aimane/vnav23/labs/lab4/install/mav_planning_msgs/include/mav_planning_msgs/mav_planning_msgs/srv/polygon_service.h
[5.822s] -- Up-to-date symlink: /home/aimane/vnav23/labs/lab4/install/mav_planning_msgs/share/mav_planning_msgs/environment/library_path.sh
[5.822s] -- Up-to-date symlink: /home/aimane/vnav23/labs/lab4/install/mav_planning_msgs/share/mav_planning_msgs/environment/library_path.dsv
[5.823s] -- Up-to-date symlink: /home/aimane/vnav23/labs/lab4/install/mav_planning_msgs/include/mav_planning_msgs/mav_planning_msgs/msg/detail/point2_d__rosidl_typesupport_fastrtps_c.h
[5.824s] -- Up-to-date symlink: /home/aimane/vnav23/labs/lab4/install/mav_planning_msgs/include/mav_planning_msgs/mav_planning_msgs/msg/detail/point_cloud_with_pose__rosidl_typesupport_fastrtps_c.h
[5.825s] -- Up-to-date symlink: /home/aimane/vnav23/labs/lab4/install/mav_planning_msgs/include/mav_planning_msgs/mav_planning_msgs/msg/detail/polygon2_d__rosidl_typesupport_fastrtps_c.h
[5.827s] -- Up-to-date symlink: /home/aimane/vnav23/labs/lab4/install/mav_planning_msgs/include/mav_planning_msgs/mav_planning_msgs/msg/detail/polygon_with_holes__rosidl_typesupport_fastrtps_c.h
[5.827s] -- Up-to-date symlink: /home/aimane/vnav23/labs/lab4/install/mav_planning_msgs/include/mav_planning_msgs/mav_planning_msgs/msg/detail/polygon_with_holes_stamped__rosidl_typesupport_fastrtps_c.h
[5.827s] -- Up-to-date symlink: /home/aimane/vnav23/labs/lab4/install/mav_planning_msgs/include/mav_planning_msgs/mav_planning_msgs/msg/detail/polynomial_segment4_d__rosidl_typesupport_fastrtps_c.h
[5.828s] -- Up-to-date symlink: /home/aimane/vnav23/labs/lab4/install/mav_planning_msgs/include/mav_planning_msgs/mav_planning_msgs/msg/detail/polynomial_segment__rosidl_typesupport_fastrtps_c.h
[5.828s] -- Up-to-date symlink: /home/aimane/vnav23/labs/lab4/install/mav_planning_msgs/include/mav_planning_msgs/mav_planning_msgs/msg/detail/polynomial_trajectory4_d__rosidl_typesupport_fastrtps_c.h
[5.828s] -- Up-to-date symlink: /home/aimane/vnav23/labs/lab4/install/mav_planning_msgs/include/mav_planning_msgs/mav_planning_msgs/msg/detail/polynomial_trajectory__rosidl_typesupport_fastrtps_c.h
[5.828s] -- Up-to-date symlink: /home/aimane/vnav23/labs/lab4/install/mav_planning_msgs/include/mav_planning_msgs/mav_planning_msgs/msg/rosidl_typesupport_fastrtps_c__visibility_control.h
[5.828s] -- Up-to-date symlink: /home/aimane/vnav23/labs/lab4/install/mav_planning_msgs/include/mav_planning_msgs/mav_planning_msgs/srv/detail/change_name_service__rosidl_typesupport_fastrtps_c.h
[5.829s] -- Up-to-date symlink: /home/aimane/vnav23/labs/lab4/install/mav_planning_msgs/include/mav_planning_msgs/mav_planning_msgs/srv/detail/planner_service__rosidl_typesupport_fastrtps_c.h
[5.829s] -- Up-to-date symlink: /home/aimane/vnav23/labs/lab4/install/mav_planning_msgs/include/mav_planning_msgs/mav_planning_msgs/srv/detail/polygon_service__rosidl_typesupport_fastrtps_c.h
[5.829s] -- Up-to-date symlink: /home/aimane/vnav23/labs/lab4/install/mav_planning_msgs/include/mav_planning_msgs/mav_planning_msgs/msg/detail/point2_d__rosidl_typesupport_introspection_c.h
[5.829s] -- Up-to-date symlink: /home/aimane/vnav23/labs/lab4/install/mav_planning_msgs/include/mav_planning_msgs/mav_planning_msgs/msg/detail/point_cloud_with_pose__rosidl_typesupport_introspection_c.h
[5.829s] -- Up-to-date symlink: /home/aimane/vnav23/labs/lab4/install/mav_planning_msgs/include/mav_planning_msgs/mav_planning_msgs/msg/detail/polygon2_d__rosidl_typesupport_introspection_c.h
[5.833s] -- Up-to-date symlink: /home/aimane/vnav23/labs/lab4/install/mav_planning_msgs/include/mav_planning_msgs/mav_planning_msgs/msg/detail/polygon_with_holes__rosidl_typesupport_introspection_c.h
[5.833s] -- Up-to-date symlink: /home/aimane/vnav23/labs/lab4/install/mav_planning_msgs/include/mav_planning_msgs/mav_planning_msgs/msg/detail/polygon_with_holes_stamped__rosidl_typesupport_introspection_c.h
[5.833s] -- Up-to-date symlink: /home/aimane/vnav23/labs/lab4/install/mav_planning_msgs/include/mav_planning_msgs/mav_planning_msgs/msg/detail/polynomial_segment4_d__rosidl_typesupport_introspection_c.h
[5.834s] -- Up-to-date symlink: /home/aimane/vnav23/labs/lab4/install/mav_planning_msgs/include/mav_planning_msgs/mav_planning_msgs/msg/detail/polynomial_segment__rosidl_typesupport_introspection_c.h
[5.834s] -- Up-to-date symlink: /home/aimane/vnav23/labs/lab4/install/mav_planning_msgs/include/mav_planning_msgs/mav_planning_msgs/msg/detail/polynomial_trajectory4_d__rosidl_typesupport_introspection_c.h
[5.834s] -- Up-to-date symlink: /home/aimane/vnav23/labs/lab4/install/mav_planning_msgs/include/mav_planning_msgs/mav_planning_msgs/msg/detail/polynomial_trajectory__rosidl_typesupport_introspection_c.h
[5.835s] -- Up-to-date symlink: /home/aimane/vnav23/labs/lab4/install/mav_planning_msgs/include/mav_planning_msgs/mav_planning_msgs/msg/rosidl_typesupport_introspection_c__visibility_control.h
[5.835s] -- Up-to-date symlink: /home/aimane/vnav23/labs/lab4/install/mav_planning_msgs/include/mav_planning_msgs/mav_planning_msgs/srv/detail/change_name_service__rosidl_typesupport_introspection_c.h
[5.836s] -- Up-to-date symlink: /home/aimane/vnav23/labs/lab4/install/mav_planning_msgs/include/mav_planning_msgs/mav_planning_msgs/srv/detail/planner_service__rosidl_typesupport_introspection_c.h
[5.836s] -- Up-to-date symlink: /home/aimane/vnav23/labs/lab4/install/mav_planning_msgs/include/mav_planning_msgs/mav_planning_msgs/srv/detail/polygon_service__rosidl_typesupport_introspection_c.h
[5.839s] -- Up-to-date symlink: /home/aimane/vnav23/labs/lab4/install/mav_planning_msgs/include/mav_planning_msgs/mav_planning_msgs/msg/detail/point2_d__builder.hpp
[5.839s] -- Up-to-date symlink: /home/aimane/vnav23/labs/lab4/install/mav_planning_msgs/include/mav_planning_msgs/mav_planning_msgs/msg/detail/point2_d__struct.hpp
[5.839s] -- Up-to-date symlink: /home/aimane/vnav23/labs/lab4/install/mav_planning_msgs/include/mav_planning_msgs/mav_planning_msgs/msg/detail/point2_d__traits.hpp
[5.840s] -- Up-to-date symlink: /home/aimane/vnav23/labs/lab4/install/mav_planning_msgs/include/mav_planning_msgs/mav_planning_msgs/msg/detail/point2_d__type_support.hpp
[5.840s] -- Up-to-date symlink: /home/aimane/vnav23/labs/lab4/install/mav_planning_msgs/include/mav_planning_msgs/mav_planning_msgs/msg/detail/point_cloud_with_pose__builder.hpp
[5.841s] -- Up-to-date symlink: /home/aimane/vnav23/labs/lab4/install/mav_planning_msgs/include/mav_planning_msgs/mav_planning_msgs/msg/detail/point_cloud_with_pose__struct.hpp
[5.841s] -- Up-to-date symlink: /home/aimane/vnav23/labs/lab4/install/mav_planning_msgs/include/mav_planning_msgs/mav_planning_msgs/msg/detail/point_cloud_with_pose__traits.hpp
[5.841s] -- Up-to-date symlink: /home/aimane/vnav23/labs/lab4/install/mav_planning_msgs/include/mav_planning_msgs/mav_planning_msgs/msg/detail/point_cloud_with_pose__type_support.hpp
[5.841s] -- Up-to-date symlink: /home/aimane/vnav23/labs/lab4/install/mav_planning_msgs/include/mav_planning_msgs/mav_planning_msgs/msg/detail/polygon2_d__builder.hpp
[5.842s] -- Up-to-date symlink: /home/aimane/vnav23/labs/lab4/install/mav_planning_msgs/include/mav_planning_msgs/mav_planning_msgs/msg/detail/polygon2_d__struct.hpp
[5.842s] -- Up-to-date symlink: /home/aimane/vnav23/labs/lab4/install/mav_planning_msgs/include/mav_planning_msgs/mav_planning_msgs/msg/detail/polygon2_d__traits.hpp
[5.842s] -- Up-to-date symlink: /home/aimane/vnav23/labs/lab4/install/mav_planning_msgs/include/mav_planning_msgs/mav_planning_msgs/msg/detail/polygon2_d__type_support.hpp
[5.842s] -- Up-to-date symlink: /home/aimane/vnav23/labs/lab4/install/mav_planning_msgs/include/mav_planning_msgs/mav_planning_msgs/msg/detail/polygon_with_holes__builder.hpp
[5.842s] -- Up-to-date symlink: /home/aimane/vnav23/labs/lab4/install/mav_planning_msgs/include/mav_planning_msgs/mav_planning_msgs/msg/detail/polygon_with_holes__struct.hpp
[5.843s] -- Up-to-date symlink: /home/aimane/vnav23/labs/lab4/install/mav_planning_msgs/include/mav_planning_msgs/mav_planning_msgs/msg/detail/polygon_with_holes__traits.hpp
[5.843s] -- Up-to-date symlink: /home/aimane/vnav23/labs/lab4/install/mav_planning_msgs/include/mav_planning_msgs/mav_planning_msgs/msg/detail/polygon_with_holes__type_support.hpp
[5.843s] -- Up-to-date symlink: /home/aimane/vnav23/labs/lab4/install/mav_planning_msgs/include/mav_planning_msgs/mav_planning_msgs/msg/detail/polygon_with_holes_stamped__builder.hpp
[5.844s] -- Up-to-date symlink: /home/aimane/vnav23/labs/lab4/install/mav_planning_msgs/include/mav_planning_msgs/mav_planning_msgs/msg/detail/polygon_with_holes_stamped__struct.hpp
[5.845s] -- Up-to-date symlink: /home/aimane/vnav23/labs/lab4/install/mav_planning_msgs/include/mav_planning_msgs/mav_planning_msgs/msg/detail/polygon_with_holes_stamped__traits.hpp
[5.846s] -- Up-to-date symlink: /home/aimane/vnav23/labs/lab4/install/mav_planning_msgs/include/mav_planning_msgs/mav_planning_msgs/msg/detail/polygon_with_holes_stamped__type_support.hpp
[5.847s] -- Up-to-date symlink: /home/aimane/vnav23/labs/lab4/install/mav_planning_msgs/include/mav_planning_msgs/mav_planning_msgs/msg/detail/polynomial_segment4_d__builder.hpp
[5.848s] -- Up-to-date symlink: /home/aimane/vnav23/labs/lab4/install/mav_planning_msgs/include/mav_planning_msgs/mav_planning_msgs/msg/detail/polynomial_segment4_d__struct.hpp
[5.848s] -- Up-to-date symlink: /home/aimane/vnav23/labs/lab4/install/mav_planning_msgs/include/mav_planning_msgs/mav_planning_msgs/msg/detail/polynomial_segment4_d__traits.hpp
[5.849s] -- Up-to-date symlink: /home/aimane/vnav23/labs/lab4/install/mav_planning_msgs/include/mav_planning_msgs/mav_planning_msgs/msg/detail/polynomial_segment4_d__type_support.hpp
[5.850s] -- Up-to-date symlink: /home/aimane/vnav23/labs/lab4/install/mav_planning_msgs/include/mav_planning_msgs/mav_planning_msgs/msg/detail/polynomial_segment__builder.hpp
[5.852s] -- Up-to-date symlink: /home/aimane/vnav23/labs/lab4/install/mav_planning_msgs/include/mav_planning_msgs/mav_planning_msgs/msg/detail/polynomial_segment__struct.hpp
[5.853s] -- Up-to-date symlink: /home/aimane/vnav23/labs/lab4/install/mav_planning_msgs/include/mav_planning_msgs/mav_planning_msgs/msg/detail/polynomial_segment__traits.hpp
[5.853s] -- Up-to-date symlink: /home/aimane/vnav23/labs/lab4/install/mav_planning_msgs/include/mav_planning_msgs/mav_planning_msgs/msg/detail/polynomial_segment__type_support.hpp
[5.854s] -- Up-to-date symlink: /home/aimane/vnav23/labs/lab4/install/mav_planning_msgs/include/mav_planning_msgs/mav_planning_msgs/msg/detail/polynomial_trajectory4_d__builder.hpp
[5.855s] -- Up-to-date symlink: /home/aimane/vnav23/labs/lab4/install/mav_planning_msgs/include/mav_planning_msgs/mav_planning_msgs/msg/detail/polynomial_trajectory4_d__struct.hpp
[5.856s] -- Up-to-date symlink: /home/aimane/vnav23/labs/lab4/install/mav_planning_msgs/include/mav_planning_msgs/mav_planning_msgs/msg/detail/polynomial_trajectory4_d__traits.hpp
[5.857s] -- Up-to-date symlink: /home/aimane/vnav23/labs/lab4/install/mav_planning_msgs/include/mav_planning_msgs/mav_planning_msgs/msg/detail/polynomial_trajectory4_d__type_support.hpp
[5.858s] -- Up-to-date symlink: /home/aimane/vnav23/labs/lab4/install/mav_planning_msgs/include/mav_planning_msgs/mav_planning_msgs/msg/detail/polynomial_trajectory__builder.hpp
[5.859s] -- Up-to-date symlink: /home/aimane/vnav23/labs/lab4/install/mav_planning_msgs/include/mav_planning_msgs/mav_planning_msgs/msg/detail/polynomial_trajectory__struct.hpp
[5.860s] -- Up-to-date symlink: /home/aimane/vnav23/labs/lab4/install/mav_planning_msgs/include/mav_planning_msgs/mav_planning_msgs/msg/detail/polynomial_trajectory__traits.hpp
[5.860s] -- Up-to-date symlink: /home/aimane/vnav23/labs/lab4/install/mav_planning_msgs/include/mav_planning_msgs/mav_planning_msgs/msg/detail/polynomial_trajectory__type_support.hpp
[5.861s] -- Up-to-date symlink: /home/aimane/vnav23/labs/lab4/install/mav_planning_msgs/include/mav_planning_msgs/mav_planning_msgs/msg/point2_d.hpp
[5.862s] -- Up-to-date symlink: /home/aimane/vnav23/labs/lab4/install/mav_planning_msgs/include/mav_planning_msgs/mav_planning_msgs/msg/point_cloud_with_pose.hpp
[5.863s] -- Up-to-date symlink: /home/aimane/vnav23/labs/lab4/install/mav_planning_msgs/include/mav_planning_msgs/mav_planning_msgs/msg/polygon2_d.hpp
[5.863s] -- Up-to-date symlink: /home/aimane/vnav23/labs/lab4/install/mav_planning_msgs/include/mav_planning_msgs/mav_planning_msgs/msg/polygon_with_holes.hpp
[5.864s] -- Up-to-date symlink: /home/aimane/vnav23/labs/lab4/install/mav_planning_msgs/include/mav_planning_msgs/mav_planning_msgs/msg/polygon_with_holes_stamped.hpp
[5.865s] -- Up-to-date symlink: /home/aimane/vnav23/labs/lab4/install/mav_planning_msgs/include/mav_planning_msgs/mav_planning_msgs/msg/polynomial_segment.hpp
[5.865s] -- Up-to-date symlink: /home/aimane/vnav23/labs/lab4/install/mav_planning_msgs/include/mav_planning_msgs/mav_planning_msgs/msg/polynomial_segment4_d.hpp
[5.866s] -- Up-to-date symlink: /home/aimane/vnav23/labs/lab4/install/mav_planning_msgs/include/mav_planning_msgs/mav_planning_msgs/msg/polynomial_trajectory.hpp
[5.867s] -- Up-to-date symlink: /home/aimane/vnav23/labs/lab4/install/mav_planning_msgs/include/mav_planning_msgs/mav_planning_msgs/msg/polynomial_trajectory4_d.hpp
[5.868s] -- Up-to-date symlink: /home/aimane/vnav23/labs/lab4/install/mav_planning_msgs/include/mav_planning_msgs/mav_planning_msgs/msg/rosidl_generator_cpp__visibility_control.hpp
[5.868s] -- Up-to-date symlink: /home/aimane/vnav23/labs/lab4/install/mav_planning_msgs/include/mav_planning_msgs/mav_planning_msgs/srv/change_name_service.hpp
[5.869s] -- Up-to-date symlink: /home/aimane/vnav23/labs/lab4/install/mav_planning_msgs/include/mav_planning_msgs/mav_planning_msgs/srv/detail/change_name_service__builder.hpp
[5.870s] -- Up-to-date symlink: /home/aimane/vnav23/labs/lab4/install/mav_planning_msgs/include/mav_planning_msgs/mav_planning_msgs/srv/detail/change_name_service__struct.hpp
[5.870s] -- Up-to-date symlink: /home/aimane/vnav23/labs/lab4/install/mav_planning_msgs/include/mav_planning_msgs/mav_planning_msgs/srv/detail/change_name_service__traits.hpp
[5.871s] -- Up-to-date symlink: /home/aimane/vnav23/labs/lab4/install/mav_planning_msgs/include/mav_planning_msgs/mav_planning_msgs/srv/detail/change_name_service__type_support.hpp
[5.872s] -- Up-to-date symlink: /home/aimane/vnav23/labs/lab4/install/mav_planning_msgs/include/mav_planning_msgs/mav_planning_msgs/srv/detail/planner_service__builder.hpp
[5.874s] -- Up-to-date symlink: /home/aimane/vnav23/labs/lab4/install/mav_planning_msgs/include/mav_planning_msgs/mav_planning_msgs/srv/detail/planner_service__struct.hpp
[5.875s] -- Up-to-date symlink: /home/aimane/vnav23/labs/lab4/install/mav_planning_msgs/include/mav_planning_msgs/mav_planning_msgs/srv/detail/planner_service__traits.hpp
[5.885s] -- Up-to-date symlink: /home/aimane/vnav23/labs/lab4/install/mav_planning_msgs/include/mav_planning_msgs/mav_planning_msgs/srv/detail/planner_service__type_support.hpp
[5.886s] -- Up-to-date symlink: /home/aimane/vnav23/labs/lab4/install/mav_planning_msgs/include/mav_planning_msgs/mav_planning_msgs/srv/detail/polygon_service__builder.hpp
[5.887s] -- Up-to-date symlink: /home/aimane/vnav23/labs/lab4/install/mav_planning_msgs/include/mav_planning_msgs/mav_planning_msgs/srv/detail/polygon_service__struct.hpp
[5.887s] -- Up-to-date symlink: /home/aimane/vnav23/labs/lab4/install/mav_planning_msgs/include/mav_planning_msgs/mav_planning_msgs/srv/detail/polygon_service__traits.hpp
[5.888s] -- Up-to-date symlink: /home/aimane/vnav23/labs/lab4/install/mav_planning_msgs/include/mav_planning_msgs/mav_planning_msgs/srv/detail/polygon_service__type_support.hpp
[5.889s] -- Up-to-date symlink: /home/aimane/vnav23/labs/lab4/install/mav_planning_msgs/include/mav_planning_msgs/mav_planning_msgs/srv/planner_service.hpp
[5.892s] -- Up-to-date symlink: /home/aimane/vnav23/labs/lab4/install/mav_planning_msgs/include/mav_planning_msgs/mav_planning_msgs/srv/polygon_service.hpp
[5.896s] -- Up-to-date symlink: /home/aimane/vnav23/labs/lab4/install/mav_planning_msgs/include/mav_planning_msgs/mav_planning_msgs/msg/detail/point2_d__rosidl_typesupport_fastrtps_cpp.hpp
[5.897s] -- Up-to-date symlink: /home/aimane/vnav23/labs/lab4/install/mav_planning_msgs/include/mav_planning_msgs/mav_planning_msgs/msg/detail/point_cloud_with_pose__rosidl_typesupport_fastrtps_cpp.hpp
[5.898s] -- Up-to-date symlink: /home/aimane/vnav23/labs/lab4/install/mav_planning_msgs/include/mav_planning_msgs/mav_planning_msgs/msg/detail/polygon2_d__rosidl_typesupport_fastrtps_cpp.hpp
[5.899s] -- Up-to-date symlink: /home/aimane/vnav23/labs/lab4/install/mav_planning_msgs/include/mav_planning_msgs/mav_planning_msgs/msg/detail/polygon_with_holes__rosidl_typesupport_fastrtps_cpp.hpp
[5.901s] -- Up-to-date symlink: /home/aimane/vnav23/labs/lab4/install/mav_planning_msgs/include/mav_planning_msgs/mav_planning_msgs/msg/detail/polygon_with_holes_stamped__rosidl_typesupport_fastrtps_cpp.hpp
[5.901s] -- Up-to-date symlink: /home/aimane/vnav23/labs/lab4/install/mav_planning_msgs/include/mav_planning_msgs/mav_planning_msgs/msg/detail/polynomial_segment4_d__rosidl_typesupport_fastrtps_cpp.hpp
[5.902s] -- Up-to-date symlink: /home/aimane/vnav23/labs/lab4/install/mav_planning_msgs/include/mav_planning_msgs/mav_planning_msgs/msg/detail/polynomial_segment__rosidl_typesupport_fastrtps_cpp.hpp
[5.903s] -- Up-to-date symlink: /home/aimane/vnav23/labs/lab4/install/mav_planning_msgs/include/mav_planning_msgs/mav_planning_msgs/msg/detail/polynomial_trajectory4_d__rosidl_typesupport_fastrtps_cpp.hpp
[5.904s] -- Up-to-date symlink: /home/aimane/vnav23/labs/lab4/install/mav_planning_msgs/include/mav_planning_msgs/mav_planning_msgs/msg/detail/polynomial_trajectory__rosidl_typesupport_fastrtps_cpp.hpp
[5.904s] -- Up-to-date symlink: /home/aimane/vnav23/labs/lab4/install/mav_planning_msgs/include/mav_planning_msgs/mav_planning_msgs/msg/rosidl_typesupport_fastrtps_cpp__visibility_control.h
[5.905s] -- Up-to-date symlink: /home/aimane/vnav23/labs/lab4/install/mav_planning_msgs/include/mav_planning_msgs/mav_planning_msgs/srv/detail/change_name_service__rosidl_typesupport_fastrtps_cpp.hpp
[5.907s] -- Up-to-date symlink: /home/aimane/vnav23/labs/lab4/install/mav_planning_msgs/include/mav_planning_msgs/mav_planning_msgs/srv/detail/planner_service__rosidl_typesupport_fastrtps_cpp.hpp
[5.908s] -- Up-to-date symlink: /home/aimane/vnav23/labs/lab4/install/mav_planning_msgs/include/mav_planning_msgs/mav_planning_msgs/srv/detail/polygon_service__rosidl_typesupport_fastrtps_cpp.hpp
[5.911s] -- Up-to-date symlink: /home/aimane/vnav23/labs/lab4/install/mav_planning_msgs/include/mav_planning_msgs/mav_planning_msgs/msg/detail/point2_d__rosidl_typesupport_introspection_cpp.hpp
[5.912s] -- Up-to-date symlink: /home/aimane/vnav23/labs/lab4/install/mav_planning_msgs/include/mav_planning_msgs/mav_planning_msgs/msg/detail/point_cloud_with_pose__rosidl_typesupport_introspection_cpp.hpp
[5.913s] -- Up-to-date symlink: /home/aimane/vnav23/labs/lab4/install/mav_planning_msgs/include/mav_planning_msgs/mav_planning_msgs/msg/detail/polygon2_d__rosidl_typesupport_introspection_cpp.hpp
[5.914s] -- Up-to-date symlink: /home/aimane/vnav23/labs/lab4/install/mav_planning_msgs/include/mav_planning_msgs/mav_planning_msgs/msg/detail/polygon_with_holes__rosidl_typesupport_introspection_cpp.hpp
[5.915s] -- Up-to-date symlink: /home/aimane/vnav23/labs/lab4/install/mav_planning_msgs/include/mav_planning_msgs/mav_planning_msgs/msg/detail/polygon_with_holes_stamped__rosidl_typesupport_introspection_cpp.hpp
[5.915s] -- Up-to-date symlink: /home/aimane/vnav23/labs/lab4/install/mav_planning_msgs/include/mav_planning_msgs/mav_planning_msgs/msg/detail/polynomial_segment4_d__rosidl_typesupport_introspection_cpp.hpp
[5.916s] -- Up-to-date symlink: /home/aimane/vnav23/labs/lab4/install/mav_planning_msgs/include/mav_planning_msgs/mav_planning_msgs/msg/detail/polynomial_segment__rosidl_typesupport_introspection_cpp.hpp
[5.917s] -- Up-to-date symlink: /home/aimane/vnav23/labs/lab4/install/mav_planning_msgs/include/mav_planning_msgs/mav_planning_msgs/msg/detail/polynomial_trajectory4_d__rosidl_typesupport_introspection_cpp.hpp
[5.918s] -- Up-to-date symlink: /home/aimane/vnav23/labs/lab4/install/mav_planning_msgs/include/mav_planning_msgs/mav_planning_msgs/msg/detail/polynomial_trajectory__rosidl_typesupport_introspection_cpp.hpp
[5.919s] -- Up-to-date symlink: /home/aimane/vnav23/labs/lab4/install/mav_planning_msgs/include/mav_planning_msgs/mav_planning_msgs/srv/detail/change_name_service__rosidl_typesupport_introspection_cpp.hpp
[5.920s] -- Up-to-date symlink: /home/aimane/vnav23/labs/lab4/install/mav_planning_msgs/include/mav_planning_msgs/mav_planning_msgs/srv/detail/planner_service__rosidl_typesupport_introspection_cpp.hpp
[5.920s] -- Up-to-date symlink: /home/aimane/vnav23/labs/lab4/install/mav_planning_msgs/include/mav_planning_msgs/mav_planning_msgs/srv/detail/polygon_service__rosidl_typesupport_introspection_cpp.hpp
[5.921s] -- Up-to-date symlink: /home/aimane/vnav23/labs/lab4/install/mav_planning_msgs/share/mav_planning_msgs/environment/pythonpath.sh
[5.922s] -- Up-to-date symlink: /home/aimane/vnav23/labs/lab4/install/mav_planning_msgs/share/mav_planning_msgs/environment/pythonpath.dsv
[5.924s] -- Up-to-date symlink: /home/aimane/vnav23/labs/lab4/install/mav_planning_msgs/local/lib/python3.10/dist-packages/mav_planning_msgs-3.3.3-py3.10.egg-info/PKG-INFO
[5.925s] -- Up-to-date symlink: /home/aimane/vnav23/labs/lab4/install/mav_planning_msgs/local/lib/python3.10/dist-packages/mav_planning_msgs-3.3.3-py3.10.egg-info/SOURCES.txt
[5.925s] -- Up-to-date symlink: /home/aimane/vnav23/labs/lab4/install/mav_planning_msgs/local/lib/python3.10/dist-packages/mav_planning_msgs-3.3.3-py3.10.egg-info/dependency_links.txt
[5.926s] -- Up-to-date symlink: /home/aimane/vnav23/labs/lab4/install/mav_planning_msgs/local/lib/python3.10/dist-packages/mav_planning_msgs-3.3.3-py3.10.egg-info/top_level.txt
[5.931s] -- Up-to-date symlink: /home/aimane/vnav23/labs/lab4/install/mav_planning_msgs/local/lib/python3.10/dist-packages/mav_planning_msgs/__init__.py
[5.932s] -- Up-to-date symlink: /home/aimane/vnav23/labs/lab4/install/mav_planning_msgs/local/lib/python3.10/dist-packages/mav_planning_msgs/_mav_planning_msgs_s.ep.rosidl_typesupport_c.c
[5.933s] -- Up-to-date symlink: /home/aimane/vnav23/labs/lab4/install/mav_planning_msgs/local/lib/python3.10/dist-packages/mav_planning_msgs/_mav_planning_msgs_s.ep.rosidl_typesupport_fastrtps_c.c
[5.934s] -- Up-to-date symlink: /home/aimane/vnav23/labs/lab4/install/mav_planning_msgs/local/lib/python3.10/dist-packages/mav_planning_msgs/_mav_planning_msgs_s.ep.rosidl_typesupport_introspection_c.c
[5.936s] -- Up-to-date symlink: /home/aimane/vnav23/labs/lab4/install/mav_planning_msgs/local/lib/python3.10/dist-packages/mav_planning_msgs/libmav_planning_msgs__rosidl_generator_py.so
[5.938s] -- Up-to-date symlink: /home/aimane/vnav23/labs/lab4/install/mav_planning_msgs/local/lib/python3.10/dist-packages/mav_planning_msgs/mav_planning_msgs_s__rosidl_typesupport_c.cpython-310-x86_64-linux-gnu.so
[5.939s] -- Up-to-date symlink: /home/aimane/vnav23/labs/lab4/install/mav_planning_msgs/local/lib/python3.10/dist-packages/mav_planning_msgs/mav_planning_msgs_s__rosidl_typesupport_fastrtps_c.cpython-310-x86_64-linux-gnu.so
[5.940s] -- Up-to-date symlink: /home/aimane/vnav23/labs/lab4/install/mav_planning_msgs/local/lib/python3.10/dist-packages/mav_planning_msgs/mav_planning_msgs_s__rosidl_typesupport_introspection_c.cpython-310-x86_64-linux-gnu.so
[5.941s] -- Up-to-date symlink: /home/aimane/vnav23/labs/lab4/install/mav_planning_msgs/local/lib/python3.10/dist-packages/mav_planning_msgs/msg/__init__.py
[5.942s] -- Up-to-date symlink: /home/aimane/vnav23/labs/lab4/install/mav_planning_msgs/local/lib/python3.10/dist-packages/mav_planning_msgs/msg/_point2_d.py
[5.943s] -- Up-to-date symlink: /home/aimane/vnav23/labs/lab4/install/mav_planning_msgs/local/lib/python3.10/dist-packages/mav_planning_msgs/msg/_point2_d_s.c
[5.943s] -- Up-to-date symlink: /home/aimane/vnav23/labs/lab4/install/mav_planning_msgs/local/lib/python3.10/dist-packages/mav_planning_msgs/msg/_point_cloud_with_pose.py
[5.944s] -- Up-to-date symlink: /home/aimane/vnav23/labs/lab4/install/mav_planning_msgs/local/lib/python3.10/dist-packages/mav_planning_msgs/msg/_point_cloud_with_pose_s.c
[5.945s] -- Up-to-date symlink: /home/aimane/vnav23/labs/lab4/install/mav_planning_msgs/local/lib/python3.10/dist-packages/mav_planning_msgs/msg/_polygon2_d.py
[5.946s] -- Up-to-date symlink: /home/aimane/vnav23/labs/lab4/install/mav_planning_msgs/local/lib/python3.10/dist-packages/mav_planning_msgs/msg/_polygon2_d_s.c
[5.947s] -- Up-to-date symlink: /home/aimane/vnav23/labs/lab4/install/mav_planning_msgs/local/lib/python3.10/dist-packages/mav_planning_msgs/msg/_polygon_with_holes.py
[5.948s] -- Up-to-date symlink: /home/aimane/vnav23/labs/lab4/install/mav_planning_msgs/local/lib/python3.10/dist-packages/mav_planning_msgs/msg/_polygon_with_holes_s.c
[5.949s] -- Up-to-date symlink: /home/aimane/vnav23/labs/lab4/install/mav_planning_msgs/local/lib/python3.10/dist-packages/mav_planning_msgs/msg/_polygon_with_holes_stamped.py
[5.949s] -- Up-to-date symlink: /home/aimane/vnav23/labs/lab4/install/mav_planning_msgs/local/lib/python3.10/dist-packages/mav_planning_msgs/msg/_polygon_with_holes_stamped_s.c
[5.950s] -- Up-to-date symlink: /home/aimane/vnav23/labs/lab4/install/mav_planning_msgs/local/lib/python3.10/dist-packages/mav_planning_msgs/msg/_polynomial_segment.py
[5.951s] -- Up-to-date symlink: /home/aimane/vnav23/labs/lab4/install/mav_planning_msgs/local/lib/python3.10/dist-packages/mav_planning_msgs/msg/_polynomial_segment4_d.py
[5.952s] -- Up-to-date symlink: /home/aimane/vnav23/labs/lab4/install/mav_planning_msgs/local/lib/python3.10/dist-packages/mav_planning_msgs/msg/_polynomial_segment4_d_s.c
[5.952s] -- Up-to-date symlink: /home/aimane/vnav23/labs/lab4/install/mav_planning_msgs/local/lib/python3.10/dist-packages/mav_planning_msgs/msg/_polynomial_segment_s.c
[5.953s] -- Up-to-date symlink: /home/aimane/vnav23/labs/lab4/install/mav_planning_msgs/local/lib/python3.10/dist-packages/mav_planning_msgs/msg/_polynomial_trajectory.py
[5.954s] -- Up-to-date symlink: /home/aimane/vnav23/labs/lab4/install/mav_planning_msgs/local/lib/python3.10/dist-packages/mav_planning_msgs/msg/_polynomial_trajectory4_d.py
[5.955s] -- Up-to-date symlink: /home/aimane/vnav23/labs/lab4/install/mav_planning_msgs/local/lib/python3.10/dist-packages/mav_planning_msgs/msg/_polynomial_trajectory4_d_s.c
[5.955s] -- Up-to-date symlink: /home/aimane/vnav23/labs/lab4/install/mav_planning_msgs/local/lib/python3.10/dist-packages/mav_planning_msgs/msg/_polynomial_trajectory_s.c
[5.956s] -- Up-to-date symlink: /home/aimane/vnav23/labs/lab4/install/mav_planning_msgs/local/lib/python3.10/dist-packages/mav_planning_msgs/srv/__init__.py
[5.957s] -- Up-to-date symlink: /home/aimane/vnav23/labs/lab4/install/mav_planning_msgs/local/lib/python3.10/dist-packages/mav_planning_msgs/srv/_change_name_service.py
[5.958s] -- Up-to-date symlink: /home/aimane/vnav23/labs/lab4/install/mav_planning_msgs/local/lib/python3.10/dist-packages/mav_planning_msgs/srv/_change_name_service_s.c
[5.958s] -- Up-to-date symlink: /home/aimane/vnav23/labs/lab4/install/mav_planning_msgs/local/lib/python3.10/dist-packages/mav_planning_msgs/srv/_planner_service.py
[5.959s] -- Up-to-date symlink: /home/aimane/vnav23/labs/lab4/install/mav_planning_msgs/local/lib/python3.10/dist-packages/mav_planning_msgs/srv/_planner_service_s.c
[5.960s] -- Up-to-date symlink: /home/aimane/vnav23/labs/lab4/install/mav_planning_msgs/local/lib/python3.10/dist-packages/mav_planning_msgs/srv/_polygon_service.py
[5.961s] -- Up-to-date symlink: /home/aimane/vnav23/labs/lab4/install/mav_planning_msgs/local/lib/python3.10/dist-packages/mav_planning_msgs/srv/_polygon_service_s.c
[5.962s] -- Up-to-date symlink: /home/aimane/vnav23/labs/lab4/install/mav_planning_msgs/local/lib/python3.10/dist-packages/mav_planning_msgs/mav_planning_msgs_s__rosidl_typesupport_fastrtps_c.cpython-310-x86_64-linux-gnu.so
[5.963s] -- Up-to-date symlink: /home/aimane/vnav23/labs/lab4/install/mav_planning_msgs/local/lib/python3.10/dist-packages/mav_planning_msgs/mav_planning_msgs_s__rosidl_typesupport_introspection_c.cpython-310-x86_64-linux-gnu.so
[5.964s] -- Up-to-date symlink: /home/aimane/vnav23/labs/lab4/install/mav_planning_msgs/local/lib/python3.10/dist-packages/mav_planning_msgs/mav_planning_msgs_s__rosidl_typesupport_c.cpython-310-x86_64-linux-gnu.so
[5.965s] -- Up-to-date symlink: /home/aimane/vnav23/labs/lab4/install/mav_planning_msgs/share/mav_planning_msgs/msg/Point2D.idl
[5.966s] -- Up-to-date symlink: /home/aimane/vnav23/labs/lab4/install/mav_planning_msgs/share/mav_planning_msgs/msg/PointCloudWithPose.idl
[5.967s] -- Up-to-date symlink: /home/aimane/vnav23/labs/lab4/install/mav_planning_msgs/share/mav_planning_msgs/msg/Polygon2D.idl
[5.968s] -- Up-to-date symlink: /home/aimane/vnav23/labs/lab4/install/mav_planning_msgs/share/mav_planning_msgs/msg/PolygonWithHoles.idl
[5.968s] -- Up-to-date symlink: /home/aimane/vnav23/labs/lab4/install/mav_planning_msgs/share/mav_planning_msgs/msg/PolygonWithHolesStamped.idl
[5.969s] -- Up-to-date symlink: /home/aimane/vnav23/labs/lab4/install/mav_planning_msgs/share/mav_planning_msgs/msg/PolynomialSegment.idl
[5.970s] -- Up-to-date symlink: /home/aimane/vnav23/labs/lab4/install/mav_planning_msgs/share/mav_planning_msgs/msg/PolynomialSegment4D.idl
[5.971s] -- Up-to-date symlink: /home/aimane/vnav23/labs/lab4/install/mav_planning_msgs/share/mav_planning_msgs/msg/PolynomialTrajectory.idl
[5.972s] -- Up-to-date symlink: /home/aimane/vnav23/labs/lab4/install/mav_planning_msgs/share/mav_planning_msgs/msg/PolynomialTrajectory4D.idl
[5.978s] -- Up-to-date symlink: /home/aimane/vnav23/labs/lab4/install/mav_planning_msgs/share/mav_planning_msgs/srv/PlannerService.idl
[5.981s] -- Up-to-date symlink: /home/aimane/vnav23/labs/lab4/install/mav_planning_msgs/share/mav_planning_msgs/srv/PolygonService.idl
[5.983s] -- Up-to-date symlink: /home/aimane/vnav23/labs/lab4/install/mav_planning_msgs/share/mav_planning_msgs/srv/ChangeNameService.idl
[5.983s] -- Up-to-date symlink: /home/aimane/vnav23/labs/lab4/install/mav_planning_msgs/share/mav_planning_msgs/msg/Point2D.msg
[5.984s] -- Up-to-date symlink: /home/aimane/vnav23/labs/lab4/install/mav_planning_msgs/share/mav_planning_msgs/msg/PointCloudWithPose.msg
[5.985s] -- Up-to-date symlink: /home/aimane/vnav23/labs/lab4/install/mav_planning_msgs/share/mav_planning_msgs/msg/Polygon2D.msg
[5.986s] -- Up-to-date symlink: /home/aimane/vnav23/labs/lab4/install/mav_planning_msgs/share/mav_planning_msgs/msg/PolygonWithHoles.msg
[5.987s] -- Up-to-date symlink: /home/aimane/vnav23/labs/lab4/install/mav_planning_msgs/share/mav_planning_msgs/msg/PolygonWithHolesStamped.msg
[5.988s] -- Up-to-date symlink: /home/aimane/vnav23/labs/lab4/install/mav_planning_msgs/share/mav_planning_msgs/msg/PolynomialSegment.msg
[5.990s] -- Up-to-date symlink: /home/aimane/vnav23/labs/lab4/install/mav_planning_msgs/share/mav_planning_msgs/msg/PolynomialSegment4D.msg
[5.992s] -- Up-to-date symlink: /home/aimane/vnav23/labs/lab4/install/mav_planning_msgs/share/mav_planning_msgs/msg/PolynomialTrajectory.msg
[5.992s] -- Up-to-date symlink: /home/aimane/vnav23/labs/lab4/install/mav_planning_msgs/share/mav_planning_msgs/msg/PolynomialTrajectory4D.msg
[5.993s] -- Up-to-date symlink: /home/aimane/vnav23/labs/lab4/install/mav_planning_msgs/share/mav_planning_msgs/srv/PlannerService.srv
[5.994s] -- Up-to-date symlink: /home/aimane/vnav23/labs/lab4/install/mav_planning_msgs/share/mav_planning_msgs/srv/PlannerService_Request.msg
[5.995s] -- Up-to-date symlink: /home/aimane/vnav23/labs/lab4/install/mav_planning_msgs/share/mav_planning_msgs/srv/PlannerService_Response.msg
[5.997s] -- Up-to-date symlink: /home/aimane/vnav23/labs/lab4/install/mav_planning_msgs/share/mav_planning_msgs/srv/PolygonService.srv
[5.998s] -- Up-to-date symlink: /home/aimane/vnav23/labs/lab4/install/mav_planning_msgs/share/mav_planning_msgs/srv/PolygonService_Request.msg
[5.999s] -- Up-to-date symlink: /home/aimane/vnav23/labs/lab4/install/mav_planning_msgs/share/mav_planning_msgs/srv/PolygonService_Response.msg
[6.000s] -- Up-to-date symlink: /home/aimane/vnav23/labs/lab4/install/mav_planning_msgs/share/mav_planning_msgs/srv/ChangeNameService.srv
[6.001s] -- Up-to-date symlink: /home/aimane/vnav23/labs/lab4/install/mav_planning_msgs/share/mav_planning_msgs/srv/ChangeNameService_Request.msg
[6.002s] -- Up-to-date symlink: /home/aimane/vnav23/labs/lab4/install/mav_planning_msgs/share/mav_planning_msgs/srv/ChangeNameService_Response.msg
[6.003s] -- Up-to-date symlink: /home/aimane/vnav23/labs/lab4/install/mav_planning_msgs/share/ament_index/resource_index/package_run_dependencies/mav_planning_msgs
[6.004s] -- Up-to-date symlink: /home/aimane/vnav23/labs/lab4/install/mav_planning_msgs/share/ament_index/resource_index/parent_prefix_path/mav_planning_msgs
[6.005s] -- Up-to-date symlink: /home/aimane/vnav23/labs/lab4/install/mav_planning_msgs/share/mav_planning_msgs/environment/ament_prefix_path.sh
[6.006s] -- Up-to-date symlink: /home/aimane/vnav23/labs/lab4/install/mav_planning_msgs/share/mav_planning_msgs/environment/ament_prefix_path.dsv
[6.007s] -- Up-to-date symlink: /home/aimane/vnav23/labs/lab4/install/mav_planning_msgs/share/mav_planning_msgs/environment/path.sh
[6.008s] -- Up-to-date symlink: /home/aimane/vnav23/labs/lab4/install/mav_planning_msgs/share/mav_planning_msgs/environment/path.dsv
[6.008s] -- Up-to-date symlink: /home/aimane/vnav23/labs/lab4/install/mav_planning_msgs/share/mav_planning_msgs/local_setup.bash
[6.009s] -- Up-to-date symlink: /home/aimane/vnav23/labs/lab4/install/mav_planning_msgs/share/mav_planning_msgs/local_setup.sh
[6.010s] -- Up-to-date symlink: /home/aimane/vnav23/labs/lab4/install/mav_planning_msgs/share/mav_planning_msgs/local_setup.zsh
[6.011s] -- Up-to-date symlink: /home/aimane/vnav23/labs/lab4/install/mav_planning_msgs/share/mav_planning_msgs/local_setup.dsv
[6.012s] -- Symlinking: /home/aimane/vnav23/labs/lab4/install/mav_planning_msgs/share/mav_planning_msgs/package.dsv
[6.054s] -- Up-to-date symlink: /home/aimane/vnav23/labs/lab4/install/mav_planning_msgs/share/ament_index/resource_index/packages/mav_planning_msgs
[6.055s] -- Up-to-date symlink: /home/aimane/vnav23/labs/lab4/install/mav_planning_msgs/share/mav_planning_msgs/cmake/rosidl_cmake-extras.cmake
[6.056s] -- Up-to-date symlink: /home/aimane/vnav23/labs/lab4/install/mav_planning_msgs/share/mav_planning_msgs/cmake/ament_cmake_export_dependencies-extras.cmake
[6.057s] -- Up-to-date symlink: /home/aimane/vnav23/labs/lab4/install/mav_planning_msgs/share/mav_planning_msgs/cmake/ament_cmake_export_include_directories-extras.cmake
[6.058s] -- Up-to-date symlink: /home/aimane/vnav23/labs/lab4/install/mav_planning_msgs/share/mav_planning_msgs/cmake/ament_cmake_export_libraries-extras.cmake
[6.059s] -- Up-to-date symlink: /home/aimane/vnav23/labs/lab4/install/mav_planning_msgs/share/mav_planning_msgs/cmake/ament_cmake_export_targets-extras.cmake
[6.060s] -- Up-to-date symlink: /home/aimane/vnav23/labs/lab4/install/mav_planning_msgs/share/mav_planning_msgs/cmake/rosidl_cmake_export_typesupport_targets-extras.cmake
[6.061s] -- Up-to-date symlink: /home/aimane/vnav23/labs/lab4/install/mav_planning_msgs/share/mav_planning_msgs/cmake/rosidl_cmake_export_typesupport_libraries-extras.cmake
[6.063s] -- Up-to-date symlink: /home/aimane/vnav23/labs/lab4/install/mav_planning_msgs/share/mav_planning_msgs/cmake/mav_planning_msgsConfig.cmake
[6.063s] -- Up-to-date symlink: /home/aimane/vnav23/labs/lab4/install/mav_planning_msgs/share/mav_planning_msgs/cmake/mav_planning_msgsConfig-version.cmake
[6.064s] -- Up-to-date symlink: /home/aimane/vnav23/labs/lab4/install/mav_planning_msgs/share/mav_planning_msgs/package.xml
[6.065s] -- Up-to-date: /home/aimane/vnav23/labs/lab4/install/mav_planning_msgs/lib/libmav_planning_msgs__rosidl_generator_c.so
[6.067s] -- Up-to-date: /home/aimane/vnav23/labs/lab4/install/mav_planning_msgs/lib/libmav_planning_msgs__rosidl_typesupport_fastrtps_c.so
[6.068s] -- Up-to-date: /home/aimane/vnav23/labs/lab4/install/mav_planning_msgs/lib/libmav_planning_msgs__rosidl_typesupport_introspection_c.so
[6.070s] -- Up-to-date: /home/aimane/vnav23/labs/lab4/install/mav_planning_msgs/lib/libmav_planning_msgs__rosidl_typesupport_c.so
[6.071s] -- Up-to-date: /home/aimane/vnav23/labs/lab4/install/mav_planning_msgs/lib/libmav_planning_msgs__rosidl_typesupport_fastrtps_cpp.so
[6.072s] -- Up-to-date: /home/aimane/vnav23/labs/lab4/install/mav_planning_msgs/lib/libmav_planning_msgs__rosidl_typesupport_introspection_cpp.so
[6.080s] -- Up-to-date: /home/aimane/vnav23/labs/lab4/install/mav_planning_msgs/lib/libmav_planning_msgs__rosidl_typesupport_cpp.so
[6.206s] Listing '/home/aimane/vnav23/labs/lab4/install/mav_planning_msgs/local/lib/python3.10/dist-packages/mav_planning_msgs'...
[6.206s] Listing '/home/aimane/vnav23/labs/lab4/install/mav_planning_msgs/local/lib/python3.10/dist-packages/mav_planning_msgs/msg'...
[6.206s] Listing '/home/aimane/vnav23/labs/lab4/install/mav_planning_msgs/local/lib/python3.10/dist-packages/mav_planning_msgs/srv'...
[6.218s] -- Up-to-date: /home/aimane/vnav23/labs/lab4/install/mav_planning_msgs/lib/libmav_planning_msgs__rosidl_generator_py.so
[6.219s] -- Up-to-date: /home/aimane/vnav23/labs/lab4/install/mav_planning_msgs/include/mav_planning_msgs
[6.220s] -- Up-to-date: /home/aimane/vnav23/labs/lab4/install/mav_planning_msgs/include/mav_planning_msgs/conversions.hpp
[6.220s] -- Up-to-date: /home/aimane/vnav23/labs/lab4/install/mav_planning_msgs/include/mav_planning_msgs/conversions_deprecated.hpp
[6.221s] -- Up-to-date: /home/aimane/vnav23/labs/lab4/install/mav_planning_msgs/include/mav_planning_msgs/eigen_planning_msgs.hpp
[6.221s] -- Up-to-date: /home/aimane/vnav23/labs/lab4/install/mav_planning_msgs/share/mav_planning_msgs/cmake/export_mav_planning_msgs__rosidl_generator_cExport.cmake
[6.222s] -- Up-to-date: /home/aimane/vnav23/labs/lab4/install/mav_planning_msgs/share/mav_planning_msgs/cmake/export_mav_planning_msgs__rosidl_generator_cExport-noconfig.cmake
[6.224s] -- Up-to-date: /home/aimane/vnav23/labs/lab4/install/mav_planning_msgs/share/mav_planning_msgs/cmake/export_mav_planning_msgs__rosidl_typesupport_fastrtps_cExport.cmake
[6.225s] -- Up-to-date: /home/aimane/vnav23/labs/lab4/install/mav_planning_msgs/share/mav_planning_msgs/cmake/export_mav_planning_msgs__rosidl_typesupport_fastrtps_cExport-noconfig.cmake
[6.226s] -- Up-to-date: /home/aimane/vnav23/labs/lab4/install/mav_planning_msgs/share/mav_planning_msgs/cmake/mav_planning_msgs__rosidl_typesupport_introspection_cExport.cmake
[6.227s] -- Up-to-date: /home/aimane/vnav23/labs/lab4/install/mav_planning_msgs/share/mav_planning_msgs/cmake/mav_planning_msgs__rosidl_typesupport_introspection_cExport-noconfig.cmake
[6.227s] -- Up-to-date: /home/aimane/vnav23/labs/lab4/install/mav_planning_msgs/share/mav_planning_msgs/cmake/mav_planning_msgs__rosidl_typesupport_cExport.cmake
[6.228s] -- Up-to-date: /home/aimane/vnav23/labs/lab4/install/mav_planning_msgs/share/mav_planning_msgs/cmake/mav_planning_msgs__rosidl_typesupport_cExport-noconfig.cmake
[6.229s] -- Up-to-date: /home/aimane/vnav23/labs/lab4/install/mav_planning_msgs/share/mav_planning_msgs/cmake/export_mav_planning_msgs__rosidl_generator_cppExport.cmake
[6.230s] -- Up-to-date: /home/aimane/vnav23/labs/lab4/install/mav_planning_msgs/share/mav_planning_msgs/cmake/export_mav_planning_msgs__rosidl_typesupport_fastrtps_cppExport.cmake
[6.231s] -- Up-to-date: /home/aimane/vnav23/labs/lab4/install/mav_planning_msgs/share/mav_planning_msgs/cmake/export_mav_planning_msgs__rosidl_typesupport_fastrtps_cppExport-noconfig.cmake
[6.235s] -- Up-to-date: /home/aimane/vnav23/labs/lab4/install/mav_planning_msgs/share/mav_planning_msgs/cmake/mav_planning_msgs__rosidl_typesupport_introspection_cppExport.cmake
[6.235s] -- Up-to-date: /home/aimane/vnav23/labs/lab4/install/mav_planning_msgs/share/mav_planning_msgs/cmake/mav_planning_msgs__rosidl_typesupport_introspection_cppExport-noconfig.cmake
[6.235s] -- Up-to-date: /home/aimane/vnav23/labs/lab4/install/mav_planning_msgs/share/mav_planning_msgs/cmake/mav_planning_msgs__rosidl_typesupport_cppExport.cmake
[6.235s] -- Up-to-date: /home/aimane/vnav23/labs/lab4/install/mav_planning_msgs/share/mav_planning_msgs/cmake/mav_planning_msgs__rosidl_typesupport_cppExport-noconfig.cmake
[6.235s] -- Up-to-date: /home/aimane/vnav23/labs/lab4/install/mav_planning_msgs/share/mav_planning_msgs/cmake/export_mav_planning_msgs__rosidl_generator_pyExport.cmake
[6.240s] -- Up-to-date: /home/aimane/vnav23/labs/lab4/install/mav_planning_msgs/share/mav_planning_msgs/cmake/export_mav_planning_msgs__rosidl_generator_pyExport-noconfig.cmake
[6.248s] Invoked command in '/home/aimane/vnav23/labs/lab4/build/mav_planning_msgs' returned '0': CMAKE_PREFIX_PATH=/home/aimane/vnav23/labs/lab4/install/mav_msgs:/home/aimane/vnav23/labs/lab4/install/trajectory_generation:/home/aimane/vnav23/labs/lab4/install/tesse_msgs:/home/aimane/vnav23/labs/lab4/install/planner_pkg:/home/aimane/vnav23/labs/lab4/install/tesse_ros_bridge:/opt/ros/humble:/home/aimane/vnav23/labs/lab4/install/mav_visualization:/home/aimane/vnav23/labs/lab4/install/mav_trajectory_generation:/home/aimane/vnav23/labs/lab4/install/mav_comm:/home/aimane/vnav23/labs/lab4/install/mav_system_msgs:/home/aimane/vnav23/labs/lab4/install/mav_state_machine_msgs:/home/aimane/vnav23/labs/lab4/install/mav_planning_msgs:/home/aimane/vnav23/labs/lab4/install/controller_pkg:/home/aimane/mavros_ws/install/mavros_extras:/home/aimane/mavros_ws/install/mavros_examples:/home/aimane/mavros_ws/install/mavros:/home/aimane/mavros_ws/install/mavros_msgs:/home/aimane/mavros_ws/install/libmavconn LD_LIBRARY_PATH=/home/aimane/vnav23/labs/lab4/install/mav_msgs/lib:/home/aimane/vnav23/labs/lab4/install/tesse_msgs/lib:/home/aimane/vnav23/labs/lab4/install/mav_trajectory_generation/lib:/home/aimane/vnav23/labs/lab4/install/mav_system_msgs/lib:/home/aimane/vnav23/labs/lab4/install/mav_state_machine_msgs/lib:/home/aimane/vnav23/labs/lab4/install/mav_planning_msgs/lib:/home/aimane/mavros_ws/install/mavros_extras/lib:/home/aimane/mavros_ws/install/mavros/lib:/home/aimane/mavros_ws/install/mavros_msgs/lib:/home/aimane/mavros_ws/install/libmavconn/lib:/opt/ros/humble/opt/rviz_ogre_vendor/lib:/opt/ros/humble/lib/x86_64-linux-gnu:/opt/ros/humble/lib /usr/bin/cmake --install /home/aimane/vnav23/labs/lab4/build/mav_planning_msgs
