[0.108s] Invoking command in '/home/aimane/vnav23/labs/lab4/build/mav_system_msgs': CMAKE_PREFIX_PATH=/home/aimane/vnav23/labs/lab4/install/trajectory_generation:/home/aimane/vnav23/labs/lab4/install/tesse_msgs:/home/aimane/vnav23/labs/lab4/install/planner_pkg:/home/aimane/vnav23/labs/lab4/install/tesse_ros_bridge:/opt/ros/humble:/home/aimane/vnav23/labs/lab4/install/mav_visualization:/home/aimane/vnav23/labs/lab4/install/mav_trajectory_generation:/home/aimane/vnav23/labs/lab4/install/mav_comm:/home/aimane/vnav23/labs/lab4/install/mav_system_msgs:/home/aimane/vnav23/labs/lab4/install/mav_state_machine_msgs:/home/aimane/vnav23/labs/lab4/install/mav_planning_msgs:/home/aimane/vnav23/labs/lab4/install/controller_pkg:/home/aimane/vnav23/labs/lab4/install/mav_msgs:/home/aimane/mavros_ws/install/mavros_extras:/home/aimane/mavros_ws/install/mavros_examples:/home/aimane/mavros_ws/install/mavros:/home/aimane/mavros_ws/install/mavros_msgs:/home/aimane/mavros_ws/install/libmavconn /usr/bin/cmake --build /home/aimane/vnav23/labs/lab4/build/mav_system_msgs -- -j8 -l8
[1.387s] [  3%] Built target mav_system_msgs__cpp
[1.392s] [ 17%] Built target mav_system_msgs__rosidl_generator_c
[1.392s] [ 31%] Built target mav_system_msgs__rosidl_typesupport_c
[1.393s] [ 44%] Built target mav_system_msgs__rosidl_typesupport_introspection_c
[1.393s] [ 58%] Built target mav_system_msgs__rosidl_typesupport_introspection_cpp
[1.393s] [ 72%] Built target mav_system_msgs__rosidl_typesupport_cpp
[1.393s] [ 86%] Built target mav_system_msgs__rosidl_typesupport_fastrtps_c
[1.393s] [100%] Built target mav_system_msgs__rosidl_typesupport_fastrtps_cpp
[1.393s] [100%] Built target mav_system_msgs
[2.304s] Invoked command in '/home/aimane/vnav23/labs/lab4/build/mav_system_msgs' returned '0': CMAKE_PREFIX_PATH=/home/aimane/vnav23/labs/lab4/install/trajectory_generation:/home/aimane/vnav23/labs/lab4/install/tesse_msgs:/home/aimane/vnav23/labs/lab4/install/planner_pkg:/home/aimane/vnav23/labs/lab4/install/tesse_ros_bridge:/opt/ros/humble:/home/aimane/vnav23/labs/lab4/install/mav_visualization:/home/aimane/vnav23/labs/lab4/install/mav_trajectory_generation:/home/aimane/vnav23/labs/lab4/install/mav_comm:/home/aimane/vnav23/labs/lab4/install/mav_system_msgs:/home/aimane/vnav23/labs/lab4/install/mav_state_machine_msgs:/home/aimane/vnav23/labs/lab4/install/mav_planning_msgs:/home/aimane/vnav23/labs/lab4/install/controller_pkg:/home/aimane/vnav23/labs/lab4/install/mav_msgs:/home/aimane/mavros_ws/install/mavros_extras:/home/aimane/mavros_ws/install/mavros_examples:/home/aimane/mavros_ws/install/mavros:/home/aimane/mavros_ws/install/mavros_msgs:/home/aimane/mavros_ws/install/libmavconn /usr/bin/cmake --build /home/aimane/vnav23/labs/lab4/build/mav_system_msgs -- -j8 -l8
[2.304s] Invoking command in '/home/aimane/vnav23/labs/lab4/build/mav_system_msgs': CMAKE_PREFIX_PATH=/home/aimane/vnav23/labs/lab4/install/trajectory_generation:/home/aimane/vnav23/labs/lab4/install/tesse_msgs:/home/aimane/vnav23/labs/lab4/install/planner_pkg:/home/aimane/vnav23/labs/lab4/install/tesse_ros_bridge:/opt/ros/humble:/home/aimane/vnav23/labs/lab4/install/mav_visualization:/home/aimane/vnav23/labs/lab4/install/mav_trajectory_generation:/home/aimane/vnav23/labs/lab4/install/mav_comm:/home/aimane/vnav23/labs/lab4/install/mav_system_msgs:/home/aimane/vnav23/labs/lab4/install/mav_state_machine_msgs:/home/aimane/vnav23/labs/lab4/install/mav_planning_msgs:/home/aimane/vnav23/labs/lab4/install/controller_pkg:/home/aimane/vnav23/labs/lab4/install/mav_msgs:/home/aimane/mavros_ws/install/mavros_extras:/home/aimane/mavros_ws/install/mavros_examples:/home/aimane/mavros_ws/install/mavros:/home/aimane/mavros_ws/install/mavros_msgs:/home/aimane/mavros_ws/install/libmavconn /usr/bin/cmake --install /home/aimane/vnav23/labs/lab4/build/mav_system_msgs
[2.400s] -- Install configuration: ""
[2.407s] -- Execute custom install script
[2.407s] -- Up-to-date symlink: /home/aimane/vnav23/labs/lab4/install/mav_system_msgs/share/ament_index/resource_index/rosidl_interfaces/mav_system_msgs
[2.418s] -- Up-to-date symlink: /home/aimane/vnav23/labs/lab4/install/mav_system_msgs/include/mav_system_msgs/mav_system_msgs/msg/cpu_info.h
[2.426s] -- Up-to-date symlink: /home/aimane/vnav23/labs/lab4/install/mav_system_msgs/include/mav_system_msgs/mav_system_msgs/msg/detail/cpu_info__functions.h
[2.427s] -- Up-to-date symlink: /home/aimane/vnav23/labs/lab4/install/mav_system_msgs/include/mav_system_msgs/mav_system_msgs/msg/detail/cpu_info__struct.h
[2.427s] -- Up-to-date symlink: /home/aimane/vnav23/labs/lab4/install/mav_system_msgs/include/mav_system_msgs/mav_system_msgs/msg/detail/cpu_info__type_support.h
[2.427s] -- Up-to-date symlink: /home/aimane/vnav23/labs/lab4/install/mav_system_msgs/include/mav_system_msgs/mav_system_msgs/msg/detail/process_info__functions.h
[2.429s] -- Up-to-date symlink: /home/aimane/vnav23/labs/lab4/install/mav_system_msgs/include/mav_system_msgs/mav_system_msgs/msg/detail/process_info__struct.h
[2.434s] -- Up-to-date symlink: /home/aimane/vnav23/labs/lab4/install/mav_system_msgs/include/mav_system_msgs/mav_system_msgs/msg/detail/process_info__type_support.h
[2.434s] -- Up-to-date symlink: /home/aimane/vnav23/labs/lab4/install/mav_system_msgs/include/mav_system_msgs/mav_system_msgs/msg/process_info.h
[2.437s] -- Up-to-date symlink: /home/aimane/vnav23/labs/lab4/install/mav_system_msgs/include/mav_system_msgs/mav_system_msgs/msg/rosidl_generator_c__visibility_control.h
[2.438s] -- Up-to-date symlink: /home/aimane/vnav23/labs/lab4/install/mav_system_msgs/share/mav_system_msgs/environment/library_path.sh
[2.438s] -- Up-to-date symlink: /home/aimane/vnav23/labs/lab4/install/mav_system_msgs/share/mav_system_msgs/environment/library_path.dsv
[2.455s] -- Up-to-date symlink: /home/aimane/vnav23/labs/lab4/install/mav_system_msgs/include/mav_system_msgs/mav_system_msgs/msg/detail/cpu_info__rosidl_typesupport_fastrtps_c.h
[2.455s] -- Up-to-date symlink: /home/aimane/vnav23/labs/lab4/install/mav_system_msgs/include/mav_system_msgs/mav_system_msgs/msg/detail/process_info__rosidl_typesupport_fastrtps_c.h
[2.455s] -- Up-to-date symlink: /home/aimane/vnav23/labs/lab4/install/mav_system_msgs/include/mav_system_msgs/mav_system_msgs/msg/rosidl_typesupport_fastrtps_c__visibility_control.h
[2.460s] -- Up-to-date symlink: /home/aimane/vnav23/labs/lab4/install/mav_system_msgs/include/mav_system_msgs/mav_system_msgs/msg/cpu_info.hpp
[2.460s] -- Up-to-date symlink: /home/aimane/vnav23/labs/lab4/install/mav_system_msgs/include/mav_system_msgs/mav_system_msgs/msg/detail/cpu_info__builder.hpp
[2.470s] -- Up-to-date symlink: /home/aimane/vnav23/labs/lab4/install/mav_system_msgs/include/mav_system_msgs/mav_system_msgs/msg/detail/cpu_info__struct.hpp
[2.471s] -- Up-to-date symlink: /home/aimane/vnav23/labs/lab4/install/mav_system_msgs/include/mav_system_msgs/mav_system_msgs/msg/detail/cpu_info__traits.hpp
[2.471s] -- Up-to-date symlink: /home/aimane/vnav23/labs/lab4/install/mav_system_msgs/include/mav_system_msgs/mav_system_msgs/msg/detail/cpu_info__type_support.hpp
[2.471s] -- Up-to-date symlink: /home/aimane/vnav23/labs/lab4/install/mav_system_msgs/include/mav_system_msgs/mav_system_msgs/msg/detail/process_info__builder.hpp
[2.480s] -- Up-to-date symlink: /home/aimane/vnav23/labs/lab4/install/mav_system_msgs/include/mav_system_msgs/mav_system_msgs/msg/detail/process_info__struct.hpp
[2.480s] -- Up-to-date symlink: /home/aimane/vnav23/labs/lab4/install/mav_system_msgs/include/mav_system_msgs/mav_system_msgs/msg/detail/process_info__traits.hpp
[2.492s] -- Up-to-date symlink: /home/aimane/vnav23/labs/lab4/install/mav_system_msgs/include/mav_system_msgs/mav_system_msgs/msg/detail/process_info__type_support.hpp
[2.492s] -- Up-to-date symlink: /home/aimane/vnav23/labs/lab4/install/mav_system_msgs/include/mav_system_msgs/mav_system_msgs/msg/process_info.hpp
[2.493s] -- Up-to-date symlink: /home/aimane/vnav23/labs/lab4/install/mav_system_msgs/include/mav_system_msgs/mav_system_msgs/msg/rosidl_generator_cpp__visibility_control.hpp
[2.501s] -- Up-to-date symlink: /home/aimane/vnav23/labs/lab4/install/mav_system_msgs/include/mav_system_msgs/mav_system_msgs/msg/detail/cpu_info__rosidl_typesupport_fastrtps_cpp.hpp
[2.505s] -- Up-to-date symlink: /home/aimane/vnav23/labs/lab4/install/mav_system_msgs/include/mav_system_msgs/mav_system_msgs/msg/detail/process_info__rosidl_typesupport_fastrtps_cpp.hpp
[2.511s] -- Up-to-date symlink: /home/aimane/vnav23/labs/lab4/install/mav_system_msgs/include/mav_system_msgs/mav_system_msgs/msg/rosidl_typesupport_fastrtps_cpp__visibility_control.h
[2.511s] -- Up-to-date symlink: /home/aimane/vnav23/labs/lab4/install/mav_system_msgs/include/mav_system_msgs/mav_system_msgs/msg/detail/cpu_info__rosidl_typesupport_introspection_c.h
[2.512s] -- Up-to-date symlink: /home/aimane/vnav23/labs/lab4/install/mav_system_msgs/include/mav_system_msgs/mav_system_msgs/msg/detail/process_info__rosidl_typesupport_introspection_c.h
[2.512s] -- Up-to-date symlink: /home/aimane/vnav23/labs/lab4/install/mav_system_msgs/include/mav_system_msgs/mav_system_msgs/msg/rosidl_typesupport_introspection_c__visibility_control.h
[2.521s] -- Up-to-date symlink: /home/aimane/vnav23/labs/lab4/install/mav_system_msgs/include/mav_system_msgs/mav_system_msgs/msg/detail/cpu_info__rosidl_typesupport_introspection_cpp.hpp
[2.527s] -- Up-to-date symlink: /home/aimane/vnav23/labs/lab4/install/mav_system_msgs/include/mav_system_msgs/mav_system_msgs/msg/detail/process_info__rosidl_typesupport_introspection_cpp.hpp
[2.527s] -- Up-to-date symlink: /home/aimane/vnav23/labs/lab4/install/mav_system_msgs/share/mav_system_msgs/msg/CpuInfo.idl
[2.528s] -- Up-to-date symlink: /home/aimane/vnav23/labs/lab4/install/mav_system_msgs/share/mav_system_msgs/msg/ProcessInfo.idl
[2.534s] -- Up-to-date symlink: /home/aimane/vnav23/labs/lab4/install/mav_system_msgs/share/mav_system_msgs/msg/CpuInfo.msg
[2.535s] -- Up-to-date symlink: /home/aimane/vnav23/labs/lab4/install/mav_system_msgs/share/mav_system_msgs/msg/ProcessInfo.msg
[2.537s] -- Up-to-date symlink: /home/aimane/vnav23/labs/lab4/install/mav_system_msgs/share/ament_index/resource_index/package_run_dependencies/mav_system_msgs
[2.544s] -- Up-to-date symlink: /home/aimane/vnav23/labs/lab4/install/mav_system_msgs/share/ament_index/resource_index/parent_prefix_path/mav_system_msgs
[2.544s] -- Up-to-date symlink: /home/aimane/vnav23/labs/lab4/install/mav_system_msgs/share/mav_system_msgs/environment/ament_prefix_path.sh
[2.545s] -- Up-to-date symlink: /home/aimane/vnav23/labs/lab4/install/mav_system_msgs/share/mav_system_msgs/environment/ament_prefix_path.dsv
[2.545s] -- Up-to-date symlink: /home/aimane/vnav23/labs/lab4/install/mav_system_msgs/share/mav_system_msgs/environment/path.sh
[2.545s] -- Up-to-date symlink: /home/aimane/vnav23/labs/lab4/install/mav_system_msgs/share/mav_system_msgs/environment/path.dsv
[2.545s] -- Up-to-date symlink: /home/aimane/vnav23/labs/lab4/install/mav_system_msgs/share/mav_system_msgs/local_setup.bash
[2.546s] -- Up-to-date symlink: /home/aimane/vnav23/labs/lab4/install/mav_system_msgs/share/mav_system_msgs/local_setup.sh
[2.548s] -- Up-to-date symlink: /home/aimane/vnav23/labs/lab4/install/mav_system_msgs/share/mav_system_msgs/local_setup.zsh
[2.556s] -- Up-to-date symlink: /home/aimane/vnav23/labs/lab4/install/mav_system_msgs/share/mav_system_msgs/local_setup.dsv
[2.557s] -- Symlinking: /home/aimane/vnav23/labs/lab4/install/mav_system_msgs/share/mav_system_msgs/package.dsv
[2.655s] -- Up-to-date symlink: /home/aimane/vnav23/labs/lab4/install/mav_system_msgs/share/ament_index/resource_index/packages/mav_system_msgs
[2.655s] -- Up-to-date symlink: /home/aimane/vnav23/labs/lab4/install/mav_system_msgs/share/mav_system_msgs/cmake/rosidl_cmake-extras.cmake
[2.656s] -- Up-to-date symlink: /home/aimane/vnav23/labs/lab4/install/mav_system_msgs/share/mav_system_msgs/cmake/ament_cmake_export_dependencies-extras.cmake
[2.656s] -- Up-to-date symlink: /home/aimane/vnav23/labs/lab4/install/mav_system_msgs/share/mav_system_msgs/cmake/ament_cmake_export_include_directories-extras.cmake
[2.656s] -- Up-to-date symlink: /home/aimane/vnav23/labs/lab4/install/mav_system_msgs/share/mav_system_msgs/cmake/ament_cmake_export_libraries-extras.cmake
[2.656s] -- Up-to-date symlink: /home/aimane/vnav23/labs/lab4/install/mav_system_msgs/share/mav_system_msgs/cmake/ament_cmake_export_targets-extras.cmake
[2.657s] -- Up-to-date symlink: /home/aimane/vnav23/labs/lab4/install/mav_system_msgs/share/mav_system_msgs/cmake/rosidl_cmake_export_typesupport_targets-extras.cmake
[2.657s] -- Up-to-date symlink: /home/aimane/vnav23/labs/lab4/install/mav_system_msgs/share/mav_system_msgs/cmake/rosidl_cmake_export_typesupport_libraries-extras.cmake
[2.657s] -- Up-to-date symlink: /home/aimane/vnav23/labs/lab4/install/mav_system_msgs/share/mav_system_msgs/cmake/mav_system_msgsConfig.cmake
[2.659s] -- Up-to-date symlink: /home/aimane/vnav23/labs/lab4/install/mav_system_msgs/share/mav_system_msgs/cmake/mav_system_msgsConfig-version.cmake
[2.659s] -- Up-to-date symlink: /home/aimane/vnav23/labs/lab4/install/mav_system_msgs/share/mav_system_msgs/package.xml
[2.659s] -- Up-to-date: /home/aimane/vnav23/labs/lab4/install/mav_system_msgs/lib/libmav_system_msgs__rosidl_generator_c.so
[2.659s] -- Up-to-date: /home/aimane/vnav23/labs/lab4/install/mav_system_msgs/lib/libmav_system_msgs__rosidl_typesupport_fastrtps_c.so
[2.675s] -- Up-to-date: /home/aimane/vnav23/labs/lab4/install/mav_system_msgs/lib/libmav_system_msgs__rosidl_typesupport_fastrtps_cpp.so
[2.677s] -- Up-to-date: /home/aimane/vnav23/labs/lab4/install/mav_system_msgs/lib/libmav_system_msgs__rosidl_typesupport_introspection_c.so
[2.691s] -- Up-to-date: /home/aimane/vnav23/labs/lab4/install/mav_system_msgs/lib/libmav_system_msgs__rosidl_typesupport_c.so
[2.692s] -- Up-to-date: /home/aimane/vnav23/labs/lab4/install/mav_system_msgs/lib/libmav_system_msgs__rosidl_typesupport_introspection_cpp.so
[2.693s] -- Up-to-date: /home/aimane/vnav23/labs/lab4/install/mav_system_msgs/lib/libmav_system_msgs__rosidl_typesupport_cpp.so
[2.693s] -- Up-to-date: /home/aimane/vnav23/labs/lab4/install/mav_system_msgs/share/mav_system_msgs/cmake/export_mav_system_msgs__rosidl_generator_cExport.cmake
[2.693s] -- Up-to-date: /home/aimane/vnav23/labs/lab4/install/mav_system_msgs/share/mav_system_msgs/cmake/export_mav_system_msgs__rosidl_generator_cExport-noconfig.cmake
[2.693s] -- Up-to-date: /home/aimane/vnav23/labs/lab4/install/mav_system_msgs/share/mav_system_msgs/cmake/export_mav_system_msgs__rosidl_typesupport_fastrtps_cExport.cmake
[2.693s] -- Up-to-date: /home/aimane/vnav23/labs/lab4/install/mav_system_msgs/share/mav_system_msgs/cmake/export_mav_system_msgs__rosidl_typesupport_fastrtps_cExport-noconfig.cmake
[2.694s] -- Up-to-date: /home/aimane/vnav23/labs/lab4/install/mav_system_msgs/share/mav_system_msgs/cmake/export_mav_system_msgs__rosidl_generator_cppExport.cmake
[2.694s] -- Up-to-date: /home/aimane/vnav23/labs/lab4/install/mav_system_msgs/share/mav_system_msgs/cmake/export_mav_system_msgs__rosidl_typesupport_fastrtps_cppExport.cmake
[2.698s] -- Up-to-date: /home/aimane/vnav23/labs/lab4/install/mav_system_msgs/share/mav_system_msgs/cmake/export_mav_system_msgs__rosidl_typesupport_fastrtps_cppExport-noconfig.cmake
[2.698s] -- Up-to-date: /home/aimane/vnav23/labs/lab4/install/mav_system_msgs/share/mav_system_msgs/cmake/mav_system_msgs__rosidl_typesupport_introspection_cExport.cmake
[2.698s] -- Up-to-date: /home/aimane/vnav23/labs/lab4/install/mav_system_msgs/share/mav_system_msgs/cmake/mav_system_msgs__rosidl_typesupport_introspection_cExport-noconfig.cmake
[2.698s] -- Up-to-date: /home/aimane/vnav23/labs/lab4/install/mav_system_msgs/share/mav_system_msgs/cmake/mav_system_msgs__rosidl_typesupport_cExport.cmake
[2.698s] -- Up-to-date: /home/aimane/vnav23/labs/lab4/install/mav_system_msgs/share/mav_system_msgs/cmake/mav_system_msgs__rosidl_typesupport_cExport-noconfig.cmake
[2.699s] -- Up-to-date: /home/aimane/vnav23/labs/lab4/install/mav_system_msgs/share/mav_system_msgs/cmake/mav_system_msgs__rosidl_typesupport_introspection_cppExport.cmake
[2.699s] -- Up-to-date: /home/aimane/vnav23/labs/lab4/install/mav_system_msgs/share/mav_system_msgs/cmake/mav_system_msgs__rosidl_typesupport_introspection_cppExport-noconfig.cmake
[2.699s] -- Up-to-date: /home/aimane/vnav23/labs/lab4/install/mav_system_msgs/share/mav_system_msgs/cmake/mav_system_msgs__rosidl_typesupport_cppExport.cmake
[2.699s] -- Up-to-date: /home/aimane/vnav23/labs/lab4/install/mav_system_msgs/share/mav_system_msgs/cmake/mav_system_msgs__rosidl_typesupport_cppExport-noconfig.cmake
[2.760s] Invoked command in '/home/aimane/vnav23/labs/lab4/build/mav_system_msgs' returned '0': CMAKE_PREFIX_PATH=/home/aimane/vnav23/labs/lab4/install/trajectory_generation:/home/aimane/vnav23/labs/lab4/install/tesse_msgs:/home/aimane/vnav23/labs/lab4/install/planner_pkg:/home/aimane/vnav23/labs/lab4/install/tesse_ros_bridge:/opt/ros/humble:/home/aimane/vnav23/labs/lab4/install/mav_visualization:/home/aimane/vnav23/labs/lab4/install/mav_trajectory_generation:/home/aimane/vnav23/labs/lab4/install/mav_comm:/home/aimane/vnav23/labs/lab4/install/mav_system_msgs:/home/aimane/vnav23/labs/lab4/install/mav_state_machine_msgs:/home/aimane/vnav23/labs/lab4/install/mav_planning_msgs:/home/aimane/vnav23/labs/lab4/install/controller_pkg:/home/aimane/vnav23/labs/lab4/install/mav_msgs:/home/aimane/mavros_ws/install/mavros_extras:/home/aimane/mavros_ws/install/mavros_examples:/home/aimane/mavros_ws/install/mavros:/home/aimane/mavros_ws/install/mavros_msgs:/home/aimane/mavros_ws/install/libmavconn /usr/bin/cmake --install /home/aimane/vnav23/labs/lab4/build/mav_system_msgs
