running develop
running egg_info
creating tesse_ros_bridge.egg-info
writing tesse_ros_bridge.egg-info/PKG-INFO
writing dependency_links to tesse_ros_bridge.egg-info/dependency_links.txt
writing entry points to tesse_ros_bridge.egg-info/entry_points.txt
writing requirements to tesse_ros_bridge.egg-info/requires.txt
writing top-level names to tesse_ros_bridge.egg-info/top_level.txt
writing manifest file 'tesse_ros_bridge.egg-info/SOURCES.txt'
reading manifest file 'tesse_ros_bridge.egg-info/SOURCES.txt'
writing manifest file 'tesse_ros_bridge.egg-info/SOURCES.txt'
running build_ext
Creating /home/aimane/vnav23/labs/lab4/install/tesse_ros_bridge/lib/python3.10/site-packages/tesse-ros-bridge.egg-link (link to .)
Installing key_teleop script to /home/aimane/vnav23/labs/lab4/install/tesse_ros_bridge/lib/tesse_ros_bridge
Installing quadrotor_control_interface script to /home/aimane/vnav23/labs/lab4/install/tesse_ros_bridge/lib/tesse_ros_bridge
Installing tesse_ros_node script to /home/aimane/vnav23/labs/lab4/install/tesse_ros_bridge/lib/tesse_ros_bridge

Installed /home/aimane/vnav23/labs/lab4/build/tesse_ros_bridge
running symlink_data
creating /home/aimane/vnav23/labs/lab4/install/tesse_ros_bridge/share/ament_index
creating /home/aimane/vnav23/labs/lab4/install/tesse_ros_bridge/share/ament_index/resource_index
creating /home/aimane/vnav23/labs/lab4/install/tesse_ros_bridge/share/ament_index/resource_index/packages
symbolically linking /home/aimane/vnav23/labs/lab4/build/tesse_ros_bridge/resource/tesse_ros_bridge -> /home/aimane/vnav23/labs/lab4/install/tesse_ros_bridge/share/ament_index/resource_index/packages
symbolically linking /home/aimane/vnav23/labs/lab4/build/tesse_ros_bridge/package.xml -> /home/aimane/vnav23/labs/lab4/install/tesse_ros_bridge/share/tesse_ros_bridge
creating /home/aimane/vnav23/labs/lab4/install/tesse_ros_bridge/share/tesse_ros_bridge/launch
symbolically linking /home/aimane/vnav23/labs/lab4/build/tesse_ros_bridge/launch/tesse_quadrotor_bridge.launch.yaml -> /home/aimane/vnav23/labs/lab4/install/tesse_ros_bridge/share/tesse_ros_bridge/launch
creating /home/aimane/vnav23/labs/lab4/install/tesse_ros_bridge/share/tesse_ros_bridge/config
symbolically linking /home/aimane/vnav23/labs/lab4/build/tesse_ros_bridge/config/tesse_agent_params.yaml -> /home/aimane/vnav23/labs/lab4/install/tesse_ros_bridge/share/tesse_ros_bridge/config
symbolically linking /home/aimane/vnav23/labs/lab4/build/tesse_ros_bridge/config/lidar_params.yaml -> /home/aimane/vnav23/labs/lab4/install/tesse_ros_bridge/share/tesse_ros_bridge/config
symbolically linking /home/aimane/vnav23/labs/lab4/build/tesse_ros_bridge/config/camera_params.yaml -> /home/aimane/vnav23/labs/lab4/install/tesse_ros_bridge/share/tesse_ros_bridge/config
symbolically linking /home/aimane/vnav23/labs/lab4/build/tesse_ros_bridge/config/params.yaml -> /home/aimane/vnav23/labs/lab4/install/tesse_ros_bridge/share/tesse_ros_bridge/config
symbolically linking /home/aimane/vnav23/labs/lab4/build/tesse_ros_bridge/config/object_spawn_params.yaml -> /home/aimane/vnav23/labs/lab4/install/tesse_ros_bridge/share/tesse_ros_bridge/config
symbolically linking /home/aimane/vnav23/labs/lab4/build/tesse_ros_bridge/config/map_tfs.yaml -> /home/aimane/vnav23/labs/lab4/install/tesse_ros_bridge/share/tesse_ros_bridge/config
symbolically linking /home/aimane/vnav23/labs/lab4/build/tesse_ros_bridge/config/noise_model.yaml -> /home/aimane/vnav23/labs/lab4/install/tesse_ros_bridge/share/tesse_ros_bridge/config
