[0.109s] Invoking command in '/home/aimane/vnav23/labs/lab4/build/tesse_msgs': CMAKE_PREFIX_PATH=/home/aimane/vnav23/labs/lab4/install/trajectory_generation:/home/aimane/vnav23/labs/lab4/install/tesse_msgs:/home/aimane/vnav23/labs/lab4/install/planner_pkg:/home/aimane/vnav23/labs/lab4/install/tesse_ros_bridge:/opt/ros/humble:/home/aimane/vnav23/labs/lab4/install/mav_visualization:/home/aimane/vnav23/labs/lab4/install/mav_trajectory_generation:/home/aimane/vnav23/labs/lab4/install/mav_comm:/home/aimane/vnav23/labs/lab4/install/mav_system_msgs:/home/aimane/vnav23/labs/lab4/install/mav_state_machine_msgs:/home/aimane/vnav23/labs/lab4/install/mav_planning_msgs:/home/aimane/vnav23/labs/lab4/install/controller_pkg:/home/aimane/vnav23/labs/lab4/install/mav_msgs /usr/bin/cmake --build /home/aimane/vnav23/labs/lab4/build/tesse_msgs -- -j8 -l8
[0.324s] [  1%] Built target tesse_msgs__cpp
[0.430s] [  1%] Built target ament_cmake_python_symlink_tesse_msgs
[0.542s] [ 12%] Built target tesse_msgs__rosidl_typesupport_introspection_cpp
[1.567s] running egg_info
[1.569s] writing tesse_msgs.egg-info/PKG-INFO
[1.569s] writing dependency_links to tesse_msgs.egg-info/dependency_links.txt
[1.569s] writing top-level names to tesse_msgs.egg-info/top_level.txt
[1.575s] reading manifest file 'tesse_msgs.egg-info/SOURCES.txt'
[1.577s] writing manifest file 'tesse_msgs.egg-info/SOURCES.txt'
[1.637s] [ 12%] Built target ament_cmake_python_build_tesse_msgs_egg
[1.709s] [ 23%] Built target tesse_msgs__rosidl_typesupport_fastrtps_cpp
[1.813s] [ 34%] Built target tesse_msgs__rosidl_typesupport_cpp
[1.878s] [ 45%] Built target tesse_msgs__rosidl_generator_c
[1.959s] [ 56%] Built target tesse_msgs__rosidl_typesupport_fastrtps_c
[2.071s] [ 67%] Built target tesse_msgs__rosidl_typesupport_c
[2.200s] [ 78%] Built target tesse_msgs__rosidl_typesupport_introspection_c
[2.274s] [ 78%] Built target tesse_msgs
[2.327s] [ 80%] Built target tesse_msgs__py
[2.396s] [ 89%] Built target tesse_msgs__rosidl_generator_py
[2.452s] [ 92%] Built target tesse_msgs__rosidl_typesupport_fastrtps_c__pyext
[2.515s] [ 96%] Built target tesse_msgs__rosidl_typesupport_c__pyext
[2.614s] [100%] Built target tesse_msgs__rosidl_typesupport_introspection_c__pyext
[2.677s] Invoked command in '/home/aimane/vnav23/labs/lab4/build/tesse_msgs' returned '0': CMAKE_PREFIX_PATH=/home/aimane/vnav23/labs/lab4/install/trajectory_generation:/home/aimane/vnav23/labs/lab4/install/tesse_msgs:/home/aimane/vnav23/labs/lab4/install/planner_pkg:/home/aimane/vnav23/labs/lab4/install/tesse_ros_bridge:/opt/ros/humble:/home/aimane/vnav23/labs/lab4/install/mav_visualization:/home/aimane/vnav23/labs/lab4/install/mav_trajectory_generation:/home/aimane/vnav23/labs/lab4/install/mav_comm:/home/aimane/vnav23/labs/lab4/install/mav_system_msgs:/home/aimane/vnav23/labs/lab4/install/mav_state_machine_msgs:/home/aimane/vnav23/labs/lab4/install/mav_planning_msgs:/home/aimane/vnav23/labs/lab4/install/controller_pkg:/home/aimane/vnav23/labs/lab4/install/mav_msgs /usr/bin/cmake --build /home/aimane/vnav23/labs/lab4/build/tesse_msgs -- -j8 -l8
[2.682s] Invoking command in '/home/aimane/vnav23/labs/lab4/build/tesse_msgs': CMAKE_PREFIX_PATH=/home/aimane/vnav23/labs/lab4/install/trajectory_generation:/home/aimane/vnav23/labs/lab4/install/tesse_msgs:/home/aimane/vnav23/labs/lab4/install/planner_pkg:/home/aimane/vnav23/labs/lab4/install/tesse_ros_bridge:/opt/ros/humble:/home/aimane/vnav23/labs/lab4/install/mav_visualization:/home/aimane/vnav23/labs/lab4/install/mav_trajectory_generation:/home/aimane/vnav23/labs/lab4/install/mav_comm:/home/aimane/vnav23/labs/lab4/install/mav_system_msgs:/home/aimane/vnav23/labs/lab4/install/mav_state_machine_msgs:/home/aimane/vnav23/labs/lab4/install/mav_planning_msgs:/home/aimane/vnav23/labs/lab4/install/controller_pkg:/home/aimane/vnav23/labs/lab4/install/mav_msgs /usr/bin/cmake --install /home/aimane/vnav23/labs/lab4/build/tesse_msgs
[2.700s] -- Install configuration: ""
[2.702s] -- Execute custom install script
[2.702s] -- Up-to-date symlink: /home/aimane/vnav23/labs/lab4/install/tesse_msgs/share/ament_index/resource_index/rosidl_interfaces/tesse_msgs
[2.707s] -- Up-to-date symlink: /home/aimane/vnav23/labs/lab4/install/tesse_msgs/include/tesse_msgs/tesse_msgs/msg/collision_stats.h
[2.708s] -- Up-to-date symlink: /home/aimane/vnav23/labs/lab4/install/tesse_msgs/include/tesse_msgs/tesse_msgs/msg/detail/collision_stats__functions.h
[2.708s] -- Up-to-date symlink: /home/aimane/vnav23/labs/lab4/install/tesse_msgs/include/tesse_msgs/tesse_msgs/msg/detail/collision_stats__struct.h
[2.708s] -- Up-to-date symlink: /home/aimane/vnav23/labs/lab4/install/tesse_msgs/include/tesse_msgs/tesse_msgs/msg/detail/collision_stats__type_support.h
[2.710s] -- Up-to-date symlink: /home/aimane/vnav23/labs/lab4/install/tesse_msgs/include/tesse_msgs/tesse_msgs/msg/rosidl_generator_c__visibility_control.h
[2.711s] -- Up-to-date symlink: /home/aimane/vnav23/labs/lab4/install/tesse_msgs/include/tesse_msgs/tesse_msgs/srv/detail/object_spawn_request_service__functions.h
[2.711s] -- Up-to-date symlink: /home/aimane/vnav23/labs/lab4/install/tesse_msgs/include/tesse_msgs/tesse_msgs/srv/detail/object_spawn_request_service__struct.h
[2.711s] -- Up-to-date symlink: /home/aimane/vnav23/labs/lab4/install/tesse_msgs/include/tesse_msgs/tesse_msgs/srv/detail/object_spawn_request_service__type_support.h
[2.712s] -- Up-to-date symlink: /home/aimane/vnav23/labs/lab4/install/tesse_msgs/include/tesse_msgs/tesse_msgs/srv/detail/reposition_request_service__functions.h
[2.714s] -- Up-to-date symlink: /home/aimane/vnav23/labs/lab4/install/tesse_msgs/include/tesse_msgs/tesse_msgs/srv/detail/reposition_request_service__struct.h
[2.715s] -- Up-to-date symlink: /home/aimane/vnav23/labs/lab4/install/tesse_msgs/include/tesse_msgs/tesse_msgs/srv/detail/reposition_request_service__type_support.h
[2.715s] -- Up-to-date symlink: /home/aimane/vnav23/labs/lab4/install/tesse_msgs/include/tesse_msgs/tesse_msgs/srv/detail/scene_request_service__functions.h
[2.715s] -- Up-to-date symlink: /home/aimane/vnav23/labs/lab4/install/tesse_msgs/include/tesse_msgs/tesse_msgs/srv/detail/scene_request_service__struct.h
[2.716s] -- Up-to-date symlink: /home/aimane/vnav23/labs/lab4/install/tesse_msgs/include/tesse_msgs/tesse_msgs/srv/detail/scene_request_service__type_support.h
[2.716s] -- Up-to-date symlink: /home/aimane/vnav23/labs/lab4/install/tesse_msgs/include/tesse_msgs/tesse_msgs/srv/object_spawn_request_service.h
[2.716s] -- Up-to-date symlink: /home/aimane/vnav23/labs/lab4/install/tesse_msgs/include/tesse_msgs/tesse_msgs/srv/reposition_request_service.h
[2.716s] -- Up-to-date symlink: /home/aimane/vnav23/labs/lab4/install/tesse_msgs/include/tesse_msgs/tesse_msgs/srv/scene_request_service.h
[2.717s] -- Up-to-date symlink: /home/aimane/vnav23/labs/lab4/install/tesse_msgs/share/tesse_msgs/environment/library_path.sh
[2.717s] -- Up-to-date symlink: /home/aimane/vnav23/labs/lab4/install/tesse_msgs/share/tesse_msgs/environment/library_path.dsv
[2.718s] -- Up-to-date symlink: /home/aimane/vnav23/labs/lab4/install/tesse_msgs/include/tesse_msgs/tesse_msgs/msg/detail/collision_stats__rosidl_typesupport_fastrtps_c.h
[2.718s] -- Up-to-date symlink: /home/aimane/vnav23/labs/lab4/install/tesse_msgs/include/tesse_msgs/tesse_msgs/msg/rosidl_typesupport_fastrtps_c__visibility_control.h
[2.718s] -- Up-to-date symlink: /home/aimane/vnav23/labs/lab4/install/tesse_msgs/include/tesse_msgs/tesse_msgs/srv/detail/object_spawn_request_service__rosidl_typesupport_fastrtps_c.h
[2.718s] -- Up-to-date symlink: /home/aimane/vnav23/labs/lab4/install/tesse_msgs/include/tesse_msgs/tesse_msgs/srv/detail/reposition_request_service__rosidl_typesupport_fastrtps_c.h
[2.719s] -- Up-to-date symlink: /home/aimane/vnav23/labs/lab4/install/tesse_msgs/include/tesse_msgs/tesse_msgs/srv/detail/scene_request_service__rosidl_typesupport_fastrtps_c.h
[2.720s] -- Up-to-date symlink: /home/aimane/vnav23/labs/lab4/install/tesse_msgs/include/tesse_msgs/tesse_msgs/msg/collision_stats.hpp
[2.721s] -- Up-to-date symlink: /home/aimane/vnav23/labs/lab4/install/tesse_msgs/include/tesse_msgs/tesse_msgs/msg/detail/collision_stats__builder.hpp
[2.721s] -- Up-to-date symlink: /home/aimane/vnav23/labs/lab4/install/tesse_msgs/include/tesse_msgs/tesse_msgs/msg/detail/collision_stats__struct.hpp
[2.722s] -- Up-to-date symlink: /home/aimane/vnav23/labs/lab4/install/tesse_msgs/include/tesse_msgs/tesse_msgs/msg/detail/collision_stats__traits.hpp
[2.723s] -- Up-to-date symlink: /home/aimane/vnav23/labs/lab4/install/tesse_msgs/include/tesse_msgs/tesse_msgs/msg/detail/collision_stats__type_support.hpp
[2.723s] -- Up-to-date symlink: /home/aimane/vnav23/labs/lab4/install/tesse_msgs/include/tesse_msgs/tesse_msgs/msg/rosidl_generator_cpp__visibility_control.hpp
[2.723s] -- Up-to-date symlink: /home/aimane/vnav23/labs/lab4/install/tesse_msgs/include/tesse_msgs/tesse_msgs/srv/detail/object_spawn_request_service__builder.hpp
[2.724s] -- Up-to-date symlink: /home/aimane/vnav23/labs/lab4/install/tesse_msgs/include/tesse_msgs/tesse_msgs/srv/detail/object_spawn_request_service__struct.hpp
[2.724s] -- Up-to-date symlink: /home/aimane/vnav23/labs/lab4/install/tesse_msgs/include/tesse_msgs/tesse_msgs/srv/detail/object_spawn_request_service__traits.hpp
[2.725s] -- Up-to-date symlink: /home/aimane/vnav23/labs/lab4/install/tesse_msgs/include/tesse_msgs/tesse_msgs/srv/detail/object_spawn_request_service__type_support.hpp
[2.725s] -- Up-to-date symlink: /home/aimane/vnav23/labs/lab4/install/tesse_msgs/include/tesse_msgs/tesse_msgs/srv/detail/reposition_request_service__builder.hpp
[2.726s] -- Up-to-date symlink: /home/aimane/vnav23/labs/lab4/install/tesse_msgs/include/tesse_msgs/tesse_msgs/srv/detail/reposition_request_service__struct.hpp
[2.726s] -- Up-to-date symlink: /home/aimane/vnav23/labs/lab4/install/tesse_msgs/include/tesse_msgs/tesse_msgs/srv/detail/reposition_request_service__traits.hpp
[2.727s] -- Up-to-date symlink: /home/aimane/vnav23/labs/lab4/install/tesse_msgs/include/tesse_msgs/tesse_msgs/srv/detail/reposition_request_service__type_support.hpp
[2.729s] -- Up-to-date symlink: /home/aimane/vnav23/labs/lab4/install/tesse_msgs/include/tesse_msgs/tesse_msgs/srv/detail/scene_request_service__builder.hpp
[2.731s] -- Up-to-date symlink: /home/aimane/vnav23/labs/lab4/install/tesse_msgs/include/tesse_msgs/tesse_msgs/srv/detail/scene_request_service__struct.hpp
[2.731s] -- Up-to-date symlink: /home/aimane/vnav23/labs/lab4/install/tesse_msgs/include/tesse_msgs/tesse_msgs/srv/detail/scene_request_service__traits.hpp
[2.732s] -- Up-to-date symlink: /home/aimane/vnav23/labs/lab4/install/tesse_msgs/include/tesse_msgs/tesse_msgs/srv/detail/scene_request_service__type_support.hpp
[2.732s] -- Up-to-date symlink: /home/aimane/vnav23/labs/lab4/install/tesse_msgs/include/tesse_msgs/tesse_msgs/srv/object_spawn_request_service.hpp
[2.733s] -- Up-to-date symlink: /home/aimane/vnav23/labs/lab4/install/tesse_msgs/include/tesse_msgs/tesse_msgs/srv/reposition_request_service.hpp
[2.734s] -- Up-to-date symlink: /home/aimane/vnav23/labs/lab4/install/tesse_msgs/include/tesse_msgs/tesse_msgs/srv/scene_request_service.hpp
[2.734s] -- Up-to-date symlink: /home/aimane/vnav23/labs/lab4/install/tesse_msgs/include/tesse_msgs/tesse_msgs/msg/detail/collision_stats__rosidl_typesupport_fastrtps_cpp.hpp
[2.735s] -- Up-to-date symlink: /home/aimane/vnav23/labs/lab4/install/tesse_msgs/include/tesse_msgs/tesse_msgs/msg/rosidl_typesupport_fastrtps_cpp__visibility_control.h
[2.735s] -- Up-to-date symlink: /home/aimane/vnav23/labs/lab4/install/tesse_msgs/include/tesse_msgs/tesse_msgs/srv/detail/object_spawn_request_service__rosidl_typesupport_fastrtps_cpp.hpp
[2.735s] -- Up-to-date symlink: /home/aimane/vnav23/labs/lab4/install/tesse_msgs/include/tesse_msgs/tesse_msgs/srv/detail/reposition_request_service__rosidl_typesupport_fastrtps_cpp.hpp
[2.736s] -- Up-to-date symlink: /home/aimane/vnav23/labs/lab4/install/tesse_msgs/include/tesse_msgs/tesse_msgs/srv/detail/scene_request_service__rosidl_typesupport_fastrtps_cpp.hpp
[2.737s] -- Up-to-date symlink: /home/aimane/vnav23/labs/lab4/install/tesse_msgs/include/tesse_msgs/tesse_msgs/msg/detail/collision_stats__rosidl_typesupport_introspection_c.h
[2.737s] -- Up-to-date symlink: /home/aimane/vnav23/labs/lab4/install/tesse_msgs/include/tesse_msgs/tesse_msgs/msg/rosidl_typesupport_introspection_c__visibility_control.h
[2.738s] -- Up-to-date symlink: /home/aimane/vnav23/labs/lab4/install/tesse_msgs/include/tesse_msgs/tesse_msgs/srv/detail/object_spawn_request_service__rosidl_typesupport_introspection_c.h
[2.739s] -- Up-to-date symlink: /home/aimane/vnav23/labs/lab4/install/tesse_msgs/include/tesse_msgs/tesse_msgs/srv/detail/reposition_request_service__rosidl_typesupport_introspection_c.h
[2.739s] -- Up-to-date symlink: /home/aimane/vnav23/labs/lab4/install/tesse_msgs/include/tesse_msgs/tesse_msgs/srv/detail/scene_request_service__rosidl_typesupport_introspection_c.h
[2.740s] -- Up-to-date symlink: /home/aimane/vnav23/labs/lab4/install/tesse_msgs/include/tesse_msgs/tesse_msgs/msg/detail/collision_stats__rosidl_typesupport_introspection_cpp.hpp
[2.740s] -- Up-to-date symlink: /home/aimane/vnav23/labs/lab4/install/tesse_msgs/include/tesse_msgs/tesse_msgs/srv/detail/object_spawn_request_service__rosidl_typesupport_introspection_cpp.hpp
[2.741s] -- Up-to-date symlink: /home/aimane/vnav23/labs/lab4/install/tesse_msgs/include/tesse_msgs/tesse_msgs/srv/detail/reposition_request_service__rosidl_typesupport_introspection_cpp.hpp
[2.741s] -- Up-to-date symlink: /home/aimane/vnav23/labs/lab4/install/tesse_msgs/include/tesse_msgs/tesse_msgs/srv/detail/scene_request_service__rosidl_typesupport_introspection_cpp.hpp
[2.742s] -- Up-to-date symlink: /home/aimane/vnav23/labs/lab4/install/tesse_msgs/share/tesse_msgs/environment/pythonpath.sh
[2.742s] -- Up-to-date symlink: /home/aimane/vnav23/labs/lab4/install/tesse_msgs/share/tesse_msgs/environment/pythonpath.dsv
[2.743s] -- Up-to-date symlink: /home/aimane/vnav23/labs/lab4/install/tesse_msgs/local/lib/python3.10/dist-packages/tesse_msgs-0.0.0-py3.10.egg-info/PKG-INFO
[2.744s] -- Up-to-date symlink: /home/aimane/vnav23/labs/lab4/install/tesse_msgs/local/lib/python3.10/dist-packages/tesse_msgs-0.0.0-py3.10.egg-info/SOURCES.txt
[2.745s] -- Up-to-date symlink: /home/aimane/vnav23/labs/lab4/install/tesse_msgs/local/lib/python3.10/dist-packages/tesse_msgs-0.0.0-py3.10.egg-info/dependency_links.txt
[2.745s] -- Up-to-date symlink: /home/aimane/vnav23/labs/lab4/install/tesse_msgs/local/lib/python3.10/dist-packages/tesse_msgs-0.0.0-py3.10.egg-info/top_level.txt
[2.748s] -- Up-to-date symlink: /home/aimane/vnav23/labs/lab4/install/tesse_msgs/local/lib/python3.10/dist-packages/tesse_msgs/__init__.py
[2.748s] -- Up-to-date symlink: /home/aimane/vnav23/labs/lab4/install/tesse_msgs/local/lib/python3.10/dist-packages/tesse_msgs/_tesse_msgs_s.ep.rosidl_typesupport_c.c
[2.749s] -- Up-to-date symlink: /home/aimane/vnav23/labs/lab4/install/tesse_msgs/local/lib/python3.10/dist-packages/tesse_msgs/_tesse_msgs_s.ep.rosidl_typesupport_fastrtps_c.c
[2.749s] -- Up-to-date symlink: /home/aimane/vnav23/labs/lab4/install/tesse_msgs/local/lib/python3.10/dist-packages/tesse_msgs/_tesse_msgs_s.ep.rosidl_typesupport_introspection_c.c
[2.750s] -- Up-to-date symlink: /home/aimane/vnav23/labs/lab4/install/tesse_msgs/local/lib/python3.10/dist-packages/tesse_msgs/libtesse_msgs__rosidl_generator_py.so
[2.750s] -- Up-to-date symlink: /home/aimane/vnav23/labs/lab4/install/tesse_msgs/local/lib/python3.10/dist-packages/tesse_msgs/msg/__init__.py
[2.750s] -- Up-to-date symlink: /home/aimane/vnav23/labs/lab4/install/tesse_msgs/local/lib/python3.10/dist-packages/tesse_msgs/msg/_collision_stats.py
[2.751s] -- Up-to-date symlink: /home/aimane/vnav23/labs/lab4/install/tesse_msgs/local/lib/python3.10/dist-packages/tesse_msgs/msg/_collision_stats_s.c
[2.752s] -- Up-to-date symlink: /home/aimane/vnav23/labs/lab4/install/tesse_msgs/local/lib/python3.10/dist-packages/tesse_msgs/srv/__init__.py
[2.752s] -- Up-to-date symlink: /home/aimane/vnav23/labs/lab4/install/tesse_msgs/local/lib/python3.10/dist-packages/tesse_msgs/srv/_object_spawn_request_service.py
[2.753s] -- Up-to-date symlink: /home/aimane/vnav23/labs/lab4/install/tesse_msgs/local/lib/python3.10/dist-packages/tesse_msgs/srv/_object_spawn_request_service_s.c
[2.753s] -- Up-to-date symlink: /home/aimane/vnav23/labs/lab4/install/tesse_msgs/local/lib/python3.10/dist-packages/tesse_msgs/srv/_reposition_request_service.py
[2.754s] -- Up-to-date symlink: /home/aimane/vnav23/labs/lab4/install/tesse_msgs/local/lib/python3.10/dist-packages/tesse_msgs/srv/_reposition_request_service_s.c
[2.754s] -- Up-to-date symlink: /home/aimane/vnav23/labs/lab4/install/tesse_msgs/local/lib/python3.10/dist-packages/tesse_msgs/srv/_scene_request_service.py
[2.755s] -- Up-to-date symlink: /home/aimane/vnav23/labs/lab4/install/tesse_msgs/local/lib/python3.10/dist-packages/tesse_msgs/srv/_scene_request_service_s.c
[2.755s] -- Up-to-date symlink: /home/aimane/vnav23/labs/lab4/install/tesse_msgs/local/lib/python3.10/dist-packages/tesse_msgs/tesse_msgs_s__rosidl_typesupport_c.cpython-310-x86_64-linux-gnu.so
[2.755s] -- Up-to-date symlink: /home/aimane/vnav23/labs/lab4/install/tesse_msgs/local/lib/python3.10/dist-packages/tesse_msgs/tesse_msgs_s__rosidl_typesupport_fastrtps_c.cpython-310-x86_64-linux-gnu.so
[2.756s] -- Up-to-date symlink: /home/aimane/vnav23/labs/lab4/install/tesse_msgs/local/lib/python3.10/dist-packages/tesse_msgs/tesse_msgs_s__rosidl_typesupport_introspection_c.cpython-310-x86_64-linux-gnu.so
[2.757s] -- Up-to-date symlink: /home/aimane/vnav23/labs/lab4/install/tesse_msgs/local/lib/python3.10/dist-packages/tesse_msgs/tesse_msgs_s__rosidl_typesupport_fastrtps_c.cpython-310-x86_64-linux-gnu.so
[2.757s] -- Up-to-date symlink: /home/aimane/vnav23/labs/lab4/install/tesse_msgs/local/lib/python3.10/dist-packages/tesse_msgs/tesse_msgs_s__rosidl_typesupport_introspection_c.cpython-310-x86_64-linux-gnu.so
[2.758s] -- Up-to-date symlink: /home/aimane/vnav23/labs/lab4/install/tesse_msgs/local/lib/python3.10/dist-packages/tesse_msgs/tesse_msgs_s__rosidl_typesupport_c.cpython-310-x86_64-linux-gnu.so
[2.759s] -- Up-to-date symlink: /home/aimane/vnav23/labs/lab4/install/tesse_msgs/share/tesse_msgs/msg/CollisionStats.idl
[2.759s] -- Up-to-date symlink: /home/aimane/vnav23/labs/lab4/install/tesse_msgs/share/tesse_msgs/srv/ObjectSpawnRequestService.idl
[2.760s] -- Up-to-date symlink: /home/aimane/vnav23/labs/lab4/install/tesse_msgs/share/tesse_msgs/srv/RepositionRequestService.idl
[2.761s] -- Up-to-date symlink: /home/aimane/vnav23/labs/lab4/install/tesse_msgs/share/tesse_msgs/srv/SceneRequestService.idl
[2.761s] -- Up-to-date symlink: /home/aimane/vnav23/labs/lab4/install/tesse_msgs/share/tesse_msgs/msg/CollisionStats.msg
[2.762s] -- Up-to-date symlink: /home/aimane/vnav23/labs/lab4/install/tesse_msgs/share/tesse_msgs/srv/ObjectSpawnRequestService.srv
[2.763s] -- Up-to-date symlink: /home/aimane/vnav23/labs/lab4/install/tesse_msgs/share/tesse_msgs/srv/ObjectSpawnRequestService_Request.msg
[2.764s] -- Up-to-date symlink: /home/aimane/vnav23/labs/lab4/install/tesse_msgs/share/tesse_msgs/srv/ObjectSpawnRequestService_Response.msg
[2.764s] -- Up-to-date symlink: /home/aimane/vnav23/labs/lab4/install/tesse_msgs/share/tesse_msgs/srv/RepositionRequestService.srv
[2.767s] -- Up-to-date symlink: /home/aimane/vnav23/labs/lab4/install/tesse_msgs/share/tesse_msgs/srv/RepositionRequestService_Request.msg
[2.767s] -- Up-to-date symlink: /home/aimane/vnav23/labs/lab4/install/tesse_msgs/share/tesse_msgs/srv/RepositionRequestService_Response.msg
[2.767s] -- Up-to-date symlink: /home/aimane/vnav23/labs/lab4/install/tesse_msgs/share/tesse_msgs/srv/SceneRequestService.srv
[2.769s] -- Up-to-date symlink: /home/aimane/vnav23/labs/lab4/install/tesse_msgs/share/tesse_msgs/srv/SceneRequestService_Request.msg
[2.771s] -- Up-to-date symlink: /home/aimane/vnav23/labs/lab4/install/tesse_msgs/share/tesse_msgs/srv/SceneRequestService_Response.msg
[2.772s] -- Up-to-date symlink: /home/aimane/vnav23/labs/lab4/install/tesse_msgs/share/ament_index/resource_index/package_run_dependencies/tesse_msgs
[2.772s] -- Up-to-date symlink: /home/aimane/vnav23/labs/lab4/install/tesse_msgs/share/ament_index/resource_index/parent_prefix_path/tesse_msgs
[2.772s] -- Up-to-date symlink: /home/aimane/vnav23/labs/lab4/install/tesse_msgs/share/tesse_msgs/environment/ament_prefix_path.sh
[2.774s] -- Up-to-date symlink: /home/aimane/vnav23/labs/lab4/install/tesse_msgs/share/tesse_msgs/environment/ament_prefix_path.dsv
[2.774s] -- Up-to-date symlink: /home/aimane/vnav23/labs/lab4/install/tesse_msgs/share/tesse_msgs/environment/path.sh
[2.775s] -- Up-to-date symlink: /home/aimane/vnav23/labs/lab4/install/tesse_msgs/share/tesse_msgs/environment/path.dsv
[2.775s] -- Up-to-date symlink: /home/aimane/vnav23/labs/lab4/install/tesse_msgs/share/tesse_msgs/local_setup.bash
[2.775s] -- Up-to-date symlink: /home/aimane/vnav23/labs/lab4/install/tesse_msgs/share/tesse_msgs/local_setup.sh
[2.775s] -- Up-to-date symlink: /home/aimane/vnav23/labs/lab4/install/tesse_msgs/share/tesse_msgs/local_setup.zsh
[2.776s] -- Up-to-date symlink: /home/aimane/vnav23/labs/lab4/install/tesse_msgs/share/tesse_msgs/local_setup.dsv
[2.776s] -- Symlinking: /home/aimane/vnav23/labs/lab4/install/tesse_msgs/share/tesse_msgs/package.dsv
[2.825s] -- Up-to-date symlink: /home/aimane/vnav23/labs/lab4/install/tesse_msgs/share/ament_index/resource_index/packages/tesse_msgs
[2.831s] -- Up-to-date symlink: /home/aimane/vnav23/labs/lab4/install/tesse_msgs/share/tesse_msgs/cmake/rosidl_cmake-extras.cmake
[2.831s] -- Up-to-date symlink: /home/aimane/vnav23/labs/lab4/install/tesse_msgs/share/tesse_msgs/cmake/ament_cmake_export_dependencies-extras.cmake
[2.831s] -- Up-to-date symlink: /home/aimane/vnav23/labs/lab4/install/tesse_msgs/share/tesse_msgs/cmake/ament_cmake_export_include_directories-extras.cmake
[2.832s] -- Up-to-date symlink: /home/aimane/vnav23/labs/lab4/install/tesse_msgs/share/tesse_msgs/cmake/ament_cmake_export_libraries-extras.cmake
[2.832s] -- Up-to-date symlink: /home/aimane/vnav23/labs/lab4/install/tesse_msgs/share/tesse_msgs/cmake/ament_cmake_export_targets-extras.cmake
[2.834s] -- Up-to-date symlink: /home/aimane/vnav23/labs/lab4/install/tesse_msgs/share/tesse_msgs/cmake/rosidl_cmake_export_typesupport_targets-extras.cmake
[2.834s] -- Up-to-date symlink: /home/aimane/vnav23/labs/lab4/install/tesse_msgs/share/tesse_msgs/cmake/rosidl_cmake_export_typesupport_libraries-extras.cmake
[2.836s] -- Up-to-date symlink: /home/aimane/vnav23/labs/lab4/install/tesse_msgs/share/tesse_msgs/cmake/tesse_msgsConfig.cmake
[2.836s] -- Up-to-date symlink: /home/aimane/vnav23/labs/lab4/install/tesse_msgs/share/tesse_msgs/cmake/tesse_msgsConfig-version.cmake
[2.840s] -- Up-to-date symlink: /home/aimane/vnav23/labs/lab4/install/tesse_msgs/share/tesse_msgs/package.xml
[2.841s] -- Up-to-date: /home/aimane/vnav23/labs/lab4/install/tesse_msgs/lib/libtesse_msgs__rosidl_generator_c.so
[2.848s] -- Up-to-date: /home/aimane/vnav23/labs/lab4/install/tesse_msgs/lib/libtesse_msgs__rosidl_typesupport_fastrtps_c.so
[2.849s] -- Up-to-date: /home/aimane/vnav23/labs/lab4/install/tesse_msgs/lib/libtesse_msgs__rosidl_typesupport_fastrtps_cpp.so
[2.849s] -- Up-to-date: /home/aimane/vnav23/labs/lab4/install/tesse_msgs/lib/libtesse_msgs__rosidl_typesupport_introspection_c.so
[2.858s] -- Up-to-date: /home/aimane/vnav23/labs/lab4/install/tesse_msgs/lib/libtesse_msgs__rosidl_typesupport_c.so
[2.858s] -- Up-to-date: /home/aimane/vnav23/labs/lab4/install/tesse_msgs/lib/libtesse_msgs__rosidl_typesupport_introspection_cpp.so
[2.858s] -- Up-to-date: /home/aimane/vnav23/labs/lab4/install/tesse_msgs/lib/libtesse_msgs__rosidl_typesupport_cpp.so
[3.072s] Listing '/home/aimane/vnav23/labs/lab4/install/tesse_msgs/local/lib/python3.10/dist-packages/tesse_msgs'...
[3.073s] Listing '/home/aimane/vnav23/labs/lab4/install/tesse_msgs/local/lib/python3.10/dist-packages/tesse_msgs/msg'...
[3.074s] Listing '/home/aimane/vnav23/labs/lab4/install/tesse_msgs/local/lib/python3.10/dist-packages/tesse_msgs/srv'...
[3.102s] -- Up-to-date: /home/aimane/vnav23/labs/lab4/install/tesse_msgs/lib/libtesse_msgs__rosidl_generator_py.so
[3.105s] -- Up-to-date: /home/aimane/vnav23/labs/lab4/install/tesse_msgs/share/tesse_msgs/cmake/export_tesse_msgs__rosidl_generator_cExport.cmake
[3.106s] -- Up-to-date: /home/aimane/vnav23/labs/lab4/install/tesse_msgs/share/tesse_msgs/cmake/export_tesse_msgs__rosidl_generator_cExport-noconfig.cmake
[3.121s] -- Up-to-date: /home/aimane/vnav23/labs/lab4/install/tesse_msgs/share/tesse_msgs/cmake/export_tesse_msgs__rosidl_typesupport_fastrtps_cExport.cmake
[3.121s] -- Up-to-date: /home/aimane/vnav23/labs/lab4/install/tesse_msgs/share/tesse_msgs/cmake/export_tesse_msgs__rosidl_typesupport_fastrtps_cExport-noconfig.cmake
[3.122s] -- Up-to-date: /home/aimane/vnav23/labs/lab4/install/tesse_msgs/share/tesse_msgs/cmake/export_tesse_msgs__rosidl_generator_cppExport.cmake
[3.123s] -- Up-to-date: /home/aimane/vnav23/labs/lab4/install/tesse_msgs/share/tesse_msgs/cmake/export_tesse_msgs__rosidl_typesupport_fastrtps_cppExport.cmake
[3.123s] -- Up-to-date: /home/aimane/vnav23/labs/lab4/install/tesse_msgs/share/tesse_msgs/cmake/export_tesse_msgs__rosidl_typesupport_fastrtps_cppExport-noconfig.cmake
[3.123s] -- Up-to-date: /home/aimane/vnav23/labs/lab4/install/tesse_msgs/share/tesse_msgs/cmake/tesse_msgs__rosidl_typesupport_introspection_cExport.cmake
[3.123s] -- Up-to-date: /home/aimane/vnav23/labs/lab4/install/tesse_msgs/share/tesse_msgs/cmake/tesse_msgs__rosidl_typesupport_introspection_cExport-noconfig.cmake
[3.126s] -- Up-to-date: /home/aimane/vnav23/labs/lab4/install/tesse_msgs/share/tesse_msgs/cmake/tesse_msgs__rosidl_typesupport_cExport.cmake
[3.132s] -- Up-to-date: /home/aimane/vnav23/labs/lab4/install/tesse_msgs/share/tesse_msgs/cmake/tesse_msgs__rosidl_typesupport_cExport-noconfig.cmake
[3.132s] -- Up-to-date: /home/aimane/vnav23/labs/lab4/install/tesse_msgs/share/tesse_msgs/cmake/tesse_msgs__rosidl_typesupport_introspection_cppExport.cmake
[3.133s] -- Up-to-date: /home/aimane/vnav23/labs/lab4/install/tesse_msgs/share/tesse_msgs/cmake/tesse_msgs__rosidl_typesupport_introspection_cppExport-noconfig.cmake
[3.133s] -- Up-to-date: /home/aimane/vnav23/labs/lab4/install/tesse_msgs/share/tesse_msgs/cmake/tesse_msgs__rosidl_typesupport_cppExport.cmake
[3.133s] -- Up-to-date: /home/aimane/vnav23/labs/lab4/install/tesse_msgs/share/tesse_msgs/cmake/tesse_msgs__rosidl_typesupport_cppExport-noconfig.cmake
[3.133s] -- Up-to-date: /home/aimane/vnav23/labs/lab4/install/tesse_msgs/share/tesse_msgs/cmake/export_tesse_msgs__rosidl_generator_pyExport.cmake
[3.134s] -- Up-to-date: /home/aimane/vnav23/labs/lab4/install/tesse_msgs/share/tesse_msgs/cmake/export_tesse_msgs__rosidl_generator_pyExport-noconfig.cmake
[3.210s] Invoked command in '/home/aimane/vnav23/labs/lab4/build/tesse_msgs' returned '0': CMAKE_PREFIX_PATH=/home/aimane/vnav23/labs/lab4/install/trajectory_generation:/home/aimane/vnav23/labs/lab4/install/tesse_msgs:/home/aimane/vnav23/labs/lab4/install/planner_pkg:/home/aimane/vnav23/labs/lab4/install/tesse_ros_bridge:/opt/ros/humble:/home/aimane/vnav23/labs/lab4/install/mav_visualization:/home/aimane/vnav23/labs/lab4/install/mav_trajectory_generation:/home/aimane/vnav23/labs/lab4/install/mav_comm:/home/aimane/vnav23/labs/lab4/install/mav_system_msgs:/home/aimane/vnav23/labs/lab4/install/mav_state_machine_msgs:/home/aimane/vnav23/labs/lab4/install/mav_planning_msgs:/home/aimane/vnav23/labs/lab4/install/controller_pkg:/home/aimane/vnav23/labs/lab4/install/mav_msgs /usr/bin/cmake --install /home/aimane/vnav23/labs/lab4/build/tesse_msgs
