[0.058s] Invoking command in '/home/aimane/vnav23/labs/lab4/build/mav_state_machine_msgs': CMAKE_PREFIX_PATH=/home/aimane/vnav23/labs/lab4/install/trajectory_generation:/home/aimane/vnav23/labs/lab4/install/tesse_msgs:/home/aimane/vnav23/labs/lab4/install/planner_pkg:/home/aimane/vnav23/labs/lab4/install/tesse_ros_bridge:/opt/ros/humble:/home/aimane/vnav23/labs/lab4/install/mav_visualization:/home/aimane/vnav23/labs/lab4/install/mav_trajectory_generation:/home/aimane/vnav23/labs/lab4/install/mav_comm:/home/aimane/vnav23/labs/lab4/install/mav_system_msgs:/home/aimane/vnav23/labs/lab4/install/mav_state_machine_msgs:/home/aimane/vnav23/labs/lab4/install/mav_planning_msgs:/home/aimane/vnav23/labs/lab4/install/controller_pkg:/home/aimane/vnav23/labs/lab4/install/mav_msgs /usr/bin/cmake --build /home/aimane/vnav23/labs/lab4/build/mav_state_machine_msgs -- -j8 -l8
[0.520s] [ 13%] Built target mav_state_machine_msgs__rosidl_generator_c
[0.520s] [ 17%] Built target mav_state_machine_msgs__cpp
[0.520s] [ 31%] Built target mav_state_machine_msgs__rosidl_typesupport_introspection_c
[0.520s] [ 44%] Built target mav_state_machine_msgs__rosidl_typesupport_c
[0.520s] [ 58%] Built target mav_state_machine_msgs__rosidl_typesupport_introspection_cpp
[0.521s] [ 86%] Built target mav_state_machine_msgs__rosidl_typesupport_cpp
[0.521s] [ 86%] Built target mav_state_machine_msgs__rosidl_typesupport_fastrtps_cpp
[0.521s] [100%] Built target mav_state_machine_msgs__rosidl_typesupport_fastrtps_c
[0.521s] [100%] Built target mav_state_machine_msgs
[0.959s] Invoked command in '/home/aimane/vnav23/labs/lab4/build/mav_state_machine_msgs' returned '0': CMAKE_PREFIX_PATH=/home/aimane/vnav23/labs/lab4/install/trajectory_generation:/home/aimane/vnav23/labs/lab4/install/tesse_msgs:/home/aimane/vnav23/labs/lab4/install/planner_pkg:/home/aimane/vnav23/labs/lab4/install/tesse_ros_bridge:/opt/ros/humble:/home/aimane/vnav23/labs/lab4/install/mav_visualization:/home/aimane/vnav23/labs/lab4/install/mav_trajectory_generation:/home/aimane/vnav23/labs/lab4/install/mav_comm:/home/aimane/vnav23/labs/lab4/install/mav_system_msgs:/home/aimane/vnav23/labs/lab4/install/mav_state_machine_msgs:/home/aimane/vnav23/labs/lab4/install/mav_planning_msgs:/home/aimane/vnav23/labs/lab4/install/controller_pkg:/home/aimane/vnav23/labs/lab4/install/mav_msgs /usr/bin/cmake --build /home/aimane/vnav23/labs/lab4/build/mav_state_machine_msgs -- -j8 -l8
[0.961s] Invoking command in '/home/aimane/vnav23/labs/lab4/build/mav_state_machine_msgs': CMAKE_PREFIX_PATH=/home/aimane/vnav23/labs/lab4/install/trajectory_generation:/home/aimane/vnav23/labs/lab4/install/tesse_msgs:/home/aimane/vnav23/labs/lab4/install/planner_pkg:/home/aimane/vnav23/labs/lab4/install/tesse_ros_bridge:/opt/ros/humble:/home/aimane/vnav23/labs/lab4/install/mav_visualization:/home/aimane/vnav23/labs/lab4/install/mav_trajectory_generation:/home/aimane/vnav23/labs/lab4/install/mav_comm:/home/aimane/vnav23/labs/lab4/install/mav_system_msgs:/home/aimane/vnav23/labs/lab4/install/mav_state_machine_msgs:/home/aimane/vnav23/labs/lab4/install/mav_planning_msgs:/home/aimane/vnav23/labs/lab4/install/controller_pkg:/home/aimane/vnav23/labs/lab4/install/mav_msgs /usr/bin/cmake --install /home/aimane/vnav23/labs/lab4/build/mav_state_machine_msgs
[0.987s] -- Install configuration: ""
[0.989s] -- Execute custom install script
[0.989s] -- Up-to-date symlink: /home/aimane/vnav23/labs/lab4/install/mav_state_machine_msgs/share/ament_index/resource_index/rosidl_interfaces/mav_state_machine_msgs
[0.990s] -- Up-to-date symlink: /home/aimane/vnav23/labs/lab4/install/mav_state_machine_msgs/include/mav_state_machine_msgs/mav_state_machine_msgs/msg/detail/start_stop_task__functions.h
[0.990s] -- Up-to-date symlink: /home/aimane/vnav23/labs/lab4/install/mav_state_machine_msgs/include/mav_state_machine_msgs/mav_state_machine_msgs/msg/detail/start_stop_task__struct.h
[0.991s] -- Up-to-date symlink: /home/aimane/vnav23/labs/lab4/install/mav_state_machine_msgs/include/mav_state_machine_msgs/mav_state_machine_msgs/msg/detail/start_stop_task__type_support.h
[0.996s] -- Up-to-date symlink: /home/aimane/vnav23/labs/lab4/install/mav_state_machine_msgs/include/mav_state_machine_msgs/mav_state_machine_msgs/msg/rosidl_generator_c__visibility_control.h
[0.996s] -- Up-to-date symlink: /home/aimane/vnav23/labs/lab4/install/mav_state_machine_msgs/include/mav_state_machine_msgs/mav_state_machine_msgs/msg/start_stop_task.h
[0.998s] -- Up-to-date symlink: /home/aimane/vnav23/labs/lab4/install/mav_state_machine_msgs/include/mav_state_machine_msgs/mav_state_machine_msgs/srv/detail/run_task_service__functions.h
[1.000s] -- Up-to-date symlink: /home/aimane/vnav23/labs/lab4/install/mav_state_machine_msgs/include/mav_state_machine_msgs/mav_state_machine_msgs/srv/detail/run_task_service__struct.h
[1.003s] -- Up-to-date symlink: /home/aimane/vnav23/labs/lab4/install/mav_state_machine_msgs/include/mav_state_machine_msgs/mav_state_machine_msgs/srv/detail/run_task_service__type_support.h
[1.003s] -- Up-to-date symlink: /home/aimane/vnav23/labs/lab4/install/mav_state_machine_msgs/include/mav_state_machine_msgs/mav_state_machine_msgs/srv/run_task_service.h
[1.003s] -- Up-to-date symlink: /home/aimane/vnav23/labs/lab4/install/mav_state_machine_msgs/share/mav_state_machine_msgs/environment/library_path.sh
[1.003s] -- Up-to-date symlink: /home/aimane/vnav23/labs/lab4/install/mav_state_machine_msgs/share/mav_state_machine_msgs/environment/library_path.dsv
[1.004s] -- Up-to-date symlink: /home/aimane/vnav23/labs/lab4/install/mav_state_machine_msgs/include/mav_state_machine_msgs/mav_state_machine_msgs/msg/detail/start_stop_task__rosidl_typesupport_fastrtps_c.h
[1.004s] -- Up-to-date symlink: /home/aimane/vnav23/labs/lab4/install/mav_state_machine_msgs/include/mav_state_machine_msgs/mav_state_machine_msgs/msg/rosidl_typesupport_fastrtps_c__visibility_control.h
[1.004s] -- Up-to-date symlink: /home/aimane/vnav23/labs/lab4/install/mav_state_machine_msgs/include/mav_state_machine_msgs/mav_state_machine_msgs/srv/detail/run_task_service__rosidl_typesupport_fastrtps_c.h
[1.005s] -- Up-to-date symlink: /home/aimane/vnav23/labs/lab4/install/mav_state_machine_msgs/include/mav_state_machine_msgs/mav_state_machine_msgs/msg/detail/start_stop_task__builder.hpp
[1.006s] -- Up-to-date symlink: /home/aimane/vnav23/labs/lab4/install/mav_state_machine_msgs/include/mav_state_machine_msgs/mav_state_machine_msgs/msg/detail/start_stop_task__struct.hpp
[1.006s] -- Up-to-date symlink: /home/aimane/vnav23/labs/lab4/install/mav_state_machine_msgs/include/mav_state_machine_msgs/mav_state_machine_msgs/msg/detail/start_stop_task__traits.hpp
[1.011s] -- Up-to-date symlink: /home/aimane/vnav23/labs/lab4/install/mav_state_machine_msgs/include/mav_state_machine_msgs/mav_state_machine_msgs/msg/detail/start_stop_task__type_support.hpp
[1.011s] -- Up-to-date symlink: /home/aimane/vnav23/labs/lab4/install/mav_state_machine_msgs/include/mav_state_machine_msgs/mav_state_machine_msgs/msg/rosidl_generator_cpp__visibility_control.hpp
[1.011s] -- Up-to-date symlink: /home/aimane/vnav23/labs/lab4/install/mav_state_machine_msgs/include/mav_state_machine_msgs/mav_state_machine_msgs/msg/start_stop_task.hpp
[1.012s] -- Up-to-date symlink: /home/aimane/vnav23/labs/lab4/install/mav_state_machine_msgs/include/mav_state_machine_msgs/mav_state_machine_msgs/srv/detail/run_task_service__builder.hpp
[1.012s] -- Up-to-date symlink: /home/aimane/vnav23/labs/lab4/install/mav_state_machine_msgs/include/mav_state_machine_msgs/mav_state_machine_msgs/srv/detail/run_task_service__struct.hpp
[1.012s] -- Up-to-date symlink: /home/aimane/vnav23/labs/lab4/install/mav_state_machine_msgs/include/mav_state_machine_msgs/mav_state_machine_msgs/srv/detail/run_task_service__traits.hpp
[1.012s] -- Up-to-date symlink: /home/aimane/vnav23/labs/lab4/install/mav_state_machine_msgs/include/mav_state_machine_msgs/mav_state_machine_msgs/srv/detail/run_task_service__type_support.hpp
[1.013s] -- Up-to-date symlink: /home/aimane/vnav23/labs/lab4/install/mav_state_machine_msgs/include/mav_state_machine_msgs/mav_state_machine_msgs/srv/run_task_service.hpp
[1.022s] -- Up-to-date symlink: /home/aimane/vnav23/labs/lab4/install/mav_state_machine_msgs/include/mav_state_machine_msgs/mav_state_machine_msgs/msg/detail/start_stop_task__rosidl_typesupport_fastrtps_cpp.hpp
[1.023s] -- Up-to-date symlink: /home/aimane/vnav23/labs/lab4/install/mav_state_machine_msgs/include/mav_state_machine_msgs/mav_state_machine_msgs/msg/rosidl_typesupport_fastrtps_cpp__visibility_control.h
[1.023s] -- Up-to-date symlink: /home/aimane/vnav23/labs/lab4/install/mav_state_machine_msgs/include/mav_state_machine_msgs/mav_state_machine_msgs/srv/detail/run_task_service__rosidl_typesupport_fastrtps_cpp.hpp
[1.023s] -- Up-to-date symlink: /home/aimane/vnav23/labs/lab4/install/mav_state_machine_msgs/include/mav_state_machine_msgs/mav_state_machine_msgs/msg/detail/start_stop_task__rosidl_typesupport_introspection_c.h
[1.024s] -- Up-to-date symlink: /home/aimane/vnav23/labs/lab4/install/mav_state_machine_msgs/include/mav_state_machine_msgs/mav_state_machine_msgs/msg/rosidl_typesupport_introspection_c__visibility_control.h
[1.024s] -- Up-to-date symlink: /home/aimane/vnav23/labs/lab4/install/mav_state_machine_msgs/include/mav_state_machine_msgs/mav_state_machine_msgs/srv/detail/run_task_service__rosidl_typesupport_introspection_c.h
[1.025s] -- Up-to-date symlink: /home/aimane/vnav23/labs/lab4/install/mav_state_machine_msgs/include/mav_state_machine_msgs/mav_state_machine_msgs/msg/detail/start_stop_task__rosidl_typesupport_introspection_cpp.hpp
[1.026s] -- Up-to-date symlink: /home/aimane/vnav23/labs/lab4/install/mav_state_machine_msgs/include/mav_state_machine_msgs/mav_state_machine_msgs/srv/detail/run_task_service__rosidl_typesupport_introspection_cpp.hpp
[1.026s] -- Up-to-date symlink: /home/aimane/vnav23/labs/lab4/install/mav_state_machine_msgs/share/mav_state_machine_msgs/msg/StartStopTask.idl
[1.026s] -- Up-to-date symlink: /home/aimane/vnav23/labs/lab4/install/mav_state_machine_msgs/share/mav_state_machine_msgs/srv/RunTaskService.idl
[1.026s] -- Up-to-date symlink: /home/aimane/vnav23/labs/lab4/install/mav_state_machine_msgs/share/mav_state_machine_msgs/msg/StartStopTask.msg
[1.026s] -- Up-to-date symlink: /home/aimane/vnav23/labs/lab4/install/mav_state_machine_msgs/share/mav_state_machine_msgs/srv/RunTaskService.srv
[1.026s] -- Up-to-date symlink: /home/aimane/vnav23/labs/lab4/install/mav_state_machine_msgs/share/mav_state_machine_msgs/srv/RunTaskService_Request.msg
[1.027s] -- Up-to-date symlink: /home/aimane/vnav23/labs/lab4/install/mav_state_machine_msgs/share/mav_state_machine_msgs/srv/RunTaskService_Response.msg
[1.027s] -- Up-to-date symlink: /home/aimane/vnav23/labs/lab4/install/mav_state_machine_msgs/share/ament_index/resource_index/package_run_dependencies/mav_state_machine_msgs
[1.036s] -- Up-to-date symlink: /home/aimane/vnav23/labs/lab4/install/mav_state_machine_msgs/share/ament_index/resource_index/parent_prefix_path/mav_state_machine_msgs
[1.039s] -- Up-to-date symlink: /home/aimane/vnav23/labs/lab4/install/mav_state_machine_msgs/share/mav_state_machine_msgs/environment/ament_prefix_path.sh
[1.039s] -- Up-to-date symlink: /home/aimane/vnav23/labs/lab4/install/mav_state_machine_msgs/share/mav_state_machine_msgs/environment/ament_prefix_path.dsv
[1.040s] -- Up-to-date symlink: /home/aimane/vnav23/labs/lab4/install/mav_state_machine_msgs/share/mav_state_machine_msgs/environment/path.sh
[1.041s] -- Up-to-date symlink: /home/aimane/vnav23/labs/lab4/install/mav_state_machine_msgs/share/mav_state_machine_msgs/environment/path.dsv
[1.042s] -- Up-to-date symlink: /home/aimane/vnav23/labs/lab4/install/mav_state_machine_msgs/share/mav_state_machine_msgs/local_setup.bash
[1.044s] -- Up-to-date symlink: /home/aimane/vnav23/labs/lab4/install/mav_state_machine_msgs/share/mav_state_machine_msgs/local_setup.sh
[1.044s] -- Up-to-date symlink: /home/aimane/vnav23/labs/lab4/install/mav_state_machine_msgs/share/mav_state_machine_msgs/local_setup.zsh
[1.046s] -- Up-to-date symlink: /home/aimane/vnav23/labs/lab4/install/mav_state_machine_msgs/share/mav_state_machine_msgs/local_setup.dsv
[1.046s] -- Symlinking: /home/aimane/vnav23/labs/lab4/install/mav_state_machine_msgs/share/mav_state_machine_msgs/package.dsv
[1.081s] -- Up-to-date symlink: /home/aimane/vnav23/labs/lab4/install/mav_state_machine_msgs/share/ament_index/resource_index/packages/mav_state_machine_msgs
[1.081s] -- Up-to-date symlink: /home/aimane/vnav23/labs/lab4/install/mav_state_machine_msgs/share/mav_state_machine_msgs/cmake/rosidl_cmake-extras.cmake
[1.082s] -- Up-to-date symlink: /home/aimane/vnav23/labs/lab4/install/mav_state_machine_msgs/share/mav_state_machine_msgs/cmake/ament_cmake_export_dependencies-extras.cmake
[1.083s] -- Up-to-date symlink: /home/aimane/vnav23/labs/lab4/install/mav_state_machine_msgs/share/mav_state_machine_msgs/cmake/ament_cmake_export_include_directories-extras.cmake
[1.084s] -- Up-to-date symlink: /home/aimane/vnav23/labs/lab4/install/mav_state_machine_msgs/share/mav_state_machine_msgs/cmake/ament_cmake_export_libraries-extras.cmake
[1.085s] -- Up-to-date symlink: /home/aimane/vnav23/labs/lab4/install/mav_state_machine_msgs/share/mav_state_machine_msgs/cmake/ament_cmake_export_targets-extras.cmake
[1.085s] -- Up-to-date symlink: /home/aimane/vnav23/labs/lab4/install/mav_state_machine_msgs/share/mav_state_machine_msgs/cmake/rosidl_cmake_export_typesupport_targets-extras.cmake
[1.085s] -- Up-to-date symlink: /home/aimane/vnav23/labs/lab4/install/mav_state_machine_msgs/share/mav_state_machine_msgs/cmake/rosidl_cmake_export_typesupport_libraries-extras.cmake
[1.086s] -- Up-to-date symlink: /home/aimane/vnav23/labs/lab4/install/mav_state_machine_msgs/share/mav_state_machine_msgs/cmake/mav_state_machine_msgsConfig.cmake
[1.088s] -- Up-to-date symlink: /home/aimane/vnav23/labs/lab4/install/mav_state_machine_msgs/share/mav_state_machine_msgs/cmake/mav_state_machine_msgsConfig-version.cmake
[1.089s] -- Up-to-date symlink: /home/aimane/vnav23/labs/lab4/install/mav_state_machine_msgs/share/mav_state_machine_msgs/package.xml
[1.090s] -- Up-to-date: /home/aimane/vnav23/labs/lab4/install/mav_state_machine_msgs/lib/libmav_state_machine_msgs__rosidl_generator_c.so
[1.090s] -- Up-to-date: /home/aimane/vnav23/labs/lab4/install/mav_state_machine_msgs/lib/libmav_state_machine_msgs__rosidl_typesupport_fastrtps_c.so
[1.092s] -- Up-to-date: /home/aimane/vnav23/labs/lab4/install/mav_state_machine_msgs/lib/libmav_state_machine_msgs__rosidl_typesupport_fastrtps_cpp.so
[1.092s] -- Up-to-date: /home/aimane/vnav23/labs/lab4/install/mav_state_machine_msgs/lib/libmav_state_machine_msgs__rosidl_typesupport_introspection_c.so
[1.095s] -- Up-to-date: /home/aimane/vnav23/labs/lab4/install/mav_state_machine_msgs/lib/libmav_state_machine_msgs__rosidl_typesupport_c.so
[1.096s] -- Up-to-date: /home/aimane/vnav23/labs/lab4/install/mav_state_machine_msgs/lib/libmav_state_machine_msgs__rosidl_typesupport_introspection_cpp.so
[1.097s] -- Up-to-date: /home/aimane/vnav23/labs/lab4/install/mav_state_machine_msgs/lib/libmav_state_machine_msgs__rosidl_typesupport_cpp.so
[1.098s] -- Up-to-date: /home/aimane/vnav23/labs/lab4/install/mav_state_machine_msgs/share/mav_state_machine_msgs/cmake/export_mav_state_machine_msgs__rosidl_generator_cExport.cmake
[1.098s] -- Up-to-date: /home/aimane/vnav23/labs/lab4/install/mav_state_machine_msgs/share/mav_state_machine_msgs/cmake/export_mav_state_machine_msgs__rosidl_generator_cExport-noconfig.cmake
[1.099s] -- Up-to-date: /home/aimane/vnav23/labs/lab4/install/mav_state_machine_msgs/share/mav_state_machine_msgs/cmake/export_mav_state_machine_msgs__rosidl_typesupport_fastrtps_cExport.cmake
[1.099s] -- Up-to-date: /home/aimane/vnav23/labs/lab4/install/mav_state_machine_msgs/share/mav_state_machine_msgs/cmake/export_mav_state_machine_msgs__rosidl_typesupport_fastrtps_cExport-noconfig.cmake
[1.100s] -- Up-to-date: /home/aimane/vnav23/labs/lab4/install/mav_state_machine_msgs/share/mav_state_machine_msgs/cmake/export_mav_state_machine_msgs__rosidl_generator_cppExport.cmake
[1.101s] -- Up-to-date: /home/aimane/vnav23/labs/lab4/install/mav_state_machine_msgs/share/mav_state_machine_msgs/cmake/export_mav_state_machine_msgs__rosidl_typesupport_fastrtps_cppExport.cmake
[1.102s] -- Up-to-date: /home/aimane/vnav23/labs/lab4/install/mav_state_machine_msgs/share/mav_state_machine_msgs/cmake/export_mav_state_machine_msgs__rosidl_typesupport_fastrtps_cppExport-noconfig.cmake
[1.102s] -- Up-to-date: /home/aimane/vnav23/labs/lab4/install/mav_state_machine_msgs/share/mav_state_machine_msgs/cmake/mav_state_machine_msgs__rosidl_typesupport_introspection_cExport.cmake
[1.103s] -- Up-to-date: /home/aimane/vnav23/labs/lab4/install/mav_state_machine_msgs/share/mav_state_machine_msgs/cmake/mav_state_machine_msgs__rosidl_typesupport_introspection_cExport-noconfig.cmake
[1.103s] -- Up-to-date: /home/aimane/vnav23/labs/lab4/install/mav_state_machine_msgs/share/mav_state_machine_msgs/cmake/mav_state_machine_msgs__rosidl_typesupport_cExport.cmake
[1.103s] -- Up-to-date: /home/aimane/vnav23/labs/lab4/install/mav_state_machine_msgs/share/mav_state_machine_msgs/cmake/mav_state_machine_msgs__rosidl_typesupport_cExport-noconfig.cmake
[1.103s] -- Up-to-date: /home/aimane/vnav23/labs/lab4/install/mav_state_machine_msgs/share/mav_state_machine_msgs/cmake/mav_state_machine_msgs__rosidl_typesupport_introspection_cppExport.cmake
[1.104s] -- Up-to-date: /home/aimane/vnav23/labs/lab4/install/mav_state_machine_msgs/share/mav_state_machine_msgs/cmake/mav_state_machine_msgs__rosidl_typesupport_introspection_cppExport-noconfig.cmake
[1.104s] -- Up-to-date: /home/aimane/vnav23/labs/lab4/install/mav_state_machine_msgs/share/mav_state_machine_msgs/cmake/mav_state_machine_msgs__rosidl_typesupport_cppExport.cmake
[1.104s] -- Up-to-date: /home/aimane/vnav23/labs/lab4/install/mav_state_machine_msgs/share/mav_state_machine_msgs/cmake/mav_state_machine_msgs__rosidl_typesupport_cppExport-noconfig.cmake
[1.174s] Invoked command in '/home/aimane/vnav23/labs/lab4/build/mav_state_machine_msgs' returned '0': CMAKE_PREFIX_PATH=/home/aimane/vnav23/labs/lab4/install/trajectory_generation:/home/aimane/vnav23/labs/lab4/install/tesse_msgs:/home/aimane/vnav23/labs/lab4/install/planner_pkg:/home/aimane/vnav23/labs/lab4/install/tesse_ros_bridge:/opt/ros/humble:/home/aimane/vnav23/labs/lab4/install/mav_visualization:/home/aimane/vnav23/labs/lab4/install/mav_trajectory_generation:/home/aimane/vnav23/labs/lab4/install/mav_comm:/home/aimane/vnav23/labs/lab4/install/mav_system_msgs:/home/aimane/vnav23/labs/lab4/install/mav_state_machine_msgs:/home/aimane/vnav23/labs/lab4/install/mav_planning_msgs:/home/aimane/vnav23/labs/lab4/install/controller_pkg:/home/aimane/vnav23/labs/lab4/install/mav_msgs /usr/bin/cmake --install /home/aimane/vnav23/labs/lab4/build/mav_state_machine_msgs
