[2.621s] Invoking command in '/home/aimane/vnav23/labs/lab4/src/tesse-interface': PYTHONPATH=/home/aimane/vnav23/labs/lab4/build/tesse/prefix_override:/usr/lib/python3/dist-packages/colcon_core/task/python/colcon_distutils_commands:/home/aimane/vnav23/labs/lab4/install/tesse/lib/python3.10/site-packages:${PYTHONPATH} /usr/bin/python3 -W ignore:setup.py install is deprecated -W ignore:easy_install command is deprecated setup.py egg_info --egg-base ../../lab4/build/tesse build --build-base /home/aimane/vnav23/labs/lab4/build/tesse/build install --record /home/aimane/vnav23/labs/lab4/build/tesse/install.log --single-version-externally-managed
[3.970s] running egg_info
[4.040s] writing ../../lab4/build/tesse/tesse.egg-info/PKG-INFO
[4.044s] writing dependency_links to ../../lab4/build/tesse/tesse.egg-info/dependency_links.txt
[4.047s] writing requirements to ../../lab4/build/tesse/tesse.egg-info/requires.txt
[4.047s] writing top-level names to ../../lab4/build/tesse/tesse.egg-info/top_level.txt
[4.238s] reading manifest file '../../lab4/build/tesse/tesse.egg-info/SOURCES.txt'
[4.239s] adding license file 'LICENSE'
[4.244s] writing manifest file '../../lab4/build/tesse/tesse.egg-info/SOURCES.txt'
[4.244s] running build
[4.257s] running build_py
[4.258s] copying src/tesse/msgs.py -> /home/aimane/vnav23/labs/lab4/build/tesse/build/lib/tesse
[4.258s] copying src/tesse/__init__.py -> /home/aimane/vnav23/labs/lab4/build/tesse/build/lib/tesse
[4.258s] copying src/tesse/env.py -> /home/aimane/vnav23/labs/lab4/build/tesse/build/lib/tesse
[4.258s] copying src/tesse/utils.py -> /home/aimane/vnav23/labs/lab4/build/tesse/build/lib/tesse
[4.258s] running install
[4.270s] running install_lib
[4.363s] running install_egg_info
[4.426s] removing '/home/aimane/vnav23/labs/lab4/install/tesse/lib/python3.10/site-packages/tesse-0.1.2-py3.10.egg-info' (and everything under it)
[4.431s] Copying ../../lab4/build/tesse/tesse.egg-info to /home/aimane/vnav23/labs/lab4/install/tesse/lib/python3.10/site-packages/tesse-0.1.2-py3.10.egg-info
[4.434s] running install_scripts
[4.529s] writing list of installed files to '/home/aimane/vnav23/labs/lab4/build/tesse/install.log'
[4.586s] Invoked command in '/home/aimane/vnav23/labs/lab4/src/tesse-interface' returned '0': PYTHONPATH=/home/aimane/vnav23/labs/lab4/build/tesse/prefix_override:/usr/lib/python3/dist-packages/colcon_core/task/python/colcon_distutils_commands:/home/aimane/vnav23/labs/lab4/install/tesse/lib/python3.10/site-packages:${PYTHONPATH} /usr/bin/python3 -W ignore:setup.py install is deprecated -W ignore:easy_install command is deprecated setup.py egg_info --egg-base ../../lab4/build/tesse build --build-base /home/aimane/vnav23/labs/lab4/build/tesse/build install --record /home/aimane/vnav23/labs/lab4/build/tesse/install.log --single-version-externally-managed
