[0.024s] Invoking command in '/home/aimane/vnav23/labs/lab4/build/controller_pkg': AMENT_PREFIX_PATH=/home/aimane/vnav23/labs/lab4/install/mav_msgs:${AMENT_PREFIX_PATH} CMAKE_PREFIX_PATH=/home/aimane/vnav23/labs/lab4/install/mav_msgs:/home/aimane/vnav23/labs/lab4/install/trajectory_generation:/home/aimane/vnav23/labs/lab4/install/tesse_msgs:/home/aimane/vnav23/labs/lab4/install/planner_pkg:/home/aimane/vnav23/labs/lab4/install/tesse_ros_bridge:/opt/ros/humble:/home/aimane/vnav23/labs/lab4/install/mav_visualization:/home/aimane/vnav23/labs/lab4/install/mav_trajectory_generation:/home/aimane/vnav23/labs/lab4/install/mav_comm:/home/aimane/vnav23/labs/lab4/install/mav_system_msgs:/home/aimane/vnav23/labs/lab4/install/mav_state_machine_msgs:/home/aimane/vnav23/labs/lab4/install/mav_planning_msgs:/home/aimane/vnav23/labs/lab4/install/controller_pkg LD_LIBRARY_PATH=/home/aimane/vnav23/labs/lab4/install/mav_msgs/lib:/home/aimane/vnav23/labs/lab4/install/tesse_msgs/lib:/home/aimane/vnav23/labs/lab4/install/mav_system_msgs/lib:/home/aimane/vnav23/labs/lab4/install/mav_state_machine_msgs/lib:/home/aimane/vnav23/labs/lab4/install/mav_planning_msgs/lib:/opt/ros/humble/opt/rviz_ogre_vendor/lib:/opt/ros/humble/lib/x86_64-linux-gnu:/opt/ros/humble/lib PYTHONPATH=/home/aimane/vnav23/labs/lab4/install/mav_msgs/local/lib/python3.10/dist-packages:${PYTHONPATH} /usr/bin/cmake /home/aimane/vnav23/labs/lab4/src/controller_pkg -DAMENT_CMAKE_SYMLINK_INSTALL=1 -DCMAKE_INSTALL_PREFIX=/home/aimane/vnav23/labs/lab4/install/controller_pkg
[0.109s] -- The C compiler identification is GNU 11.4.0
[0.204s] -- The CXX compiler identification is GNU 11.4.0
[0.217s] -- Detecting C compiler ABI info
[0.326s] -- Detecting C compiler ABI info - done
[0.339s] -- Check for working C compiler: /usr/bin/cc - skipped
[0.340s] -- Detecting C compile features
[0.340s] -- Detecting C compile features - done
[0.346s] -- Detecting CXX compiler ABI info
[0.477s] -- Detecting CXX compiler ABI info - done
[0.503s] -- Check for working CXX compiler: /usr/bin/c++ - skipped
[0.504s] -- Detecting CXX compile features
[0.505s] -- Detecting CXX compile features - done
[0.511s] -- Found ament_cmake: 1.3.12 (/opt/ros/humble/share/ament_cmake/cmake)
[0.766s] -- Found Python3: /usr/bin/python3 (found version "3.10.12") found components: Interpreter 
[0.900s] -- Override CMake install command with custom implementation using symlinks instead of copying resources
[0.973s] -- Found rclcpp: 16.0.15 (/opt/ros/humble/share/rclcpp/cmake)
[1.047s] -- Found rosidl_generator_c: 3.1.7 (/opt/ros/humble/share/rosidl_generator_c/cmake)
[1.057s] -- Found rosidl_adapter: 3.1.7 (/opt/ros/humble/share/rosidl_adapter/cmake)
[1.072s] -- Found rosidl_generator_cpp: 3.1.7 (/opt/ros/humble/share/rosidl_generator_cpp/cmake)
[1.093s] -- Using all available rosidl_typesupport_c: rosidl_typesupport_fastrtps_c;rosidl_typesupport_introspection_c
[1.128s] -- Using all available rosidl_typesupport_cpp: rosidl_typesupport_fastrtps_cpp;rosidl_typesupport_introspection_cpp
[1.228s] -- Found rmw_implementation_cmake: 6.1.2 (/opt/ros/humble/share/rmw_implementation_cmake/cmake)
[1.236s] -- Found rmw_fastrtps_cpp: 6.2.9 (/opt/ros/humble/share/rmw_fastrtps_cpp/cmake)
[1.430s] -- Found OpenSSL: /usr/lib/x86_64-linux-gnu/libcrypto.so (found version "3.0.2")  
[1.477s] -- Found FastRTPS: /opt/ros/humble/include  
[1.549s] -- Using RMW implementation 'rmw_fastrtps_cpp' as default
[1.567s] -- Looking for pthread.h
[1.689s] -- Looking for pthread.h - found
[1.690s] -- Performing Test CMAKE_HAVE_LIBC_PTHREAD
[1.815s] -- Performing Test CMAKE_HAVE_LIBC_PTHREAD - Success
[1.817s] -- Found Threads: TRUE  
[1.918s] -- Found mav_msgs: 3.3.3 (/home/aimane/vnav23/labs/lab4/install/mav_msgs/share/mav_msgs/cmake)
[2.008s] -- Found trajectory_msgs: 4.9.0 (/opt/ros/humble/share/trajectory_msgs/cmake)
[2.042s] -- Found tf2_geometry_msgs: 0.25.16 (/opt/ros/humble/share/tf2_geometry_msgs/cmake)
[2.063s] -- Found eigen3_cmake_module: 0.1.1 (/opt/ros/humble/share/eigen3_cmake_module/cmake)
[2.065s] -- Found Eigen3: TRUE (found version "3.4.0") 
[2.065s] -- Ensuring Eigen3 include directory is part of orocos-kdl CMake target
[2.307s] -- Found tf2_eigen: 0.25.16 (/opt/ros/humble/share/tf2_eigen/cmake)
[2.323s] -- Found ament_lint_auto: 0.12.14 (/opt/ros/humble/share/ament_lint_auto/cmake)
[2.539s] -- Added test 'cppcheck' to perform static code analysis on C / C++ code
[2.539s] -- Configured cppcheck include dirs: 
[2.539s] -- Configured cppcheck exclude dirs and/or files: 
[2.544s] -- Added test 'flake8' to check Python code syntax and style conventions
[2.551s] -- Added test 'lint_cmake' to check CMake code style
[2.558s] -- Added test 'pep257' to check Python code against some of the docstring style conventions in PEP 257
[2.568s] -- Added test 'uncrustify' to check C / C++ code style
[2.568s] -- Configured uncrustify additional arguments: 
[2.570s] -- Added test 'xmllint' to check XML markup files
[2.580s] -- Configuring done
[2.706s] -- Generating done
[2.731s] -- Build files have been written to: /home/aimane/vnav23/labs/lab4/build/controller_pkg
[2.759s] Invoked command in '/home/aimane/vnav23/labs/lab4/build/controller_pkg' returned '0': AMENT_PREFIX_PATH=/home/aimane/vnav23/labs/lab4/install/mav_msgs:${AMENT_PREFIX_PATH} CMAKE_PREFIX_PATH=/home/aimane/vnav23/labs/lab4/install/mav_msgs:/home/aimane/vnav23/labs/lab4/install/trajectory_generation:/home/aimane/vnav23/labs/lab4/install/tesse_msgs:/home/aimane/vnav23/labs/lab4/install/planner_pkg:/home/aimane/vnav23/labs/lab4/install/tesse_ros_bridge:/opt/ros/humble:/home/aimane/vnav23/labs/lab4/install/mav_visualization:/home/aimane/vnav23/labs/lab4/install/mav_trajectory_generation:/home/aimane/vnav23/labs/lab4/install/mav_comm:/home/aimane/vnav23/labs/lab4/install/mav_system_msgs:/home/aimane/vnav23/labs/lab4/install/mav_state_machine_msgs:/home/aimane/vnav23/labs/lab4/install/mav_planning_msgs:/home/aimane/vnav23/labs/lab4/install/controller_pkg LD_LIBRARY_PATH=/home/aimane/vnav23/labs/lab4/install/mav_msgs/lib:/home/aimane/vnav23/labs/lab4/install/tesse_msgs/lib:/home/aimane/vnav23/labs/lab4/install/mav_system_msgs/lib:/home/aimane/vnav23/labs/lab4/install/mav_state_machine_msgs/lib:/home/aimane/vnav23/labs/lab4/install/mav_planning_msgs/lib:/opt/ros/humble/opt/rviz_ogre_vendor/lib:/opt/ros/humble/lib/x86_64-linux-gnu:/opt/ros/humble/lib PYTHONPATH=/home/aimane/vnav23/labs/lab4/install/mav_msgs/local/lib/python3.10/dist-packages:${PYTHONPATH} /usr/bin/cmake /home/aimane/vnav23/labs/lab4/src/controller_pkg -DAMENT_CMAKE_SYMLINK_INSTALL=1 -DCMAKE_INSTALL_PREFIX=/home/aimane/vnav23/labs/lab4/install/controller_pkg
[2.763s] Invoking command in '/home/aimane/vnav23/labs/lab4/build/controller_pkg': AMENT_PREFIX_PATH=/home/aimane/vnav23/labs/lab4/install/mav_msgs:${AMENT_PREFIX_PATH} CMAKE_PREFIX_PATH=/home/aimane/vnav23/labs/lab4/install/mav_msgs:/home/aimane/vnav23/labs/lab4/install/trajectory_generation:/home/aimane/vnav23/labs/lab4/install/tesse_msgs:/home/aimane/vnav23/labs/lab4/install/planner_pkg:/home/aimane/vnav23/labs/lab4/install/tesse_ros_bridge:/opt/ros/humble:/home/aimane/vnav23/labs/lab4/install/mav_visualization:/home/aimane/vnav23/labs/lab4/install/mav_trajectory_generation:/home/aimane/vnav23/labs/lab4/install/mav_comm:/home/aimane/vnav23/labs/lab4/install/mav_system_msgs:/home/aimane/vnav23/labs/lab4/install/mav_state_machine_msgs:/home/aimane/vnav23/labs/lab4/install/mav_planning_msgs:/home/aimane/vnav23/labs/lab4/install/controller_pkg LD_LIBRARY_PATH=/home/aimane/vnav23/labs/lab4/install/mav_msgs/lib:/home/aimane/vnav23/labs/lab4/install/tesse_msgs/lib:/home/aimane/vnav23/labs/lab4/install/mav_system_msgs/lib:/home/aimane/vnav23/labs/lab4/install/mav_state_machine_msgs/lib:/home/aimane/vnav23/labs/lab4/install/mav_planning_msgs/lib:/opt/ros/humble/opt/rviz_ogre_vendor/lib:/opt/ros/humble/lib/x86_64-linux-gnu:/opt/ros/humble/lib PYTHONPATH=/home/aimane/vnav23/labs/lab4/install/mav_msgs/local/lib/python3.10/dist-packages:${PYTHONPATH} /usr/bin/cmake --build /home/aimane/vnav23/labs/lab4/build/controller_pkg -- -j8 -l8
[3.043s] [ 25%] [32mBuilding CXX object CMakeFiles/traj_publisher.dir/src/traj_publisher.cpp.o[0m
[3.065s] [ 50%] [32mBuilding CXX object CMakeFiles/controller_node.dir/src/controller_node.cpp.o[0m
[27.133s] [ 75%] [32m[1mLinking CXX executable traj_publisher[0m
[27.888s] [ 75%] Built target traj_publisher
[40.797s] [100%] [32m[1mLinking CXX executable controller_node[0m
[41.790s] [100%] Built target controller_node
[41.899s] Invoked command in '/home/aimane/vnav23/labs/lab4/build/controller_pkg' returned '0': AMENT_PREFIX_PATH=/home/aimane/vnav23/labs/lab4/install/mav_msgs:${AMENT_PREFIX_PATH} CMAKE_PREFIX_PATH=/home/aimane/vnav23/labs/lab4/install/mav_msgs:/home/aimane/vnav23/labs/lab4/install/trajectory_generation:/home/aimane/vnav23/labs/lab4/install/tesse_msgs:/home/aimane/vnav23/labs/lab4/install/planner_pkg:/home/aimane/vnav23/labs/lab4/install/tesse_ros_bridge:/opt/ros/humble:/home/aimane/vnav23/labs/lab4/install/mav_visualization:/home/aimane/vnav23/labs/lab4/install/mav_trajectory_generation:/home/aimane/vnav23/labs/lab4/install/mav_comm:/home/aimane/vnav23/labs/lab4/install/mav_system_msgs:/home/aimane/vnav23/labs/lab4/install/mav_state_machine_msgs:/home/aimane/vnav23/labs/lab4/install/mav_planning_msgs:/home/aimane/vnav23/labs/lab4/install/controller_pkg LD_LIBRARY_PATH=/home/aimane/vnav23/labs/lab4/install/mav_msgs/lib:/home/aimane/vnav23/labs/lab4/install/tesse_msgs/lib:/home/aimane/vnav23/labs/lab4/install/mav_system_msgs/lib:/home/aimane/vnav23/labs/lab4/install/mav_state_machine_msgs/lib:/home/aimane/vnav23/labs/lab4/install/mav_planning_msgs/lib:/opt/ros/humble/opt/rviz_ogre_vendor/lib:/opt/ros/humble/lib/x86_64-linux-gnu:/opt/ros/humble/lib PYTHONPATH=/home/aimane/vnav23/labs/lab4/install/mav_msgs/local/lib/python3.10/dist-packages:${PYTHONPATH} /usr/bin/cmake --build /home/aimane/vnav23/labs/lab4/build/controller_pkg -- -j8 -l8
[41.901s] Invoking command in '/home/aimane/vnav23/labs/lab4/build/controller_pkg': AMENT_PREFIX_PATH=/home/aimane/vnav23/labs/lab4/install/mav_msgs:${AMENT_PREFIX_PATH} CMAKE_PREFIX_PATH=/home/aimane/vnav23/labs/lab4/install/mav_msgs:/home/aimane/vnav23/labs/lab4/install/trajectory_generation:/home/aimane/vnav23/labs/lab4/install/tesse_msgs:/home/aimane/vnav23/labs/lab4/install/planner_pkg:/home/aimane/vnav23/labs/lab4/install/tesse_ros_bridge:/opt/ros/humble:/home/aimane/vnav23/labs/lab4/install/mav_visualization:/home/aimane/vnav23/labs/lab4/install/mav_trajectory_generation:/home/aimane/vnav23/labs/lab4/install/mav_comm:/home/aimane/vnav23/labs/lab4/install/mav_system_msgs:/home/aimane/vnav23/labs/lab4/install/mav_state_machine_msgs:/home/aimane/vnav23/labs/lab4/install/mav_planning_msgs:/home/aimane/vnav23/labs/lab4/install/controller_pkg LD_LIBRARY_PATH=/home/aimane/vnav23/labs/lab4/install/mav_msgs/lib:/home/aimane/vnav23/labs/lab4/install/tesse_msgs/lib:/home/aimane/vnav23/labs/lab4/install/mav_system_msgs/lib:/home/aimane/vnav23/labs/lab4/install/mav_state_machine_msgs/lib:/home/aimane/vnav23/labs/lab4/install/mav_planning_msgs/lib:/opt/ros/humble/opt/rviz_ogre_vendor/lib:/opt/ros/humble/lib/x86_64-linux-gnu:/opt/ros/humble/lib PYTHONPATH=/home/aimane/vnav23/labs/lab4/install/mav_msgs/local/lib/python3.10/dist-packages:${PYTHONPATH} /usr/bin/cmake --install /home/aimane/vnav23/labs/lab4/build/controller_pkg
[41.911s] -- Install configuration: ""
[41.912s] -- Execute custom install script
[41.912s] -- Symlinking: /home/aimane/vnav23/labs/lab4/install/controller_pkg/lib/controller_pkg/controller_node
[41.925s] -- Symlinking: /home/aimane/vnav23/labs/lab4/install/controller_pkg/lib/controller_pkg/traj_publisher
[41.939s] -- Symlinking: /home/aimane/vnav23/labs/lab4/install/controller_pkg/share/controller_pkg/launch/traj_tracking.launch.py
[41.954s] -- Symlinking: /home/aimane/vnav23/labs/lab4/install/controller_pkg/share/controller_pkg/config/params.yaml
[41.967s] -- Symlinking: /home/aimane/vnav23/labs/lab4/install/controller_pkg/share/ament_index/resource_index/package_run_dependencies/controller_pkg
[41.980s] -- Symlinking: /home/aimane/vnav23/labs/lab4/install/controller_pkg/share/ament_index/resource_index/parent_prefix_path/controller_pkg
[41.994s] -- Symlinking: /home/aimane/vnav23/labs/lab4/install/controller_pkg/share/controller_pkg/environment/ament_prefix_path.sh
[42.007s] -- Symlinking: /home/aimane/vnav23/labs/lab4/install/controller_pkg/share/controller_pkg/environment/ament_prefix_path.dsv
[42.020s] -- Symlinking: /home/aimane/vnav23/labs/lab4/install/controller_pkg/share/controller_pkg/environment/path.sh
[42.032s] -- Symlinking: /home/aimane/vnav23/labs/lab4/install/controller_pkg/share/controller_pkg/environment/path.dsv
[42.045s] -- Symlinking: /home/aimane/vnav23/labs/lab4/install/controller_pkg/share/controller_pkg/local_setup.bash
[42.057s] -- Symlinking: /home/aimane/vnav23/labs/lab4/install/controller_pkg/share/controller_pkg/local_setup.sh
[42.069s] -- Symlinking: /home/aimane/vnav23/labs/lab4/install/controller_pkg/share/controller_pkg/local_setup.zsh
[42.082s] -- Symlinking: /home/aimane/vnav23/labs/lab4/install/controller_pkg/share/controller_pkg/local_setup.dsv
[42.096s] -- Symlinking: /home/aimane/vnav23/labs/lab4/install/controller_pkg/share/controller_pkg/package.dsv
[42.109s] -- Symlinking: /home/aimane/vnav23/labs/lab4/install/controller_pkg/share/ament_index/resource_index/packages/controller_pkg
[42.123s] -- Symlinking: /home/aimane/vnav23/labs/lab4/install/controller_pkg/share/controller_pkg/cmake/controller_pkgConfig.cmake
[42.136s] -- Symlinking: /home/aimane/vnav23/labs/lab4/install/controller_pkg/share/controller_pkg/cmake/controller_pkgConfig-version.cmake
[42.149s] -- Symlinking: /home/aimane/vnav23/labs/lab4/install/controller_pkg/share/controller_pkg/package.xml
[42.165s] Invoked command in '/home/aimane/vnav23/labs/lab4/build/controller_pkg' returned '0': AMENT_PREFIX_PATH=/home/aimane/vnav23/labs/lab4/install/mav_msgs:${AMENT_PREFIX_PATH} CMAKE_PREFIX_PATH=/home/aimane/vnav23/labs/lab4/install/mav_msgs:/home/aimane/vnav23/labs/lab4/install/trajectory_generation:/home/aimane/vnav23/labs/lab4/install/tesse_msgs:/home/aimane/vnav23/labs/lab4/install/planner_pkg:/home/aimane/vnav23/labs/lab4/install/tesse_ros_bridge:/opt/ros/humble:/home/aimane/vnav23/labs/lab4/install/mav_visualization:/home/aimane/vnav23/labs/lab4/install/mav_trajectory_generation:/home/aimane/vnav23/labs/lab4/install/mav_comm:/home/aimane/vnav23/labs/lab4/install/mav_system_msgs:/home/aimane/vnav23/labs/lab4/install/mav_state_machine_msgs:/home/aimane/vnav23/labs/lab4/install/mav_planning_msgs:/home/aimane/vnav23/labs/lab4/install/controller_pkg LD_LIBRARY_PATH=/home/aimane/vnav23/labs/lab4/install/mav_msgs/lib:/home/aimane/vnav23/labs/lab4/install/tesse_msgs/lib:/home/aimane/vnav23/labs/lab4/install/mav_system_msgs/lib:/home/aimane/vnav23/labs/lab4/install/mav_state_machine_msgs/lib:/home/aimane/vnav23/labs/lab4/install/mav_planning_msgs/lib:/opt/ros/humble/opt/rviz_ogre_vendor/lib:/opt/ros/humble/lib/x86_64-linux-gnu:/opt/ros/humble/lib PYTHONPATH=/home/aimane/vnav23/labs/lab4/install/mav_msgs/local/lib/python3.10/dist-packages:${PYTHONPATH} /usr/bin/cmake --install /home/aimane/vnav23/labs/lab4/build/controller_pkg
