[0.434s] DEBUG:colcon:Command line arguments: ['/usr/bin/colcon', 'build', '--packages-select', 'controller_pkg']
[0.434s] DEBUG:colcon:Parsed command line arguments: Namespace(log_base=None, log_level=None, verb_name='build', build_base='build', install_base='install', merge_install=False, symlink_install=False, test_result_base=None, continue_on_error=False, executor='parallel', parallel_workers=8, event_handlers=None, ignore_user_meta=False, metas=['./colcon.meta'], base_paths=['.'], packages_ignore=None, packages_ignore_regex=None, paths=None, packages_up_to=None, packages_up_to_regex=None, packages_above=None, packages_above_and_dependencies=None, packages_above_depth=None, packages_select_by_dep=None, packages_skip_by_dep=None, packages_skip_up_to=None, packages_select_build_failed=False, packages_skip_build_finished=False, packages_select_test_failures=False, packages_skip_test_passed=False, packages_select=['controller_pkg'], packages_skip=None, packages_select_regex=None, packages_skip_regex=None, packages_start=None, packages_end=None, cmake_args=None, cmake_target=None, cmake_target_skip_unavailable=False, cmake_clean_cache=False, cmake_clean_first=False, cmake_force_configure=False, ament_cmake_args=None, catkin_cmake_args=None, catkin_skip_building_tests=False, mixin_files=None, mixin=None, verb_parser=<colcon_mixin.mixin.mixin_argument.MixinArgumentDecorator object at 0x73b9bffc6e60>, verb_extension=<colcon_core.verb.build.BuildVerb object at 0x73b9c017c490>, main=<bound method BuildVerb.main of <colcon_core.verb.build.BuildVerb object at 0x73b9c017c490>>, mixin_verb=('build',))
[0.591s] Level 1:colcon.colcon_core.package_discovery:discover_packages(colcon_meta) check parameters
[0.592s] Level 1:colcon.colcon_core.package_discovery:discover_packages(recursive) check parameters
[0.592s] Level 1:colcon.colcon_core.package_discovery:discover_packages(ignore) check parameters
[0.592s] Level 1:colcon.colcon_core.package_discovery:discover_packages(path) check parameters
[0.592s] Level 1:colcon.colcon_core.package_discovery:discover_packages(colcon_meta) discover
[0.592s] Level 1:colcon.colcon_core.package_discovery:discover_packages(recursive) discover
[0.593s] INFO:colcon.colcon_core.package_discovery:Crawling recursively for packages in '/home/aimane/vnav23/labs/lab4'
[0.593s] Level 1:colcon.colcon_core.package_identification:_identify(.) by extensions ['ignore', 'ignore_ament_install']
[0.594s] Level 1:colcon.colcon_core.package_identification:_identify(.) by extension 'ignore'
[0.594s] Level 1:colcon.colcon_core.package_identification:_identify(.) by extension 'ignore_ament_install'
[0.595s] Level 1:colcon.colcon_core.package_identification:_identify(.) by extensions ['colcon_pkg']
[0.595s] Level 1:colcon.colcon_core.package_identification:_identify(.) by extension 'colcon_pkg'
[0.595s] Level 1:colcon.colcon_core.package_identification:_identify(.) by extensions ['colcon_meta']
[0.595s] Level 1:colcon.colcon_core.package_identification:_identify(.) by extension 'colcon_meta'
[0.595s] Level 1:colcon.colcon_core.package_identification:_identify(.) by extensions ['ros']
[0.596s] Level 1:colcon.colcon_core.package_identification:_identify(.) by extension 'ros'
[0.651s] Level 1:colcon.colcon_core.package_identification:_identify(.) by extensions ['cmake', 'python']
[0.651s] Level 1:colcon.colcon_core.package_identification:_identify(.) by extension 'cmake'
[0.651s] Level 1:colcon.colcon_core.package_identification:_identify(.) by extension 'python'
[0.652s] Level 1:colcon.colcon_core.package_identification:_identify(.) by extensions ['python_setup_py']
[0.652s] Level 1:colcon.colcon_core.package_identification:_identify(.) by extension 'python_setup_py'
[0.652s] Level 1:colcon.colcon_core.package_identification:_identify(build) by extensions ['ignore', 'ignore_ament_install']
[0.652s] Level 1:colcon.colcon_core.package_identification:_identify(build) by extension 'ignore'
[0.653s] Level 1:colcon.colcon_core.package_identification:_identify(build) ignored
[0.653s] Level 1:colcon.colcon_core.package_identification:_identify(install) by extensions ['ignore', 'ignore_ament_install']
[0.653s] Level 1:colcon.colcon_core.package_identification:_identify(install) by extension 'ignore'
[0.653s] Level 1:colcon.colcon_core.package_identification:_identify(install) ignored
[0.654s] Level 1:colcon.colcon_core.package_identification:_identify(log) by extensions ['ignore', 'ignore_ament_install']
[0.655s] Level 1:colcon.colcon_core.package_identification:_identify(log) by extension 'ignore'
[0.655s] Level 1:colcon.colcon_core.package_identification:_identify(log) ignored
[0.656s] Level 1:colcon.colcon_core.package_identification:_identify(src) by extensions ['ignore', 'ignore_ament_install']
[0.656s] Level 1:colcon.colcon_core.package_identification:_identify(src) by extension 'ignore'
[0.656s] Level 1:colcon.colcon_core.package_identification:_identify(src) by extension 'ignore_ament_install'
[0.657s] Level 1:colcon.colcon_core.package_identification:_identify(src) by extensions ['colcon_pkg']
[0.657s] Level 1:colcon.colcon_core.package_identification:_identify(src) by extension 'colcon_pkg'
[0.657s] Level 1:colcon.colcon_core.package_identification:_identify(src) by extensions ['colcon_meta']
[0.657s] Level 1:colcon.colcon_core.package_identification:_identify(src) by extension 'colcon_meta'
[0.658s] Level 1:colcon.colcon_core.package_identification:_identify(src) by extensions ['ros']
[0.658s] Level 1:colcon.colcon_core.package_identification:_identify(src) by extension 'ros'
[0.658s] Level 1:colcon.colcon_core.package_identification:_identify(src) by extensions ['cmake', 'python']
[0.658s] Level 1:colcon.colcon_core.package_identification:_identify(src) by extension 'cmake'
[0.658s] Level 1:colcon.colcon_core.package_identification:_identify(src) by extension 'python'
[0.658s] Level 1:colcon.colcon_core.package_identification:_identify(src) by extensions ['python_setup_py']
[0.659s] Level 1:colcon.colcon_core.package_identification:_identify(src) by extension 'python_setup_py'
[0.659s] Level 1:colcon.colcon_core.package_identification:_identify(src/build) by extensions ['ignore', 'ignore_ament_install']
[0.660s] Level 1:colcon.colcon_core.package_identification:_identify(src/build) by extension 'ignore'
[0.660s] Level 1:colcon.colcon_core.package_identification:_identify(src/build) ignored
[0.661s] Level 1:colcon.colcon_core.package_identification:_identify(src/controller_pkg) by extensions ['ignore', 'ignore_ament_install']
[0.661s] Level 1:colcon.colcon_core.package_identification:_identify(src/controller_pkg) by extension 'ignore'
[0.661s] Level 1:colcon.colcon_core.package_identification:_identify(src/controller_pkg) by extension 'ignore_ament_install'
[0.661s] Level 1:colcon.colcon_core.package_identification:_identify(src/controller_pkg) by extensions ['colcon_pkg']
[0.661s] Level 1:colcon.colcon_core.package_identification:_identify(src/controller_pkg) by extension 'colcon_pkg'
[0.661s] Level 1:colcon.colcon_core.package_identification:_identify(src/controller_pkg) by extensions ['colcon_meta']
[0.662s] Level 1:colcon.colcon_core.package_identification:_identify(src/controller_pkg) by extension 'colcon_meta'
[0.662s] Level 1:colcon.colcon_core.package_identification:_identify(src/controller_pkg) by extensions ['ros']
[0.662s] Level 1:colcon.colcon_core.package_identification:_identify(src/controller_pkg) by extension 'ros'
[0.673s] DEBUG:colcon.colcon_core.package_identification:Package 'src/controller_pkg' with type 'ros.ament_cmake' and name 'controller_pkg'
[0.673s] Level 1:colcon.colcon_core.package_identification:_identify(src/install) by extensions ['ignore', 'ignore_ament_install']
[0.674s] Level 1:colcon.colcon_core.package_identification:_identify(src/install) by extension 'ignore'
[0.674s] Level 1:colcon.colcon_core.package_identification:_identify(src/install) ignored
[0.674s] Level 1:colcon.colcon_core.package_identification:_identify(src/log) by extensions ['ignore', 'ignore_ament_install']
[0.675s] Level 1:colcon.colcon_core.package_identification:_identify(src/log) by extension 'ignore'
[0.675s] Level 1:colcon.colcon_core.package_identification:_identify(src/log) ignored
[0.675s] Level 1:colcon.colcon_core.package_identification:_identify(src/mav_comm) by extensions ['ignore', 'ignore_ament_install']
[0.676s] Level 1:colcon.colcon_core.package_identification:_identify(src/mav_comm) by extension 'ignore'
[0.676s] Level 1:colcon.colcon_core.package_identification:_identify(src/mav_comm) by extension 'ignore_ament_install'
[0.677s] Level 1:colcon.colcon_core.package_identification:_identify(src/mav_comm) by extensions ['colcon_pkg']
[0.677s] Level 1:colcon.colcon_core.package_identification:_identify(src/mav_comm) by extension 'colcon_pkg'
[0.677s] Level 1:colcon.colcon_core.package_identification:_identify(src/mav_comm) by extensions ['colcon_meta']
[0.678s] Level 1:colcon.colcon_core.package_identification:_identify(src/mav_comm) by extension 'colcon_meta'
[0.678s] Level 1:colcon.colcon_core.package_identification:_identify(src/mav_comm) by extensions ['ros']
[0.678s] Level 1:colcon.colcon_core.package_identification:_identify(src/mav_comm) by extension 'ros'
[0.678s] Level 1:colcon.colcon_core.package_identification:_identify(src/mav_comm) by extensions ['cmake', 'python']
[0.678s] Level 1:colcon.colcon_core.package_identification:_identify(src/mav_comm) by extension 'cmake'
[0.678s] Level 1:colcon.colcon_core.package_identification:_identify(src/mav_comm) by extension 'python'
[0.679s] Level 1:colcon.colcon_core.package_identification:_identify(src/mav_comm) by extensions ['python_setup_py']
[0.679s] Level 1:colcon.colcon_core.package_identification:_identify(src/mav_comm) by extension 'python_setup_py'
[0.679s] Level 1:colcon.colcon_core.package_identification:_identify(src/mav_comm/mav_comm) by extensions ['ignore', 'ignore_ament_install']
[0.680s] Level 1:colcon.colcon_core.package_identification:_identify(src/mav_comm/mav_comm) by extension 'ignore'
[0.680s] Level 1:colcon.colcon_core.package_identification:_identify(src/mav_comm/mav_comm) by extension 'ignore_ament_install'
[0.680s] Level 1:colcon.colcon_core.package_identification:_identify(src/mav_comm/mav_comm) by extensions ['colcon_pkg']
[0.680s] Level 1:colcon.colcon_core.package_identification:_identify(src/mav_comm/mav_comm) by extension 'colcon_pkg'
[0.680s] Level 1:colcon.colcon_core.package_identification:_identify(src/mav_comm/mav_comm) by extensions ['colcon_meta']
[0.680s] Level 1:colcon.colcon_core.package_identification:_identify(src/mav_comm/mav_comm) by extension 'colcon_meta'
[0.680s] Level 1:colcon.colcon_core.package_identification:_identify(src/mav_comm/mav_comm) by extensions ['ros']
[0.680s] Level 1:colcon.colcon_core.package_identification:_identify(src/mav_comm/mav_comm) by extension 'ros'
[0.683s] DEBUG:colcon.colcon_core.package_identification:Package 'src/mav_comm/mav_comm' with type 'ros.ament_cmake' and name 'mav_comm'
[0.683s] Level 1:colcon.colcon_core.package_identification:_identify(src/mav_comm/mav_msgs) by extensions ['ignore', 'ignore_ament_install']
[0.684s] Level 1:colcon.colcon_core.package_identification:_identify(src/mav_comm/mav_msgs) by extension 'ignore'
[0.684s] Level 1:colcon.colcon_core.package_identification:_identify(src/mav_comm/mav_msgs) by extension 'ignore_ament_install'
[0.684s] Level 1:colcon.colcon_core.package_identification:_identify(src/mav_comm/mav_msgs) by extensions ['colcon_pkg']
[0.684s] Level 1:colcon.colcon_core.package_identification:_identify(src/mav_comm/mav_msgs) by extension 'colcon_pkg'
[0.684s] Level 1:colcon.colcon_core.package_identification:_identify(src/mav_comm/mav_msgs) by extensions ['colcon_meta']
[0.684s] Level 1:colcon.colcon_core.package_identification:_identify(src/mav_comm/mav_msgs) by extension 'colcon_meta'
[0.684s] Level 1:colcon.colcon_core.package_identification:_identify(src/mav_comm/mav_msgs) by extensions ['ros']
[0.685s] Level 1:colcon.colcon_core.package_identification:_identify(src/mav_comm/mav_msgs) by extension 'ros'
[0.688s] DEBUG:colcon.colcon_core.package_identification:Package 'src/mav_comm/mav_msgs' with type 'ros.ament_cmake' and name 'mav_msgs'
[0.688s] Level 1:colcon.colcon_core.package_identification:_identify(src/mav_comm/mav_planning_msgs) by extensions ['ignore', 'ignore_ament_install']
[0.689s] Level 1:colcon.colcon_core.package_identification:_identify(src/mav_comm/mav_planning_msgs) by extension 'ignore'
[0.689s] Level 1:colcon.colcon_core.package_identification:_identify(src/mav_comm/mav_planning_msgs) by extension 'ignore_ament_install'
[0.689s] Level 1:colcon.colcon_core.package_identification:_identify(src/mav_comm/mav_planning_msgs) by extensions ['colcon_pkg']
[0.689s] Level 1:colcon.colcon_core.package_identification:_identify(src/mav_comm/mav_planning_msgs) by extension 'colcon_pkg'
[0.689s] Level 1:colcon.colcon_core.package_identification:_identify(src/mav_comm/mav_planning_msgs) by extensions ['colcon_meta']
[0.690s] Level 1:colcon.colcon_core.package_identification:_identify(src/mav_comm/mav_planning_msgs) by extension 'colcon_meta'
[0.690s] Level 1:colcon.colcon_core.package_identification:_identify(src/mav_comm/mav_planning_msgs) by extensions ['ros']
[0.690s] Level 1:colcon.colcon_core.package_identification:_identify(src/mav_comm/mav_planning_msgs) by extension 'ros'
[0.693s] DEBUG:colcon.colcon_core.package_identification:Package 'src/mav_comm/mav_planning_msgs' with type 'ros.ament_cmake' and name 'mav_planning_msgs'
[0.694s] Level 1:colcon.colcon_core.package_identification:_identify(src/mav_comm/mav_state_machine_msgs) by extensions ['ignore', 'ignore_ament_install']
[0.694s] Level 1:colcon.colcon_core.package_identification:_identify(src/mav_comm/mav_state_machine_msgs) by extension 'ignore'
[0.695s] Level 1:colcon.colcon_core.package_identification:_identify(src/mav_comm/mav_state_machine_msgs) by extension 'ignore_ament_install'
[0.695s] Level 1:colcon.colcon_core.package_identification:_identify(src/mav_comm/mav_state_machine_msgs) by extensions ['colcon_pkg']
[0.696s] Level 1:colcon.colcon_core.package_identification:_identify(src/mav_comm/mav_state_machine_msgs) by extension 'colcon_pkg'
[0.696s] Level 1:colcon.colcon_core.package_identification:_identify(src/mav_comm/mav_state_machine_msgs) by extensions ['colcon_meta']
[0.696s] Level 1:colcon.colcon_core.package_identification:_identify(src/mav_comm/mav_state_machine_msgs) by extension 'colcon_meta'
[0.696s] Level 1:colcon.colcon_core.package_identification:_identify(src/mav_comm/mav_state_machine_msgs) by extensions ['ros']
[0.697s] Level 1:colcon.colcon_core.package_identification:_identify(src/mav_comm/mav_state_machine_msgs) by extension 'ros'
[0.698s] DEBUG:colcon.colcon_core.package_identification:Package 'src/mav_comm/mav_state_machine_msgs' with type 'ros.ament_cmake' and name 'mav_state_machine_msgs'
[0.699s] Level 1:colcon.colcon_core.package_identification:_identify(src/mav_comm/mav_system_msgs) by extensions ['ignore', 'ignore_ament_install']
[0.699s] Level 1:colcon.colcon_core.package_identification:_identify(src/mav_comm/mav_system_msgs) by extension 'ignore'
[0.699s] Level 1:colcon.colcon_core.package_identification:_identify(src/mav_comm/mav_system_msgs) by extension 'ignore_ament_install'
[0.700s] Level 1:colcon.colcon_core.package_identification:_identify(src/mav_comm/mav_system_msgs) by extensions ['colcon_pkg']
[0.700s] Level 1:colcon.colcon_core.package_identification:_identify(src/mav_comm/mav_system_msgs) by extension 'colcon_pkg'
[0.700s] Level 1:colcon.colcon_core.package_identification:_identify(src/mav_comm/mav_system_msgs) by extensions ['colcon_meta']
[0.700s] Level 1:colcon.colcon_core.package_identification:_identify(src/mav_comm/mav_system_msgs) by extension 'colcon_meta'
[0.701s] Level 1:colcon.colcon_core.package_identification:_identify(src/mav_comm/mav_system_msgs) by extensions ['ros']
[0.701s] Level 1:colcon.colcon_core.package_identification:_identify(src/mav_comm/mav_system_msgs) by extension 'ros'
[0.703s] DEBUG:colcon.colcon_core.package_identification:Package 'src/mav_comm/mav_system_msgs' with type 'ros.ament_cmake' and name 'mav_system_msgs'
[0.703s] Level 1:colcon.colcon_core.package_identification:_identify(src/mav_trajectory_generation) by extensions ['ignore', 'ignore_ament_install']
[0.703s] Level 1:colcon.colcon_core.package_identification:_identify(src/mav_trajectory_generation) by extension 'ignore'
[0.704s] Level 1:colcon.colcon_core.package_identification:_identify(src/mav_trajectory_generation) by extension 'ignore_ament_install'
[0.704s] Level 1:colcon.colcon_core.package_identification:_identify(src/mav_trajectory_generation) by extensions ['colcon_pkg']
[0.704s] Level 1:colcon.colcon_core.package_identification:_identify(src/mav_trajectory_generation) by extension 'colcon_pkg'
[0.704s] Level 1:colcon.colcon_core.package_identification:_identify(src/mav_trajectory_generation) by extensions ['colcon_meta']
[0.704s] Level 1:colcon.colcon_core.package_identification:_identify(src/mav_trajectory_generation) by extension 'colcon_meta'
[0.704s] Level 1:colcon.colcon_core.package_identification:_identify(src/mav_trajectory_generation) by extensions ['ros']
[0.704s] Level 1:colcon.colcon_core.package_identification:_identify(src/mav_trajectory_generation) by extension 'ros'
[0.705s] Level 1:colcon.colcon_core.package_identification:_identify(src/mav_trajectory_generation) by extensions ['cmake', 'python']
[0.705s] Level 1:colcon.colcon_core.package_identification:_identify(src/mav_trajectory_generation) by extension 'cmake'
[0.705s] Level 1:colcon.colcon_core.package_identification:_identify(src/mav_trajectory_generation) by extension 'python'
[0.705s] Level 1:colcon.colcon_core.package_identification:_identify(src/mav_trajectory_generation) by extensions ['python_setup_py']
[0.705s] Level 1:colcon.colcon_core.package_identification:_identify(src/mav_trajectory_generation) by extension 'python_setup_py'
[0.705s] Level 1:colcon.colcon_core.package_identification:_identify(src/mav_trajectory_generation/install) by extensions ['ignore', 'ignore_ament_install']
[0.706s] Level 1:colcon.colcon_core.package_identification:_identify(src/mav_trajectory_generation/install) by extension 'ignore'
[0.706s] Level 1:colcon.colcon_core.package_identification:_identify(src/mav_trajectory_generation/install) by extension 'ignore_ament_install'
[0.706s] Level 1:colcon.colcon_core.package_identification:_identify(src/mav_trajectory_generation/install) by extensions ['colcon_pkg']
[0.706s] Level 1:colcon.colcon_core.package_identification:_identify(src/mav_trajectory_generation/install) by extension 'colcon_pkg'
[0.706s] Level 1:colcon.colcon_core.package_identification:_identify(src/mav_trajectory_generation/install) by extensions ['colcon_meta']
[0.707s] Level 1:colcon.colcon_core.package_identification:_identify(src/mav_trajectory_generation/install) by extension 'colcon_meta'
[0.707s] Level 1:colcon.colcon_core.package_identification:_identify(src/mav_trajectory_generation/install) by extensions ['ros']
[0.707s] Level 1:colcon.colcon_core.package_identification:_identify(src/mav_trajectory_generation/install) by extension 'ros'
[0.708s] Level 1:colcon.colcon_core.package_identification:_identify(src/mav_trajectory_generation/install) by extensions ['cmake', 'python']
[0.708s] Level 1:colcon.colcon_core.package_identification:_identify(src/mav_trajectory_generation/install) by extension 'cmake'
[0.708s] Level 1:colcon.colcon_core.package_identification:_identify(src/mav_trajectory_generation/install) by extension 'python'
[0.709s] Level 1:colcon.colcon_core.package_identification:_identify(src/mav_trajectory_generation/install) by extensions ['python_setup_py']
[0.709s] Level 1:colcon.colcon_core.package_identification:_identify(src/mav_trajectory_generation/install) by extension 'python_setup_py'
[0.709s] Level 1:colcon.colcon_core.package_identification:_identify(src/mav_trajectory_generation/matlab) by extensions ['ignore', 'ignore_ament_install']
[0.709s] Level 1:colcon.colcon_core.package_identification:_identify(src/mav_trajectory_generation/matlab) by extension 'ignore'
[0.709s] Level 1:colcon.colcon_core.package_identification:_identify(src/mav_trajectory_generation/matlab) by extension 'ignore_ament_install'
[0.710s] Level 1:colcon.colcon_core.package_identification:_identify(src/mav_trajectory_generation/matlab) by extensions ['colcon_pkg']
[0.710s] Level 1:colcon.colcon_core.package_identification:_identify(src/mav_trajectory_generation/matlab) by extension 'colcon_pkg'
[0.710s] Level 1:colcon.colcon_core.package_identification:_identify(src/mav_trajectory_generation/matlab) by extensions ['colcon_meta']
[0.710s] Level 1:colcon.colcon_core.package_identification:_identify(src/mav_trajectory_generation/matlab) by extension 'colcon_meta'
[0.711s] Level 1:colcon.colcon_core.package_identification:_identify(src/mav_trajectory_generation/matlab) by extensions ['ros']
[0.711s] Level 1:colcon.colcon_core.package_identification:_identify(src/mav_trajectory_generation/matlab) by extension 'ros'
[0.711s] Level 1:colcon.colcon_core.package_identification:_identify(src/mav_trajectory_generation/matlab) by extensions ['cmake', 'python']
[0.712s] Level 1:colcon.colcon_core.package_identification:_identify(src/mav_trajectory_generation/matlab) by extension 'cmake'
[0.712s] Level 1:colcon.colcon_core.package_identification:_identify(src/mav_trajectory_generation/matlab) by extension 'python'
[0.712s] Level 1:colcon.colcon_core.package_identification:_identify(src/mav_trajectory_generation/matlab) by extensions ['python_setup_py']
[0.713s] Level 1:colcon.colcon_core.package_identification:_identify(src/mav_trajectory_generation/matlab) by extension 'python_setup_py'
[0.713s] Level 1:colcon.colcon_core.package_identification:_identify(src/mav_trajectory_generation/matlab/functions) by extensions ['ignore', 'ignore_ament_install']
[0.714s] Level 1:colcon.colcon_core.package_identification:_identify(src/mav_trajectory_generation/matlab/functions) by extension 'ignore'
[0.714s] Level 1:colcon.colcon_core.package_identification:_identify(src/mav_trajectory_generation/matlab/functions) by extension 'ignore_ament_install'
[0.714s] Level 1:colcon.colcon_core.package_identification:_identify(src/mav_trajectory_generation/matlab/functions) by extensions ['colcon_pkg']
[0.714s] Level 1:colcon.colcon_core.package_identification:_identify(src/mav_trajectory_generation/matlab/functions) by extension 'colcon_pkg'
[0.715s] Level 1:colcon.colcon_core.package_identification:_identify(src/mav_trajectory_generation/matlab/functions) by extensions ['colcon_meta']
[0.715s] Level 1:colcon.colcon_core.package_identification:_identify(src/mav_trajectory_generation/matlab/functions) by extension 'colcon_meta'
[0.715s] Level 1:colcon.colcon_core.package_identification:_identify(src/mav_trajectory_generation/matlab/functions) by extensions ['ros']
[0.715s] Level 1:colcon.colcon_core.package_identification:_identify(src/mav_trajectory_generation/matlab/functions) by extension 'ros'
[0.716s] Level 1:colcon.colcon_core.package_identification:_identify(src/mav_trajectory_generation/matlab/functions) by extensions ['cmake', 'python']
[0.716s] Level 1:colcon.colcon_core.package_identification:_identify(src/mav_trajectory_generation/matlab/functions) by extension 'cmake'
[0.716s] Level 1:colcon.colcon_core.package_identification:_identify(src/mav_trajectory_generation/matlab/functions) by extension 'python'
[0.717s] Level 1:colcon.colcon_core.package_identification:_identify(src/mav_trajectory_generation/matlab/functions) by extensions ['python_setup_py']
[0.717s] Level 1:colcon.colcon_core.package_identification:_identify(src/mav_trajectory_generation/matlab/functions) by extension 'python_setup_py'
[0.717s] Level 1:colcon.colcon_core.package_identification:_identify(src/mav_trajectory_generation/mav_trajectory_generation) by extensions ['ignore', 'ignore_ament_install']
[0.717s] Level 1:colcon.colcon_core.package_identification:_identify(src/mav_trajectory_generation/mav_trajectory_generation) by extension 'ignore'
[0.718s] Level 1:colcon.colcon_core.package_identification:_identify(src/mav_trajectory_generation/mav_trajectory_generation) by extension 'ignore_ament_install'
[0.718s] Level 1:colcon.colcon_core.package_identification:_identify(src/mav_trajectory_generation/mav_trajectory_generation) by extensions ['colcon_pkg']
[0.718s] Level 1:colcon.colcon_core.package_identification:_identify(src/mav_trajectory_generation/mav_trajectory_generation) by extension 'colcon_pkg'
[0.718s] Level 1:colcon.colcon_core.package_identification:_identify(src/mav_trajectory_generation/mav_trajectory_generation) by extensions ['colcon_meta']
[0.718s] Level 1:colcon.colcon_core.package_identification:_identify(src/mav_trajectory_generation/mav_trajectory_generation) by extension 'colcon_meta'
[0.719s] Level 1:colcon.colcon_core.package_identification:_identify(src/mav_trajectory_generation/mav_trajectory_generation) by extensions ['ros']
[0.719s] Level 1:colcon.colcon_core.package_identification:_identify(src/mav_trajectory_generation/mav_trajectory_generation) by extension 'ros'
[0.721s] DEBUG:colcon.colcon_core.package_identification:Package 'src/mav_trajectory_generation/mav_trajectory_generation' with type 'ros.ament_cmake' and name 'mav_trajectory_generation'
[0.722s] Level 1:colcon.colcon_core.package_identification:_identify(src/mav_trajectory_generation/mav_visualization) by extensions ['ignore', 'ignore_ament_install']
[0.723s] Level 1:colcon.colcon_core.package_identification:_identify(src/mav_trajectory_generation/mav_visualization) by extension 'ignore'
[0.723s] Level 1:colcon.colcon_core.package_identification:_identify(src/mav_trajectory_generation/mav_visualization) by extension 'ignore_ament_install'
[0.724s] Level 1:colcon.colcon_core.package_identification:_identify(src/mav_trajectory_generation/mav_visualization) by extensions ['colcon_pkg']
[0.724s] Level 1:colcon.colcon_core.package_identification:_identify(src/mav_trajectory_generation/mav_visualization) by extension 'colcon_pkg'
[0.724s] Level 1:colcon.colcon_core.package_identification:_identify(src/mav_trajectory_generation/mav_visualization) by extensions ['colcon_meta']
[0.724s] Level 1:colcon.colcon_core.package_identification:_identify(src/mav_trajectory_generation/mav_visualization) by extension 'colcon_meta'
[0.724s] Level 1:colcon.colcon_core.package_identification:_identify(src/mav_trajectory_generation/mav_visualization) by extensions ['ros']
[0.725s] Level 1:colcon.colcon_core.package_identification:_identify(src/mav_trajectory_generation/mav_visualization) by extension 'ros'
[0.733s] DEBUG:colcon.colcon_core.package_identification:Package 'src/mav_trajectory_generation/mav_visualization' with type 'ros.catkin' and name 'mav_visualization'
[0.734s] Level 1:colcon.colcon_core.package_identification:_identify(src/planner_pkg) by extensions ['ignore', 'ignore_ament_install']
[0.735s] Level 1:colcon.colcon_core.package_identification:_identify(src/planner_pkg) by extension 'ignore'
[0.735s] Level 1:colcon.colcon_core.package_identification:_identify(src/planner_pkg) by extension 'ignore_ament_install'
[0.735s] Level 1:colcon.colcon_core.package_identification:_identify(src/planner_pkg) by extensions ['colcon_pkg']
[0.735s] Level 1:colcon.colcon_core.package_identification:_identify(src/planner_pkg) by extension 'colcon_pkg'
[0.735s] Level 1:colcon.colcon_core.package_identification:_identify(src/planner_pkg) by extensions ['colcon_meta']
[0.736s] Level 1:colcon.colcon_core.package_identification:_identify(src/planner_pkg) by extension 'colcon_meta'
[0.736s] Level 1:colcon.colcon_core.package_identification:_identify(src/planner_pkg) by extensions ['ros']
[0.736s] Level 1:colcon.colcon_core.package_identification:_identify(src/planner_pkg) by extension 'ros'
[0.738s] DEBUG:colcon.colcon_core.package_identification:Package 'src/planner_pkg' with type 'ros.ament_cmake' and name 'planner_pkg'
[0.739s] Level 1:colcon.colcon_core.package_identification:_identify(src/tesse) by extensions ['ignore', 'ignore_ament_install']
[0.739s] Level 1:colcon.colcon_core.package_identification:_identify(src/tesse) by extension 'ignore'
[0.739s] Level 1:colcon.colcon_core.package_identification:_identify(src/tesse) by extension 'ignore_ament_install'
[0.739s] Level 1:colcon.colcon_core.package_identification:_identify(src/tesse) by extensions ['colcon_pkg']
[0.740s] Level 1:colcon.colcon_core.package_identification:_identify(src/tesse) by extension 'colcon_pkg'
[0.740s] Level 1:colcon.colcon_core.package_identification:_identify(src/tesse) by extensions ['colcon_meta']
[0.740s] Level 1:colcon.colcon_core.package_identification:_identify(src/tesse) by extension 'colcon_meta'
[0.740s] Level 1:colcon.colcon_core.package_identification:_identify(src/tesse) by extensions ['ros']
[0.740s] Level 1:colcon.colcon_core.package_identification:_identify(src/tesse) by extension 'ros'
[0.740s] Level 1:colcon.colcon_core.package_identification:_identify(src/tesse) by extensions ['cmake', 'python']
[0.741s] Level 1:colcon.colcon_core.package_identification:_identify(src/tesse) by extension 'cmake'
[0.741s] Level 1:colcon.colcon_core.package_identification:_identify(src/tesse) by extension 'python'
[0.741s] Level 1:colcon.colcon_core.package_identification:_identify(src/tesse) by extensions ['python_setup_py']
[0.741s] Level 1:colcon.colcon_core.package_identification:_identify(src/tesse) by extension 'python_setup_py'
[0.741s] Level 1:colcon.colcon_core.package_identification:_identify(src/tesse/lab4_Data) by extensions ['ignore', 'ignore_ament_install']
[0.742s] Level 1:colcon.colcon_core.package_identification:_identify(src/tesse/lab4_Data) by extension 'ignore'
[0.742s] Level 1:colcon.colcon_core.package_identification:_identify(src/tesse/lab4_Data) by extension 'ignore_ament_install'
[0.742s] Level 1:colcon.colcon_core.package_identification:_identify(src/tesse/lab4_Data) by extensions ['colcon_pkg']
[0.745s] Level 1:colcon.colcon_core.package_identification:_identify(src/tesse/lab4_Data) by extension 'colcon_pkg'
[0.745s] Level 1:colcon.colcon_core.package_identification:_identify(src/tesse/lab4_Data) by extensions ['colcon_meta']
[0.746s] Level 1:colcon.colcon_core.package_identification:_identify(src/tesse/lab4_Data) by extension 'colcon_meta'
[0.746s] Level 1:colcon.colcon_core.package_identification:_identify(src/tesse/lab4_Data) by extensions ['ros']
[0.746s] Level 1:colcon.colcon_core.package_identification:_identify(src/tesse/lab4_Data) by extension 'ros'
[0.746s] Level 1:colcon.colcon_core.package_identification:_identify(src/tesse/lab4_Data) by extensions ['cmake', 'python']
[0.746s] Level 1:colcon.colcon_core.package_identification:_identify(src/tesse/lab4_Data) by extension 'cmake'
[0.746s] Level 1:colcon.colcon_core.package_identification:_identify(src/tesse/lab4_Data) by extension 'python'
[0.747s] Level 1:colcon.colcon_core.package_identification:_identify(src/tesse/lab4_Data) by extensions ['python_setup_py']
[0.747s] Level 1:colcon.colcon_core.package_identification:_identify(src/tesse/lab4_Data) by extension 'python_setup_py'
[0.747s] Level 1:colcon.colcon_core.package_identification:_identify(src/tesse/lab4_Data/Managed) by extensions ['ignore', 'ignore_ament_install']
[0.748s] Level 1:colcon.colcon_core.package_identification:_identify(src/tesse/lab4_Data/Managed) by extension 'ignore'
[0.748s] Level 1:colcon.colcon_core.package_identification:_identify(src/tesse/lab4_Data/Managed) by extension 'ignore_ament_install'
[0.748s] Level 1:colcon.colcon_core.package_identification:_identify(src/tesse/lab4_Data/Managed) by extensions ['colcon_pkg']
[0.748s] Level 1:colcon.colcon_core.package_identification:_identify(src/tesse/lab4_Data/Managed) by extension 'colcon_pkg'
[0.748s] Level 1:colcon.colcon_core.package_identification:_identify(src/tesse/lab4_Data/Managed) by extensions ['colcon_meta']
[0.748s] Level 1:colcon.colcon_core.package_identification:_identify(src/tesse/lab4_Data/Managed) by extension 'colcon_meta'
[0.749s] Level 1:colcon.colcon_core.package_identification:_identify(src/tesse/lab4_Data/Managed) by extensions ['ros']
[0.749s] Level 1:colcon.colcon_core.package_identification:_identify(src/tesse/lab4_Data/Managed) by extension 'ros'
[0.749s] Level 1:colcon.colcon_core.package_identification:_identify(src/tesse/lab4_Data/Managed) by extensions ['cmake', 'python']
[0.749s] Level 1:colcon.colcon_core.package_identification:_identify(src/tesse/lab4_Data/Managed) by extension 'cmake'
[0.749s] Level 1:colcon.colcon_core.package_identification:_identify(src/tesse/lab4_Data/Managed) by extension 'python'
[0.749s] Level 1:colcon.colcon_core.package_identification:_identify(src/tesse/lab4_Data/Managed) by extensions ['python_setup_py']
[0.749s] Level 1:colcon.colcon_core.package_identification:_identify(src/tesse/lab4_Data/Managed) by extension 'python_setup_py'
[0.750s] Level 1:colcon.colcon_core.package_identification:_identify(src/tesse/lab4_Data/MonoBleedingEdge) by extensions ['ignore', 'ignore_ament_install']
[0.750s] Level 1:colcon.colcon_core.package_identification:_identify(src/tesse/lab4_Data/MonoBleedingEdge) by extension 'ignore'
[0.750s] Level 1:colcon.colcon_core.package_identification:_identify(src/tesse/lab4_Data/MonoBleedingEdge) by extension 'ignore_ament_install'
[0.750s] Level 1:colcon.colcon_core.package_identification:_identify(src/tesse/lab4_Data/MonoBleedingEdge) by extensions ['colcon_pkg']
[0.750s] Level 1:colcon.colcon_core.package_identification:_identify(src/tesse/lab4_Data/MonoBleedingEdge) by extension 'colcon_pkg'
[0.751s] Level 1:colcon.colcon_core.package_identification:_identify(src/tesse/lab4_Data/MonoBleedingEdge) by extensions ['colcon_meta']
[0.751s] Level 1:colcon.colcon_core.package_identification:_identify(src/tesse/lab4_Data/MonoBleedingEdge) by extension 'colcon_meta'
[0.751s] Level 1:colcon.colcon_core.package_identification:_identify(src/tesse/lab4_Data/MonoBleedingEdge) by extensions ['ros']
[0.751s] Level 1:colcon.colcon_core.package_identification:_identify(src/tesse/lab4_Data/MonoBleedingEdge) by extension 'ros'
[0.751s] Level 1:colcon.colcon_core.package_identification:_identify(src/tesse/lab4_Data/MonoBleedingEdge) by extensions ['cmake', 'python']
[0.751s] Level 1:colcon.colcon_core.package_identification:_identify(src/tesse/lab4_Data/MonoBleedingEdge) by extension 'cmake'
[0.752s] Level 1:colcon.colcon_core.package_identification:_identify(src/tesse/lab4_Data/MonoBleedingEdge) by extension 'python'
[0.752s] Level 1:colcon.colcon_core.package_identification:_identify(src/tesse/lab4_Data/MonoBleedingEdge) by extensions ['python_setup_py']
[0.752s] Level 1:colcon.colcon_core.package_identification:_identify(src/tesse/lab4_Data/MonoBleedingEdge) by extension 'python_setup_py'
[0.752s] Level 1:colcon.colcon_core.package_identification:_identify(src/tesse/lab4_Data/MonoBleedingEdge/etc) by extensions ['ignore', 'ignore_ament_install']
[0.752s] Level 1:colcon.colcon_core.package_identification:_identify(src/tesse/lab4_Data/MonoBleedingEdge/etc) by extension 'ignore'
[0.753s] Level 1:colcon.colcon_core.package_identification:_identify(src/tesse/lab4_Data/MonoBleedingEdge/etc) by extension 'ignore_ament_install'
[0.753s] Level 1:colcon.colcon_core.package_identification:_identify(src/tesse/lab4_Data/MonoBleedingEdge/etc) by extensions ['colcon_pkg']
[0.753s] Level 1:colcon.colcon_core.package_identification:_identify(src/tesse/lab4_Data/MonoBleedingEdge/etc) by extension 'colcon_pkg'
[0.753s] Level 1:colcon.colcon_core.package_identification:_identify(src/tesse/lab4_Data/MonoBleedingEdge/etc) by extensions ['colcon_meta']
[0.753s] Level 1:colcon.colcon_core.package_identification:_identify(src/tesse/lab4_Data/MonoBleedingEdge/etc) by extension 'colcon_meta'
[0.753s] Level 1:colcon.colcon_core.package_identification:_identify(src/tesse/lab4_Data/MonoBleedingEdge/etc) by extensions ['ros']
[0.753s] Level 1:colcon.colcon_core.package_identification:_identify(src/tesse/lab4_Data/MonoBleedingEdge/etc) by extension 'ros'
[0.754s] Level 1:colcon.colcon_core.package_identification:_identify(src/tesse/lab4_Data/MonoBleedingEdge/etc) by extensions ['cmake', 'python']
[0.754s] Level 1:colcon.colcon_core.package_identification:_identify(src/tesse/lab4_Data/MonoBleedingEdge/etc) by extension 'cmake'
[0.754s] Level 1:colcon.colcon_core.package_identification:_identify(src/tesse/lab4_Data/MonoBleedingEdge/etc) by extension 'python'
[0.754s] Level 1:colcon.colcon_core.package_identification:_identify(src/tesse/lab4_Data/MonoBleedingEdge/etc) by extensions ['python_setup_py']
[0.754s] Level 1:colcon.colcon_core.package_identification:_identify(src/tesse/lab4_Data/MonoBleedingEdge/etc) by extension 'python_setup_py'
[0.755s] Level 1:colcon.colcon_core.package_identification:_identify(src/tesse/lab4_Data/MonoBleedingEdge/etc/mono) by extensions ['ignore', 'ignore_ament_install']
[0.755s] Level 1:colcon.colcon_core.package_identification:_identify(src/tesse/lab4_Data/MonoBleedingEdge/etc/mono) by extension 'ignore'
[0.755s] Level 1:colcon.colcon_core.package_identification:_identify(src/tesse/lab4_Data/MonoBleedingEdge/etc/mono) by extension 'ignore_ament_install'
[0.755s] Level 1:colcon.colcon_core.package_identification:_identify(src/tesse/lab4_Data/MonoBleedingEdge/etc/mono) by extensions ['colcon_pkg']
[0.755s] Level 1:colcon.colcon_core.package_identification:_identify(src/tesse/lab4_Data/MonoBleedingEdge/etc/mono) by extension 'colcon_pkg'
[0.755s] Level 1:colcon.colcon_core.package_identification:_identify(src/tesse/lab4_Data/MonoBleedingEdge/etc/mono) by extensions ['colcon_meta']
[0.755s] Level 1:colcon.colcon_core.package_identification:_identify(src/tesse/lab4_Data/MonoBleedingEdge/etc/mono) by extension 'colcon_meta'
[0.756s] Level 1:colcon.colcon_core.package_identification:_identify(src/tesse/lab4_Data/MonoBleedingEdge/etc/mono) by extensions ['ros']
[0.756s] Level 1:colcon.colcon_core.package_identification:_identify(src/tesse/lab4_Data/MonoBleedingEdge/etc/mono) by extension 'ros'
[0.756s] Level 1:colcon.colcon_core.package_identification:_identify(src/tesse/lab4_Data/MonoBleedingEdge/etc/mono) by extensions ['cmake', 'python']
[0.756s] Level 1:colcon.colcon_core.package_identification:_identify(src/tesse/lab4_Data/MonoBleedingEdge/etc/mono) by extension 'cmake'
[0.756s] Level 1:colcon.colcon_core.package_identification:_identify(src/tesse/lab4_Data/MonoBleedingEdge/etc/mono) by extension 'python'
[0.756s] Level 1:colcon.colcon_core.package_identification:_identify(src/tesse/lab4_Data/MonoBleedingEdge/etc/mono) by extensions ['python_setup_py']
[0.756s] Level 1:colcon.colcon_core.package_identification:_identify(src/tesse/lab4_Data/MonoBleedingEdge/etc/mono) by extension 'python_setup_py'
[0.757s] Level 1:colcon.colcon_core.package_identification:_identify(src/tesse/lab4_Data/MonoBleedingEdge/etc/mono/2.0) by extensions ['ignore', 'ignore_ament_install']
[0.757s] Level 1:colcon.colcon_core.package_identification:_identify(src/tesse/lab4_Data/MonoBleedingEdge/etc/mono/2.0) by extension 'ignore'
[0.757s] Level 1:colcon.colcon_core.package_identification:_identify(src/tesse/lab4_Data/MonoBleedingEdge/etc/mono/2.0) by extension 'ignore_ament_install'
[0.758s] Level 1:colcon.colcon_core.package_identification:_identify(src/tesse/lab4_Data/MonoBleedingEdge/etc/mono/2.0) by extensions ['colcon_pkg']
[0.758s] Level 1:colcon.colcon_core.package_identification:_identify(src/tesse/lab4_Data/MonoBleedingEdge/etc/mono/2.0) by extension 'colcon_pkg'
[0.758s] Level 1:colcon.colcon_core.package_identification:_identify(src/tesse/lab4_Data/MonoBleedingEdge/etc/mono/2.0) by extensions ['colcon_meta']
[0.758s] Level 1:colcon.colcon_core.package_identification:_identify(src/tesse/lab4_Data/MonoBleedingEdge/etc/mono/2.0) by extension 'colcon_meta'
[0.758s] Level 1:colcon.colcon_core.package_identification:_identify(src/tesse/lab4_Data/MonoBleedingEdge/etc/mono/2.0) by extensions ['ros']
[0.758s] Level 1:colcon.colcon_core.package_identification:_identify(src/tesse/lab4_Data/MonoBleedingEdge/etc/mono/2.0) by extension 'ros'
[0.759s] Level 1:colcon.colcon_core.package_identification:_identify(src/tesse/lab4_Data/MonoBleedingEdge/etc/mono/2.0) by extensions ['cmake', 'python']
[0.759s] Level 1:colcon.colcon_core.package_identification:_identify(src/tesse/lab4_Data/MonoBleedingEdge/etc/mono/2.0) by extension 'cmake'
[0.759s] Level 1:colcon.colcon_core.package_identification:_identify(src/tesse/lab4_Data/MonoBleedingEdge/etc/mono/2.0) by extension 'python'
[0.759s] Level 1:colcon.colcon_core.package_identification:_identify(src/tesse/lab4_Data/MonoBleedingEdge/etc/mono/2.0) by extensions ['python_setup_py']
[0.759s] Level 1:colcon.colcon_core.package_identification:_identify(src/tesse/lab4_Data/MonoBleedingEdge/etc/mono/2.0) by extension 'python_setup_py'
[0.760s] Level 1:colcon.colcon_core.package_identification:_identify(src/tesse/lab4_Data/MonoBleedingEdge/etc/mono/2.0/Browsers) by extensions ['ignore', 'ignore_ament_install']
[0.760s] Level 1:colcon.colcon_core.package_identification:_identify(src/tesse/lab4_Data/MonoBleedingEdge/etc/mono/2.0/Browsers) by extension 'ignore'
[0.760s] Level 1:colcon.colcon_core.package_identification:_identify(src/tesse/lab4_Data/MonoBleedingEdge/etc/mono/2.0/Browsers) by extension 'ignore_ament_install'
[0.760s] Level 1:colcon.colcon_core.package_identification:_identify(src/tesse/lab4_Data/MonoBleedingEdge/etc/mono/2.0/Browsers) by extensions ['colcon_pkg']
[0.761s] Level 1:colcon.colcon_core.package_identification:_identify(src/tesse/lab4_Data/MonoBleedingEdge/etc/mono/2.0/Browsers) by extension 'colcon_pkg'
[0.761s] Level 1:colcon.colcon_core.package_identification:_identify(src/tesse/lab4_Data/MonoBleedingEdge/etc/mono/2.0/Browsers) by extensions ['colcon_meta']
[0.761s] Level 1:colcon.colcon_core.package_identification:_identify(src/tesse/lab4_Data/MonoBleedingEdge/etc/mono/2.0/Browsers) by extension 'colcon_meta'
[0.761s] Level 1:colcon.colcon_core.package_identification:_identify(src/tesse/lab4_Data/MonoBleedingEdge/etc/mono/2.0/Browsers) by extensions ['ros']
[0.761s] Level 1:colcon.colcon_core.package_identification:_identify(src/tesse/lab4_Data/MonoBleedingEdge/etc/mono/2.0/Browsers) by extension 'ros'
[0.761s] Level 1:colcon.colcon_core.package_identification:_identify(src/tesse/lab4_Data/MonoBleedingEdge/etc/mono/2.0/Browsers) by extensions ['cmake', 'python']
[0.762s] Level 1:colcon.colcon_core.package_identification:_identify(src/tesse/lab4_Data/MonoBleedingEdge/etc/mono/2.0/Browsers) by extension 'cmake'
[0.762s] Level 1:colcon.colcon_core.package_identification:_identify(src/tesse/lab4_Data/MonoBleedingEdge/etc/mono/2.0/Browsers) by extension 'python'
[0.762s] Level 1:colcon.colcon_core.package_identification:_identify(src/tesse/lab4_Data/MonoBleedingEdge/etc/mono/2.0/Browsers) by extensions ['python_setup_py']
[0.762s] Level 1:colcon.colcon_core.package_identification:_identify(src/tesse/lab4_Data/MonoBleedingEdge/etc/mono/2.0/Browsers) by extension 'python_setup_py'
[0.762s] Level 1:colcon.colcon_core.package_identification:_identify(src/tesse/lab4_Data/MonoBleedingEdge/etc/mono/4.0) by extensions ['ignore', 'ignore_ament_install']
[0.763s] Level 1:colcon.colcon_core.package_identification:_identify(src/tesse/lab4_Data/MonoBleedingEdge/etc/mono/4.0) by extension 'ignore'
[0.763s] Level 1:colcon.colcon_core.package_identification:_identify(src/tesse/lab4_Data/MonoBleedingEdge/etc/mono/4.0) by extension 'ignore_ament_install'
[0.763s] Level 1:colcon.colcon_core.package_identification:_identify(src/tesse/lab4_Data/MonoBleedingEdge/etc/mono/4.0) by extensions ['colcon_pkg']
[0.763s] Level 1:colcon.colcon_core.package_identification:_identify(src/tesse/lab4_Data/MonoBleedingEdge/etc/mono/4.0) by extension 'colcon_pkg'
[0.763s] Level 1:colcon.colcon_core.package_identification:_identify(src/tesse/lab4_Data/MonoBleedingEdge/etc/mono/4.0) by extensions ['colcon_meta']
[0.763s] Level 1:colcon.colcon_core.package_identification:_identify(src/tesse/lab4_Data/MonoBleedingEdge/etc/mono/4.0) by extension 'colcon_meta'
[0.764s] Level 1:colcon.colcon_core.package_identification:_identify(src/tesse/lab4_Data/MonoBleedingEdge/etc/mono/4.0) by extensions ['ros']
[0.764s] Level 1:colcon.colcon_core.package_identification:_identify(src/tesse/lab4_Data/MonoBleedingEdge/etc/mono/4.0) by extension 'ros'
[0.764s] Level 1:colcon.colcon_core.package_identification:_identify(src/tesse/lab4_Data/MonoBleedingEdge/etc/mono/4.0) by extensions ['cmake', 'python']
[0.764s] Level 1:colcon.colcon_core.package_identification:_identify(src/tesse/lab4_Data/MonoBleedingEdge/etc/mono/4.0) by extension 'cmake'
[0.764s] Level 1:colcon.colcon_core.package_identification:_identify(src/tesse/lab4_Data/MonoBleedingEdge/etc/mono/4.0) by extension 'python'
[0.764s] Level 1:colcon.colcon_core.package_identification:_identify(src/tesse/lab4_Data/MonoBleedingEdge/etc/mono/4.0) by extensions ['python_setup_py']
[0.764s] Level 1:colcon.colcon_core.package_identification:_identify(src/tesse/lab4_Data/MonoBleedingEdge/etc/mono/4.0) by extension 'python_setup_py'
[0.765s] Level 1:colcon.colcon_core.package_identification:_identify(src/tesse/lab4_Data/MonoBleedingEdge/etc/mono/4.0/Browsers) by extensions ['ignore', 'ignore_ament_install']
[0.765s] Level 1:colcon.colcon_core.package_identification:_identify(src/tesse/lab4_Data/MonoBleedingEdge/etc/mono/4.0/Browsers) by extension 'ignore'
[0.765s] Level 1:colcon.colcon_core.package_identification:_identify(src/tesse/lab4_Data/MonoBleedingEdge/etc/mono/4.0/Browsers) by extension 'ignore_ament_install'
[0.765s] Level 1:colcon.colcon_core.package_identification:_identify(src/tesse/lab4_Data/MonoBleedingEdge/etc/mono/4.0/Browsers) by extensions ['colcon_pkg']
[0.766s] Level 1:colcon.colcon_core.package_identification:_identify(src/tesse/lab4_Data/MonoBleedingEdge/etc/mono/4.0/Browsers) by extension 'colcon_pkg'
[0.766s] Level 1:colcon.colcon_core.package_identification:_identify(src/tesse/lab4_Data/MonoBleedingEdge/etc/mono/4.0/Browsers) by extensions ['colcon_meta']
[0.766s] Level 1:colcon.colcon_core.package_identification:_identify(src/tesse/lab4_Data/MonoBleedingEdge/etc/mono/4.0/Browsers) by extension 'colcon_meta'
[0.766s] Level 1:colcon.colcon_core.package_identification:_identify(src/tesse/lab4_Data/MonoBleedingEdge/etc/mono/4.0/Browsers) by extensions ['ros']
[0.766s] Level 1:colcon.colcon_core.package_identification:_identify(src/tesse/lab4_Data/MonoBleedingEdge/etc/mono/4.0/Browsers) by extension 'ros'
[0.766s] Level 1:colcon.colcon_core.package_identification:_identify(src/tesse/lab4_Data/MonoBleedingEdge/etc/mono/4.0/Browsers) by extensions ['cmake', 'python']
[0.766s] Level 1:colcon.colcon_core.package_identification:_identify(src/tesse/lab4_Data/MonoBleedingEdge/etc/mono/4.0/Browsers) by extension 'cmake'
[0.767s] Level 1:colcon.colcon_core.package_identification:_identify(src/tesse/lab4_Data/MonoBleedingEdge/etc/mono/4.0/Browsers) by extension 'python'
[0.767s] Level 1:colcon.colcon_core.package_identification:_identify(src/tesse/lab4_Data/MonoBleedingEdge/etc/mono/4.0/Browsers) by extensions ['python_setup_py']
[0.767s] Level 1:colcon.colcon_core.package_identification:_identify(src/tesse/lab4_Data/MonoBleedingEdge/etc/mono/4.0/Browsers) by extension 'python_setup_py'
[0.767s] Level 1:colcon.colcon_core.package_identification:_identify(src/tesse/lab4_Data/MonoBleedingEdge/etc/mono/4.5) by extensions ['ignore', 'ignore_ament_install']
[0.768s] Level 1:colcon.colcon_core.package_identification:_identify(src/tesse/lab4_Data/MonoBleedingEdge/etc/mono/4.5) by extension 'ignore'
[0.768s] Level 1:colcon.colcon_core.package_identification:_identify(src/tesse/lab4_Data/MonoBleedingEdge/etc/mono/4.5) by extension 'ignore_ament_install'
[0.768s] Level 1:colcon.colcon_core.package_identification:_identify(src/tesse/lab4_Data/MonoBleedingEdge/etc/mono/4.5) by extensions ['colcon_pkg']
[0.768s] Level 1:colcon.colcon_core.package_identification:_identify(src/tesse/lab4_Data/MonoBleedingEdge/etc/mono/4.5) by extension 'colcon_pkg'
[0.768s] Level 1:colcon.colcon_core.package_identification:_identify(src/tesse/lab4_Data/MonoBleedingEdge/etc/mono/4.5) by extensions ['colcon_meta']
[0.768s] Level 1:colcon.colcon_core.package_identification:_identify(src/tesse/lab4_Data/MonoBleedingEdge/etc/mono/4.5) by extension 'colcon_meta'
[0.769s] Level 1:colcon.colcon_core.package_identification:_identify(src/tesse/lab4_Data/MonoBleedingEdge/etc/mono/4.5) by extensions ['ros']
[0.769s] Level 1:colcon.colcon_core.package_identification:_identify(src/tesse/lab4_Data/MonoBleedingEdge/etc/mono/4.5) by extension 'ros'
[0.769s] Level 1:colcon.colcon_core.package_identification:_identify(src/tesse/lab4_Data/MonoBleedingEdge/etc/mono/4.5) by extensions ['cmake', 'python']
[0.769s] Level 1:colcon.colcon_core.package_identification:_identify(src/tesse/lab4_Data/MonoBleedingEdge/etc/mono/4.5) by extension 'cmake'
[0.769s] Level 1:colcon.colcon_core.package_identification:_identify(src/tesse/lab4_Data/MonoBleedingEdge/etc/mono/4.5) by extension 'python'
[0.769s] Level 1:colcon.colcon_core.package_identification:_identify(src/tesse/lab4_Data/MonoBleedingEdge/etc/mono/4.5) by extensions ['python_setup_py']
[0.769s] Level 1:colcon.colcon_core.package_identification:_identify(src/tesse/lab4_Data/MonoBleedingEdge/etc/mono/4.5) by extension 'python_setup_py'
[0.770s] Level 1:colcon.colcon_core.package_identification:_identify(src/tesse/lab4_Data/MonoBleedingEdge/etc/mono/4.5/Browsers) by extensions ['ignore', 'ignore_ament_install']
[0.770s] Level 1:colcon.colcon_core.package_identification:_identify(src/tesse/lab4_Data/MonoBleedingEdge/etc/mono/4.5/Browsers) by extension 'ignore'
[0.770s] Level 1:colcon.colcon_core.package_identification:_identify(src/tesse/lab4_Data/MonoBleedingEdge/etc/mono/4.5/Browsers) by extension 'ignore_ament_install'
[0.770s] Level 1:colcon.colcon_core.package_identification:_identify(src/tesse/lab4_Data/MonoBleedingEdge/etc/mono/4.5/Browsers) by extensions ['colcon_pkg']
[0.771s] Level 1:colcon.colcon_core.package_identification:_identify(src/tesse/lab4_Data/MonoBleedingEdge/etc/mono/4.5/Browsers) by extension 'colcon_pkg'
[0.771s] Level 1:colcon.colcon_core.package_identification:_identify(src/tesse/lab4_Data/MonoBleedingEdge/etc/mono/4.5/Browsers) by extensions ['colcon_meta']
[0.771s] Level 1:colcon.colcon_core.package_identification:_identify(src/tesse/lab4_Data/MonoBleedingEdge/etc/mono/4.5/Browsers) by extension 'colcon_meta'
[0.771s] Level 1:colcon.colcon_core.package_identification:_identify(src/tesse/lab4_Data/MonoBleedingEdge/etc/mono/4.5/Browsers) by extensions ['ros']
[0.771s] Level 1:colcon.colcon_core.package_identification:_identify(src/tesse/lab4_Data/MonoBleedingEdge/etc/mono/4.5/Browsers) by extension 'ros'
[0.771s] Level 1:colcon.colcon_core.package_identification:_identify(src/tesse/lab4_Data/MonoBleedingEdge/etc/mono/4.5/Browsers) by extensions ['cmake', 'python']
[0.771s] Level 1:colcon.colcon_core.package_identification:_identify(src/tesse/lab4_Data/MonoBleedingEdge/etc/mono/4.5/Browsers) by extension 'cmake'
[0.772s] Level 1:colcon.colcon_core.package_identification:_identify(src/tesse/lab4_Data/MonoBleedingEdge/etc/mono/4.5/Browsers) by extension 'python'
[0.772s] Level 1:colcon.colcon_core.package_identification:_identify(src/tesse/lab4_Data/MonoBleedingEdge/etc/mono/4.5/Browsers) by extensions ['python_setup_py']
[0.772s] Level 1:colcon.colcon_core.package_identification:_identify(src/tesse/lab4_Data/MonoBleedingEdge/etc/mono/4.5/Browsers) by extension 'python_setup_py'
[0.772s] Level 1:colcon.colcon_core.package_identification:_identify(src/tesse/lab4_Data/MonoBleedingEdge/etc/mono/mconfig) by extensions ['ignore', 'ignore_ament_install']
[0.773s] Level 1:colcon.colcon_core.package_identification:_identify(src/tesse/lab4_Data/MonoBleedingEdge/etc/mono/mconfig) by extension 'ignore'
[0.773s] Level 1:colcon.colcon_core.package_identification:_identify(src/tesse/lab4_Data/MonoBleedingEdge/etc/mono/mconfig) by extension 'ignore_ament_install'
[0.773s] Level 1:colcon.colcon_core.package_identification:_identify(src/tesse/lab4_Data/MonoBleedingEdge/etc/mono/mconfig) by extensions ['colcon_pkg']
[0.773s] Level 1:colcon.colcon_core.package_identification:_identify(src/tesse/lab4_Data/MonoBleedingEdge/etc/mono/mconfig) by extension 'colcon_pkg'
[0.773s] Level 1:colcon.colcon_core.package_identification:_identify(src/tesse/lab4_Data/MonoBleedingEdge/etc/mono/mconfig) by extensions ['colcon_meta']
[0.773s] Level 1:colcon.colcon_core.package_identification:_identify(src/tesse/lab4_Data/MonoBleedingEdge/etc/mono/mconfig) by extension 'colcon_meta'
[0.773s] Level 1:colcon.colcon_core.package_identification:_identify(src/tesse/lab4_Data/MonoBleedingEdge/etc/mono/mconfig) by extensions ['ros']
[0.774s] Level 1:colcon.colcon_core.package_identification:_identify(src/tesse/lab4_Data/MonoBleedingEdge/etc/mono/mconfig) by extension 'ros'
[0.774s] Level 1:colcon.colcon_core.package_identification:_identify(src/tesse/lab4_Data/MonoBleedingEdge/etc/mono/mconfig) by extensions ['cmake', 'python']
[0.774s] Level 1:colcon.colcon_core.package_identification:_identify(src/tesse/lab4_Data/MonoBleedingEdge/etc/mono/mconfig) by extension 'cmake'
[0.774s] Level 1:colcon.colcon_core.package_identification:_identify(src/tesse/lab4_Data/MonoBleedingEdge/etc/mono/mconfig) by extension 'python'
[0.774s] Level 1:colcon.colcon_core.package_identification:_identify(src/tesse/lab4_Data/MonoBleedingEdge/etc/mono/mconfig) by extensions ['python_setup_py']
[0.774s] Level 1:colcon.colcon_core.package_identification:_identify(src/tesse/lab4_Data/MonoBleedingEdge/etc/mono/mconfig) by extension 'python_setup_py'
[0.775s] Level 1:colcon.colcon_core.package_identification:_identify(src/tesse/lab4_Data/MonoBleedingEdge/etc/mono/registry) by extensions ['ignore', 'ignore_ament_install']
[0.775s] Level 1:colcon.colcon_core.package_identification:_identify(src/tesse/lab4_Data/MonoBleedingEdge/etc/mono/registry) by extension 'ignore'
[0.775s] Level 1:colcon.colcon_core.package_identification:_identify(src/tesse/lab4_Data/MonoBleedingEdge/etc/mono/registry) by extension 'ignore_ament_install'
[0.775s] Level 1:colcon.colcon_core.package_identification:_identify(src/tesse/lab4_Data/MonoBleedingEdge/etc/mono/registry) by extensions ['colcon_pkg']
[0.776s] Level 1:colcon.colcon_core.package_identification:_identify(src/tesse/lab4_Data/MonoBleedingEdge/etc/mono/registry) by extension 'colcon_pkg'
[0.776s] Level 1:colcon.colcon_core.package_identification:_identify(src/tesse/lab4_Data/MonoBleedingEdge/etc/mono/registry) by extensions ['colcon_meta']
[0.776s] Level 1:colcon.colcon_core.package_identification:_identify(src/tesse/lab4_Data/MonoBleedingEdge/etc/mono/registry) by extension 'colcon_meta'
[0.776s] Level 1:colcon.colcon_core.package_identification:_identify(src/tesse/lab4_Data/MonoBleedingEdge/etc/mono/registry) by extensions ['ros']
[0.776s] Level 1:colcon.colcon_core.package_identification:_identify(src/tesse/lab4_Data/MonoBleedingEdge/etc/mono/registry) by extension 'ros'
[0.777s] Level 1:colcon.colcon_core.package_identification:_identify(src/tesse/lab4_Data/MonoBleedingEdge/etc/mono/registry) by extensions ['cmake', 'python']
[0.777s] Level 1:colcon.colcon_core.package_identification:_identify(src/tesse/lab4_Data/MonoBleedingEdge/etc/mono/registry) by extension 'cmake'
[0.777s] Level 1:colcon.colcon_core.package_identification:_identify(src/tesse/lab4_Data/MonoBleedingEdge/etc/mono/registry) by extension 'python'
[0.777s] Level 1:colcon.colcon_core.package_identification:_identify(src/tesse/lab4_Data/MonoBleedingEdge/etc/mono/registry) by extensions ['python_setup_py']
[0.777s] Level 1:colcon.colcon_core.package_identification:_identify(src/tesse/lab4_Data/MonoBleedingEdge/etc/mono/registry) by extension 'python_setup_py'
[0.778s] Level 1:colcon.colcon_core.package_identification:_identify(src/tesse/lab4_Data/MonoBleedingEdge/x86_64) by extensions ['ignore', 'ignore_ament_install']
[0.778s] Level 1:colcon.colcon_core.package_identification:_identify(src/tesse/lab4_Data/MonoBleedingEdge/x86_64) by extension 'ignore'
[0.778s] Level 1:colcon.colcon_core.package_identification:_identify(src/tesse/lab4_Data/MonoBleedingEdge/x86_64) by extension 'ignore_ament_install'
[0.778s] Level 1:colcon.colcon_core.package_identification:_identify(src/tesse/lab4_Data/MonoBleedingEdge/x86_64) by extensions ['colcon_pkg']
[0.778s] Level 1:colcon.colcon_core.package_identification:_identify(src/tesse/lab4_Data/MonoBleedingEdge/x86_64) by extension 'colcon_pkg'
[0.778s] Level 1:colcon.colcon_core.package_identification:_identify(src/tesse/lab4_Data/MonoBleedingEdge/x86_64) by extensions ['colcon_meta']
[0.779s] Level 1:colcon.colcon_core.package_identification:_identify(src/tesse/lab4_Data/MonoBleedingEdge/x86_64) by extension 'colcon_meta'
[0.779s] Level 1:colcon.colcon_core.package_identification:_identify(src/tesse/lab4_Data/MonoBleedingEdge/x86_64) by extensions ['ros']
[0.779s] Level 1:colcon.colcon_core.package_identification:_identify(src/tesse/lab4_Data/MonoBleedingEdge/x86_64) by extension 'ros'
[0.779s] Level 1:colcon.colcon_core.package_identification:_identify(src/tesse/lab4_Data/MonoBleedingEdge/x86_64) by extensions ['cmake', 'python']
[0.779s] Level 1:colcon.colcon_core.package_identification:_identify(src/tesse/lab4_Data/MonoBleedingEdge/x86_64) by extension 'cmake'
[0.779s] Level 1:colcon.colcon_core.package_identification:_identify(src/tesse/lab4_Data/MonoBleedingEdge/x86_64) by extension 'python'
[0.780s] Level 1:colcon.colcon_core.package_identification:_identify(src/tesse/lab4_Data/MonoBleedingEdge/x86_64) by extensions ['python_setup_py']
[0.780s] Level 1:colcon.colcon_core.package_identification:_identify(src/tesse/lab4_Data/MonoBleedingEdge/x86_64) by extension 'python_setup_py'
[0.780s] Level 1:colcon.colcon_core.package_identification:_identify(src/tesse/lab4_Data/Resources) by extensions ['ignore', 'ignore_ament_install']
[0.781s] Level 1:colcon.colcon_core.package_identification:_identify(src/tesse/lab4_Data/Resources) by extension 'ignore'
[0.781s] Level 1:colcon.colcon_core.package_identification:_identify(src/tesse/lab4_Data/Resources) by extension 'ignore_ament_install'
[0.781s] Level 1:colcon.colcon_core.package_identification:_identify(src/tesse/lab4_Data/Resources) by extensions ['colcon_pkg']
[0.781s] Level 1:colcon.colcon_core.package_identification:_identify(src/tesse/lab4_Data/Resources) by extension 'colcon_pkg'
[0.781s] Level 1:colcon.colcon_core.package_identification:_identify(src/tesse/lab4_Data/Resources) by extensions ['colcon_meta']
[0.781s] Level 1:colcon.colcon_core.package_identification:_identify(src/tesse/lab4_Data/Resources) by extension 'colcon_meta'
[0.781s] Level 1:colcon.colcon_core.package_identification:_identify(src/tesse/lab4_Data/Resources) by extensions ['ros']
[0.782s] Level 1:colcon.colcon_core.package_identification:_identify(src/tesse/lab4_Data/Resources) by extension 'ros'
[0.782s] Level 1:colcon.colcon_core.package_identification:_identify(src/tesse/lab4_Data/Resources) by extensions ['cmake', 'python']
[0.782s] Level 1:colcon.colcon_core.package_identification:_identify(src/tesse/lab4_Data/Resources) by extension 'cmake'
[0.782s] Level 1:colcon.colcon_core.package_identification:_identify(src/tesse/lab4_Data/Resources) by extension 'python'
[0.782s] Level 1:colcon.colcon_core.package_identification:_identify(src/tesse/lab4_Data/Resources) by extensions ['python_setup_py']
[0.782s] Level 1:colcon.colcon_core.package_identification:_identify(src/tesse/lab4_Data/Resources) by extension 'python_setup_py'
[0.783s] Level 1:colcon.colcon_core.package_identification:_identify(src/tesse/lab4_Data/StreamingAssets) by extensions ['ignore', 'ignore_ament_install']
[0.783s] Level 1:colcon.colcon_core.package_identification:_identify(src/tesse/lab4_Data/StreamingAssets) by extension 'ignore'
[0.783s] Level 1:colcon.colcon_core.package_identification:_identify(src/tesse/lab4_Data/StreamingAssets) by extension 'ignore_ament_install'
[0.783s] Level 1:colcon.colcon_core.package_identification:_identify(src/tesse/lab4_Data/StreamingAssets) by extensions ['colcon_pkg']
[0.783s] Level 1:colcon.colcon_core.package_identification:_identify(src/tesse/lab4_Data/StreamingAssets) by extension 'colcon_pkg'
[0.784s] Level 1:colcon.colcon_core.package_identification:_identify(src/tesse/lab4_Data/StreamingAssets) by extensions ['colcon_meta']
[0.784s] Level 1:colcon.colcon_core.package_identification:_identify(src/tesse/lab4_Data/StreamingAssets) by extension 'colcon_meta'
[0.784s] Level 1:colcon.colcon_core.package_identification:_identify(src/tesse/lab4_Data/StreamingAssets) by extensions ['ros']
[0.784s] Level 1:colcon.colcon_core.package_identification:_identify(src/tesse/lab4_Data/StreamingAssets) by extension 'ros'
[0.784s] Level 1:colcon.colcon_core.package_identification:_identify(src/tesse/lab4_Data/StreamingAssets) by extensions ['cmake', 'python']
[0.785s] Level 1:colcon.colcon_core.package_identification:_identify(src/tesse/lab4_Data/StreamingAssets) by extension 'cmake'
[0.786s] Level 1:colcon.colcon_core.package_identification:_identify(src/tesse/lab4_Data/StreamingAssets) by extension 'python'
[0.786s] Level 1:colcon.colcon_core.package_identification:_identify(src/tesse/lab4_Data/StreamingAssets) by extensions ['python_setup_py']
[0.786s] Level 1:colcon.colcon_core.package_identification:_identify(src/tesse/lab4_Data/StreamingAssets) by extension 'python_setup_py'
[0.786s] Level 1:colcon.colcon_core.package_identification:_identify(src/tesse-interface) by extensions ['ignore', 'ignore_ament_install']
[0.787s] Level 1:colcon.colcon_core.package_identification:_identify(src/tesse-interface) by extension 'ignore'
[0.787s] Level 1:colcon.colcon_core.package_identification:_identify(src/tesse-interface) by extension 'ignore_ament_install'
[0.787s] Level 1:colcon.colcon_core.package_identification:_identify(src/tesse-interface) by extensions ['colcon_pkg']
[0.787s] Level 1:colcon.colcon_core.package_identification:_identify(src/tesse-interface) by extension 'colcon_pkg'
[0.787s] Level 1:colcon.colcon_core.package_identification:_identify(src/tesse-interface) by extensions ['colcon_meta']
[0.788s] Level 1:colcon.colcon_core.package_identification:_identify(src/tesse-interface) by extension 'colcon_meta'
[0.788s] Level 1:colcon.colcon_core.package_identification:_identify(src/tesse-interface) by extensions ['ros']
[0.788s] Level 1:colcon.colcon_core.package_identification:_identify(src/tesse-interface) by extension 'ros'
[0.788s] Level 1:colcon.colcon_core.package_identification:_identify(src/tesse-interface) by extensions ['cmake', 'python']
[0.788s] Level 1:colcon.colcon_core.package_identification:_identify(src/tesse-interface) by extension 'cmake'
[0.788s] Level 1:colcon.colcon_core.package_identification:_identify(src/tesse-interface) by extension 'python'
[0.789s] DEBUG:colcon.colcon_core.package_identification:Python package in 'src/tesse-interface' passes arguments to the setup() function which requires a different identification extension than 'python'
[0.789s] Level 1:colcon.colcon_core.package_identification:_identify(src/tesse-interface) by extensions ['python_setup_py']
[0.789s] Level 1:colcon.colcon_core.package_identification:_identify(src/tesse-interface) by extension 'python_setup_py'
[1.546s] DEBUG:colcon.colcon_core.package_identification:Package 'src/tesse-interface' with type 'python' and name 'tesse'
[1.547s] Level 1:colcon.colcon_core.package_identification:_identify(src/tesse_msgs) by extensions ['ignore', 'ignore_ament_install']
[1.548s] Level 1:colcon.colcon_core.package_identification:_identify(src/tesse_msgs) by extension 'ignore'
[1.548s] Level 1:colcon.colcon_core.package_identification:_identify(src/tesse_msgs) by extension 'ignore_ament_install'
[1.548s] Level 1:colcon.colcon_core.package_identification:_identify(src/tesse_msgs) by extensions ['colcon_pkg']
[1.548s] Level 1:colcon.colcon_core.package_identification:_identify(src/tesse_msgs) by extension 'colcon_pkg'
[1.549s] Level 1:colcon.colcon_core.package_identification:_identify(src/tesse_msgs) by extensions ['colcon_meta']
[1.549s] Level 1:colcon.colcon_core.package_identification:_identify(src/tesse_msgs) by extension 'colcon_meta'
[1.549s] Level 1:colcon.colcon_core.package_identification:_identify(src/tesse_msgs) by extensions ['ros']
[1.549s] Level 1:colcon.colcon_core.package_identification:_identify(src/tesse_msgs) by extension 'ros'
[1.552s] DEBUG:colcon.colcon_core.package_identification:Package 'src/tesse_msgs' with type 'ros.ament_cmake' and name 'tesse_msgs'
[1.553s] Level 1:colcon.colcon_core.package_identification:_identify(src/tesse_ros_bridge) by extensions ['ignore', 'ignore_ament_install']
[1.554s] Level 1:colcon.colcon_core.package_identification:_identify(src/tesse_ros_bridge) by extension 'ignore'
[1.555s] Level 1:colcon.colcon_core.package_identification:_identify(src/tesse_ros_bridge) by extension 'ignore_ament_install'
[1.555s] Level 1:colcon.colcon_core.package_identification:_identify(src/tesse_ros_bridge) by extensions ['colcon_pkg']
[1.556s] Level 1:colcon.colcon_core.package_identification:_identify(src/tesse_ros_bridge) by extension 'colcon_pkg'
[1.556s] Level 1:colcon.colcon_core.package_identification:_identify(src/tesse_ros_bridge) by extensions ['colcon_meta']
[1.557s] Level 1:colcon.colcon_core.package_identification:_identify(src/tesse_ros_bridge) by extension 'colcon_meta'
[1.557s] Level 1:colcon.colcon_core.package_identification:_identify(src/tesse_ros_bridge) by extensions ['ros']
[1.559s] Level 1:colcon.colcon_core.package_identification:_identify(src/tesse_ros_bridge) by extension 'ros'
[1.562s] DEBUG:colcon.colcon_core.package_identification:Package 'src/tesse_ros_bridge' with type 'ros.ament_python' and name 'tesse_ros_bridge'
[1.562s] Level 1:colcon.colcon_core.package_identification:_identify(src/trajectory_generation_pkg) by extensions ['ignore', 'ignore_ament_install']
[1.563s] Level 1:colcon.colcon_core.package_identification:_identify(src/trajectory_generation_pkg) by extension 'ignore'
[1.563s] Level 1:colcon.colcon_core.package_identification:_identify(src/trajectory_generation_pkg) by extension 'ignore_ament_install'
[1.564s] Level 1:colcon.colcon_core.package_identification:_identify(src/trajectory_generation_pkg) by extensions ['colcon_pkg']
[1.564s] Level 1:colcon.colcon_core.package_identification:_identify(src/trajectory_generation_pkg) by extension 'colcon_pkg'
[1.565s] Level 1:colcon.colcon_core.package_identification:_identify(src/trajectory_generation_pkg) by extensions ['colcon_meta']
[1.565s] Level 1:colcon.colcon_core.package_identification:_identify(src/trajectory_generation_pkg) by extension 'colcon_meta'
[1.565s] Level 1:colcon.colcon_core.package_identification:_identify(src/trajectory_generation_pkg) by extensions ['ros']
[1.565s] Level 1:colcon.colcon_core.package_identification:_identify(src/trajectory_generation_pkg) by extension 'ros'
[1.572s] DEBUG:colcon.colcon_core.package_identification:Package 'src/trajectory_generation_pkg' with type 'ros.ament_cmake' and name 'trajectory_generation'
[1.573s] Level 1:colcon.colcon_core.package_discovery:discover_packages(recursive) using defaults
[1.573s] Level 1:colcon.colcon_core.package_discovery:discover_packages(ignore) discover
[1.574s] Level 1:colcon.colcon_core.package_discovery:discover_packages(ignore) using defaults
[1.574s] Level 1:colcon.colcon_core.package_discovery:discover_packages(path) discover
[1.575s] Level 1:colcon.colcon_core.package_discovery:discover_packages(path) using defaults
[1.676s] INFO:colcon.colcon_core.package_selection:Skipping not selected package 'mav_msgs' in 'src/mav_comm/mav_msgs'
[1.676s] INFO:colcon.colcon_core.package_selection:Skipping not selected package 'mav_state_machine_msgs' in 'src/mav_comm/mav_state_machine_msgs'
[1.677s] INFO:colcon.colcon_core.package_selection:Skipping not selected package 'mav_system_msgs' in 'src/mav_comm/mav_system_msgs'
[1.677s] INFO:colcon.colcon_core.package_selection:Skipping not selected package 'mav_visualization' in 'src/mav_trajectory_generation/mav_visualization'
[1.677s] INFO:colcon.colcon_core.package_selection:Skipping not selected package 'tesse' in 'src/tesse-interface'
[1.677s] INFO:colcon.colcon_core.package_selection:Skipping not selected package 'tesse_msgs' in 'src/tesse_msgs'
[1.677s] INFO:colcon.colcon_core.package_selection:Skipping not selected package 'tesse_ros_bridge' in 'src/tesse_ros_bridge'
[1.677s] INFO:colcon.colcon_core.package_selection:Skipping not selected package 'mav_planning_msgs' in 'src/mav_comm/mav_planning_msgs'
[1.677s] INFO:colcon.colcon_core.package_selection:Skipping not selected package 'mav_trajectory_generation' in 'src/mav_trajectory_generation/mav_trajectory_generation'
[1.678s] INFO:colcon.colcon_core.package_selection:Skipping not selected package 'planner_pkg' in 'src/planner_pkg'
[1.678s] INFO:colcon.colcon_core.package_selection:Skipping not selected package 'mav_comm' in 'src/mav_comm/mav_comm'
[1.678s] INFO:colcon.colcon_core.package_selection:Skipping not selected package 'trajectory_generation' in 'src/trajectory_generation_pkg'
[1.679s] Level 5:colcon.colcon_core.verb:set package 'controller_pkg' build argument 'cmake_args' from command line to 'None'
[1.679s] Level 5:colcon.colcon_core.verb:set package 'controller_pkg' build argument 'cmake_target' from command line to 'None'
[1.679s] Level 5:colcon.colcon_core.verb:set package 'controller_pkg' build argument 'cmake_target_skip_unavailable' from command line to 'False'
[1.680s] Level 5:colcon.colcon_core.verb:set package 'controller_pkg' build argument 'cmake_clean_cache' from command line to 'False'
[1.680s] Level 5:colcon.colcon_core.verb:set package 'controller_pkg' build argument 'cmake_clean_first' from command line to 'False'
[1.680s] Level 5:colcon.colcon_core.verb:set package 'controller_pkg' build argument 'cmake_force_configure' from command line to 'False'
[1.680s] Level 5:colcon.colcon_core.verb:set package 'controller_pkg' build argument 'ament_cmake_args' from command line to 'None'
[1.680s] Level 5:colcon.colcon_core.verb:set package 'controller_pkg' build argument 'catkin_cmake_args' from command line to 'None'
[1.680s] Level 5:colcon.colcon_core.verb:set package 'controller_pkg' build argument 'catkin_skip_building_tests' from command line to 'False'
[1.681s] DEBUG:colcon.colcon_core.verb:Building package 'controller_pkg' with the following arguments: {'ament_cmake_args': None, 'build_base': '/home/aimane/vnav23/labs/lab4/build/controller_pkg', 'catkin_cmake_args': None, 'catkin_skip_building_tests': False, 'cmake_args': None, 'cmake_clean_cache': False, 'cmake_clean_first': False, 'cmake_force_configure': False, 'cmake_target': None, 'cmake_target_skip_unavailable': False, 'install_base': '/home/aimane/vnav23/labs/lab4/install/controller_pkg', 'merge_install': False, 'path': '/home/aimane/vnav23/labs/lab4/src/controller_pkg', 'symlink_install': False, 'test_result_base': None}
[1.681s] INFO:colcon.colcon_core.executor:Executing jobs using 'parallel' executor
[1.685s] DEBUG:colcon.colcon_parallel_executor.executor.parallel:run_until_complete
[1.686s] INFO:colcon.colcon_ros.task.ament_cmake.build:Building ROS package in '/home/aimane/vnav23/labs/lab4/src/controller_pkg' with build type 'ament_cmake'
[1.687s] INFO:colcon.colcon_cmake.task.cmake.build:Building CMake package in '/home/aimane/vnav23/labs/lab4/src/controller_pkg'
[1.704s] INFO:colcon.colcon_core.plugin_system:Skipping extension 'colcon_core.shell.bat': Not used on non-Windows systems
[1.706s] INFO:colcon.colcon_core.shell:Skip shell extension 'powershell' for command environment: Not usable outside of PowerShell
[1.706s] DEBUG:colcon.colcon_core.shell:Skip shell extension 'dsv' for command environment
[1.791s] DEBUG:colcon.colcon_core.event_handler.log_command:Invoking command in '/home/aimane/vnav23/labs/lab4/build/controller_pkg': CMAKE_PREFIX_PATH=/home/aimane/vnav23/labs/lab4/install/mav_msgs:/home/aimane/mavros_ws/install/mavros_extras:/home/aimane/mavros_ws/install/mavros_examples:/home/aimane/mavros_ws/install/mavros:/home/aimane/mavros_ws/install/mavros_msgs:/home/aimane/mavros_ws/install/libmavconn:/home/aimane/vnav23/labs/lab4/install/trajectory_generation:/home/aimane/vnav23/labs/lab4/install/tesse_msgs:/home/aimane/vnav23/labs/lab4/install/planner_pkg:/home/aimane/vnav23/labs/lab4/install/tesse_ros_bridge:/opt/ros/humble:/home/aimane/vnav23/labs/lab4/install/mav_visualization:/home/aimane/vnav23/labs/lab4/install/mav_trajectory_generation:/home/aimane/vnav23/labs/lab4/install/mav_comm:/home/aimane/vnav23/labs/lab4/install/mav_system_msgs:/home/aimane/vnav23/labs/lab4/install/mav_state_machine_msgs:/home/aimane/vnav23/labs/lab4/install/mav_planning_msgs:/home/aimane/vnav23/labs/lab4/install/controller_pkg LD_LIBRARY_PATH=/home/aimane/vnav23/labs/lab4/install/mav_msgs/lib:/home/aimane/mavros_ws/install/mavros_extras/lib:/home/aimane/mavros_ws/install/mavros/lib:/home/aimane/mavros_ws/install/mavros_msgs/lib:/home/aimane/mavros_ws/install/libmavconn/lib:/home/aimane/vnav23/labs/lab4/install/tesse_msgs/lib:/home/aimane/vnav23/labs/lab4/install/mav_trajectory_generation/lib:/home/aimane/vnav23/labs/lab4/install/mav_system_msgs/lib:/home/aimane/vnav23/labs/lab4/install/mav_state_machine_msgs/lib:/home/aimane/vnav23/labs/lab4/install/mav_planning_msgs/lib:/opt/ros/humble/opt/rviz_ogre_vendor/lib:/opt/ros/humble/lib/x86_64-linux-gnu:/opt/ros/humble/lib /usr/bin/cmake --build /home/aimane/vnav23/labs/lab4/build/controller_pkg -- -j8 -l8
[2.267s] DEBUG:colcon.colcon_core.event_handler.log_command:Invoked command in '/home/aimane/vnav23/labs/lab4/build/controller_pkg' returned '0': CMAKE_PREFIX_PATH=/home/aimane/vnav23/labs/lab4/install/mav_msgs:/home/aimane/mavros_ws/install/mavros_extras:/home/aimane/mavros_ws/install/mavros_examples:/home/aimane/mavros_ws/install/mavros:/home/aimane/mavros_ws/install/mavros_msgs:/home/aimane/mavros_ws/install/libmavconn:/home/aimane/vnav23/labs/lab4/install/trajectory_generation:/home/aimane/vnav23/labs/lab4/install/tesse_msgs:/home/aimane/vnav23/labs/lab4/install/planner_pkg:/home/aimane/vnav23/labs/lab4/install/tesse_ros_bridge:/opt/ros/humble:/home/aimane/vnav23/labs/lab4/install/mav_visualization:/home/aimane/vnav23/labs/lab4/install/mav_trajectory_generation:/home/aimane/vnav23/labs/lab4/install/mav_comm:/home/aimane/vnav23/labs/lab4/install/mav_system_msgs:/home/aimane/vnav23/labs/lab4/install/mav_state_machine_msgs:/home/aimane/vnav23/labs/lab4/install/mav_planning_msgs:/home/aimane/vnav23/labs/lab4/install/controller_pkg LD_LIBRARY_PATH=/home/aimane/vnav23/labs/lab4/install/mav_msgs/lib:/home/aimane/mavros_ws/install/mavros_extras/lib:/home/aimane/mavros_ws/install/mavros/lib:/home/aimane/mavros_ws/install/mavros_msgs/lib:/home/aimane/mavros_ws/install/libmavconn/lib:/home/aimane/vnav23/labs/lab4/install/tesse_msgs/lib:/home/aimane/vnav23/labs/lab4/install/mav_trajectory_generation/lib:/home/aimane/vnav23/labs/lab4/install/mav_system_msgs/lib:/home/aimane/vnav23/labs/lab4/install/mav_state_machine_msgs/lib:/home/aimane/vnav23/labs/lab4/install/mav_planning_msgs/lib:/opt/ros/humble/opt/rviz_ogre_vendor/lib:/opt/ros/humble/lib/x86_64-linux-gnu:/opt/ros/humble/lib /usr/bin/cmake --build /home/aimane/vnav23/labs/lab4/build/controller_pkg -- -j8 -l8
[2.299s] DEBUG:colcon.colcon_core.event_handler.log_command:Invoking command in '/home/aimane/vnav23/labs/lab4/build/controller_pkg': CMAKE_PREFIX_PATH=/home/aimane/vnav23/labs/lab4/install/mav_msgs:/home/aimane/mavros_ws/install/mavros_extras:/home/aimane/mavros_ws/install/mavros_examples:/home/aimane/mavros_ws/install/mavros:/home/aimane/mavros_ws/install/mavros_msgs:/home/aimane/mavros_ws/install/libmavconn:/home/aimane/vnav23/labs/lab4/install/trajectory_generation:/home/aimane/vnav23/labs/lab4/install/tesse_msgs:/home/aimane/vnav23/labs/lab4/install/planner_pkg:/home/aimane/vnav23/labs/lab4/install/tesse_ros_bridge:/opt/ros/humble:/home/aimane/vnav23/labs/lab4/install/mav_visualization:/home/aimane/vnav23/labs/lab4/install/mav_trajectory_generation:/home/aimane/vnav23/labs/lab4/install/mav_comm:/home/aimane/vnav23/labs/lab4/install/mav_system_msgs:/home/aimane/vnav23/labs/lab4/install/mav_state_machine_msgs:/home/aimane/vnav23/labs/lab4/install/mav_planning_msgs:/home/aimane/vnav23/labs/lab4/install/controller_pkg LD_LIBRARY_PATH=/home/aimane/vnav23/labs/lab4/install/mav_msgs/lib:/home/aimane/mavros_ws/install/mavros_extras/lib:/home/aimane/mavros_ws/install/mavros/lib:/home/aimane/mavros_ws/install/mavros_msgs/lib:/home/aimane/mavros_ws/install/libmavconn/lib:/home/aimane/vnav23/labs/lab4/install/tesse_msgs/lib:/home/aimane/vnav23/labs/lab4/install/mav_trajectory_generation/lib:/home/aimane/vnav23/labs/lab4/install/mav_system_msgs/lib:/home/aimane/vnav23/labs/lab4/install/mav_state_machine_msgs/lib:/home/aimane/vnav23/labs/lab4/install/mav_planning_msgs/lib:/opt/ros/humble/opt/rviz_ogre_vendor/lib:/opt/ros/humble/lib/x86_64-linux-gnu:/opt/ros/humble/lib /usr/bin/cmake --install /home/aimane/vnav23/labs/lab4/build/controller_pkg
[2.380s] Level 1:colcon.colcon_core.environment:create_environment_scripts_only(controller_pkg)
[2.383s] DEBUG:colcon.colcon_core.event_handler.log_command:Invoked command in '/home/aimane/vnav23/labs/lab4/build/controller_pkg' returned '0': CMAKE_PREFIX_PATH=/home/aimane/vnav23/labs/lab4/install/mav_msgs:/home/aimane/mavros_ws/install/mavros_extras:/home/aimane/mavros_ws/install/mavros_examples:/home/aimane/mavros_ws/install/mavros:/home/aimane/mavros_ws/install/mavros_msgs:/home/aimane/mavros_ws/install/libmavconn:/home/aimane/vnav23/labs/lab4/install/trajectory_generation:/home/aimane/vnav23/labs/lab4/install/tesse_msgs:/home/aimane/vnav23/labs/lab4/install/planner_pkg:/home/aimane/vnav23/labs/lab4/install/tesse_ros_bridge:/opt/ros/humble:/home/aimane/vnav23/labs/lab4/install/mav_visualization:/home/aimane/vnav23/labs/lab4/install/mav_trajectory_generation:/home/aimane/vnav23/labs/lab4/install/mav_comm:/home/aimane/vnav23/labs/lab4/install/mav_system_msgs:/home/aimane/vnav23/labs/lab4/install/mav_state_machine_msgs:/home/aimane/vnav23/labs/lab4/install/mav_planning_msgs:/home/aimane/vnav23/labs/lab4/install/controller_pkg LD_LIBRARY_PATH=/home/aimane/vnav23/labs/lab4/install/mav_msgs/lib:/home/aimane/mavros_ws/install/mavros_extras/lib:/home/aimane/mavros_ws/install/mavros/lib:/home/aimane/mavros_ws/install/mavros_msgs/lib:/home/aimane/mavros_ws/install/libmavconn/lib:/home/aimane/vnav23/labs/lab4/install/tesse_msgs/lib:/home/aimane/vnav23/labs/lab4/install/mav_trajectory_generation/lib:/home/aimane/vnav23/labs/lab4/install/mav_system_msgs/lib:/home/aimane/vnav23/labs/lab4/install/mav_state_machine_msgs/lib:/home/aimane/vnav23/labs/lab4/install/mav_planning_msgs/lib:/opt/ros/humble/opt/rviz_ogre_vendor/lib:/opt/ros/humble/lib/x86_64-linux-gnu:/opt/ros/humble/lib /usr/bin/cmake --install /home/aimane/vnav23/labs/lab4/build/controller_pkg
[2.394s] Level 1:colcon.colcon_core.environment:checking '/home/aimane/vnav23/labs/lab4/install/controller_pkg' for CMake module files
[2.396s] Level 1:colcon.colcon_core.environment:checking '/home/aimane/vnav23/labs/lab4/install/controller_pkg' for CMake config files
[2.398s] Level 1:colcon.colcon_core.shell:create_environment_hook('controller_pkg', 'cmake_prefix_path')
[2.399s] INFO:colcon.colcon_core.shell:Creating environment hook '/home/aimane/vnav23/labs/lab4/install/controller_pkg/share/controller_pkg/hook/cmake_prefix_path.ps1'
[2.401s] INFO:colcon.colcon_core.shell:Creating environment descriptor '/home/aimane/vnav23/labs/lab4/install/controller_pkg/share/controller_pkg/hook/cmake_prefix_path.dsv'
[2.403s] INFO:colcon.colcon_core.shell:Creating environment hook '/home/aimane/vnav23/labs/lab4/install/controller_pkg/share/controller_pkg/hook/cmake_prefix_path.sh'
[2.406s] Level 1:colcon.colcon_core.environment:checking '/home/aimane/vnav23/labs/lab4/install/controller_pkg/lib'
[2.407s] Level 1:colcon.colcon_core.environment:checking '/home/aimane/vnav23/labs/lab4/install/controller_pkg/bin'
[2.408s] Level 1:colcon.colcon_core.environment:checking '/home/aimane/vnav23/labs/lab4/install/controller_pkg/lib/pkgconfig/controller_pkg.pc'
[2.411s] Level 1:colcon.colcon_core.environment:checking '/home/aimane/vnav23/labs/lab4/install/controller_pkg/lib/python3.10/site-packages'
[2.413s] Level 1:colcon.colcon_core.environment:checking '/home/aimane/vnav23/labs/lab4/install/controller_pkg/bin'
[2.414s] INFO:colcon.colcon_core.shell:Creating package script '/home/aimane/vnav23/labs/lab4/install/controller_pkg/share/controller_pkg/package.ps1'
[2.417s] INFO:colcon.colcon_core.shell:Creating package descriptor '/home/aimane/vnav23/labs/lab4/install/controller_pkg/share/controller_pkg/package.dsv'
[2.419s] INFO:colcon.colcon_core.shell:Creating package script '/home/aimane/vnav23/labs/lab4/install/controller_pkg/share/controller_pkg/package.sh'
[2.422s] INFO:colcon.colcon_core.shell:Creating package script '/home/aimane/vnav23/labs/lab4/install/controller_pkg/share/controller_pkg/package.bash'
[2.425s] INFO:colcon.colcon_core.shell:Creating package script '/home/aimane/vnav23/labs/lab4/install/controller_pkg/share/controller_pkg/package.zsh'
[2.427s] Level 1:colcon.colcon_core.environment:create_file_with_runtime_dependencies(/home/aimane/vnav23/labs/lab4/install/controller_pkg/share/colcon-core/packages/controller_pkg)
[2.429s] Level 1:colcon.colcon_core.environment:create_environment_scripts_only(controller_pkg)
[2.430s] Level 1:colcon.colcon_core.environment:checking '/home/aimane/vnav23/labs/lab4/install/controller_pkg' for CMake module files
[2.432s] Level 1:colcon.colcon_core.environment:checking '/home/aimane/vnav23/labs/lab4/install/controller_pkg' for CMake config files
[2.434s] Level 1:colcon.colcon_core.shell:create_environment_hook('controller_pkg', 'cmake_prefix_path')
[2.435s] INFO:colcon.colcon_core.shell:Creating environment hook '/home/aimane/vnav23/labs/lab4/install/controller_pkg/share/controller_pkg/hook/cmake_prefix_path.ps1'
[2.437s] INFO:colcon.colcon_core.shell:Creating environment descriptor '/home/aimane/vnav23/labs/lab4/install/controller_pkg/share/controller_pkg/hook/cmake_prefix_path.dsv'
[2.439s] INFO:colcon.colcon_core.shell:Creating environment hook '/home/aimane/vnav23/labs/lab4/install/controller_pkg/share/controller_pkg/hook/cmake_prefix_path.sh'
[2.441s] Level 1:colcon.colcon_core.environment:checking '/home/aimane/vnav23/labs/lab4/install/controller_pkg/lib'
[2.442s] Level 1:colcon.colcon_core.environment:checking '/home/aimane/vnav23/labs/lab4/install/controller_pkg/bin'
[2.442s] Level 1:colcon.colcon_core.environment:checking '/home/aimane/vnav23/labs/lab4/install/controller_pkg/lib/pkgconfig/controller_pkg.pc'
[2.443s] Level 1:colcon.colcon_core.environment:checking '/home/aimane/vnav23/labs/lab4/install/controller_pkg/lib/python3.10/site-packages'
[2.444s] Level 1:colcon.colcon_core.environment:checking '/home/aimane/vnav23/labs/lab4/install/controller_pkg/bin'
[2.446s] INFO:colcon.colcon_core.shell:Creating package script '/home/aimane/vnav23/labs/lab4/install/controller_pkg/share/controller_pkg/package.ps1'
[2.449s] INFO:colcon.colcon_core.shell:Creating package descriptor '/home/aimane/vnav23/labs/lab4/install/controller_pkg/share/controller_pkg/package.dsv'
[2.452s] INFO:colcon.colcon_core.shell:Creating package script '/home/aimane/vnav23/labs/lab4/install/controller_pkg/share/controller_pkg/package.sh'
[2.454s] INFO:colcon.colcon_core.shell:Creating package script '/home/aimane/vnav23/labs/lab4/install/controller_pkg/share/controller_pkg/package.bash'
[2.456s] INFO:colcon.colcon_core.shell:Creating package script '/home/aimane/vnav23/labs/lab4/install/controller_pkg/share/controller_pkg/package.zsh'
[2.458s] Level 1:colcon.colcon_core.environment:create_file_with_runtime_dependencies(/home/aimane/vnav23/labs/lab4/install/controller_pkg/share/colcon-core/packages/controller_pkg)
[2.460s] DEBUG:colcon.colcon_parallel_executor.executor.parallel:closing loop
[2.461s] DEBUG:colcon.colcon_parallel_executor.executor.parallel:loop closed
[2.461s] DEBUG:colcon.colcon_parallel_executor.executor.parallel:run_until_complete finished with '0'
[2.462s] DEBUG:colcon.colcon_core.event_reactor:joining thread
[2.480s] INFO:colcon.colcon_core.plugin_system:Skipping extension 'colcon_notification.desktop_notification.notify_send': Could not find 'notify-send'
[2.481s] INFO:colcon.colcon_core.plugin_system:Skipping extension 'colcon_notification.desktop_notification.terminal_notifier': Not used on non-Darwin systems
[2.481s] INFO:colcon.colcon_core.plugin_system:Skipping extension 'colcon_notification.desktop_notification.win32': Not used on non-Windows systems
[2.481s] INFO:colcon.colcon_notification.desktop_notification:Sending desktop notification using 'notify2'
[2.494s] DEBUG:colcon.colcon_notification.desktop_notification.notify2:Failed to initialize notify2: org.freedesktop.DBus.Error.Spawn.ExecFailed: /usr/bin/dbus-launch terminated abnormally without any error message
[2.495s] DEBUG:colcon.colcon_core.event_reactor:joined thread
[2.497s] INFO:colcon.colcon_core.shell:Creating prefix script '/home/aimane/vnav23/labs/lab4/install/local_setup.ps1'
[2.501s] INFO:colcon.colcon_core.shell:Creating prefix util module '/home/aimane/vnav23/labs/lab4/install/_local_setup_util_ps1.py'
[2.516s] INFO:colcon.colcon_core.shell:Creating prefix chain script '/home/aimane/vnav23/labs/lab4/install/setup.ps1'
[2.530s] INFO:colcon.colcon_core.shell:Creating prefix script '/home/aimane/vnav23/labs/lab4/install/local_setup.sh'
[2.532s] INFO:colcon.colcon_core.shell:Creating prefix util module '/home/aimane/vnav23/labs/lab4/install/_local_setup_util_sh.py'
[2.534s] INFO:colcon.colcon_core.shell:Creating prefix chain script '/home/aimane/vnav23/labs/lab4/install/setup.sh'
[2.542s] INFO:colcon.colcon_core.shell:Creating prefix script '/home/aimane/vnav23/labs/lab4/install/local_setup.bash'
[2.544s] INFO:colcon.colcon_core.shell:Creating prefix chain script '/home/aimane/vnav23/labs/lab4/install/setup.bash'
[2.555s] INFO:colcon.colcon_core.shell:Creating prefix script '/home/aimane/vnav23/labs/lab4/install/local_setup.zsh'
[2.558s] INFO:colcon.colcon_core.shell:Creating prefix chain script '/home/aimane/vnav23/labs/lab4/install/setup.zsh'
