[0.053s] Invoking command in '/home/aimane/vnav23/labs/lab4/build/mav_planning_msgs': CMAKE_PREFIX_PATH=/home/aimane/vnav23/labs/lab4/install/mav_msgs:/home/aimane/vnav23/labs/lab4/install/trajectory_generation:/home/aimane/vnav23/labs/lab4/install/tesse_msgs:/home/aimane/vnav23/labs/lab4/install/planner_pkg:/home/aimane/vnav23/labs/lab4/install/tesse_ros_bridge:/opt/ros/humble:/home/aimane/vnav23/labs/lab4/install/mav_visualization:/home/aimane/vnav23/labs/lab4/install/mav_trajectory_generation:/home/aimane/vnav23/labs/lab4/install/mav_comm:/home/aimane/vnav23/labs/lab4/install/mav_system_msgs:/home/aimane/vnav23/labs/lab4/install/mav_state_machine_msgs:/home/aimane/vnav23/labs/lab4/install/mav_planning_msgs:/home/aimane/vnav23/labs/lab4/install/controller_pkg:/home/aimane/mavros_ws/install/mavros_extras:/home/aimane/mavros_ws/install/mavros_examples:/home/aimane/mavros_ws/install/mavros:/home/aimane/mavros_ws/install/mavros_msgs:/home/aimane/mavros_ws/install/libmavconn LD_LIBRARY_PATH=/home/aimane/vnav23/labs/lab4/install/mav_msgs/lib:/home/aimane/vnav23/labs/lab4/install/tesse_msgs/lib:/home/aimane/vnav23/labs/lab4/install/mav_trajectory_generation/lib:/home/aimane/vnav23/labs/lab4/install/mav_system_msgs/lib:/home/aimane/vnav23/labs/lab4/install/mav_state_machine_msgs/lib:/home/aimane/vnav23/labs/lab4/install/mav_planning_msgs/lib:/home/aimane/mavros_ws/install/mavros_extras/lib:/home/aimane/mavros_ws/install/mavros/lib:/home/aimane/mavros_ws/install/mavros_msgs/lib:/home/aimane/mavros_ws/install/libmavconn/lib:/opt/ros/humble/opt/rviz_ogre_vendor/lib:/opt/ros/humble/lib/x86_64-linux-gnu:/opt/ros/humble/lib /usr/bin/cmake --build /home/aimane/vnav23/labs/lab4/build/mav_planning_msgs -- -j8 -l8
[0.195s] [  0%] Built target mav_planning_msgs__cpp
[0.206s] [  0%] Built target ament_cmake_python_symlink_mav_planning_msgs
[0.223s] [ 12%] Built target mav_planning_msgs__rosidl_generator_c
[0.312s] [ 24%] Built target mav_planning_msgs__rosidl_typesupport_c
[0.318s] [ 36%] Built target mav_planning_msgs__rosidl_typesupport_cpp
[0.324s] [ 47%] Built target mav_planning_msgs__rosidl_typesupport_fastrtps_cpp
[0.327s] [ 59%] Built target mav_planning_msgs__rosidl_typesupport_introspection_c
[0.345s] [ 81%] Built target mav_planning_msgs__rosidl_typesupport_introspection_cpp
[0.345s] [ 83%] Built target mav_planning_msgs__rosidl_typesupport_fastrtps_c
[0.390s] [ 83%] Built target mav_planning_msgs
[0.429s] [ 84%] Built target mav_planning_msgs__py
[0.484s] [ 95%] Built target mav_planning_msgs__rosidl_generator_py
[0.534s] [ 97%] Built target mav_planning_msgs__rosidl_typesupport_introspection_c__pyext
[0.537s] [ 99%] Built target mav_planning_msgs__rosidl_typesupport_fastrtps_c__pyext
[0.542s] [100%] Built target mav_planning_msgs__rosidl_typesupport_c__pyext
[0.682s] running egg_info
[0.703s] writing mav_planning_msgs.egg-info/PKG-INFO
[0.704s] writing dependency_links to mav_planning_msgs.egg-info/dependency_links.txt
[0.704s] writing top-level names to mav_planning_msgs.egg-info/top_level.txt
[0.767s] reading manifest file 'mav_planning_msgs.egg-info/SOURCES.txt'
[0.769s] writing manifest file 'mav_planning_msgs.egg-info/SOURCES.txt'
[0.817s] [100%] Built target ament_cmake_python_build_mav_planning_msgs_egg
[0.840s] Invoked command in '/home/aimane/vnav23/labs/lab4/build/mav_planning_msgs' returned '0': CMAKE_PREFIX_PATH=/home/aimane/vnav23/labs/lab4/install/mav_msgs:/home/aimane/vnav23/labs/lab4/install/trajectory_generation:/home/aimane/vnav23/labs/lab4/install/tesse_msgs:/home/aimane/vnav23/labs/lab4/install/planner_pkg:/home/aimane/vnav23/labs/lab4/install/tesse_ros_bridge:/opt/ros/humble:/home/aimane/vnav23/labs/lab4/install/mav_visualization:/home/aimane/vnav23/labs/lab4/install/mav_trajectory_generation:/home/aimane/vnav23/labs/lab4/install/mav_comm:/home/aimane/vnav23/labs/lab4/install/mav_system_msgs:/home/aimane/vnav23/labs/lab4/install/mav_state_machine_msgs:/home/aimane/vnav23/labs/lab4/install/mav_planning_msgs:/home/aimane/vnav23/labs/lab4/install/controller_pkg:/home/aimane/mavros_ws/install/mavros_extras:/home/aimane/mavros_ws/install/mavros_examples:/home/aimane/mavros_ws/install/mavros:/home/aimane/mavros_ws/install/mavros_msgs:/home/aimane/mavros_ws/install/libmavconn LD_LIBRARY_PATH=/home/aimane/vnav23/labs/lab4/install/mav_msgs/lib:/home/aimane/vnav23/labs/lab4/install/tesse_msgs/lib:/home/aimane/vnav23/labs/lab4/install/mav_trajectory_generation/lib:/home/aimane/vnav23/labs/lab4/install/mav_system_msgs/lib:/home/aimane/vnav23/labs/lab4/install/mav_state_machine_msgs/lib:/home/aimane/vnav23/labs/lab4/install/mav_planning_msgs/lib:/home/aimane/mavros_ws/install/mavros_extras/lib:/home/aimane/mavros_ws/install/mavros/lib:/home/aimane/mavros_ws/install/mavros_msgs/lib:/home/aimane/mavros_ws/install/libmavconn/lib:/opt/ros/humble/opt/rviz_ogre_vendor/lib:/opt/ros/humble/lib/x86_64-linux-gnu:/opt/ros/humble/lib /usr/bin/cmake --build /home/aimane/vnav23/labs/lab4/build/mav_planning_msgs -- -j8 -l8
[0.842s] Invoking command in '/home/aimane/vnav23/labs/lab4/build/mav_planning_msgs': CMAKE_PREFIX_PATH=/home/aimane/vnav23/labs/lab4/install/mav_msgs:/home/aimane/vnav23/labs/lab4/install/trajectory_generation:/home/aimane/vnav23/labs/lab4/install/tesse_msgs:/home/aimane/vnav23/labs/lab4/install/planner_pkg:/home/aimane/vnav23/labs/lab4/install/tesse_ros_bridge:/opt/ros/humble:/home/aimane/vnav23/labs/lab4/install/mav_visualization:/home/aimane/vnav23/labs/lab4/install/mav_trajectory_generation:/home/aimane/vnav23/labs/lab4/install/mav_comm:/home/aimane/vnav23/labs/lab4/install/mav_system_msgs:/home/aimane/vnav23/labs/lab4/install/mav_state_machine_msgs:/home/aimane/vnav23/labs/lab4/install/mav_planning_msgs:/home/aimane/vnav23/labs/lab4/install/controller_pkg:/home/aimane/mavros_ws/install/mavros_extras:/home/aimane/mavros_ws/install/mavros_examples:/home/aimane/mavros_ws/install/mavros:/home/aimane/mavros_ws/install/mavros_msgs:/home/aimane/mavros_ws/install/libmavconn LD_LIBRARY_PATH=/home/aimane/vnav23/labs/lab4/install/mav_msgs/lib:/home/aimane/vnav23/labs/lab4/install/tesse_msgs/lib:/home/aimane/vnav23/labs/lab4/install/mav_trajectory_generation/lib:/home/aimane/vnav23/labs/lab4/install/mav_system_msgs/lib:/home/aimane/vnav23/labs/lab4/install/mav_state_machine_msgs/lib:/home/aimane/vnav23/labs/lab4/install/mav_planning_msgs/lib:/home/aimane/mavros_ws/install/mavros_extras/lib:/home/aimane/mavros_ws/install/mavros/lib:/home/aimane/mavros_ws/install/mavros_msgs/lib:/home/aimane/mavros_ws/install/libmavconn/lib:/opt/ros/humble/opt/rviz_ogre_vendor/lib:/opt/ros/humble/lib/x86_64-linux-gnu:/opt/ros/humble/lib /usr/bin/cmake --install /home/aimane/vnav23/labs/lab4/build/mav_planning_msgs
[0.858s] -- Install configuration: ""
[0.859s] -- Execute custom install script
[0.860s] -- Up-to-date symlink: /home/aimane/vnav23/labs/lab4/install/mav_planning_msgs/share/ament_index/resource_index/rosidl_interfaces/mav_planning_msgs
[0.862s] -- Up-to-date symlink: /home/aimane/vnav23/labs/lab4/install/mav_planning_msgs/include/mav_planning_msgs/mav_planning_msgs/msg/detail/point2_d__functions.h
[0.862s] -- Up-to-date symlink: /home/aimane/vnav23/labs/lab4/install/mav_planning_msgs/include/mav_planning_msgs/mav_planning_msgs/msg/detail/point2_d__struct.h
[0.863s] -- Up-to-date symlink: /home/aimane/vnav23/labs/lab4/install/mav_planning_msgs/include/mav_planning_msgs/mav_planning_msgs/msg/detail/point2_d__type_support.h
[0.863s] -- Up-to-date symlink: /home/aimane/vnav23/labs/lab4/install/mav_planning_msgs/include/mav_planning_msgs/mav_planning_msgs/msg/detail/point_cloud_with_pose__functions.h
[0.863s] -- Up-to-date symlink: /home/aimane/vnav23/labs/lab4/install/mav_planning_msgs/include/mav_planning_msgs/mav_planning_msgs/msg/detail/point_cloud_with_pose__struct.h
[0.864s] -- Up-to-date symlink: /home/aimane/vnav23/labs/lab4/install/mav_planning_msgs/include/mav_planning_msgs/mav_planning_msgs/msg/detail/point_cloud_with_pose__type_support.h
[0.864s] -- Up-to-date symlink: /home/aimane/vnav23/labs/lab4/install/mav_planning_msgs/include/mav_planning_msgs/mav_planning_msgs/msg/detail/polygon2_d__functions.h
[0.864s] -- Up-to-date symlink: /home/aimane/vnav23/labs/lab4/install/mav_planning_msgs/include/mav_planning_msgs/mav_planning_msgs/msg/detail/polygon2_d__struct.h
[0.865s] -- Up-to-date symlink: /home/aimane/vnav23/labs/lab4/install/mav_planning_msgs/include/mav_planning_msgs/mav_planning_msgs/msg/detail/polygon2_d__type_support.h
[0.865s] -- Up-to-date symlink: /home/aimane/vnav23/labs/lab4/install/mav_planning_msgs/include/mav_planning_msgs/mav_planning_msgs/msg/detail/polygon_with_holes__functions.h
[0.865s] -- Up-to-date symlink: /home/aimane/vnav23/labs/lab4/install/mav_planning_msgs/include/mav_planning_msgs/mav_planning_msgs/msg/detail/polygon_with_holes__struct.h
[0.866s] -- Up-to-date symlink: /home/aimane/vnav23/labs/lab4/install/mav_planning_msgs/include/mav_planning_msgs/mav_planning_msgs/msg/detail/polygon_with_holes__type_support.h
[0.866s] -- Up-to-date symlink: /home/aimane/vnav23/labs/lab4/install/mav_planning_msgs/include/mav_planning_msgs/mav_planning_msgs/msg/detail/polygon_with_holes_stamped__functions.h
[0.866s] -- Up-to-date symlink: /home/aimane/vnav23/labs/lab4/install/mav_planning_msgs/include/mav_planning_msgs/mav_planning_msgs/msg/detail/polygon_with_holes_stamped__struct.h
[0.867s] -- Up-to-date symlink: /home/aimane/vnav23/labs/lab4/install/mav_planning_msgs/include/mav_planning_msgs/mav_planning_msgs/msg/detail/polygon_with_holes_stamped__type_support.h
[0.867s] -- Up-to-date symlink: /home/aimane/vnav23/labs/lab4/install/mav_planning_msgs/include/mav_planning_msgs/mav_planning_msgs/msg/detail/polynomial_segment4_d__functions.h
[0.867s] -- Up-to-date symlink: /home/aimane/vnav23/labs/lab4/install/mav_planning_msgs/include/mav_planning_msgs/mav_planning_msgs/msg/detail/polynomial_segment4_d__struct.h
[0.868s] -- Up-to-date symlink: /home/aimane/vnav23/labs/lab4/install/mav_planning_msgs/include/mav_planning_msgs/mav_planning_msgs/msg/detail/polynomial_segment4_d__type_support.h
[0.868s] -- Up-to-date symlink: /home/aimane/vnav23/labs/lab4/install/mav_planning_msgs/include/mav_planning_msgs/mav_planning_msgs/msg/detail/polynomial_segment__functions.h
[0.868s] -- Up-to-date symlink: /home/aimane/vnav23/labs/lab4/install/mav_planning_msgs/include/mav_planning_msgs/mav_planning_msgs/msg/detail/polynomial_segment__struct.h
[0.869s] -- Up-to-date symlink: /home/aimane/vnav23/labs/lab4/install/mav_planning_msgs/include/mav_planning_msgs/mav_planning_msgs/msg/detail/polynomial_segment__type_support.h
[0.869s] -- Up-to-date symlink: /home/aimane/vnav23/labs/lab4/install/mav_planning_msgs/include/mav_planning_msgs/mav_planning_msgs/msg/detail/polynomial_trajectory4_d__functions.h
[0.869s] -- Up-to-date symlink: /home/aimane/vnav23/labs/lab4/install/mav_planning_msgs/include/mav_planning_msgs/mav_planning_msgs/msg/detail/polynomial_trajectory4_d__struct.h
[0.870s] -- Up-to-date symlink: /home/aimane/vnav23/labs/lab4/install/mav_planning_msgs/include/mav_planning_msgs/mav_planning_msgs/msg/detail/polynomial_trajectory4_d__type_support.h
[0.870s] -- Up-to-date symlink: /home/aimane/vnav23/labs/lab4/install/mav_planning_msgs/include/mav_planning_msgs/mav_planning_msgs/msg/detail/polynomial_trajectory__functions.h
[0.870s] -- Up-to-date symlink: /home/aimane/vnav23/labs/lab4/install/mav_planning_msgs/include/mav_planning_msgs/mav_planning_msgs/msg/detail/polynomial_trajectory__struct.h
[0.870s] -- Up-to-date symlink: /home/aimane/vnav23/labs/lab4/install/mav_planning_msgs/include/mav_planning_msgs/mav_planning_msgs/msg/detail/polynomial_trajectory__type_support.h
[0.871s] -- Up-to-date symlink: /home/aimane/vnav23/labs/lab4/install/mav_planning_msgs/include/mav_planning_msgs/mav_planning_msgs/msg/point2_d.h
[0.871s] -- Up-to-date symlink: /home/aimane/vnav23/labs/lab4/install/mav_planning_msgs/include/mav_planning_msgs/mav_planning_msgs/msg/point_cloud_with_pose.h
[0.871s] -- Up-to-date symlink: /home/aimane/vnav23/labs/lab4/install/mav_planning_msgs/include/mav_planning_msgs/mav_planning_msgs/msg/polygon2_d.h
[0.872s] -- Up-to-date symlink: /home/aimane/vnav23/labs/lab4/install/mav_planning_msgs/include/mav_planning_msgs/mav_planning_msgs/msg/polygon_with_holes.h
[0.872s] -- Up-to-date symlink: /home/aimane/vnav23/labs/lab4/install/mav_planning_msgs/include/mav_planning_msgs/mav_planning_msgs/msg/polygon_with_holes_stamped.h
[0.872s] -- Up-to-date symlink: /home/aimane/vnav23/labs/lab4/install/mav_planning_msgs/include/mav_planning_msgs/mav_planning_msgs/msg/polynomial_segment.h
[0.873s] -- Up-to-date symlink: /home/aimane/vnav23/labs/lab4/install/mav_planning_msgs/include/mav_planning_msgs/mav_planning_msgs/msg/polynomial_segment4_d.h
[0.873s] -- Up-to-date symlink: /home/aimane/vnav23/labs/lab4/install/mav_planning_msgs/include/mav_planning_msgs/mav_planning_msgs/msg/polynomial_trajectory.h
[0.873s] -- Up-to-date symlink: /home/aimane/vnav23/labs/lab4/install/mav_planning_msgs/include/mav_planning_msgs/mav_planning_msgs/msg/polynomial_trajectory4_d.h
[0.873s] -- Up-to-date symlink: /home/aimane/vnav23/labs/lab4/install/mav_planning_msgs/include/mav_planning_msgs/mav_planning_msgs/msg/rosidl_generator_c__visibility_control.h
[0.874s] -- Up-to-date symlink: /home/aimane/vnav23/labs/lab4/install/mav_planning_msgs/include/mav_planning_msgs/mav_planning_msgs/srv/change_name_service.h
[0.874s] -- Up-to-date symlink: /home/aimane/vnav23/labs/lab4/install/mav_planning_msgs/include/mav_planning_msgs/mav_planning_msgs/srv/detail/change_name_service__functions.h
[0.874s] -- Up-to-date symlink: /home/aimane/vnav23/labs/lab4/install/mav_planning_msgs/include/mav_planning_msgs/mav_planning_msgs/srv/detail/change_name_service__struct.h
[0.875s] -- Up-to-date symlink: /home/aimane/vnav23/labs/lab4/install/mav_planning_msgs/include/mav_planning_msgs/mav_planning_msgs/srv/detail/change_name_service__type_support.h
[0.875s] -- Up-to-date symlink: /home/aimane/vnav23/labs/lab4/install/mav_planning_msgs/include/mav_planning_msgs/mav_planning_msgs/srv/detail/planner_service__functions.h
[0.875s] -- Up-to-date symlink: /home/aimane/vnav23/labs/lab4/install/mav_planning_msgs/include/mav_planning_msgs/mav_planning_msgs/srv/detail/planner_service__struct.h
[0.876s] -- Up-to-date symlink: /home/aimane/vnav23/labs/lab4/install/mav_planning_msgs/include/mav_planning_msgs/mav_planning_msgs/srv/detail/planner_service__type_support.h
[0.876s] -- Up-to-date symlink: /home/aimane/vnav23/labs/lab4/install/mav_planning_msgs/include/mav_planning_msgs/mav_planning_msgs/srv/detail/polygon_service__functions.h
[0.876s] -- Up-to-date symlink: /home/aimane/vnav23/labs/lab4/install/mav_planning_msgs/include/mav_planning_msgs/mav_planning_msgs/srv/detail/polygon_service__struct.h
[0.876s] -- Up-to-date symlink: /home/aimane/vnav23/labs/lab4/install/mav_planning_msgs/include/mav_planning_msgs/mav_planning_msgs/srv/detail/polygon_service__type_support.h
[0.877s] -- Up-to-date symlink: /home/aimane/vnav23/labs/lab4/install/mav_planning_msgs/include/mav_planning_msgs/mav_planning_msgs/srv/planner_service.h
[0.877s] -- Up-to-date symlink: /home/aimane/vnav23/labs/lab4/install/mav_planning_msgs/include/mav_planning_msgs/mav_planning_msgs/srv/polygon_service.h
[0.878s] -- Up-to-date symlink: /home/aimane/vnav23/labs/lab4/install/mav_planning_msgs/share/mav_planning_msgs/environment/library_path.sh
[0.878s] -- Up-to-date symlink: /home/aimane/vnav23/labs/lab4/install/mav_planning_msgs/share/mav_planning_msgs/environment/library_path.dsv
[0.880s] -- Up-to-date symlink: /home/aimane/vnav23/labs/lab4/install/mav_planning_msgs/include/mav_planning_msgs/mav_planning_msgs/msg/detail/point2_d__rosidl_typesupport_fastrtps_c.h
[0.880s] -- Up-to-date symlink: /home/aimane/vnav23/labs/lab4/install/mav_planning_msgs/include/mav_planning_msgs/mav_planning_msgs/msg/detail/point_cloud_with_pose__rosidl_typesupport_fastrtps_c.h
[0.881s] -- Up-to-date symlink: /home/aimane/vnav23/labs/lab4/install/mav_planning_msgs/include/mav_planning_msgs/mav_planning_msgs/msg/detail/polygon2_d__rosidl_typesupport_fastrtps_c.h
[0.881s] -- Up-to-date symlink: /home/aimane/vnav23/labs/lab4/install/mav_planning_msgs/include/mav_planning_msgs/mav_planning_msgs/msg/detail/polygon_with_holes__rosidl_typesupport_fastrtps_c.h
[0.881s] -- Up-to-date symlink: /home/aimane/vnav23/labs/lab4/install/mav_planning_msgs/include/mav_planning_msgs/mav_planning_msgs/msg/detail/polygon_with_holes_stamped__rosidl_typesupport_fastrtps_c.h
[0.881s] -- Up-to-date symlink: /home/aimane/vnav23/labs/lab4/install/mav_planning_msgs/include/mav_planning_msgs/mav_planning_msgs/msg/detail/polynomial_segment4_d__rosidl_typesupport_fastrtps_c.h
[0.882s] -- Up-to-date symlink: /home/aimane/vnav23/labs/lab4/install/mav_planning_msgs/include/mav_planning_msgs/mav_planning_msgs/msg/detail/polynomial_segment__rosidl_typesupport_fastrtps_c.h
[0.882s] -- Up-to-date symlink: /home/aimane/vnav23/labs/lab4/install/mav_planning_msgs/include/mav_planning_msgs/mav_planning_msgs/msg/detail/polynomial_trajectory4_d__rosidl_typesupport_fastrtps_c.h
[0.882s] -- Up-to-date symlink: /home/aimane/vnav23/labs/lab4/install/mav_planning_msgs/include/mav_planning_msgs/mav_planning_msgs/msg/detail/polynomial_trajectory__rosidl_typesupport_fastrtps_c.h
[0.883s] -- Up-to-date symlink: /home/aimane/vnav23/labs/lab4/install/mav_planning_msgs/include/mav_planning_msgs/mav_planning_msgs/msg/rosidl_typesupport_fastrtps_c__visibility_control.h
[0.883s] -- Up-to-date symlink: /home/aimane/vnav23/labs/lab4/install/mav_planning_msgs/include/mav_planning_msgs/mav_planning_msgs/srv/detail/change_name_service__rosidl_typesupport_fastrtps_c.h
[0.883s] -- Up-to-date symlink: /home/aimane/vnav23/labs/lab4/install/mav_planning_msgs/include/mav_planning_msgs/mav_planning_msgs/srv/detail/planner_service__rosidl_typesupport_fastrtps_c.h
[0.883s] -- Up-to-date symlink: /home/aimane/vnav23/labs/lab4/install/mav_planning_msgs/include/mav_planning_msgs/mav_planning_msgs/srv/detail/polygon_service__rosidl_typesupport_fastrtps_c.h
[0.885s] -- Up-to-date symlink: /home/aimane/vnav23/labs/lab4/install/mav_planning_msgs/include/mav_planning_msgs/mav_planning_msgs/msg/detail/point2_d__rosidl_typesupport_introspection_c.h
[0.885s] -- Up-to-date symlink: /home/aimane/vnav23/labs/lab4/install/mav_planning_msgs/include/mav_planning_msgs/mav_planning_msgs/msg/detail/point_cloud_with_pose__rosidl_typesupport_introspection_c.h
[0.885s] -- Up-to-date symlink: /home/aimane/vnav23/labs/lab4/install/mav_planning_msgs/include/mav_planning_msgs/mav_planning_msgs/msg/detail/polygon2_d__rosidl_typesupport_introspection_c.h
[0.886s] -- Up-to-date symlink: /home/aimane/vnav23/labs/lab4/install/mav_planning_msgs/include/mav_planning_msgs/mav_planning_msgs/msg/detail/polygon_with_holes__rosidl_typesupport_introspection_c.h
[0.886s] -- Up-to-date symlink: /home/aimane/vnav23/labs/lab4/install/mav_planning_msgs/include/mav_planning_msgs/mav_planning_msgs/msg/detail/polygon_with_holes_stamped__rosidl_typesupport_introspection_c.h
[0.886s] -- Up-to-date symlink: /home/aimane/vnav23/labs/lab4/install/mav_planning_msgs/include/mav_planning_msgs/mav_planning_msgs/msg/detail/polynomial_segment4_d__rosidl_typesupport_introspection_c.h
[0.887s] -- Up-to-date symlink: /home/aimane/vnav23/labs/lab4/install/mav_planning_msgs/include/mav_planning_msgs/mav_planning_msgs/msg/detail/polynomial_segment__rosidl_typesupport_introspection_c.h
[0.887s] -- Up-to-date symlink: /home/aimane/vnav23/labs/lab4/install/mav_planning_msgs/include/mav_planning_msgs/mav_planning_msgs/msg/detail/polynomial_trajectory4_d__rosidl_typesupport_introspection_c.h
[0.887s] -- Up-to-date symlink: /home/aimane/vnav23/labs/lab4/install/mav_planning_msgs/include/mav_planning_msgs/mav_planning_msgs/msg/detail/polynomial_trajectory__rosidl_typesupport_introspection_c.h
[0.887s] -- Up-to-date symlink: /home/aimane/vnav23/labs/lab4/install/mav_planning_msgs/include/mav_planning_msgs/mav_planning_msgs/msg/rosidl_typesupport_introspection_c__visibility_control.h
[0.888s] -- Up-to-date symlink: /home/aimane/vnav23/labs/lab4/install/mav_planning_msgs/include/mav_planning_msgs/mav_planning_msgs/srv/detail/change_name_service__rosidl_typesupport_introspection_c.h
[0.888s] -- Up-to-date symlink: /home/aimane/vnav23/labs/lab4/install/mav_planning_msgs/include/mav_planning_msgs/mav_planning_msgs/srv/detail/planner_service__rosidl_typesupport_introspection_c.h
[0.889s] -- Up-to-date symlink: /home/aimane/vnav23/labs/lab4/install/mav_planning_msgs/include/mav_planning_msgs/mav_planning_msgs/srv/detail/polygon_service__rosidl_typesupport_introspection_c.h
[0.891s] -- Up-to-date symlink: /home/aimane/vnav23/labs/lab4/install/mav_planning_msgs/include/mav_planning_msgs/mav_planning_msgs/msg/detail/point2_d__builder.hpp
[0.891s] -- Up-to-date symlink: /home/aimane/vnav23/labs/lab4/install/mav_planning_msgs/include/mav_planning_msgs/mav_planning_msgs/msg/detail/point2_d__struct.hpp
[0.892s] -- Up-to-date symlink: /home/aimane/vnav23/labs/lab4/install/mav_planning_msgs/include/mav_planning_msgs/mav_planning_msgs/msg/detail/point2_d__traits.hpp
[0.892s] -- Up-to-date symlink: /home/aimane/vnav23/labs/lab4/install/mav_planning_msgs/include/mav_planning_msgs/mav_planning_msgs/msg/detail/point2_d__type_support.hpp
[0.892s] -- Up-to-date symlink: /home/aimane/vnav23/labs/lab4/install/mav_planning_msgs/include/mav_planning_msgs/mav_planning_msgs/msg/detail/point_cloud_with_pose__builder.hpp
[0.892s] -- Up-to-date symlink: /home/aimane/vnav23/labs/lab4/install/mav_planning_msgs/include/mav_planning_msgs/mav_planning_msgs/msg/detail/point_cloud_with_pose__struct.hpp
[0.893s] -- Up-to-date symlink: /home/aimane/vnav23/labs/lab4/install/mav_planning_msgs/include/mav_planning_msgs/mav_planning_msgs/msg/detail/point_cloud_with_pose__traits.hpp
[0.893s] -- Up-to-date symlink: /home/aimane/vnav23/labs/lab4/install/mav_planning_msgs/include/mav_planning_msgs/mav_planning_msgs/msg/detail/point_cloud_with_pose__type_support.hpp
[0.893s] -- Up-to-date symlink: /home/aimane/vnav23/labs/lab4/install/mav_planning_msgs/include/mav_planning_msgs/mav_planning_msgs/msg/detail/polygon2_d__builder.hpp
[0.894s] -- Up-to-date symlink: /home/aimane/vnav23/labs/lab4/install/mav_planning_msgs/include/mav_planning_msgs/mav_planning_msgs/msg/detail/polygon2_d__struct.hpp
[0.894s] -- Up-to-date symlink: /home/aimane/vnav23/labs/lab4/install/mav_planning_msgs/include/mav_planning_msgs/mav_planning_msgs/msg/detail/polygon2_d__traits.hpp
[0.894s] -- Up-to-date symlink: /home/aimane/vnav23/labs/lab4/install/mav_planning_msgs/include/mav_planning_msgs/mav_planning_msgs/msg/detail/polygon2_d__type_support.hpp
[0.894s] -- Up-to-date symlink: /home/aimane/vnav23/labs/lab4/install/mav_planning_msgs/include/mav_planning_msgs/mav_planning_msgs/msg/detail/polygon_with_holes__builder.hpp
[0.895s] -- Up-to-date symlink: /home/aimane/vnav23/labs/lab4/install/mav_planning_msgs/include/mav_planning_msgs/mav_planning_msgs/msg/detail/polygon_with_holes__struct.hpp
[0.895s] -- Up-to-date symlink: /home/aimane/vnav23/labs/lab4/install/mav_planning_msgs/include/mav_planning_msgs/mav_planning_msgs/msg/detail/polygon_with_holes__traits.hpp
[0.895s] -- Up-to-date symlink: /home/aimane/vnav23/labs/lab4/install/mav_planning_msgs/include/mav_planning_msgs/mav_planning_msgs/msg/detail/polygon_with_holes__type_support.hpp
[0.896s] -- Up-to-date symlink: /home/aimane/vnav23/labs/lab4/install/mav_planning_msgs/include/mav_planning_msgs/mav_planning_msgs/msg/detail/polygon_with_holes_stamped__builder.hpp
[0.896s] -- Up-to-date symlink: /home/aimane/vnav23/labs/lab4/install/mav_planning_msgs/include/mav_planning_msgs/mav_planning_msgs/msg/detail/polygon_with_holes_stamped__struct.hpp
[0.896s] -- Up-to-date symlink: /home/aimane/vnav23/labs/lab4/install/mav_planning_msgs/include/mav_planning_msgs/mav_planning_msgs/msg/detail/polygon_with_holes_stamped__traits.hpp
[0.896s] -- Up-to-date symlink: /home/aimane/vnav23/labs/lab4/install/mav_planning_msgs/include/mav_planning_msgs/mav_planning_msgs/msg/detail/polygon_with_holes_stamped__type_support.hpp
[0.897s] -- Up-to-date symlink: /home/aimane/vnav23/labs/lab4/install/mav_planning_msgs/include/mav_planning_msgs/mav_planning_msgs/msg/detail/polynomial_segment4_d__builder.hpp
[0.897s] -- Up-to-date symlink: /home/aimane/vnav23/labs/lab4/install/mav_planning_msgs/include/mav_planning_msgs/mav_planning_msgs/msg/detail/polynomial_segment4_d__struct.hpp
[0.897s] -- Up-to-date symlink: /home/aimane/vnav23/labs/lab4/install/mav_planning_msgs/include/mav_planning_msgs/mav_planning_msgs/msg/detail/polynomial_segment4_d__traits.hpp
[0.898s] -- Up-to-date symlink: /home/aimane/vnav23/labs/lab4/install/mav_planning_msgs/include/mav_planning_msgs/mav_planning_msgs/msg/detail/polynomial_segment4_d__type_support.hpp
[0.898s] -- Up-to-date symlink: /home/aimane/vnav23/labs/lab4/install/mav_planning_msgs/include/mav_planning_msgs/mav_planning_msgs/msg/detail/polynomial_segment__builder.hpp
[0.898s] -- Up-to-date symlink: /home/aimane/vnav23/labs/lab4/install/mav_planning_msgs/include/mav_planning_msgs/mav_planning_msgs/msg/detail/polynomial_segment__struct.hpp
[0.898s] -- Up-to-date symlink: /home/aimane/vnav23/labs/lab4/install/mav_planning_msgs/include/mav_planning_msgs/mav_planning_msgs/msg/detail/polynomial_segment__traits.hpp
[0.899s] -- Up-to-date symlink: /home/aimane/vnav23/labs/lab4/install/mav_planning_msgs/include/mav_planning_msgs/mav_planning_msgs/msg/detail/polynomial_segment__type_support.hpp
[0.899s] -- Up-to-date symlink: /home/aimane/vnav23/labs/lab4/install/mav_planning_msgs/include/mav_planning_msgs/mav_planning_msgs/msg/detail/polynomial_trajectory4_d__builder.hpp
[0.899s] -- Up-to-date symlink: /home/aimane/vnav23/labs/lab4/install/mav_planning_msgs/include/mav_planning_msgs/mav_planning_msgs/msg/detail/polynomial_trajectory4_d__struct.hpp
[0.899s] -- Up-to-date symlink: /home/aimane/vnav23/labs/lab4/install/mav_planning_msgs/include/mav_planning_msgs/mav_planning_msgs/msg/detail/polynomial_trajectory4_d__traits.hpp
[0.900s] -- Up-to-date symlink: /home/aimane/vnav23/labs/lab4/install/mav_planning_msgs/include/mav_planning_msgs/mav_planning_msgs/msg/detail/polynomial_trajectory4_d__type_support.hpp
[0.900s] -- Up-to-date symlink: /home/aimane/vnav23/labs/lab4/install/mav_planning_msgs/include/mav_planning_msgs/mav_planning_msgs/msg/detail/polynomial_trajectory__builder.hpp
[0.900s] -- Up-to-date symlink: /home/aimane/vnav23/labs/lab4/install/mav_planning_msgs/include/mav_planning_msgs/mav_planning_msgs/msg/detail/polynomial_trajectory__struct.hpp
[0.901s] -- Up-to-date symlink: /home/aimane/vnav23/labs/lab4/install/mav_planning_msgs/include/mav_planning_msgs/mav_planning_msgs/msg/detail/polynomial_trajectory__traits.hpp
[0.901s] -- Up-to-date symlink: /home/aimane/vnav23/labs/lab4/install/mav_planning_msgs/include/mav_planning_msgs/mav_planning_msgs/msg/detail/polynomial_trajectory__type_support.hpp
[0.901s] -- Up-to-date symlink: /home/aimane/vnav23/labs/lab4/install/mav_planning_msgs/include/mav_planning_msgs/mav_planning_msgs/msg/point2_d.hpp
[0.901s] -- Up-to-date symlink: /home/aimane/vnav23/labs/lab4/install/mav_planning_msgs/include/mav_planning_msgs/mav_planning_msgs/msg/point_cloud_with_pose.hpp
[0.902s] -- Up-to-date symlink: /home/aimane/vnav23/labs/lab4/install/mav_planning_msgs/include/mav_planning_msgs/mav_planning_msgs/msg/polygon2_d.hpp
[0.902s] -- Up-to-date symlink: /home/aimane/vnav23/labs/lab4/install/mav_planning_msgs/include/mav_planning_msgs/mav_planning_msgs/msg/polygon_with_holes.hpp
[0.902s] -- Up-to-date symlink: /home/aimane/vnav23/labs/lab4/install/mav_planning_msgs/include/mav_planning_msgs/mav_planning_msgs/msg/polygon_with_holes_stamped.hpp
[0.902s] -- Up-to-date symlink: /home/aimane/vnav23/labs/lab4/install/mav_planning_msgs/include/mav_planning_msgs/mav_planning_msgs/msg/polynomial_segment.hpp
[0.903s] -- Up-to-date symlink: /home/aimane/vnav23/labs/lab4/install/mav_planning_msgs/include/mav_planning_msgs/mav_planning_msgs/msg/polynomial_segment4_d.hpp
[0.903s] -- Up-to-date symlink: /home/aimane/vnav23/labs/lab4/install/mav_planning_msgs/include/mav_planning_msgs/mav_planning_msgs/msg/polynomial_trajectory.hpp
[0.903s] -- Up-to-date symlink: /home/aimane/vnav23/labs/lab4/install/mav_planning_msgs/include/mav_planning_msgs/mav_planning_msgs/msg/polynomial_trajectory4_d.hpp
[0.903s] -- Up-to-date symlink: /home/aimane/vnav23/labs/lab4/install/mav_planning_msgs/include/mav_planning_msgs/mav_planning_msgs/msg/rosidl_generator_cpp__visibility_control.hpp
[0.904s] -- Up-to-date symlink: /home/aimane/vnav23/labs/lab4/install/mav_planning_msgs/include/mav_planning_msgs/mav_planning_msgs/srv/change_name_service.hpp
[0.904s] -- Up-to-date symlink: /home/aimane/vnav23/labs/lab4/install/mav_planning_msgs/include/mav_planning_msgs/mav_planning_msgs/srv/detail/change_name_service__builder.hpp
[0.904s] -- Up-to-date symlink: /home/aimane/vnav23/labs/lab4/install/mav_planning_msgs/include/mav_planning_msgs/mav_planning_msgs/srv/detail/change_name_service__struct.hpp
[0.904s] -- Up-to-date symlink: /home/aimane/vnav23/labs/lab4/install/mav_planning_msgs/include/mav_planning_msgs/mav_planning_msgs/srv/detail/change_name_service__traits.hpp
[0.905s] -- Up-to-date symlink: /home/aimane/vnav23/labs/lab4/install/mav_planning_msgs/include/mav_planning_msgs/mav_planning_msgs/srv/detail/change_name_service__type_support.hpp
[0.905s] -- Up-to-date symlink: /home/aimane/vnav23/labs/lab4/install/mav_planning_msgs/include/mav_planning_msgs/mav_planning_msgs/srv/detail/planner_service__builder.hpp
[0.905s] -- Up-to-date symlink: /home/aimane/vnav23/labs/lab4/install/mav_planning_msgs/include/mav_planning_msgs/mav_planning_msgs/srv/detail/planner_service__struct.hpp
[0.906s] -- Up-to-date symlink: /home/aimane/vnav23/labs/lab4/install/mav_planning_msgs/include/mav_planning_msgs/mav_planning_msgs/srv/detail/planner_service__traits.hpp
[0.906s] -- Up-to-date symlink: /home/aimane/vnav23/labs/lab4/install/mav_planning_msgs/include/mav_planning_msgs/mav_planning_msgs/srv/detail/planner_service__type_support.hpp
[0.906s] -- Up-to-date symlink: /home/aimane/vnav23/labs/lab4/install/mav_planning_msgs/include/mav_planning_msgs/mav_planning_msgs/srv/detail/polygon_service__builder.hpp
[0.906s] -- Up-to-date symlink: /home/aimane/vnav23/labs/lab4/install/mav_planning_msgs/include/mav_planning_msgs/mav_planning_msgs/srv/detail/polygon_service__struct.hpp
[0.907s] -- Up-to-date symlink: /home/aimane/vnav23/labs/lab4/install/mav_planning_msgs/include/mav_planning_msgs/mav_planning_msgs/srv/detail/polygon_service__traits.hpp
[0.907s] -- Up-to-date symlink: /home/aimane/vnav23/labs/lab4/install/mav_planning_msgs/include/mav_planning_msgs/mav_planning_msgs/srv/detail/polygon_service__type_support.hpp
[0.907s] -- Up-to-date symlink: /home/aimane/vnav23/labs/lab4/install/mav_planning_msgs/include/mav_planning_msgs/mav_planning_msgs/srv/planner_service.hpp
[0.908s] -- Up-to-date symlink: /home/aimane/vnav23/labs/lab4/install/mav_planning_msgs/include/mav_planning_msgs/mav_planning_msgs/srv/polygon_service.hpp
[0.910s] -- Up-to-date symlink: /home/aimane/vnav23/labs/lab4/install/mav_planning_msgs/include/mav_planning_msgs/mav_planning_msgs/msg/detail/point2_d__rosidl_typesupport_fastrtps_cpp.hpp
[0.910s] -- Up-to-date symlink: /home/aimane/vnav23/labs/lab4/install/mav_planning_msgs/include/mav_planning_msgs/mav_planning_msgs/msg/detail/point_cloud_with_pose__rosidl_typesupport_fastrtps_cpp.hpp
[0.910s] -- Up-to-date symlink: /home/aimane/vnav23/labs/lab4/install/mav_planning_msgs/include/mav_planning_msgs/mav_planning_msgs/msg/detail/polygon2_d__rosidl_typesupport_fastrtps_cpp.hpp
[0.911s] -- Up-to-date symlink: /home/aimane/vnav23/labs/lab4/install/mav_planning_msgs/include/mav_planning_msgs/mav_planning_msgs/msg/detail/polygon_with_holes__rosidl_typesupport_fastrtps_cpp.hpp
[0.911s] -- Up-to-date symlink: /home/aimane/vnav23/labs/lab4/install/mav_planning_msgs/include/mav_planning_msgs/mav_planning_msgs/msg/detail/polygon_with_holes_stamped__rosidl_typesupport_fastrtps_cpp.hpp
[0.911s] -- Up-to-date symlink: /home/aimane/vnav23/labs/lab4/install/mav_planning_msgs/include/mav_planning_msgs/mav_planning_msgs/msg/detail/polynomial_segment4_d__rosidl_typesupport_fastrtps_cpp.hpp
[0.911s] -- Up-to-date symlink: /home/aimane/vnav23/labs/lab4/install/mav_planning_msgs/include/mav_planning_msgs/mav_planning_msgs/msg/detail/polynomial_segment__rosidl_typesupport_fastrtps_cpp.hpp
[0.912s] -- Up-to-date symlink: /home/aimane/vnav23/labs/lab4/install/mav_planning_msgs/include/mav_planning_msgs/mav_planning_msgs/msg/detail/polynomial_trajectory4_d__rosidl_typesupport_fastrtps_cpp.hpp
[0.912s] -- Up-to-date symlink: /home/aimane/vnav23/labs/lab4/install/mav_planning_msgs/include/mav_planning_msgs/mav_planning_msgs/msg/detail/polynomial_trajectory__rosidl_typesupport_fastrtps_cpp.hpp
[0.912s] -- Up-to-date symlink: /home/aimane/vnav23/labs/lab4/install/mav_planning_msgs/include/mav_planning_msgs/mav_planning_msgs/msg/rosidl_typesupport_fastrtps_cpp__visibility_control.h
[0.912s] -- Up-to-date symlink: /home/aimane/vnav23/labs/lab4/install/mav_planning_msgs/include/mav_planning_msgs/mav_planning_msgs/srv/detail/change_name_service__rosidl_typesupport_fastrtps_cpp.hpp
[0.913s] -- Up-to-date symlink: /home/aimane/vnav23/labs/lab4/install/mav_planning_msgs/include/mav_planning_msgs/mav_planning_msgs/srv/detail/planner_service__rosidl_typesupport_fastrtps_cpp.hpp
[0.913s] -- Up-to-date symlink: /home/aimane/vnav23/labs/lab4/install/mav_planning_msgs/include/mav_planning_msgs/mav_planning_msgs/srv/detail/polygon_service__rosidl_typesupport_fastrtps_cpp.hpp
[0.914s] -- Up-to-date symlink: /home/aimane/vnav23/labs/lab4/install/mav_planning_msgs/include/mav_planning_msgs/mav_planning_msgs/msg/detail/point2_d__rosidl_typesupport_introspection_cpp.hpp
[0.915s] -- Up-to-date symlink: /home/aimane/vnav23/labs/lab4/install/mav_planning_msgs/include/mav_planning_msgs/mav_planning_msgs/msg/detail/point_cloud_with_pose__rosidl_typesupport_introspection_cpp.hpp
[0.915s] -- Up-to-date symlink: /home/aimane/vnav23/labs/lab4/install/mav_planning_msgs/include/mav_planning_msgs/mav_planning_msgs/msg/detail/polygon2_d__rosidl_typesupport_introspection_cpp.hpp
[0.915s] -- Up-to-date symlink: /home/aimane/vnav23/labs/lab4/install/mav_planning_msgs/include/mav_planning_msgs/mav_planning_msgs/msg/detail/polygon_with_holes__rosidl_typesupport_introspection_cpp.hpp
[0.915s] -- Up-to-date symlink: /home/aimane/vnav23/labs/lab4/install/mav_planning_msgs/include/mav_planning_msgs/mav_planning_msgs/msg/detail/polygon_with_holes_stamped__rosidl_typesupport_introspection_cpp.hpp
[0.916s] -- Up-to-date symlink: /home/aimane/vnav23/labs/lab4/install/mav_planning_msgs/include/mav_planning_msgs/mav_planning_msgs/msg/detail/polynomial_segment4_d__rosidl_typesupport_introspection_cpp.hpp
[0.916s] -- Up-to-date symlink: /home/aimane/vnav23/labs/lab4/install/mav_planning_msgs/include/mav_planning_msgs/mav_planning_msgs/msg/detail/polynomial_segment__rosidl_typesupport_introspection_cpp.hpp
[0.916s] -- Up-to-date symlink: /home/aimane/vnav23/labs/lab4/install/mav_planning_msgs/include/mav_planning_msgs/mav_planning_msgs/msg/detail/polynomial_trajectory4_d__rosidl_typesupport_introspection_cpp.hpp
[0.916s] -- Up-to-date symlink: /home/aimane/vnav23/labs/lab4/install/mav_planning_msgs/include/mav_planning_msgs/mav_planning_msgs/msg/detail/polynomial_trajectory__rosidl_typesupport_introspection_cpp.hpp
[0.917s] -- Up-to-date symlink: /home/aimane/vnav23/labs/lab4/install/mav_planning_msgs/include/mav_planning_msgs/mav_planning_msgs/srv/detail/change_name_service__rosidl_typesupport_introspection_cpp.hpp
[0.917s] -- Up-to-date symlink: /home/aimane/vnav23/labs/lab4/install/mav_planning_msgs/include/mav_planning_msgs/mav_planning_msgs/srv/detail/planner_service__rosidl_typesupport_introspection_cpp.hpp
[0.917s] -- Up-to-date symlink: /home/aimane/vnav23/labs/lab4/install/mav_planning_msgs/include/mav_planning_msgs/mav_planning_msgs/srv/detail/polygon_service__rosidl_typesupport_introspection_cpp.hpp
[0.918s] -- Up-to-date symlink: /home/aimane/vnav23/labs/lab4/install/mav_planning_msgs/share/mav_planning_msgs/environment/pythonpath.sh
[0.918s] -- Up-to-date symlink: /home/aimane/vnav23/labs/lab4/install/mav_planning_msgs/share/mav_planning_msgs/environment/pythonpath.dsv
[0.919s] -- Up-to-date symlink: /home/aimane/vnav23/labs/lab4/install/mav_planning_msgs/local/lib/python3.10/dist-packages/mav_planning_msgs-3.3.3-py3.10.egg-info/PKG-INFO
[0.919s] -- Up-to-date symlink: /home/aimane/vnav23/labs/lab4/install/mav_planning_msgs/local/lib/python3.10/dist-packages/mav_planning_msgs-3.3.3-py3.10.egg-info/SOURCES.txt
[0.919s] -- Up-to-date symlink: /home/aimane/vnav23/labs/lab4/install/mav_planning_msgs/local/lib/python3.10/dist-packages/mav_planning_msgs-3.3.3-py3.10.egg-info/dependency_links.txt
[0.919s] -- Up-to-date symlink: /home/aimane/vnav23/labs/lab4/install/mav_planning_msgs/local/lib/python3.10/dist-packages/mav_planning_msgs-3.3.3-py3.10.egg-info/top_level.txt
[0.922s] -- Up-to-date symlink: /home/aimane/vnav23/labs/lab4/install/mav_planning_msgs/local/lib/python3.10/dist-packages/mav_planning_msgs/__init__.py
[0.923s] -- Up-to-date symlink: /home/aimane/vnav23/labs/lab4/install/mav_planning_msgs/local/lib/python3.10/dist-packages/mav_planning_msgs/_mav_planning_msgs_s.ep.rosidl_typesupport_c.c
[0.923s] -- Up-to-date symlink: /home/aimane/vnav23/labs/lab4/install/mav_planning_msgs/local/lib/python3.10/dist-packages/mav_planning_msgs/_mav_planning_msgs_s.ep.rosidl_typesupport_fastrtps_c.c
[0.923s] -- Up-to-date symlink: /home/aimane/vnav23/labs/lab4/install/mav_planning_msgs/local/lib/python3.10/dist-packages/mav_planning_msgs/_mav_planning_msgs_s.ep.rosidl_typesupport_introspection_c.c
[0.923s] -- Up-to-date symlink: /home/aimane/vnav23/labs/lab4/install/mav_planning_msgs/local/lib/python3.10/dist-packages/mav_planning_msgs/libmav_planning_msgs__rosidl_generator_py.so
[0.924s] -- Up-to-date symlink: /home/aimane/vnav23/labs/lab4/install/mav_planning_msgs/local/lib/python3.10/dist-packages/mav_planning_msgs/mav_planning_msgs_s__rosidl_typesupport_c.cpython-310-x86_64-linux-gnu.so
[0.924s] -- Up-to-date symlink: /home/aimane/vnav23/labs/lab4/install/mav_planning_msgs/local/lib/python3.10/dist-packages/mav_planning_msgs/mav_planning_msgs_s__rosidl_typesupport_fastrtps_c.cpython-310-x86_64-linux-gnu.so
[0.924s] -- Up-to-date symlink: /home/aimane/vnav23/labs/lab4/install/mav_planning_msgs/local/lib/python3.10/dist-packages/mav_planning_msgs/mav_planning_msgs_s__rosidl_typesupport_introspection_c.cpython-310-x86_64-linux-gnu.so
[0.924s] -- Up-to-date symlink: /home/aimane/vnav23/labs/lab4/install/mav_planning_msgs/local/lib/python3.10/dist-packages/mav_planning_msgs/msg/__init__.py
[0.925s] -- Up-to-date symlink: /home/aimane/vnav23/labs/lab4/install/mav_planning_msgs/local/lib/python3.10/dist-packages/mav_planning_msgs/msg/_point2_d.py
[0.925s] -- Up-to-date symlink: /home/aimane/vnav23/labs/lab4/install/mav_planning_msgs/local/lib/python3.10/dist-packages/mav_planning_msgs/msg/_point2_d_s.c
[0.925s] -- Up-to-date symlink: /home/aimane/vnav23/labs/lab4/install/mav_planning_msgs/local/lib/python3.10/dist-packages/mav_planning_msgs/msg/_point_cloud_with_pose.py
[0.925s] -- Up-to-date symlink: /home/aimane/vnav23/labs/lab4/install/mav_planning_msgs/local/lib/python3.10/dist-packages/mav_planning_msgs/msg/_point_cloud_with_pose_s.c
[0.926s] -- Up-to-date symlink: /home/aimane/vnav23/labs/lab4/install/mav_planning_msgs/local/lib/python3.10/dist-packages/mav_planning_msgs/msg/_polygon2_d.py
[0.926s] -- Up-to-date symlink: /home/aimane/vnav23/labs/lab4/install/mav_planning_msgs/local/lib/python3.10/dist-packages/mav_planning_msgs/msg/_polygon2_d_s.c
[0.926s] -- Up-to-date symlink: /home/aimane/vnav23/labs/lab4/install/mav_planning_msgs/local/lib/python3.10/dist-packages/mav_planning_msgs/msg/_polygon_with_holes.py
[0.927s] -- Up-to-date symlink: /home/aimane/vnav23/labs/lab4/install/mav_planning_msgs/local/lib/python3.10/dist-packages/mav_planning_msgs/msg/_polygon_with_holes_s.c
[0.927s] -- Up-to-date symlink: /home/aimane/vnav23/labs/lab4/install/mav_planning_msgs/local/lib/python3.10/dist-packages/mav_planning_msgs/msg/_polygon_with_holes_stamped.py
[0.927s] -- Up-to-date symlink: /home/aimane/vnav23/labs/lab4/install/mav_planning_msgs/local/lib/python3.10/dist-packages/mav_planning_msgs/msg/_polygon_with_holes_stamped_s.c
[0.927s] -- Up-to-date symlink: /home/aimane/vnav23/labs/lab4/install/mav_planning_msgs/local/lib/python3.10/dist-packages/mav_planning_msgs/msg/_polynomial_segment.py
[0.928s] -- Up-to-date symlink: /home/aimane/vnav23/labs/lab4/install/mav_planning_msgs/local/lib/python3.10/dist-packages/mav_planning_msgs/msg/_polynomial_segment4_d.py
[0.928s] -- Up-to-date symlink: /home/aimane/vnav23/labs/lab4/install/mav_planning_msgs/local/lib/python3.10/dist-packages/mav_planning_msgs/msg/_polynomial_segment4_d_s.c
[0.928s] -- Up-to-date symlink: /home/aimane/vnav23/labs/lab4/install/mav_planning_msgs/local/lib/python3.10/dist-packages/mav_planning_msgs/msg/_polynomial_segment_s.c
[0.928s] -- Up-to-date symlink: /home/aimane/vnav23/labs/lab4/install/mav_planning_msgs/local/lib/python3.10/dist-packages/mav_planning_msgs/msg/_polynomial_trajectory.py
[0.929s] -- Up-to-date symlink: /home/aimane/vnav23/labs/lab4/install/mav_planning_msgs/local/lib/python3.10/dist-packages/mav_planning_msgs/msg/_polynomial_trajectory4_d.py
[0.929s] -- Up-to-date symlink: /home/aimane/vnav23/labs/lab4/install/mav_planning_msgs/local/lib/python3.10/dist-packages/mav_planning_msgs/msg/_polynomial_trajectory4_d_s.c
[0.929s] -- Up-to-date symlink: /home/aimane/vnav23/labs/lab4/install/mav_planning_msgs/local/lib/python3.10/dist-packages/mav_planning_msgs/msg/_polynomial_trajectory_s.c
[0.929s] -- Up-to-date symlink: /home/aimane/vnav23/labs/lab4/install/mav_planning_msgs/local/lib/python3.10/dist-packages/mav_planning_msgs/srv/__init__.py
[0.930s] -- Up-to-date symlink: /home/aimane/vnav23/labs/lab4/install/mav_planning_msgs/local/lib/python3.10/dist-packages/mav_planning_msgs/srv/_change_name_service.py
[0.930s] -- Up-to-date symlink: /home/aimane/vnav23/labs/lab4/install/mav_planning_msgs/local/lib/python3.10/dist-packages/mav_planning_msgs/srv/_change_name_service_s.c
[0.930s] -- Up-to-date symlink: /home/aimane/vnav23/labs/lab4/install/mav_planning_msgs/local/lib/python3.10/dist-packages/mav_planning_msgs/srv/_planner_service.py
[0.931s] -- Up-to-date symlink: /home/aimane/vnav23/labs/lab4/install/mav_planning_msgs/local/lib/python3.10/dist-packages/mav_planning_msgs/srv/_planner_service_s.c
[0.931s] -- Up-to-date symlink: /home/aimane/vnav23/labs/lab4/install/mav_planning_msgs/local/lib/python3.10/dist-packages/mav_planning_msgs/srv/_polygon_service.py
[0.931s] -- Up-to-date symlink: /home/aimane/vnav23/labs/lab4/install/mav_planning_msgs/local/lib/python3.10/dist-packages/mav_planning_msgs/srv/_polygon_service_s.c
[0.932s] -- Up-to-date symlink: /home/aimane/vnav23/labs/lab4/install/mav_planning_msgs/local/lib/python3.10/dist-packages/mav_planning_msgs/mav_planning_msgs_s__rosidl_typesupport_fastrtps_c.cpython-310-x86_64-linux-gnu.so
[0.932s] -- Up-to-date symlink: /home/aimane/vnav23/labs/lab4/install/mav_planning_msgs/local/lib/python3.10/dist-packages/mav_planning_msgs/mav_planning_msgs_s__rosidl_typesupport_introspection_c.cpython-310-x86_64-linux-gnu.so
[0.933s] -- Up-to-date symlink: /home/aimane/vnav23/labs/lab4/install/mav_planning_msgs/local/lib/python3.10/dist-packages/mav_planning_msgs/mav_planning_msgs_s__rosidl_typesupport_c.cpython-310-x86_64-linux-gnu.so
[0.933s] -- Up-to-date symlink: /home/aimane/vnav23/labs/lab4/install/mav_planning_msgs/share/mav_planning_msgs/msg/Point2D.idl
[0.933s] -- Up-to-date symlink: /home/aimane/vnav23/labs/lab4/install/mav_planning_msgs/share/mav_planning_msgs/msg/PointCloudWithPose.idl
[0.934s] -- Up-to-date symlink: /home/aimane/vnav23/labs/lab4/install/mav_planning_msgs/share/mav_planning_msgs/msg/Polygon2D.idl
[0.934s] -- Up-to-date symlink: /home/aimane/vnav23/labs/lab4/install/mav_planning_msgs/share/mav_planning_msgs/msg/PolygonWithHoles.idl
[0.934s] -- Up-to-date symlink: /home/aimane/vnav23/labs/lab4/install/mav_planning_msgs/share/mav_planning_msgs/msg/PolygonWithHolesStamped.idl
[0.935s] -- Up-to-date symlink: /home/aimane/vnav23/labs/lab4/install/mav_planning_msgs/share/mav_planning_msgs/msg/PolynomialSegment.idl
[0.935s] -- Up-to-date symlink: /home/aimane/vnav23/labs/lab4/install/mav_planning_msgs/share/mav_planning_msgs/msg/PolynomialSegment4D.idl
[0.935s] -- Up-to-date symlink: /home/aimane/vnav23/labs/lab4/install/mav_planning_msgs/share/mav_planning_msgs/msg/PolynomialTrajectory.idl
[0.936s] -- Up-to-date symlink: /home/aimane/vnav23/labs/lab4/install/mav_planning_msgs/share/mav_planning_msgs/msg/PolynomialTrajectory4D.idl
[0.936s] -- Up-to-date symlink: /home/aimane/vnav23/labs/lab4/install/mav_planning_msgs/share/mav_planning_msgs/srv/PlannerService.idl
[0.936s] -- Up-to-date symlink: /home/aimane/vnav23/labs/lab4/install/mav_planning_msgs/share/mav_planning_msgs/srv/PolygonService.idl
[0.936s] -- Up-to-date symlink: /home/aimane/vnav23/labs/lab4/install/mav_planning_msgs/share/mav_planning_msgs/srv/ChangeNameService.idl
[0.937s] -- Up-to-date symlink: /home/aimane/vnav23/labs/lab4/install/mav_planning_msgs/share/mav_planning_msgs/msg/Point2D.msg
[0.937s] -- Up-to-date symlink: /home/aimane/vnav23/labs/lab4/install/mav_planning_msgs/share/mav_planning_msgs/msg/PointCloudWithPose.msg
[0.937s] -- Up-to-date symlink: /home/aimane/vnav23/labs/lab4/install/mav_planning_msgs/share/mav_planning_msgs/msg/Polygon2D.msg
[0.938s] -- Up-to-date symlink: /home/aimane/vnav23/labs/lab4/install/mav_planning_msgs/share/mav_planning_msgs/msg/PolygonWithHoles.msg
[0.938s] -- Up-to-date symlink: /home/aimane/vnav23/labs/lab4/install/mav_planning_msgs/share/mav_planning_msgs/msg/PolygonWithHolesStamped.msg
[0.938s] -- Up-to-date symlink: /home/aimane/vnav23/labs/lab4/install/mav_planning_msgs/share/mav_planning_msgs/msg/PolynomialSegment.msg
[0.939s] -- Up-to-date symlink: /home/aimane/vnav23/labs/lab4/install/mav_planning_msgs/share/mav_planning_msgs/msg/PolynomialSegment4D.msg
[0.939s] -- Up-to-date symlink: /home/aimane/vnav23/labs/lab4/install/mav_planning_msgs/share/mav_planning_msgs/msg/PolynomialTrajectory.msg
[0.939s] -- Up-to-date symlink: /home/aimane/vnav23/labs/lab4/install/mav_planning_msgs/share/mav_planning_msgs/msg/PolynomialTrajectory4D.msg
[0.940s] -- Up-to-date symlink: /home/aimane/vnav23/labs/lab4/install/mav_planning_msgs/share/mav_planning_msgs/srv/PlannerService.srv
[0.940s] -- Up-to-date symlink: /home/aimane/vnav23/labs/lab4/install/mav_planning_msgs/share/mav_planning_msgs/srv/PlannerService_Request.msg
[0.940s] -- Up-to-date symlink: /home/aimane/vnav23/labs/lab4/install/mav_planning_msgs/share/mav_planning_msgs/srv/PlannerService_Response.msg
[0.941s] -- Up-to-date symlink: /home/aimane/vnav23/labs/lab4/install/mav_planning_msgs/share/mav_planning_msgs/srv/PolygonService.srv
[0.941s] -- Up-to-date symlink: /home/aimane/vnav23/labs/lab4/install/mav_planning_msgs/share/mav_planning_msgs/srv/PolygonService_Request.msg
[0.941s] -- Up-to-date symlink: /home/aimane/vnav23/labs/lab4/install/mav_planning_msgs/share/mav_planning_msgs/srv/PolygonService_Response.msg
[0.942s] -- Up-to-date symlink: /home/aimane/vnav23/labs/lab4/install/mav_planning_msgs/share/mav_planning_msgs/srv/ChangeNameService.srv
[0.942s] -- Up-to-date symlink: /home/aimane/vnav23/labs/lab4/install/mav_planning_msgs/share/mav_planning_msgs/srv/ChangeNameService_Request.msg
[0.942s] -- Up-to-date symlink: /home/aimane/vnav23/labs/lab4/install/mav_planning_msgs/share/mav_planning_msgs/srv/ChangeNameService_Response.msg
[0.943s] -- Up-to-date symlink: /home/aimane/vnav23/labs/lab4/install/mav_planning_msgs/share/ament_index/resource_index/package_run_dependencies/mav_planning_msgs
[0.943s] -- Up-to-date symlink: /home/aimane/vnav23/labs/lab4/install/mav_planning_msgs/share/ament_index/resource_index/parent_prefix_path/mav_planning_msgs
[0.943s] -- Up-to-date symlink: /home/aimane/vnav23/labs/lab4/install/mav_planning_msgs/share/mav_planning_msgs/environment/ament_prefix_path.sh
[0.944s] -- Up-to-date symlink: /home/aimane/vnav23/labs/lab4/install/mav_planning_msgs/share/mav_planning_msgs/environment/ament_prefix_path.dsv
[0.944s] -- Up-to-date symlink: /home/aimane/vnav23/labs/lab4/install/mav_planning_msgs/share/mav_planning_msgs/environment/path.sh
[0.944s] -- Up-to-date symlink: /home/aimane/vnav23/labs/lab4/install/mav_planning_msgs/share/mav_planning_msgs/environment/path.dsv
[0.944s] -- Up-to-date symlink: /home/aimane/vnav23/labs/lab4/install/mav_planning_msgs/share/mav_planning_msgs/local_setup.bash
[0.945s] -- Up-to-date symlink: /home/aimane/vnav23/labs/lab4/install/mav_planning_msgs/share/mav_planning_msgs/local_setup.sh
[0.945s] -- Up-to-date symlink: /home/aimane/vnav23/labs/lab4/install/mav_planning_msgs/share/mav_planning_msgs/local_setup.zsh
[0.945s] -- Up-to-date symlink: /home/aimane/vnav23/labs/lab4/install/mav_planning_msgs/share/mav_planning_msgs/local_setup.dsv
[0.946s] -- Symlinking: /home/aimane/vnav23/labs/lab4/install/mav_planning_msgs/share/mav_planning_msgs/package.dsv
[0.958s] -- Up-to-date symlink: /home/aimane/vnav23/labs/lab4/install/mav_planning_msgs/share/ament_index/resource_index/packages/mav_planning_msgs
[0.958s] -- Up-to-date symlink: /home/aimane/vnav23/labs/lab4/install/mav_planning_msgs/share/mav_planning_msgs/cmake/rosidl_cmake-extras.cmake
[0.958s] -- Up-to-date symlink: /home/aimane/vnav23/labs/lab4/install/mav_planning_msgs/share/mav_planning_msgs/cmake/ament_cmake_export_dependencies-extras.cmake
[0.958s] -- Up-to-date symlink: /home/aimane/vnav23/labs/lab4/install/mav_planning_msgs/share/mav_planning_msgs/cmake/ament_cmake_export_include_directories-extras.cmake
[0.959s] -- Up-to-date symlink: /home/aimane/vnav23/labs/lab4/install/mav_planning_msgs/share/mav_planning_msgs/cmake/ament_cmake_export_libraries-extras.cmake
[0.959s] -- Up-to-date symlink: /home/aimane/vnav23/labs/lab4/install/mav_planning_msgs/share/mav_planning_msgs/cmake/ament_cmake_export_targets-extras.cmake
[0.959s] -- Up-to-date symlink: /home/aimane/vnav23/labs/lab4/install/mav_planning_msgs/share/mav_planning_msgs/cmake/rosidl_cmake_export_typesupport_targets-extras.cmake
[0.960s] -- Up-to-date symlink: /home/aimane/vnav23/labs/lab4/install/mav_planning_msgs/share/mav_planning_msgs/cmake/rosidl_cmake_export_typesupport_libraries-extras.cmake
[0.960s] -- Up-to-date symlink: /home/aimane/vnav23/labs/lab4/install/mav_planning_msgs/share/mav_planning_msgs/cmake/mav_planning_msgsConfig.cmake
[0.960s] -- Up-to-date symlink: /home/aimane/vnav23/labs/lab4/install/mav_planning_msgs/share/mav_planning_msgs/cmake/mav_planning_msgsConfig-version.cmake
[0.961s] -- Up-to-date symlink: /home/aimane/vnav23/labs/lab4/install/mav_planning_msgs/share/mav_planning_msgs/package.xml
[0.961s] -- Up-to-date: /home/aimane/vnav23/labs/lab4/install/mav_planning_msgs/lib/libmav_planning_msgs__rosidl_generator_c.so
[0.962s] -- Up-to-date: /home/aimane/vnav23/labs/lab4/install/mav_planning_msgs/lib/libmav_planning_msgs__rosidl_typesupport_fastrtps_c.so
[0.962s] -- Up-to-date: /home/aimane/vnav23/labs/lab4/install/mav_planning_msgs/lib/libmav_planning_msgs__rosidl_typesupport_introspection_c.so
[0.963s] -- Up-to-date: /home/aimane/vnav23/labs/lab4/install/mav_planning_msgs/lib/libmav_planning_msgs__rosidl_typesupport_c.so
[0.964s] -- Up-to-date: /home/aimane/vnav23/labs/lab4/install/mav_planning_msgs/lib/libmav_planning_msgs__rosidl_typesupport_fastrtps_cpp.so
[0.964s] -- Up-to-date: /home/aimane/vnav23/labs/lab4/install/mav_planning_msgs/lib/libmav_planning_msgs__rosidl_typesupport_introspection_cpp.so
[0.965s] -- Up-to-date: /home/aimane/vnav23/labs/lab4/install/mav_planning_msgs/lib/libmav_planning_msgs__rosidl_typesupport_cpp.so
[1.017s] Listing '/home/aimane/vnav23/labs/lab4/install/mav_planning_msgs/local/lib/python3.10/dist-packages/mav_planning_msgs'...
[1.017s] Listing '/home/aimane/vnav23/labs/lab4/install/mav_planning_msgs/local/lib/python3.10/dist-packages/mav_planning_msgs/msg'...
[1.017s] Listing '/home/aimane/vnav23/labs/lab4/install/mav_planning_msgs/local/lib/python3.10/dist-packages/mav_planning_msgs/srv'...
[1.023s] -- Up-to-date: /home/aimane/vnav23/labs/lab4/install/mav_planning_msgs/lib/libmav_planning_msgs__rosidl_generator_py.so
[1.023s] -- Up-to-date: /home/aimane/vnav23/labs/lab4/install/mav_planning_msgs/include/mav_planning_msgs
[1.023s] -- Up-to-date: /home/aimane/vnav23/labs/lab4/install/mav_planning_msgs/include/mav_planning_msgs/conversions.hpp
[1.023s] -- Up-to-date: /home/aimane/vnav23/labs/lab4/install/mav_planning_msgs/include/mav_planning_msgs/conversions_deprecated.hpp
[1.024s] -- Up-to-date: /home/aimane/vnav23/labs/lab4/install/mav_planning_msgs/include/mav_planning_msgs/eigen_planning_msgs.hpp
[1.024s] -- Up-to-date: /home/aimane/vnav23/labs/lab4/install/mav_planning_msgs/share/mav_planning_msgs/cmake/export_mav_planning_msgs__rosidl_generator_cExport.cmake
[1.024s] -- Up-to-date: /home/aimane/vnav23/labs/lab4/install/mav_planning_msgs/share/mav_planning_msgs/cmake/export_mav_planning_msgs__rosidl_generator_cExport-noconfig.cmake
[1.024s] -- Up-to-date: /home/aimane/vnav23/labs/lab4/install/mav_planning_msgs/share/mav_planning_msgs/cmake/export_mav_planning_msgs__rosidl_typesupport_fastrtps_cExport.cmake
[1.024s] -- Up-to-date: /home/aimane/vnav23/labs/lab4/install/mav_planning_msgs/share/mav_planning_msgs/cmake/export_mav_planning_msgs__rosidl_typesupport_fastrtps_cExport-noconfig.cmake
[1.024s] -- Up-to-date: /home/aimane/vnav23/labs/lab4/install/mav_planning_msgs/share/mav_planning_msgs/cmake/mav_planning_msgs__rosidl_typesupport_introspection_cExport.cmake
[1.024s] -- Up-to-date: /home/aimane/vnav23/labs/lab4/install/mav_planning_msgs/share/mav_planning_msgs/cmake/mav_planning_msgs__rosidl_typesupport_introspection_cExport-noconfig.cmake
[1.025s] -- Up-to-date: /home/aimane/vnav23/labs/lab4/install/mav_planning_msgs/share/mav_planning_msgs/cmake/mav_planning_msgs__rosidl_typesupport_cExport.cmake
[1.025s] -- Up-to-date: /home/aimane/vnav23/labs/lab4/install/mav_planning_msgs/share/mav_planning_msgs/cmake/mav_planning_msgs__rosidl_typesupport_cExport-noconfig.cmake
[1.025s] -- Up-to-date: /home/aimane/vnav23/labs/lab4/install/mav_planning_msgs/share/mav_planning_msgs/cmake/export_mav_planning_msgs__rosidl_generator_cppExport.cmake
[1.025s] -- Up-to-date: /home/aimane/vnav23/labs/lab4/install/mav_planning_msgs/share/mav_planning_msgs/cmake/export_mav_planning_msgs__rosidl_typesupport_fastrtps_cppExport.cmake
[1.025s] -- Up-to-date: /home/aimane/vnav23/labs/lab4/install/mav_planning_msgs/share/mav_planning_msgs/cmake/export_mav_planning_msgs__rosidl_typesupport_fastrtps_cppExport-noconfig.cmake
[1.026s] -- Up-to-date: /home/aimane/vnav23/labs/lab4/install/mav_planning_msgs/share/mav_planning_msgs/cmake/mav_planning_msgs__rosidl_typesupport_introspection_cppExport.cmake
[1.026s] -- Up-to-date: /home/aimane/vnav23/labs/lab4/install/mav_planning_msgs/share/mav_planning_msgs/cmake/mav_planning_msgs__rosidl_typesupport_introspection_cppExport-noconfig.cmake
[1.026s] -- Up-to-date: /home/aimane/vnav23/labs/lab4/install/mav_planning_msgs/share/mav_planning_msgs/cmake/mav_planning_msgs__rosidl_typesupport_cppExport.cmake
[1.026s] -- Up-to-date: /home/aimane/vnav23/labs/lab4/install/mav_planning_msgs/share/mav_planning_msgs/cmake/mav_planning_msgs__rosidl_typesupport_cppExport-noconfig.cmake
[1.026s] -- Up-to-date: /home/aimane/vnav23/labs/lab4/install/mav_planning_msgs/share/mav_planning_msgs/cmake/export_mav_planning_msgs__rosidl_generator_pyExport.cmake
[1.026s] -- Up-to-date: /home/aimane/vnav23/labs/lab4/install/mav_planning_msgs/share/mav_planning_msgs/cmake/export_mav_planning_msgs__rosidl_generator_pyExport-noconfig.cmake
[1.029s] Invoked command in '/home/aimane/vnav23/labs/lab4/build/mav_planning_msgs' returned '0': CMAKE_PREFIX_PATH=/home/aimane/vnav23/labs/lab4/install/mav_msgs:/home/aimane/vnav23/labs/lab4/install/trajectory_generation:/home/aimane/vnav23/labs/lab4/install/tesse_msgs:/home/aimane/vnav23/labs/lab4/install/planner_pkg:/home/aimane/vnav23/labs/lab4/install/tesse_ros_bridge:/opt/ros/humble:/home/aimane/vnav23/labs/lab4/install/mav_visualization:/home/aimane/vnav23/labs/lab4/install/mav_trajectory_generation:/home/aimane/vnav23/labs/lab4/install/mav_comm:/home/aimane/vnav23/labs/lab4/install/mav_system_msgs:/home/aimane/vnav23/labs/lab4/install/mav_state_machine_msgs:/home/aimane/vnav23/labs/lab4/install/mav_planning_msgs:/home/aimane/vnav23/labs/lab4/install/controller_pkg:/home/aimane/mavros_ws/install/mavros_extras:/home/aimane/mavros_ws/install/mavros_examples:/home/aimane/mavros_ws/install/mavros:/home/aimane/mavros_ws/install/mavros_msgs:/home/aimane/mavros_ws/install/libmavconn LD_LIBRARY_PATH=/home/aimane/vnav23/labs/lab4/install/mav_msgs/lib:/home/aimane/vnav23/labs/lab4/install/tesse_msgs/lib:/home/aimane/vnav23/labs/lab4/install/mav_trajectory_generation/lib:/home/aimane/vnav23/labs/lab4/install/mav_system_msgs/lib:/home/aimane/vnav23/labs/lab4/install/mav_state_machine_msgs/lib:/home/aimane/vnav23/labs/lab4/install/mav_planning_msgs/lib:/home/aimane/mavros_ws/install/mavros_extras/lib:/home/aimane/mavros_ws/install/mavros/lib:/home/aimane/mavros_ws/install/mavros_msgs/lib:/home/aimane/mavros_ws/install/libmavconn/lib:/opt/ros/humble/opt/rviz_ogre_vendor/lib:/opt/ros/humble/lib/x86_64-linux-gnu:/opt/ros/humble/lib /usr/bin/cmake --install /home/aimane/vnav23/labs/lab4/build/mav_planning_msgs
