[1.065s] Invoking command in '/home/aimane/vnav23/labs/lab4/build/tesse_msgs': CMAKE_PREFIX_PATH=/home/aimane/vnav23/labs/lab4/install/trajectory_generation:/home/aimane/vnav23/labs/lab4/install/tesse_msgs:/home/aimane/vnav23/labs/lab4/install/planner_pkg:/home/aimane/vnav23/labs/lab4/install/tesse_ros_bridge:/opt/ros/humble:/home/aimane/vnav23/labs/lab4/install/mav_visualization:/home/aimane/vnav23/labs/lab4/install/mav_trajectory_generation:/home/aimane/vnav23/labs/lab4/install/mav_comm:/home/aimane/vnav23/labs/lab4/install/mav_system_msgs:/home/aimane/vnav23/labs/lab4/install/mav_state_machine_msgs:/home/aimane/vnav23/labs/lab4/install/mav_planning_msgs:/home/aimane/vnav23/labs/lab4/install/controller_pkg:/home/aimane/vnav23/labs/lab4/install/mav_msgs:/home/aimane/mavros_ws/install/mavros_extras:/home/aimane/mavros_ws/install/mavros_examples:/home/aimane/mavros_ws/install/mavros:/home/aimane/mavros_ws/install/mavros_msgs:/home/aimane/mavros_ws/install/libmavconn /usr/bin/cmake --build /home/aimane/vnav23/labs/lab4/build/tesse_msgs -- -j8 -l8
[1.253s] [  0%] Built target ament_cmake_python_symlink_tesse_msgs
[1.309s] [  1%] Built target tesse_msgs__cpp
[1.318s] [ 12%] Built target tesse_msgs__rosidl_generator_c
[1.455s] [ 23%] Built target tesse_msgs__rosidl_typesupport_introspection_cpp
[1.511s] [ 34%] Built target tesse_msgs__rosidl_typesupport_cpp
[1.547s] [ 45%] Built target tesse_msgs__rosidl_typesupport_introspection_c
[1.550s] [ 56%] Built target tesse_msgs__rosidl_typesupport_fastrtps_c
[1.552s] [ 67%] Built target tesse_msgs__rosidl_typesupport_fastrtps_cpp
[1.575s] [ 78%] Built target tesse_msgs__rosidl_typesupport_c
[1.639s] [ 78%] Built target tesse_msgs
[1.719s] [ 80%] Built target tesse_msgs__py
[1.796s] [ 89%] Built target tesse_msgs__rosidl_generator_py
[1.917s] [ 92%] Built target tesse_msgs__rosidl_typesupport_c__pyext
[1.934s] [ 96%] Built target tesse_msgs__rosidl_typesupport_introspection_c__pyext
[1.956s] [100%] Built target tesse_msgs__rosidl_typesupport_fastrtps_c__pyext
[2.168s] running egg_info
[2.212s] writing tesse_msgs.egg-info/PKG-INFO
[2.212s] writing dependency_links to tesse_msgs.egg-info/dependency_links.txt
[2.213s] writing top-level names to tesse_msgs.egg-info/top_level.txt
[2.354s] reading manifest file 'tesse_msgs.egg-info/SOURCES.txt'
[2.357s] writing manifest file 'tesse_msgs.egg-info/SOURCES.txt'
[2.431s] [100%] Built target ament_cmake_python_build_tesse_msgs_egg
[2.505s] Invoked command in '/home/aimane/vnav23/labs/lab4/build/tesse_msgs' returned '0': CMAKE_PREFIX_PATH=/home/aimane/vnav23/labs/lab4/install/trajectory_generation:/home/aimane/vnav23/labs/lab4/install/tesse_msgs:/home/aimane/vnav23/labs/lab4/install/planner_pkg:/home/aimane/vnav23/labs/lab4/install/tesse_ros_bridge:/opt/ros/humble:/home/aimane/vnav23/labs/lab4/install/mav_visualization:/home/aimane/vnav23/labs/lab4/install/mav_trajectory_generation:/home/aimane/vnav23/labs/lab4/install/mav_comm:/home/aimane/vnav23/labs/lab4/install/mav_system_msgs:/home/aimane/vnav23/labs/lab4/install/mav_state_machine_msgs:/home/aimane/vnav23/labs/lab4/install/mav_planning_msgs:/home/aimane/vnav23/labs/lab4/install/controller_pkg:/home/aimane/vnav23/labs/lab4/install/mav_msgs:/home/aimane/mavros_ws/install/mavros_extras:/home/aimane/mavros_ws/install/mavros_examples:/home/aimane/mavros_ws/install/mavros:/home/aimane/mavros_ws/install/mavros_msgs:/home/aimane/mavros_ws/install/libmavconn /usr/bin/cmake --build /home/aimane/vnav23/labs/lab4/build/tesse_msgs -- -j8 -l8
[2.507s] Invoking command in '/home/aimane/vnav23/labs/lab4/build/tesse_msgs': CMAKE_PREFIX_PATH=/home/aimane/vnav23/labs/lab4/install/trajectory_generation:/home/aimane/vnav23/labs/lab4/install/tesse_msgs:/home/aimane/vnav23/labs/lab4/install/planner_pkg:/home/aimane/vnav23/labs/lab4/install/tesse_ros_bridge:/opt/ros/humble:/home/aimane/vnav23/labs/lab4/install/mav_visualization:/home/aimane/vnav23/labs/lab4/install/mav_trajectory_generation:/home/aimane/vnav23/labs/lab4/install/mav_comm:/home/aimane/vnav23/labs/lab4/install/mav_system_msgs:/home/aimane/vnav23/labs/lab4/install/mav_state_machine_msgs:/home/aimane/vnav23/labs/lab4/install/mav_planning_msgs:/home/aimane/vnav23/labs/lab4/install/controller_pkg:/home/aimane/vnav23/labs/lab4/install/mav_msgs:/home/aimane/mavros_ws/install/mavros_extras:/home/aimane/mavros_ws/install/mavros_examples:/home/aimane/mavros_ws/install/mavros:/home/aimane/mavros_ws/install/mavros_msgs:/home/aimane/mavros_ws/install/libmavconn /usr/bin/cmake --install /home/aimane/vnav23/labs/lab4/build/tesse_msgs
[2.533s] -- Install configuration: ""
[2.536s] -- Execute custom install script
[2.536s] -- Up-to-date symlink: /home/aimane/vnav23/labs/lab4/install/tesse_msgs/share/ament_index/resource_index/rosidl_interfaces/tesse_msgs
[2.536s] -- Up-to-date symlink: /home/aimane/vnav23/labs/lab4/install/tesse_msgs/include/tesse_msgs/tesse_msgs/msg/collision_stats.h
[2.537s] -- Up-to-date symlink: /home/aimane/vnav23/labs/lab4/install/tesse_msgs/include/tesse_msgs/tesse_msgs/msg/detail/collision_stats__functions.h
[2.537s] -- Up-to-date symlink: /home/aimane/vnav23/labs/lab4/install/tesse_msgs/include/tesse_msgs/tesse_msgs/msg/detail/collision_stats__struct.h
[2.538s] -- Up-to-date symlink: /home/aimane/vnav23/labs/lab4/install/tesse_msgs/include/tesse_msgs/tesse_msgs/msg/detail/collision_stats__type_support.h
[2.538s] -- Up-to-date symlink: /home/aimane/vnav23/labs/lab4/install/tesse_msgs/include/tesse_msgs/tesse_msgs/msg/rosidl_generator_c__visibility_control.h
[2.541s] -- Up-to-date symlink: /home/aimane/vnav23/labs/lab4/install/tesse_msgs/include/tesse_msgs/tesse_msgs/srv/detail/object_spawn_request_service__functions.h
[2.541s] -- Up-to-date symlink: /home/aimane/vnav23/labs/lab4/install/tesse_msgs/include/tesse_msgs/tesse_msgs/srv/detail/object_spawn_request_service__struct.h
[2.541s] -- Up-to-date symlink: /home/aimane/vnav23/labs/lab4/install/tesse_msgs/include/tesse_msgs/tesse_msgs/srv/detail/object_spawn_request_service__type_support.h
[2.542s] -- Up-to-date symlink: /home/aimane/vnav23/labs/lab4/install/tesse_msgs/include/tesse_msgs/tesse_msgs/srv/detail/reposition_request_service__functions.h
[2.542s] -- Up-to-date symlink: /home/aimane/vnav23/labs/lab4/install/tesse_msgs/include/tesse_msgs/tesse_msgs/srv/detail/reposition_request_service__struct.h
[2.542s] -- Up-to-date symlink: /home/aimane/vnav23/labs/lab4/install/tesse_msgs/include/tesse_msgs/tesse_msgs/srv/detail/reposition_request_service__type_support.h
[2.543s] -- Up-to-date symlink: /home/aimane/vnav23/labs/lab4/install/tesse_msgs/include/tesse_msgs/tesse_msgs/srv/detail/scene_request_service__functions.h
[2.543s] -- Up-to-date symlink: /home/aimane/vnav23/labs/lab4/install/tesse_msgs/include/tesse_msgs/tesse_msgs/srv/detail/scene_request_service__struct.h
[2.547s] -- Up-to-date symlink: /home/aimane/vnav23/labs/lab4/install/tesse_msgs/include/tesse_msgs/tesse_msgs/srv/detail/scene_request_service__type_support.h
[2.547s] -- Up-to-date symlink: /home/aimane/vnav23/labs/lab4/install/tesse_msgs/include/tesse_msgs/tesse_msgs/srv/object_spawn_request_service.h
[2.547s] -- Up-to-date symlink: /home/aimane/vnav23/labs/lab4/install/tesse_msgs/include/tesse_msgs/tesse_msgs/srv/reposition_request_service.h
[2.548s] -- Up-to-date symlink: /home/aimane/vnav23/labs/lab4/install/tesse_msgs/include/tesse_msgs/tesse_msgs/srv/scene_request_service.h
[2.548s] -- Up-to-date symlink: /home/aimane/vnav23/labs/lab4/install/tesse_msgs/share/tesse_msgs/environment/library_path.sh
[2.548s] -- Up-to-date symlink: /home/aimane/vnav23/labs/lab4/install/tesse_msgs/share/tesse_msgs/environment/library_path.dsv
[2.548s] -- Up-to-date symlink: /home/aimane/vnav23/labs/lab4/install/tesse_msgs/include/tesse_msgs/tesse_msgs/msg/detail/collision_stats__rosidl_typesupport_fastrtps_c.h
[2.549s] -- Up-to-date symlink: /home/aimane/vnav23/labs/lab4/install/tesse_msgs/include/tesse_msgs/tesse_msgs/msg/rosidl_typesupport_fastrtps_c__visibility_control.h
[2.549s] -- Up-to-date symlink: /home/aimane/vnav23/labs/lab4/install/tesse_msgs/include/tesse_msgs/tesse_msgs/srv/detail/object_spawn_request_service__rosidl_typesupport_fastrtps_c.h
[2.549s] -- Up-to-date symlink: /home/aimane/vnav23/labs/lab4/install/tesse_msgs/include/tesse_msgs/tesse_msgs/srv/detail/reposition_request_service__rosidl_typesupport_fastrtps_c.h
[2.549s] -- Up-to-date symlink: /home/aimane/vnav23/labs/lab4/install/tesse_msgs/include/tesse_msgs/tesse_msgs/srv/detail/scene_request_service__rosidl_typesupport_fastrtps_c.h
[2.550s] -- Up-to-date symlink: /home/aimane/vnav23/labs/lab4/install/tesse_msgs/include/tesse_msgs/tesse_msgs/msg/collision_stats.hpp
[2.550s] -- Up-to-date symlink: /home/aimane/vnav23/labs/lab4/install/tesse_msgs/include/tesse_msgs/tesse_msgs/msg/detail/collision_stats__builder.hpp
[2.551s] -- Up-to-date symlink: /home/aimane/vnav23/labs/lab4/install/tesse_msgs/include/tesse_msgs/tesse_msgs/msg/detail/collision_stats__struct.hpp
[2.554s] -- Up-to-date symlink: /home/aimane/vnav23/labs/lab4/install/tesse_msgs/include/tesse_msgs/tesse_msgs/msg/detail/collision_stats__traits.hpp
[2.554s] -- Up-to-date symlink: /home/aimane/vnav23/labs/lab4/install/tesse_msgs/include/tesse_msgs/tesse_msgs/msg/detail/collision_stats__type_support.hpp
[2.554s] -- Up-to-date symlink: /home/aimane/vnav23/labs/lab4/install/tesse_msgs/include/tesse_msgs/tesse_msgs/msg/rosidl_generator_cpp__visibility_control.hpp
[2.555s] -- Up-to-date symlink: /home/aimane/vnav23/labs/lab4/install/tesse_msgs/include/tesse_msgs/tesse_msgs/srv/detail/object_spawn_request_service__builder.hpp
[2.555s] -- Up-to-date symlink: /home/aimane/vnav23/labs/lab4/install/tesse_msgs/include/tesse_msgs/tesse_msgs/srv/detail/object_spawn_request_service__struct.hpp
[2.555s] -- Up-to-date symlink: /home/aimane/vnav23/labs/lab4/install/tesse_msgs/include/tesse_msgs/tesse_msgs/srv/detail/object_spawn_request_service__traits.hpp
[2.555s] -- Up-to-date symlink: /home/aimane/vnav23/labs/lab4/install/tesse_msgs/include/tesse_msgs/tesse_msgs/srv/detail/object_spawn_request_service__type_support.hpp
[2.556s] -- Up-to-date symlink: /home/aimane/vnav23/labs/lab4/install/tesse_msgs/include/tesse_msgs/tesse_msgs/srv/detail/reposition_request_service__builder.hpp
[2.556s] -- Up-to-date symlink: /home/aimane/vnav23/labs/lab4/install/tesse_msgs/include/tesse_msgs/tesse_msgs/srv/detail/reposition_request_service__struct.hpp
[2.556s] -- Up-to-date symlink: /home/aimane/vnav23/labs/lab4/install/tesse_msgs/include/tesse_msgs/tesse_msgs/srv/detail/reposition_request_service__traits.hpp
[2.560s] -- Up-to-date symlink: /home/aimane/vnav23/labs/lab4/install/tesse_msgs/include/tesse_msgs/tesse_msgs/srv/detail/reposition_request_service__type_support.hpp
[2.560s] -- Up-to-date symlink: /home/aimane/vnav23/labs/lab4/install/tesse_msgs/include/tesse_msgs/tesse_msgs/srv/detail/scene_request_service__builder.hpp
[2.560s] -- Up-to-date symlink: /home/aimane/vnav23/labs/lab4/install/tesse_msgs/include/tesse_msgs/tesse_msgs/srv/detail/scene_request_service__struct.hpp
[2.561s] -- Up-to-date symlink: /home/aimane/vnav23/labs/lab4/install/tesse_msgs/include/tesse_msgs/tesse_msgs/srv/detail/scene_request_service__traits.hpp
[2.561s] -- Up-to-date symlink: /home/aimane/vnav23/labs/lab4/install/tesse_msgs/include/tesse_msgs/tesse_msgs/srv/detail/scene_request_service__type_support.hpp
[2.561s] -- Up-to-date symlink: /home/aimane/vnav23/labs/lab4/install/tesse_msgs/include/tesse_msgs/tesse_msgs/srv/object_spawn_request_service.hpp
[2.561s] -- Up-to-date symlink: /home/aimane/vnav23/labs/lab4/install/tesse_msgs/include/tesse_msgs/tesse_msgs/srv/reposition_request_service.hpp
[2.562s] -- Up-to-date symlink: /home/aimane/vnav23/labs/lab4/install/tesse_msgs/include/tesse_msgs/tesse_msgs/srv/scene_request_service.hpp
[2.562s] -- Up-to-date symlink: /home/aimane/vnav23/labs/lab4/install/tesse_msgs/include/tesse_msgs/tesse_msgs/msg/detail/collision_stats__rosidl_typesupport_fastrtps_cpp.hpp
[2.562s] -- Up-to-date symlink: /home/aimane/vnav23/labs/lab4/install/tesse_msgs/include/tesse_msgs/tesse_msgs/msg/rosidl_typesupport_fastrtps_cpp__visibility_control.h
[2.563s] -- Up-to-date symlink: /home/aimane/vnav23/labs/lab4/install/tesse_msgs/include/tesse_msgs/tesse_msgs/srv/detail/object_spawn_request_service__rosidl_typesupport_fastrtps_cpp.hpp
[2.563s] -- Up-to-date symlink: /home/aimane/vnav23/labs/lab4/install/tesse_msgs/include/tesse_msgs/tesse_msgs/srv/detail/reposition_request_service__rosidl_typesupport_fastrtps_cpp.hpp
[2.563s] -- Up-to-date symlink: /home/aimane/vnav23/labs/lab4/install/tesse_msgs/include/tesse_msgs/tesse_msgs/srv/detail/scene_request_service__rosidl_typesupport_fastrtps_cpp.hpp
[2.564s] -- Up-to-date symlink: /home/aimane/vnav23/labs/lab4/install/tesse_msgs/include/tesse_msgs/tesse_msgs/msg/detail/collision_stats__rosidl_typesupport_introspection_c.h
[2.567s] -- Up-to-date symlink: /home/aimane/vnav23/labs/lab4/install/tesse_msgs/include/tesse_msgs/tesse_msgs/msg/rosidl_typesupport_introspection_c__visibility_control.h
[2.568s] -- Up-to-date symlink: /home/aimane/vnav23/labs/lab4/install/tesse_msgs/include/tesse_msgs/tesse_msgs/srv/detail/object_spawn_request_service__rosidl_typesupport_introspection_c.h
[2.568s] -- Up-to-date symlink: /home/aimane/vnav23/labs/lab4/install/tesse_msgs/include/tesse_msgs/tesse_msgs/srv/detail/reposition_request_service__rosidl_typesupport_introspection_c.h
[2.569s] -- Up-to-date symlink: /home/aimane/vnav23/labs/lab4/install/tesse_msgs/include/tesse_msgs/tesse_msgs/srv/detail/scene_request_service__rosidl_typesupport_introspection_c.h
[2.569s] -- Up-to-date symlink: /home/aimane/vnav23/labs/lab4/install/tesse_msgs/include/tesse_msgs/tesse_msgs/msg/detail/collision_stats__rosidl_typesupport_introspection_cpp.hpp
[2.569s] -- Up-to-date symlink: /home/aimane/vnav23/labs/lab4/install/tesse_msgs/include/tesse_msgs/tesse_msgs/srv/detail/object_spawn_request_service__rosidl_typesupport_introspection_cpp.hpp
[2.569s] -- Up-to-date symlink: /home/aimane/vnav23/labs/lab4/install/tesse_msgs/include/tesse_msgs/tesse_msgs/srv/detail/reposition_request_service__rosidl_typesupport_introspection_cpp.hpp
[2.570s] -- Up-to-date symlink: /home/aimane/vnav23/labs/lab4/install/tesse_msgs/include/tesse_msgs/tesse_msgs/srv/detail/scene_request_service__rosidl_typesupport_introspection_cpp.hpp
[2.570s] -- Up-to-date symlink: /home/aimane/vnav23/labs/lab4/install/tesse_msgs/share/tesse_msgs/environment/pythonpath.sh
[2.570s] -- Up-to-date symlink: /home/aimane/vnav23/labs/lab4/install/tesse_msgs/share/tesse_msgs/environment/pythonpath.dsv
[2.573s] -- Up-to-date symlink: /home/aimane/vnav23/labs/lab4/install/tesse_msgs/local/lib/python3.10/dist-packages/tesse_msgs-0.0.0-py3.10.egg-info/PKG-INFO
[2.573s] -- Up-to-date symlink: /home/aimane/vnav23/labs/lab4/install/tesse_msgs/local/lib/python3.10/dist-packages/tesse_msgs-0.0.0-py3.10.egg-info/SOURCES.txt
[2.573s] -- Up-to-date symlink: /home/aimane/vnav23/labs/lab4/install/tesse_msgs/local/lib/python3.10/dist-packages/tesse_msgs-0.0.0-py3.10.egg-info/dependency_links.txt
[2.573s] -- Up-to-date symlink: /home/aimane/vnav23/labs/lab4/install/tesse_msgs/local/lib/python3.10/dist-packages/tesse_msgs-0.0.0-py3.10.egg-info/top_level.txt
[2.575s] -- Up-to-date symlink: /home/aimane/vnav23/labs/lab4/install/tesse_msgs/local/lib/python3.10/dist-packages/tesse_msgs/__init__.py
[2.578s] -- Up-to-date symlink: /home/aimane/vnav23/labs/lab4/install/tesse_msgs/local/lib/python3.10/dist-packages/tesse_msgs/_tesse_msgs_s.ep.rosidl_typesupport_c.c
[2.578s] -- Up-to-date symlink: /home/aimane/vnav23/labs/lab4/install/tesse_msgs/local/lib/python3.10/dist-packages/tesse_msgs/_tesse_msgs_s.ep.rosidl_typesupport_fastrtps_c.c
[2.578s] -- Up-to-date symlink: /home/aimane/vnav23/labs/lab4/install/tesse_msgs/local/lib/python3.10/dist-packages/tesse_msgs/_tesse_msgs_s.ep.rosidl_typesupport_introspection_c.c
[2.579s] -- Up-to-date symlink: /home/aimane/vnav23/labs/lab4/install/tesse_msgs/local/lib/python3.10/dist-packages/tesse_msgs/libtesse_msgs__rosidl_generator_py.so
[2.579s] -- Up-to-date symlink: /home/aimane/vnav23/labs/lab4/install/tesse_msgs/local/lib/python3.10/dist-packages/tesse_msgs/msg/__init__.py
[2.579s] -- Up-to-date symlink: /home/aimane/vnav23/labs/lab4/install/tesse_msgs/local/lib/python3.10/dist-packages/tesse_msgs/msg/_collision_stats.py
[2.580s] -- Up-to-date symlink: /home/aimane/vnav23/labs/lab4/install/tesse_msgs/local/lib/python3.10/dist-packages/tesse_msgs/msg/_collision_stats_s.c
[2.581s] -- Up-to-date symlink: /home/aimane/vnav23/labs/lab4/install/tesse_msgs/local/lib/python3.10/dist-packages/tesse_msgs/srv/__init__.py
[2.581s] -- Up-to-date symlink: /home/aimane/vnav23/labs/lab4/install/tesse_msgs/local/lib/python3.10/dist-packages/tesse_msgs/srv/_object_spawn_request_service.py
[2.582s] -- Up-to-date symlink: /home/aimane/vnav23/labs/lab4/install/tesse_msgs/local/lib/python3.10/dist-packages/tesse_msgs/srv/_object_spawn_request_service_s.c
[2.582s] -- Up-to-date symlink: /home/aimane/vnav23/labs/lab4/install/tesse_msgs/local/lib/python3.10/dist-packages/tesse_msgs/srv/_reposition_request_service.py
[2.586s] -- Up-to-date symlink: /home/aimane/vnav23/labs/lab4/install/tesse_msgs/local/lib/python3.10/dist-packages/tesse_msgs/srv/_reposition_request_service_s.c
[2.586s] -- Up-to-date symlink: /home/aimane/vnav23/labs/lab4/install/tesse_msgs/local/lib/python3.10/dist-packages/tesse_msgs/srv/_scene_request_service.py
[2.587s] -- Up-to-date symlink: /home/aimane/vnav23/labs/lab4/install/tesse_msgs/local/lib/python3.10/dist-packages/tesse_msgs/srv/_scene_request_service_s.c
[2.587s] -- Up-to-date symlink: /home/aimane/vnav23/labs/lab4/install/tesse_msgs/local/lib/python3.10/dist-packages/tesse_msgs/tesse_msgs_s__rosidl_typesupport_c.cpython-310-x86_64-linux-gnu.so
[2.587s] -- Up-to-date symlink: /home/aimane/vnav23/labs/lab4/install/tesse_msgs/local/lib/python3.10/dist-packages/tesse_msgs/tesse_msgs_s__rosidl_typesupport_fastrtps_c.cpython-310-x86_64-linux-gnu.so
[2.587s] -- Up-to-date symlink: /home/aimane/vnav23/labs/lab4/install/tesse_msgs/local/lib/python3.10/dist-packages/tesse_msgs/tesse_msgs_s__rosidl_typesupport_introspection_c.cpython-310-x86_64-linux-gnu.so
[2.588s] -- Up-to-date symlink: /home/aimane/vnav23/labs/lab4/install/tesse_msgs/local/lib/python3.10/dist-packages/tesse_msgs/tesse_msgs_s__rosidl_typesupport_fastrtps_c.cpython-310-x86_64-linux-gnu.so
[2.589s] -- Up-to-date symlink: /home/aimane/vnav23/labs/lab4/install/tesse_msgs/local/lib/python3.10/dist-packages/tesse_msgs/tesse_msgs_s__rosidl_typesupport_introspection_c.cpython-310-x86_64-linux-gnu.so
[2.589s] -- Up-to-date symlink: /home/aimane/vnav23/labs/lab4/install/tesse_msgs/local/lib/python3.10/dist-packages/tesse_msgs/tesse_msgs_s__rosidl_typesupport_c.cpython-310-x86_64-linux-gnu.so
[2.591s] -- Up-to-date symlink: /home/aimane/vnav23/labs/lab4/install/tesse_msgs/share/tesse_msgs/msg/CollisionStats.idl
[2.591s] -- Up-to-date symlink: /home/aimane/vnav23/labs/lab4/install/tesse_msgs/share/tesse_msgs/srv/ObjectSpawnRequestService.idl
[2.592s] -- Up-to-date symlink: /home/aimane/vnav23/labs/lab4/install/tesse_msgs/share/tesse_msgs/srv/RepositionRequestService.idl
[2.593s] -- Up-to-date symlink: /home/aimane/vnav23/labs/lab4/install/tesse_msgs/share/tesse_msgs/srv/SceneRequestService.idl
[2.593s] -- Up-to-date symlink: /home/aimane/vnav23/labs/lab4/install/tesse_msgs/share/tesse_msgs/msg/CollisionStats.msg
[2.595s] -- Up-to-date symlink: /home/aimane/vnav23/labs/lab4/install/tesse_msgs/share/tesse_msgs/srv/ObjectSpawnRequestService.srv
[2.595s] -- Up-to-date symlink: /home/aimane/vnav23/labs/lab4/install/tesse_msgs/share/tesse_msgs/srv/ObjectSpawnRequestService_Request.msg
[2.595s] -- Up-to-date symlink: /home/aimane/vnav23/labs/lab4/install/tesse_msgs/share/tesse_msgs/srv/ObjectSpawnRequestService_Response.msg
[2.595s] -- Up-to-date symlink: /home/aimane/vnav23/labs/lab4/install/tesse_msgs/share/tesse_msgs/srv/RepositionRequestService.srv
[2.599s] -- Up-to-date symlink: /home/aimane/vnav23/labs/lab4/install/tesse_msgs/share/tesse_msgs/srv/RepositionRequestService_Request.msg
[2.599s] -- Up-to-date symlink: /home/aimane/vnav23/labs/lab4/install/tesse_msgs/share/tesse_msgs/srv/RepositionRequestService_Response.msg
[2.599s] -- Up-to-date symlink: /home/aimane/vnav23/labs/lab4/install/tesse_msgs/share/tesse_msgs/srv/SceneRequestService.srv
[2.599s] -- Up-to-date symlink: /home/aimane/vnav23/labs/lab4/install/tesse_msgs/share/tesse_msgs/srv/SceneRequestService_Request.msg
[2.599s] -- Up-to-date symlink: /home/aimane/vnav23/labs/lab4/install/tesse_msgs/share/tesse_msgs/srv/SceneRequestService_Response.msg
[2.600s] -- Up-to-date symlink: /home/aimane/vnav23/labs/lab4/install/tesse_msgs/share/ament_index/resource_index/package_run_dependencies/tesse_msgs
[2.600s] -- Up-to-date symlink: /home/aimane/vnav23/labs/lab4/install/tesse_msgs/share/ament_index/resource_index/parent_prefix_path/tesse_msgs
[2.600s] -- Up-to-date symlink: /home/aimane/vnav23/labs/lab4/install/tesse_msgs/share/tesse_msgs/environment/ament_prefix_path.sh
[2.600s] -- Up-to-date symlink: /home/aimane/vnav23/labs/lab4/install/tesse_msgs/share/tesse_msgs/environment/ament_prefix_path.dsv
[2.600s] -- Up-to-date symlink: /home/aimane/vnav23/labs/lab4/install/tesse_msgs/share/tesse_msgs/environment/path.sh
[2.601s] -- Up-to-date symlink: /home/aimane/vnav23/labs/lab4/install/tesse_msgs/share/tesse_msgs/environment/path.dsv
[2.601s] -- Up-to-date symlink: /home/aimane/vnav23/labs/lab4/install/tesse_msgs/share/tesse_msgs/local_setup.bash
[2.601s] -- Up-to-date symlink: /home/aimane/vnav23/labs/lab4/install/tesse_msgs/share/tesse_msgs/local_setup.sh
[2.601s] -- Up-to-date symlink: /home/aimane/vnav23/labs/lab4/install/tesse_msgs/share/tesse_msgs/local_setup.zsh
[2.602s] -- Up-to-date symlink: /home/aimane/vnav23/labs/lab4/install/tesse_msgs/share/tesse_msgs/local_setup.dsv
[2.602s] -- Symlinking: /home/aimane/vnav23/labs/lab4/install/tesse_msgs/share/tesse_msgs/package.dsv
[2.625s] -- Up-to-date symlink: /home/aimane/vnav23/labs/lab4/install/tesse_msgs/share/ament_index/resource_index/packages/tesse_msgs
[2.626s] -- Up-to-date symlink: /home/aimane/vnav23/labs/lab4/install/tesse_msgs/share/tesse_msgs/cmake/rosidl_cmake-extras.cmake
[2.626s] -- Up-to-date symlink: /home/aimane/vnav23/labs/lab4/install/tesse_msgs/share/tesse_msgs/cmake/ament_cmake_export_dependencies-extras.cmake
[2.627s] -- Up-to-date symlink: /home/aimane/vnav23/labs/lab4/install/tesse_msgs/share/tesse_msgs/cmake/ament_cmake_export_include_directories-extras.cmake
[2.627s] -- Up-to-date symlink: /home/aimane/vnav23/labs/lab4/install/tesse_msgs/share/tesse_msgs/cmake/ament_cmake_export_libraries-extras.cmake
[2.628s] -- Up-to-date symlink: /home/aimane/vnav23/labs/lab4/install/tesse_msgs/share/tesse_msgs/cmake/ament_cmake_export_targets-extras.cmake
[2.629s] -- Up-to-date symlink: /home/aimane/vnav23/labs/lab4/install/tesse_msgs/share/tesse_msgs/cmake/rosidl_cmake_export_typesupport_targets-extras.cmake
[2.629s] -- Up-to-date symlink: /home/aimane/vnav23/labs/lab4/install/tesse_msgs/share/tesse_msgs/cmake/rosidl_cmake_export_typesupport_libraries-extras.cmake
[2.630s] -- Up-to-date symlink: /home/aimane/vnav23/labs/lab4/install/tesse_msgs/share/tesse_msgs/cmake/tesse_msgsConfig.cmake
[2.630s] -- Up-to-date symlink: /home/aimane/vnav23/labs/lab4/install/tesse_msgs/share/tesse_msgs/cmake/tesse_msgsConfig-version.cmake
[2.633s] -- Up-to-date symlink: /home/aimane/vnav23/labs/lab4/install/tesse_msgs/share/tesse_msgs/package.xml
[2.634s] -- Up-to-date: /home/aimane/vnav23/labs/lab4/install/tesse_msgs/lib/libtesse_msgs__rosidl_generator_c.so
[2.634s] -- Up-to-date: /home/aimane/vnav23/labs/lab4/install/tesse_msgs/lib/libtesse_msgs__rosidl_typesupport_fastrtps_c.so
[2.634s] -- Up-to-date: /home/aimane/vnav23/labs/lab4/install/tesse_msgs/lib/libtesse_msgs__rosidl_typesupport_fastrtps_cpp.so
[2.635s] -- Up-to-date: /home/aimane/vnav23/labs/lab4/install/tesse_msgs/lib/libtesse_msgs__rosidl_typesupport_introspection_c.so
[2.636s] -- Up-to-date: /home/aimane/vnav23/labs/lab4/install/tesse_msgs/lib/libtesse_msgs__rosidl_typesupport_c.so
[2.638s] -- Up-to-date: /home/aimane/vnav23/labs/lab4/install/tesse_msgs/lib/libtesse_msgs__rosidl_typesupport_introspection_cpp.so
[2.638s] -- Up-to-date: /home/aimane/vnav23/labs/lab4/install/tesse_msgs/lib/libtesse_msgs__rosidl_typesupport_cpp.so
[2.770s] Listing '/home/aimane/vnav23/labs/lab4/install/tesse_msgs/local/lib/python3.10/dist-packages/tesse_msgs'...
[2.771s] Listing '/home/aimane/vnav23/labs/lab4/install/tesse_msgs/local/lib/python3.10/dist-packages/tesse_msgs/msg'...
[2.771s] Listing '/home/aimane/vnav23/labs/lab4/install/tesse_msgs/local/lib/python3.10/dist-packages/tesse_msgs/srv'...
[2.782s] -- Up-to-date: /home/aimane/vnav23/labs/lab4/install/tesse_msgs/lib/libtesse_msgs__rosidl_generator_py.so
[2.792s] -- Up-to-date: /home/aimane/vnav23/labs/lab4/install/tesse_msgs/share/tesse_msgs/cmake/export_tesse_msgs__rosidl_generator_cExport.cmake
[2.793s] -- Up-to-date: /home/aimane/vnav23/labs/lab4/install/tesse_msgs/share/tesse_msgs/cmake/export_tesse_msgs__rosidl_generator_cExport-noconfig.cmake
[2.793s] -- Up-to-date: /home/aimane/vnav23/labs/lab4/install/tesse_msgs/share/tesse_msgs/cmake/export_tesse_msgs__rosidl_typesupport_fastrtps_cExport.cmake
[2.794s] -- Up-to-date: /home/aimane/vnav23/labs/lab4/install/tesse_msgs/share/tesse_msgs/cmake/export_tesse_msgs__rosidl_typesupport_fastrtps_cExport-noconfig.cmake
[2.794s] -- Up-to-date: /home/aimane/vnav23/labs/lab4/install/tesse_msgs/share/tesse_msgs/cmake/export_tesse_msgs__rosidl_generator_cppExport.cmake
[2.794s] -- Up-to-date: /home/aimane/vnav23/labs/lab4/install/tesse_msgs/share/tesse_msgs/cmake/export_tesse_msgs__rosidl_typesupport_fastrtps_cppExport.cmake
[2.795s] -- Up-to-date: /home/aimane/vnav23/labs/lab4/install/tesse_msgs/share/tesse_msgs/cmake/export_tesse_msgs__rosidl_typesupport_fastrtps_cppExport-noconfig.cmake
[2.795s] -- Up-to-date: /home/aimane/vnav23/labs/lab4/install/tesse_msgs/share/tesse_msgs/cmake/tesse_msgs__rosidl_typesupport_introspection_cExport.cmake
[2.795s] -- Up-to-date: /home/aimane/vnav23/labs/lab4/install/tesse_msgs/share/tesse_msgs/cmake/tesse_msgs__rosidl_typesupport_introspection_cExport-noconfig.cmake
[2.795s] -- Up-to-date: /home/aimane/vnav23/labs/lab4/install/tesse_msgs/share/tesse_msgs/cmake/tesse_msgs__rosidl_typesupport_cExport.cmake
[2.796s] -- Up-to-date: /home/aimane/vnav23/labs/lab4/install/tesse_msgs/share/tesse_msgs/cmake/tesse_msgs__rosidl_typesupport_cExport-noconfig.cmake
[2.796s] -- Up-to-date: /home/aimane/vnav23/labs/lab4/install/tesse_msgs/share/tesse_msgs/cmake/tesse_msgs__rosidl_typesupport_introspection_cppExport.cmake
[2.796s] -- Up-to-date: /home/aimane/vnav23/labs/lab4/install/tesse_msgs/share/tesse_msgs/cmake/tesse_msgs__rosidl_typesupport_introspection_cppExport-noconfig.cmake
[2.796s] -- Up-to-date: /home/aimane/vnav23/labs/lab4/install/tesse_msgs/share/tesse_msgs/cmake/tesse_msgs__rosidl_typesupport_cppExport.cmake
[2.796s] -- Up-to-date: /home/aimane/vnav23/labs/lab4/install/tesse_msgs/share/tesse_msgs/cmake/tesse_msgs__rosidl_typesupport_cppExport-noconfig.cmake
[2.796s] -- Up-to-date: /home/aimane/vnav23/labs/lab4/install/tesse_msgs/share/tesse_msgs/cmake/export_tesse_msgs__rosidl_generator_pyExport.cmake
[2.797s] -- Up-to-date: /home/aimane/vnav23/labs/lab4/install/tesse_msgs/share/tesse_msgs/cmake/export_tesse_msgs__rosidl_generator_pyExport-noconfig.cmake
[2.821s] Invoked command in '/home/aimane/vnav23/labs/lab4/build/tesse_msgs' returned '0': CMAKE_PREFIX_PATH=/home/aimane/vnav23/labs/lab4/install/trajectory_generation:/home/aimane/vnav23/labs/lab4/install/tesse_msgs:/home/aimane/vnav23/labs/lab4/install/planner_pkg:/home/aimane/vnav23/labs/lab4/install/tesse_ros_bridge:/opt/ros/humble:/home/aimane/vnav23/labs/lab4/install/mav_visualization:/home/aimane/vnav23/labs/lab4/install/mav_trajectory_generation:/home/aimane/vnav23/labs/lab4/install/mav_comm:/home/aimane/vnav23/labs/lab4/install/mav_system_msgs:/home/aimane/vnav23/labs/lab4/install/mav_state_machine_msgs:/home/aimane/vnav23/labs/lab4/install/mav_planning_msgs:/home/aimane/vnav23/labs/lab4/install/controller_pkg:/home/aimane/vnav23/labs/lab4/install/mav_msgs:/home/aimane/mavros_ws/install/mavros_extras:/home/aimane/mavros_ws/install/mavros_examples:/home/aimane/mavros_ws/install/mavros:/home/aimane/mavros_ws/install/mavros_msgs:/home/aimane/mavros_ws/install/libmavconn /usr/bin/cmake --install /home/aimane/vnav23/labs/lab4/build/tesse_msgs
