[4.585s] Invoking command in '/home/aimane/vnav23/labs/lab4/src/tesse-interface': PYTHONPATH=/home/aimane/vnav23/labs/lab4/build/tesse/prefix_override:/usr/lib/python3/dist-packages/colcon_core/task/python/colcon_distutils_commands:/home/aimane/vnav23/labs/lab4/install/tesse/lib/python3.10/site-packages:${PYTHONPATH} /usr/bin/python3 -W ignore:setup.py install is deprecated -W ignore:easy_install command is deprecated setup.py egg_info --egg-base ../../lab4/build/tesse build --build-base /home/aimane/vnav23/labs/lab4/build/tesse/build install --record /home/aimane/vnav23/labs/lab4/build/tesse/install.log --single-version-externally-managed
[5.391s] running egg_info
[5.434s] writing ../../lab4/build/tesse/tesse.egg-info/PKG-INFO
[5.446s] writing dependency_links to ../../lab4/build/tesse/tesse.egg-info/dependency_links.txt
[5.447s] writing requirements to ../../lab4/build/tesse/tesse.egg-info/requires.txt
[5.447s] writing top-level names to ../../lab4/build/tesse/tesse.egg-info/top_level.txt
[5.583s] reading manifest file '../../lab4/build/tesse/tesse.egg-info/SOURCES.txt'
[5.665s] adding license file 'LICENSE'
[5.667s] writing manifest file '../../lab4/build/tesse/tesse.egg-info/SOURCES.txt'
[5.667s] running build
[5.668s] running build_py
[5.742s] copying src/tesse/msgs.py -> /home/aimane/vnav23/labs/lab4/build/tesse/build/lib/tesse
[5.819s] copying src/tesse/__init__.py -> /home/aimane/vnav23/labs/lab4/build/tesse/build/lib/tesse
[5.820s] copying src/tesse/env.py -> /home/aimane/vnav23/labs/lab4/build/tesse/build/lib/tesse
[5.822s] copying src/tesse/utils.py -> /home/aimane/vnav23/labs/lab4/build/tesse/build/lib/tesse
[5.823s] running install
[5.839s] running install_lib
[5.900s] running install_egg_info
[5.943s] removing '/home/aimane/vnav23/labs/lab4/install/tesse/lib/python3.10/site-packages/tesse-0.1.2-py3.10.egg-info' (and everything under it)
[5.977s] Copying ../../lab4/build/tesse/tesse.egg-info to /home/aimane/vnav23/labs/lab4/install/tesse/lib/python3.10/site-packages/tesse-0.1.2-py3.10.egg-info
[5.979s] running install_scripts
[6.069s] writing list of installed files to '/home/aimane/vnav23/labs/lab4/build/tesse/install.log'
[6.134s] Invoked command in '/home/aimane/vnav23/labs/lab4/src/tesse-interface' returned '0': PYTHONPATH=/home/aimane/vnav23/labs/lab4/build/tesse/prefix_override:/usr/lib/python3/dist-packages/colcon_core/task/python/colcon_distutils_commands:/home/aimane/vnav23/labs/lab4/install/tesse/lib/python3.10/site-packages:${PYTHONPATH} /usr/bin/python3 -W ignore:setup.py install is deprecated -W ignore:easy_install command is deprecated setup.py egg_info --egg-base ../../lab4/build/tesse build --build-base /home/aimane/vnav23/labs/lab4/build/tesse/build install --record /home/aimane/vnav23/labs/lab4/build/tesse/install.log --single-version-externally-managed
