[0.078s] Invoking command in '/home/aimane/vnav23/labs/lab4/build/mav_msgs': CMAKE_PREFIX_PATH=/home/aimane/vnav23/labs/lab4/install/trajectory_generation:/home/aimane/vnav23/labs/lab4/install/tesse_msgs:/home/aimane/vnav23/labs/lab4/install/planner_pkg:/home/aimane/vnav23/labs/lab4/install/tesse_ros_bridge:/opt/ros/humble:/home/aimane/vnav23/labs/lab4/install/mav_visualization:/home/aimane/vnav23/labs/lab4/install/mav_trajectory_generation:/home/aimane/vnav23/labs/lab4/install/mav_comm:/home/aimane/vnav23/labs/lab4/install/mav_system_msgs:/home/aimane/vnav23/labs/lab4/install/mav_state_machine_msgs:/home/aimane/vnav23/labs/lab4/install/mav_planning_msgs:/home/aimane/vnav23/labs/lab4/install/controller_pkg:/home/aimane/vnav23/labs/lab4/install/mav_msgs /usr/bin/cmake --build /home/aimane/vnav23/labs/lab4/build/mav_msgs -- -j8 -l8
[0.538s] [  1%] Built target mav_msgs__cpp
[0.539s] [ 12%] Built target mav_msgs__rosidl_generator_c
[0.540s] [ 12%] Built target ament_cmake_python_symlink_mav_msgs
[0.541s] [ 24%] Built target mav_msgs__rosidl_typesupport_c
[0.542s] [ 35%] Built target mav_msgs__rosidl_typesupport_fastrtps_c
[0.542s] [ 47%] Built target mav_msgs__rosidl_typesupport_cpp
[0.543s] [ 58%] Built target mav_msgs__rosidl_typesupport_introspection_cpp
[0.544s] [ 70%] Built target mav_msgs__rosidl_typesupport_introspection_c
[0.544s] [ 81%] Built target mav_msgs__rosidl_typesupport_fastrtps_cpp
[0.544s] [ 81%] Built target mav_msgs
[0.544s] [ 82%] Built target mav_msgs__py
[0.544s] [ 93%] Built target mav_msgs__rosidl_generator_py
[0.544s] [ 95%] Built target mav_msgs__rosidl_typesupport_c__pyext
[0.544s] [ 97%] Built target mav_msgs__rosidl_typesupport_introspection_c__pyext
[0.545s] [100%] Built target mav_msgs__rosidl_typesupport_fastrtps_c__pyext
[0.601s] running egg_info
[0.603s] writing mav_msgs.egg-info/PKG-INFO
[0.603s] writing dependency_links to mav_msgs.egg-info/dependency_links.txt
[0.603s] writing top-level names to mav_msgs.egg-info/top_level.txt
[0.610s] reading manifest file 'mav_msgs.egg-info/SOURCES.txt'
[0.611s] writing manifest file 'mav_msgs.egg-info/SOURCES.txt'
[0.669s] [100%] Built target ament_cmake_python_build_mav_msgs_egg
[0.993s] Invoked command in '/home/aimane/vnav23/labs/lab4/build/mav_msgs' returned '0': CMAKE_PREFIX_PATH=/home/aimane/vnav23/labs/lab4/install/trajectory_generation:/home/aimane/vnav23/labs/lab4/install/tesse_msgs:/home/aimane/vnav23/labs/lab4/install/planner_pkg:/home/aimane/vnav23/labs/lab4/install/tesse_ros_bridge:/opt/ros/humble:/home/aimane/vnav23/labs/lab4/install/mav_visualization:/home/aimane/vnav23/labs/lab4/install/mav_trajectory_generation:/home/aimane/vnav23/labs/lab4/install/mav_comm:/home/aimane/vnav23/labs/lab4/install/mav_system_msgs:/home/aimane/vnav23/labs/lab4/install/mav_state_machine_msgs:/home/aimane/vnav23/labs/lab4/install/mav_planning_msgs:/home/aimane/vnav23/labs/lab4/install/controller_pkg:/home/aimane/vnav23/labs/lab4/install/mav_msgs /usr/bin/cmake --build /home/aimane/vnav23/labs/lab4/build/mav_msgs -- -j8 -l8
[1.000s] Invoking command in '/home/aimane/vnav23/labs/lab4/build/mav_msgs': CMAKE_PREFIX_PATH=/home/aimane/vnav23/labs/lab4/install/trajectory_generation:/home/aimane/vnav23/labs/lab4/install/tesse_msgs:/home/aimane/vnav23/labs/lab4/install/planner_pkg:/home/aimane/vnav23/labs/lab4/install/tesse_ros_bridge:/opt/ros/humble:/home/aimane/vnav23/labs/lab4/install/mav_visualization:/home/aimane/vnav23/labs/lab4/install/mav_trajectory_generation:/home/aimane/vnav23/labs/lab4/install/mav_comm:/home/aimane/vnav23/labs/lab4/install/mav_system_msgs:/home/aimane/vnav23/labs/lab4/install/mav_state_machine_msgs:/home/aimane/vnav23/labs/lab4/install/mav_planning_msgs:/home/aimane/vnav23/labs/lab4/install/controller_pkg:/home/aimane/vnav23/labs/lab4/install/mav_msgs /usr/bin/cmake --install /home/aimane/vnav23/labs/lab4/build/mav_msgs
[1.036s] -- Install configuration: ""
[1.036s] -- Execute custom install script
[1.037s] -- Up-to-date symlink: /home/aimane/vnav23/labs/lab4/install/mav_msgs/share/ament_index/resource_index/rosidl_interfaces/mav_msgs
[1.038s] -- Up-to-date symlink: /home/aimane/vnav23/labs/lab4/install/mav_msgs/include/mav_msgs/mav_msgs/msg/actuators.h
[1.040s] -- Up-to-date symlink: /home/aimane/vnav23/labs/lab4/install/mav_msgs/include/mav_msgs/mav_msgs/msg/attitude_thrust.h
[1.040s] -- Up-to-date symlink: /home/aimane/vnav23/labs/lab4/install/mav_msgs/include/mav_msgs/mav_msgs/msg/detail/actuators__functions.h
[1.042s] -- Up-to-date symlink: /home/aimane/vnav23/labs/lab4/install/mav_msgs/include/mav_msgs/mav_msgs/msg/detail/actuators__struct.h
[1.043s] -- Up-to-date symlink: /home/aimane/vnav23/labs/lab4/install/mav_msgs/include/mav_msgs/mav_msgs/msg/detail/actuators__type_support.h
[1.043s] -- Up-to-date symlink: /home/aimane/vnav23/labs/lab4/install/mav_msgs/include/mav_msgs/mav_msgs/msg/detail/attitude_thrust__functions.h
[1.043s] -- Up-to-date symlink: /home/aimane/vnav23/labs/lab4/install/mav_msgs/include/mav_msgs/mav_msgs/msg/detail/attitude_thrust__struct.h
[1.047s] -- Up-to-date symlink: /home/aimane/vnav23/labs/lab4/install/mav_msgs/include/mav_msgs/mav_msgs/msg/detail/attitude_thrust__type_support.h
[1.047s] -- Up-to-date symlink: /home/aimane/vnav23/labs/lab4/install/mav_msgs/include/mav_msgs/mav_msgs/msg/detail/filtered_sensor_data__functions.h
[1.048s] -- Up-to-date symlink: /home/aimane/vnav23/labs/lab4/install/mav_msgs/include/mav_msgs/mav_msgs/msg/detail/filtered_sensor_data__struct.h
[1.048s] -- Up-to-date symlink: /home/aimane/vnav23/labs/lab4/install/mav_msgs/include/mav_msgs/mav_msgs/msg/detail/filtered_sensor_data__type_support.h
[1.049s] -- Up-to-date symlink: /home/aimane/vnav23/labs/lab4/install/mav_msgs/include/mav_msgs/mav_msgs/msg/detail/gps_waypoint__functions.h
[1.049s] -- Up-to-date symlink: /home/aimane/vnav23/labs/lab4/install/mav_msgs/include/mav_msgs/mav_msgs/msg/detail/gps_waypoint__struct.h
[1.049s] -- Up-to-date symlink: /home/aimane/vnav23/labs/lab4/install/mav_msgs/include/mav_msgs/mav_msgs/msg/detail/gps_waypoint__type_support.h
[1.050s] -- Up-to-date symlink: /home/aimane/vnav23/labs/lab4/install/mav_msgs/include/mav_msgs/mav_msgs/msg/detail/rate_thrust__functions.h
[1.050s] -- Up-to-date symlink: /home/aimane/vnav23/labs/lab4/install/mav_msgs/include/mav_msgs/mav_msgs/msg/detail/rate_thrust__struct.h
[1.050s] -- Up-to-date symlink: /home/aimane/vnav23/labs/lab4/install/mav_msgs/include/mav_msgs/mav_msgs/msg/detail/rate_thrust__type_support.h
[1.050s] -- Up-to-date symlink: /home/aimane/vnav23/labs/lab4/install/mav_msgs/include/mav_msgs/mav_msgs/msg/detail/roll_pitch_yawrate_thrust__functions.h
[1.050s] -- Up-to-date symlink: /home/aimane/vnav23/labs/lab4/install/mav_msgs/include/mav_msgs/mav_msgs/msg/detail/roll_pitch_yawrate_thrust__struct.h
[1.056s] -- Up-to-date symlink: /home/aimane/vnav23/labs/lab4/install/mav_msgs/include/mav_msgs/mav_msgs/msg/detail/roll_pitch_yawrate_thrust__type_support.h
[1.057s] -- Up-to-date symlink: /home/aimane/vnav23/labs/lab4/install/mav_msgs/include/mav_msgs/mav_msgs/msg/detail/status__functions.h
[1.057s] -- Up-to-date symlink: /home/aimane/vnav23/labs/lab4/install/mav_msgs/include/mav_msgs/mav_msgs/msg/detail/status__struct.h
[1.058s] -- Up-to-date symlink: /home/aimane/vnav23/labs/lab4/install/mav_msgs/include/mav_msgs/mav_msgs/msg/detail/status__type_support.h
[1.058s] -- Up-to-date symlink: /home/aimane/vnav23/labs/lab4/install/mav_msgs/include/mav_msgs/mav_msgs/msg/detail/torque_thrust__functions.h
[1.058s] -- Up-to-date symlink: /home/aimane/vnav23/labs/lab4/install/mav_msgs/include/mav_msgs/mav_msgs/msg/detail/torque_thrust__struct.h
[1.058s] -- Up-to-date symlink: /home/aimane/vnav23/labs/lab4/install/mav_msgs/include/mav_msgs/mav_msgs/msg/detail/torque_thrust__type_support.h
[1.059s] -- Up-to-date symlink: /home/aimane/vnav23/labs/lab4/install/mav_msgs/include/mav_msgs/mav_msgs/msg/filtered_sensor_data.h
[1.059s] -- Up-to-date symlink: /home/aimane/vnav23/labs/lab4/install/mav_msgs/include/mav_msgs/mav_msgs/msg/gps_waypoint.h
[1.059s] -- Up-to-date symlink: /home/aimane/vnav23/labs/lab4/install/mav_msgs/include/mav_msgs/mav_msgs/msg/rate_thrust.h
[1.060s] -- Up-to-date symlink: /home/aimane/vnav23/labs/lab4/install/mav_msgs/include/mav_msgs/mav_msgs/msg/roll_pitch_yawrate_thrust.h
[1.082s] -- Up-to-date symlink: /home/aimane/vnav23/labs/lab4/install/mav_msgs/include/mav_msgs/mav_msgs/msg/rosidl_generator_c__visibility_control.h
[1.083s] -- Up-to-date symlink: /home/aimane/vnav23/labs/lab4/install/mav_msgs/include/mav_msgs/mav_msgs/msg/status.h
[1.083s] -- Up-to-date symlink: /home/aimane/vnav23/labs/lab4/install/mav_msgs/include/mav_msgs/mav_msgs/msg/torque_thrust.h
[1.083s] -- Up-to-date symlink: /home/aimane/vnav23/labs/lab4/install/mav_msgs/share/mav_msgs/environment/library_path.sh
[1.084s] -- Up-to-date symlink: /home/aimane/vnav23/labs/lab4/install/mav_msgs/share/mav_msgs/environment/library_path.dsv
[1.084s] -- Up-to-date symlink: /home/aimane/vnav23/labs/lab4/install/mav_msgs/include/mav_msgs/mav_msgs/msg/detail/actuators__rosidl_typesupport_fastrtps_c.h
[1.084s] -- Up-to-date symlink: /home/aimane/vnav23/labs/lab4/install/mav_msgs/include/mav_msgs/mav_msgs/msg/detail/attitude_thrust__rosidl_typesupport_fastrtps_c.h
[1.084s] -- Up-to-date symlink: /home/aimane/vnav23/labs/lab4/install/mav_msgs/include/mav_msgs/mav_msgs/msg/detail/filtered_sensor_data__rosidl_typesupport_fastrtps_c.h
[1.085s] -- Up-to-date symlink: /home/aimane/vnav23/labs/lab4/install/mav_msgs/include/mav_msgs/mav_msgs/msg/detail/gps_waypoint__rosidl_typesupport_fastrtps_c.h
[1.085s] -- Up-to-date symlink: /home/aimane/vnav23/labs/lab4/install/mav_msgs/include/mav_msgs/mav_msgs/msg/detail/rate_thrust__rosidl_typesupport_fastrtps_c.h
[1.087s] -- Up-to-date symlink: /home/aimane/vnav23/labs/lab4/install/mav_msgs/include/mav_msgs/mav_msgs/msg/detail/roll_pitch_yawrate_thrust__rosidl_typesupport_fastrtps_c.h
[1.089s] -- Up-to-date symlink: /home/aimane/vnav23/labs/lab4/install/mav_msgs/include/mav_msgs/mav_msgs/msg/detail/status__rosidl_typesupport_fastrtps_c.h
[1.089s] -- Up-to-date symlink: /home/aimane/vnav23/labs/lab4/install/mav_msgs/include/mav_msgs/mav_msgs/msg/detail/torque_thrust__rosidl_typesupport_fastrtps_c.h
[1.089s] -- Up-to-date symlink: /home/aimane/vnav23/labs/lab4/install/mav_msgs/include/mav_msgs/mav_msgs/msg/rosidl_typesupport_fastrtps_c__visibility_control.h
[1.089s] -- Up-to-date symlink: /home/aimane/vnav23/labs/lab4/install/mav_msgs/include/mav_msgs/mav_msgs/msg/detail/actuators__rosidl_typesupport_introspection_c.h
[1.090s] -- Up-to-date symlink: /home/aimane/vnav23/labs/lab4/install/mav_msgs/include/mav_msgs/mav_msgs/msg/detail/attitude_thrust__rosidl_typesupport_introspection_c.h
[1.090s] -- Up-to-date symlink: /home/aimane/vnav23/labs/lab4/install/mav_msgs/include/mav_msgs/mav_msgs/msg/detail/filtered_sensor_data__rosidl_typesupport_introspection_c.h
[1.090s] -- Up-to-date symlink: /home/aimane/vnav23/labs/lab4/install/mav_msgs/include/mav_msgs/mav_msgs/msg/detail/gps_waypoint__rosidl_typesupport_introspection_c.h
[1.090s] -- Up-to-date symlink: /home/aimane/vnav23/labs/lab4/install/mav_msgs/include/mav_msgs/mav_msgs/msg/detail/rate_thrust__rosidl_typesupport_introspection_c.h
[1.091s] -- Up-to-date symlink: /home/aimane/vnav23/labs/lab4/install/mav_msgs/include/mav_msgs/mav_msgs/msg/detail/roll_pitch_yawrate_thrust__rosidl_typesupport_introspection_c.h
[1.091s] -- Up-to-date symlink: /home/aimane/vnav23/labs/lab4/install/mav_msgs/include/mav_msgs/mav_msgs/msg/detail/status__rosidl_typesupport_introspection_c.h
[1.091s] -- Up-to-date symlink: /home/aimane/vnav23/labs/lab4/install/mav_msgs/include/mav_msgs/mav_msgs/msg/detail/torque_thrust__rosidl_typesupport_introspection_c.h
[1.091s] -- Up-to-date symlink: /home/aimane/vnav23/labs/lab4/install/mav_msgs/include/mav_msgs/mav_msgs/msg/rosidl_typesupport_introspection_c__visibility_control.h
[1.091s] -- Up-to-date symlink: /home/aimane/vnav23/labs/lab4/install/mav_msgs/include/mav_msgs/mav_msgs/msg/actuators.hpp
[1.092s] -- Up-to-date symlink: /home/aimane/vnav23/labs/lab4/install/mav_msgs/include/mav_msgs/mav_msgs/msg/attitude_thrust.hpp
[1.092s] -- Up-to-date symlink: /home/aimane/vnav23/labs/lab4/install/mav_msgs/include/mav_msgs/mav_msgs/msg/detail/actuators__builder.hpp
[1.092s] -- Up-to-date symlink: /home/aimane/vnav23/labs/lab4/install/mav_msgs/include/mav_msgs/mav_msgs/msg/detail/actuators__struct.hpp
[1.092s] -- Up-to-date symlink: /home/aimane/vnav23/labs/lab4/install/mav_msgs/include/mav_msgs/mav_msgs/msg/detail/actuators__traits.hpp
[1.093s] -- Up-to-date symlink: /home/aimane/vnav23/labs/lab4/install/mav_msgs/include/mav_msgs/mav_msgs/msg/detail/actuators__type_support.hpp
[1.093s] -- Up-to-date symlink: /home/aimane/vnav23/labs/lab4/install/mav_msgs/include/mav_msgs/mav_msgs/msg/detail/attitude_thrust__builder.hpp
[1.093s] -- Up-to-date symlink: /home/aimane/vnav23/labs/lab4/install/mav_msgs/include/mav_msgs/mav_msgs/msg/detail/attitude_thrust__struct.hpp
[1.094s] -- Up-to-date symlink: /home/aimane/vnav23/labs/lab4/install/mav_msgs/include/mav_msgs/mav_msgs/msg/detail/attitude_thrust__traits.hpp
[1.094s] -- Up-to-date symlink: /home/aimane/vnav23/labs/lab4/install/mav_msgs/include/mav_msgs/mav_msgs/msg/detail/attitude_thrust__type_support.hpp
[1.094s] -- Up-to-date symlink: /home/aimane/vnav23/labs/lab4/install/mav_msgs/include/mav_msgs/mav_msgs/msg/detail/filtered_sensor_data__builder.hpp
[1.094s] -- Up-to-date symlink: /home/aimane/vnav23/labs/lab4/install/mav_msgs/include/mav_msgs/mav_msgs/msg/detail/filtered_sensor_data__struct.hpp
[1.094s] -- Up-to-date symlink: /home/aimane/vnav23/labs/lab4/install/mav_msgs/include/mav_msgs/mav_msgs/msg/detail/filtered_sensor_data__traits.hpp
[1.095s] -- Up-to-date symlink: /home/aimane/vnav23/labs/lab4/install/mav_msgs/include/mav_msgs/mav_msgs/msg/detail/filtered_sensor_data__type_support.hpp
[1.095s] -- Up-to-date symlink: /home/aimane/vnav23/labs/lab4/install/mav_msgs/include/mav_msgs/mav_msgs/msg/detail/gps_waypoint__builder.hpp
[1.095s] -- Up-to-date symlink: /home/aimane/vnav23/labs/lab4/install/mav_msgs/include/mav_msgs/mav_msgs/msg/detail/gps_waypoint__struct.hpp
[1.095s] -- Up-to-date symlink: /home/aimane/vnav23/labs/lab4/install/mav_msgs/include/mav_msgs/mav_msgs/msg/detail/gps_waypoint__traits.hpp
[1.096s] -- Up-to-date symlink: /home/aimane/vnav23/labs/lab4/install/mav_msgs/include/mav_msgs/mav_msgs/msg/detail/gps_waypoint__type_support.hpp
[1.096s] -- Up-to-date symlink: /home/aimane/vnav23/labs/lab4/install/mav_msgs/include/mav_msgs/mav_msgs/msg/detail/rate_thrust__builder.hpp
[1.096s] -- Up-to-date symlink: /home/aimane/vnav23/labs/lab4/install/mav_msgs/include/mav_msgs/mav_msgs/msg/detail/rate_thrust__struct.hpp
[1.096s] -- Up-to-date symlink: /home/aimane/vnav23/labs/lab4/install/mav_msgs/include/mav_msgs/mav_msgs/msg/detail/rate_thrust__traits.hpp
[1.097s] -- Up-to-date symlink: /home/aimane/vnav23/labs/lab4/install/mav_msgs/include/mav_msgs/mav_msgs/msg/detail/rate_thrust__type_support.hpp
[1.097s] -- Up-to-date symlink: /home/aimane/vnav23/labs/lab4/install/mav_msgs/include/mav_msgs/mav_msgs/msg/detail/roll_pitch_yawrate_thrust__builder.hpp
[1.098s] -- Up-to-date symlink: /home/aimane/vnav23/labs/lab4/install/mav_msgs/include/mav_msgs/mav_msgs/msg/detail/roll_pitch_yawrate_thrust__struct.hpp
[1.098s] -- Up-to-date symlink: /home/aimane/vnav23/labs/lab4/install/mav_msgs/include/mav_msgs/mav_msgs/msg/detail/roll_pitch_yawrate_thrust__traits.hpp
[1.099s] -- Up-to-date symlink: /home/aimane/vnav23/labs/lab4/install/mav_msgs/include/mav_msgs/mav_msgs/msg/detail/roll_pitch_yawrate_thrust__type_support.hpp
[1.100s] -- Up-to-date symlink: /home/aimane/vnav23/labs/lab4/install/mav_msgs/include/mav_msgs/mav_msgs/msg/detail/status__builder.hpp
[1.100s] -- Up-to-date symlink: /home/aimane/vnav23/labs/lab4/install/mav_msgs/include/mav_msgs/mav_msgs/msg/detail/status__struct.hpp
[1.100s] -- Up-to-date symlink: /home/aimane/vnav23/labs/lab4/install/mav_msgs/include/mav_msgs/mav_msgs/msg/detail/status__traits.hpp
[1.101s] -- Up-to-date symlink: /home/aimane/vnav23/labs/lab4/install/mav_msgs/include/mav_msgs/mav_msgs/msg/detail/status__type_support.hpp
[1.101s] -- Up-to-date symlink: /home/aimane/vnav23/labs/lab4/install/mav_msgs/include/mav_msgs/mav_msgs/msg/detail/torque_thrust__builder.hpp
[1.101s] -- Up-to-date symlink: /home/aimane/vnav23/labs/lab4/install/mav_msgs/include/mav_msgs/mav_msgs/msg/detail/torque_thrust__struct.hpp
[1.102s] -- Up-to-date symlink: /home/aimane/vnav23/labs/lab4/install/mav_msgs/include/mav_msgs/mav_msgs/msg/detail/torque_thrust__traits.hpp
[1.102s] -- Up-to-date symlink: /home/aimane/vnav23/labs/lab4/install/mav_msgs/include/mav_msgs/mav_msgs/msg/detail/torque_thrust__type_support.hpp
[1.103s] -- Up-to-date symlink: /home/aimane/vnav23/labs/lab4/install/mav_msgs/include/mav_msgs/mav_msgs/msg/filtered_sensor_data.hpp
[1.103s] -- Up-to-date symlink: /home/aimane/vnav23/labs/lab4/install/mav_msgs/include/mav_msgs/mav_msgs/msg/gps_waypoint.hpp
[1.103s] -- Up-to-date symlink: /home/aimane/vnav23/labs/lab4/install/mav_msgs/include/mav_msgs/mav_msgs/msg/rate_thrust.hpp
[1.104s] -- Up-to-date symlink: /home/aimane/vnav23/labs/lab4/install/mav_msgs/include/mav_msgs/mav_msgs/msg/roll_pitch_yawrate_thrust.hpp
[1.116s] -- Up-to-date symlink: /home/aimane/vnav23/labs/lab4/install/mav_msgs/include/mav_msgs/mav_msgs/msg/rosidl_generator_cpp__visibility_control.hpp
[1.118s] -- Up-to-date symlink: /home/aimane/vnav23/labs/lab4/install/mav_msgs/include/mav_msgs/mav_msgs/msg/status.hpp
[1.119s] -- Up-to-date symlink: /home/aimane/vnav23/labs/lab4/install/mav_msgs/include/mav_msgs/mav_msgs/msg/torque_thrust.hpp
[1.119s] -- Up-to-date symlink: /home/aimane/vnav23/labs/lab4/install/mav_msgs/include/mav_msgs/mav_msgs/msg/detail/actuators__rosidl_typesupport_fastrtps_cpp.hpp
[1.119s] -- Up-to-date symlink: /home/aimane/vnav23/labs/lab4/install/mav_msgs/include/mav_msgs/mav_msgs/msg/detail/attitude_thrust__rosidl_typesupport_fastrtps_cpp.hpp
[1.119s] -- Up-to-date symlink: /home/aimane/vnav23/labs/lab4/install/mav_msgs/include/mav_msgs/mav_msgs/msg/detail/filtered_sensor_data__rosidl_typesupport_fastrtps_cpp.hpp
[1.119s] -- Up-to-date symlink: /home/aimane/vnav23/labs/lab4/install/mav_msgs/include/mav_msgs/mav_msgs/msg/detail/gps_waypoint__rosidl_typesupport_fastrtps_cpp.hpp
[1.119s] -- Up-to-date symlink: /home/aimane/vnav23/labs/lab4/install/mav_msgs/include/mav_msgs/mav_msgs/msg/detail/rate_thrust__rosidl_typesupport_fastrtps_cpp.hpp
[1.120s] -- Up-to-date symlink: /home/aimane/vnav23/labs/lab4/install/mav_msgs/include/mav_msgs/mav_msgs/msg/detail/roll_pitch_yawrate_thrust__rosidl_typesupport_fastrtps_cpp.hpp
[1.120s] -- Up-to-date symlink: /home/aimane/vnav23/labs/lab4/install/mav_msgs/include/mav_msgs/mav_msgs/msg/detail/status__rosidl_typesupport_fastrtps_cpp.hpp
[1.121s] -- Up-to-date symlink: /home/aimane/vnav23/labs/lab4/install/mav_msgs/include/mav_msgs/mav_msgs/msg/detail/torque_thrust__rosidl_typesupport_fastrtps_cpp.hpp
[1.122s] -- Up-to-date symlink: /home/aimane/vnav23/labs/lab4/install/mav_msgs/include/mav_msgs/mav_msgs/msg/rosidl_typesupport_fastrtps_cpp__visibility_control.h
[1.122s] -- Up-to-date symlink: /home/aimane/vnav23/labs/lab4/install/mav_msgs/include/mav_msgs/mav_msgs/msg/detail/actuators__rosidl_typesupport_introspection_cpp.hpp
[1.123s] -- Up-to-date symlink: /home/aimane/vnav23/labs/lab4/install/mav_msgs/include/mav_msgs/mav_msgs/msg/detail/attitude_thrust__rosidl_typesupport_introspection_cpp.hpp
[1.124s] -- Up-to-date symlink: /home/aimane/vnav23/labs/lab4/install/mav_msgs/include/mav_msgs/mav_msgs/msg/detail/filtered_sensor_data__rosidl_typesupport_introspection_cpp.hpp
[1.124s] -- Up-to-date symlink: /home/aimane/vnav23/labs/lab4/install/mav_msgs/include/mav_msgs/mav_msgs/msg/detail/gps_waypoint__rosidl_typesupport_introspection_cpp.hpp
[1.124s] -- Up-to-date symlink: /home/aimane/vnav23/labs/lab4/install/mav_msgs/include/mav_msgs/mav_msgs/msg/detail/rate_thrust__rosidl_typesupport_introspection_cpp.hpp
[1.126s] -- Up-to-date symlink: /home/aimane/vnav23/labs/lab4/install/mav_msgs/include/mav_msgs/mav_msgs/msg/detail/roll_pitch_yawrate_thrust__rosidl_typesupport_introspection_cpp.hpp
[1.126s] -- Up-to-date symlink: /home/aimane/vnav23/labs/lab4/install/mav_msgs/include/mav_msgs/mav_msgs/msg/detail/status__rosidl_typesupport_introspection_cpp.hpp
[1.127s] -- Up-to-date symlink: /home/aimane/vnav23/labs/lab4/install/mav_msgs/include/mav_msgs/mav_msgs/msg/detail/torque_thrust__rosidl_typesupport_introspection_cpp.hpp
[1.127s] -- Up-to-date symlink: /home/aimane/vnav23/labs/lab4/install/mav_msgs/share/mav_msgs/environment/pythonpath.sh
[1.128s] -- Up-to-date symlink: /home/aimane/vnav23/labs/lab4/install/mav_msgs/share/mav_msgs/environment/pythonpath.dsv
[1.128s] -- Up-to-date symlink: /home/aimane/vnav23/labs/lab4/install/mav_msgs/local/lib/python3.10/dist-packages/mav_msgs-3.3.3-py3.10.egg-info/PKG-INFO
[1.129s] -- Up-to-date symlink: /home/aimane/vnav23/labs/lab4/install/mav_msgs/local/lib/python3.10/dist-packages/mav_msgs-3.3.3-py3.10.egg-info/SOURCES.txt
[1.129s] -- Up-to-date symlink: /home/aimane/vnav23/labs/lab4/install/mav_msgs/local/lib/python3.10/dist-packages/mav_msgs-3.3.3-py3.10.egg-info/dependency_links.txt
[1.130s] -- Up-to-date symlink: /home/aimane/vnav23/labs/lab4/install/mav_msgs/local/lib/python3.10/dist-packages/mav_msgs-3.3.3-py3.10.egg-info/top_level.txt
[1.131s] -- Up-to-date symlink: /home/aimane/vnav23/labs/lab4/install/mav_msgs/local/lib/python3.10/dist-packages/mav_msgs/__init__.py
[1.131s] -- Up-to-date symlink: /home/aimane/vnav23/labs/lab4/install/mav_msgs/local/lib/python3.10/dist-packages/mav_msgs/_mav_msgs_s.ep.rosidl_typesupport_c.c
[1.131s] -- Up-to-date symlink: /home/aimane/vnav23/labs/lab4/install/mav_msgs/local/lib/python3.10/dist-packages/mav_msgs/_mav_msgs_s.ep.rosidl_typesupport_fastrtps_c.c
[1.131s] -- Up-to-date symlink: /home/aimane/vnav23/labs/lab4/install/mav_msgs/local/lib/python3.10/dist-packages/mav_msgs/_mav_msgs_s.ep.rosidl_typesupport_introspection_c.c
[1.132s] -- Up-to-date symlink: /home/aimane/vnav23/labs/lab4/install/mav_msgs/local/lib/python3.10/dist-packages/mav_msgs/libmav_msgs__rosidl_generator_py.so
[1.133s] -- Up-to-date symlink: /home/aimane/vnav23/labs/lab4/install/mav_msgs/local/lib/python3.10/dist-packages/mav_msgs/mav_msgs_s__rosidl_typesupport_c.cpython-310-x86_64-linux-gnu.so
[1.133s] -- Up-to-date symlink: /home/aimane/vnav23/labs/lab4/install/mav_msgs/local/lib/python3.10/dist-packages/mav_msgs/mav_msgs_s__rosidl_typesupport_fastrtps_c.cpython-310-x86_64-linux-gnu.so
[1.133s] -- Up-to-date symlink: /home/aimane/vnav23/labs/lab4/install/mav_msgs/local/lib/python3.10/dist-packages/mav_msgs/mav_msgs_s__rosidl_typesupport_introspection_c.cpython-310-x86_64-linux-gnu.so
[1.134s] -- Up-to-date symlink: /home/aimane/vnav23/labs/lab4/install/mav_msgs/local/lib/python3.10/dist-packages/mav_msgs/msg/__init__.py
[1.134s] -- Up-to-date symlink: /home/aimane/vnav23/labs/lab4/install/mav_msgs/local/lib/python3.10/dist-packages/mav_msgs/msg/_actuators.py
[1.134s] -- Up-to-date symlink: /home/aimane/vnav23/labs/lab4/install/mav_msgs/local/lib/python3.10/dist-packages/mav_msgs/msg/_actuators_s.c
[1.134s] -- Up-to-date symlink: /home/aimane/vnav23/labs/lab4/install/mav_msgs/local/lib/python3.10/dist-packages/mav_msgs/msg/_attitude_thrust.py
[1.135s] -- Up-to-date symlink: /home/aimane/vnav23/labs/lab4/install/mav_msgs/local/lib/python3.10/dist-packages/mav_msgs/msg/_attitude_thrust_s.c
[1.135s] -- Up-to-date symlink: /home/aimane/vnav23/labs/lab4/install/mav_msgs/local/lib/python3.10/dist-packages/mav_msgs/msg/_filtered_sensor_data.py
[1.136s] -- Up-to-date symlink: /home/aimane/vnav23/labs/lab4/install/mav_msgs/local/lib/python3.10/dist-packages/mav_msgs/msg/_filtered_sensor_data_s.c
[1.136s] -- Up-to-date symlink: /home/aimane/vnav23/labs/lab4/install/mav_msgs/local/lib/python3.10/dist-packages/mav_msgs/msg/_gps_waypoint.py
[1.137s] -- Up-to-date symlink: /home/aimane/vnav23/labs/lab4/install/mav_msgs/local/lib/python3.10/dist-packages/mav_msgs/msg/_gps_waypoint_s.c
[1.137s] -- Up-to-date symlink: /home/aimane/vnav23/labs/lab4/install/mav_msgs/local/lib/python3.10/dist-packages/mav_msgs/msg/_rate_thrust.py
[1.137s] -- Up-to-date symlink: /home/aimane/vnav23/labs/lab4/install/mav_msgs/local/lib/python3.10/dist-packages/mav_msgs/msg/_rate_thrust_s.c
[1.137s] -- Up-to-date symlink: /home/aimane/vnav23/labs/lab4/install/mav_msgs/local/lib/python3.10/dist-packages/mav_msgs/msg/_roll_pitch_yawrate_thrust.py
[1.137s] -- Up-to-date symlink: /home/aimane/vnav23/labs/lab4/install/mav_msgs/local/lib/python3.10/dist-packages/mav_msgs/msg/_roll_pitch_yawrate_thrust_s.c
[1.137s] -- Up-to-date symlink: /home/aimane/vnav23/labs/lab4/install/mav_msgs/local/lib/python3.10/dist-packages/mav_msgs/msg/_status.py
[1.138s] -- Up-to-date symlink: /home/aimane/vnav23/labs/lab4/install/mav_msgs/local/lib/python3.10/dist-packages/mav_msgs/msg/_status_s.c
[1.138s] -- Up-to-date symlink: /home/aimane/vnav23/labs/lab4/install/mav_msgs/local/lib/python3.10/dist-packages/mav_msgs/msg/_torque_thrust.py
[1.138s] -- Up-to-date symlink: /home/aimane/vnav23/labs/lab4/install/mav_msgs/local/lib/python3.10/dist-packages/mav_msgs/msg/_torque_thrust_s.c
[1.138s] -- Up-to-date symlink: /home/aimane/vnav23/labs/lab4/install/mav_msgs/local/lib/python3.10/dist-packages/mav_msgs/mav_msgs_s__rosidl_typesupport_fastrtps_c.cpython-310-x86_64-linux-gnu.so
[1.139s] -- Up-to-date symlink: /home/aimane/vnav23/labs/lab4/install/mav_msgs/local/lib/python3.10/dist-packages/mav_msgs/mav_msgs_s__rosidl_typesupport_introspection_c.cpython-310-x86_64-linux-gnu.so
[1.139s] -- Up-to-date symlink: /home/aimane/vnav23/labs/lab4/install/mav_msgs/local/lib/python3.10/dist-packages/mav_msgs/mav_msgs_s__rosidl_typesupport_c.cpython-310-x86_64-linux-gnu.so
[1.139s] -- Up-to-date symlink: /home/aimane/vnav23/labs/lab4/install/mav_msgs/share/mav_msgs/msg/Actuators.idl
[1.140s] -- Up-to-date symlink: /home/aimane/vnav23/labs/lab4/install/mav_msgs/share/mav_msgs/msg/AttitudeThrust.idl
[1.140s] -- Up-to-date symlink: /home/aimane/vnav23/labs/lab4/install/mav_msgs/share/mav_msgs/msg/FilteredSensorData.idl
[1.140s] -- Up-to-date symlink: /home/aimane/vnav23/labs/lab4/install/mav_msgs/share/mav_msgs/msg/GpsWaypoint.idl
[1.140s] -- Up-to-date symlink: /home/aimane/vnav23/labs/lab4/install/mav_msgs/share/mav_msgs/msg/RateThrust.idl
[1.141s] -- Up-to-date symlink: /home/aimane/vnav23/labs/lab4/install/mav_msgs/share/mav_msgs/msg/RollPitchYawrateThrust.idl
[1.141s] -- Up-to-date symlink: /home/aimane/vnav23/labs/lab4/install/mav_msgs/share/mav_msgs/msg/Status.idl
[1.142s] -- Up-to-date symlink: /home/aimane/vnav23/labs/lab4/install/mav_msgs/share/mav_msgs/msg/TorqueThrust.idl
[1.142s] -- Up-to-date symlink: /home/aimane/vnav23/labs/lab4/install/mav_msgs/share/mav_msgs/msg/Actuators.msg
[1.142s] -- Up-to-date symlink: /home/aimane/vnav23/labs/lab4/install/mav_msgs/share/mav_msgs/msg/AttitudeThrust.msg
[1.143s] -- Up-to-date symlink: /home/aimane/vnav23/labs/lab4/install/mav_msgs/share/mav_msgs/msg/FilteredSensorData.msg
[1.143s] -- Up-to-date symlink: /home/aimane/vnav23/labs/lab4/install/mav_msgs/share/mav_msgs/msg/GpsWaypoint.msg
[1.143s] -- Up-to-date symlink: /home/aimane/vnav23/labs/lab4/install/mav_msgs/share/mav_msgs/msg/RateThrust.msg
[1.143s] -- Up-to-date symlink: /home/aimane/vnav23/labs/lab4/install/mav_msgs/share/mav_msgs/msg/RollPitchYawrateThrust.msg
[1.144s] -- Up-to-date symlink: /home/aimane/vnav23/labs/lab4/install/mav_msgs/share/mav_msgs/msg/Status.msg
[1.144s] -- Up-to-date symlink: /home/aimane/vnav23/labs/lab4/install/mav_msgs/share/mav_msgs/msg/TorqueThrust.msg
[1.144s] -- Up-to-date symlink: /home/aimane/vnav23/labs/lab4/install/mav_msgs/share/ament_index/resource_index/package_run_dependencies/mav_msgs
[1.144s] -- Up-to-date symlink: /home/aimane/vnav23/labs/lab4/install/mav_msgs/share/ament_index/resource_index/parent_prefix_path/mav_msgs
[1.145s] -- Up-to-date symlink: /home/aimane/vnav23/labs/lab4/install/mav_msgs/share/mav_msgs/environment/ament_prefix_path.sh
[1.145s] -- Up-to-date symlink: /home/aimane/vnav23/labs/lab4/install/mav_msgs/share/mav_msgs/environment/ament_prefix_path.dsv
[1.145s] -- Up-to-date symlink: /home/aimane/vnav23/labs/lab4/install/mav_msgs/share/mav_msgs/environment/path.sh
[1.146s] -- Up-to-date symlink: /home/aimane/vnav23/labs/lab4/install/mav_msgs/share/mav_msgs/environment/path.dsv
[1.146s] -- Up-to-date symlink: /home/aimane/vnav23/labs/lab4/install/mav_msgs/share/mav_msgs/local_setup.bash
[1.146s] -- Up-to-date symlink: /home/aimane/vnav23/labs/lab4/install/mav_msgs/share/mav_msgs/local_setup.sh
[1.150s] -- Up-to-date symlink: /home/aimane/vnav23/labs/lab4/install/mav_msgs/share/mav_msgs/local_setup.zsh
[1.150s] -- Up-to-date symlink: /home/aimane/vnav23/labs/lab4/install/mav_msgs/share/mav_msgs/local_setup.dsv
[1.150s] -- Symlinking: /home/aimane/vnav23/labs/lab4/install/mav_msgs/share/mav_msgs/package.dsv
[1.153s] -- Up-to-date symlink: /home/aimane/vnav23/labs/lab4/install/mav_msgs/share/ament_index/resource_index/packages/mav_msgs
[1.154s] -- Up-to-date symlink: /home/aimane/vnav23/labs/lab4/install/mav_msgs/share/mav_msgs/cmake/rosidl_cmake-extras.cmake
[1.154s] -- Up-to-date symlink: /home/aimane/vnav23/labs/lab4/install/mav_msgs/share/mav_msgs/cmake/ament_cmake_export_dependencies-extras.cmake
[1.154s] -- Up-to-date symlink: /home/aimane/vnav23/labs/lab4/install/mav_msgs/share/mav_msgs/cmake/ament_cmake_export_include_directories-extras.cmake
[1.154s] -- Up-to-date symlink: /home/aimane/vnav23/labs/lab4/install/mav_msgs/share/mav_msgs/cmake/ament_cmake_export_libraries-extras.cmake
[1.154s] -- Up-to-date symlink: /home/aimane/vnav23/labs/lab4/install/mav_msgs/share/mav_msgs/cmake/ament_cmake_export_targets-extras.cmake
[1.155s] -- Up-to-date symlink: /home/aimane/vnav23/labs/lab4/install/mav_msgs/share/mav_msgs/cmake/rosidl_cmake_export_typesupport_targets-extras.cmake
[1.156s] -- Up-to-date symlink: /home/aimane/vnav23/labs/lab4/install/mav_msgs/share/mav_msgs/cmake/rosidl_cmake_export_typesupport_libraries-extras.cmake
[1.156s] -- Up-to-date symlink: /home/aimane/vnav23/labs/lab4/install/mav_msgs/share/mav_msgs/cmake/mav_msgsConfig.cmake
[1.156s] -- Up-to-date symlink: /home/aimane/vnav23/labs/lab4/install/mav_msgs/share/mav_msgs/cmake/mav_msgsConfig-version.cmake
[1.157s] -- Up-to-date symlink: /home/aimane/vnav23/labs/lab4/install/mav_msgs/share/mav_msgs/package.xml
[1.158s] -- Up-to-date: /home/aimane/vnav23/labs/lab4/install/mav_msgs/lib/libmav_msgs__rosidl_generator_c.so
[1.158s] -- Up-to-date: /home/aimane/vnav23/labs/lab4/install/mav_msgs/lib/libmav_msgs__rosidl_typesupport_fastrtps_c.so
[1.158s] -- Up-to-date: /home/aimane/vnav23/labs/lab4/install/mav_msgs/lib/libmav_msgs__rosidl_typesupport_introspection_c.so
[1.159s] -- Up-to-date: /home/aimane/vnav23/labs/lab4/install/mav_msgs/lib/libmav_msgs__rosidl_typesupport_c.so
[1.161s] -- Up-to-date: /home/aimane/vnav23/labs/lab4/install/mav_msgs/lib/libmav_msgs__rosidl_typesupport_fastrtps_cpp.so
[1.162s] -- Up-to-date: /home/aimane/vnav23/labs/lab4/install/mav_msgs/lib/libmav_msgs__rosidl_typesupport_introspection_cpp.so
[1.163s] -- Up-to-date: /home/aimane/vnav23/labs/lab4/install/mav_msgs/lib/libmav_msgs__rosidl_typesupport_cpp.so
[1.202s] Listing '/home/aimane/vnav23/labs/lab4/install/mav_msgs/local/lib/python3.10/dist-packages/mav_msgs'...
[1.202s] Listing '/home/aimane/vnav23/labs/lab4/install/mav_msgs/local/lib/python3.10/dist-packages/mav_msgs/msg'...
[1.204s] -- Up-to-date: /home/aimane/vnav23/labs/lab4/install/mav_msgs/lib/libmav_msgs__rosidl_generator_py.so
[1.204s] -- Up-to-date: /home/aimane/vnav23/labs/lab4/install/mav_msgs/include/mav_msgs
[1.204s] -- Up-to-date: /home/aimane/vnav23/labs/lab4/install/mav_msgs/include/mav_msgs/default_topics.hpp
[1.205s] -- Up-to-date: /home/aimane/vnav23/labs/lab4/install/mav_msgs/include/mav_msgs/conversions.hpp
[1.205s] -- Up-to-date: /home/aimane/vnav23/labs/lab4/install/mav_msgs/include/mav_msgs/common.hpp
[1.205s] -- Up-to-date: /home/aimane/vnav23/labs/lab4/install/mav_msgs/include/mav_msgs/default_values.hpp
[1.205s] -- Up-to-date: /home/aimane/vnav23/labs/lab4/install/mav_msgs/include/mav_msgs/eigen_mav_msgs.hpp
[1.205s] -- Up-to-date: /home/aimane/vnav23/labs/lab4/install/mav_msgs/share/mav_msgs/cmake/export_mav_msgs__rosidl_generator_cExport.cmake
[1.205s] -- Up-to-date: /home/aimane/vnav23/labs/lab4/install/mav_msgs/share/mav_msgs/cmake/export_mav_msgs__rosidl_generator_cExport-noconfig.cmake
[1.206s] -- Up-to-date: /home/aimane/vnav23/labs/lab4/install/mav_msgs/share/mav_msgs/cmake/export_mav_msgs__rosidl_typesupport_fastrtps_cExport.cmake
[1.206s] -- Up-to-date: /home/aimane/vnav23/labs/lab4/install/mav_msgs/share/mav_msgs/cmake/export_mav_msgs__rosidl_typesupport_fastrtps_cExport-noconfig.cmake
[1.207s] -- Up-to-date: /home/aimane/vnav23/labs/lab4/install/mav_msgs/share/mav_msgs/cmake/mav_msgs__rosidl_typesupport_introspection_cExport.cmake
[1.208s] -- Up-to-date: /home/aimane/vnav23/labs/lab4/install/mav_msgs/share/mav_msgs/cmake/mav_msgs__rosidl_typesupport_introspection_cExport-noconfig.cmake
[1.208s] -- Up-to-date: /home/aimane/vnav23/labs/lab4/install/mav_msgs/share/mav_msgs/cmake/mav_msgs__rosidl_typesupport_cExport.cmake
[1.208s] -- Up-to-date: /home/aimane/vnav23/labs/lab4/install/mav_msgs/share/mav_msgs/cmake/mav_msgs__rosidl_typesupport_cExport-noconfig.cmake
[1.208s] -- Up-to-date: /home/aimane/vnav23/labs/lab4/install/mav_msgs/share/mav_msgs/cmake/export_mav_msgs__rosidl_generator_cppExport.cmake
[1.208s] -- Up-to-date: /home/aimane/vnav23/labs/lab4/install/mav_msgs/share/mav_msgs/cmake/export_mav_msgs__rosidl_typesupport_fastrtps_cppExport.cmake
[1.209s] -- Up-to-date: /home/aimane/vnav23/labs/lab4/install/mav_msgs/share/mav_msgs/cmake/export_mav_msgs__rosidl_typesupport_fastrtps_cppExport-noconfig.cmake
[1.209s] -- Up-to-date: /home/aimane/vnav23/labs/lab4/install/mav_msgs/share/mav_msgs/cmake/mav_msgs__rosidl_typesupport_introspection_cppExport.cmake
[1.209s] -- Up-to-date: /home/aimane/vnav23/labs/lab4/install/mav_msgs/share/mav_msgs/cmake/mav_msgs__rosidl_typesupport_introspection_cppExport-noconfig.cmake
[1.209s] -- Up-to-date: /home/aimane/vnav23/labs/lab4/install/mav_msgs/share/mav_msgs/cmake/mav_msgs__rosidl_typesupport_cppExport.cmake
[1.209s] -- Up-to-date: /home/aimane/vnav23/labs/lab4/install/mav_msgs/share/mav_msgs/cmake/mav_msgs__rosidl_typesupport_cppExport-noconfig.cmake
[1.209s] -- Up-to-date: /home/aimane/vnav23/labs/lab4/install/mav_msgs/share/mav_msgs/cmake/export_mav_msgs__rosidl_generator_pyExport.cmake
[1.209s] -- Up-to-date: /home/aimane/vnav23/labs/lab4/install/mav_msgs/share/mav_msgs/cmake/export_mav_msgs__rosidl_generator_pyExport-noconfig.cmake
[1.209s] -- Up-to-date: /home/aimane/vnav23/labs/lab4/install/mav_msgs/share/mav_msgs/cmake/mav_msgsTargetsExport.cmake
[1.228s] Invoked command in '/home/aimane/vnav23/labs/lab4/build/mav_msgs' returned '0': CMAKE_PREFIX_PATH=/home/aimane/vnav23/labs/lab4/install/trajectory_generation:/home/aimane/vnav23/labs/lab4/install/tesse_msgs:/home/aimane/vnav23/labs/lab4/install/planner_pkg:/home/aimane/vnav23/labs/lab4/install/tesse_ros_bridge:/opt/ros/humble:/home/aimane/vnav23/labs/lab4/install/mav_visualization:/home/aimane/vnav23/labs/lab4/install/mav_trajectory_generation:/home/aimane/vnav23/labs/lab4/install/mav_comm:/home/aimane/vnav23/labs/lab4/install/mav_system_msgs:/home/aimane/vnav23/labs/lab4/install/mav_state_machine_msgs:/home/aimane/vnav23/labs/lab4/install/mav_planning_msgs:/home/aimane/vnav23/labs/lab4/install/controller_pkg:/home/aimane/vnav23/labs/lab4/install/mav_msgs /usr/bin/cmake --install /home/aimane/vnav23/labs/lab4/build/mav_msgs
