[35m[1mConsolidate compiler generated dependencies of target simple_traj_planner[0m
[ 50%] Built target traj_vertices_publisher
[ 75%] [32mBuilding CXX object CMakeFiles/simple_traj_planner.dir/src/simple_traj_planner.cpp.o[0m
[01m[K/home/aimane/vnav23/labs/lab4/src/planner_pkg/src/simple_traj_planner.cpp:[m[K In constructor ‘[01m[KSimpleTrajPlanner::SimpleTrajPlanner()[m[K’:
[01m[K/home/aimane/vnav23/labs/lab4/src/planner_pkg/src/simple_traj_planner.cpp:28:23:[m[K [01;35m[Kwarning: [m[Kunused variable ‘[01m[Kindex[m[K’ [[01;35m[K-Wunused-variable[m[K]
   28 |     long unsigned int [01;35m[Kindex[m[K = 0;
      |                       [01;35m[K^~~~~[m[K
[01m[K/home/aimane/vnav23/labs/lab4/src/planner_pkg/src/simple_traj_planner.cpp:[m[K In member function ‘[01m[Kvoid SimpleTrajPlanner::trajCB(geometry_msgs::msg::PoseArray_<std::allocator<void> >::SharedPtr)[m[K’:
[01m[K/home/aimane/vnav23/labs/lab4/src/planner_pkg/src/simple_traj_planner.cpp:74:46:[m[K [01;31m[Kerror: [m[Kno match for ‘[01m[Koperator[][m[K’ (operand types are ‘[01m[Kgeometry_msgs::msg::PoseArray_<std::allocator<void> >::_poses_type[m[K’ {aka ‘[01m[Kstd::vector<geometry_msgs::msg::Pose_<std::allocator<void> >, std::allocator<geometry_msgs::msg::Pose_<std::allocator<void> > > >[m[K’} and ‘[01m[K<unresolved overloaded function type>[m[K’)
   74 |     desired_pose.position.x = traj_msg->poses[01;31m[K[[m[Kindex].position.x;
      |                                              [01;31m[K^[m[K
In file included from [01m[K/usr/include/c++/11/vector:67[m[K,
                 from [01m[K/usr/include/c++/11/functional:62[m[K,
                 from [01m[K/usr/include/c++/11/pstl/glue_algorithm_defs.h:13[m[K,
                 from [01m[K/usr/include/c++/11/algorithm:74[m[K,
                 from [01m[K/opt/ros/humble/include/geometry_msgs/geometry_msgs/msg/detail/pose_array__struct.hpp:8[m[K,
                 from [01m[K/opt/ros/humble/include/geometry_msgs/geometry_msgs/msg/pose_array.hpp:7[m[K,
                 from [01m[K/home/aimane/vnav23/labs/lab4/src/planner_pkg/src/simple_traj_planner.cpp:1[m[K:
[01m[K/usr/include/c++/11/bits/stl_vector.h:1043:7:[m[K [01;36m[Knote: [m[Kcandidate: ‘[01m[Kstd::vector<_Tp, _Alloc>::reference std::vector<_Tp, _Alloc>::operator[](std::vector<_Tp, _Alloc>::size_type) [with _Tp = geometry_msgs::msg::Pose_<std::allocator<void> >; _Alloc = std::allocator<geometry_msgs::msg::Pose_<std::allocator<void> > >; std::vector<_Tp, _Alloc>::reference = geometry_msgs::msg::Pose_<std::allocator<void> >&; std::vector<_Tp, _Alloc>::size_type = long unsigned int][m[K’
 1043 |       [01;36m[Koperator[m[K[](size_type __n) _GLIBCXX_NOEXCEPT
      |       [01;36m[K^~~~~~~~[m[K
[01m[K/usr/include/c++/11/bits/stl_vector.h:1043:28:[m[K [01;36m[Knote: [m[K  no known conversion for argument 1 from ‘[01m[K<unresolved overloaded function type>[m[K’ to ‘[01m[Kstd::vector<geometry_msgs::msg::Pose_<std::allocator<void> >, std::allocator<geometry_msgs::msg::Pose_<std::allocator<void> > > >::size_type[m[K’ {aka ‘[01m[Klong unsigned int[m[K’}
 1043 |       operator[]([01;36m[Ksize_type __n[m[K) _GLIBCXX_NOEXCEPT
      |                  [01;36m[K~~~~~~~~~~^~~[m[K
[01m[K/usr/include/c++/11/bits/stl_vector.h:1061:7:[m[K [01;36m[Knote: [m[Kcandidate: ‘[01m[Kstd::vector<_Tp, _Alloc>::const_reference std::vector<_Tp, _Alloc>::operator[](std::vector<_Tp, _Alloc>::size_type) const [with _Tp = geometry_msgs::msg::Pose_<std::allocator<void> >; _Alloc = std::allocator<geometry_msgs::msg::Pose_<std::allocator<void> > >; std::vector<_Tp, _Alloc>::const_reference = const geometry_msgs::msg::Pose_<std::allocator<void> >&; std::vector<_Tp, _Alloc>::size_type = long unsigned int][m[K’
 1061 |       [01;36m[Koperator[m[K[](size_type __n) const _GLIBCXX_NOEXCEPT
      |       [01;36m[K^~~~~~~~[m[K
[01m[K/usr/include/c++/11/bits/stl_vector.h:1061:28:[m[K [01;36m[Knote: [m[K  no known conversion for argument 1 from ‘[01m[K<unresolved overloaded function type>[m[K’ to ‘[01m[Kstd::vector<geometry_msgs::msg::Pose_<std::allocator<void> >, std::allocator<geometry_msgs::msg::Pose_<std::allocator<void> > > >::size_type[m[K’ {aka ‘[01m[Klong unsigned int[m[K’}
 1061 |       operator[]([01;36m[Ksize_type __n[m[K) const _GLIBCXX_NOEXCEPT
      |                  [01;36m[K~~~~~~~~~~^~~[m[K
[01m[K/home/aimane/vnav23/labs/lab4/src/planner_pkg/src/simple_traj_planner.cpp:75:46:[m[K [01;31m[Kerror: [m[Kno match for ‘[01m[Koperator[][m[K’ (operand types are ‘[01m[Kgeometry_msgs::msg::PoseArray_<std::allocator<void> >::_poses_type[m[K’ {aka ‘[01m[Kstd::vector<geometry_msgs::msg::Pose_<std::allocator<void> >, std::allocator<geometry_msgs::msg::Pose_<std::allocator<void> > > >[m[K’} and ‘[01m[K<unresolved overloaded function type>[m[K’)
   75 |     desired_pose.position.y = traj_msg->poses[01;31m[K[[m[Kindex].position.y;
      |                                              [01;31m[K^[m[K
In file included from [01m[K/usr/include/c++/11/vector:67[m[K,
                 from [01m[K/usr/include/c++/11/functional:62[m[K,
                 from [01m[K/usr/include/c++/11/pstl/glue_algorithm_defs.h:13[m[K,
                 from [01m[K/usr/include/c++/11/algorithm:74[m[K,
                 from [01m[K/opt/ros/humble/include/geometry_msgs/geometry_msgs/msg/detail/pose_array__struct.hpp:8[m[K,
                 from [01m[K/opt/ros/humble/include/geometry_msgs/geometry_msgs/msg/pose_array.hpp:7[m[K,
                 from [01m[K/home/aimane/vnav23/labs/lab4/src/planner_pkg/src/simple_traj_planner.cpp:1[m[K:
[01m[K/usr/include/c++/11/bits/stl_vector.h:1043:7:[m[K [01;36m[Knote: [m[Kcandidate: ‘[01m[Kstd::vector<_Tp, _Alloc>::reference std::vector<_Tp, _Alloc>::operator[](std::vector<_Tp, _Alloc>::size_type) [with _Tp = geometry_msgs::msg::Pose_<std::allocator<void> >; _Alloc = std::allocator<geometry_msgs::msg::Pose_<std::allocator<void> > >; std::vector<_Tp, _Alloc>::reference = geometry_msgs::msg::Pose_<std::allocator<void> >&; std::vector<_Tp, _Alloc>::size_type = long unsigned int][m[K’
 1043 |       [01;36m[Koperator[m[K[](size_type __n) _GLIBCXX_NOEXCEPT
      |       [01;36m[K^~~~~~~~[m[K
[01m[K/usr/include/c++/11/bits/stl_vector.h:1043:28:[m[K [01;36m[Knote: [m[K  no known conversion for argument 1 from ‘[01m[K<unresolved overloaded function type>[m[K’ to ‘[01m[Kstd::vector<geometry_msgs::msg::Pose_<std::allocator<void> >, std::allocator<geometry_msgs::msg::Pose_<std::allocator<void> > > >::size_type[m[K’ {aka ‘[01m[Klong unsigned int[m[K’}
 1043 |       operator[]([01;36m[Ksize_type __n[m[K) _GLIBCXX_NOEXCEPT
      |                  [01;36m[K~~~~~~~~~~^~~[m[K
[01m[K/usr/include/c++/11/bits/stl_vector.h:1061:7:[m[K [01;36m[Knote: [m[Kcandidate: ‘[01m[Kstd::vector<_Tp, _Alloc>::const_reference std::vector<_Tp, _Alloc>::operator[](std::vector<_Tp, _Alloc>::size_type) const [with _Tp = geometry_msgs::msg::Pose_<std::allocator<void> >; _Alloc = std::allocator<geometry_msgs::msg::Pose_<std::allocator<void> > >; std::vector<_Tp, _Alloc>::const_reference = const geometry_msgs::msg::Pose_<std::allocator<void> >&; std::vector<_Tp, _Alloc>::size_type = long unsigned int][m[K’
 1061 |       [01;36m[Koperator[m[K[](size_type __n) const _GLIBCXX_NOEXCEPT
      |       [01;36m[K^~~~~~~~[m[K
[01m[K/usr/include/c++/11/bits/stl_vector.h:1061:28:[m[K [01;36m[Knote: [m[K  no known conversion for argument 1 from ‘[01m[K<unresolved overloaded function type>[m[K’ to ‘[01m[Kstd::vector<geometry_msgs::msg::Pose_<std::allocator<void> >, std::allocator<geometry_msgs::msg::Pose_<std::allocator<void> > > >::size_type[m[K’ {aka ‘[01m[Klong unsigned int[m[K’}
 1061 |       operator[]([01;36m[Ksize_type __n[m[K) const _GLIBCXX_NOEXCEPT
      |                  [01;36m[K~~~~~~~~~~^~~[m[K
[01m[K/home/aimane/vnav23/labs/lab4/src/planner_pkg/src/simple_traj_planner.cpp:76:46:[m[K [01;31m[Kerror: [m[Kno match for ‘[01m[Koperator[][m[K’ (operand types are ‘[01m[Kgeometry_msgs::msg::PoseArray_<std::allocator<void> >::_poses_type[m[K’ {aka ‘[01m[Kstd::vector<geometry_msgs::msg::Pose_<std::allocator<void> >, std::allocator<geometry_msgs::msg::Pose_<std::allocator<void> > > >[m[K’} and ‘[01m[K<unresolved overloaded function type>[m[K’)
   76 |     desired_pose.position.z = traj_msg->poses[01;31m[K[[m[Kindex].position.z;
      |                                              [01;31m[K^[m[K
In file included from [01m[K/usr/include/c++/11/vector:67[m[K,
                 from [01m[K/usr/include/c++/11/functional:62[m[K,
                 from [01m[K/usr/include/c++/11/pstl/glue_algorithm_defs.h:13[m[K,
                 from [01m[K/usr/include/c++/11/algorithm:74[m[K,
                 from [01m[K/opt/ros/humble/include/geometry_msgs/geometry_msgs/msg/detail/pose_array__struct.hpp:8[m[K,
                 from [01m[K/opt/ros/humble/include/geometry_msgs/geometry_msgs/msg/pose_array.hpp:7[m[K,
                 from [01m[K/home/aimane/vnav23/labs/lab4/src/planner_pkg/src/simple_traj_planner.cpp:1[m[K:
[01m[K/usr/include/c++/11/bits/stl_vector.h:1043:7:[m[K [01;36m[Knote: [m[Kcandidate: ‘[01m[Kstd::vector<_Tp, _Alloc>::reference std::vector<_Tp, _Alloc>::operator[](std::vector<_Tp, _Alloc>::size_type) [with _Tp = geometry_msgs::msg::Pose_<std::allocator<void> >; _Alloc = std::allocator<geometry_msgs::msg::Pose_<std::allocator<void> > >; std::vector<_Tp, _Alloc>::reference = geometry_msgs::msg::Pose_<std::allocator<void> >&; std::vector<_Tp, _Alloc>::size_type = long unsigned int][m[K’
 1043 |       [01;36m[Koperator[m[K[](size_type __n) _GLIBCXX_NOEXCEPT
      |       [01;36m[K^~~~~~~~[m[K
[01m[K/usr/include/c++/11/bits/stl_vector.h:1043:28:[m[K [01;36m[Knote: [m[K  no known conversion for argument 1 from ‘[01m[K<unresolved overloaded function type>[m[K’ to ‘[01m[Kstd::vector<geometry_msgs::msg::Pose_<std::allocator<void> >, std::allocator<geometry_msgs::msg::Pose_<std::allocator<void> > > >::size_type[m[K’ {aka ‘[01m[Klong unsigned int[m[K’}
 1043 |       operator[]([01;36m[Ksize_type __n[m[K) _GLIBCXX_NOEXCEPT
      |                  [01;36m[K~~~~~~~~~~^~~[m[K
[01m[K/usr/include/c++/11/bits/stl_vector.h:1061:7:[m[K [01;36m[Knote: [m[Kcandidate: ‘[01m[Kstd::vector<_Tp, _Alloc>::const_reference std::vector<_Tp, _Alloc>::operator[](std::vector<_Tp, _Alloc>::size_type) const [with _Tp = geometry_msgs::msg::Pose_<std::allocator<void> >; _Alloc = std::allocator<geometry_msgs::msg::Pose_<std::allocator<void> > >; std::vector<_Tp, _Alloc>::const_reference = const geometry_msgs::msg::Pose_<std::allocator<void> >&; std::vector<_Tp, _Alloc>::size_type = long unsigned int][m[K’
 1061 |       [01;36m[Koperator[m[K[](size_type __n) const _GLIBCXX_NOEXCEPT
      |       [01;36m[K^~~~~~~~[m[K
[01m[K/usr/include/c++/11/bits/stl_vector.h:1061:28:[m[K [01;36m[Knote: [m[K  no known conversion for argument 1 from ‘[01m[K<unresolved overloaded function type>[m[K’ to ‘[01m[Kstd::vector<geometry_msgs::msg::Pose_<std::allocator<void> >, std::allocator<geometry_msgs::msg::Pose_<std::allocator<void> > > >::size_type[m[K’ {aka ‘[01m[Klong unsigned int[m[K’}
 1061 |       operator[]([01;36m[Ksize_type __n[m[K) const _GLIBCXX_NOEXCEPT
      |                  [01;36m[K~~~~~~~~~~^~~[m[K
[01m[K/home/aimane/vnav23/labs/lab4/src/planner_pkg/src/simple_traj_planner.cpp:78:49:[m[K [01;31m[Kerror: [m[Kno match for ‘[01m[Koperator[][m[K’ (operand types are ‘[01m[Kgeometry_msgs::msg::PoseArray_<std::allocator<void> >::_poses_type[m[K’ {aka ‘[01m[Kstd::vector<geometry_msgs::msg::Pose_<std::allocator<void> >, std::allocator<geometry_msgs::msg::Pose_<std::allocator<void> > > >[m[K’} and ‘[01m[K<unresolved overloaded function type>[m[K’)
   78 |     desired_pose.orientation.x = traj_msg->poses[01;31m[K[[m[Kindex].orientation.x;
      |                                                 [01;31m[K^[m[K
In file included from [01m[K/usr/include/c++/11/vector:67[m[K,
                 from [01m[K/usr/include/c++/11/functional:62[m[K,
                 from [01m[K/usr/include/c++/11/pstl/glue_algorithm_defs.h:13[m[K,
                 from [01m[K/usr/include/c++/11/algorithm:74[m[K,
                 from [01m[K/opt/ros/humble/include/geometry_msgs/geometry_msgs/msg/detail/pose_array__struct.hpp:8[m[K,
                 from [01m[K/opt/ros/humble/include/geometry_msgs/geometry_msgs/msg/pose_array.hpp:7[m[K,
                 from [01m[K/home/aimane/vnav23/labs/lab4/src/planner_pkg/src/simple_traj_planner.cpp:1[m[K:
[01m[K/usr/include/c++/11/bits/stl_vector.h:1043:7:[m[K [01;36m[Knote: [m[Kcandidate: ‘[01m[Kstd::vector<_Tp, _Alloc>::reference std::vector<_Tp, _Alloc>::operator[](std::vector<_Tp, _Alloc>::size_type) [with _Tp = geometry_msgs::msg::Pose_<std::allocator<void> >; _Alloc = std::allocator<geometry_msgs::msg::Pose_<std::allocator<void> > >; std::vector<_Tp, _Alloc>::reference = geometry_msgs::msg::Pose_<std::allocator<void> >&; std::vector<_Tp, _Alloc>::size_type = long unsigned int][m[K’
 1043 |       [01;36m[Koperator[m[K[](size_type __n) _GLIBCXX_NOEXCEPT
      |       [01;36m[K^~~~~~~~[m[K
[01m[K/usr/include/c++/11/bits/stl_vector.h:1043:28:[m[K [01;36m[Knote: [m[K  no known conversion for argument 1 from ‘[01m[K<unresolved overloaded function type>[m[K’ to ‘[01m[Kstd::vector<geometry_msgs::msg::Pose_<std::allocator<void> >, std::allocator<geometry_msgs::msg::Pose_<std::allocator<void> > > >::size_type[m[K’ {aka ‘[01m[Klong unsigned int[m[K’}
 1043 |       operator[]([01;36m[Ksize_type __n[m[K) _GLIBCXX_NOEXCEPT
      |                  [01;36m[K~~~~~~~~~~^~~[m[K
[01m[K/usr/include/c++/11/bits/stl_vector.h:1061:7:[m[K [01;36m[Knote: [m[Kcandidate: ‘[01m[Kstd::vector<_Tp, _Alloc>::const_reference std::vector<_Tp, _Alloc>::operator[](std::vector<_Tp, _Alloc>::size_type) const [with _Tp = geometry_msgs::msg::Pose_<std::allocator<void> >; _Alloc = std::allocator<geometry_msgs::msg::Pose_<std::allocator<void> > >; std::vector<_Tp, _Alloc>::const_reference = const geometry_msgs::msg::Pose_<std::allocator<void> >&; std::vector<_Tp, _Alloc>::size_type = long unsigned int][m[K’
 1061 |       [01;36m[Koperator[m[K[](size_type __n) const _GLIBCXX_NOEXCEPT
      |       [01;36m[K^~~~~~~~[m[K
[01m[K/usr/include/c++/11/bits/stl_vector.h:1061:28:[m[K [01;36m[Knote: [m[K  no known conversion for argument 1 from ‘[01m[K<unresolved overloaded function type>[m[K’ to ‘[01m[Kstd::vector<geometry_msgs::msg::Pose_<std::allocator<void> >, std::allocator<geometry_msgs::msg::Pose_<std::allocator<void> > > >::size_type[m[K’ {aka ‘[01m[Klong unsigned int[m[K’}
 1061 |       operator[]([01;36m[Ksize_type __n[m[K) const _GLIBCXX_NOEXCEPT
      |                  [01;36m[K~~~~~~~~~~^~~[m[K
[01m[K/home/aimane/vnav23/labs/lab4/src/planner_pkg/src/simple_traj_planner.cpp:79:49:[m[K [01;31m[Kerror: [m[Kno match for ‘[01m[Koperator[][m[K’ (operand types are ‘[01m[Kgeometry_msgs::msg::PoseArray_<std::allocator<void> >::_poses_type[m[K’ {aka ‘[01m[Kstd::vector<geometry_msgs::msg::Pose_<std::allocator<void> >, std::allocator<geometry_msgs::msg::Pose_<std::allocator<void> > > >[m[K’} and ‘[01m[K<unresolved overloaded function type>[m[K’)
   79 |     desired_pose.orientation.y = traj_msg->poses[01;31m[K[[m[Kindex].orientation.y;
      |                                                 [01;31m[K^[m[K
In file included from [01m[K/usr/include/c++/11/vector:67[m[K,
                 from [01m[K/usr/include/c++/11/functional:62[m[K,
                 from [01m[K/usr/include/c++/11/pstl/glue_algorithm_defs.h:13[m[K,
                 from [01m[K/usr/include/c++/11/algorithm:74[m[K,
                 from [01m[K/opt/ros/humble/include/geometry_msgs/geometry_msgs/msg/detail/pose_array__struct.hpp:8[m[K,
                 from [01m[K/opt/ros/humble/include/geometry_msgs/geometry_msgs/msg/pose_array.hpp:7[m[K,
                 from [01m[K/home/aimane/vnav23/labs/lab4/src/planner_pkg/src/simple_traj_planner.cpp:1[m[K:
[01m[K/usr/include/c++/11/bits/stl_vector.h:1043:7:[m[K [01;36m[Knote: [m[Kcandidate: ‘[01m[Kstd::vector<_Tp, _Alloc>::reference std::vector<_Tp, _Alloc>::operator[](std::vector<_Tp, _Alloc>::size_type) [with _Tp = geometry_msgs::msg::Pose_<std::allocator<void> >; _Alloc = std::allocator<geometry_msgs::msg::Pose_<std::allocator<void> > >; std::vector<_Tp, _Alloc>::reference = geometry_msgs::msg::Pose_<std::allocator<void> >&; std::vector<_Tp, _Alloc>::size_type = long unsigned int][m[K’
 1043 |       [01;36m[Koperator[m[K[](size_type __n) _GLIBCXX_NOEXCEPT
      |       [01;36m[K^~~~~~~~[m[K
[01m[K/usr/include/c++/11/bits/stl_vector.h:1043:28:[m[K [01;36m[Knote: [m[K  no known conversion for argument 1 from ‘[01m[K<unresolved overloaded function type>[m[K’ to ‘[01m[Kstd::vector<geometry_msgs::msg::Pose_<std::allocator<void> >, std::allocator<geometry_msgs::msg::Pose_<std::allocator<void> > > >::size_type[m[K’ {aka ‘[01m[Klong unsigned int[m[K’}
 1043 |       operator[]([01;36m[Ksize_type __n[m[K) _GLIBCXX_NOEXCEPT
      |                  [01;36m[K~~~~~~~~~~^~~[m[K
[01m[K/usr/include/c++/11/bits/stl_vector.h:1061:7:[m[K [01;36m[Knote: [m[Kcandidate: ‘[01m[Kstd::vector<_Tp, _Alloc>::const_reference std::vector<_Tp, _Alloc>::operator[](std::vector<_Tp, _Alloc>::size_type) const [with _Tp = geometry_msgs::msg::Pose_<std::allocator<void> >; _Alloc = std::allocator<geometry_msgs::msg::Pose_<std::allocator<void> > >; std::vector<_Tp, _Alloc>::const_reference = const geometry_msgs::msg::Pose_<std::allocator<void> >&; std::vector<_Tp, _Alloc>::size_type = long unsigned int][m[K’
 1061 |       [01;36m[Koperator[m[K[](size_type __n) const _GLIBCXX_NOEXCEPT
      |       [01;36m[K^~~~~~~~[m[K
[01m[K/usr/include/c++/11/bits/stl_vector.h:1061:28:[m[K [01;36m[Knote: [m[K  no known conversion for argument 1 from ‘[01m[K<unresolved overloaded function type>[m[K’ to ‘[01m[Kstd::vector<geometry_msgs::msg::Pose_<std::allocator<void> >, std::allocator<geometry_msgs::msg::Pose_<std::allocator<void> > > >::size_type[m[K’ {aka ‘[01m[Klong unsigned int[m[K’}
 1061 |       operator[]([01;36m[Ksize_type __n[m[K) const _GLIBCXX_NOEXCEPT
      |                  [01;36m[K~~~~~~~~~~^~~[m[K
[01m[K/home/aimane/vnav23/labs/lab4/src/planner_pkg/src/simple_traj_planner.cpp:80:49:[m[K [01;31m[Kerror: [m[Kno match for ‘[01m[Koperator[][m[K’ (operand types are ‘[01m[Kgeometry_msgs::msg::PoseArray_<std::allocator<void> >::_poses_type[m[K’ {aka ‘[01m[Kstd::vector<geometry_msgs::msg::Pose_<std::allocator<void> >, std::allocator<geometry_msgs::msg::Pose_<std::allocator<void> > > >[m[K’} and ‘[01m[K<unresolved overloaded function type>[m[K’)
   80 |     desired_pose.orientation.z = traj_msg->poses[01;31m[K[[m[Kindex].orientation.z;
      |                                                 [01;31m[K^[m[K
In file included from [01m[K/usr/include/c++/11/vector:67[m[K,
                 from [01m[K/usr/include/c++/11/functional:62[m[K,
                 from [01m[K/usr/include/c++/11/pstl/glue_algorithm_defs.h:13[m[K,
                 from [01m[K/usr/include/c++/11/algorithm:74[m[K,
                 from [01m[K/opt/ros/humble/include/geometry_msgs/geometry_msgs/msg/detail/pose_array__struct.hpp:8[m[K,
                 from [01m[K/opt/ros/humble/include/geometry_msgs/geometry_msgs/msg/pose_array.hpp:7[m[K,
                 from [01m[K/home/aimane/vnav23/labs/lab4/src/planner_pkg/src/simple_traj_planner.cpp:1[m[K:
[01m[K/usr/include/c++/11/bits/stl_vector.h:1043:7:[m[K [01;36m[Knote: [m[Kcandidate: ‘[01m[Kstd::vector<_Tp, _Alloc>::reference std::vector<_Tp, _Alloc>::operator[](std::vector<_Tp, _Alloc>::size_type) [with _Tp = geometry_msgs::msg::Pose_<std::allocator<void> >; _Alloc = std::allocator<geometry_msgs::msg::Pose_<std::allocator<void> > >; std::vector<_Tp, _Alloc>::reference = geometry_msgs::msg::Pose_<std::allocator<void> >&; std::vector<_Tp, _Alloc>::size_type = long unsigned int][m[K’
 1043 |       [01;36m[Koperator[m[K[](size_type __n) _GLIBCXX_NOEXCEPT
      |       [01;36m[K^~~~~~~~[m[K
[01m[K/usr/include/c++/11/bits/stl_vector.h:1043:28:[m[K [01;36m[Knote: [m[K  no known conversion for argument 1 from ‘[01m[K<unresolved overloaded function type>[m[K’ to ‘[01m[Kstd::vector<geometry_msgs::msg::Pose_<std::allocator<void> >, std::allocator<geometry_msgs::msg::Pose_<std::allocator<void> > > >::size_type[m[K’ {aka ‘[01m[Klong unsigned int[m[K’}
 1043 |       operator[]([01;36m[Ksize_type __n[m[K) _GLIBCXX_NOEXCEPT
      |                  [01;36m[K~~~~~~~~~~^~~[m[K
[01m[K/usr/include/c++/11/bits/stl_vector.h:1061:7:[m[K [01;36m[Knote: [m[Kcandidate: ‘[01m[Kstd::vector<_Tp, _Alloc>::const_reference std::vector<_Tp, _Alloc>::operator[](std::vector<_Tp, _Alloc>::size_type) const [with _Tp = geometry_msgs::msg::Pose_<std::allocator<void> >; _Alloc = std::allocator<geometry_msgs::msg::Pose_<std::allocator<void> > >; std::vector<_Tp, _Alloc>::const_reference = const geometry_msgs::msg::Pose_<std::allocator<void> >&; std::vector<_Tp, _Alloc>::size_type = long unsigned int][m[K’
 1061 |       [01;36m[Koperator[m[K[](size_type __n) const _GLIBCXX_NOEXCEPT
      |       [01;36m[K^~~~~~~~[m[K
[01m[K/usr/include/c++/11/bits/stl_vector.h:1061:28:[m[K [01;36m[Knote: [m[K  no known conversion for argument 1 from ‘[01m[K<unresolved overloaded function type>[m[K’ to ‘[01m[Kstd::vector<geometry_msgs::msg::Pose_<std::allocator<void> >, std::allocator<geometry_msgs::msg::Pose_<std::allocator<void> > > >::size_type[m[K’ {aka ‘[01m[Klong unsigned int[m[K’}
 1061 |       operator[]([01;36m[Ksize_type __n[m[K) const _GLIBCXX_NOEXCEPT
      |                  [01;36m[K~~~~~~~~~~^~~[m[K
[01m[K/home/aimane/vnav23/labs/lab4/src/planner_pkg/src/simple_traj_planner.cpp:81:49:[m[K [01;31m[Kerror: [m[Kno match for ‘[01m[Koperator[][m[K’ (operand types are ‘[01m[Kgeometry_msgs::msg::PoseArray_<std::allocator<void> >::_poses_type[m[K’ {aka ‘[01m[Kstd::vector<geometry_msgs::msg::Pose_<std::allocator<void> >, std::allocator<geometry_msgs::msg::Pose_<std::allocator<void> > > >[m[K’} and ‘[01m[K<unresolved overloaded function type>[m[K’)
   81 |     desired_pose.orientation.w = traj_msg->poses[01;31m[K[[m[Kindex].orientation.w;
      |                                                 [01;31m[K^[m[K
In file included from [01m[K/usr/include/c++/11/vector:67[m[K,
                 from [01m[K/usr/include/c++/11/functional:62[m[K,
                 from [01m[K/usr/include/c++/11/pstl/glue_algorithm_defs.h:13[m[K,
                 from [01m[K/usr/include/c++/11/algorithm:74[m[K,
                 from [01m[K/opt/ros/humble/include/geometry_msgs/geometry_msgs/msg/detail/pose_array__struct.hpp:8[m[K,
                 from [01m[K/opt/ros/humble/include/geometry_msgs/geometry_msgs/msg/pose_array.hpp:7[m[K,
                 from [01m[K/home/aimane/vnav23/labs/lab4/src/planner_pkg/src/simple_traj_planner.cpp:1[m[K:
[01m[K/usr/include/c++/11/bits/stl_vector.h:1043:7:[m[K [01;36m[Knote: [m[Kcandidate: ‘[01m[Kstd::vector<_Tp, _Alloc>::reference std::vector<_Tp, _Alloc>::operator[](std::vector<_Tp, _Alloc>::size_type) [with _Tp = geometry_msgs::msg::Pose_<std::allocator<void> >; _Alloc = std::allocator<geometry_msgs::msg::Pose_<std::allocator<void> > >; std::vector<_Tp, _Alloc>::reference = geometry_msgs::msg::Pose_<std::allocator<void> >&; std::vector<_Tp, _Alloc>::size_type = long unsigned int][m[K’
 1043 |       [01;36m[Koperator[m[K[](size_type __n) _GLIBCXX_NOEXCEPT
      |       [01;36m[K^~~~~~~~[m[K
[01m[K/usr/include/c++/11/bits/stl_vector.h:1043:28:[m[K [01;36m[Knote: [m[K  no known conversion for argument 1 from ‘[01m[K<unresolved overloaded function type>[m[K’ to ‘[01m[Kstd::vector<geometry_msgs::msg::Pose_<std::allocator<void> >, std::allocator<geometry_msgs::msg::Pose_<std::allocator<void> > > >::size_type[m[K’ {aka ‘[01m[Klong unsigned int[m[K’}
 1043 |       operator[]([01;36m[Ksize_type __n[m[K) _GLIBCXX_NOEXCEPT
      |                  [01;36m[K~~~~~~~~~~^~~[m[K
[01m[K/usr/include/c++/11/bits/stl_vector.h:1061:7:[m[K [01;36m[Knote: [m[Kcandidate: ‘[01m[Kstd::vector<_Tp, _Alloc>::const_reference std::vector<_Tp, _Alloc>::operator[](std::vector<_Tp, _Alloc>::size_type) const [with _Tp = geometry_msgs::msg::Pose_<std::allocator<void> >; _Alloc = std::allocator<geometry_msgs::msg::Pose_<std::allocator<void> > >; std::vector<_Tp, _Alloc>::const_reference = const geometry_msgs::msg::Pose_<std::allocator<void> >&; std::vector<_Tp, _Alloc>::size_type = long unsigned int][m[K’
 1061 |       [01;36m[Koperator[m[K[](size_type __n) const _GLIBCXX_NOEXCEPT
      |       [01;36m[K^~~~~~~~[m[K
[01m[K/usr/include/c++/11/bits/stl_vector.h:1061:28:[m[K [01;36m[Knote: [m[K  no known conversion for argument 1 from ‘[01m[K<unresolved overloaded function type>[m[K’ to ‘[01m[Kstd::vector<geometry_msgs::msg::Pose_<std::allocator<void> >, std::allocator<geometry_msgs::msg::Pose_<std::allocator<void> > > >::size_type[m[K’ {aka ‘[01m[Klong unsigned int[m[K’}
 1061 |       operator[]([01;36m[Ksize_type __n[m[K) const _GLIBCXX_NOEXCEPT
      |                  [01;36m[K~~~~~~~~~~^~~[m[K
gmake[2]: *** [CMakeFiles/simple_traj_planner.dir/build.make:76: CMakeFiles/simple_traj_planner.dir/src/simple_traj_planner.cpp.o] Error 1
gmake[1]: *** [CMakeFiles/Makefile2:165: CMakeFiles/simple_traj_planner.dir/all] Error 2
gmake: *** [Makefile:146: all] Error 2
