[0.740s] Invoking command in '/home/aimane/vnav23/labs/lab4/src/tesse-interface': PYTHONPATH=/home/aimane/vnav23/labs/lab4/src/build/tesse/prefix_override:/usr/lib/python3/dist-packages/colcon_core/task/python/colcon_distutils_commands:/home/aimane/vnav23/labs/lab4/src/install/tesse/lib/python3.10/site-packages:${PYTHONPATH} /usr/bin/python3 -W ignore:setup.py install is deprecated -W ignore:easy_install command is deprecated setup.py egg_info --egg-base ../../lab4/src/build/tesse build --build-base /home/aimane/vnav23/labs/lab4/src/build/tesse/build install --record /home/aimane/vnav23/labs/lab4/src/build/tesse/install.log --single-version-externally-managed
[1.013s] running egg_info
[1.014s] creating ../../lab4/src/build/tesse/tesse.egg-info
[1.014s] writing ../../lab4/src/build/tesse/tesse.egg-info/PKG-INFO
[1.014s] writing dependency_links to ../../lab4/src/build/tesse/tesse.egg-info/dependency_links.txt
[1.015s] writing requirements to ../../lab4/src/build/tesse/tesse.egg-info/requires.txt
[1.015s] writing top-level names to ../../lab4/src/build/tesse/tesse.egg-info/top_level.txt
[1.015s] writing manifest file '../../lab4/src/build/tesse/tesse.egg-info/SOURCES.txt'
[1.018s] reading manifest file '../../lab4/src/build/tesse/tesse.egg-info/SOURCES.txt'
[1.018s] adding license file 'LICENSE'
[1.019s] writing manifest file '../../lab4/src/build/tesse/tesse.egg-info/SOURCES.txt'
[1.020s] running build
[1.020s] running build_py
[1.020s] creating /home/aimane/vnav23/labs/lab4/src/build/tesse/build
[1.020s] creating /home/aimane/vnav23/labs/lab4/src/build/tesse/build/lib
[1.021s] creating /home/aimane/vnav23/labs/lab4/src/build/tesse/build/lib/tesse
[1.021s] copying src/tesse/msgs.py -> /home/aimane/vnav23/labs/lab4/src/build/tesse/build/lib/tesse
[1.021s] copying src/tesse/__init__.py -> /home/aimane/vnav23/labs/lab4/src/build/tesse/build/lib/tesse
[1.021s] copying src/tesse/env.py -> /home/aimane/vnav23/labs/lab4/src/build/tesse/build/lib/tesse
[1.021s] copying src/tesse/utils.py -> /home/aimane/vnav23/labs/lab4/src/build/tesse/build/lib/tesse
[1.021s] running install
[1.022s] running install_lib
[1.023s] creating /home/aimane/vnav23/labs/lab4/src/install/tesse/lib/python3.10/site-packages/tesse
[1.023s] copying /home/aimane/vnav23/labs/lab4/src/build/tesse/build/lib/tesse/msgs.py -> /home/aimane/vnav23/labs/lab4/src/install/tesse/lib/python3.10/site-packages/tesse
[1.024s] copying /home/aimane/vnav23/labs/lab4/src/build/tesse/build/lib/tesse/__init__.py -> /home/aimane/vnav23/labs/lab4/src/install/tesse/lib/python3.10/site-packages/tesse
[1.025s] copying /home/aimane/vnav23/labs/lab4/src/build/tesse/build/lib/tesse/env.py -> /home/aimane/vnav23/labs/lab4/src/install/tesse/lib/python3.10/site-packages/tesse
[1.025s] copying /home/aimane/vnav23/labs/lab4/src/build/tesse/build/lib/tesse/utils.py -> /home/aimane/vnav23/labs/lab4/src/install/tesse/lib/python3.10/site-packages/tesse
[1.025s] byte-compiling /home/aimane/vnav23/labs/lab4/src/install/tesse/lib/python3.10/site-packages/tesse/msgs.py to msgs.cpython-310.pyc
[1.030s] byte-compiling /home/aimane/vnav23/labs/lab4/src/install/tesse/lib/python3.10/site-packages/tesse/__init__.py to __init__.cpython-310.pyc
[1.030s] byte-compiling /home/aimane/vnav23/labs/lab4/src/install/tesse/lib/python3.10/site-packages/tesse/env.py to env.cpython-310.pyc
[1.031s] byte-compiling /home/aimane/vnav23/labs/lab4/src/install/tesse/lib/python3.10/site-packages/tesse/utils.py to utils.cpython-310.pyc
[1.032s] running install_egg_info
[1.035s] Copying ../../lab4/src/build/tesse/tesse.egg-info to /home/aimane/vnav23/labs/lab4/src/install/tesse/lib/python3.10/site-packages/tesse-0.1.2-py3.10.egg-info
[1.036s] running install_scripts
[1.061s] writing list of installed files to '/home/aimane/vnav23/labs/lab4/src/build/tesse/install.log'
[1.093s] Invoked command in '/home/aimane/vnav23/labs/lab4/src/tesse-interface' returned '0': PYTHONPATH=/home/aimane/vnav23/labs/lab4/src/build/tesse/prefix_override:/usr/lib/python3/dist-packages/colcon_core/task/python/colcon_distutils_commands:/home/aimane/vnav23/labs/lab4/src/install/tesse/lib/python3.10/site-packages:${PYTHONPATH} /usr/bin/python3 -W ignore:setup.py install is deprecated -W ignore:easy_install command is deprecated setup.py egg_info --egg-base ../../lab4/src/build/tesse build --build-base /home/aimane/vnav23/labs/lab4/src/build/tesse/build install --record /home/aimane/vnav23/labs/lab4/src/build/tesse/install.log --single-version-externally-managed
