[0.179s] Invoking command in '/home/aimane/vnav23/labs/lab4/build/mav_system_msgs': CMAKE_PREFIX_PATH=/home/aimane/vnav23/labs/lab4/install/trajectory_generation:/home/aimane/vnav23/labs/lab4/install/tesse_msgs:/home/aimane/vnav23/labs/lab4/install/planner_pkg:/home/aimane/vnav23/labs/lab4/install/tesse_ros_bridge:/opt/ros/humble:/home/aimane/vnav23/labs/lab4/install/mav_visualization:/home/aimane/vnav23/labs/lab4/install/mav_trajectory_generation:/home/aimane/vnav23/labs/lab4/install/mav_comm:/home/aimane/vnav23/labs/lab4/install/mav_system_msgs:/home/aimane/vnav23/labs/lab4/install/mav_state_machine_msgs:/home/aimane/vnav23/labs/lab4/install/mav_planning_msgs:/home/aimane/vnav23/labs/lab4/install/controller_pkg:/home/aimane/vnav23/labs/lab4/install/mav_msgs /usr/bin/cmake /home/aimane/vnav23/labs/lab4/src/mav_comm/mav_system_msgs -DCMAKE_INSTALL_PREFIX=/home/aimane/vnav23/labs/lab4/install/mav_system_msgs
[1.010s] -- Found std_msgs: 4.9.0 (/opt/ros/humble/share/std_msgs/cmake)
[1.718s] -- Override CMake install command with custom implementation using symlinks instead of copying resources
[2.204s] -- Found rosidl_generator_c: 3.1.7 (/opt/ros/humble/share/rosidl_generator_c/cmake)
[2.227s] -- Found rosidl_adapter: 3.1.7 (/opt/ros/humble/share/rosidl_adapter/cmake)
[2.279s] -- Found rosidl_generator_cpp: 3.1.7 (/opt/ros/humble/share/rosidl_generator_cpp/cmake)
[2.347s] -- Using all available rosidl_typesupport_c: rosidl_typesupport_fastrtps_c;rosidl_typesupport_introspection_c
[2.386s] -- Using all available rosidl_typesupport_cpp: rosidl_typesupport_fastrtps_cpp;rosidl_typesupport_introspection_cpp
[3.804s] -- Found ament_cmake_ros: 0.10.0 (/opt/ros/humble/share/ament_cmake_ros/cmake)
[5.436s] -- Using all available rosidl_typesupport_c: rosidl_typesupport_fastrtps_c;rosidl_typesupport_introspection_c
[5.986s] -- Using all available rosidl_typesupport_cpp: rosidl_typesupport_fastrtps_cpp;rosidl_typesupport_introspection_cpp
[6.067s] -- Configuring done
[6.227s] -- Generating done
[6.276s] -- Build files have been written to: /home/aimane/vnav23/labs/lab4/build/mav_system_msgs
[6.315s] Invoked command in '/home/aimane/vnav23/labs/lab4/build/mav_system_msgs' returned '0': CMAKE_PREFIX_PATH=/home/aimane/vnav23/labs/lab4/install/trajectory_generation:/home/aimane/vnav23/labs/lab4/install/tesse_msgs:/home/aimane/vnav23/labs/lab4/install/planner_pkg:/home/aimane/vnav23/labs/lab4/install/tesse_ros_bridge:/opt/ros/humble:/home/aimane/vnav23/labs/lab4/install/mav_visualization:/home/aimane/vnav23/labs/lab4/install/mav_trajectory_generation:/home/aimane/vnav23/labs/lab4/install/mav_comm:/home/aimane/vnav23/labs/lab4/install/mav_system_msgs:/home/aimane/vnav23/labs/lab4/install/mav_state_machine_msgs:/home/aimane/vnav23/labs/lab4/install/mav_planning_msgs:/home/aimane/vnav23/labs/lab4/install/controller_pkg:/home/aimane/vnav23/labs/lab4/install/mav_msgs /usr/bin/cmake /home/aimane/vnav23/labs/lab4/src/mav_comm/mav_system_msgs -DCMAKE_INSTALL_PREFIX=/home/aimane/vnav23/labs/lab4/install/mav_system_msgs
[6.316s] Invoking command in '/home/aimane/vnav23/labs/lab4/build/mav_system_msgs': CMAKE_PREFIX_PATH=/home/aimane/vnav23/labs/lab4/install/trajectory_generation:/home/aimane/vnav23/labs/lab4/install/tesse_msgs:/home/aimane/vnav23/labs/lab4/install/planner_pkg:/home/aimane/vnav23/labs/lab4/install/tesse_ros_bridge:/opt/ros/humble:/home/aimane/vnav23/labs/lab4/install/mav_visualization:/home/aimane/vnav23/labs/lab4/install/mav_trajectory_generation:/home/aimane/vnav23/labs/lab4/install/mav_comm:/home/aimane/vnav23/labs/lab4/install/mav_system_msgs:/home/aimane/vnav23/labs/lab4/install/mav_state_machine_msgs:/home/aimane/vnav23/labs/lab4/install/mav_planning_msgs:/home/aimane/vnav23/labs/lab4/install/controller_pkg:/home/aimane/vnav23/labs/lab4/install/mav_msgs /usr/bin/cmake --build /home/aimane/vnav23/labs/lab4/build/mav_system_msgs -- -j8 -l8
[6.603s] [35m[1mConsolidate compiler generated dependencies of target mav_system_msgs__rosidl_generator_c[0m
[6.679s] [ 13%] Built target mav_system_msgs__rosidl_generator_c
[6.738s] [ 17%] Built target mav_system_msgs__cpp
[6.766s] [35m[1mConsolidate compiler generated dependencies of target mav_system_msgs__rosidl_typesupport_c[0m
[6.817s] [ 31%] Built target mav_system_msgs__rosidl_typesupport_c
[6.885s] [35m[1mConsolidate compiler generated dependencies of target mav_system_msgs__rosidl_typesupport_fastrtps_cpp[0m
[6.963s] [ 44%] Built target mav_system_msgs__rosidl_typesupport_fastrtps_cpp
[7.004s] [35m[1mConsolidate compiler generated dependencies of target mav_system_msgs__rosidl_typesupport_cpp[0m
[7.082s] [ 58%] Built target mav_system_msgs__rosidl_typesupport_cpp
[7.117s] [35m[1mConsolidate compiler generated dependencies of target mav_system_msgs__rosidl_typesupport_introspection_cpp[0m
[7.212s] [ 72%] Built target mav_system_msgs__rosidl_typesupport_introspection_cpp
[7.275s] [35m[1mConsolidate compiler generated dependencies of target mav_system_msgs__rosidl_typesupport_fastrtps_c[0m
[7.361s] [ 86%] Built target mav_system_msgs__rosidl_typesupport_fastrtps_c
[7.420s] [35m[1mConsolidate compiler generated dependencies of target mav_system_msgs__rosidl_typesupport_introspection_c[0m
[7.465s] [100%] Built target mav_system_msgs__rosidl_typesupport_introspection_c
[7.542s] [100%] Built target mav_system_msgs
[7.578s] Invoked command in '/home/aimane/vnav23/labs/lab4/build/mav_system_msgs' returned '0': CMAKE_PREFIX_PATH=/home/aimane/vnav23/labs/lab4/install/trajectory_generation:/home/aimane/vnav23/labs/lab4/install/tesse_msgs:/home/aimane/vnav23/labs/lab4/install/planner_pkg:/home/aimane/vnav23/labs/lab4/install/tesse_ros_bridge:/opt/ros/humble:/home/aimane/vnav23/labs/lab4/install/mav_visualization:/home/aimane/vnav23/labs/lab4/install/mav_trajectory_generation:/home/aimane/vnav23/labs/lab4/install/mav_comm:/home/aimane/vnav23/labs/lab4/install/mav_system_msgs:/home/aimane/vnav23/labs/lab4/install/mav_state_machine_msgs:/home/aimane/vnav23/labs/lab4/install/mav_planning_msgs:/home/aimane/vnav23/labs/lab4/install/controller_pkg:/home/aimane/vnav23/labs/lab4/install/mav_msgs /usr/bin/cmake --build /home/aimane/vnav23/labs/lab4/build/mav_system_msgs -- -j8 -l8
[7.579s] Invoking command in '/home/aimane/vnav23/labs/lab4/build/mav_system_msgs': CMAKE_PREFIX_PATH=/home/aimane/vnav23/labs/lab4/install/trajectory_generation:/home/aimane/vnav23/labs/lab4/install/tesse_msgs:/home/aimane/vnav23/labs/lab4/install/planner_pkg:/home/aimane/vnav23/labs/lab4/install/tesse_ros_bridge:/opt/ros/humble:/home/aimane/vnav23/labs/lab4/install/mav_visualization:/home/aimane/vnav23/labs/lab4/install/mav_trajectory_generation:/home/aimane/vnav23/labs/lab4/install/mav_comm:/home/aimane/vnav23/labs/lab4/install/mav_system_msgs:/home/aimane/vnav23/labs/lab4/install/mav_state_machine_msgs:/home/aimane/vnav23/labs/lab4/install/mav_planning_msgs:/home/aimane/vnav23/labs/lab4/install/controller_pkg:/home/aimane/vnav23/labs/lab4/install/mav_msgs /usr/bin/cmake --install /home/aimane/vnav23/labs/lab4/build/mav_system_msgs
[7.601s] -- Install configuration: ""
[7.603s] -- Execute custom install script
[7.603s] -- Up-to-date symlink: /home/aimane/vnav23/labs/lab4/install/mav_system_msgs/share/ament_index/resource_index/rosidl_interfaces/mav_system_msgs
[7.605s] -- Up-to-date symlink: /home/aimane/vnav23/labs/lab4/install/mav_system_msgs/include/mav_system_msgs/mav_system_msgs/msg/cpu_info.h
[7.606s] -- Up-to-date symlink: /home/aimane/vnav23/labs/lab4/install/mav_system_msgs/include/mav_system_msgs/mav_system_msgs/msg/detail/cpu_info__functions.h
[7.606s] -- Up-to-date symlink: /home/aimane/vnav23/labs/lab4/install/mav_system_msgs/include/mav_system_msgs/mav_system_msgs/msg/detail/cpu_info__struct.h
[7.607s] -- Up-to-date symlink: /home/aimane/vnav23/labs/lab4/install/mav_system_msgs/include/mav_system_msgs/mav_system_msgs/msg/detail/cpu_info__type_support.h
[7.607s] -- Up-to-date symlink: /home/aimane/vnav23/labs/lab4/install/mav_system_msgs/include/mav_system_msgs/mav_system_msgs/msg/detail/process_info__functions.h
[7.608s] -- Up-to-date symlink: /home/aimane/vnav23/labs/lab4/install/mav_system_msgs/include/mav_system_msgs/mav_system_msgs/msg/detail/process_info__struct.h
[7.609s] -- Up-to-date symlink: /home/aimane/vnav23/labs/lab4/install/mav_system_msgs/include/mav_system_msgs/mav_system_msgs/msg/detail/process_info__type_support.h
[7.609s] -- Up-to-date symlink: /home/aimane/vnav23/labs/lab4/install/mav_system_msgs/include/mav_system_msgs/mav_system_msgs/msg/process_info.h
[7.609s] -- Up-to-date symlink: /home/aimane/vnav23/labs/lab4/install/mav_system_msgs/include/mav_system_msgs/mav_system_msgs/msg/rosidl_generator_c__visibility_control.h
[7.609s] -- Up-to-date symlink: /home/aimane/vnav23/labs/lab4/install/mav_system_msgs/share/mav_system_msgs/environment/library_path.sh
[7.610s] -- Up-to-date symlink: /home/aimane/vnav23/labs/lab4/install/mav_system_msgs/share/mav_system_msgs/environment/library_path.dsv
[7.611s] -- Up-to-date symlink: /home/aimane/vnav23/labs/lab4/install/mav_system_msgs/include/mav_system_msgs/mav_system_msgs/msg/detail/cpu_info__rosidl_typesupport_fastrtps_c.h
[7.612s] -- Up-to-date symlink: /home/aimane/vnav23/labs/lab4/install/mav_system_msgs/include/mav_system_msgs/mav_system_msgs/msg/detail/process_info__rosidl_typesupport_fastrtps_c.h
[7.613s] -- Up-to-date symlink: /home/aimane/vnav23/labs/lab4/install/mav_system_msgs/include/mav_system_msgs/mav_system_msgs/msg/rosidl_typesupport_fastrtps_c__visibility_control.h
[7.615s] -- Up-to-date symlink: /home/aimane/vnav23/labs/lab4/install/mav_system_msgs/include/mav_system_msgs/mav_system_msgs/msg/cpu_info.hpp
[7.616s] -- Up-to-date symlink: /home/aimane/vnav23/labs/lab4/install/mav_system_msgs/include/mav_system_msgs/mav_system_msgs/msg/detail/cpu_info__builder.hpp
[7.617s] -- Up-to-date symlink: /home/aimane/vnav23/labs/lab4/install/mav_system_msgs/include/mav_system_msgs/mav_system_msgs/msg/detail/cpu_info__struct.hpp
[7.617s] -- Up-to-date symlink: /home/aimane/vnav23/labs/lab4/install/mav_system_msgs/include/mav_system_msgs/mav_system_msgs/msg/detail/cpu_info__traits.hpp
[7.618s] -- Up-to-date symlink: /home/aimane/vnav23/labs/lab4/install/mav_system_msgs/include/mav_system_msgs/mav_system_msgs/msg/detail/cpu_info__type_support.hpp
[7.619s] -- Up-to-date symlink: /home/aimane/vnav23/labs/lab4/install/mav_system_msgs/include/mav_system_msgs/mav_system_msgs/msg/detail/process_info__builder.hpp
[7.620s] -- Up-to-date symlink: /home/aimane/vnav23/labs/lab4/install/mav_system_msgs/include/mav_system_msgs/mav_system_msgs/msg/detail/process_info__struct.hpp
[7.621s] -- Up-to-date symlink: /home/aimane/vnav23/labs/lab4/install/mav_system_msgs/include/mav_system_msgs/mav_system_msgs/msg/detail/process_info__traits.hpp
[7.622s] -- Up-to-date symlink: /home/aimane/vnav23/labs/lab4/install/mav_system_msgs/include/mav_system_msgs/mav_system_msgs/msg/detail/process_info__type_support.hpp
[7.623s] -- Up-to-date symlink: /home/aimane/vnav23/labs/lab4/install/mav_system_msgs/include/mav_system_msgs/mav_system_msgs/msg/process_info.hpp
[7.624s] -- Up-to-date symlink: /home/aimane/vnav23/labs/lab4/install/mav_system_msgs/include/mav_system_msgs/mav_system_msgs/msg/rosidl_generator_cpp__visibility_control.hpp
[7.626s] -- Up-to-date symlink: /home/aimane/vnav23/labs/lab4/install/mav_system_msgs/include/mav_system_msgs/mav_system_msgs/msg/detail/cpu_info__rosidl_typesupport_fastrtps_cpp.hpp
[7.627s] -- Up-to-date symlink: /home/aimane/vnav23/labs/lab4/install/mav_system_msgs/include/mav_system_msgs/mav_system_msgs/msg/detail/process_info__rosidl_typesupport_fastrtps_cpp.hpp
[7.630s] -- Up-to-date symlink: /home/aimane/vnav23/labs/lab4/install/mav_system_msgs/include/mav_system_msgs/mav_system_msgs/msg/rosidl_typesupport_fastrtps_cpp__visibility_control.h
[7.633s] -- Up-to-date symlink: /home/aimane/vnav23/labs/lab4/install/mav_system_msgs/include/mav_system_msgs/mav_system_msgs/msg/detail/cpu_info__rosidl_typesupport_introspection_c.h
[7.636s] -- Up-to-date symlink: /home/aimane/vnav23/labs/lab4/install/mav_system_msgs/include/mav_system_msgs/mav_system_msgs/msg/detail/process_info__rosidl_typesupport_introspection_c.h
[7.637s] -- Up-to-date symlink: /home/aimane/vnav23/labs/lab4/install/mav_system_msgs/include/mav_system_msgs/mav_system_msgs/msg/rosidl_typesupport_introspection_c__visibility_control.h
[7.637s] -- Up-to-date symlink: /home/aimane/vnav23/labs/lab4/install/mav_system_msgs/include/mav_system_msgs/mav_system_msgs/msg/detail/cpu_info__rosidl_typesupport_introspection_cpp.hpp
[7.639s] -- Up-to-date symlink: /home/aimane/vnav23/labs/lab4/install/mav_system_msgs/include/mav_system_msgs/mav_system_msgs/msg/detail/process_info__rosidl_typesupport_introspection_cpp.hpp
[7.639s] -- Up-to-date symlink: /home/aimane/vnav23/labs/lab4/install/mav_system_msgs/share/mav_system_msgs/msg/CpuInfo.idl
[7.640s] -- Up-to-date symlink: /home/aimane/vnav23/labs/lab4/install/mav_system_msgs/share/mav_system_msgs/msg/ProcessInfo.idl
[7.640s] -- Up-to-date symlink: /home/aimane/vnav23/labs/lab4/install/mav_system_msgs/share/mav_system_msgs/msg/CpuInfo.msg
[7.640s] -- Up-to-date symlink: /home/aimane/vnav23/labs/lab4/install/mav_system_msgs/share/mav_system_msgs/msg/ProcessInfo.msg
[7.641s] -- Up-to-date symlink: /home/aimane/vnav23/labs/lab4/install/mav_system_msgs/share/ament_index/resource_index/package_run_dependencies/mav_system_msgs
[7.641s] -- Up-to-date symlink: /home/aimane/vnav23/labs/lab4/install/mav_system_msgs/share/ament_index/resource_index/parent_prefix_path/mav_system_msgs
[7.642s] -- Up-to-date symlink: /home/aimane/vnav23/labs/lab4/install/mav_system_msgs/share/mav_system_msgs/environment/ament_prefix_path.sh
[7.645s] -- Up-to-date symlink: /home/aimane/vnav23/labs/lab4/install/mav_system_msgs/share/mav_system_msgs/environment/ament_prefix_path.dsv
[7.649s] -- Up-to-date symlink: /home/aimane/vnav23/labs/lab4/install/mav_system_msgs/share/mav_system_msgs/environment/path.sh
[7.650s] -- Up-to-date symlink: /home/aimane/vnav23/labs/lab4/install/mav_system_msgs/share/mav_system_msgs/environment/path.dsv
[7.650s] -- Up-to-date symlink: /home/aimane/vnav23/labs/lab4/install/mav_system_msgs/share/mav_system_msgs/local_setup.bash
[7.650s] -- Up-to-date symlink: /home/aimane/vnav23/labs/lab4/install/mav_system_msgs/share/mav_system_msgs/local_setup.sh
[7.650s] -- Up-to-date symlink: /home/aimane/vnav23/labs/lab4/install/mav_system_msgs/share/mav_system_msgs/local_setup.zsh
[7.650s] -- Up-to-date symlink: /home/aimane/vnav23/labs/lab4/install/mav_system_msgs/share/mav_system_msgs/local_setup.dsv
[7.651s] -- Symlinking: /home/aimane/vnav23/labs/lab4/install/mav_system_msgs/share/mav_system_msgs/package.dsv
[7.669s] -- Up-to-date symlink: /home/aimane/vnav23/labs/lab4/install/mav_system_msgs/share/ament_index/resource_index/packages/mav_system_msgs
[7.670s] -- Up-to-date symlink: /home/aimane/vnav23/labs/lab4/install/mav_system_msgs/share/mav_system_msgs/cmake/rosidl_cmake-extras.cmake
[7.671s] -- Up-to-date symlink: /home/aimane/vnav23/labs/lab4/install/mav_system_msgs/share/mav_system_msgs/cmake/ament_cmake_export_dependencies-extras.cmake
[7.673s] -- Up-to-date symlink: /home/aimane/vnav23/labs/lab4/install/mav_system_msgs/share/mav_system_msgs/cmake/ament_cmake_export_include_directories-extras.cmake
[7.673s] -- Up-to-date symlink: /home/aimane/vnav23/labs/lab4/install/mav_system_msgs/share/mav_system_msgs/cmake/ament_cmake_export_libraries-extras.cmake
[7.673s] -- Up-to-date symlink: /home/aimane/vnav23/labs/lab4/install/mav_system_msgs/share/mav_system_msgs/cmake/ament_cmake_export_targets-extras.cmake
[7.680s] -- Up-to-date symlink: /home/aimane/vnav23/labs/lab4/install/mav_system_msgs/share/mav_system_msgs/cmake/rosidl_cmake_export_typesupport_targets-extras.cmake
[7.680s] -- Up-to-date symlink: /home/aimane/vnav23/labs/lab4/install/mav_system_msgs/share/mav_system_msgs/cmake/rosidl_cmake_export_typesupport_libraries-extras.cmake
[7.680s] -- Up-to-date symlink: /home/aimane/vnav23/labs/lab4/install/mav_system_msgs/share/mav_system_msgs/cmake/mav_system_msgsConfig.cmake
[7.680s] -- Up-to-date symlink: /home/aimane/vnav23/labs/lab4/install/mav_system_msgs/share/mav_system_msgs/cmake/mav_system_msgsConfig-version.cmake
[7.681s] -- Up-to-date symlink: /home/aimane/vnav23/labs/lab4/install/mav_system_msgs/share/mav_system_msgs/package.xml
[7.691s] -- Up-to-date: /home/aimane/vnav23/labs/lab4/install/mav_system_msgs/lib/libmav_system_msgs__rosidl_generator_c.so
[7.691s] -- Up-to-date: /home/aimane/vnav23/labs/lab4/install/mav_system_msgs/lib/libmav_system_msgs__rosidl_typesupport_fastrtps_c.so
[7.704s] -- Up-to-date: /home/aimane/vnav23/labs/lab4/install/mav_system_msgs/lib/libmav_system_msgs__rosidl_typesupport_fastrtps_cpp.so
[7.708s] -- Up-to-date: /home/aimane/vnav23/labs/lab4/install/mav_system_msgs/lib/libmav_system_msgs__rosidl_typesupport_introspection_c.so
[7.711s] -- Up-to-date: /home/aimane/vnav23/labs/lab4/install/mav_system_msgs/lib/libmav_system_msgs__rosidl_typesupport_c.so
[7.725s] -- Up-to-date: /home/aimane/vnav23/labs/lab4/install/mav_system_msgs/lib/libmav_system_msgs__rosidl_typesupport_introspection_cpp.so
[7.729s] -- Up-to-date: /home/aimane/vnav23/labs/lab4/install/mav_system_msgs/lib/libmav_system_msgs__rosidl_typesupport_cpp.so
[7.730s] -- Up-to-date: /home/aimane/vnav23/labs/lab4/install/mav_system_msgs/share/mav_system_msgs/cmake/export_mav_system_msgs__rosidl_generator_cExport.cmake
[7.730s] -- Up-to-date: /home/aimane/vnav23/labs/lab4/install/mav_system_msgs/share/mav_system_msgs/cmake/export_mav_system_msgs__rosidl_generator_cExport-noconfig.cmake
[7.731s] -- Up-to-date: /home/aimane/vnav23/labs/lab4/install/mav_system_msgs/share/mav_system_msgs/cmake/export_mav_system_msgs__rosidl_typesupport_fastrtps_cExport.cmake
[7.732s] -- Up-to-date: /home/aimane/vnav23/labs/lab4/install/mav_system_msgs/share/mav_system_msgs/cmake/export_mav_system_msgs__rosidl_typesupport_fastrtps_cExport-noconfig.cmake
[7.733s] -- Up-to-date: /home/aimane/vnav23/labs/lab4/install/mav_system_msgs/share/mav_system_msgs/cmake/export_mav_system_msgs__rosidl_generator_cppExport.cmake
[7.739s] -- Up-to-date: /home/aimane/vnav23/labs/lab4/install/mav_system_msgs/share/mav_system_msgs/cmake/export_mav_system_msgs__rosidl_typesupport_fastrtps_cppExport.cmake
[7.740s] -- Up-to-date: /home/aimane/vnav23/labs/lab4/install/mav_system_msgs/share/mav_system_msgs/cmake/export_mav_system_msgs__rosidl_typesupport_fastrtps_cppExport-noconfig.cmake
[7.740s] -- Up-to-date: /home/aimane/vnav23/labs/lab4/install/mav_system_msgs/share/mav_system_msgs/cmake/mav_system_msgs__rosidl_typesupport_introspection_cExport.cmake
[7.741s] -- Up-to-date: /home/aimane/vnav23/labs/lab4/install/mav_system_msgs/share/mav_system_msgs/cmake/mav_system_msgs__rosidl_typesupport_introspection_cExport-noconfig.cmake
[7.741s] -- Up-to-date: /home/aimane/vnav23/labs/lab4/install/mav_system_msgs/share/mav_system_msgs/cmake/mav_system_msgs__rosidl_typesupport_cExport.cmake
[7.741s] -- Up-to-date: /home/aimane/vnav23/labs/lab4/install/mav_system_msgs/share/mav_system_msgs/cmake/mav_system_msgs__rosidl_typesupport_cExport-noconfig.cmake
[7.741s] -- Up-to-date: /home/aimane/vnav23/labs/lab4/install/mav_system_msgs/share/mav_system_msgs/cmake/mav_system_msgs__rosidl_typesupport_introspection_cppExport.cmake
[7.742s] -- Up-to-date: /home/aimane/vnav23/labs/lab4/install/mav_system_msgs/share/mav_system_msgs/cmake/mav_system_msgs__rosidl_typesupport_introspection_cppExport-noconfig.cmake
[7.742s] -- Up-to-date: /home/aimane/vnav23/labs/lab4/install/mav_system_msgs/share/mav_system_msgs/cmake/mav_system_msgs__rosidl_typesupport_cppExport.cmake
[7.742s] -- Up-to-date: /home/aimane/vnav23/labs/lab4/install/mav_system_msgs/share/mav_system_msgs/cmake/mav_system_msgs__rosidl_typesupport_cppExport-noconfig.cmake
[7.755s] Invoked command in '/home/aimane/vnav23/labs/lab4/build/mav_system_msgs' returned '0': CMAKE_PREFIX_PATH=/home/aimane/vnav23/labs/lab4/install/trajectory_generation:/home/aimane/vnav23/labs/lab4/install/tesse_msgs:/home/aimane/vnav23/labs/lab4/install/planner_pkg:/home/aimane/vnav23/labs/lab4/install/tesse_ros_bridge:/opt/ros/humble:/home/aimane/vnav23/labs/lab4/install/mav_visualization:/home/aimane/vnav23/labs/lab4/install/mav_trajectory_generation:/home/aimane/vnav23/labs/lab4/install/mav_comm:/home/aimane/vnav23/labs/lab4/install/mav_system_msgs:/home/aimane/vnav23/labs/lab4/install/mav_state_machine_msgs:/home/aimane/vnav23/labs/lab4/install/mav_planning_msgs:/home/aimane/vnav23/labs/lab4/install/controller_pkg:/home/aimane/vnav23/labs/lab4/install/mav_msgs /usr/bin/cmake --install /home/aimane/vnav23/labs/lab4/build/mav_system_msgs
