[4.808s] Invoking command in '/home/aimane/vnav23/labs/lab4/src/tesse_ros_bridge': PS1=(lab4_venv) \[[01;32m\]\u@\h\[[00m\]:\[[01;34m\]\w\[[00m\]$ PYTHONPATH=/home/aimane/vnav23/labs/lab4/build/tesse_ros_bridge/prefix_override:/usr/lib/python3/dist-packages/colcon_core/task/python/colcon_distutils_commands:/home/aimane/vnav23/labs/lab4/install/tesse_ros_bridge/lib/python3.10/site-packages:${PYTHONPATH} VIRTUAL_ENV_PROMPT=(lab4_venv) /usr/bin/python3 -W ignore:setup.py install is deprecated -W ignore:easy_install command is deprecated setup.py egg_info --egg-base ../../lab4/build/tesse_ros_bridge build --build-base /home/aimane/vnav23/labs/lab4/build/tesse_ros_bridge/build install --record /home/aimane/vnav23/labs/lab4/build/tesse_ros_bridge/install.log --single-version-externally-managed install_data
[5.364s] /home/aimane/.local/lib/python3.10/site-packages/setuptools/_distutils/dist.py:287: UserWarning: Unknown distribution option: 'tests_require'
[5.365s]   warnings.warn(msg)
[5.683s] running egg_info
[5.734s] writing ../../lab4/build/tesse_ros_bridge/tesse_ros_bridge.egg-info/PKG-INFO
[5.735s] writing dependency_links to ../../lab4/build/tesse_ros_bridge/tesse_ros_bridge.egg-info/dependency_links.txt
[5.737s] writing entry points to ../../lab4/build/tesse_ros_bridge/tesse_ros_bridge.egg-info/entry_points.txt
[5.738s] writing requirements to ../../lab4/build/tesse_ros_bridge/tesse_ros_bridge.egg-info/requires.txt
[5.739s] writing top-level names to ../../lab4/build/tesse_ros_bridge/tesse_ros_bridge.egg-info/top_level.txt
[5.868s] reading manifest file '../../lab4/build/tesse_ros_bridge/tesse_ros_bridge.egg-info/SOURCES.txt'
[5.910s] writing manifest file '../../lab4/build/tesse_ros_bridge/tesse_ros_bridge.egg-info/SOURCES.txt'
[5.913s] running build
[5.913s] running build_py
[5.914s] copying tesse_ros_bridge/tesse_ros_node.py -> /home/aimane/vnav23/labs/lab4/build/tesse_ros_bridge/build/lib/tesse_ros_bridge
[5.915s] copying tesse_ros_bridge/quadrotor_control_interface.py -> /home/aimane/vnav23/labs/lab4/build/tesse_ros_bridge/build/lib/tesse_ros_bridge
[5.917s] copying tesse_ros_bridge/__init__.py -> /home/aimane/vnav23/labs/lab4/build/tesse_ros_bridge/build/lib/tesse_ros_bridge
[5.919s] copying tesse_ros_bridge/noise_simulator.py -> /home/aimane/vnav23/labs/lab4/build/tesse_ros_bridge/build/lib/tesse_ros_bridge
[5.927s] copying tesse_ros_bridge/utils.py -> /home/aimane/vnav23/labs/lab4/build/tesse_ros_bridge/build/lib/tesse_ros_bridge
[5.927s] copying tesse_ros_bridge/consts.py -> /home/aimane/vnav23/labs/lab4/build/tesse_ros_bridge/build/lib/tesse_ros_bridge
[5.928s] copying key_teleop/__init__.py -> /home/aimane/vnav23/labs/lab4/build/tesse_ros_bridge/build/lib/key_teleop
[5.928s] copying key_teleop/key_teleop.py -> /home/aimane/vnav23/labs/lab4/build/tesse_ros_bridge/build/lib/key_teleop
[5.930s] copying key_teleop/alternative_key_teleop.py -> /home/aimane/vnav23/labs/lab4/build/tesse_ros_bridge/build/lib/key_teleop
[5.934s] running install
[5.950s] running install_lib
[6.033s] running install_data
[6.034s] copying resource/tesse_ros_bridge -> /home/aimane/vnav23/labs/lab4/install/tesse_ros_bridge/share/ament_index/resource_index/packages
[6.042s] copying package.xml -> /home/aimane/vnav23/labs/lab4/install/tesse_ros_bridge/share/tesse_ros_bridge
[6.042s] copying launch/tesse_quadrotor_bridge.launch.yaml -> /home/aimane/vnav23/labs/lab4/install/tesse_ros_bridge/share/tesse_ros_bridge/launch
[6.042s] copying config/tesse_agent_params.yaml -> /home/aimane/vnav23/labs/lab4/install/tesse_ros_bridge/share/tesse_ros_bridge/config
[6.043s] copying config/lidar_params.yaml -> /home/aimane/vnav23/labs/lab4/install/tesse_ros_bridge/share/tesse_ros_bridge/config
[6.043s] copying config/camera_params.yaml -> /home/aimane/vnav23/labs/lab4/install/tesse_ros_bridge/share/tesse_ros_bridge/config
[6.046s] copying config/params.yaml -> /home/aimane/vnav23/labs/lab4/install/tesse_ros_bridge/share/tesse_ros_bridge/config
[6.048s] copying config/object_spawn_params.yaml -> /home/aimane/vnav23/labs/lab4/install/tesse_ros_bridge/share/tesse_ros_bridge/config
[6.048s] copying config/map_tfs.yaml -> /home/aimane/vnav23/labs/lab4/install/tesse_ros_bridge/share/tesse_ros_bridge/config
[6.049s] copying config/noise_model.yaml -> /home/aimane/vnav23/labs/lab4/install/tesse_ros_bridge/share/tesse_ros_bridge/config
[6.050s] running install_egg_info
[6.099s] removing '/home/aimane/vnav23/labs/lab4/install/tesse_ros_bridge/lib/python3.10/site-packages/tesse_ros_bridge-0.0.0-py3.10.egg-info' (and everything under it)
[6.101s] Copying ../../lab4/build/tesse_ros_bridge/tesse_ros_bridge.egg-info to /home/aimane/vnav23/labs/lab4/install/tesse_ros_bridge/lib/python3.10/site-packages/tesse_ros_bridge-0.0.0-py3.10.egg-info
[6.147s] running install_scripts
[6.239s] Installing key_teleop script to /home/aimane/vnav23/labs/lab4/install/tesse_ros_bridge/lib/tesse_ros_bridge
[6.240s] Installing quadrotor_control_interface script to /home/aimane/vnav23/labs/lab4/install/tesse_ros_bridge/lib/tesse_ros_bridge
[6.240s] Installing tesse_ros_node script to /home/aimane/vnav23/labs/lab4/install/tesse_ros_bridge/lib/tesse_ros_bridge
[6.241s] writing list of installed files to '/home/aimane/vnav23/labs/lab4/build/tesse_ros_bridge/install.log'
[6.301s] Invoked command in '/home/aimane/vnav23/labs/lab4/src/tesse_ros_bridge' returned '0': PS1=(lab4_venv) \[[01;32m\]\u@\h\[[00m\]:\[[01;34m\]\w\[[00m\]$ PYTHONPATH=/home/aimane/vnav23/labs/lab4/build/tesse_ros_bridge/prefix_override:/usr/lib/python3/dist-packages/colcon_core/task/python/colcon_distutils_commands:/home/aimane/vnav23/labs/lab4/install/tesse_ros_bridge/lib/python3.10/site-packages:${PYTHONPATH} VIRTUAL_ENV_PROMPT=(lab4_venv) /usr/bin/python3 -W ignore:setup.py install is deprecated -W ignore:easy_install command is deprecated setup.py egg_info --egg-base ../../lab4/build/tesse_ros_bridge build --build-base /home/aimane/vnav23/labs/lab4/build/tesse_ros_bridge/build install --record /home/aimane/vnav23/labs/lab4/build/tesse_ros_bridge/install.log --single-version-externally-managed install_data
