[0.569s] DEBUG:colcon:Command line arguments: ['/usr/bin/colcon', 'build', '--packages-select', 'planner_pkg']
[0.569s] DEBUG:colcon:Parsed command line arguments: Namespace(log_base=None, log_level=None, verb_name='build', build_base='build', install_base='install', merge_install=False, symlink_install=False, test_result_base=None, continue_on_error=False, executor='parallel', parallel_workers=8, event_handlers=None, ignore_user_meta=False, metas=['./colcon.meta'], base_paths=['.'], packages_ignore=None, packages_ignore_regex=None, paths=None, packages_up_to=None, packages_up_to_regex=None, packages_above=None, packages_above_and_dependencies=None, packages_above_depth=None, packages_select_by_dep=None, packages_skip_by_dep=None, packages_skip_up_to=None, packages_select_build_failed=False, packages_skip_build_finished=False, packages_select_test_failures=False, packages_skip_test_passed=False, packages_select=['planner_pkg'], packages_skip=None, packages_select_regex=None, packages_skip_regex=None, packages_start=None, packages_end=None, cmake_args=None, cmake_target=None, cmake_target_skip_unavailable=False, cmake_clean_cache=False, cmake_clean_first=False, cmake_force_configure=False, ament_cmake_args=None, catkin_cmake_args=None, catkin_skip_building_tests=False, mixin_files=None, mixin=None, verb_parser=<colcon_mixin.mixin.mixin_argument.MixinArgumentDecorator object at 0x7c64af37ae60>, verb_extension=<colcon_core.verb.build.BuildVerb object at 0x7c64af52c490>, main=<bound method BuildVerb.main of <colcon_core.verb.build.BuildVerb object at 0x7c64af52c490>>, mixin_verb=('build',))
[0.756s] Level 1:colcon.colcon_core.package_discovery:discover_packages(colcon_meta) check parameters
[0.757s] Level 1:colcon.colcon_core.package_discovery:discover_packages(recursive) check parameters
[0.757s] Level 1:colcon.colcon_core.package_discovery:discover_packages(ignore) check parameters
[0.757s] Level 1:colcon.colcon_core.package_discovery:discover_packages(path) check parameters
[0.757s] Level 1:colcon.colcon_core.package_discovery:discover_packages(colcon_meta) discover
[0.758s] Level 1:colcon.colcon_core.package_discovery:discover_packages(recursive) discover
[0.758s] INFO:colcon.colcon_core.package_discovery:Crawling recursively for packages in '/home/aimane/vnav23/labs/lab4'
[0.758s] Level 1:colcon.colcon_core.package_identification:_identify(.) by extensions ['ignore', 'ignore_ament_install']
[0.759s] Level 1:colcon.colcon_core.package_identification:_identify(.) by extension 'ignore'
[0.759s] Level 1:colcon.colcon_core.package_identification:_identify(.) by extension 'ignore_ament_install'
[0.759s] Level 1:colcon.colcon_core.package_identification:_identify(.) by extensions ['colcon_pkg']
[0.760s] Level 1:colcon.colcon_core.package_identification:_identify(.) by extension 'colcon_pkg'
[0.760s] Level 1:colcon.colcon_core.package_identification:_identify(.) by extensions ['colcon_meta']
[0.760s] Level 1:colcon.colcon_core.package_identification:_identify(.) by extension 'colcon_meta'
[0.761s] Level 1:colcon.colcon_core.package_identification:_identify(.) by extensions ['ros']
[0.761s] Level 1:colcon.colcon_core.package_identification:_identify(.) by extension 'ros'
[0.830s] Level 1:colcon.colcon_core.package_identification:_identify(.) by extensions ['cmake', 'python']
[0.830s] Level 1:colcon.colcon_core.package_identification:_identify(.) by extension 'cmake'
[0.831s] Level 1:colcon.colcon_core.package_identification:_identify(.) by extension 'python'
[0.831s] Level 1:colcon.colcon_core.package_identification:_identify(.) by extensions ['python_setup_py']
[0.831s] Level 1:colcon.colcon_core.package_identification:_identify(.) by extension 'python_setup_py'
[0.831s] Level 1:colcon.colcon_core.package_identification:_identify(build) by extensions ['ignore', 'ignore_ament_install']
[0.832s] Level 1:colcon.colcon_core.package_identification:_identify(build) by extension 'ignore'
[0.832s] Level 1:colcon.colcon_core.package_identification:_identify(build) ignored
[0.833s] Level 1:colcon.colcon_core.package_identification:_identify(install) by extensions ['ignore', 'ignore_ament_install']
[0.834s] Level 1:colcon.colcon_core.package_identification:_identify(install) by extension 'ignore'
[0.834s] Level 1:colcon.colcon_core.package_identification:_identify(install) ignored
[0.835s] Level 1:colcon.colcon_core.package_identification:_identify(log) by extensions ['ignore', 'ignore_ament_install']
[0.837s] Level 1:colcon.colcon_core.package_identification:_identify(log) by extension 'ignore'
[0.837s] Level 1:colcon.colcon_core.package_identification:_identify(log) ignored
[0.838s] Level 1:colcon.colcon_core.package_identification:_identify(src) by extensions ['ignore', 'ignore_ament_install']
[0.838s] Level 1:colcon.colcon_core.package_identification:_identify(src) by extension 'ignore'
[0.838s] Level 1:colcon.colcon_core.package_identification:_identify(src) by extension 'ignore_ament_install'
[0.838s] Level 1:colcon.colcon_core.package_identification:_identify(src) by extensions ['colcon_pkg']
[0.839s] Level 1:colcon.colcon_core.package_identification:_identify(src) by extension 'colcon_pkg'
[0.839s] Level 1:colcon.colcon_core.package_identification:_identify(src) by extensions ['colcon_meta']
[0.839s] Level 1:colcon.colcon_core.package_identification:_identify(src) by extension 'colcon_meta'
[0.840s] Level 1:colcon.colcon_core.package_identification:_identify(src) by extensions ['ros']
[0.840s] Level 1:colcon.colcon_core.package_identification:_identify(src) by extension 'ros'
[0.841s] Level 1:colcon.colcon_core.package_identification:_identify(src) by extensions ['cmake', 'python']
[0.841s] Level 1:colcon.colcon_core.package_identification:_identify(src) by extension 'cmake'
[0.841s] Level 1:colcon.colcon_core.package_identification:_identify(src) by extension 'python'
[0.842s] Level 1:colcon.colcon_core.package_identification:_identify(src) by extensions ['python_setup_py']
[0.842s] Level 1:colcon.colcon_core.package_identification:_identify(src) by extension 'python_setup_py'
[0.842s] Level 1:colcon.colcon_core.package_identification:_identify(src/build) by extensions ['ignore', 'ignore_ament_install']
[0.843s] Level 1:colcon.colcon_core.package_identification:_identify(src/build) by extension 'ignore'
[0.843s] Level 1:colcon.colcon_core.package_identification:_identify(src/build) ignored
[0.844s] Level 1:colcon.colcon_core.package_identification:_identify(src/controller_pkg) by extensions ['ignore', 'ignore_ament_install']
[0.845s] Level 1:colcon.colcon_core.package_identification:_identify(src/controller_pkg) by extension 'ignore'
[0.845s] Level 1:colcon.colcon_core.package_identification:_identify(src/controller_pkg) by extension 'ignore_ament_install'
[0.846s] Level 1:colcon.colcon_core.package_identification:_identify(src/controller_pkg) by extensions ['colcon_pkg']
[0.846s] Level 1:colcon.colcon_core.package_identification:_identify(src/controller_pkg) by extension 'colcon_pkg'
[0.846s] Level 1:colcon.colcon_core.package_identification:_identify(src/controller_pkg) by extensions ['colcon_meta']
[0.846s] Level 1:colcon.colcon_core.package_identification:_identify(src/controller_pkg) by extension 'colcon_meta'
[0.846s] Level 1:colcon.colcon_core.package_identification:_identify(src/controller_pkg) by extensions ['ros']
[0.846s] Level 1:colcon.colcon_core.package_identification:_identify(src/controller_pkg) by extension 'ros'
[0.861s] DEBUG:colcon.colcon_core.package_identification:Package 'src/controller_pkg' with type 'ros.ament_cmake' and name 'controller_pkg'
[0.865s] Level 1:colcon.colcon_core.package_identification:_identify(src/install) by extensions ['ignore', 'ignore_ament_install']
[0.865s] Level 1:colcon.colcon_core.package_identification:_identify(src/install) by extension 'ignore'
[0.866s] Level 1:colcon.colcon_core.package_identification:_identify(src/install) ignored
[0.866s] Level 1:colcon.colcon_core.package_identification:_identify(src/log) by extensions ['ignore', 'ignore_ament_install']
[0.867s] Level 1:colcon.colcon_core.package_identification:_identify(src/log) by extension 'ignore'
[0.867s] Level 1:colcon.colcon_core.package_identification:_identify(src/log) ignored
[0.872s] Level 1:colcon.colcon_core.package_identification:_identify(src/mav_comm) by extensions ['ignore', 'ignore_ament_install']
[0.874s] Level 1:colcon.colcon_core.package_identification:_identify(src/mav_comm) by extension 'ignore'
[0.874s] Level 1:colcon.colcon_core.package_identification:_identify(src/mav_comm) by extension 'ignore_ament_install'
[0.875s] Level 1:colcon.colcon_core.package_identification:_identify(src/mav_comm) by extensions ['colcon_pkg']
[0.875s] Level 1:colcon.colcon_core.package_identification:_identify(src/mav_comm) by extension 'colcon_pkg'
[0.875s] Level 1:colcon.colcon_core.package_identification:_identify(src/mav_comm) by extensions ['colcon_meta']
[0.875s] Level 1:colcon.colcon_core.package_identification:_identify(src/mav_comm) by extension 'colcon_meta'
[0.875s] Level 1:colcon.colcon_core.package_identification:_identify(src/mav_comm) by extensions ['ros']
[0.876s] Level 1:colcon.colcon_core.package_identification:_identify(src/mav_comm) by extension 'ros'
[0.876s] Level 1:colcon.colcon_core.package_identification:_identify(src/mav_comm) by extensions ['cmake', 'python']
[0.877s] Level 1:colcon.colcon_core.package_identification:_identify(src/mav_comm) by extension 'cmake'
[0.877s] Level 1:colcon.colcon_core.package_identification:_identify(src/mav_comm) by extension 'python'
[0.878s] Level 1:colcon.colcon_core.package_identification:_identify(src/mav_comm) by extensions ['python_setup_py']
[0.878s] Level 1:colcon.colcon_core.package_identification:_identify(src/mav_comm) by extension 'python_setup_py'
[0.879s] Level 1:colcon.colcon_core.package_identification:_identify(src/mav_comm/mav_comm) by extensions ['ignore', 'ignore_ament_install']
[0.880s] Level 1:colcon.colcon_core.package_identification:_identify(src/mav_comm/mav_comm) by extension 'ignore'
[0.881s] Level 1:colcon.colcon_core.package_identification:_identify(src/mav_comm/mav_comm) by extension 'ignore_ament_install'
[0.881s] Level 1:colcon.colcon_core.package_identification:_identify(src/mav_comm/mav_comm) by extensions ['colcon_pkg']
[0.882s] Level 1:colcon.colcon_core.package_identification:_identify(src/mav_comm/mav_comm) by extension 'colcon_pkg'
[0.882s] Level 1:colcon.colcon_core.package_identification:_identify(src/mav_comm/mav_comm) by extensions ['colcon_meta']
[0.882s] Level 1:colcon.colcon_core.package_identification:_identify(src/mav_comm/mav_comm) by extension 'colcon_meta'
[0.882s] Level 1:colcon.colcon_core.package_identification:_identify(src/mav_comm/mav_comm) by extensions ['ros']
[0.882s] Level 1:colcon.colcon_core.package_identification:_identify(src/mav_comm/mav_comm) by extension 'ros'
[0.886s] DEBUG:colcon.colcon_core.package_identification:Package 'src/mav_comm/mav_comm' with type 'ros.ament_cmake' and name 'mav_comm'
[0.887s] Level 1:colcon.colcon_core.package_identification:_identify(src/mav_comm/mav_msgs) by extensions ['ignore', 'ignore_ament_install']
[0.889s] Level 1:colcon.colcon_core.package_identification:_identify(src/mav_comm/mav_msgs) by extension 'ignore'
[0.890s] Level 1:colcon.colcon_core.package_identification:_identify(src/mav_comm/mav_msgs) by extension 'ignore_ament_install'
[0.894s] Level 1:colcon.colcon_core.package_identification:_identify(src/mav_comm/mav_msgs) by extensions ['colcon_pkg']
[0.896s] Level 1:colcon.colcon_core.package_identification:_identify(src/mav_comm/mav_msgs) by extension 'colcon_pkg'
[0.901s] Level 1:colcon.colcon_core.package_identification:_identify(src/mav_comm/mav_msgs) by extensions ['colcon_meta']
[0.901s] Level 1:colcon.colcon_core.package_identification:_identify(src/mav_comm/mav_msgs) by extension 'colcon_meta'
[0.902s] Level 1:colcon.colcon_core.package_identification:_identify(src/mav_comm/mav_msgs) by extensions ['ros']
[0.902s] Level 1:colcon.colcon_core.package_identification:_identify(src/mav_comm/mav_msgs) by extension 'ros'
[0.910s] DEBUG:colcon.colcon_core.package_identification:Package 'src/mav_comm/mav_msgs' with type 'ros.ament_cmake' and name 'mav_msgs'
[0.911s] Level 1:colcon.colcon_core.package_identification:_identify(src/mav_comm/mav_planning_msgs) by extensions ['ignore', 'ignore_ament_install']
[0.912s] Level 1:colcon.colcon_core.package_identification:_identify(src/mav_comm/mav_planning_msgs) by extension 'ignore'
[0.913s] Level 1:colcon.colcon_core.package_identification:_identify(src/mav_comm/mav_planning_msgs) by extension 'ignore_ament_install'
[0.913s] Level 1:colcon.colcon_core.package_identification:_identify(src/mav_comm/mav_planning_msgs) by extensions ['colcon_pkg']
[0.913s] Level 1:colcon.colcon_core.package_identification:_identify(src/mav_comm/mav_planning_msgs) by extension 'colcon_pkg'
[0.914s] Level 1:colcon.colcon_core.package_identification:_identify(src/mav_comm/mav_planning_msgs) by extensions ['colcon_meta']
[0.915s] Level 1:colcon.colcon_core.package_identification:_identify(src/mav_comm/mav_planning_msgs) by extension 'colcon_meta'
[0.915s] Level 1:colcon.colcon_core.package_identification:_identify(src/mav_comm/mav_planning_msgs) by extensions ['ros']
[0.915s] Level 1:colcon.colcon_core.package_identification:_identify(src/mav_comm/mav_planning_msgs) by extension 'ros'
[0.922s] DEBUG:colcon.colcon_core.package_identification:Package 'src/mav_comm/mav_planning_msgs' with type 'ros.ament_cmake' and name 'mav_planning_msgs'
[0.923s] Level 1:colcon.colcon_core.package_identification:_identify(src/mav_comm/mav_state_machine_msgs) by extensions ['ignore', 'ignore_ament_install']
[0.923s] Level 1:colcon.colcon_core.package_identification:_identify(src/mav_comm/mav_state_machine_msgs) by extension 'ignore'
[0.924s] Level 1:colcon.colcon_core.package_identification:_identify(src/mav_comm/mav_state_machine_msgs) by extension 'ignore_ament_install'
[0.924s] Level 1:colcon.colcon_core.package_identification:_identify(src/mav_comm/mav_state_machine_msgs) by extensions ['colcon_pkg']
[0.924s] Level 1:colcon.colcon_core.package_identification:_identify(src/mav_comm/mav_state_machine_msgs) by extension 'colcon_pkg'
[0.924s] Level 1:colcon.colcon_core.package_identification:_identify(src/mav_comm/mav_state_machine_msgs) by extensions ['colcon_meta']
[0.924s] Level 1:colcon.colcon_core.package_identification:_identify(src/mav_comm/mav_state_machine_msgs) by extension 'colcon_meta'
[0.925s] Level 1:colcon.colcon_core.package_identification:_identify(src/mav_comm/mav_state_machine_msgs) by extensions ['ros']
[0.925s] Level 1:colcon.colcon_core.package_identification:_identify(src/mav_comm/mav_state_machine_msgs) by extension 'ros'
[0.927s] DEBUG:colcon.colcon_core.package_identification:Package 'src/mav_comm/mav_state_machine_msgs' with type 'ros.ament_cmake' and name 'mav_state_machine_msgs'
[0.928s] Level 1:colcon.colcon_core.package_identification:_identify(src/mav_comm/mav_system_msgs) by extensions ['ignore', 'ignore_ament_install']
[0.928s] Level 1:colcon.colcon_core.package_identification:_identify(src/mav_comm/mav_system_msgs) by extension 'ignore'
[0.929s] Level 1:colcon.colcon_core.package_identification:_identify(src/mav_comm/mav_system_msgs) by extension 'ignore_ament_install'
[0.929s] Level 1:colcon.colcon_core.package_identification:_identify(src/mav_comm/mav_system_msgs) by extensions ['colcon_pkg']
[0.929s] Level 1:colcon.colcon_core.package_identification:_identify(src/mav_comm/mav_system_msgs) by extension 'colcon_pkg'
[0.929s] Level 1:colcon.colcon_core.package_identification:_identify(src/mav_comm/mav_system_msgs) by extensions ['colcon_meta']
[0.930s] Level 1:colcon.colcon_core.package_identification:_identify(src/mav_comm/mav_system_msgs) by extension 'colcon_meta'
[0.930s] Level 1:colcon.colcon_core.package_identification:_identify(src/mav_comm/mav_system_msgs) by extensions ['ros']
[0.930s] Level 1:colcon.colcon_core.package_identification:_identify(src/mav_comm/mav_system_msgs) by extension 'ros'
[0.933s] DEBUG:colcon.colcon_core.package_identification:Package 'src/mav_comm/mav_system_msgs' with type 'ros.ament_cmake' and name 'mav_system_msgs'
[0.933s] Level 1:colcon.colcon_core.package_identification:_identify(src/mav_trajectory_generation) by extensions ['ignore', 'ignore_ament_install']
[0.934s] Level 1:colcon.colcon_core.package_identification:_identify(src/mav_trajectory_generation) by extension 'ignore'
[0.934s] Level 1:colcon.colcon_core.package_identification:_identify(src/mav_trajectory_generation) by extension 'ignore_ament_install'
[0.934s] Level 1:colcon.colcon_core.package_identification:_identify(src/mav_trajectory_generation) by extensions ['colcon_pkg']
[0.934s] Level 1:colcon.colcon_core.package_identification:_identify(src/mav_trajectory_generation) by extension 'colcon_pkg'
[0.935s] Level 1:colcon.colcon_core.package_identification:_identify(src/mav_trajectory_generation) by extensions ['colcon_meta']
[0.935s] Level 1:colcon.colcon_core.package_identification:_identify(src/mav_trajectory_generation) by extension 'colcon_meta'
[0.935s] Level 1:colcon.colcon_core.package_identification:_identify(src/mav_trajectory_generation) by extensions ['ros']
[0.935s] Level 1:colcon.colcon_core.package_identification:_identify(src/mav_trajectory_generation) by extension 'ros'
[0.936s] Level 1:colcon.colcon_core.package_identification:_identify(src/mav_trajectory_generation) by extensions ['cmake', 'python']
[0.936s] Level 1:colcon.colcon_core.package_identification:_identify(src/mav_trajectory_generation) by extension 'cmake'
[0.936s] Level 1:colcon.colcon_core.package_identification:_identify(src/mav_trajectory_generation) by extension 'python'
[0.936s] Level 1:colcon.colcon_core.package_identification:_identify(src/mav_trajectory_generation) by extensions ['python_setup_py']
[0.936s] Level 1:colcon.colcon_core.package_identification:_identify(src/mav_trajectory_generation) by extension 'python_setup_py'
[0.937s] Level 1:colcon.colcon_core.package_identification:_identify(src/mav_trajectory_generation/install) by extensions ['ignore', 'ignore_ament_install']
[0.937s] Level 1:colcon.colcon_core.package_identification:_identify(src/mav_trajectory_generation/install) by extension 'ignore'
[0.942s] Level 1:colcon.colcon_core.package_identification:_identify(src/mav_trajectory_generation/install) by extension 'ignore_ament_install'
[0.942s] Level 1:colcon.colcon_core.package_identification:_identify(src/mav_trajectory_generation/install) by extensions ['colcon_pkg']
[0.942s] Level 1:colcon.colcon_core.package_identification:_identify(src/mav_trajectory_generation/install) by extension 'colcon_pkg'
[0.943s] Level 1:colcon.colcon_core.package_identification:_identify(src/mav_trajectory_generation/install) by extensions ['colcon_meta']
[0.943s] Level 1:colcon.colcon_core.package_identification:_identify(src/mav_trajectory_generation/install) by extension 'colcon_meta'
[0.943s] Level 1:colcon.colcon_core.package_identification:_identify(src/mav_trajectory_generation/install) by extensions ['ros']
[0.943s] Level 1:colcon.colcon_core.package_identification:_identify(src/mav_trajectory_generation/install) by extension 'ros'
[0.944s] Level 1:colcon.colcon_core.package_identification:_identify(src/mav_trajectory_generation/install) by extensions ['cmake', 'python']
[0.944s] Level 1:colcon.colcon_core.package_identification:_identify(src/mav_trajectory_generation/install) by extension 'cmake'
[0.944s] Level 1:colcon.colcon_core.package_identification:_identify(src/mav_trajectory_generation/install) by extension 'python'
[0.945s] Level 1:colcon.colcon_core.package_identification:_identify(src/mav_trajectory_generation/install) by extensions ['python_setup_py']
[0.945s] Level 1:colcon.colcon_core.package_identification:_identify(src/mav_trajectory_generation/install) by extension 'python_setup_py'
[0.945s] Level 1:colcon.colcon_core.package_identification:_identify(src/mav_trajectory_generation/matlab) by extensions ['ignore', 'ignore_ament_install']
[0.946s] Level 1:colcon.colcon_core.package_identification:_identify(src/mav_trajectory_generation/matlab) by extension 'ignore'
[0.946s] Level 1:colcon.colcon_core.package_identification:_identify(src/mav_trajectory_generation/matlab) by extension 'ignore_ament_install'
[0.947s] Level 1:colcon.colcon_core.package_identification:_identify(src/mav_trajectory_generation/matlab) by extensions ['colcon_pkg']
[0.947s] Level 1:colcon.colcon_core.package_identification:_identify(src/mav_trajectory_generation/matlab) by extension 'colcon_pkg'
[0.947s] Level 1:colcon.colcon_core.package_identification:_identify(src/mav_trajectory_generation/matlab) by extensions ['colcon_meta']
[0.948s] Level 1:colcon.colcon_core.package_identification:_identify(src/mav_trajectory_generation/matlab) by extension 'colcon_meta'
[0.948s] Level 1:colcon.colcon_core.package_identification:_identify(src/mav_trajectory_generation/matlab) by extensions ['ros']
[0.948s] Level 1:colcon.colcon_core.package_identification:_identify(src/mav_trajectory_generation/matlab) by extension 'ros'
[0.949s] Level 1:colcon.colcon_core.package_identification:_identify(src/mav_trajectory_generation/matlab) by extensions ['cmake', 'python']
[0.949s] Level 1:colcon.colcon_core.package_identification:_identify(src/mav_trajectory_generation/matlab) by extension 'cmake'
[0.949s] Level 1:colcon.colcon_core.package_identification:_identify(src/mav_trajectory_generation/matlab) by extension 'python'
[0.950s] Level 1:colcon.colcon_core.package_identification:_identify(src/mav_trajectory_generation/matlab) by extensions ['python_setup_py']
[0.950s] Level 1:colcon.colcon_core.package_identification:_identify(src/mav_trajectory_generation/matlab) by extension 'python_setup_py'
[0.951s] Level 1:colcon.colcon_core.package_identification:_identify(src/mav_trajectory_generation/matlab/functions) by extensions ['ignore', 'ignore_ament_install']
[0.957s] Level 1:colcon.colcon_core.package_identification:_identify(src/mav_trajectory_generation/matlab/functions) by extension 'ignore'
[0.958s] Level 1:colcon.colcon_core.package_identification:_identify(src/mav_trajectory_generation/matlab/functions) by extension 'ignore_ament_install'
[0.958s] Level 1:colcon.colcon_core.package_identification:_identify(src/mav_trajectory_generation/matlab/functions) by extensions ['colcon_pkg']
[0.959s] Level 1:colcon.colcon_core.package_identification:_identify(src/mav_trajectory_generation/matlab/functions) by extension 'colcon_pkg'
[0.959s] Level 1:colcon.colcon_core.package_identification:_identify(src/mav_trajectory_generation/matlab/functions) by extensions ['colcon_meta']
[0.960s] Level 1:colcon.colcon_core.package_identification:_identify(src/mav_trajectory_generation/matlab/functions) by extension 'colcon_meta'
[0.960s] Level 1:colcon.colcon_core.package_identification:_identify(src/mav_trajectory_generation/matlab/functions) by extensions ['ros']
[0.960s] Level 1:colcon.colcon_core.package_identification:_identify(src/mav_trajectory_generation/matlab/functions) by extension 'ros'
[0.962s] Level 1:colcon.colcon_core.package_identification:_identify(src/mav_trajectory_generation/matlab/functions) by extensions ['cmake', 'python']
[0.962s] Level 1:colcon.colcon_core.package_identification:_identify(src/mav_trajectory_generation/matlab/functions) by extension 'cmake'
[0.962s] Level 1:colcon.colcon_core.package_identification:_identify(src/mav_trajectory_generation/matlab/functions) by extension 'python'
[0.962s] Level 1:colcon.colcon_core.package_identification:_identify(src/mav_trajectory_generation/matlab/functions) by extensions ['python_setup_py']
[0.962s] Level 1:colcon.colcon_core.package_identification:_identify(src/mav_trajectory_generation/matlab/functions) by extension 'python_setup_py'
[0.963s] Level 1:colcon.colcon_core.package_identification:_identify(src/mav_trajectory_generation/mav_trajectory_generation) by extensions ['ignore', 'ignore_ament_install']
[0.963s] Level 1:colcon.colcon_core.package_identification:_identify(src/mav_trajectory_generation/mav_trajectory_generation) by extension 'ignore'
[0.963s] Level 1:colcon.colcon_core.package_identification:_identify(src/mav_trajectory_generation/mav_trajectory_generation) by extension 'ignore_ament_install'
[0.963s] Level 1:colcon.colcon_core.package_identification:_identify(src/mav_trajectory_generation/mav_trajectory_generation) by extensions ['colcon_pkg']
[0.963s] Level 1:colcon.colcon_core.package_identification:_identify(src/mav_trajectory_generation/mav_trajectory_generation) by extension 'colcon_pkg'
[0.964s] Level 1:colcon.colcon_core.package_identification:_identify(src/mav_trajectory_generation/mav_trajectory_generation) by extensions ['colcon_meta']
[0.964s] Level 1:colcon.colcon_core.package_identification:_identify(src/mav_trajectory_generation/mav_trajectory_generation) by extension 'colcon_meta'
[0.964s] Level 1:colcon.colcon_core.package_identification:_identify(src/mav_trajectory_generation/mav_trajectory_generation) by extensions ['ros']
[0.964s] Level 1:colcon.colcon_core.package_identification:_identify(src/mav_trajectory_generation/mav_trajectory_generation) by extension 'ros'
[0.979s] DEBUG:colcon.colcon_core.package_identification:Package 'src/mav_trajectory_generation/mav_trajectory_generation' with type 'ros.ament_cmake' and name 'mav_trajectory_generation'
[0.979s] Level 1:colcon.colcon_core.package_identification:_identify(src/mav_trajectory_generation/mav_visualization) by extensions ['ignore', 'ignore_ament_install']
[0.987s] Level 1:colcon.colcon_core.package_identification:_identify(src/mav_trajectory_generation/mav_visualization) by extension 'ignore'
[0.987s] Level 1:colcon.colcon_core.package_identification:_identify(src/mav_trajectory_generation/mav_visualization) by extension 'ignore_ament_install'
[0.987s] Level 1:colcon.colcon_core.package_identification:_identify(src/mav_trajectory_generation/mav_visualization) by extensions ['colcon_pkg']
[0.988s] Level 1:colcon.colcon_core.package_identification:_identify(src/mav_trajectory_generation/mav_visualization) by extension 'colcon_pkg'
[0.988s] Level 1:colcon.colcon_core.package_identification:_identify(src/mav_trajectory_generation/mav_visualization) by extensions ['colcon_meta']
[0.988s] Level 1:colcon.colcon_core.package_identification:_identify(src/mav_trajectory_generation/mav_visualization) by extension 'colcon_meta'
[0.990s] Level 1:colcon.colcon_core.package_identification:_identify(src/mav_trajectory_generation/mav_visualization) by extensions ['ros']
[0.991s] Level 1:colcon.colcon_core.package_identification:_identify(src/mav_trajectory_generation/mav_visualization) by extension 'ros'
[1.001s] DEBUG:colcon.colcon_core.package_identification:Package 'src/mav_trajectory_generation/mav_visualization' with type 'ros.catkin' and name 'mav_visualization'
[1.002s] Level 1:colcon.colcon_core.package_identification:_identify(src/planner_pkg) by extensions ['ignore', 'ignore_ament_install']
[1.002s] Level 1:colcon.colcon_core.package_identification:_identify(src/planner_pkg) by extension 'ignore'
[1.002s] Level 1:colcon.colcon_core.package_identification:_identify(src/planner_pkg) by extension 'ignore_ament_install'
[1.003s] Level 1:colcon.colcon_core.package_identification:_identify(src/planner_pkg) by extensions ['colcon_pkg']
[1.011s] Level 1:colcon.colcon_core.package_identification:_identify(src/planner_pkg) by extension 'colcon_pkg'
[1.011s] Level 1:colcon.colcon_core.package_identification:_identify(src/planner_pkg) by extensions ['colcon_meta']
[1.011s] Level 1:colcon.colcon_core.package_identification:_identify(src/planner_pkg) by extension 'colcon_meta'
[1.012s] Level 1:colcon.colcon_core.package_identification:_identify(src/planner_pkg) by extensions ['ros']
[1.012s] Level 1:colcon.colcon_core.package_identification:_identify(src/planner_pkg) by extension 'ros'
[1.016s] DEBUG:colcon.colcon_core.package_identification:Package 'src/planner_pkg' with type 'ros.ament_cmake' and name 'planner_pkg'
[1.016s] Level 1:colcon.colcon_core.package_identification:_identify(src/tesse) by extensions ['ignore', 'ignore_ament_install']
[1.017s] Level 1:colcon.colcon_core.package_identification:_identify(src/tesse) by extension 'ignore'
[1.017s] Level 1:colcon.colcon_core.package_identification:_identify(src/tesse) by extension 'ignore_ament_install'
[1.017s] Level 1:colcon.colcon_core.package_identification:_identify(src/tesse) by extensions ['colcon_pkg']
[1.017s] Level 1:colcon.colcon_core.package_identification:_identify(src/tesse) by extension 'colcon_pkg'
[1.017s] Level 1:colcon.colcon_core.package_identification:_identify(src/tesse) by extensions ['colcon_meta']
[1.017s] Level 1:colcon.colcon_core.package_identification:_identify(src/tesse) by extension 'colcon_meta'
[1.018s] Level 1:colcon.colcon_core.package_identification:_identify(src/tesse) by extensions ['ros']
[1.018s] Level 1:colcon.colcon_core.package_identification:_identify(src/tesse) by extension 'ros'
[1.018s] Level 1:colcon.colcon_core.package_identification:_identify(src/tesse) by extensions ['cmake', 'python']
[1.019s] Level 1:colcon.colcon_core.package_identification:_identify(src/tesse) by extension 'cmake'
[1.019s] Level 1:colcon.colcon_core.package_identification:_identify(src/tesse) by extension 'python'
[1.019s] Level 1:colcon.colcon_core.package_identification:_identify(src/tesse) by extensions ['python_setup_py']
[1.019s] Level 1:colcon.colcon_core.package_identification:_identify(src/tesse) by extension 'python_setup_py'
[1.020s] Level 1:colcon.colcon_core.package_identification:_identify(src/tesse/lab4_Data) by extensions ['ignore', 'ignore_ament_install']
[1.020s] Level 1:colcon.colcon_core.package_identification:_identify(src/tesse/lab4_Data) by extension 'ignore'
[1.020s] Level 1:colcon.colcon_core.package_identification:_identify(src/tesse/lab4_Data) by extension 'ignore_ament_install'
[1.021s] Level 1:colcon.colcon_core.package_identification:_identify(src/tesse/lab4_Data) by extensions ['colcon_pkg']
[1.021s] Level 1:colcon.colcon_core.package_identification:_identify(src/tesse/lab4_Data) by extension 'colcon_pkg'
[1.021s] Level 1:colcon.colcon_core.package_identification:_identify(src/tesse/lab4_Data) by extensions ['colcon_meta']
[1.021s] Level 1:colcon.colcon_core.package_identification:_identify(src/tesse/lab4_Data) by extension 'colcon_meta'
[1.021s] Level 1:colcon.colcon_core.package_identification:_identify(src/tesse/lab4_Data) by extensions ['ros']
[1.021s] Level 1:colcon.colcon_core.package_identification:_identify(src/tesse/lab4_Data) by extension 'ros'
[1.022s] Level 1:colcon.colcon_core.package_identification:_identify(src/tesse/lab4_Data) by extensions ['cmake', 'python']
[1.022s] Level 1:colcon.colcon_core.package_identification:_identify(src/tesse/lab4_Data) by extension 'cmake'
[1.030s] Level 1:colcon.colcon_core.package_identification:_identify(src/tesse/lab4_Data) by extension 'python'
[1.030s] Level 1:colcon.colcon_core.package_identification:_identify(src/tesse/lab4_Data) by extensions ['python_setup_py']
[1.030s] Level 1:colcon.colcon_core.package_identification:_identify(src/tesse/lab4_Data) by extension 'python_setup_py'
[1.031s] Level 1:colcon.colcon_core.package_identification:_identify(src/tesse/lab4_Data/Managed) by extensions ['ignore', 'ignore_ament_install']
[1.031s] Level 1:colcon.colcon_core.package_identification:_identify(src/tesse/lab4_Data/Managed) by extension 'ignore'
[1.032s] Level 1:colcon.colcon_core.package_identification:_identify(src/tesse/lab4_Data/Managed) by extension 'ignore_ament_install'
[1.032s] Level 1:colcon.colcon_core.package_identification:_identify(src/tesse/lab4_Data/Managed) by extensions ['colcon_pkg']
[1.032s] Level 1:colcon.colcon_core.package_identification:_identify(src/tesse/lab4_Data/Managed) by extension 'colcon_pkg'
[1.032s] Level 1:colcon.colcon_core.package_identification:_identify(src/tesse/lab4_Data/Managed) by extensions ['colcon_meta']
[1.032s] Level 1:colcon.colcon_core.package_identification:_identify(src/tesse/lab4_Data/Managed) by extension 'colcon_meta'
[1.032s] Level 1:colcon.colcon_core.package_identification:_identify(src/tesse/lab4_Data/Managed) by extensions ['ros']
[1.033s] Level 1:colcon.colcon_core.package_identification:_identify(src/tesse/lab4_Data/Managed) by extension 'ros'
[1.033s] Level 1:colcon.colcon_core.package_identification:_identify(src/tesse/lab4_Data/Managed) by extensions ['cmake', 'python']
[1.040s] Level 1:colcon.colcon_core.package_identification:_identify(src/tesse/lab4_Data/Managed) by extension 'cmake'
[1.040s] Level 1:colcon.colcon_core.package_identification:_identify(src/tesse/lab4_Data/Managed) by extension 'python'
[1.040s] Level 1:colcon.colcon_core.package_identification:_identify(src/tesse/lab4_Data/Managed) by extensions ['python_setup_py']
[1.041s] Level 1:colcon.colcon_core.package_identification:_identify(src/tesse/lab4_Data/Managed) by extension 'python_setup_py'
[1.041s] Level 1:colcon.colcon_core.package_identification:_identify(src/tesse/lab4_Data/MonoBleedingEdge) by extensions ['ignore', 'ignore_ament_install']
[1.041s] Level 1:colcon.colcon_core.package_identification:_identify(src/tesse/lab4_Data/MonoBleedingEdge) by extension 'ignore'
[1.041s] Level 1:colcon.colcon_core.package_identification:_identify(src/tesse/lab4_Data/MonoBleedingEdge) by extension 'ignore_ament_install'
[1.042s] Level 1:colcon.colcon_core.package_identification:_identify(src/tesse/lab4_Data/MonoBleedingEdge) by extensions ['colcon_pkg']
[1.042s] Level 1:colcon.colcon_core.package_identification:_identify(src/tesse/lab4_Data/MonoBleedingEdge) by extension 'colcon_pkg'
[1.042s] Level 1:colcon.colcon_core.package_identification:_identify(src/tesse/lab4_Data/MonoBleedingEdge) by extensions ['colcon_meta']
[1.042s] Level 1:colcon.colcon_core.package_identification:_identify(src/tesse/lab4_Data/MonoBleedingEdge) by extension 'colcon_meta'
[1.042s] Level 1:colcon.colcon_core.package_identification:_identify(src/tesse/lab4_Data/MonoBleedingEdge) by extensions ['ros']
[1.042s] Level 1:colcon.colcon_core.package_identification:_identify(src/tesse/lab4_Data/MonoBleedingEdge) by extension 'ros'
[1.043s] Level 1:colcon.colcon_core.package_identification:_identify(src/tesse/lab4_Data/MonoBleedingEdge) by extensions ['cmake', 'python']
[1.043s] Level 1:colcon.colcon_core.package_identification:_identify(src/tesse/lab4_Data/MonoBleedingEdge) by extension 'cmake'
[1.043s] Level 1:colcon.colcon_core.package_identification:_identify(src/tesse/lab4_Data/MonoBleedingEdge) by extension 'python'
[1.043s] Level 1:colcon.colcon_core.package_identification:_identify(src/tesse/lab4_Data/MonoBleedingEdge) by extensions ['python_setup_py']
[1.043s] Level 1:colcon.colcon_core.package_identification:_identify(src/tesse/lab4_Data/MonoBleedingEdge) by extension 'python_setup_py'
[1.047s] Level 1:colcon.colcon_core.package_identification:_identify(src/tesse/lab4_Data/MonoBleedingEdge/etc) by extensions ['ignore', 'ignore_ament_install']
[1.047s] Level 1:colcon.colcon_core.package_identification:_identify(src/tesse/lab4_Data/MonoBleedingEdge/etc) by extension 'ignore'
[1.048s] Level 1:colcon.colcon_core.package_identification:_identify(src/tesse/lab4_Data/MonoBleedingEdge/etc) by extension 'ignore_ament_install'
[1.048s] Level 1:colcon.colcon_core.package_identification:_identify(src/tesse/lab4_Data/MonoBleedingEdge/etc) by extensions ['colcon_pkg']
[1.048s] Level 1:colcon.colcon_core.package_identification:_identify(src/tesse/lab4_Data/MonoBleedingEdge/etc) by extension 'colcon_pkg'
[1.048s] Level 1:colcon.colcon_core.package_identification:_identify(src/tesse/lab4_Data/MonoBleedingEdge/etc) by extensions ['colcon_meta']
[1.048s] Level 1:colcon.colcon_core.package_identification:_identify(src/tesse/lab4_Data/MonoBleedingEdge/etc) by extension 'colcon_meta'
[1.048s] Level 1:colcon.colcon_core.package_identification:_identify(src/tesse/lab4_Data/MonoBleedingEdge/etc) by extensions ['ros']
[1.049s] Level 1:colcon.colcon_core.package_identification:_identify(src/tesse/lab4_Data/MonoBleedingEdge/etc) by extension 'ros'
[1.049s] Level 1:colcon.colcon_core.package_identification:_identify(src/tesse/lab4_Data/MonoBleedingEdge/etc) by extensions ['cmake', 'python']
[1.049s] Level 1:colcon.colcon_core.package_identification:_identify(src/tesse/lab4_Data/MonoBleedingEdge/etc) by extension 'cmake'
[1.049s] Level 1:colcon.colcon_core.package_identification:_identify(src/tesse/lab4_Data/MonoBleedingEdge/etc) by extension 'python'
[1.049s] Level 1:colcon.colcon_core.package_identification:_identify(src/tesse/lab4_Data/MonoBleedingEdge/etc) by extensions ['python_setup_py']
[1.049s] Level 1:colcon.colcon_core.package_identification:_identify(src/tesse/lab4_Data/MonoBleedingEdge/etc) by extension 'python_setup_py'
[1.060s] Level 1:colcon.colcon_core.package_identification:_identify(src/tesse/lab4_Data/MonoBleedingEdge/etc/mono) by extensions ['ignore', 'ignore_ament_install']
[1.060s] Level 1:colcon.colcon_core.package_identification:_identify(src/tesse/lab4_Data/MonoBleedingEdge/etc/mono) by extension 'ignore'
[1.060s] Level 1:colcon.colcon_core.package_identification:_identify(src/tesse/lab4_Data/MonoBleedingEdge/etc/mono) by extension 'ignore_ament_install'
[1.061s] Level 1:colcon.colcon_core.package_identification:_identify(src/tesse/lab4_Data/MonoBleedingEdge/etc/mono) by extensions ['colcon_pkg']
[1.061s] Level 1:colcon.colcon_core.package_identification:_identify(src/tesse/lab4_Data/MonoBleedingEdge/etc/mono) by extension 'colcon_pkg'
[1.061s] Level 1:colcon.colcon_core.package_identification:_identify(src/tesse/lab4_Data/MonoBleedingEdge/etc/mono) by extensions ['colcon_meta']
[1.061s] Level 1:colcon.colcon_core.package_identification:_identify(src/tesse/lab4_Data/MonoBleedingEdge/etc/mono) by extension 'colcon_meta'
[1.061s] Level 1:colcon.colcon_core.package_identification:_identify(src/tesse/lab4_Data/MonoBleedingEdge/etc/mono) by extensions ['ros']
[1.061s] Level 1:colcon.colcon_core.package_identification:_identify(src/tesse/lab4_Data/MonoBleedingEdge/etc/mono) by extension 'ros'
[1.062s] Level 1:colcon.colcon_core.package_identification:_identify(src/tesse/lab4_Data/MonoBleedingEdge/etc/mono) by extensions ['cmake', 'python']
[1.062s] Level 1:colcon.colcon_core.package_identification:_identify(src/tesse/lab4_Data/MonoBleedingEdge/etc/mono) by extension 'cmake'
[1.062s] Level 1:colcon.colcon_core.package_identification:_identify(src/tesse/lab4_Data/MonoBleedingEdge/etc/mono) by extension 'python'
[1.062s] Level 1:colcon.colcon_core.package_identification:_identify(src/tesse/lab4_Data/MonoBleedingEdge/etc/mono) by extensions ['python_setup_py']
[1.062s] Level 1:colcon.colcon_core.package_identification:_identify(src/tesse/lab4_Data/MonoBleedingEdge/etc/mono) by extension 'python_setup_py'
[1.063s] Level 1:colcon.colcon_core.package_identification:_identify(src/tesse/lab4_Data/MonoBleedingEdge/etc/mono/2.0) by extensions ['ignore', 'ignore_ament_install']
[1.063s] Level 1:colcon.colcon_core.package_identification:_identify(src/tesse/lab4_Data/MonoBleedingEdge/etc/mono/2.0) by extension 'ignore'
[1.063s] Level 1:colcon.colcon_core.package_identification:_identify(src/tesse/lab4_Data/MonoBleedingEdge/etc/mono/2.0) by extension 'ignore_ament_install'
[1.063s] Level 1:colcon.colcon_core.package_identification:_identify(src/tesse/lab4_Data/MonoBleedingEdge/etc/mono/2.0) by extensions ['colcon_pkg']
[1.063s] Level 1:colcon.colcon_core.package_identification:_identify(src/tesse/lab4_Data/MonoBleedingEdge/etc/mono/2.0) by extension 'colcon_pkg'
[1.064s] Level 1:colcon.colcon_core.package_identification:_identify(src/tesse/lab4_Data/MonoBleedingEdge/etc/mono/2.0) by extensions ['colcon_meta']
[1.067s] Level 1:colcon.colcon_core.package_identification:_identify(src/tesse/lab4_Data/MonoBleedingEdge/etc/mono/2.0) by extension 'colcon_meta'
[1.067s] Level 1:colcon.colcon_core.package_identification:_identify(src/tesse/lab4_Data/MonoBleedingEdge/etc/mono/2.0) by extensions ['ros']
[1.067s] Level 1:colcon.colcon_core.package_identification:_identify(src/tesse/lab4_Data/MonoBleedingEdge/etc/mono/2.0) by extension 'ros'
[1.068s] Level 1:colcon.colcon_core.package_identification:_identify(src/tesse/lab4_Data/MonoBleedingEdge/etc/mono/2.0) by extensions ['cmake', 'python']
[1.068s] Level 1:colcon.colcon_core.package_identification:_identify(src/tesse/lab4_Data/MonoBleedingEdge/etc/mono/2.0) by extension 'cmake'
[1.068s] Level 1:colcon.colcon_core.package_identification:_identify(src/tesse/lab4_Data/MonoBleedingEdge/etc/mono/2.0) by extension 'python'
[1.068s] Level 1:colcon.colcon_core.package_identification:_identify(src/tesse/lab4_Data/MonoBleedingEdge/etc/mono/2.0) by extensions ['python_setup_py']
[1.068s] Level 1:colcon.colcon_core.package_identification:_identify(src/tesse/lab4_Data/MonoBleedingEdge/etc/mono/2.0) by extension 'python_setup_py'
[1.069s] Level 1:colcon.colcon_core.package_identification:_identify(src/tesse/lab4_Data/MonoBleedingEdge/etc/mono/2.0/Browsers) by extensions ['ignore', 'ignore_ament_install']
[1.072s] Level 1:colcon.colcon_core.package_identification:_identify(src/tesse/lab4_Data/MonoBleedingEdge/etc/mono/2.0/Browsers) by extension 'ignore'
[1.072s] Level 1:colcon.colcon_core.package_identification:_identify(src/tesse/lab4_Data/MonoBleedingEdge/etc/mono/2.0/Browsers) by extension 'ignore_ament_install'
[1.073s] Level 1:colcon.colcon_core.package_identification:_identify(src/tesse/lab4_Data/MonoBleedingEdge/etc/mono/2.0/Browsers) by extensions ['colcon_pkg']
[1.073s] Level 1:colcon.colcon_core.package_identification:_identify(src/tesse/lab4_Data/MonoBleedingEdge/etc/mono/2.0/Browsers) by extension 'colcon_pkg'
[1.073s] Level 1:colcon.colcon_core.package_identification:_identify(src/tesse/lab4_Data/MonoBleedingEdge/etc/mono/2.0/Browsers) by extensions ['colcon_meta']
[1.073s] Level 1:colcon.colcon_core.package_identification:_identify(src/tesse/lab4_Data/MonoBleedingEdge/etc/mono/2.0/Browsers) by extension 'colcon_meta'
[1.073s] Level 1:colcon.colcon_core.package_identification:_identify(src/tesse/lab4_Data/MonoBleedingEdge/etc/mono/2.0/Browsers) by extensions ['ros']
[1.073s] Level 1:colcon.colcon_core.package_identification:_identify(src/tesse/lab4_Data/MonoBleedingEdge/etc/mono/2.0/Browsers) by extension 'ros'
[1.074s] Level 1:colcon.colcon_core.package_identification:_identify(src/tesse/lab4_Data/MonoBleedingEdge/etc/mono/2.0/Browsers) by extensions ['cmake', 'python']
[1.074s] Level 1:colcon.colcon_core.package_identification:_identify(src/tesse/lab4_Data/MonoBleedingEdge/etc/mono/2.0/Browsers) by extension 'cmake'
[1.080s] Level 1:colcon.colcon_core.package_identification:_identify(src/tesse/lab4_Data/MonoBleedingEdge/etc/mono/2.0/Browsers) by extension 'python'
[1.080s] Level 1:colcon.colcon_core.package_identification:_identify(src/tesse/lab4_Data/MonoBleedingEdge/etc/mono/2.0/Browsers) by extensions ['python_setup_py']
[1.080s] Level 1:colcon.colcon_core.package_identification:_identify(src/tesse/lab4_Data/MonoBleedingEdge/etc/mono/2.0/Browsers) by extension 'python_setup_py'
[1.081s] Level 1:colcon.colcon_core.package_identification:_identify(src/tesse/lab4_Data/MonoBleedingEdge/etc/mono/4.0) by extensions ['ignore', 'ignore_ament_install']
[1.081s] Level 1:colcon.colcon_core.package_identification:_identify(src/tesse/lab4_Data/MonoBleedingEdge/etc/mono/4.0) by extension 'ignore'
[1.081s] Level 1:colcon.colcon_core.package_identification:_identify(src/tesse/lab4_Data/MonoBleedingEdge/etc/mono/4.0) by extension 'ignore_ament_install'
[1.082s] Level 1:colcon.colcon_core.package_identification:_identify(src/tesse/lab4_Data/MonoBleedingEdge/etc/mono/4.0) by extensions ['colcon_pkg']
[1.082s] Level 1:colcon.colcon_core.package_identification:_identify(src/tesse/lab4_Data/MonoBleedingEdge/etc/mono/4.0) by extension 'colcon_pkg'
[1.084s] Level 1:colcon.colcon_core.package_identification:_identify(src/tesse/lab4_Data/MonoBleedingEdge/etc/mono/4.0) by extensions ['colcon_meta']
[1.084s] Level 1:colcon.colcon_core.package_identification:_identify(src/tesse/lab4_Data/MonoBleedingEdge/etc/mono/4.0) by extension 'colcon_meta'
[1.084s] Level 1:colcon.colcon_core.package_identification:_identify(src/tesse/lab4_Data/MonoBleedingEdge/etc/mono/4.0) by extensions ['ros']
[1.085s] Level 1:colcon.colcon_core.package_identification:_identify(src/tesse/lab4_Data/MonoBleedingEdge/etc/mono/4.0) by extension 'ros'
[1.085s] Level 1:colcon.colcon_core.package_identification:_identify(src/tesse/lab4_Data/MonoBleedingEdge/etc/mono/4.0) by extensions ['cmake', 'python']
[1.085s] Level 1:colcon.colcon_core.package_identification:_identify(src/tesse/lab4_Data/MonoBleedingEdge/etc/mono/4.0) by extension 'cmake'
[1.085s] Level 1:colcon.colcon_core.package_identification:_identify(src/tesse/lab4_Data/MonoBleedingEdge/etc/mono/4.0) by extension 'python'
[1.085s] Level 1:colcon.colcon_core.package_identification:_identify(src/tesse/lab4_Data/MonoBleedingEdge/etc/mono/4.0) by extensions ['python_setup_py']
[1.085s] Level 1:colcon.colcon_core.package_identification:_identify(src/tesse/lab4_Data/MonoBleedingEdge/etc/mono/4.0) by extension 'python_setup_py'
[1.090s] Level 1:colcon.colcon_core.package_identification:_identify(src/tesse/lab4_Data/MonoBleedingEdge/etc/mono/4.0/Browsers) by extensions ['ignore', 'ignore_ament_install']
[1.091s] Level 1:colcon.colcon_core.package_identification:_identify(src/tesse/lab4_Data/MonoBleedingEdge/etc/mono/4.0/Browsers) by extension 'ignore'
[1.091s] Level 1:colcon.colcon_core.package_identification:_identify(src/tesse/lab4_Data/MonoBleedingEdge/etc/mono/4.0/Browsers) by extension 'ignore_ament_install'
[1.091s] Level 1:colcon.colcon_core.package_identification:_identify(src/tesse/lab4_Data/MonoBleedingEdge/etc/mono/4.0/Browsers) by extensions ['colcon_pkg']
[1.091s] Level 1:colcon.colcon_core.package_identification:_identify(src/tesse/lab4_Data/MonoBleedingEdge/etc/mono/4.0/Browsers) by extension 'colcon_pkg'
[1.091s] Level 1:colcon.colcon_core.package_identification:_identify(src/tesse/lab4_Data/MonoBleedingEdge/etc/mono/4.0/Browsers) by extensions ['colcon_meta']
[1.092s] Level 1:colcon.colcon_core.package_identification:_identify(src/tesse/lab4_Data/MonoBleedingEdge/etc/mono/4.0/Browsers) by extension 'colcon_meta'
[1.092s] Level 1:colcon.colcon_core.package_identification:_identify(src/tesse/lab4_Data/MonoBleedingEdge/etc/mono/4.0/Browsers) by extensions ['ros']
[1.092s] Level 1:colcon.colcon_core.package_identification:_identify(src/tesse/lab4_Data/MonoBleedingEdge/etc/mono/4.0/Browsers) by extension 'ros'
[1.092s] Level 1:colcon.colcon_core.package_identification:_identify(src/tesse/lab4_Data/MonoBleedingEdge/etc/mono/4.0/Browsers) by extensions ['cmake', 'python']
[1.092s] Level 1:colcon.colcon_core.package_identification:_identify(src/tesse/lab4_Data/MonoBleedingEdge/etc/mono/4.0/Browsers) by extension 'cmake'
[1.092s] Level 1:colcon.colcon_core.package_identification:_identify(src/tesse/lab4_Data/MonoBleedingEdge/etc/mono/4.0/Browsers) by extension 'python'
[1.093s] Level 1:colcon.colcon_core.package_identification:_identify(src/tesse/lab4_Data/MonoBleedingEdge/etc/mono/4.0/Browsers) by extensions ['python_setup_py']
[1.093s] Level 1:colcon.colcon_core.package_identification:_identify(src/tesse/lab4_Data/MonoBleedingEdge/etc/mono/4.0/Browsers) by extension 'python_setup_py'
[1.093s] Level 1:colcon.colcon_core.package_identification:_identify(src/tesse/lab4_Data/MonoBleedingEdge/etc/mono/4.5) by extensions ['ignore', 'ignore_ament_install']
[1.094s] Level 1:colcon.colcon_core.package_identification:_identify(src/tesse/lab4_Data/MonoBleedingEdge/etc/mono/4.5) by extension 'ignore'
[1.094s] Level 1:colcon.colcon_core.package_identification:_identify(src/tesse/lab4_Data/MonoBleedingEdge/etc/mono/4.5) by extension 'ignore_ament_install'
[1.094s] Level 1:colcon.colcon_core.package_identification:_identify(src/tesse/lab4_Data/MonoBleedingEdge/etc/mono/4.5) by extensions ['colcon_pkg']
[1.094s] Level 1:colcon.colcon_core.package_identification:_identify(src/tesse/lab4_Data/MonoBleedingEdge/etc/mono/4.5) by extension 'colcon_pkg'
[1.094s] Level 1:colcon.colcon_core.package_identification:_identify(src/tesse/lab4_Data/MonoBleedingEdge/etc/mono/4.5) by extensions ['colcon_meta']
[1.095s] Level 1:colcon.colcon_core.package_identification:_identify(src/tesse/lab4_Data/MonoBleedingEdge/etc/mono/4.5) by extension 'colcon_meta'
[1.095s] Level 1:colcon.colcon_core.package_identification:_identify(src/tesse/lab4_Data/MonoBleedingEdge/etc/mono/4.5) by extensions ['ros']
[1.095s] Level 1:colcon.colcon_core.package_identification:_identify(src/tesse/lab4_Data/MonoBleedingEdge/etc/mono/4.5) by extension 'ros'
[1.095s] Level 1:colcon.colcon_core.package_identification:_identify(src/tesse/lab4_Data/MonoBleedingEdge/etc/mono/4.5) by extensions ['cmake', 'python']
[1.096s] Level 1:colcon.colcon_core.package_identification:_identify(src/tesse/lab4_Data/MonoBleedingEdge/etc/mono/4.5) by extension 'cmake'
[1.096s] Level 1:colcon.colcon_core.package_identification:_identify(src/tesse/lab4_Data/MonoBleedingEdge/etc/mono/4.5) by extension 'python'
[1.096s] Level 1:colcon.colcon_core.package_identification:_identify(src/tesse/lab4_Data/MonoBleedingEdge/etc/mono/4.5) by extensions ['python_setup_py']
[1.096s] Level 1:colcon.colcon_core.package_identification:_identify(src/tesse/lab4_Data/MonoBleedingEdge/etc/mono/4.5) by extension 'python_setup_py'
[1.097s] Level 1:colcon.colcon_core.package_identification:_identify(src/tesse/lab4_Data/MonoBleedingEdge/etc/mono/4.5/Browsers) by extensions ['ignore', 'ignore_ament_install']
[1.098s] Level 1:colcon.colcon_core.package_identification:_identify(src/tesse/lab4_Data/MonoBleedingEdge/etc/mono/4.5/Browsers) by extension 'ignore'
[1.098s] Level 1:colcon.colcon_core.package_identification:_identify(src/tesse/lab4_Data/MonoBleedingEdge/etc/mono/4.5/Browsers) by extension 'ignore_ament_install'
[1.098s] Level 1:colcon.colcon_core.package_identification:_identify(src/tesse/lab4_Data/MonoBleedingEdge/etc/mono/4.5/Browsers) by extensions ['colcon_pkg']
[1.098s] Level 1:colcon.colcon_core.package_identification:_identify(src/tesse/lab4_Data/MonoBleedingEdge/etc/mono/4.5/Browsers) by extension 'colcon_pkg'
[1.098s] Level 1:colcon.colcon_core.package_identification:_identify(src/tesse/lab4_Data/MonoBleedingEdge/etc/mono/4.5/Browsers) by extensions ['colcon_meta']
[1.098s] Level 1:colcon.colcon_core.package_identification:_identify(src/tesse/lab4_Data/MonoBleedingEdge/etc/mono/4.5/Browsers) by extension 'colcon_meta'
[1.099s] Level 1:colcon.colcon_core.package_identification:_identify(src/tesse/lab4_Data/MonoBleedingEdge/etc/mono/4.5/Browsers) by extensions ['ros']
[1.099s] Level 1:colcon.colcon_core.package_identification:_identify(src/tesse/lab4_Data/MonoBleedingEdge/etc/mono/4.5/Browsers) by extension 'ros'
[1.099s] Level 1:colcon.colcon_core.package_identification:_identify(src/tesse/lab4_Data/MonoBleedingEdge/etc/mono/4.5/Browsers) by extensions ['cmake', 'python']
[1.099s] Level 1:colcon.colcon_core.package_identification:_identify(src/tesse/lab4_Data/MonoBleedingEdge/etc/mono/4.5/Browsers) by extension 'cmake'
[1.099s] Level 1:colcon.colcon_core.package_identification:_identify(src/tesse/lab4_Data/MonoBleedingEdge/etc/mono/4.5/Browsers) by extension 'python'
[1.100s] Level 1:colcon.colcon_core.package_identification:_identify(src/tesse/lab4_Data/MonoBleedingEdge/etc/mono/4.5/Browsers) by extensions ['python_setup_py']
[1.100s] Level 1:colcon.colcon_core.package_identification:_identify(src/tesse/lab4_Data/MonoBleedingEdge/etc/mono/4.5/Browsers) by extension 'python_setup_py'
[1.100s] Level 1:colcon.colcon_core.package_identification:_identify(src/tesse/lab4_Data/MonoBleedingEdge/etc/mono/mconfig) by extensions ['ignore', 'ignore_ament_install']
[1.100s] Level 1:colcon.colcon_core.package_identification:_identify(src/tesse/lab4_Data/MonoBleedingEdge/etc/mono/mconfig) by extension 'ignore'
[1.101s] Level 1:colcon.colcon_core.package_identification:_identify(src/tesse/lab4_Data/MonoBleedingEdge/etc/mono/mconfig) by extension 'ignore_ament_install'
[1.101s] Level 1:colcon.colcon_core.package_identification:_identify(src/tesse/lab4_Data/MonoBleedingEdge/etc/mono/mconfig) by extensions ['colcon_pkg']
[1.101s] Level 1:colcon.colcon_core.package_identification:_identify(src/tesse/lab4_Data/MonoBleedingEdge/etc/mono/mconfig) by extension 'colcon_pkg'
[1.101s] Level 1:colcon.colcon_core.package_identification:_identify(src/tesse/lab4_Data/MonoBleedingEdge/etc/mono/mconfig) by extensions ['colcon_meta']
[1.101s] Level 1:colcon.colcon_core.package_identification:_identify(src/tesse/lab4_Data/MonoBleedingEdge/etc/mono/mconfig) by extension 'colcon_meta'
[1.102s] Level 1:colcon.colcon_core.package_identification:_identify(src/tesse/lab4_Data/MonoBleedingEdge/etc/mono/mconfig) by extensions ['ros']
[1.102s] Level 1:colcon.colcon_core.package_identification:_identify(src/tesse/lab4_Data/MonoBleedingEdge/etc/mono/mconfig) by extension 'ros'
[1.102s] Level 1:colcon.colcon_core.package_identification:_identify(src/tesse/lab4_Data/MonoBleedingEdge/etc/mono/mconfig) by extensions ['cmake', 'python']
[1.102s] Level 1:colcon.colcon_core.package_identification:_identify(src/tesse/lab4_Data/MonoBleedingEdge/etc/mono/mconfig) by extension 'cmake'
[1.102s] Level 1:colcon.colcon_core.package_identification:_identify(src/tesse/lab4_Data/MonoBleedingEdge/etc/mono/mconfig) by extension 'python'
[1.102s] Level 1:colcon.colcon_core.package_identification:_identify(src/tesse/lab4_Data/MonoBleedingEdge/etc/mono/mconfig) by extensions ['python_setup_py']
[1.103s] Level 1:colcon.colcon_core.package_identification:_identify(src/tesse/lab4_Data/MonoBleedingEdge/etc/mono/mconfig) by extension 'python_setup_py'
[1.103s] Level 1:colcon.colcon_core.package_identification:_identify(src/tesse/lab4_Data/MonoBleedingEdge/etc/mono/registry) by extensions ['ignore', 'ignore_ament_install']
[1.103s] Level 1:colcon.colcon_core.package_identification:_identify(src/tesse/lab4_Data/MonoBleedingEdge/etc/mono/registry) by extension 'ignore'
[1.103s] Level 1:colcon.colcon_core.package_identification:_identify(src/tesse/lab4_Data/MonoBleedingEdge/etc/mono/registry) by extension 'ignore_ament_install'
[1.104s] Level 1:colcon.colcon_core.package_identification:_identify(src/tesse/lab4_Data/MonoBleedingEdge/etc/mono/registry) by extensions ['colcon_pkg']
[1.104s] Level 1:colcon.colcon_core.package_identification:_identify(src/tesse/lab4_Data/MonoBleedingEdge/etc/mono/registry) by extension 'colcon_pkg'
[1.104s] Level 1:colcon.colcon_core.package_identification:_identify(src/tesse/lab4_Data/MonoBleedingEdge/etc/mono/registry) by extensions ['colcon_meta']
[1.104s] Level 1:colcon.colcon_core.package_identification:_identify(src/tesse/lab4_Data/MonoBleedingEdge/etc/mono/registry) by extension 'colcon_meta'
[1.104s] Level 1:colcon.colcon_core.package_identification:_identify(src/tesse/lab4_Data/MonoBleedingEdge/etc/mono/registry) by extensions ['ros']
[1.104s] Level 1:colcon.colcon_core.package_identification:_identify(src/tesse/lab4_Data/MonoBleedingEdge/etc/mono/registry) by extension 'ros'
[1.105s] Level 1:colcon.colcon_core.package_identification:_identify(src/tesse/lab4_Data/MonoBleedingEdge/etc/mono/registry) by extensions ['cmake', 'python']
[1.105s] Level 1:colcon.colcon_core.package_identification:_identify(src/tesse/lab4_Data/MonoBleedingEdge/etc/mono/registry) by extension 'cmake'
[1.105s] Level 1:colcon.colcon_core.package_identification:_identify(src/tesse/lab4_Data/MonoBleedingEdge/etc/mono/registry) by extension 'python'
[1.105s] Level 1:colcon.colcon_core.package_identification:_identify(src/tesse/lab4_Data/MonoBleedingEdge/etc/mono/registry) by extensions ['python_setup_py']
[1.105s] Level 1:colcon.colcon_core.package_identification:_identify(src/tesse/lab4_Data/MonoBleedingEdge/etc/mono/registry) by extension 'python_setup_py'
[1.106s] Level 1:colcon.colcon_core.package_identification:_identify(src/tesse/lab4_Data/MonoBleedingEdge/x86_64) by extensions ['ignore', 'ignore_ament_install']
[1.106s] Level 1:colcon.colcon_core.package_identification:_identify(src/tesse/lab4_Data/MonoBleedingEdge/x86_64) by extension 'ignore'
[1.106s] Level 1:colcon.colcon_core.package_identification:_identify(src/tesse/lab4_Data/MonoBleedingEdge/x86_64) by extension 'ignore_ament_install'
[1.106s] Level 1:colcon.colcon_core.package_identification:_identify(src/tesse/lab4_Data/MonoBleedingEdge/x86_64) by extensions ['colcon_pkg']
[1.106s] Level 1:colcon.colcon_core.package_identification:_identify(src/tesse/lab4_Data/MonoBleedingEdge/x86_64) by extension 'colcon_pkg'
[1.106s] Level 1:colcon.colcon_core.package_identification:_identify(src/tesse/lab4_Data/MonoBleedingEdge/x86_64) by extensions ['colcon_meta']
[1.107s] Level 1:colcon.colcon_core.package_identification:_identify(src/tesse/lab4_Data/MonoBleedingEdge/x86_64) by extension 'colcon_meta'
[1.107s] Level 1:colcon.colcon_core.package_identification:_identify(src/tesse/lab4_Data/MonoBleedingEdge/x86_64) by extensions ['ros']
[1.107s] Level 1:colcon.colcon_core.package_identification:_identify(src/tesse/lab4_Data/MonoBleedingEdge/x86_64) by extension 'ros'
[1.107s] Level 1:colcon.colcon_core.package_identification:_identify(src/tesse/lab4_Data/MonoBleedingEdge/x86_64) by extensions ['cmake', 'python']
[1.107s] Level 1:colcon.colcon_core.package_identification:_identify(src/tesse/lab4_Data/MonoBleedingEdge/x86_64) by extension 'cmake'
[1.107s] Level 1:colcon.colcon_core.package_identification:_identify(src/tesse/lab4_Data/MonoBleedingEdge/x86_64) by extension 'python'
[1.108s] Level 1:colcon.colcon_core.package_identification:_identify(src/tesse/lab4_Data/MonoBleedingEdge/x86_64) by extensions ['python_setup_py']
[1.108s] Level 1:colcon.colcon_core.package_identification:_identify(src/tesse/lab4_Data/MonoBleedingEdge/x86_64) by extension 'python_setup_py'
[1.108s] Level 1:colcon.colcon_core.package_identification:_identify(src/tesse/lab4_Data/Resources) by extensions ['ignore', 'ignore_ament_install']
[1.108s] Level 1:colcon.colcon_core.package_identification:_identify(src/tesse/lab4_Data/Resources) by extension 'ignore'
[1.109s] Level 1:colcon.colcon_core.package_identification:_identify(src/tesse/lab4_Data/Resources) by extension 'ignore_ament_install'
[1.109s] Level 1:colcon.colcon_core.package_identification:_identify(src/tesse/lab4_Data/Resources) by extensions ['colcon_pkg']
[1.109s] Level 1:colcon.colcon_core.package_identification:_identify(src/tesse/lab4_Data/Resources) by extension 'colcon_pkg'
[1.109s] Level 1:colcon.colcon_core.package_identification:_identify(src/tesse/lab4_Data/Resources) by extensions ['colcon_meta']
[1.109s] Level 1:colcon.colcon_core.package_identification:_identify(src/tesse/lab4_Data/Resources) by extension 'colcon_meta'
[1.109s] Level 1:colcon.colcon_core.package_identification:_identify(src/tesse/lab4_Data/Resources) by extensions ['ros']
[1.110s] Level 1:colcon.colcon_core.package_identification:_identify(src/tesse/lab4_Data/Resources) by extension 'ros'
[1.110s] Level 1:colcon.colcon_core.package_identification:_identify(src/tesse/lab4_Data/Resources) by extensions ['cmake', 'python']
[1.110s] Level 1:colcon.colcon_core.package_identification:_identify(src/tesse/lab4_Data/Resources) by extension 'cmake'
[1.110s] Level 1:colcon.colcon_core.package_identification:_identify(src/tesse/lab4_Data/Resources) by extension 'python'
[1.110s] Level 1:colcon.colcon_core.package_identification:_identify(src/tesse/lab4_Data/Resources) by extensions ['python_setup_py']
[1.110s] Level 1:colcon.colcon_core.package_identification:_identify(src/tesse/lab4_Data/Resources) by extension 'python_setup_py'
[1.111s] Level 1:colcon.colcon_core.package_identification:_identify(src/tesse/lab4_Data/StreamingAssets) by extensions ['ignore', 'ignore_ament_install']
[1.111s] Level 1:colcon.colcon_core.package_identification:_identify(src/tesse/lab4_Data/StreamingAssets) by extension 'ignore'
[1.111s] Level 1:colcon.colcon_core.package_identification:_identify(src/tesse/lab4_Data/StreamingAssets) by extension 'ignore_ament_install'
[1.111s] Level 1:colcon.colcon_core.package_identification:_identify(src/tesse/lab4_Data/StreamingAssets) by extensions ['colcon_pkg']
[1.111s] Level 1:colcon.colcon_core.package_identification:_identify(src/tesse/lab4_Data/StreamingAssets) by extension 'colcon_pkg'
[1.112s] Level 1:colcon.colcon_core.package_identification:_identify(src/tesse/lab4_Data/StreamingAssets) by extensions ['colcon_meta']
[1.112s] Level 1:colcon.colcon_core.package_identification:_identify(src/tesse/lab4_Data/StreamingAssets) by extension 'colcon_meta'
[1.112s] Level 1:colcon.colcon_core.package_identification:_identify(src/tesse/lab4_Data/StreamingAssets) by extensions ['ros']
[1.112s] Level 1:colcon.colcon_core.package_identification:_identify(src/tesse/lab4_Data/StreamingAssets) by extension 'ros'
[1.112s] Level 1:colcon.colcon_core.package_identification:_identify(src/tesse/lab4_Data/StreamingAssets) by extensions ['cmake', 'python']
[1.112s] Level 1:colcon.colcon_core.package_identification:_identify(src/tesse/lab4_Data/StreamingAssets) by extension 'cmake'
[1.113s] Level 1:colcon.colcon_core.package_identification:_identify(src/tesse/lab4_Data/StreamingAssets) by extension 'python'
[1.113s] Level 1:colcon.colcon_core.package_identification:_identify(src/tesse/lab4_Data/StreamingAssets) by extensions ['python_setup_py']
[1.113s] Level 1:colcon.colcon_core.package_identification:_identify(src/tesse/lab4_Data/StreamingAssets) by extension 'python_setup_py'
[1.113s] Level 1:colcon.colcon_core.package_identification:_identify(src/tesse-interface) by extensions ['ignore', 'ignore_ament_install']
[1.114s] Level 1:colcon.colcon_core.package_identification:_identify(src/tesse-interface) by extension 'ignore'
[1.114s] Level 1:colcon.colcon_core.package_identification:_identify(src/tesse-interface) by extension 'ignore_ament_install'
[1.114s] Level 1:colcon.colcon_core.package_identification:_identify(src/tesse-interface) by extensions ['colcon_pkg']
[1.114s] Level 1:colcon.colcon_core.package_identification:_identify(src/tesse-interface) by extension 'colcon_pkg'
[1.114s] Level 1:colcon.colcon_core.package_identification:_identify(src/tesse-interface) by extensions ['colcon_meta']
[1.114s] Level 1:colcon.colcon_core.package_identification:_identify(src/tesse-interface) by extension 'colcon_meta'
[1.115s] Level 1:colcon.colcon_core.package_identification:_identify(src/tesse-interface) by extensions ['ros']
[1.115s] Level 1:colcon.colcon_core.package_identification:_identify(src/tesse-interface) by extension 'ros'
[1.115s] Level 1:colcon.colcon_core.package_identification:_identify(src/tesse-interface) by extensions ['cmake', 'python']
[1.115s] Level 1:colcon.colcon_core.package_identification:_identify(src/tesse-interface) by extension 'cmake'
[1.115s] Level 1:colcon.colcon_core.package_identification:_identify(src/tesse-interface) by extension 'python'
[1.116s] DEBUG:colcon.colcon_core.package_identification:Python package in 'src/tesse-interface' passes arguments to the setup() function which requires a different identification extension than 'python'
[1.116s] Level 1:colcon.colcon_core.package_identification:_identify(src/tesse-interface) by extensions ['python_setup_py']
[1.116s] Level 1:colcon.colcon_core.package_identification:_identify(src/tesse-interface) by extension 'python_setup_py'
[1.948s] DEBUG:colcon.colcon_core.package_identification:Package 'src/tesse-interface' with type 'python' and name 'tesse'
[1.949s] Level 1:colcon.colcon_core.package_identification:_identify(src/tesse_msgs) by extensions ['ignore', 'ignore_ament_install']
[1.949s] Level 1:colcon.colcon_core.package_identification:_identify(src/tesse_msgs) by extension 'ignore'
[1.950s] Level 1:colcon.colcon_core.package_identification:_identify(src/tesse_msgs) by extension 'ignore_ament_install'
[1.950s] Level 1:colcon.colcon_core.package_identification:_identify(src/tesse_msgs) by extensions ['colcon_pkg']
[1.950s] Level 1:colcon.colcon_core.package_identification:_identify(src/tesse_msgs) by extension 'colcon_pkg'
[1.950s] Level 1:colcon.colcon_core.package_identification:_identify(src/tesse_msgs) by extensions ['colcon_meta']
[1.950s] Level 1:colcon.colcon_core.package_identification:_identify(src/tesse_msgs) by extension 'colcon_meta'
[1.950s] Level 1:colcon.colcon_core.package_identification:_identify(src/tesse_msgs) by extensions ['ros']
[1.951s] Level 1:colcon.colcon_core.package_identification:_identify(src/tesse_msgs) by extension 'ros'
[1.953s] DEBUG:colcon.colcon_core.package_identification:Package 'src/tesse_msgs' with type 'ros.ament_cmake' and name 'tesse_msgs'
[1.953s] Level 1:colcon.colcon_core.package_identification:_identify(src/tesse_ros_bridge) by extensions ['ignore', 'ignore_ament_install']
[1.954s] Level 1:colcon.colcon_core.package_identification:_identify(src/tesse_ros_bridge) by extension 'ignore'
[1.954s] Level 1:colcon.colcon_core.package_identification:_identify(src/tesse_ros_bridge) by extension 'ignore_ament_install'
[1.954s] Level 1:colcon.colcon_core.package_identification:_identify(src/tesse_ros_bridge) by extensions ['colcon_pkg']
[1.955s] Level 1:colcon.colcon_core.package_identification:_identify(src/tesse_ros_bridge) by extension 'colcon_pkg'
[1.955s] Level 1:colcon.colcon_core.package_identification:_identify(src/tesse_ros_bridge) by extensions ['colcon_meta']
[1.955s] Level 1:colcon.colcon_core.package_identification:_identify(src/tesse_ros_bridge) by extension 'colcon_meta'
[1.955s] Level 1:colcon.colcon_core.package_identification:_identify(src/tesse_ros_bridge) by extensions ['ros']
[1.955s] Level 1:colcon.colcon_core.package_identification:_identify(src/tesse_ros_bridge) by extension 'ros'
[1.957s] DEBUG:colcon.colcon_core.package_identification:Package 'src/tesse_ros_bridge' with type 'ros.ament_python' and name 'tesse_ros_bridge'
[1.957s] Level 1:colcon.colcon_core.package_identification:_identify(src/trajectory_generation_pkg) by extensions ['ignore', 'ignore_ament_install']
[1.958s] Level 1:colcon.colcon_core.package_identification:_identify(src/trajectory_generation_pkg) by extension 'ignore'
[1.958s] Level 1:colcon.colcon_core.package_identification:_identify(src/trajectory_generation_pkg) by extension 'ignore_ament_install'
[1.958s] Level 1:colcon.colcon_core.package_identification:_identify(src/trajectory_generation_pkg) by extensions ['colcon_pkg']
[1.958s] Level 1:colcon.colcon_core.package_identification:_identify(src/trajectory_generation_pkg) by extension 'colcon_pkg'
[1.959s] Level 1:colcon.colcon_core.package_identification:_identify(src/trajectory_generation_pkg) by extensions ['colcon_meta']
[1.959s] Level 1:colcon.colcon_core.package_identification:_identify(src/trajectory_generation_pkg) by extension 'colcon_meta'
[1.959s] Level 1:colcon.colcon_core.package_identification:_identify(src/trajectory_generation_pkg) by extensions ['ros']
[1.959s] Level 1:colcon.colcon_core.package_identification:_identify(src/trajectory_generation_pkg) by extension 'ros'
[1.962s] DEBUG:colcon.colcon_core.package_identification:Package 'src/trajectory_generation_pkg' with type 'ros.ament_cmake' and name 'trajectory_generation'
[1.963s] Level 1:colcon.colcon_core.package_discovery:discover_packages(recursive) using defaults
[1.963s] Level 1:colcon.colcon_core.package_discovery:discover_packages(ignore) discover
[1.963s] Level 1:colcon.colcon_core.package_discovery:discover_packages(ignore) using defaults
[1.964s] Level 1:colcon.colcon_core.package_discovery:discover_packages(path) discover
[1.964s] Level 1:colcon.colcon_core.package_discovery:discover_packages(path) using defaults
[2.028s] INFO:colcon.colcon_core.package_selection:Skipping not selected package 'mav_msgs' in 'src/mav_comm/mav_msgs'
[2.028s] INFO:colcon.colcon_core.package_selection:Skipping not selected package 'mav_state_machine_msgs' in 'src/mav_comm/mav_state_machine_msgs'
[2.029s] INFO:colcon.colcon_core.package_selection:Skipping not selected package 'mav_system_msgs' in 'src/mav_comm/mav_system_msgs'
[2.029s] INFO:colcon.colcon_core.package_selection:Skipping not selected package 'mav_visualization' in 'src/mav_trajectory_generation/mav_visualization'
[2.029s] INFO:colcon.colcon_core.package_selection:Skipping not selected package 'tesse' in 'src/tesse-interface'
[2.029s] INFO:colcon.colcon_core.package_selection:Skipping not selected package 'tesse_msgs' in 'src/tesse_msgs'
[2.029s] INFO:colcon.colcon_core.package_selection:Skipping not selected package 'tesse_ros_bridge' in 'src/tesse_ros_bridge'
[2.029s] INFO:colcon.colcon_core.package_selection:Skipping not selected package 'controller_pkg' in 'src/controller_pkg'
[2.029s] INFO:colcon.colcon_core.package_selection:Skipping not selected package 'mav_planning_msgs' in 'src/mav_comm/mav_planning_msgs'
[2.029s] INFO:colcon.colcon_core.package_selection:Skipping not selected package 'mav_trajectory_generation' in 'src/mav_trajectory_generation/mav_trajectory_generation'
[2.029s] INFO:colcon.colcon_core.package_selection:Skipping not selected package 'mav_comm' in 'src/mav_comm/mav_comm'
[2.030s] INFO:colcon.colcon_core.package_selection:Skipping not selected package 'trajectory_generation' in 'src/trajectory_generation_pkg'
[2.031s] Level 5:colcon.colcon_core.verb:set package 'planner_pkg' build argument 'cmake_args' from command line to 'None'
[2.031s] Level 5:colcon.colcon_core.verb:set package 'planner_pkg' build argument 'cmake_target' from command line to 'None'
[2.031s] Level 5:colcon.colcon_core.verb:set package 'planner_pkg' build argument 'cmake_target_skip_unavailable' from command line to 'False'
[2.031s] Level 5:colcon.colcon_core.verb:set package 'planner_pkg' build argument 'cmake_clean_cache' from command line to 'False'
[2.031s] Level 5:colcon.colcon_core.verb:set package 'planner_pkg' build argument 'cmake_clean_first' from command line to 'False'
[2.031s] Level 5:colcon.colcon_core.verb:set package 'planner_pkg' build argument 'cmake_force_configure' from command line to 'False'
[2.031s] Level 5:colcon.colcon_core.verb:set package 'planner_pkg' build argument 'ament_cmake_args' from command line to 'None'
[2.031s] Level 5:colcon.colcon_core.verb:set package 'planner_pkg' build argument 'catkin_cmake_args' from command line to 'None'
[2.032s] Level 5:colcon.colcon_core.verb:set package 'planner_pkg' build argument 'catkin_skip_building_tests' from command line to 'False'
[2.032s] DEBUG:colcon.colcon_core.verb:Building package 'planner_pkg' with the following arguments: {'ament_cmake_args': None, 'build_base': '/home/aimane/vnav23/labs/lab4/build/planner_pkg', 'catkin_cmake_args': None, 'catkin_skip_building_tests': False, 'cmake_args': None, 'cmake_clean_cache': False, 'cmake_clean_first': False, 'cmake_force_configure': False, 'cmake_target': None, 'cmake_target_skip_unavailable': False, 'install_base': '/home/aimane/vnav23/labs/lab4/install/planner_pkg', 'merge_install': False, 'path': '/home/aimane/vnav23/labs/lab4/src/planner_pkg', 'symlink_install': False, 'test_result_base': None}
[2.032s] INFO:colcon.colcon_core.executor:Executing jobs using 'parallel' executor
[2.034s] DEBUG:colcon.colcon_parallel_executor.executor.parallel:run_until_complete
[2.037s] INFO:colcon.colcon_ros.task.ament_cmake.build:Building ROS package in '/home/aimane/vnav23/labs/lab4/src/planner_pkg' with build type 'ament_cmake'
[2.037s] INFO:colcon.colcon_cmake.task.cmake.build:Building CMake package in '/home/aimane/vnav23/labs/lab4/src/planner_pkg'
[2.053s] INFO:colcon.colcon_core.plugin_system:Skipping extension 'colcon_core.shell.bat': Not used on non-Windows systems
[2.053s] INFO:colcon.colcon_core.shell:Skip shell extension 'powershell' for command environment: Not usable outside of PowerShell
[2.054s] DEBUG:colcon.colcon_core.shell:Skip shell extension 'dsv' for command environment
[2.146s] DEBUG:colcon.colcon_core.event_handler.log_command:Invoking command in '/home/aimane/vnav23/labs/lab4/build/planner_pkg': CMAKE_PREFIX_PATH=/home/aimane/vnav23/labs/lab4/install/mav_msgs:/home/aimane/mavros_ws/install/mavros_extras:/home/aimane/mavros_ws/install/mavros_examples:/home/aimane/mavros_ws/install/mavros:/home/aimane/mavros_ws/install/mavros_msgs:/home/aimane/mavros_ws/install/libmavconn:/home/aimane/vnav23/labs/lab4/install/trajectory_generation:/home/aimane/vnav23/labs/lab4/install/tesse_msgs:/home/aimane/vnav23/labs/lab4/install/planner_pkg:/home/aimane/vnav23/labs/lab4/install/tesse_ros_bridge:/opt/ros/humble:/home/aimane/vnav23/labs/lab4/install/mav_visualization:/home/aimane/vnav23/labs/lab4/install/mav_trajectory_generation:/home/aimane/vnav23/labs/lab4/install/mav_comm:/home/aimane/vnav23/labs/lab4/install/mav_system_msgs:/home/aimane/vnav23/labs/lab4/install/mav_state_machine_msgs:/home/aimane/vnav23/labs/lab4/install/mav_planning_msgs:/home/aimane/vnav23/labs/lab4/install/controller_pkg LD_LIBRARY_PATH=/home/aimane/vnav23/labs/lab4/install/mav_msgs/lib:/home/aimane/mavros_ws/install/mavros_extras/lib:/home/aimane/mavros_ws/install/mavros/lib:/home/aimane/mavros_ws/install/mavros_msgs/lib:/home/aimane/mavros_ws/install/libmavconn/lib:/home/aimane/vnav23/labs/lab4/install/tesse_msgs/lib:/home/aimane/vnav23/labs/lab4/install/mav_trajectory_generation/lib:/home/aimane/vnav23/labs/lab4/install/mav_system_msgs/lib:/home/aimane/vnav23/labs/lab4/install/mav_state_machine_msgs/lib:/home/aimane/vnav23/labs/lab4/install/mav_planning_msgs/lib:/opt/ros/humble/opt/rviz_ogre_vendor/lib:/opt/ros/humble/lib/x86_64-linux-gnu:/opt/ros/humble/lib /usr/bin/cmake --build /home/aimane/vnav23/labs/lab4/build/planner_pkg -- -j8 -l8
[38.116s] DEBUG:colcon.colcon_core.event_handler.log_command:Invoked command in '/home/aimane/vnav23/labs/lab4/build/planner_pkg' returned '0': CMAKE_PREFIX_PATH=/home/aimane/vnav23/labs/lab4/install/mav_msgs:/home/aimane/mavros_ws/install/mavros_extras:/home/aimane/mavros_ws/install/mavros_examples:/home/aimane/mavros_ws/install/mavros:/home/aimane/mavros_ws/install/mavros_msgs:/home/aimane/mavros_ws/install/libmavconn:/home/aimane/vnav23/labs/lab4/install/trajectory_generation:/home/aimane/vnav23/labs/lab4/install/tesse_msgs:/home/aimane/vnav23/labs/lab4/install/planner_pkg:/home/aimane/vnav23/labs/lab4/install/tesse_ros_bridge:/opt/ros/humble:/home/aimane/vnav23/labs/lab4/install/mav_visualization:/home/aimane/vnav23/labs/lab4/install/mav_trajectory_generation:/home/aimane/vnav23/labs/lab4/install/mav_comm:/home/aimane/vnav23/labs/lab4/install/mav_system_msgs:/home/aimane/vnav23/labs/lab4/install/mav_state_machine_msgs:/home/aimane/vnav23/labs/lab4/install/mav_planning_msgs:/home/aimane/vnav23/labs/lab4/install/controller_pkg LD_LIBRARY_PATH=/home/aimane/vnav23/labs/lab4/install/mav_msgs/lib:/home/aimane/mavros_ws/install/mavros_extras/lib:/home/aimane/mavros_ws/install/mavros/lib:/home/aimane/mavros_ws/install/mavros_msgs/lib:/home/aimane/mavros_ws/install/libmavconn/lib:/home/aimane/vnav23/labs/lab4/install/tesse_msgs/lib:/home/aimane/vnav23/labs/lab4/install/mav_trajectory_generation/lib:/home/aimane/vnav23/labs/lab4/install/mav_system_msgs/lib:/home/aimane/vnav23/labs/lab4/install/mav_state_machine_msgs/lib:/home/aimane/vnav23/labs/lab4/install/mav_planning_msgs/lib:/opt/ros/humble/opt/rviz_ogre_vendor/lib:/opt/ros/humble/lib/x86_64-linux-gnu:/opt/ros/humble/lib /usr/bin/cmake --build /home/aimane/vnav23/labs/lab4/build/planner_pkg -- -j8 -l8
[38.193s] DEBUG:colcon.colcon_core.event_handler.log_command:Invoking command in '/home/aimane/vnav23/labs/lab4/build/planner_pkg': CMAKE_PREFIX_PATH=/home/aimane/vnav23/labs/lab4/install/mav_msgs:/home/aimane/mavros_ws/install/mavros_extras:/home/aimane/mavros_ws/install/mavros_examples:/home/aimane/mavros_ws/install/mavros:/home/aimane/mavros_ws/install/mavros_msgs:/home/aimane/mavros_ws/install/libmavconn:/home/aimane/vnav23/labs/lab4/install/trajectory_generation:/home/aimane/vnav23/labs/lab4/install/tesse_msgs:/home/aimane/vnav23/labs/lab4/install/planner_pkg:/home/aimane/vnav23/labs/lab4/install/tesse_ros_bridge:/opt/ros/humble:/home/aimane/vnav23/labs/lab4/install/mav_visualization:/home/aimane/vnav23/labs/lab4/install/mav_trajectory_generation:/home/aimane/vnav23/labs/lab4/install/mav_comm:/home/aimane/vnav23/labs/lab4/install/mav_system_msgs:/home/aimane/vnav23/labs/lab4/install/mav_state_machine_msgs:/home/aimane/vnav23/labs/lab4/install/mav_planning_msgs:/home/aimane/vnav23/labs/lab4/install/controller_pkg LD_LIBRARY_PATH=/home/aimane/vnav23/labs/lab4/install/mav_msgs/lib:/home/aimane/mavros_ws/install/mavros_extras/lib:/home/aimane/mavros_ws/install/mavros/lib:/home/aimane/mavros_ws/install/mavros_msgs/lib:/home/aimane/mavros_ws/install/libmavconn/lib:/home/aimane/vnav23/labs/lab4/install/tesse_msgs/lib:/home/aimane/vnav23/labs/lab4/install/mav_trajectory_generation/lib:/home/aimane/vnav23/labs/lab4/install/mav_system_msgs/lib:/home/aimane/vnav23/labs/lab4/install/mav_state_machine_msgs/lib:/home/aimane/vnav23/labs/lab4/install/mav_planning_msgs/lib:/opt/ros/humble/opt/rviz_ogre_vendor/lib:/opt/ros/humble/lib/x86_64-linux-gnu:/opt/ros/humble/lib /usr/bin/cmake --install /home/aimane/vnav23/labs/lab4/build/planner_pkg
[38.348s] Level 1:colcon.colcon_core.environment:create_environment_scripts_only(planner_pkg)
[38.356s] DEBUG:colcon.colcon_core.event_handler.log_command:Invoked command in '/home/aimane/vnav23/labs/lab4/build/planner_pkg' returned '0': CMAKE_PREFIX_PATH=/home/aimane/vnav23/labs/lab4/install/mav_msgs:/home/aimane/mavros_ws/install/mavros_extras:/home/aimane/mavros_ws/install/mavros_examples:/home/aimane/mavros_ws/install/mavros:/home/aimane/mavros_ws/install/mavros_msgs:/home/aimane/mavros_ws/install/libmavconn:/home/aimane/vnav23/labs/lab4/install/trajectory_generation:/home/aimane/vnav23/labs/lab4/install/tesse_msgs:/home/aimane/vnav23/labs/lab4/install/planner_pkg:/home/aimane/vnav23/labs/lab4/install/tesse_ros_bridge:/opt/ros/humble:/home/aimane/vnav23/labs/lab4/install/mav_visualization:/home/aimane/vnav23/labs/lab4/install/mav_trajectory_generation:/home/aimane/vnav23/labs/lab4/install/mav_comm:/home/aimane/vnav23/labs/lab4/install/mav_system_msgs:/home/aimane/vnav23/labs/lab4/install/mav_state_machine_msgs:/home/aimane/vnav23/labs/lab4/install/mav_planning_msgs:/home/aimane/vnav23/labs/lab4/install/controller_pkg LD_LIBRARY_PATH=/home/aimane/vnav23/labs/lab4/install/mav_msgs/lib:/home/aimane/mavros_ws/install/mavros_extras/lib:/home/aimane/mavros_ws/install/mavros/lib:/home/aimane/mavros_ws/install/mavros_msgs/lib:/home/aimane/mavros_ws/install/libmavconn/lib:/home/aimane/vnav23/labs/lab4/install/tesse_msgs/lib:/home/aimane/vnav23/labs/lab4/install/mav_trajectory_generation/lib:/home/aimane/vnav23/labs/lab4/install/mav_system_msgs/lib:/home/aimane/vnav23/labs/lab4/install/mav_state_machine_msgs/lib:/home/aimane/vnav23/labs/lab4/install/mav_planning_msgs/lib:/opt/ros/humble/opt/rviz_ogre_vendor/lib:/opt/ros/humble/lib/x86_64-linux-gnu:/opt/ros/humble/lib /usr/bin/cmake --install /home/aimane/vnav23/labs/lab4/build/planner_pkg
[38.364s] Level 1:colcon.colcon_core.environment:checking '/home/aimane/vnav23/labs/lab4/install/planner_pkg' for CMake module files
[38.371s] Level 1:colcon.colcon_core.environment:checking '/home/aimane/vnav23/labs/lab4/install/planner_pkg' for CMake config files
[38.372s] Level 1:colcon.colcon_core.shell:create_environment_hook('planner_pkg', 'cmake_prefix_path')
[38.373s] INFO:colcon.colcon_core.shell:Creating environment hook '/home/aimane/vnav23/labs/lab4/install/planner_pkg/share/planner_pkg/hook/cmake_prefix_path.ps1'
[38.379s] INFO:colcon.colcon_core.shell:Creating environment descriptor '/home/aimane/vnav23/labs/lab4/install/planner_pkg/share/planner_pkg/hook/cmake_prefix_path.dsv'
[38.381s] INFO:colcon.colcon_core.shell:Creating environment hook '/home/aimane/vnav23/labs/lab4/install/planner_pkg/share/planner_pkg/hook/cmake_prefix_path.sh'
[38.388s] Level 1:colcon.colcon_core.environment:checking '/home/aimane/vnav23/labs/lab4/install/planner_pkg/lib'
[38.389s] Level 1:colcon.colcon_core.environment:checking '/home/aimane/vnav23/labs/lab4/install/planner_pkg/bin'
[38.393s] Level 1:colcon.colcon_core.environment:checking '/home/aimane/vnav23/labs/lab4/install/planner_pkg/lib/pkgconfig/planner_pkg.pc'
[38.396s] Level 1:colcon.colcon_core.environment:checking '/home/aimane/vnav23/labs/lab4/install/planner_pkg/lib/python3.10/site-packages'
[38.398s] Level 1:colcon.colcon_core.environment:checking '/home/aimane/vnav23/labs/lab4/install/planner_pkg/bin'
[38.403s] INFO:colcon.colcon_core.shell:Creating package script '/home/aimane/vnav23/labs/lab4/install/planner_pkg/share/planner_pkg/package.ps1'
[38.409s] INFO:colcon.colcon_core.shell:Creating package descriptor '/home/aimane/vnav23/labs/lab4/install/planner_pkg/share/planner_pkg/package.dsv'
[38.411s] INFO:colcon.colcon_core.shell:Creating package script '/home/aimane/vnav23/labs/lab4/install/planner_pkg/share/planner_pkg/package.sh'
[38.420s] INFO:colcon.colcon_core.shell:Creating package script '/home/aimane/vnav23/labs/lab4/install/planner_pkg/share/planner_pkg/package.bash'
[38.433s] INFO:colcon.colcon_core.shell:Creating package script '/home/aimane/vnav23/labs/lab4/install/planner_pkg/share/planner_pkg/package.zsh'
[38.439s] Level 1:colcon.colcon_core.environment:create_file_with_runtime_dependencies(/home/aimane/vnav23/labs/lab4/install/planner_pkg/share/colcon-core/packages/planner_pkg)
[38.441s] Level 1:colcon.colcon_core.environment:create_environment_scripts_only(planner_pkg)
[38.449s] Level 1:colcon.colcon_core.environment:checking '/home/aimane/vnav23/labs/lab4/install/planner_pkg' for CMake module files
[38.452s] Level 1:colcon.colcon_core.environment:checking '/home/aimane/vnav23/labs/lab4/install/planner_pkg' for CMake config files
[38.453s] Level 1:colcon.colcon_core.shell:create_environment_hook('planner_pkg', 'cmake_prefix_path')
[38.461s] INFO:colcon.colcon_core.shell:Creating environment hook '/home/aimane/vnav23/labs/lab4/install/planner_pkg/share/planner_pkg/hook/cmake_prefix_path.ps1'
[38.466s] INFO:colcon.colcon_core.shell:Creating environment descriptor '/home/aimane/vnav23/labs/lab4/install/planner_pkg/share/planner_pkg/hook/cmake_prefix_path.dsv'
[38.467s] INFO:colcon.colcon_core.shell:Creating environment hook '/home/aimane/vnav23/labs/lab4/install/planner_pkg/share/planner_pkg/hook/cmake_prefix_path.sh'
[38.477s] Level 1:colcon.colcon_core.environment:checking '/home/aimane/vnav23/labs/lab4/install/planner_pkg/lib'
[38.479s] Level 1:colcon.colcon_core.environment:checking '/home/aimane/vnav23/labs/lab4/install/planner_pkg/bin'
[38.481s] Level 1:colcon.colcon_core.environment:checking '/home/aimane/vnav23/labs/lab4/install/planner_pkg/lib/pkgconfig/planner_pkg.pc'
[38.484s] Level 1:colcon.colcon_core.environment:checking '/home/aimane/vnav23/labs/lab4/install/planner_pkg/lib/python3.10/site-packages'
[38.488s] Level 1:colcon.colcon_core.environment:checking '/home/aimane/vnav23/labs/lab4/install/planner_pkg/bin'
[38.490s] INFO:colcon.colcon_core.shell:Creating package script '/home/aimane/vnav23/labs/lab4/install/planner_pkg/share/planner_pkg/package.ps1'
[38.499s] INFO:colcon.colcon_core.shell:Creating package descriptor '/home/aimane/vnav23/labs/lab4/install/planner_pkg/share/planner_pkg/package.dsv'
[38.505s] INFO:colcon.colcon_core.shell:Creating package script '/home/aimane/vnav23/labs/lab4/install/planner_pkg/share/planner_pkg/package.sh'
[38.513s] INFO:colcon.colcon_core.shell:Creating package script '/home/aimane/vnav23/labs/lab4/install/planner_pkg/share/planner_pkg/package.bash'
[38.521s] INFO:colcon.colcon_core.shell:Creating package script '/home/aimane/vnav23/labs/lab4/install/planner_pkg/share/planner_pkg/package.zsh'
[38.523s] Level 1:colcon.colcon_core.environment:create_file_with_runtime_dependencies(/home/aimane/vnav23/labs/lab4/install/planner_pkg/share/colcon-core/packages/planner_pkg)
[38.533s] DEBUG:colcon.colcon_parallel_executor.executor.parallel:closing loop
[38.533s] DEBUG:colcon.colcon_parallel_executor.executor.parallel:loop closed
[38.533s] DEBUG:colcon.colcon_parallel_executor.executor.parallel:run_until_complete finished with '0'
[38.533s] DEBUG:colcon.colcon_core.event_reactor:joining thread
[38.596s] INFO:colcon.colcon_core.plugin_system:Skipping extension 'colcon_notification.desktop_notification.notify_send': Could not find 'notify-send'
[38.596s] INFO:colcon.colcon_core.plugin_system:Skipping extension 'colcon_notification.desktop_notification.terminal_notifier': Not used on non-Darwin systems
[38.596s] INFO:colcon.colcon_core.plugin_system:Skipping extension 'colcon_notification.desktop_notification.win32': Not used on non-Windows systems
[38.596s] INFO:colcon.colcon_notification.desktop_notification:Sending desktop notification using 'notify2'
[38.611s] DEBUG:colcon.colcon_notification.desktop_notification.notify2:Failed to initialize notify2: org.freedesktop.DBus.Error.Spawn.ExecFailed: /usr/bin/dbus-launch terminated abnormally without any error message
[38.612s] DEBUG:colcon.colcon_core.event_reactor:joined thread
[38.614s] INFO:colcon.colcon_core.shell:Creating prefix script '/home/aimane/vnav23/labs/lab4/install/local_setup.ps1'
[38.618s] INFO:colcon.colcon_core.shell:Creating prefix util module '/home/aimane/vnav23/labs/lab4/install/_local_setup_util_ps1.py'
[38.623s] INFO:colcon.colcon_core.shell:Creating prefix chain script '/home/aimane/vnav23/labs/lab4/install/setup.ps1'
[38.631s] INFO:colcon.colcon_core.shell:Creating prefix script '/home/aimane/vnav23/labs/lab4/install/local_setup.sh'
[38.633s] INFO:colcon.colcon_core.shell:Creating prefix util module '/home/aimane/vnav23/labs/lab4/install/_local_setup_util_sh.py'
[38.635s] INFO:colcon.colcon_core.shell:Creating prefix chain script '/home/aimane/vnav23/labs/lab4/install/setup.sh'
[38.642s] INFO:colcon.colcon_core.shell:Creating prefix script '/home/aimane/vnav23/labs/lab4/install/local_setup.bash'
[38.644s] INFO:colcon.colcon_core.shell:Creating prefix chain script '/home/aimane/vnav23/labs/lab4/install/setup.bash'
[38.651s] INFO:colcon.colcon_core.shell:Creating prefix script '/home/aimane/vnav23/labs/lab4/install/local_setup.zsh'
[38.653s] INFO:colcon.colcon_core.shell:Creating prefix chain script '/home/aimane/vnav23/labs/lab4/install/setup.zsh'
