[4.728s] Invoking command in '/home/aimane/vnav23/labs/lab4/src/tesse-interface': PYTHONPATH=/home/aimane/vnav23/labs/lab4/build/tesse/prefix_override:/usr/lib/python3/dist-packages/colcon_core/task/python/colcon_distutils_commands:/home/aimane/vnav23/labs/lab4/install/tesse/lib/python3.10/site-packages:${PYTHONPATH} /usr/bin/python3 -W ignore:setup.py install is deprecated -W ignore:easy_install command is deprecated setup.py egg_info --egg-base ../../lab4/build/tesse build --build-base /home/aimane/vnav23/labs/lab4/build/tesse/build install --record /home/aimane/vnav23/labs/lab4/build/tesse/install.log --single-version-externally-managed
[5.062s] running egg_info
[5.080s] writing ../../lab4/build/tesse/tesse.egg-info/PKG-INFO
[5.080s] writing dependency_links to ../../lab4/build/tesse/tesse.egg-info/dependency_links.txt
[5.081s] writing requirements to ../../lab4/build/tesse/tesse.egg-info/requires.txt
[5.081s] writing top-level names to ../../lab4/build/tesse/tesse.egg-info/top_level.txt
[5.120s] reading manifest file '../../lab4/build/tesse/tesse.egg-info/SOURCES.txt'
[5.233s] adding license file 'LICENSE'
[5.234s] writing manifest file '../../lab4/build/tesse/tesse.egg-info/SOURCES.txt'
[5.234s] running build
[5.234s] running build_py
[5.234s] copying src/tesse/msgs.py -> /home/aimane/vnav23/labs/lab4/build/tesse/build/lib/tesse
[5.382s] copying src/tesse/__init__.py -> /home/aimane/vnav23/labs/lab4/build/tesse/build/lib/tesse
[5.383s] copying src/tesse/env.py -> /home/aimane/vnav23/labs/lab4/build/tesse/build/lib/tesse
[5.384s] copying src/tesse/utils.py -> /home/aimane/vnav23/labs/lab4/build/tesse/build/lib/tesse
[5.386s] running install
[5.390s] running install_lib
[5.413s] running install_egg_info
[5.437s] removing '/home/aimane/vnav23/labs/lab4/install/tesse/lib/python3.10/site-packages/tesse-0.1.2-py3.10.egg-info' (and everything under it)
[5.438s] Copying ../../lab4/build/tesse/tesse.egg-info to /home/aimane/vnav23/labs/lab4/install/tesse/lib/python3.10/site-packages/tesse-0.1.2-py3.10.egg-info
[5.439s] running install_scripts
[5.485s] writing list of installed files to '/home/aimane/vnav23/labs/lab4/build/tesse/install.log'
[5.524s] Invoked command in '/home/aimane/vnav23/labs/lab4/src/tesse-interface' returned '0': PYTHONPATH=/home/aimane/vnav23/labs/lab4/build/tesse/prefix_override:/usr/lib/python3/dist-packages/colcon_core/task/python/colcon_distutils_commands:/home/aimane/vnav23/labs/lab4/install/tesse/lib/python3.10/site-packages:${PYTHONPATH} /usr/bin/python3 -W ignore:setup.py install is deprecated -W ignore:easy_install command is deprecated setup.py egg_info --egg-base ../../lab4/build/tesse build --build-base /home/aimane/vnav23/labs/lab4/build/tesse/build install --record /home/aimane/vnav23/labs/lab4/build/tesse/install.log --single-version-externally-managed
