[0.057s] Invoking command in '/home/aimane/vnav23/labs/lab4/build/mav_state_machine_msgs': CMAKE_PREFIX_PATH=/home/aimane/vnav23/labs/lab4/install/trajectory_generation:/home/aimane/vnav23/labs/lab4/install/tesse_msgs:/home/aimane/vnav23/labs/lab4/install/planner_pkg:/home/aimane/vnav23/labs/lab4/install/tesse_ros_bridge:/opt/ros/humble:/home/aimane/vnav23/labs/lab4/install/mav_visualization:/home/aimane/vnav23/labs/lab4/install/mav_trajectory_generation:/home/aimane/vnav23/labs/lab4/install/mav_comm:/home/aimane/vnav23/labs/lab4/install/mav_system_msgs:/home/aimane/vnav23/labs/lab4/install/mav_state_machine_msgs:/home/aimane/vnav23/labs/lab4/install/mav_planning_msgs:/home/aimane/vnav23/labs/lab4/install/controller_pkg:/home/aimane/vnav23/labs/lab4/install/mav_msgs:/home/aimane/mavros_ws/install/mavros_extras:/home/aimane/mavros_ws/install/mavros_examples:/home/aimane/mavros_ws/install/mavros:/home/aimane/mavros_ws/install/mavros_msgs:/home/aimane/mavros_ws/install/libmavconn /usr/bin/cmake --build /home/aimane/vnav23/labs/lab4/build/mav_state_machine_msgs -- -j8 -l8
[0.553s] [ 13%] Built target mav_state_machine_msgs__rosidl_generator_c
[0.553s] [ 17%] Built target mav_state_machine_msgs__cpp
[0.553s] [ 44%] Built target mav_state_machine_msgs__rosidl_typesupport_cpp
[0.554s] [ 44%] Built target mav_state_machine_msgs__rosidl_typesupport_c
[0.554s] [ 58%] Built target mav_state_machine_msgs__rosidl_typesupport_fastrtps_c
[0.554s] [ 72%] Built target mav_state_machine_msgs__rosidl_typesupport_introspection_cpp
[0.554s] [ 86%] Built target mav_state_machine_msgs__rosidl_typesupport_introspection_c
[0.554s] [100%] Built target mav_state_machine_msgs__rosidl_typesupport_fastrtps_cpp
[0.554s] [100%] Built target mav_state_machine_msgs
[0.975s] Invoked command in '/home/aimane/vnav23/labs/lab4/build/mav_state_machine_msgs' returned '0': CMAKE_PREFIX_PATH=/home/aimane/vnav23/labs/lab4/install/trajectory_generation:/home/aimane/vnav23/labs/lab4/install/tesse_msgs:/home/aimane/vnav23/labs/lab4/install/planner_pkg:/home/aimane/vnav23/labs/lab4/install/tesse_ros_bridge:/opt/ros/humble:/home/aimane/vnav23/labs/lab4/install/mav_visualization:/home/aimane/vnav23/labs/lab4/install/mav_trajectory_generation:/home/aimane/vnav23/labs/lab4/install/mav_comm:/home/aimane/vnav23/labs/lab4/install/mav_system_msgs:/home/aimane/vnav23/labs/lab4/install/mav_state_machine_msgs:/home/aimane/vnav23/labs/lab4/install/mav_planning_msgs:/home/aimane/vnav23/labs/lab4/install/controller_pkg:/home/aimane/vnav23/labs/lab4/install/mav_msgs:/home/aimane/mavros_ws/install/mavros_extras:/home/aimane/mavros_ws/install/mavros_examples:/home/aimane/mavros_ws/install/mavros:/home/aimane/mavros_ws/install/mavros_msgs:/home/aimane/mavros_ws/install/libmavconn /usr/bin/cmake --build /home/aimane/vnav23/labs/lab4/build/mav_state_machine_msgs -- -j8 -l8
[0.977s] Invoking command in '/home/aimane/vnav23/labs/lab4/build/mav_state_machine_msgs': CMAKE_PREFIX_PATH=/home/aimane/vnav23/labs/lab4/install/trajectory_generation:/home/aimane/vnav23/labs/lab4/install/tesse_msgs:/home/aimane/vnav23/labs/lab4/install/planner_pkg:/home/aimane/vnav23/labs/lab4/install/tesse_ros_bridge:/opt/ros/humble:/home/aimane/vnav23/labs/lab4/install/mav_visualization:/home/aimane/vnav23/labs/lab4/install/mav_trajectory_generation:/home/aimane/vnav23/labs/lab4/install/mav_comm:/home/aimane/vnav23/labs/lab4/install/mav_system_msgs:/home/aimane/vnav23/labs/lab4/install/mav_state_machine_msgs:/home/aimane/vnav23/labs/lab4/install/mav_planning_msgs:/home/aimane/vnav23/labs/lab4/install/controller_pkg:/home/aimane/vnav23/labs/lab4/install/mav_msgs:/home/aimane/mavros_ws/install/mavros_extras:/home/aimane/mavros_ws/install/mavros_examples:/home/aimane/mavros_ws/install/mavros:/home/aimane/mavros_ws/install/mavros_msgs:/home/aimane/mavros_ws/install/libmavconn /usr/bin/cmake --install /home/aimane/vnav23/labs/lab4/build/mav_state_machine_msgs
[0.998s] -- Install configuration: ""
[0.999s] -- Execute custom install script
[0.999s] -- Up-to-date symlink: /home/aimane/vnav23/labs/lab4/install/mav_state_machine_msgs/share/ament_index/resource_index/rosidl_interfaces/mav_state_machine_msgs
[0.999s] -- Up-to-date symlink: /home/aimane/vnav23/labs/lab4/install/mav_state_machine_msgs/include/mav_state_machine_msgs/mav_state_machine_msgs/msg/detail/start_stop_task__functions.h
[1.000s] -- Up-to-date symlink: /home/aimane/vnav23/labs/lab4/install/mav_state_machine_msgs/include/mav_state_machine_msgs/mav_state_machine_msgs/msg/detail/start_stop_task__struct.h
[1.000s] -- Up-to-date symlink: /home/aimane/vnav23/labs/lab4/install/mav_state_machine_msgs/include/mav_state_machine_msgs/mav_state_machine_msgs/msg/detail/start_stop_task__type_support.h
[1.000s] -- Up-to-date symlink: /home/aimane/vnav23/labs/lab4/install/mav_state_machine_msgs/include/mav_state_machine_msgs/mav_state_machine_msgs/msg/rosidl_generator_c__visibility_control.h
[1.000s] -- Up-to-date symlink: /home/aimane/vnav23/labs/lab4/install/mav_state_machine_msgs/include/mav_state_machine_msgs/mav_state_machine_msgs/msg/start_stop_task.h
[1.000s] -- Up-to-date symlink: /home/aimane/vnav23/labs/lab4/install/mav_state_machine_msgs/include/mav_state_machine_msgs/mav_state_machine_msgs/srv/detail/run_task_service__functions.h
[1.000s] -- Up-to-date symlink: /home/aimane/vnav23/labs/lab4/install/mav_state_machine_msgs/include/mav_state_machine_msgs/mav_state_machine_msgs/srv/detail/run_task_service__struct.h
[1.005s] -- Up-to-date symlink: /home/aimane/vnav23/labs/lab4/install/mav_state_machine_msgs/include/mav_state_machine_msgs/mav_state_machine_msgs/srv/detail/run_task_service__type_support.h
[1.006s] -- Up-to-date symlink: /home/aimane/vnav23/labs/lab4/install/mav_state_machine_msgs/include/mav_state_machine_msgs/mav_state_machine_msgs/srv/run_task_service.h
[1.006s] -- Up-to-date symlink: /home/aimane/vnav23/labs/lab4/install/mav_state_machine_msgs/share/mav_state_machine_msgs/environment/library_path.sh
[1.008s] -- Up-to-date symlink: /home/aimane/vnav23/labs/lab4/install/mav_state_machine_msgs/share/mav_state_machine_msgs/environment/library_path.dsv
[1.009s] -- Up-to-date symlink: /home/aimane/vnav23/labs/lab4/install/mav_state_machine_msgs/include/mav_state_machine_msgs/mav_state_machine_msgs/msg/detail/start_stop_task__rosidl_typesupport_fastrtps_c.h
[1.010s] -- Up-to-date symlink: /home/aimane/vnav23/labs/lab4/install/mav_state_machine_msgs/include/mav_state_machine_msgs/mav_state_machine_msgs/msg/rosidl_typesupport_fastrtps_c__visibility_control.h
[1.011s] -- Up-to-date symlink: /home/aimane/vnav23/labs/lab4/install/mav_state_machine_msgs/include/mav_state_machine_msgs/mav_state_machine_msgs/srv/detail/run_task_service__rosidl_typesupport_fastrtps_c.h
[1.011s] -- Up-to-date symlink: /home/aimane/vnav23/labs/lab4/install/mav_state_machine_msgs/include/mav_state_machine_msgs/mav_state_machine_msgs/msg/detail/start_stop_task__builder.hpp
[1.013s] -- Up-to-date symlink: /home/aimane/vnav23/labs/lab4/install/mav_state_machine_msgs/include/mav_state_machine_msgs/mav_state_machine_msgs/msg/detail/start_stop_task__struct.hpp
[1.014s] -- Up-to-date symlink: /home/aimane/vnav23/labs/lab4/install/mav_state_machine_msgs/include/mav_state_machine_msgs/mav_state_machine_msgs/msg/detail/start_stop_task__traits.hpp
[1.014s] -- Up-to-date symlink: /home/aimane/vnav23/labs/lab4/install/mav_state_machine_msgs/include/mav_state_machine_msgs/mav_state_machine_msgs/msg/detail/start_stop_task__type_support.hpp
[1.014s] -- Up-to-date symlink: /home/aimane/vnav23/labs/lab4/install/mav_state_machine_msgs/include/mav_state_machine_msgs/mav_state_machine_msgs/msg/rosidl_generator_cpp__visibility_control.hpp
[1.014s] -- Up-to-date symlink: /home/aimane/vnav23/labs/lab4/install/mav_state_machine_msgs/include/mav_state_machine_msgs/mav_state_machine_msgs/msg/start_stop_task.hpp
[1.014s] -- Up-to-date symlink: /home/aimane/vnav23/labs/lab4/install/mav_state_machine_msgs/include/mav_state_machine_msgs/mav_state_machine_msgs/srv/detail/run_task_service__builder.hpp
[1.015s] -- Up-to-date symlink: /home/aimane/vnav23/labs/lab4/install/mav_state_machine_msgs/include/mav_state_machine_msgs/mav_state_machine_msgs/srv/detail/run_task_service__struct.hpp
[1.015s] -- Up-to-date symlink: /home/aimane/vnav23/labs/lab4/install/mav_state_machine_msgs/include/mav_state_machine_msgs/mav_state_machine_msgs/srv/detail/run_task_service__traits.hpp
[1.015s] -- Up-to-date symlink: /home/aimane/vnav23/labs/lab4/install/mav_state_machine_msgs/include/mav_state_machine_msgs/mav_state_machine_msgs/srv/detail/run_task_service__type_support.hpp
[1.021s] -- Up-to-date symlink: /home/aimane/vnav23/labs/lab4/install/mav_state_machine_msgs/include/mav_state_machine_msgs/mav_state_machine_msgs/srv/run_task_service.hpp
[1.022s] -- Up-to-date symlink: /home/aimane/vnav23/labs/lab4/install/mav_state_machine_msgs/include/mav_state_machine_msgs/mav_state_machine_msgs/msg/detail/start_stop_task__rosidl_typesupport_fastrtps_cpp.hpp
[1.022s] -- Up-to-date symlink: /home/aimane/vnav23/labs/lab4/install/mav_state_machine_msgs/include/mav_state_machine_msgs/mav_state_machine_msgs/msg/rosidl_typesupport_fastrtps_cpp__visibility_control.h
[1.022s] -- Up-to-date symlink: /home/aimane/vnav23/labs/lab4/install/mav_state_machine_msgs/include/mav_state_machine_msgs/mav_state_machine_msgs/srv/detail/run_task_service__rosidl_typesupport_fastrtps_cpp.hpp
[1.022s] -- Up-to-date symlink: /home/aimane/vnav23/labs/lab4/install/mav_state_machine_msgs/include/mav_state_machine_msgs/mav_state_machine_msgs/msg/detail/start_stop_task__rosidl_typesupport_introspection_c.h
[1.023s] -- Up-to-date symlink: /home/aimane/vnav23/labs/lab4/install/mav_state_machine_msgs/include/mav_state_machine_msgs/mav_state_machine_msgs/msg/rosidl_typesupport_introspection_c__visibility_control.h
[1.023s] -- Up-to-date symlink: /home/aimane/vnav23/labs/lab4/install/mav_state_machine_msgs/include/mav_state_machine_msgs/mav_state_machine_msgs/srv/detail/run_task_service__rosidl_typesupport_introspection_c.h
[1.023s] -- Up-to-date symlink: /home/aimane/vnav23/labs/lab4/install/mav_state_machine_msgs/include/mav_state_machine_msgs/mav_state_machine_msgs/msg/detail/start_stop_task__rosidl_typesupport_introspection_cpp.hpp
[1.026s] -- Up-to-date symlink: /home/aimane/vnav23/labs/lab4/install/mav_state_machine_msgs/include/mav_state_machine_msgs/mav_state_machine_msgs/srv/detail/run_task_service__rosidl_typesupport_introspection_cpp.hpp
[1.027s] -- Up-to-date symlink: /home/aimane/vnav23/labs/lab4/install/mav_state_machine_msgs/share/mav_state_machine_msgs/msg/StartStopTask.idl
[1.027s] -- Up-to-date symlink: /home/aimane/vnav23/labs/lab4/install/mav_state_machine_msgs/share/mav_state_machine_msgs/srv/RunTaskService.idl
[1.027s] -- Up-to-date symlink: /home/aimane/vnav23/labs/lab4/install/mav_state_machine_msgs/share/mav_state_machine_msgs/msg/StartStopTask.msg
[1.027s] -- Up-to-date symlink: /home/aimane/vnav23/labs/lab4/install/mav_state_machine_msgs/share/mav_state_machine_msgs/srv/RunTaskService.srv
[1.028s] -- Up-to-date symlink: /home/aimane/vnav23/labs/lab4/install/mav_state_machine_msgs/share/mav_state_machine_msgs/srv/RunTaskService_Request.msg
[1.028s] -- Up-to-date symlink: /home/aimane/vnav23/labs/lab4/install/mav_state_machine_msgs/share/mav_state_machine_msgs/srv/RunTaskService_Response.msg
[1.028s] -- Up-to-date symlink: /home/aimane/vnav23/labs/lab4/install/mav_state_machine_msgs/share/ament_index/resource_index/package_run_dependencies/mav_state_machine_msgs
[1.028s] -- Up-to-date symlink: /home/aimane/vnav23/labs/lab4/install/mav_state_machine_msgs/share/ament_index/resource_index/parent_prefix_path/mav_state_machine_msgs
[1.028s] -- Up-to-date symlink: /home/aimane/vnav23/labs/lab4/install/mav_state_machine_msgs/share/mav_state_machine_msgs/environment/ament_prefix_path.sh
[1.028s] -- Up-to-date symlink: /home/aimane/vnav23/labs/lab4/install/mav_state_machine_msgs/share/mav_state_machine_msgs/environment/ament_prefix_path.dsv
[1.028s] -- Up-to-date symlink: /home/aimane/vnav23/labs/lab4/install/mav_state_machine_msgs/share/mav_state_machine_msgs/environment/path.sh
[1.029s] -- Up-to-date symlink: /home/aimane/vnav23/labs/lab4/install/mav_state_machine_msgs/share/mav_state_machine_msgs/environment/path.dsv
[1.029s] -- Up-to-date symlink: /home/aimane/vnav23/labs/lab4/install/mav_state_machine_msgs/share/mav_state_machine_msgs/local_setup.bash
[1.029s] -- Up-to-date symlink: /home/aimane/vnav23/labs/lab4/install/mav_state_machine_msgs/share/mav_state_machine_msgs/local_setup.sh
[1.029s] -- Up-to-date symlink: /home/aimane/vnav23/labs/lab4/install/mav_state_machine_msgs/share/mav_state_machine_msgs/local_setup.zsh
[1.029s] -- Up-to-date symlink: /home/aimane/vnav23/labs/lab4/install/mav_state_machine_msgs/share/mav_state_machine_msgs/local_setup.dsv
[1.029s] -- Symlinking: /home/aimane/vnav23/labs/lab4/install/mav_state_machine_msgs/share/mav_state_machine_msgs/package.dsv
[1.033s] -- Up-to-date symlink: /home/aimane/vnav23/labs/lab4/install/mav_state_machine_msgs/share/ament_index/resource_index/packages/mav_state_machine_msgs
[1.033s] -- Up-to-date symlink: /home/aimane/vnav23/labs/lab4/install/mav_state_machine_msgs/share/mav_state_machine_msgs/cmake/rosidl_cmake-extras.cmake
[1.034s] -- Up-to-date symlink: /home/aimane/vnav23/labs/lab4/install/mav_state_machine_msgs/share/mav_state_machine_msgs/cmake/ament_cmake_export_dependencies-extras.cmake
[1.034s] -- Up-to-date symlink: /home/aimane/vnav23/labs/lab4/install/mav_state_machine_msgs/share/mav_state_machine_msgs/cmake/ament_cmake_export_include_directories-extras.cmake
[1.035s] -- Up-to-date symlink: /home/aimane/vnav23/labs/lab4/install/mav_state_machine_msgs/share/mav_state_machine_msgs/cmake/ament_cmake_export_libraries-extras.cmake
[1.035s] -- Up-to-date symlink: /home/aimane/vnav23/labs/lab4/install/mav_state_machine_msgs/share/mav_state_machine_msgs/cmake/ament_cmake_export_targets-extras.cmake
[1.036s] -- Up-to-date symlink: /home/aimane/vnav23/labs/lab4/install/mav_state_machine_msgs/share/mav_state_machine_msgs/cmake/rosidl_cmake_export_typesupport_targets-extras.cmake
[1.037s] -- Up-to-date symlink: /home/aimane/vnav23/labs/lab4/install/mav_state_machine_msgs/share/mav_state_machine_msgs/cmake/rosidl_cmake_export_typesupport_libraries-extras.cmake
[1.037s] -- Up-to-date symlink: /home/aimane/vnav23/labs/lab4/install/mav_state_machine_msgs/share/mav_state_machine_msgs/cmake/mav_state_machine_msgsConfig.cmake
[1.038s] -- Up-to-date symlink: /home/aimane/vnav23/labs/lab4/install/mav_state_machine_msgs/share/mav_state_machine_msgs/cmake/mav_state_machine_msgsConfig-version.cmake
[1.038s] -- Up-to-date symlink: /home/aimane/vnav23/labs/lab4/install/mav_state_machine_msgs/share/mav_state_machine_msgs/package.xml
[1.038s] -- Up-to-date: /home/aimane/vnav23/labs/lab4/install/mav_state_machine_msgs/lib/libmav_state_machine_msgs__rosidl_generator_c.so
[1.038s] -- Up-to-date: /home/aimane/vnav23/labs/lab4/install/mav_state_machine_msgs/lib/libmav_state_machine_msgs__rosidl_typesupport_fastrtps_c.so
[1.039s] -- Up-to-date: /home/aimane/vnav23/labs/lab4/install/mav_state_machine_msgs/lib/libmav_state_machine_msgs__rosidl_typesupport_fastrtps_cpp.so
[1.040s] -- Up-to-date: /home/aimane/vnav23/labs/lab4/install/mav_state_machine_msgs/lib/libmav_state_machine_msgs__rosidl_typesupport_introspection_c.so
[1.041s] -- Up-to-date: /home/aimane/vnav23/labs/lab4/install/mav_state_machine_msgs/lib/libmav_state_machine_msgs__rosidl_typesupport_c.so
[1.042s] -- Up-to-date: /home/aimane/vnav23/labs/lab4/install/mav_state_machine_msgs/lib/libmav_state_machine_msgs__rosidl_typesupport_introspection_cpp.so
[1.042s] -- Up-to-date: /home/aimane/vnav23/labs/lab4/install/mav_state_machine_msgs/lib/libmav_state_machine_msgs__rosidl_typesupport_cpp.so
[1.042s] -- Up-to-date: /home/aimane/vnav23/labs/lab4/install/mav_state_machine_msgs/share/mav_state_machine_msgs/cmake/export_mav_state_machine_msgs__rosidl_generator_cExport.cmake
[1.043s] -- Up-to-date: /home/aimane/vnav23/labs/lab4/install/mav_state_machine_msgs/share/mav_state_machine_msgs/cmake/export_mav_state_machine_msgs__rosidl_generator_cExport-noconfig.cmake
[1.043s] -- Up-to-date: /home/aimane/vnav23/labs/lab4/install/mav_state_machine_msgs/share/mav_state_machine_msgs/cmake/export_mav_state_machine_msgs__rosidl_typesupport_fastrtps_cExport.cmake
[1.043s] -- Up-to-date: /home/aimane/vnav23/labs/lab4/install/mav_state_machine_msgs/share/mav_state_machine_msgs/cmake/export_mav_state_machine_msgs__rosidl_typesupport_fastrtps_cExport-noconfig.cmake
[1.043s] -- Up-to-date: /home/aimane/vnav23/labs/lab4/install/mav_state_machine_msgs/share/mav_state_machine_msgs/cmake/export_mav_state_machine_msgs__rosidl_generator_cppExport.cmake
[1.043s] -- Up-to-date: /home/aimane/vnav23/labs/lab4/install/mav_state_machine_msgs/share/mav_state_machine_msgs/cmake/export_mav_state_machine_msgs__rosidl_typesupport_fastrtps_cppExport.cmake
[1.043s] -- Up-to-date: /home/aimane/vnav23/labs/lab4/install/mav_state_machine_msgs/share/mav_state_machine_msgs/cmake/export_mav_state_machine_msgs__rosidl_typesupport_fastrtps_cppExport-noconfig.cmake
[1.044s] -- Up-to-date: /home/aimane/vnav23/labs/lab4/install/mav_state_machine_msgs/share/mav_state_machine_msgs/cmake/mav_state_machine_msgs__rosidl_typesupport_introspection_cExport.cmake
[1.044s] -- Up-to-date: /home/aimane/vnav23/labs/lab4/install/mav_state_machine_msgs/share/mav_state_machine_msgs/cmake/mav_state_machine_msgs__rosidl_typesupport_introspection_cExport-noconfig.cmake
[1.044s] -- Up-to-date: /home/aimane/vnav23/labs/lab4/install/mav_state_machine_msgs/share/mav_state_machine_msgs/cmake/mav_state_machine_msgs__rosidl_typesupport_cExport.cmake
[1.044s] -- Up-to-date: /home/aimane/vnav23/labs/lab4/install/mav_state_machine_msgs/share/mav_state_machine_msgs/cmake/mav_state_machine_msgs__rosidl_typesupport_cExport-noconfig.cmake
[1.044s] -- Up-to-date: /home/aimane/vnav23/labs/lab4/install/mav_state_machine_msgs/share/mav_state_machine_msgs/cmake/mav_state_machine_msgs__rosidl_typesupport_introspection_cppExport.cmake
[1.045s] -- Up-to-date: /home/aimane/vnav23/labs/lab4/install/mav_state_machine_msgs/share/mav_state_machine_msgs/cmake/mav_state_machine_msgs__rosidl_typesupport_introspection_cppExport-noconfig.cmake
[1.045s] -- Up-to-date: /home/aimane/vnav23/labs/lab4/install/mav_state_machine_msgs/share/mav_state_machine_msgs/cmake/mav_state_machine_msgs__rosidl_typesupport_cppExport.cmake
[1.045s] -- Up-to-date: /home/aimane/vnav23/labs/lab4/install/mav_state_machine_msgs/share/mav_state_machine_msgs/cmake/mav_state_machine_msgs__rosidl_typesupport_cppExport-noconfig.cmake
[1.114s] Invoked command in '/home/aimane/vnav23/labs/lab4/build/mav_state_machine_msgs' returned '0': CMAKE_PREFIX_PATH=/home/aimane/vnav23/labs/lab4/install/trajectory_generation:/home/aimane/vnav23/labs/lab4/install/tesse_msgs:/home/aimane/vnav23/labs/lab4/install/planner_pkg:/home/aimane/vnav23/labs/lab4/install/tesse_ros_bridge:/opt/ros/humble:/home/aimane/vnav23/labs/lab4/install/mav_visualization:/home/aimane/vnav23/labs/lab4/install/mav_trajectory_generation:/home/aimane/vnav23/labs/lab4/install/mav_comm:/home/aimane/vnav23/labs/lab4/install/mav_system_msgs:/home/aimane/vnav23/labs/lab4/install/mav_state_machine_msgs:/home/aimane/vnav23/labs/lab4/install/mav_planning_msgs:/home/aimane/vnav23/labs/lab4/install/controller_pkg:/home/aimane/vnav23/labs/lab4/install/mav_msgs:/home/aimane/mavros_ws/install/mavros_extras:/home/aimane/mavros_ws/install/mavros_examples:/home/aimane/mavros_ws/install/mavros:/home/aimane/mavros_ws/install/mavros_msgs:/home/aimane/mavros_ws/install/libmavconn /usr/bin/cmake --install /home/aimane/vnav23/labs/lab4/build/mav_state_machine_msgs
