[0.494s] DEBUG:colcon:Command line arguments: ['/usr/bin/colcon', 'build', '--packages-select', 'planner_pkg']
[0.495s] DEBUG:colcon:Parsed command line arguments: Namespace(log_base=None, log_level=None, verb_name='build', build_base='build', install_base='install', merge_install=False, symlink_install=False, test_result_base=None, continue_on_error=False, executor='parallel', parallel_workers=8, event_handlers=None, ignore_user_meta=False, metas=['./colcon.meta'], base_paths=['.'], packages_ignore=None, packages_ignore_regex=None, paths=None, packages_up_to=None, packages_up_to_regex=None, packages_above=None, packages_above_and_dependencies=None, packages_above_depth=None, packages_select_by_dep=None, packages_skip_by_dep=None, packages_skip_up_to=None, packages_select_build_failed=False, packages_skip_build_finished=False, packages_select_test_failures=False, packages_skip_test_passed=False, packages_select=['planner_pkg'], packages_skip=None, packages_select_regex=None, packages_skip_regex=None, packages_start=None, packages_end=None, cmake_args=None, cmake_target=None, cmake_target_skip_unavailable=False, cmake_clean_cache=False, cmake_clean_first=False, cmake_force_configure=False, ament_cmake_args=None, catkin_cmake_args=None, catkin_skip_building_tests=False, mixin_files=None, mixin=None, verb_parser=<colcon_mixin.mixin.mixin_argument.MixinArgumentDecorator object at 0x77e4bc87ee60>, verb_extension=<colcon_core.verb.build.BuildVerb object at 0x77e4bca34490>, main=<bound method BuildVerb.main of <colcon_core.verb.build.BuildVerb object at 0x77e4bca34490>>, mixin_verb=('build',))
[0.776s] Level 1:colcon.colcon_core.package_discovery:discover_packages(colcon_meta) check parameters
[0.777s] Level 1:colcon.colcon_core.package_discovery:discover_packages(recursive) check parameters
[0.777s] Level 1:colcon.colcon_core.package_discovery:discover_packages(ignore) check parameters
[0.777s] Level 1:colcon.colcon_core.package_discovery:discover_packages(path) check parameters
[0.777s] Level 1:colcon.colcon_core.package_discovery:discover_packages(colcon_meta) discover
[0.777s] Level 1:colcon.colcon_core.package_discovery:discover_packages(recursive) discover
[0.777s] INFO:colcon.colcon_core.package_discovery:Crawling recursively for packages in '/home/aimane/vnav23/labs/lab4'
[0.781s] Level 1:colcon.colcon_core.package_identification:_identify(.) by extensions ['ignore', 'ignore_ament_install']
[0.781s] Level 1:colcon.colcon_core.package_identification:_identify(.) by extension 'ignore'
[0.782s] Level 1:colcon.colcon_core.package_identification:_identify(.) by extension 'ignore_ament_install'
[0.782s] Level 1:colcon.colcon_core.package_identification:_identify(.) by extensions ['colcon_pkg']
[0.783s] Level 1:colcon.colcon_core.package_identification:_identify(.) by extension 'colcon_pkg'
[0.783s] Level 1:colcon.colcon_core.package_identification:_identify(.) by extensions ['colcon_meta']
[0.783s] Level 1:colcon.colcon_core.package_identification:_identify(.) by extension 'colcon_meta'
[0.783s] Level 1:colcon.colcon_core.package_identification:_identify(.) by extensions ['ros']
[0.784s] Level 1:colcon.colcon_core.package_identification:_identify(.) by extension 'ros'
[0.904s] Level 1:colcon.colcon_core.package_identification:_identify(.) by extensions ['cmake', 'python']
[0.904s] Level 1:colcon.colcon_core.package_identification:_identify(.) by extension 'cmake'
[0.904s] Level 1:colcon.colcon_core.package_identification:_identify(.) by extension 'python'
[0.905s] Level 1:colcon.colcon_core.package_identification:_identify(.) by extensions ['python_setup_py']
[0.905s] Level 1:colcon.colcon_core.package_identification:_identify(.) by extension 'python_setup_py'
[0.905s] Level 1:colcon.colcon_core.package_identification:_identify(build) by extensions ['ignore', 'ignore_ament_install']
[0.906s] Level 1:colcon.colcon_core.package_identification:_identify(build) by extension 'ignore'
[0.906s] Level 1:colcon.colcon_core.package_identification:_identify(build) ignored
[0.906s] Level 1:colcon.colcon_core.package_identification:_identify(install) by extensions ['ignore', 'ignore_ament_install']
[0.907s] Level 1:colcon.colcon_core.package_identification:_identify(install) by extension 'ignore'
[0.907s] Level 1:colcon.colcon_core.package_identification:_identify(install) ignored
[0.908s] Level 1:colcon.colcon_core.package_identification:_identify(log) by extensions ['ignore', 'ignore_ament_install']
[0.908s] Level 1:colcon.colcon_core.package_identification:_identify(log) by extension 'ignore'
[0.908s] Level 1:colcon.colcon_core.package_identification:_identify(log) ignored
[0.909s] Level 1:colcon.colcon_core.package_identification:_identify(src) by extensions ['ignore', 'ignore_ament_install']
[0.909s] Level 1:colcon.colcon_core.package_identification:_identify(src) by extension 'ignore'
[0.909s] Level 1:colcon.colcon_core.package_identification:_identify(src) by extension 'ignore_ament_install'
[0.910s] Level 1:colcon.colcon_core.package_identification:_identify(src) by extensions ['colcon_pkg']
[0.910s] Level 1:colcon.colcon_core.package_identification:_identify(src) by extension 'colcon_pkg'
[0.910s] Level 1:colcon.colcon_core.package_identification:_identify(src) by extensions ['colcon_meta']
[0.910s] Level 1:colcon.colcon_core.package_identification:_identify(src) by extension 'colcon_meta'
[0.910s] Level 1:colcon.colcon_core.package_identification:_identify(src) by extensions ['ros']
[0.910s] Level 1:colcon.colcon_core.package_identification:_identify(src) by extension 'ros'
[0.911s] Level 1:colcon.colcon_core.package_identification:_identify(src) by extensions ['cmake', 'python']
[0.911s] Level 1:colcon.colcon_core.package_identification:_identify(src) by extension 'cmake'
[0.911s] Level 1:colcon.colcon_core.package_identification:_identify(src) by extension 'python'
[0.912s] Level 1:colcon.colcon_core.package_identification:_identify(src) by extensions ['python_setup_py']
[0.912s] Level 1:colcon.colcon_core.package_identification:_identify(src) by extension 'python_setup_py'
[0.913s] Level 1:colcon.colcon_core.package_identification:_identify(src/build) by extensions ['ignore', 'ignore_ament_install']
[0.913s] Level 1:colcon.colcon_core.package_identification:_identify(src/build) by extension 'ignore'
[0.913s] Level 1:colcon.colcon_core.package_identification:_identify(src/build) ignored
[0.914s] Level 1:colcon.colcon_core.package_identification:_identify(src/controller_pkg) by extensions ['ignore', 'ignore_ament_install']
[0.915s] Level 1:colcon.colcon_core.package_identification:_identify(src/controller_pkg) by extension 'ignore'
[0.915s] Level 1:colcon.colcon_core.package_identification:_identify(src/controller_pkg) by extension 'ignore_ament_install'
[0.916s] Level 1:colcon.colcon_core.package_identification:_identify(src/controller_pkg) by extensions ['colcon_pkg']
[0.916s] Level 1:colcon.colcon_core.package_identification:_identify(src/controller_pkg) by extension 'colcon_pkg'
[0.916s] Level 1:colcon.colcon_core.package_identification:_identify(src/controller_pkg) by extensions ['colcon_meta']
[0.916s] Level 1:colcon.colcon_core.package_identification:_identify(src/controller_pkg) by extension 'colcon_meta'
[0.917s] Level 1:colcon.colcon_core.package_identification:_identify(src/controller_pkg) by extensions ['ros']
[0.917s] Level 1:colcon.colcon_core.package_identification:_identify(src/controller_pkg) by extension 'ros'
[0.936s] DEBUG:colcon.colcon_core.package_identification:Package 'src/controller_pkg' with type 'ros.ament_cmake' and name 'controller_pkg'
[0.937s] Level 1:colcon.colcon_core.package_identification:_identify(src/install) by extensions ['ignore', 'ignore_ament_install']
[0.937s] Level 1:colcon.colcon_core.package_identification:_identify(src/install) by extension 'ignore'
[0.938s] Level 1:colcon.colcon_core.package_identification:_identify(src/install) ignored
[0.938s] Level 1:colcon.colcon_core.package_identification:_identify(src/log) by extensions ['ignore', 'ignore_ament_install']
[0.939s] Level 1:colcon.colcon_core.package_identification:_identify(src/log) by extension 'ignore'
[0.939s] Level 1:colcon.colcon_core.package_identification:_identify(src/log) ignored
[0.939s] Level 1:colcon.colcon_core.package_identification:_identify(src/mav_comm) by extensions ['ignore', 'ignore_ament_install']
[0.940s] Level 1:colcon.colcon_core.package_identification:_identify(src/mav_comm) by extension 'ignore'
[0.940s] Level 1:colcon.colcon_core.package_identification:_identify(src/mav_comm) by extension 'ignore_ament_install'
[0.940s] Level 1:colcon.colcon_core.package_identification:_identify(src/mav_comm) by extensions ['colcon_pkg']
[0.941s] Level 1:colcon.colcon_core.package_identification:_identify(src/mav_comm) by extension 'colcon_pkg'
[0.941s] Level 1:colcon.colcon_core.package_identification:_identify(src/mav_comm) by extensions ['colcon_meta']
[0.941s] Level 1:colcon.colcon_core.package_identification:_identify(src/mav_comm) by extension 'colcon_meta'
[0.941s] Level 1:colcon.colcon_core.package_identification:_identify(src/mav_comm) by extensions ['ros']
[0.941s] Level 1:colcon.colcon_core.package_identification:_identify(src/mav_comm) by extension 'ros'
[0.942s] Level 1:colcon.colcon_core.package_identification:_identify(src/mav_comm) by extensions ['cmake', 'python']
[0.942s] Level 1:colcon.colcon_core.package_identification:_identify(src/mav_comm) by extension 'cmake'
[0.943s] Level 1:colcon.colcon_core.package_identification:_identify(src/mav_comm) by extension 'python'
[0.943s] Level 1:colcon.colcon_core.package_identification:_identify(src/mav_comm) by extensions ['python_setup_py']
[0.943s] Level 1:colcon.colcon_core.package_identification:_identify(src/mav_comm) by extension 'python_setup_py'
[0.944s] Level 1:colcon.colcon_core.package_identification:_identify(src/mav_comm/mav_comm) by extensions ['ignore', 'ignore_ament_install']
[0.944s] Level 1:colcon.colcon_core.package_identification:_identify(src/mav_comm/mav_comm) by extension 'ignore'
[0.944s] Level 1:colcon.colcon_core.package_identification:_identify(src/mav_comm/mav_comm) by extension 'ignore_ament_install'
[0.944s] Level 1:colcon.colcon_core.package_identification:_identify(src/mav_comm/mav_comm) by extensions ['colcon_pkg']
[0.945s] Level 1:colcon.colcon_core.package_identification:_identify(src/mav_comm/mav_comm) by extension 'colcon_pkg'
[0.945s] Level 1:colcon.colcon_core.package_identification:_identify(src/mav_comm/mav_comm) by extensions ['colcon_meta']
[0.945s] Level 1:colcon.colcon_core.package_identification:_identify(src/mav_comm/mav_comm) by extension 'colcon_meta'
[0.945s] Level 1:colcon.colcon_core.package_identification:_identify(src/mav_comm/mav_comm) by extensions ['ros']
[0.945s] Level 1:colcon.colcon_core.package_identification:_identify(src/mav_comm/mav_comm) by extension 'ros'
[0.949s] DEBUG:colcon.colcon_core.package_identification:Package 'src/mav_comm/mav_comm' with type 'ros.ament_cmake' and name 'mav_comm'
[0.949s] Level 1:colcon.colcon_core.package_identification:_identify(src/mav_comm/mav_msgs) by extensions ['ignore', 'ignore_ament_install']
[0.950s] Level 1:colcon.colcon_core.package_identification:_identify(src/mav_comm/mav_msgs) by extension 'ignore'
[0.950s] Level 1:colcon.colcon_core.package_identification:_identify(src/mav_comm/mav_msgs) by extension 'ignore_ament_install'
[0.950s] Level 1:colcon.colcon_core.package_identification:_identify(src/mav_comm/mav_msgs) by extensions ['colcon_pkg']
[0.950s] Level 1:colcon.colcon_core.package_identification:_identify(src/mav_comm/mav_msgs) by extension 'colcon_pkg'
[0.950s] Level 1:colcon.colcon_core.package_identification:_identify(src/mav_comm/mav_msgs) by extensions ['colcon_meta']
[0.951s] Level 1:colcon.colcon_core.package_identification:_identify(src/mav_comm/mav_msgs) by extension 'colcon_meta'
[0.951s] Level 1:colcon.colcon_core.package_identification:_identify(src/mav_comm/mav_msgs) by extensions ['ros']
[0.951s] Level 1:colcon.colcon_core.package_identification:_identify(src/mav_comm/mav_msgs) by extension 'ros'
[0.956s] DEBUG:colcon.colcon_core.package_identification:Package 'src/mav_comm/mav_msgs' with type 'ros.ament_cmake' and name 'mav_msgs'
[0.956s] Level 1:colcon.colcon_core.package_identification:_identify(src/mav_comm/mav_planning_msgs) by extensions ['ignore', 'ignore_ament_install']
[0.957s] Level 1:colcon.colcon_core.package_identification:_identify(src/mav_comm/mav_planning_msgs) by extension 'ignore'
[0.957s] Level 1:colcon.colcon_core.package_identification:_identify(src/mav_comm/mav_planning_msgs) by extension 'ignore_ament_install'
[0.957s] Level 1:colcon.colcon_core.package_identification:_identify(src/mav_comm/mav_planning_msgs) by extensions ['colcon_pkg']
[0.958s] Level 1:colcon.colcon_core.package_identification:_identify(src/mav_comm/mav_planning_msgs) by extension 'colcon_pkg'
[0.958s] Level 1:colcon.colcon_core.package_identification:_identify(src/mav_comm/mav_planning_msgs) by extensions ['colcon_meta']
[0.958s] Level 1:colcon.colcon_core.package_identification:_identify(src/mav_comm/mav_planning_msgs) by extension 'colcon_meta'
[0.958s] Level 1:colcon.colcon_core.package_identification:_identify(src/mav_comm/mav_planning_msgs) by extensions ['ros']
[0.958s] Level 1:colcon.colcon_core.package_identification:_identify(src/mav_comm/mav_planning_msgs) by extension 'ros'
[0.964s] DEBUG:colcon.colcon_core.package_identification:Package 'src/mav_comm/mav_planning_msgs' with type 'ros.ament_cmake' and name 'mav_planning_msgs'
[0.965s] Level 1:colcon.colcon_core.package_identification:_identify(src/mav_comm/mav_state_machine_msgs) by extensions ['ignore', 'ignore_ament_install']
[0.965s] Level 1:colcon.colcon_core.package_identification:_identify(src/mav_comm/mav_state_machine_msgs) by extension 'ignore'
[0.965s] Level 1:colcon.colcon_core.package_identification:_identify(src/mav_comm/mav_state_machine_msgs) by extension 'ignore_ament_install'
[0.965s] Level 1:colcon.colcon_core.package_identification:_identify(src/mav_comm/mav_state_machine_msgs) by extensions ['colcon_pkg']
[0.965s] Level 1:colcon.colcon_core.package_identification:_identify(src/mav_comm/mav_state_machine_msgs) by extension 'colcon_pkg'
[0.966s] Level 1:colcon.colcon_core.package_identification:_identify(src/mav_comm/mav_state_machine_msgs) by extensions ['colcon_meta']
[0.966s] Level 1:colcon.colcon_core.package_identification:_identify(src/mav_comm/mav_state_machine_msgs) by extension 'colcon_meta'
[0.966s] Level 1:colcon.colcon_core.package_identification:_identify(src/mav_comm/mav_state_machine_msgs) by extensions ['ros']
[0.966s] Level 1:colcon.colcon_core.package_identification:_identify(src/mav_comm/mav_state_machine_msgs) by extension 'ros'
[0.968s] DEBUG:colcon.colcon_core.package_identification:Package 'src/mav_comm/mav_state_machine_msgs' with type 'ros.ament_cmake' and name 'mav_state_machine_msgs'
[0.968s] Level 1:colcon.colcon_core.package_identification:_identify(src/mav_comm/mav_system_msgs) by extensions ['ignore', 'ignore_ament_install']
[0.969s] Level 1:colcon.colcon_core.package_identification:_identify(src/mav_comm/mav_system_msgs) by extension 'ignore'
[0.969s] Level 1:colcon.colcon_core.package_identification:_identify(src/mav_comm/mav_system_msgs) by extension 'ignore_ament_install'
[0.969s] Level 1:colcon.colcon_core.package_identification:_identify(src/mav_comm/mav_system_msgs) by extensions ['colcon_pkg']
[0.970s] Level 1:colcon.colcon_core.package_identification:_identify(src/mav_comm/mav_system_msgs) by extension 'colcon_pkg'
[0.970s] Level 1:colcon.colcon_core.package_identification:_identify(src/mav_comm/mav_system_msgs) by extensions ['colcon_meta']
[0.970s] Level 1:colcon.colcon_core.package_identification:_identify(src/mav_comm/mav_system_msgs) by extension 'colcon_meta'
[0.970s] Level 1:colcon.colcon_core.package_identification:_identify(src/mav_comm/mav_system_msgs) by extensions ['ros']
[0.970s] Level 1:colcon.colcon_core.package_identification:_identify(src/mav_comm/mav_system_msgs) by extension 'ros'
[0.972s] DEBUG:colcon.colcon_core.package_identification:Package 'src/mav_comm/mav_system_msgs' with type 'ros.ament_cmake' and name 'mav_system_msgs'
[0.973s] Level 1:colcon.colcon_core.package_identification:_identify(src/mav_trajectory_generation) by extensions ['ignore', 'ignore_ament_install']
[0.973s] Level 1:colcon.colcon_core.package_identification:_identify(src/mav_trajectory_generation) by extension 'ignore'
[0.973s] Level 1:colcon.colcon_core.package_identification:_identify(src/mav_trajectory_generation) by extension 'ignore_ament_install'
[0.973s] Level 1:colcon.colcon_core.package_identification:_identify(src/mav_trajectory_generation) by extensions ['colcon_pkg']
[0.973s] Level 1:colcon.colcon_core.package_identification:_identify(src/mav_trajectory_generation) by extension 'colcon_pkg'
[0.974s] Level 1:colcon.colcon_core.package_identification:_identify(src/mav_trajectory_generation) by extensions ['colcon_meta']
[0.974s] Level 1:colcon.colcon_core.package_identification:_identify(src/mav_trajectory_generation) by extension 'colcon_meta'
[0.974s] Level 1:colcon.colcon_core.package_identification:_identify(src/mav_trajectory_generation) by extensions ['ros']
[0.975s] Level 1:colcon.colcon_core.package_identification:_identify(src/mav_trajectory_generation) by extension 'ros'
[0.975s] Level 1:colcon.colcon_core.package_identification:_identify(src/mav_trajectory_generation) by extensions ['cmake', 'python']
[0.975s] Level 1:colcon.colcon_core.package_identification:_identify(src/mav_trajectory_generation) by extension 'cmake'
[0.975s] Level 1:colcon.colcon_core.package_identification:_identify(src/mav_trajectory_generation) by extension 'python'
[0.975s] Level 1:colcon.colcon_core.package_identification:_identify(src/mav_trajectory_generation) by extensions ['python_setup_py']
[0.975s] Level 1:colcon.colcon_core.package_identification:_identify(src/mav_trajectory_generation) by extension 'python_setup_py'
[0.976s] Level 1:colcon.colcon_core.package_identification:_identify(src/mav_trajectory_generation/install) by extensions ['ignore', 'ignore_ament_install']
[0.976s] Level 1:colcon.colcon_core.package_identification:_identify(src/mav_trajectory_generation/install) by extension 'ignore'
[0.976s] Level 1:colcon.colcon_core.package_identification:_identify(src/mav_trajectory_generation/install) by extension 'ignore_ament_install'
[0.977s] Level 1:colcon.colcon_core.package_identification:_identify(src/mav_trajectory_generation/install) by extensions ['colcon_pkg']
[0.977s] Level 1:colcon.colcon_core.package_identification:_identify(src/mav_trajectory_generation/install) by extension 'colcon_pkg'
[0.977s] Level 1:colcon.colcon_core.package_identification:_identify(src/mav_trajectory_generation/install) by extensions ['colcon_meta']
[0.977s] Level 1:colcon.colcon_core.package_identification:_identify(src/mav_trajectory_generation/install) by extension 'colcon_meta'
[0.977s] Level 1:colcon.colcon_core.package_identification:_identify(src/mav_trajectory_generation/install) by extensions ['ros']
[0.977s] Level 1:colcon.colcon_core.package_identification:_identify(src/mav_trajectory_generation/install) by extension 'ros'
[0.978s] Level 1:colcon.colcon_core.package_identification:_identify(src/mav_trajectory_generation/install) by extensions ['cmake', 'python']
[0.978s] Level 1:colcon.colcon_core.package_identification:_identify(src/mav_trajectory_generation/install) by extension 'cmake'
[0.978s] Level 1:colcon.colcon_core.package_identification:_identify(src/mav_trajectory_generation/install) by extension 'python'
[0.978s] Level 1:colcon.colcon_core.package_identification:_identify(src/mav_trajectory_generation/install) by extensions ['python_setup_py']
[0.978s] Level 1:colcon.colcon_core.package_identification:_identify(src/mav_trajectory_generation/install) by extension 'python_setup_py'
[0.979s] Level 1:colcon.colcon_core.package_identification:_identify(src/mav_trajectory_generation/matlab) by extensions ['ignore', 'ignore_ament_install']
[0.979s] Level 1:colcon.colcon_core.package_identification:_identify(src/mav_trajectory_generation/matlab) by extension 'ignore'
[0.979s] Level 1:colcon.colcon_core.package_identification:_identify(src/mav_trajectory_generation/matlab) by extension 'ignore_ament_install'
[0.980s] Level 1:colcon.colcon_core.package_identification:_identify(src/mav_trajectory_generation/matlab) by extensions ['colcon_pkg']
[0.980s] Level 1:colcon.colcon_core.package_identification:_identify(src/mav_trajectory_generation/matlab) by extension 'colcon_pkg'
[0.980s] Level 1:colcon.colcon_core.package_identification:_identify(src/mav_trajectory_generation/matlab) by extensions ['colcon_meta']
[0.980s] Level 1:colcon.colcon_core.package_identification:_identify(src/mav_trajectory_generation/matlab) by extension 'colcon_meta'
[0.980s] Level 1:colcon.colcon_core.package_identification:_identify(src/mav_trajectory_generation/matlab) by extensions ['ros']
[0.981s] Level 1:colcon.colcon_core.package_identification:_identify(src/mav_trajectory_generation/matlab) by extension 'ros'
[0.981s] Level 1:colcon.colcon_core.package_identification:_identify(src/mav_trajectory_generation/matlab) by extensions ['cmake', 'python']
[0.981s] Level 1:colcon.colcon_core.package_identification:_identify(src/mav_trajectory_generation/matlab) by extension 'cmake'
[0.981s] Level 1:colcon.colcon_core.package_identification:_identify(src/mav_trajectory_generation/matlab) by extension 'python'
[0.981s] Level 1:colcon.colcon_core.package_identification:_identify(src/mav_trajectory_generation/matlab) by extensions ['python_setup_py']
[0.981s] Level 1:colcon.colcon_core.package_identification:_identify(src/mav_trajectory_generation/matlab) by extension 'python_setup_py'
[0.982s] Level 1:colcon.colcon_core.package_identification:_identify(src/mav_trajectory_generation/matlab/functions) by extensions ['ignore', 'ignore_ament_install']
[0.982s] Level 1:colcon.colcon_core.package_identification:_identify(src/mav_trajectory_generation/matlab/functions) by extension 'ignore'
[0.982s] Level 1:colcon.colcon_core.package_identification:_identify(src/mav_trajectory_generation/matlab/functions) by extension 'ignore_ament_install'
[0.982s] Level 1:colcon.colcon_core.package_identification:_identify(src/mav_trajectory_generation/matlab/functions) by extensions ['colcon_pkg']
[0.983s] Level 1:colcon.colcon_core.package_identification:_identify(src/mav_trajectory_generation/matlab/functions) by extension 'colcon_pkg'
[0.983s] Level 1:colcon.colcon_core.package_identification:_identify(src/mav_trajectory_generation/matlab/functions) by extensions ['colcon_meta']
[0.983s] Level 1:colcon.colcon_core.package_identification:_identify(src/mav_trajectory_generation/matlab/functions) by extension 'colcon_meta'
[0.983s] Level 1:colcon.colcon_core.package_identification:_identify(src/mav_trajectory_generation/matlab/functions) by extensions ['ros']
[0.983s] Level 1:colcon.colcon_core.package_identification:_identify(src/mav_trajectory_generation/matlab/functions) by extension 'ros'
[0.988s] Level 1:colcon.colcon_core.package_identification:_identify(src/mav_trajectory_generation/matlab/functions) by extensions ['cmake', 'python']
[0.989s] Level 1:colcon.colcon_core.package_identification:_identify(src/mav_trajectory_generation/matlab/functions) by extension 'cmake'
[0.989s] Level 1:colcon.colcon_core.package_identification:_identify(src/mav_trajectory_generation/matlab/functions) by extension 'python'
[0.990s] Level 1:colcon.colcon_core.package_identification:_identify(src/mav_trajectory_generation/matlab/functions) by extensions ['python_setup_py']
[0.990s] Level 1:colcon.colcon_core.package_identification:_identify(src/mav_trajectory_generation/matlab/functions) by extension 'python_setup_py'
[0.992s] Level 1:colcon.colcon_core.package_identification:_identify(src/mav_trajectory_generation/mav_trajectory_generation) by extensions ['ignore', 'ignore_ament_install']
[0.993s] Level 1:colcon.colcon_core.package_identification:_identify(src/mav_trajectory_generation/mav_trajectory_generation) by extension 'ignore'
[0.993s] Level 1:colcon.colcon_core.package_identification:_identify(src/mav_trajectory_generation/mav_trajectory_generation) by extension 'ignore_ament_install'
[0.993s] Level 1:colcon.colcon_core.package_identification:_identify(src/mav_trajectory_generation/mav_trajectory_generation) by extensions ['colcon_pkg']
[0.994s] Level 1:colcon.colcon_core.package_identification:_identify(src/mav_trajectory_generation/mav_trajectory_generation) by extension 'colcon_pkg'
[0.995s] Level 1:colcon.colcon_core.package_identification:_identify(src/mav_trajectory_generation/mav_trajectory_generation) by extensions ['colcon_meta']
[0.995s] Level 1:colcon.colcon_core.package_identification:_identify(src/mav_trajectory_generation/mav_trajectory_generation) by extension 'colcon_meta'
[0.995s] Level 1:colcon.colcon_core.package_identification:_identify(src/mav_trajectory_generation/mav_trajectory_generation) by extensions ['ros']
[0.997s] Level 1:colcon.colcon_core.package_identification:_identify(src/mav_trajectory_generation/mav_trajectory_generation) by extension 'ros'
[1.000s] DEBUG:colcon.colcon_core.package_identification:Package 'src/mav_trajectory_generation/mav_trajectory_generation' with type 'ros.ament_cmake' and name 'mav_trajectory_generation'
[1.000s] Level 1:colcon.colcon_core.package_identification:_identify(src/mav_trajectory_generation/mav_visualization) by extensions ['ignore', 'ignore_ament_install']
[1.001s] Level 1:colcon.colcon_core.package_identification:_identify(src/mav_trajectory_generation/mav_visualization) by extension 'ignore'
[1.001s] Level 1:colcon.colcon_core.package_identification:_identify(src/mav_trajectory_generation/mav_visualization) by extension 'ignore_ament_install'
[1.001s] Level 1:colcon.colcon_core.package_identification:_identify(src/mav_trajectory_generation/mav_visualization) by extensions ['colcon_pkg']
[1.001s] Level 1:colcon.colcon_core.package_identification:_identify(src/mav_trajectory_generation/mav_visualization) by extension 'colcon_pkg'
[1.001s] Level 1:colcon.colcon_core.package_identification:_identify(src/mav_trajectory_generation/mav_visualization) by extensions ['colcon_meta']
[1.001s] Level 1:colcon.colcon_core.package_identification:_identify(src/mav_trajectory_generation/mav_visualization) by extension 'colcon_meta'
[1.002s] Level 1:colcon.colcon_core.package_identification:_identify(src/mav_trajectory_generation/mav_visualization) by extensions ['ros']
[1.002s] Level 1:colcon.colcon_core.package_identification:_identify(src/mav_trajectory_generation/mav_visualization) by extension 'ros'
[1.005s] DEBUG:colcon.colcon_core.package_identification:Package 'src/mav_trajectory_generation/mav_visualization' with type 'ros.catkin' and name 'mav_visualization'
[1.005s] Level 1:colcon.colcon_core.package_identification:_identify(src/planner_pkg) by extensions ['ignore', 'ignore_ament_install']
[1.005s] Level 1:colcon.colcon_core.package_identification:_identify(src/planner_pkg) by extension 'ignore'
[1.006s] Level 1:colcon.colcon_core.package_identification:_identify(src/planner_pkg) by extension 'ignore_ament_install'
[1.006s] Level 1:colcon.colcon_core.package_identification:_identify(src/planner_pkg) by extensions ['colcon_pkg']
[1.006s] Level 1:colcon.colcon_core.package_identification:_identify(src/planner_pkg) by extension 'colcon_pkg'
[1.006s] Level 1:colcon.colcon_core.package_identification:_identify(src/planner_pkg) by extensions ['colcon_meta']
[1.006s] Level 1:colcon.colcon_core.package_identification:_identify(src/planner_pkg) by extension 'colcon_meta'
[1.007s] Level 1:colcon.colcon_core.package_identification:_identify(src/planner_pkg) by extensions ['ros']
[1.007s] Level 1:colcon.colcon_core.package_identification:_identify(src/planner_pkg) by extension 'ros'
[1.009s] DEBUG:colcon.colcon_core.package_identification:Package 'src/planner_pkg' with type 'ros.ament_cmake' and name 'planner_pkg'
[1.010s] Level 1:colcon.colcon_core.package_identification:_identify(src/tesse) by extensions ['ignore', 'ignore_ament_install']
[1.010s] Level 1:colcon.colcon_core.package_identification:_identify(src/tesse) by extension 'ignore'
[1.010s] Level 1:colcon.colcon_core.package_identification:_identify(src/tesse) by extension 'ignore_ament_install'
[1.010s] Level 1:colcon.colcon_core.package_identification:_identify(src/tesse) by extensions ['colcon_pkg']
[1.011s] Level 1:colcon.colcon_core.package_identification:_identify(src/tesse) by extension 'colcon_pkg'
[1.011s] Level 1:colcon.colcon_core.package_identification:_identify(src/tesse) by extensions ['colcon_meta']
[1.011s] Level 1:colcon.colcon_core.package_identification:_identify(src/tesse) by extension 'colcon_meta'
[1.011s] Level 1:colcon.colcon_core.package_identification:_identify(src/tesse) by extensions ['ros']
[1.012s] Level 1:colcon.colcon_core.package_identification:_identify(src/tesse) by extension 'ros'
[1.012s] Level 1:colcon.colcon_core.package_identification:_identify(src/tesse) by extensions ['cmake', 'python']
[1.012s] Level 1:colcon.colcon_core.package_identification:_identify(src/tesse) by extension 'cmake'
[1.013s] Level 1:colcon.colcon_core.package_identification:_identify(src/tesse) by extension 'python'
[1.013s] Level 1:colcon.colcon_core.package_identification:_identify(src/tesse) by extensions ['python_setup_py']
[1.013s] Level 1:colcon.colcon_core.package_identification:_identify(src/tesse) by extension 'python_setup_py'
[1.014s] Level 1:colcon.colcon_core.package_identification:_identify(src/tesse/lab4_Data) by extensions ['ignore', 'ignore_ament_install']
[1.014s] Level 1:colcon.colcon_core.package_identification:_identify(src/tesse/lab4_Data) by extension 'ignore'
[1.014s] Level 1:colcon.colcon_core.package_identification:_identify(src/tesse/lab4_Data) by extension 'ignore_ament_install'
[1.015s] Level 1:colcon.colcon_core.package_identification:_identify(src/tesse/lab4_Data) by extensions ['colcon_pkg']
[1.015s] Level 1:colcon.colcon_core.package_identification:_identify(src/tesse/lab4_Data) by extension 'colcon_pkg'
[1.016s] Level 1:colcon.colcon_core.package_identification:_identify(src/tesse/lab4_Data) by extensions ['colcon_meta']
[1.016s] Level 1:colcon.colcon_core.package_identification:_identify(src/tesse/lab4_Data) by extension 'colcon_meta'
[1.016s] Level 1:colcon.colcon_core.package_identification:_identify(src/tesse/lab4_Data) by extensions ['ros']
[1.016s] Level 1:colcon.colcon_core.package_identification:_identify(src/tesse/lab4_Data) by extension 'ros'
[1.017s] Level 1:colcon.colcon_core.package_identification:_identify(src/tesse/lab4_Data) by extensions ['cmake', 'python']
[1.017s] Level 1:colcon.colcon_core.package_identification:_identify(src/tesse/lab4_Data) by extension 'cmake'
[1.017s] Level 1:colcon.colcon_core.package_identification:_identify(src/tesse/lab4_Data) by extension 'python'
[1.018s] Level 1:colcon.colcon_core.package_identification:_identify(src/tesse/lab4_Data) by extensions ['python_setup_py']
[1.018s] Level 1:colcon.colcon_core.package_identification:_identify(src/tesse/lab4_Data) by extension 'python_setup_py'
[1.019s] Level 1:colcon.colcon_core.package_identification:_identify(src/tesse/lab4_Data/Managed) by extensions ['ignore', 'ignore_ament_install']
[1.019s] Level 1:colcon.colcon_core.package_identification:_identify(src/tesse/lab4_Data/Managed) by extension 'ignore'
[1.020s] Level 1:colcon.colcon_core.package_identification:_identify(src/tesse/lab4_Data/Managed) by extension 'ignore_ament_install'
[1.020s] Level 1:colcon.colcon_core.package_identification:_identify(src/tesse/lab4_Data/Managed) by extensions ['colcon_pkg']
[1.020s] Level 1:colcon.colcon_core.package_identification:_identify(src/tesse/lab4_Data/Managed) by extension 'colcon_pkg'
[1.020s] Level 1:colcon.colcon_core.package_identification:_identify(src/tesse/lab4_Data/Managed) by extensions ['colcon_meta']
[1.020s] Level 1:colcon.colcon_core.package_identification:_identify(src/tesse/lab4_Data/Managed) by extension 'colcon_meta'
[1.021s] Level 1:colcon.colcon_core.package_identification:_identify(src/tesse/lab4_Data/Managed) by extensions ['ros']
[1.021s] Level 1:colcon.colcon_core.package_identification:_identify(src/tesse/lab4_Data/Managed) by extension 'ros'
[1.021s] Level 1:colcon.colcon_core.package_identification:_identify(src/tesse/lab4_Data/Managed) by extensions ['cmake', 'python']
[1.021s] Level 1:colcon.colcon_core.package_identification:_identify(src/tesse/lab4_Data/Managed) by extension 'cmake'
[1.021s] Level 1:colcon.colcon_core.package_identification:_identify(src/tesse/lab4_Data/Managed) by extension 'python'
[1.022s] Level 1:colcon.colcon_core.package_identification:_identify(src/tesse/lab4_Data/Managed) by extensions ['python_setup_py']
[1.022s] Level 1:colcon.colcon_core.package_identification:_identify(src/tesse/lab4_Data/Managed) by extension 'python_setup_py'
[1.022s] Level 1:colcon.colcon_core.package_identification:_identify(src/tesse/lab4_Data/MonoBleedingEdge) by extensions ['ignore', 'ignore_ament_install']
[1.023s] Level 1:colcon.colcon_core.package_identification:_identify(src/tesse/lab4_Data/MonoBleedingEdge) by extension 'ignore'
[1.023s] Level 1:colcon.colcon_core.package_identification:_identify(src/tesse/lab4_Data/MonoBleedingEdge) by extension 'ignore_ament_install'
[1.023s] Level 1:colcon.colcon_core.package_identification:_identify(src/tesse/lab4_Data/MonoBleedingEdge) by extensions ['colcon_pkg']
[1.023s] Level 1:colcon.colcon_core.package_identification:_identify(src/tesse/lab4_Data/MonoBleedingEdge) by extension 'colcon_pkg'
[1.023s] Level 1:colcon.colcon_core.package_identification:_identify(src/tesse/lab4_Data/MonoBleedingEdge) by extensions ['colcon_meta']
[1.024s] Level 1:colcon.colcon_core.package_identification:_identify(src/tesse/lab4_Data/MonoBleedingEdge) by extension 'colcon_meta'
[1.024s] Level 1:colcon.colcon_core.package_identification:_identify(src/tesse/lab4_Data/MonoBleedingEdge) by extensions ['ros']
[1.024s] Level 1:colcon.colcon_core.package_identification:_identify(src/tesse/lab4_Data/MonoBleedingEdge) by extension 'ros'
[1.024s] Level 1:colcon.colcon_core.package_identification:_identify(src/tesse/lab4_Data/MonoBleedingEdge) by extensions ['cmake', 'python']
[1.024s] Level 1:colcon.colcon_core.package_identification:_identify(src/tesse/lab4_Data/MonoBleedingEdge) by extension 'cmake'
[1.025s] Level 1:colcon.colcon_core.package_identification:_identify(src/tesse/lab4_Data/MonoBleedingEdge) by extension 'python'
[1.025s] Level 1:colcon.colcon_core.package_identification:_identify(src/tesse/lab4_Data/MonoBleedingEdge) by extensions ['python_setup_py']
[1.025s] Level 1:colcon.colcon_core.package_identification:_identify(src/tesse/lab4_Data/MonoBleedingEdge) by extension 'python_setup_py'
[1.026s] Level 1:colcon.colcon_core.package_identification:_identify(src/tesse/lab4_Data/MonoBleedingEdge/etc) by extensions ['ignore', 'ignore_ament_install']
[1.026s] Level 1:colcon.colcon_core.package_identification:_identify(src/tesse/lab4_Data/MonoBleedingEdge/etc) by extension 'ignore'
[1.027s] Level 1:colcon.colcon_core.package_identification:_identify(src/tesse/lab4_Data/MonoBleedingEdge/etc) by extension 'ignore_ament_install'
[1.027s] Level 1:colcon.colcon_core.package_identification:_identify(src/tesse/lab4_Data/MonoBleedingEdge/etc) by extensions ['colcon_pkg']
[1.027s] Level 1:colcon.colcon_core.package_identification:_identify(src/tesse/lab4_Data/MonoBleedingEdge/etc) by extension 'colcon_pkg'
[1.028s] Level 1:colcon.colcon_core.package_identification:_identify(src/tesse/lab4_Data/MonoBleedingEdge/etc) by extensions ['colcon_meta']
[1.028s] Level 1:colcon.colcon_core.package_identification:_identify(src/tesse/lab4_Data/MonoBleedingEdge/etc) by extension 'colcon_meta'
[1.028s] Level 1:colcon.colcon_core.package_identification:_identify(src/tesse/lab4_Data/MonoBleedingEdge/etc) by extensions ['ros']
[1.029s] Level 1:colcon.colcon_core.package_identification:_identify(src/tesse/lab4_Data/MonoBleedingEdge/etc) by extension 'ros'
[1.029s] Level 1:colcon.colcon_core.package_identification:_identify(src/tesse/lab4_Data/MonoBleedingEdge/etc) by extensions ['cmake', 'python']
[1.029s] Level 1:colcon.colcon_core.package_identification:_identify(src/tesse/lab4_Data/MonoBleedingEdge/etc) by extension 'cmake'
[1.029s] Level 1:colcon.colcon_core.package_identification:_identify(src/tesse/lab4_Data/MonoBleedingEdge/etc) by extension 'python'
[1.029s] Level 1:colcon.colcon_core.package_identification:_identify(src/tesse/lab4_Data/MonoBleedingEdge/etc) by extensions ['python_setup_py']
[1.030s] Level 1:colcon.colcon_core.package_identification:_identify(src/tesse/lab4_Data/MonoBleedingEdge/etc) by extension 'python_setup_py'
[1.030s] Level 1:colcon.colcon_core.package_identification:_identify(src/tesse/lab4_Data/MonoBleedingEdge/etc/mono) by extensions ['ignore', 'ignore_ament_install']
[1.030s] Level 1:colcon.colcon_core.package_identification:_identify(src/tesse/lab4_Data/MonoBleedingEdge/etc/mono) by extension 'ignore'
[1.031s] Level 1:colcon.colcon_core.package_identification:_identify(src/tesse/lab4_Data/MonoBleedingEdge/etc/mono) by extension 'ignore_ament_install'
[1.031s] Level 1:colcon.colcon_core.package_identification:_identify(src/tesse/lab4_Data/MonoBleedingEdge/etc/mono) by extensions ['colcon_pkg']
[1.031s] Level 1:colcon.colcon_core.package_identification:_identify(src/tesse/lab4_Data/MonoBleedingEdge/etc/mono) by extension 'colcon_pkg'
[1.031s] Level 1:colcon.colcon_core.package_identification:_identify(src/tesse/lab4_Data/MonoBleedingEdge/etc/mono) by extensions ['colcon_meta']
[1.031s] Level 1:colcon.colcon_core.package_identification:_identify(src/tesse/lab4_Data/MonoBleedingEdge/etc/mono) by extension 'colcon_meta'
[1.032s] Level 1:colcon.colcon_core.package_identification:_identify(src/tesse/lab4_Data/MonoBleedingEdge/etc/mono) by extensions ['ros']
[1.032s] Level 1:colcon.colcon_core.package_identification:_identify(src/tesse/lab4_Data/MonoBleedingEdge/etc/mono) by extension 'ros'
[1.032s] Level 1:colcon.colcon_core.package_identification:_identify(src/tesse/lab4_Data/MonoBleedingEdge/etc/mono) by extensions ['cmake', 'python']
[1.032s] Level 1:colcon.colcon_core.package_identification:_identify(src/tesse/lab4_Data/MonoBleedingEdge/etc/mono) by extension 'cmake'
[1.032s] Level 1:colcon.colcon_core.package_identification:_identify(src/tesse/lab4_Data/MonoBleedingEdge/etc/mono) by extension 'python'
[1.033s] Level 1:colcon.colcon_core.package_identification:_identify(src/tesse/lab4_Data/MonoBleedingEdge/etc/mono) by extensions ['python_setup_py']
[1.033s] Level 1:colcon.colcon_core.package_identification:_identify(src/tesse/lab4_Data/MonoBleedingEdge/etc/mono) by extension 'python_setup_py'
[1.033s] Level 1:colcon.colcon_core.package_identification:_identify(src/tesse/lab4_Data/MonoBleedingEdge/etc/mono/2.0) by extensions ['ignore', 'ignore_ament_install']
[1.034s] Level 1:colcon.colcon_core.package_identification:_identify(src/tesse/lab4_Data/MonoBleedingEdge/etc/mono/2.0) by extension 'ignore'
[1.034s] Level 1:colcon.colcon_core.package_identification:_identify(src/tesse/lab4_Data/MonoBleedingEdge/etc/mono/2.0) by extension 'ignore_ament_install'
[1.034s] Level 1:colcon.colcon_core.package_identification:_identify(src/tesse/lab4_Data/MonoBleedingEdge/etc/mono/2.0) by extensions ['colcon_pkg']
[1.034s] Level 1:colcon.colcon_core.package_identification:_identify(src/tesse/lab4_Data/MonoBleedingEdge/etc/mono/2.0) by extension 'colcon_pkg'
[1.035s] Level 1:colcon.colcon_core.package_identification:_identify(src/tesse/lab4_Data/MonoBleedingEdge/etc/mono/2.0) by extensions ['colcon_meta']
[1.035s] Level 1:colcon.colcon_core.package_identification:_identify(src/tesse/lab4_Data/MonoBleedingEdge/etc/mono/2.0) by extension 'colcon_meta'
[1.035s] Level 1:colcon.colcon_core.package_identification:_identify(src/tesse/lab4_Data/MonoBleedingEdge/etc/mono/2.0) by extensions ['ros']
[1.036s] Level 1:colcon.colcon_core.package_identification:_identify(src/tesse/lab4_Data/MonoBleedingEdge/etc/mono/2.0) by extension 'ros'
[1.036s] Level 1:colcon.colcon_core.package_identification:_identify(src/tesse/lab4_Data/MonoBleedingEdge/etc/mono/2.0) by extensions ['cmake', 'python']
[1.036s] Level 1:colcon.colcon_core.package_identification:_identify(src/tesse/lab4_Data/MonoBleedingEdge/etc/mono/2.0) by extension 'cmake'
[1.036s] Level 1:colcon.colcon_core.package_identification:_identify(src/tesse/lab4_Data/MonoBleedingEdge/etc/mono/2.0) by extension 'python'
[1.037s] Level 1:colcon.colcon_core.package_identification:_identify(src/tesse/lab4_Data/MonoBleedingEdge/etc/mono/2.0) by extensions ['python_setup_py']
[1.037s] Level 1:colcon.colcon_core.package_identification:_identify(src/tesse/lab4_Data/MonoBleedingEdge/etc/mono/2.0) by extension 'python_setup_py'
[1.037s] Level 1:colcon.colcon_core.package_identification:_identify(src/tesse/lab4_Data/MonoBleedingEdge/etc/mono/2.0/Browsers) by extensions ['ignore', 'ignore_ament_install']
[1.038s] Level 1:colcon.colcon_core.package_identification:_identify(src/tesse/lab4_Data/MonoBleedingEdge/etc/mono/2.0/Browsers) by extension 'ignore'
[1.038s] Level 1:colcon.colcon_core.package_identification:_identify(src/tesse/lab4_Data/MonoBleedingEdge/etc/mono/2.0/Browsers) by extension 'ignore_ament_install'
[1.038s] Level 1:colcon.colcon_core.package_identification:_identify(src/tesse/lab4_Data/MonoBleedingEdge/etc/mono/2.0/Browsers) by extensions ['colcon_pkg']
[1.039s] Level 1:colcon.colcon_core.package_identification:_identify(src/tesse/lab4_Data/MonoBleedingEdge/etc/mono/2.0/Browsers) by extension 'colcon_pkg'
[1.039s] Level 1:colcon.colcon_core.package_identification:_identify(src/tesse/lab4_Data/MonoBleedingEdge/etc/mono/2.0/Browsers) by extensions ['colcon_meta']
[1.039s] Level 1:colcon.colcon_core.package_identification:_identify(src/tesse/lab4_Data/MonoBleedingEdge/etc/mono/2.0/Browsers) by extension 'colcon_meta'
[1.039s] Level 1:colcon.colcon_core.package_identification:_identify(src/tesse/lab4_Data/MonoBleedingEdge/etc/mono/2.0/Browsers) by extensions ['ros']
[1.039s] Level 1:colcon.colcon_core.package_identification:_identify(src/tesse/lab4_Data/MonoBleedingEdge/etc/mono/2.0/Browsers) by extension 'ros'
[1.040s] Level 1:colcon.colcon_core.package_identification:_identify(src/tesse/lab4_Data/MonoBleedingEdge/etc/mono/2.0/Browsers) by extensions ['cmake', 'python']
[1.040s] Level 1:colcon.colcon_core.package_identification:_identify(src/tesse/lab4_Data/MonoBleedingEdge/etc/mono/2.0/Browsers) by extension 'cmake'
[1.040s] Level 1:colcon.colcon_core.package_identification:_identify(src/tesse/lab4_Data/MonoBleedingEdge/etc/mono/2.0/Browsers) by extension 'python'
[1.040s] Level 1:colcon.colcon_core.package_identification:_identify(src/tesse/lab4_Data/MonoBleedingEdge/etc/mono/2.0/Browsers) by extensions ['python_setup_py']
[1.041s] Level 1:colcon.colcon_core.package_identification:_identify(src/tesse/lab4_Data/MonoBleedingEdge/etc/mono/2.0/Browsers) by extension 'python_setup_py'
[1.041s] Level 1:colcon.colcon_core.package_identification:_identify(src/tesse/lab4_Data/MonoBleedingEdge/etc/mono/4.0) by extensions ['ignore', 'ignore_ament_install']
[1.041s] Level 1:colcon.colcon_core.package_identification:_identify(src/tesse/lab4_Data/MonoBleedingEdge/etc/mono/4.0) by extension 'ignore'
[1.042s] Level 1:colcon.colcon_core.package_identification:_identify(src/tesse/lab4_Data/MonoBleedingEdge/etc/mono/4.0) by extension 'ignore_ament_install'
[1.042s] Level 1:colcon.colcon_core.package_identification:_identify(src/tesse/lab4_Data/MonoBleedingEdge/etc/mono/4.0) by extensions ['colcon_pkg']
[1.042s] Level 1:colcon.colcon_core.package_identification:_identify(src/tesse/lab4_Data/MonoBleedingEdge/etc/mono/4.0) by extension 'colcon_pkg'
[1.042s] Level 1:colcon.colcon_core.package_identification:_identify(src/tesse/lab4_Data/MonoBleedingEdge/etc/mono/4.0) by extensions ['colcon_meta']
[1.043s] Level 1:colcon.colcon_core.package_identification:_identify(src/tesse/lab4_Data/MonoBleedingEdge/etc/mono/4.0) by extension 'colcon_meta'
[1.043s] Level 1:colcon.colcon_core.package_identification:_identify(src/tesse/lab4_Data/MonoBleedingEdge/etc/mono/4.0) by extensions ['ros']
[1.044s] Level 1:colcon.colcon_core.package_identification:_identify(src/tesse/lab4_Data/MonoBleedingEdge/etc/mono/4.0) by extension 'ros'
[1.044s] Level 1:colcon.colcon_core.package_identification:_identify(src/tesse/lab4_Data/MonoBleedingEdge/etc/mono/4.0) by extensions ['cmake', 'python']
[1.044s] Level 1:colcon.colcon_core.package_identification:_identify(src/tesse/lab4_Data/MonoBleedingEdge/etc/mono/4.0) by extension 'cmake'
[1.045s] Level 1:colcon.colcon_core.package_identification:_identify(src/tesse/lab4_Data/MonoBleedingEdge/etc/mono/4.0) by extension 'python'
[1.045s] Level 1:colcon.colcon_core.package_identification:_identify(src/tesse/lab4_Data/MonoBleedingEdge/etc/mono/4.0) by extensions ['python_setup_py']
[1.045s] Level 1:colcon.colcon_core.package_identification:_identify(src/tesse/lab4_Data/MonoBleedingEdge/etc/mono/4.0) by extension 'python_setup_py'
[1.046s] Level 1:colcon.colcon_core.package_identification:_identify(src/tesse/lab4_Data/MonoBleedingEdge/etc/mono/4.0/Browsers) by extensions ['ignore', 'ignore_ament_install']
[1.046s] Level 1:colcon.colcon_core.package_identification:_identify(src/tesse/lab4_Data/MonoBleedingEdge/etc/mono/4.0/Browsers) by extension 'ignore'
[1.046s] Level 1:colcon.colcon_core.package_identification:_identify(src/tesse/lab4_Data/MonoBleedingEdge/etc/mono/4.0/Browsers) by extension 'ignore_ament_install'
[1.046s] Level 1:colcon.colcon_core.package_identification:_identify(src/tesse/lab4_Data/MonoBleedingEdge/etc/mono/4.0/Browsers) by extensions ['colcon_pkg']
[1.047s] Level 1:colcon.colcon_core.package_identification:_identify(src/tesse/lab4_Data/MonoBleedingEdge/etc/mono/4.0/Browsers) by extension 'colcon_pkg'
[1.047s] Level 1:colcon.colcon_core.package_identification:_identify(src/tesse/lab4_Data/MonoBleedingEdge/etc/mono/4.0/Browsers) by extensions ['colcon_meta']
[1.047s] Level 1:colcon.colcon_core.package_identification:_identify(src/tesse/lab4_Data/MonoBleedingEdge/etc/mono/4.0/Browsers) by extension 'colcon_meta'
[1.047s] Level 1:colcon.colcon_core.package_identification:_identify(src/tesse/lab4_Data/MonoBleedingEdge/etc/mono/4.0/Browsers) by extensions ['ros']
[1.048s] Level 1:colcon.colcon_core.package_identification:_identify(src/tesse/lab4_Data/MonoBleedingEdge/etc/mono/4.0/Browsers) by extension 'ros'
[1.048s] Level 1:colcon.colcon_core.package_identification:_identify(src/tesse/lab4_Data/MonoBleedingEdge/etc/mono/4.0/Browsers) by extensions ['cmake', 'python']
[1.048s] Level 1:colcon.colcon_core.package_identification:_identify(src/tesse/lab4_Data/MonoBleedingEdge/etc/mono/4.0/Browsers) by extension 'cmake'
[1.048s] Level 1:colcon.colcon_core.package_identification:_identify(src/tesse/lab4_Data/MonoBleedingEdge/etc/mono/4.0/Browsers) by extension 'python'
[1.049s] Level 1:colcon.colcon_core.package_identification:_identify(src/tesse/lab4_Data/MonoBleedingEdge/etc/mono/4.0/Browsers) by extensions ['python_setup_py']
[1.049s] Level 1:colcon.colcon_core.package_identification:_identify(src/tesse/lab4_Data/MonoBleedingEdge/etc/mono/4.0/Browsers) by extension 'python_setup_py'
[1.049s] Level 1:colcon.colcon_core.package_identification:_identify(src/tesse/lab4_Data/MonoBleedingEdge/etc/mono/4.5) by extensions ['ignore', 'ignore_ament_install']
[1.050s] Level 1:colcon.colcon_core.package_identification:_identify(src/tesse/lab4_Data/MonoBleedingEdge/etc/mono/4.5) by extension 'ignore'
[1.050s] Level 1:colcon.colcon_core.package_identification:_identify(src/tesse/lab4_Data/MonoBleedingEdge/etc/mono/4.5) by extension 'ignore_ament_install'
[1.050s] Level 1:colcon.colcon_core.package_identification:_identify(src/tesse/lab4_Data/MonoBleedingEdge/etc/mono/4.5) by extensions ['colcon_pkg']
[1.050s] Level 1:colcon.colcon_core.package_identification:_identify(src/tesse/lab4_Data/MonoBleedingEdge/etc/mono/4.5) by extension 'colcon_pkg'
[1.050s] Level 1:colcon.colcon_core.package_identification:_identify(src/tesse/lab4_Data/MonoBleedingEdge/etc/mono/4.5) by extensions ['colcon_meta']
[1.050s] Level 1:colcon.colcon_core.package_identification:_identify(src/tesse/lab4_Data/MonoBleedingEdge/etc/mono/4.5) by extension 'colcon_meta'
[1.051s] Level 1:colcon.colcon_core.package_identification:_identify(src/tesse/lab4_Data/MonoBleedingEdge/etc/mono/4.5) by extensions ['ros']
[1.051s] Level 1:colcon.colcon_core.package_identification:_identify(src/tesse/lab4_Data/MonoBleedingEdge/etc/mono/4.5) by extension 'ros'
[1.051s] Level 1:colcon.colcon_core.package_identification:_identify(src/tesse/lab4_Data/MonoBleedingEdge/etc/mono/4.5) by extensions ['cmake', 'python']
[1.051s] Level 1:colcon.colcon_core.package_identification:_identify(src/tesse/lab4_Data/MonoBleedingEdge/etc/mono/4.5) by extension 'cmake'
[1.052s] Level 1:colcon.colcon_core.package_identification:_identify(src/tesse/lab4_Data/MonoBleedingEdge/etc/mono/4.5) by extension 'python'
[1.052s] Level 1:colcon.colcon_core.package_identification:_identify(src/tesse/lab4_Data/MonoBleedingEdge/etc/mono/4.5) by extensions ['python_setup_py']
[1.052s] Level 1:colcon.colcon_core.package_identification:_identify(src/tesse/lab4_Data/MonoBleedingEdge/etc/mono/4.5) by extension 'python_setup_py'
[1.053s] Level 1:colcon.colcon_core.package_identification:_identify(src/tesse/lab4_Data/MonoBleedingEdge/etc/mono/4.5/Browsers) by extensions ['ignore', 'ignore_ament_install']
[1.053s] Level 1:colcon.colcon_core.package_identification:_identify(src/tesse/lab4_Data/MonoBleedingEdge/etc/mono/4.5/Browsers) by extension 'ignore'
[1.054s] Level 1:colcon.colcon_core.package_identification:_identify(src/tesse/lab4_Data/MonoBleedingEdge/etc/mono/4.5/Browsers) by extension 'ignore_ament_install'
[1.054s] Level 1:colcon.colcon_core.package_identification:_identify(src/tesse/lab4_Data/MonoBleedingEdge/etc/mono/4.5/Browsers) by extensions ['colcon_pkg']
[1.054s] Level 1:colcon.colcon_core.package_identification:_identify(src/tesse/lab4_Data/MonoBleedingEdge/etc/mono/4.5/Browsers) by extension 'colcon_pkg'
[1.054s] Level 1:colcon.colcon_core.package_identification:_identify(src/tesse/lab4_Data/MonoBleedingEdge/etc/mono/4.5/Browsers) by extensions ['colcon_meta']
[1.054s] Level 1:colcon.colcon_core.package_identification:_identify(src/tesse/lab4_Data/MonoBleedingEdge/etc/mono/4.5/Browsers) by extension 'colcon_meta'
[1.055s] Level 1:colcon.colcon_core.package_identification:_identify(src/tesse/lab4_Data/MonoBleedingEdge/etc/mono/4.5/Browsers) by extensions ['ros']
[1.055s] Level 1:colcon.colcon_core.package_identification:_identify(src/tesse/lab4_Data/MonoBleedingEdge/etc/mono/4.5/Browsers) by extension 'ros'
[1.055s] Level 1:colcon.colcon_core.package_identification:_identify(src/tesse/lab4_Data/MonoBleedingEdge/etc/mono/4.5/Browsers) by extensions ['cmake', 'python']
[1.055s] Level 1:colcon.colcon_core.package_identification:_identify(src/tesse/lab4_Data/MonoBleedingEdge/etc/mono/4.5/Browsers) by extension 'cmake'
[1.056s] Level 1:colcon.colcon_core.package_identification:_identify(src/tesse/lab4_Data/MonoBleedingEdge/etc/mono/4.5/Browsers) by extension 'python'
[1.056s] Level 1:colcon.colcon_core.package_identification:_identify(src/tesse/lab4_Data/MonoBleedingEdge/etc/mono/4.5/Browsers) by extensions ['python_setup_py']
[1.056s] Level 1:colcon.colcon_core.package_identification:_identify(src/tesse/lab4_Data/MonoBleedingEdge/etc/mono/4.5/Browsers) by extension 'python_setup_py'
[1.057s] Level 1:colcon.colcon_core.package_identification:_identify(src/tesse/lab4_Data/MonoBleedingEdge/etc/mono/mconfig) by extensions ['ignore', 'ignore_ament_install']
[1.057s] Level 1:colcon.colcon_core.package_identification:_identify(src/tesse/lab4_Data/MonoBleedingEdge/etc/mono/mconfig) by extension 'ignore'
[1.057s] Level 1:colcon.colcon_core.package_identification:_identify(src/tesse/lab4_Data/MonoBleedingEdge/etc/mono/mconfig) by extension 'ignore_ament_install'
[1.058s] Level 1:colcon.colcon_core.package_identification:_identify(src/tesse/lab4_Data/MonoBleedingEdge/etc/mono/mconfig) by extensions ['colcon_pkg']
[1.058s] Level 1:colcon.colcon_core.package_identification:_identify(src/tesse/lab4_Data/MonoBleedingEdge/etc/mono/mconfig) by extension 'colcon_pkg'
[1.058s] Level 1:colcon.colcon_core.package_identification:_identify(src/tesse/lab4_Data/MonoBleedingEdge/etc/mono/mconfig) by extensions ['colcon_meta']
[1.058s] Level 1:colcon.colcon_core.package_identification:_identify(src/tesse/lab4_Data/MonoBleedingEdge/etc/mono/mconfig) by extension 'colcon_meta'
[1.058s] Level 1:colcon.colcon_core.package_identification:_identify(src/tesse/lab4_Data/MonoBleedingEdge/etc/mono/mconfig) by extensions ['ros']
[1.058s] Level 1:colcon.colcon_core.package_identification:_identify(src/tesse/lab4_Data/MonoBleedingEdge/etc/mono/mconfig) by extension 'ros'
[1.059s] Level 1:colcon.colcon_core.package_identification:_identify(src/tesse/lab4_Data/MonoBleedingEdge/etc/mono/mconfig) by extensions ['cmake', 'python']
[1.059s] Level 1:colcon.colcon_core.package_identification:_identify(src/tesse/lab4_Data/MonoBleedingEdge/etc/mono/mconfig) by extension 'cmake'
[1.059s] Level 1:colcon.colcon_core.package_identification:_identify(src/tesse/lab4_Data/MonoBleedingEdge/etc/mono/mconfig) by extension 'python'
[1.059s] Level 1:colcon.colcon_core.package_identification:_identify(src/tesse/lab4_Data/MonoBleedingEdge/etc/mono/mconfig) by extensions ['python_setup_py']
[1.059s] Level 1:colcon.colcon_core.package_identification:_identify(src/tesse/lab4_Data/MonoBleedingEdge/etc/mono/mconfig) by extension 'python_setup_py'
[1.060s] Level 1:colcon.colcon_core.package_identification:_identify(src/tesse/lab4_Data/MonoBleedingEdge/etc/mono/registry) by extensions ['ignore', 'ignore_ament_install']
[1.060s] Level 1:colcon.colcon_core.package_identification:_identify(src/tesse/lab4_Data/MonoBleedingEdge/etc/mono/registry) by extension 'ignore'
[1.060s] Level 1:colcon.colcon_core.package_identification:_identify(src/tesse/lab4_Data/MonoBleedingEdge/etc/mono/registry) by extension 'ignore_ament_install'
[1.061s] Level 1:colcon.colcon_core.package_identification:_identify(src/tesse/lab4_Data/MonoBleedingEdge/etc/mono/registry) by extensions ['colcon_pkg']
[1.061s] Level 1:colcon.colcon_core.package_identification:_identify(src/tesse/lab4_Data/MonoBleedingEdge/etc/mono/registry) by extension 'colcon_pkg'
[1.061s] Level 1:colcon.colcon_core.package_identification:_identify(src/tesse/lab4_Data/MonoBleedingEdge/etc/mono/registry) by extensions ['colcon_meta']
[1.061s] Level 1:colcon.colcon_core.package_identification:_identify(src/tesse/lab4_Data/MonoBleedingEdge/etc/mono/registry) by extension 'colcon_meta'
[1.062s] Level 1:colcon.colcon_core.package_identification:_identify(src/tesse/lab4_Data/MonoBleedingEdge/etc/mono/registry) by extensions ['ros']
[1.062s] Level 1:colcon.colcon_core.package_identification:_identify(src/tesse/lab4_Data/MonoBleedingEdge/etc/mono/registry) by extension 'ros'
[1.062s] Level 1:colcon.colcon_core.package_identification:_identify(src/tesse/lab4_Data/MonoBleedingEdge/etc/mono/registry) by extensions ['cmake', 'python']
[1.062s] Level 1:colcon.colcon_core.package_identification:_identify(src/tesse/lab4_Data/MonoBleedingEdge/etc/mono/registry) by extension 'cmake'
[1.063s] Level 1:colcon.colcon_core.package_identification:_identify(src/tesse/lab4_Data/MonoBleedingEdge/etc/mono/registry) by extension 'python'
[1.063s] Level 1:colcon.colcon_core.package_identification:_identify(src/tesse/lab4_Data/MonoBleedingEdge/etc/mono/registry) by extensions ['python_setup_py']
[1.063s] Level 1:colcon.colcon_core.package_identification:_identify(src/tesse/lab4_Data/MonoBleedingEdge/etc/mono/registry) by extension 'python_setup_py'
[1.063s] Level 1:colcon.colcon_core.package_identification:_identify(src/tesse/lab4_Data/MonoBleedingEdge/x86_64) by extensions ['ignore', 'ignore_ament_install']
[1.064s] Level 1:colcon.colcon_core.package_identification:_identify(src/tesse/lab4_Data/MonoBleedingEdge/x86_64) by extension 'ignore'
[1.064s] Level 1:colcon.colcon_core.package_identification:_identify(src/tesse/lab4_Data/MonoBleedingEdge/x86_64) by extension 'ignore_ament_install'
[1.064s] Level 1:colcon.colcon_core.package_identification:_identify(src/tesse/lab4_Data/MonoBleedingEdge/x86_64) by extensions ['colcon_pkg']
[1.064s] Level 1:colcon.colcon_core.package_identification:_identify(src/tesse/lab4_Data/MonoBleedingEdge/x86_64) by extension 'colcon_pkg'
[1.065s] Level 1:colcon.colcon_core.package_identification:_identify(src/tesse/lab4_Data/MonoBleedingEdge/x86_64) by extensions ['colcon_meta']
[1.065s] Level 1:colcon.colcon_core.package_identification:_identify(src/tesse/lab4_Data/MonoBleedingEdge/x86_64) by extension 'colcon_meta'
[1.065s] Level 1:colcon.colcon_core.package_identification:_identify(src/tesse/lab4_Data/MonoBleedingEdge/x86_64) by extensions ['ros']
[1.065s] Level 1:colcon.colcon_core.package_identification:_identify(src/tesse/lab4_Data/MonoBleedingEdge/x86_64) by extension 'ros'
[1.066s] Level 1:colcon.colcon_core.package_identification:_identify(src/tesse/lab4_Data/MonoBleedingEdge/x86_64) by extensions ['cmake', 'python']
[1.066s] Level 1:colcon.colcon_core.package_identification:_identify(src/tesse/lab4_Data/MonoBleedingEdge/x86_64) by extension 'cmake'
[1.066s] Level 1:colcon.colcon_core.package_identification:_identify(src/tesse/lab4_Data/MonoBleedingEdge/x86_64) by extension 'python'
[1.066s] Level 1:colcon.colcon_core.package_identification:_identify(src/tesse/lab4_Data/MonoBleedingEdge/x86_64) by extensions ['python_setup_py']
[1.066s] Level 1:colcon.colcon_core.package_identification:_identify(src/tesse/lab4_Data/MonoBleedingEdge/x86_64) by extension 'python_setup_py'
[1.067s] Level 1:colcon.colcon_core.package_identification:_identify(src/tesse/lab4_Data/Resources) by extensions ['ignore', 'ignore_ament_install']
[1.068s] Level 1:colcon.colcon_core.package_identification:_identify(src/tesse/lab4_Data/Resources) by extension 'ignore'
[1.068s] Level 1:colcon.colcon_core.package_identification:_identify(src/tesse/lab4_Data/Resources) by extension 'ignore_ament_install'
[1.068s] Level 1:colcon.colcon_core.package_identification:_identify(src/tesse/lab4_Data/Resources) by extensions ['colcon_pkg']
[1.068s] Level 1:colcon.colcon_core.package_identification:_identify(src/tesse/lab4_Data/Resources) by extension 'colcon_pkg'
[1.068s] Level 1:colcon.colcon_core.package_identification:_identify(src/tesse/lab4_Data/Resources) by extensions ['colcon_meta']
[1.069s] Level 1:colcon.colcon_core.package_identification:_identify(src/tesse/lab4_Data/Resources) by extension 'colcon_meta'
[1.069s] Level 1:colcon.colcon_core.package_identification:_identify(src/tesse/lab4_Data/Resources) by extensions ['ros']
[1.069s] Level 1:colcon.colcon_core.package_identification:_identify(src/tesse/lab4_Data/Resources) by extension 'ros'
[1.070s] Level 1:colcon.colcon_core.package_identification:_identify(src/tesse/lab4_Data/Resources) by extensions ['cmake', 'python']
[1.070s] Level 1:colcon.colcon_core.package_identification:_identify(src/tesse/lab4_Data/Resources) by extension 'cmake'
[1.070s] Level 1:colcon.colcon_core.package_identification:_identify(src/tesse/lab4_Data/Resources) by extension 'python'
[1.070s] Level 1:colcon.colcon_core.package_identification:_identify(src/tesse/lab4_Data/Resources) by extensions ['python_setup_py']
[1.070s] Level 1:colcon.colcon_core.package_identification:_identify(src/tesse/lab4_Data/Resources) by extension 'python_setup_py'
[1.071s] Level 1:colcon.colcon_core.package_identification:_identify(src/tesse/lab4_Data/StreamingAssets) by extensions ['ignore', 'ignore_ament_install']
[1.071s] Level 1:colcon.colcon_core.package_identification:_identify(src/tesse/lab4_Data/StreamingAssets) by extension 'ignore'
[1.071s] Level 1:colcon.colcon_core.package_identification:_identify(src/tesse/lab4_Data/StreamingAssets) by extension 'ignore_ament_install'
[1.072s] Level 1:colcon.colcon_core.package_identification:_identify(src/tesse/lab4_Data/StreamingAssets) by extensions ['colcon_pkg']
[1.072s] Level 1:colcon.colcon_core.package_identification:_identify(src/tesse/lab4_Data/StreamingAssets) by extension 'colcon_pkg'
[1.072s] Level 1:colcon.colcon_core.package_identification:_identify(src/tesse/lab4_Data/StreamingAssets) by extensions ['colcon_meta']
[1.072s] Level 1:colcon.colcon_core.package_identification:_identify(src/tesse/lab4_Data/StreamingAssets) by extension 'colcon_meta'
[1.073s] Level 1:colcon.colcon_core.package_identification:_identify(src/tesse/lab4_Data/StreamingAssets) by extensions ['ros']
[1.073s] Level 1:colcon.colcon_core.package_identification:_identify(src/tesse/lab4_Data/StreamingAssets) by extension 'ros'
[1.073s] Level 1:colcon.colcon_core.package_identification:_identify(src/tesse/lab4_Data/StreamingAssets) by extensions ['cmake', 'python']
[1.073s] Level 1:colcon.colcon_core.package_identification:_identify(src/tesse/lab4_Data/StreamingAssets) by extension 'cmake'
[1.073s] Level 1:colcon.colcon_core.package_identification:_identify(src/tesse/lab4_Data/StreamingAssets) by extension 'python'
[1.074s] Level 1:colcon.colcon_core.package_identification:_identify(src/tesse/lab4_Data/StreamingAssets) by extensions ['python_setup_py']
[1.074s] Level 1:colcon.colcon_core.package_identification:_identify(src/tesse/lab4_Data/StreamingAssets) by extension 'python_setup_py'
[1.074s] Level 1:colcon.colcon_core.package_identification:_identify(src/tesse-interface) by extensions ['ignore', 'ignore_ament_install']
[1.075s] Level 1:colcon.colcon_core.package_identification:_identify(src/tesse-interface) by extension 'ignore'
[1.075s] Level 1:colcon.colcon_core.package_identification:_identify(src/tesse-interface) by extension 'ignore_ament_install'
[1.075s] Level 1:colcon.colcon_core.package_identification:_identify(src/tesse-interface) by extensions ['colcon_pkg']
[1.075s] Level 1:colcon.colcon_core.package_identification:_identify(src/tesse-interface) by extension 'colcon_pkg'
[1.076s] Level 1:colcon.colcon_core.package_identification:_identify(src/tesse-interface) by extensions ['colcon_meta']
[1.076s] Level 1:colcon.colcon_core.package_identification:_identify(src/tesse-interface) by extension 'colcon_meta'
[1.076s] Level 1:colcon.colcon_core.package_identification:_identify(src/tesse-interface) by extensions ['ros']
[1.076s] Level 1:colcon.colcon_core.package_identification:_identify(src/tesse-interface) by extension 'ros'
[1.077s] Level 1:colcon.colcon_core.package_identification:_identify(src/tesse-interface) by extensions ['cmake', 'python']
[1.077s] Level 1:colcon.colcon_core.package_identification:_identify(src/tesse-interface) by extension 'cmake'
[1.077s] Level 1:colcon.colcon_core.package_identification:_identify(src/tesse-interface) by extension 'python'
[1.077s] DEBUG:colcon.colcon_core.package_identification:Python package in 'src/tesse-interface' passes arguments to the setup() function which requires a different identification extension than 'python'
[1.077s] Level 1:colcon.colcon_core.package_identification:_identify(src/tesse-interface) by extensions ['python_setup_py']
[1.078s] Level 1:colcon.colcon_core.package_identification:_identify(src/tesse-interface) by extension 'python_setup_py'
[1.970s] DEBUG:colcon.colcon_core.package_identification:Package 'src/tesse-interface' with type 'python' and name 'tesse'
[1.970s] Level 1:colcon.colcon_core.package_identification:_identify(src/tesse_msgs) by extensions ['ignore', 'ignore_ament_install']
[1.970s] Level 1:colcon.colcon_core.package_identification:_identify(src/tesse_msgs) by extension 'ignore'
[1.972s] Level 1:colcon.colcon_core.package_identification:_identify(src/tesse_msgs) by extension 'ignore_ament_install'
[1.972s] Level 1:colcon.colcon_core.package_identification:_identify(src/tesse_msgs) by extensions ['colcon_pkg']
[1.972s] Level 1:colcon.colcon_core.package_identification:_identify(src/tesse_msgs) by extension 'colcon_pkg'
[1.972s] Level 1:colcon.colcon_core.package_identification:_identify(src/tesse_msgs) by extensions ['colcon_meta']
[1.973s] Level 1:colcon.colcon_core.package_identification:_identify(src/tesse_msgs) by extension 'colcon_meta'
[1.974s] Level 1:colcon.colcon_core.package_identification:_identify(src/tesse_msgs) by extensions ['ros']
[1.974s] Level 1:colcon.colcon_core.package_identification:_identify(src/tesse_msgs) by extension 'ros'
[1.978s] DEBUG:colcon.colcon_core.package_identification:Package 'src/tesse_msgs' with type 'ros.ament_cmake' and name 'tesse_msgs'
[1.980s] Level 1:colcon.colcon_core.package_identification:_identify(src/tesse_ros_bridge) by extensions ['ignore', 'ignore_ament_install']
[1.980s] Level 1:colcon.colcon_core.package_identification:_identify(src/tesse_ros_bridge) by extension 'ignore'
[1.980s] Level 1:colcon.colcon_core.package_identification:_identify(src/tesse_ros_bridge) by extension 'ignore_ament_install'
[1.981s] Level 1:colcon.colcon_core.package_identification:_identify(src/tesse_ros_bridge) by extensions ['colcon_pkg']
[1.981s] Level 1:colcon.colcon_core.package_identification:_identify(src/tesse_ros_bridge) by extension 'colcon_pkg'
[1.981s] Level 1:colcon.colcon_core.package_identification:_identify(src/tesse_ros_bridge) by extensions ['colcon_meta']
[1.981s] Level 1:colcon.colcon_core.package_identification:_identify(src/tesse_ros_bridge) by extension 'colcon_meta'
[1.981s] Level 1:colcon.colcon_core.package_identification:_identify(src/tesse_ros_bridge) by extensions ['ros']
[1.981s] Level 1:colcon.colcon_core.package_identification:_identify(src/tesse_ros_bridge) by extension 'ros'
[1.983s] DEBUG:colcon.colcon_core.package_identification:Package 'src/tesse_ros_bridge' with type 'ros.ament_python' and name 'tesse_ros_bridge'
[1.983s] Level 1:colcon.colcon_core.package_identification:_identify(src/trajectory_generation_pkg) by extensions ['ignore', 'ignore_ament_install']
[1.988s] Level 1:colcon.colcon_core.package_identification:_identify(src/trajectory_generation_pkg) by extension 'ignore'
[1.988s] Level 1:colcon.colcon_core.package_identification:_identify(src/trajectory_generation_pkg) by extension 'ignore_ament_install'
[1.988s] Level 1:colcon.colcon_core.package_identification:_identify(src/trajectory_generation_pkg) by extensions ['colcon_pkg']
[1.988s] Level 1:colcon.colcon_core.package_identification:_identify(src/trajectory_generation_pkg) by extension 'colcon_pkg'
[1.988s] Level 1:colcon.colcon_core.package_identification:_identify(src/trajectory_generation_pkg) by extensions ['colcon_meta']
[1.988s] Level 1:colcon.colcon_core.package_identification:_identify(src/trajectory_generation_pkg) by extension 'colcon_meta'
[1.989s] Level 1:colcon.colcon_core.package_identification:_identify(src/trajectory_generation_pkg) by extensions ['ros']
[1.989s] Level 1:colcon.colcon_core.package_identification:_identify(src/trajectory_generation_pkg) by extension 'ros'
[1.996s] DEBUG:colcon.colcon_core.package_identification:Package 'src/trajectory_generation_pkg' with type 'ros.ament_cmake' and name 'trajectory_generation'
[1.996s] Level 1:colcon.colcon_core.package_discovery:discover_packages(recursive) using defaults
[1.997s] Level 1:colcon.colcon_core.package_discovery:discover_packages(ignore) discover
[1.997s] Level 1:colcon.colcon_core.package_discovery:discover_packages(ignore) using defaults
[1.997s] Level 1:colcon.colcon_core.package_discovery:discover_packages(path) discover
[1.997s] Level 1:colcon.colcon_core.package_discovery:discover_packages(path) using defaults
[2.163s] INFO:colcon.colcon_core.package_selection:Skipping not selected package 'mav_msgs' in 'src/mav_comm/mav_msgs'
[2.163s] INFO:colcon.colcon_core.package_selection:Skipping not selected package 'mav_state_machine_msgs' in 'src/mav_comm/mav_state_machine_msgs'
[2.163s] INFO:colcon.colcon_core.package_selection:Skipping not selected package 'mav_system_msgs' in 'src/mav_comm/mav_system_msgs'
[2.163s] INFO:colcon.colcon_core.package_selection:Skipping not selected package 'mav_visualization' in 'src/mav_trajectory_generation/mav_visualization'
[2.163s] INFO:colcon.colcon_core.package_selection:Skipping not selected package 'tesse' in 'src/tesse-interface'
[2.163s] INFO:colcon.colcon_core.package_selection:Skipping not selected package 'tesse_msgs' in 'src/tesse_msgs'
[2.163s] INFO:colcon.colcon_core.package_selection:Skipping not selected package 'tesse_ros_bridge' in 'src/tesse_ros_bridge'
[2.164s] INFO:colcon.colcon_core.package_selection:Skipping not selected package 'controller_pkg' in 'src/controller_pkg'
[2.164s] INFO:colcon.colcon_core.package_selection:Skipping not selected package 'mav_planning_msgs' in 'src/mav_comm/mav_planning_msgs'
[2.164s] INFO:colcon.colcon_core.package_selection:Skipping not selected package 'mav_trajectory_generation' in 'src/mav_trajectory_generation/mav_trajectory_generation'
[2.164s] INFO:colcon.colcon_core.package_selection:Skipping not selected package 'mav_comm' in 'src/mav_comm/mav_comm'
[2.164s] INFO:colcon.colcon_core.package_selection:Skipping not selected package 'trajectory_generation' in 'src/trajectory_generation_pkg'
[2.168s] Level 5:colcon.colcon_core.verb:set package 'planner_pkg' build argument 'cmake_args' from command line to 'None'
[2.168s] Level 5:colcon.colcon_core.verb:set package 'planner_pkg' build argument 'cmake_target' from command line to 'None'
[2.168s] Level 5:colcon.colcon_core.verb:set package 'planner_pkg' build argument 'cmake_target_skip_unavailable' from command line to 'False'
[2.168s] Level 5:colcon.colcon_core.verb:set package 'planner_pkg' build argument 'cmake_clean_cache' from command line to 'False'
[2.168s] Level 5:colcon.colcon_core.verb:set package 'planner_pkg' build argument 'cmake_clean_first' from command line to 'False'
[2.171s] Level 5:colcon.colcon_core.verb:set package 'planner_pkg' build argument 'cmake_force_configure' from command line to 'False'
[2.171s] Level 5:colcon.colcon_core.verb:set package 'planner_pkg' build argument 'ament_cmake_args' from command line to 'None'
[2.172s] Level 5:colcon.colcon_core.verb:set package 'planner_pkg' build argument 'catkin_cmake_args' from command line to 'None'
[2.172s] Level 5:colcon.colcon_core.verb:set package 'planner_pkg' build argument 'catkin_skip_building_tests' from command line to 'False'
[2.172s] DEBUG:colcon.colcon_core.verb:Building package 'planner_pkg' with the following arguments: {'ament_cmake_args': None, 'build_base': '/home/aimane/vnav23/labs/lab4/build/planner_pkg', 'catkin_cmake_args': None, 'catkin_skip_building_tests': False, 'cmake_args': None, 'cmake_clean_cache': False, 'cmake_clean_first': False, 'cmake_force_configure': False, 'cmake_target': None, 'cmake_target_skip_unavailable': False, 'install_base': '/home/aimane/vnav23/labs/lab4/install/planner_pkg', 'merge_install': False, 'path': '/home/aimane/vnav23/labs/lab4/src/planner_pkg', 'symlink_install': False, 'test_result_base': None}
[2.172s] INFO:colcon.colcon_core.executor:Executing jobs using 'parallel' executor
[2.176s] DEBUG:colcon.colcon_parallel_executor.executor.parallel:run_until_complete
[2.177s] INFO:colcon.colcon_ros.task.ament_cmake.build:Building ROS package in '/home/aimane/vnav23/labs/lab4/src/planner_pkg' with build type 'ament_cmake'
[2.177s] INFO:colcon.colcon_cmake.task.cmake.build:Building CMake package in '/home/aimane/vnav23/labs/lab4/src/planner_pkg'
[2.189s] INFO:colcon.colcon_core.plugin_system:Skipping extension 'colcon_core.shell.bat': Not used on non-Windows systems
[2.190s] INFO:colcon.colcon_core.shell:Skip shell extension 'powershell' for command environment: Not usable outside of PowerShell
[2.190s] DEBUG:colcon.colcon_core.shell:Skip shell extension 'dsv' for command environment
[2.263s] DEBUG:colcon.colcon_core.event_handler.log_command:Invoking command in '/home/aimane/vnav23/labs/lab4/build/planner_pkg': CMAKE_PREFIX_PATH=/home/aimane/vnav23/labs/lab4/install/mav_msgs:/home/aimane/mavros_ws/install/mavros_extras:/home/aimane/mavros_ws/install/mavros_examples:/home/aimane/mavros_ws/install/mavros:/home/aimane/mavros_ws/install/mavros_msgs:/home/aimane/mavros_ws/install/libmavconn:/home/aimane/vnav23/labs/lab4/install/trajectory_generation:/home/aimane/vnav23/labs/lab4/install/tesse_msgs:/home/aimane/vnav23/labs/lab4/install/planner_pkg:/home/aimane/vnav23/labs/lab4/install/tesse_ros_bridge:/opt/ros/humble:/home/aimane/vnav23/labs/lab4/install/mav_visualization:/home/aimane/vnav23/labs/lab4/install/mav_trajectory_generation:/home/aimane/vnav23/labs/lab4/install/mav_comm:/home/aimane/vnav23/labs/lab4/install/mav_system_msgs:/home/aimane/vnav23/labs/lab4/install/mav_state_machine_msgs:/home/aimane/vnav23/labs/lab4/install/mav_planning_msgs:/home/aimane/vnav23/labs/lab4/install/controller_pkg LD_LIBRARY_PATH=/home/aimane/vnav23/labs/lab4/install/mav_msgs/lib:/home/aimane/mavros_ws/install/mavros_extras/lib:/home/aimane/mavros_ws/install/mavros/lib:/home/aimane/mavros_ws/install/mavros_msgs/lib:/home/aimane/mavros_ws/install/libmavconn/lib:/home/aimane/vnav23/labs/lab4/install/tesse_msgs/lib:/home/aimane/vnav23/labs/lab4/install/mav_trajectory_generation/lib:/home/aimane/vnav23/labs/lab4/install/mav_system_msgs/lib:/home/aimane/vnav23/labs/lab4/install/mav_state_machine_msgs/lib:/home/aimane/vnav23/labs/lab4/install/mav_planning_msgs/lib:/opt/ros/humble/opt/rviz_ogre_vendor/lib:/opt/ros/humble/lib/x86_64-linux-gnu:/opt/ros/humble/lib /usr/bin/cmake --build /home/aimane/vnav23/labs/lab4/build/planner_pkg -- -j8 -l8
[37.586s] DEBUG:colcon.colcon_core.event_handler.log_command:Invoked command in '/home/aimane/vnav23/labs/lab4/build/planner_pkg' returned '0': CMAKE_PREFIX_PATH=/home/aimane/vnav23/labs/lab4/install/mav_msgs:/home/aimane/mavros_ws/install/mavros_extras:/home/aimane/mavros_ws/install/mavros_examples:/home/aimane/mavros_ws/install/mavros:/home/aimane/mavros_ws/install/mavros_msgs:/home/aimane/mavros_ws/install/libmavconn:/home/aimane/vnav23/labs/lab4/install/trajectory_generation:/home/aimane/vnav23/labs/lab4/install/tesse_msgs:/home/aimane/vnav23/labs/lab4/install/planner_pkg:/home/aimane/vnav23/labs/lab4/install/tesse_ros_bridge:/opt/ros/humble:/home/aimane/vnav23/labs/lab4/install/mav_visualization:/home/aimane/vnav23/labs/lab4/install/mav_trajectory_generation:/home/aimane/vnav23/labs/lab4/install/mav_comm:/home/aimane/vnav23/labs/lab4/install/mav_system_msgs:/home/aimane/vnav23/labs/lab4/install/mav_state_machine_msgs:/home/aimane/vnav23/labs/lab4/install/mav_planning_msgs:/home/aimane/vnav23/labs/lab4/install/controller_pkg LD_LIBRARY_PATH=/home/aimane/vnav23/labs/lab4/install/mav_msgs/lib:/home/aimane/mavros_ws/install/mavros_extras/lib:/home/aimane/mavros_ws/install/mavros/lib:/home/aimane/mavros_ws/install/mavros_msgs/lib:/home/aimane/mavros_ws/install/libmavconn/lib:/home/aimane/vnav23/labs/lab4/install/tesse_msgs/lib:/home/aimane/vnav23/labs/lab4/install/mav_trajectory_generation/lib:/home/aimane/vnav23/labs/lab4/install/mav_system_msgs/lib:/home/aimane/vnav23/labs/lab4/install/mav_state_machine_msgs/lib:/home/aimane/vnav23/labs/lab4/install/mav_planning_msgs/lib:/opt/ros/humble/opt/rviz_ogre_vendor/lib:/opt/ros/humble/lib/x86_64-linux-gnu:/opt/ros/humble/lib /usr/bin/cmake --build /home/aimane/vnav23/labs/lab4/build/planner_pkg -- -j8 -l8
[37.617s] DEBUG:colcon.colcon_core.event_handler.log_command:Invoking command in '/home/aimane/vnav23/labs/lab4/build/planner_pkg': CMAKE_PREFIX_PATH=/home/aimane/vnav23/labs/lab4/install/mav_msgs:/home/aimane/mavros_ws/install/mavros_extras:/home/aimane/mavros_ws/install/mavros_examples:/home/aimane/mavros_ws/install/mavros:/home/aimane/mavros_ws/install/mavros_msgs:/home/aimane/mavros_ws/install/libmavconn:/home/aimane/vnav23/labs/lab4/install/trajectory_generation:/home/aimane/vnav23/labs/lab4/install/tesse_msgs:/home/aimane/vnav23/labs/lab4/install/planner_pkg:/home/aimane/vnav23/labs/lab4/install/tesse_ros_bridge:/opt/ros/humble:/home/aimane/vnav23/labs/lab4/install/mav_visualization:/home/aimane/vnav23/labs/lab4/install/mav_trajectory_generation:/home/aimane/vnav23/labs/lab4/install/mav_comm:/home/aimane/vnav23/labs/lab4/install/mav_system_msgs:/home/aimane/vnav23/labs/lab4/install/mav_state_machine_msgs:/home/aimane/vnav23/labs/lab4/install/mav_planning_msgs:/home/aimane/vnav23/labs/lab4/install/controller_pkg LD_LIBRARY_PATH=/home/aimane/vnav23/labs/lab4/install/mav_msgs/lib:/home/aimane/mavros_ws/install/mavros_extras/lib:/home/aimane/mavros_ws/install/mavros/lib:/home/aimane/mavros_ws/install/mavros_msgs/lib:/home/aimane/mavros_ws/install/libmavconn/lib:/home/aimane/vnav23/labs/lab4/install/tesse_msgs/lib:/home/aimane/vnav23/labs/lab4/install/mav_trajectory_generation/lib:/home/aimane/vnav23/labs/lab4/install/mav_system_msgs/lib:/home/aimane/vnav23/labs/lab4/install/mav_state_machine_msgs/lib:/home/aimane/vnav23/labs/lab4/install/mav_planning_msgs/lib:/opt/ros/humble/opt/rviz_ogre_vendor/lib:/opt/ros/humble/lib/x86_64-linux-gnu:/opt/ros/humble/lib /usr/bin/cmake --install /home/aimane/vnav23/labs/lab4/build/planner_pkg
[37.722s] Level 1:colcon.colcon_core.environment:create_environment_scripts_only(planner_pkg)
[37.729s] DEBUG:colcon.colcon_core.event_handler.log_command:Invoked command in '/home/aimane/vnav23/labs/lab4/build/planner_pkg' returned '0': CMAKE_PREFIX_PATH=/home/aimane/vnav23/labs/lab4/install/mav_msgs:/home/aimane/mavros_ws/install/mavros_extras:/home/aimane/mavros_ws/install/mavros_examples:/home/aimane/mavros_ws/install/mavros:/home/aimane/mavros_ws/install/mavros_msgs:/home/aimane/mavros_ws/install/libmavconn:/home/aimane/vnav23/labs/lab4/install/trajectory_generation:/home/aimane/vnav23/labs/lab4/install/tesse_msgs:/home/aimane/vnav23/labs/lab4/install/planner_pkg:/home/aimane/vnav23/labs/lab4/install/tesse_ros_bridge:/opt/ros/humble:/home/aimane/vnav23/labs/lab4/install/mav_visualization:/home/aimane/vnav23/labs/lab4/install/mav_trajectory_generation:/home/aimane/vnav23/labs/lab4/install/mav_comm:/home/aimane/vnav23/labs/lab4/install/mav_system_msgs:/home/aimane/vnav23/labs/lab4/install/mav_state_machine_msgs:/home/aimane/vnav23/labs/lab4/install/mav_planning_msgs:/home/aimane/vnav23/labs/lab4/install/controller_pkg LD_LIBRARY_PATH=/home/aimane/vnav23/labs/lab4/install/mav_msgs/lib:/home/aimane/mavros_ws/install/mavros_extras/lib:/home/aimane/mavros_ws/install/mavros/lib:/home/aimane/mavros_ws/install/mavros_msgs/lib:/home/aimane/mavros_ws/install/libmavconn/lib:/home/aimane/vnav23/labs/lab4/install/tesse_msgs/lib:/home/aimane/vnav23/labs/lab4/install/mav_trajectory_generation/lib:/home/aimane/vnav23/labs/lab4/install/mav_system_msgs/lib:/home/aimane/vnav23/labs/lab4/install/mav_state_machine_msgs/lib:/home/aimane/vnav23/labs/lab4/install/mav_planning_msgs/lib:/opt/ros/humble/opt/rviz_ogre_vendor/lib:/opt/ros/humble/lib/x86_64-linux-gnu:/opt/ros/humble/lib /usr/bin/cmake --install /home/aimane/vnav23/labs/lab4/build/planner_pkg
[37.741s] Level 1:colcon.colcon_core.environment:checking '/home/aimane/vnav23/labs/lab4/install/planner_pkg' for CMake module files
[37.743s] Level 1:colcon.colcon_core.environment:checking '/home/aimane/vnav23/labs/lab4/install/planner_pkg' for CMake config files
[37.750s] Level 1:colcon.colcon_core.shell:create_environment_hook('planner_pkg', 'cmake_prefix_path')
[37.750s] INFO:colcon.colcon_core.shell:Creating environment hook '/home/aimane/vnav23/labs/lab4/install/planner_pkg/share/planner_pkg/hook/cmake_prefix_path.ps1'
[37.752s] INFO:colcon.colcon_core.shell:Creating environment descriptor '/home/aimane/vnav23/labs/lab4/install/planner_pkg/share/planner_pkg/hook/cmake_prefix_path.dsv'
[37.761s] INFO:colcon.colcon_core.shell:Creating environment hook '/home/aimane/vnav23/labs/lab4/install/planner_pkg/share/planner_pkg/hook/cmake_prefix_path.sh'
[37.768s] Level 1:colcon.colcon_core.environment:checking '/home/aimane/vnav23/labs/lab4/install/planner_pkg/lib'
[37.769s] Level 1:colcon.colcon_core.environment:checking '/home/aimane/vnav23/labs/lab4/install/planner_pkg/bin'
[37.769s] Level 1:colcon.colcon_core.environment:checking '/home/aimane/vnav23/labs/lab4/install/planner_pkg/lib/pkgconfig/planner_pkg.pc'
[37.773s] Level 1:colcon.colcon_core.environment:checking '/home/aimane/vnav23/labs/lab4/install/planner_pkg/lib/python3.10/site-packages'
[37.774s] Level 1:colcon.colcon_core.environment:checking '/home/aimane/vnav23/labs/lab4/install/planner_pkg/bin'
[37.775s] INFO:colcon.colcon_core.shell:Creating package script '/home/aimane/vnav23/labs/lab4/install/planner_pkg/share/planner_pkg/package.ps1'
[37.778s] INFO:colcon.colcon_core.shell:Creating package descriptor '/home/aimane/vnav23/labs/lab4/install/planner_pkg/share/planner_pkg/package.dsv'
[37.780s] INFO:colcon.colcon_core.shell:Creating package script '/home/aimane/vnav23/labs/lab4/install/planner_pkg/share/planner_pkg/package.sh'
[37.783s] INFO:colcon.colcon_core.shell:Creating package script '/home/aimane/vnav23/labs/lab4/install/planner_pkg/share/planner_pkg/package.bash'
[37.785s] INFO:colcon.colcon_core.shell:Creating package script '/home/aimane/vnav23/labs/lab4/install/planner_pkg/share/planner_pkg/package.zsh'
[37.788s] Level 1:colcon.colcon_core.environment:create_file_with_runtime_dependencies(/home/aimane/vnav23/labs/lab4/install/planner_pkg/share/colcon-core/packages/planner_pkg)
[37.790s] Level 1:colcon.colcon_core.environment:create_environment_scripts_only(planner_pkg)
[37.791s] Level 1:colcon.colcon_core.environment:checking '/home/aimane/vnav23/labs/lab4/install/planner_pkg' for CMake module files
[37.793s] Level 1:colcon.colcon_core.environment:checking '/home/aimane/vnav23/labs/lab4/install/planner_pkg' for CMake config files
[37.794s] Level 1:colcon.colcon_core.shell:create_environment_hook('planner_pkg', 'cmake_prefix_path')
[37.795s] INFO:colcon.colcon_core.shell:Creating environment hook '/home/aimane/vnav23/labs/lab4/install/planner_pkg/share/planner_pkg/hook/cmake_prefix_path.ps1'
[37.796s] INFO:colcon.colcon_core.shell:Creating environment descriptor '/home/aimane/vnav23/labs/lab4/install/planner_pkg/share/planner_pkg/hook/cmake_prefix_path.dsv'
[37.797s] INFO:colcon.colcon_core.shell:Creating environment hook '/home/aimane/vnav23/labs/lab4/install/planner_pkg/share/planner_pkg/hook/cmake_prefix_path.sh'
[37.799s] Level 1:colcon.colcon_core.environment:checking '/home/aimane/vnav23/labs/lab4/install/planner_pkg/lib'
[37.799s] Level 1:colcon.colcon_core.environment:checking '/home/aimane/vnav23/labs/lab4/install/planner_pkg/bin'
[37.800s] Level 1:colcon.colcon_core.environment:checking '/home/aimane/vnav23/labs/lab4/install/planner_pkg/lib/pkgconfig/planner_pkg.pc'
[37.800s] Level 1:colcon.colcon_core.environment:checking '/home/aimane/vnav23/labs/lab4/install/planner_pkg/lib/python3.10/site-packages'
[37.802s] Level 1:colcon.colcon_core.environment:checking '/home/aimane/vnav23/labs/lab4/install/planner_pkg/bin'
[37.803s] INFO:colcon.colcon_core.shell:Creating package script '/home/aimane/vnav23/labs/lab4/install/planner_pkg/share/planner_pkg/package.ps1'
[37.811s] INFO:colcon.colcon_core.shell:Creating package descriptor '/home/aimane/vnav23/labs/lab4/install/planner_pkg/share/planner_pkg/package.dsv'
[37.813s] INFO:colcon.colcon_core.shell:Creating package script '/home/aimane/vnav23/labs/lab4/install/planner_pkg/share/planner_pkg/package.sh'
[37.815s] INFO:colcon.colcon_core.shell:Creating package script '/home/aimane/vnav23/labs/lab4/install/planner_pkg/share/planner_pkg/package.bash'
[37.817s] INFO:colcon.colcon_core.shell:Creating package script '/home/aimane/vnav23/labs/lab4/install/planner_pkg/share/planner_pkg/package.zsh'
[37.819s] Level 1:colcon.colcon_core.environment:create_file_with_runtime_dependencies(/home/aimane/vnav23/labs/lab4/install/planner_pkg/share/colcon-core/packages/planner_pkg)
[37.824s] DEBUG:colcon.colcon_parallel_executor.executor.parallel:closing loop
[37.824s] DEBUG:colcon.colcon_parallel_executor.executor.parallel:loop closed
[37.824s] DEBUG:colcon.colcon_parallel_executor.executor.parallel:run_until_complete finished with '0'
[37.825s] DEBUG:colcon.colcon_core.event_reactor:joining thread
[37.848s] INFO:colcon.colcon_core.plugin_system:Skipping extension 'colcon_notification.desktop_notification.notify_send': Could not find 'notify-send'
[37.848s] INFO:colcon.colcon_core.plugin_system:Skipping extension 'colcon_notification.desktop_notification.terminal_notifier': Not used on non-Darwin systems
[37.849s] INFO:colcon.colcon_core.plugin_system:Skipping extension 'colcon_notification.desktop_notification.win32': Not used on non-Windows systems
[37.849s] INFO:colcon.colcon_notification.desktop_notification:Sending desktop notification using 'notify2'
[37.857s] DEBUG:colcon.colcon_notification.desktop_notification.notify2:Failed to initialize notify2: org.freedesktop.DBus.Error.Spawn.ExecFailed: /usr/bin/dbus-launch terminated abnormally without any error message
[37.858s] DEBUG:colcon.colcon_core.event_reactor:joined thread
[37.860s] INFO:colcon.colcon_core.shell:Creating prefix script '/home/aimane/vnav23/labs/lab4/install/local_setup.ps1'
[37.865s] INFO:colcon.colcon_core.shell:Creating prefix util module '/home/aimane/vnav23/labs/lab4/install/_local_setup_util_ps1.py'
[37.876s] INFO:colcon.colcon_core.shell:Creating prefix chain script '/home/aimane/vnav23/labs/lab4/install/setup.ps1'
[37.886s] INFO:colcon.colcon_core.shell:Creating prefix script '/home/aimane/vnav23/labs/lab4/install/local_setup.sh'
[37.891s] INFO:colcon.colcon_core.shell:Creating prefix util module '/home/aimane/vnav23/labs/lab4/install/_local_setup_util_sh.py'
[37.894s] INFO:colcon.colcon_core.shell:Creating prefix chain script '/home/aimane/vnav23/labs/lab4/install/setup.sh'
[37.904s] INFO:colcon.colcon_core.shell:Creating prefix script '/home/aimane/vnav23/labs/lab4/install/local_setup.bash'
[37.909s] INFO:colcon.colcon_core.shell:Creating prefix chain script '/home/aimane/vnav23/labs/lab4/install/setup.bash'
[37.920s] INFO:colcon.colcon_core.shell:Creating prefix script '/home/aimane/vnav23/labs/lab4/install/local_setup.zsh'
[37.923s] INFO:colcon.colcon_core.shell:Creating prefix chain script '/home/aimane/vnav23/labs/lab4/install/setup.zsh'
