[0.393s] DEBUG:colcon:Command line arguments: ['/usr/bin/colcon', 'build', '--packages-select', 'controller_pkg']
[0.393s] DEBUG:colcon:Parsed command line arguments: Namespace(log_base=None, log_level=None, verb_name='build', build_base='build', install_base='install', merge_install=False, symlink_install=False, test_result_base=None, continue_on_error=False, executor='parallel', parallel_workers=8, event_handlers=None, ignore_user_meta=False, metas=['./colcon.meta'], base_paths=['.'], packages_ignore=None, packages_ignore_regex=None, paths=None, packages_up_to=None, packages_up_to_regex=None, packages_above=None, packages_above_and_dependencies=None, packages_above_depth=None, packages_select_by_dep=None, packages_skip_by_dep=None, packages_skip_up_to=None, packages_select_build_failed=False, packages_skip_build_finished=False, packages_select_test_failures=False, packages_skip_test_passed=False, packages_select=['controller_pkg'], packages_skip=None, packages_select_regex=None, packages_skip_regex=None, packages_start=None, packages_end=None, cmake_args=None, cmake_target=None, cmake_target_skip_unavailable=False, cmake_clean_cache=False, cmake_clean_first=False, cmake_force_configure=False, ament_cmake_args=None, catkin_cmake_args=None, catkin_skip_building_tests=False, mixin_files=None, mixin=None, verb_parser=<colcon_mixin.mixin.mixin_argument.MixinArgumentDecorator object at 0x7831b02c2d70>, verb_extension=<colcon_core.verb.build.BuildVerb object at 0x7831b0474310>, main=<bound method BuildVerb.main of <colcon_core.verb.build.BuildVerb object at 0x7831b0474310>>, mixin_verb=('build',))
[0.576s] Level 1:colcon.colcon_core.package_discovery:discover_packages(colcon_meta) check parameters
[0.576s] Level 1:colcon.colcon_core.package_discovery:discover_packages(recursive) check parameters
[0.576s] Level 1:colcon.colcon_core.package_discovery:discover_packages(ignore) check parameters
[0.576s] Level 1:colcon.colcon_core.package_discovery:discover_packages(path) check parameters
[0.577s] Level 1:colcon.colcon_core.package_discovery:discover_packages(colcon_meta) discover
[0.577s] Level 1:colcon.colcon_core.package_discovery:discover_packages(recursive) discover
[0.577s] INFO:colcon.colcon_core.package_discovery:Crawling recursively for packages in '/home/aimane/vnav23/labs/lab4'
[0.577s] Level 1:colcon.colcon_core.package_identification:_identify(.) by extensions ['ignore', 'ignore_ament_install']
[0.577s] Level 1:colcon.colcon_core.package_identification:_identify(.) by extension 'ignore'
[0.577s] Level 1:colcon.colcon_core.package_identification:_identify(.) by extension 'ignore_ament_install'
[0.578s] Level 1:colcon.colcon_core.package_identification:_identify(.) by extensions ['colcon_pkg']
[0.578s] Level 1:colcon.colcon_core.package_identification:_identify(.) by extension 'colcon_pkg'
[0.578s] Level 1:colcon.colcon_core.package_identification:_identify(.) by extensions ['colcon_meta']
[0.578s] Level 1:colcon.colcon_core.package_identification:_identify(.) by extension 'colcon_meta'
[0.578s] Level 1:colcon.colcon_core.package_identification:_identify(.) by extensions ['ros']
[0.578s] Level 1:colcon.colcon_core.package_identification:_identify(.) by extension 'ros'
[0.626s] Level 1:colcon.colcon_core.package_identification:_identify(.) by extensions ['cmake', 'python']
[0.626s] Level 1:colcon.colcon_core.package_identification:_identify(.) by extension 'cmake'
[0.626s] Level 1:colcon.colcon_core.package_identification:_identify(.) by extension 'python'
[0.626s] Level 1:colcon.colcon_core.package_identification:_identify(.) by extensions ['python_setup_py']
[0.626s] Level 1:colcon.colcon_core.package_identification:_identify(.) by extension 'python_setup_py'
[0.627s] Level 1:colcon.colcon_core.package_identification:_identify(build) by extensions ['ignore', 'ignore_ament_install']
[0.627s] Level 1:colcon.colcon_core.package_identification:_identify(build) by extension 'ignore'
[0.627s] Level 1:colcon.colcon_core.package_identification:_identify(build) ignored
[0.627s] Level 1:colcon.colcon_core.package_identification:_identify(install) by extensions ['ignore', 'ignore_ament_install']
[0.628s] Level 1:colcon.colcon_core.package_identification:_identify(install) by extension 'ignore'
[0.628s] Level 1:colcon.colcon_core.package_identification:_identify(install) ignored
[0.628s] Level 1:colcon.colcon_core.package_identification:_identify(log) by extensions ['ignore', 'ignore_ament_install']
[0.629s] Level 1:colcon.colcon_core.package_identification:_identify(log) by extension 'ignore'
[0.629s] Level 1:colcon.colcon_core.package_identification:_identify(log) ignored
[0.629s] Level 1:colcon.colcon_core.package_identification:_identify(src) by extensions ['ignore', 'ignore_ament_install']
[0.630s] Level 1:colcon.colcon_core.package_identification:_identify(src) by extension 'ignore'
[0.630s] Level 1:colcon.colcon_core.package_identification:_identify(src) by extension 'ignore_ament_install'
[0.631s] Level 1:colcon.colcon_core.package_identification:_identify(src) by extensions ['colcon_pkg']
[0.631s] Level 1:colcon.colcon_core.package_identification:_identify(src) by extension 'colcon_pkg'
[0.632s] Level 1:colcon.colcon_core.package_identification:_identify(src) by extensions ['colcon_meta']
[0.632s] Level 1:colcon.colcon_core.package_identification:_identify(src) by extension 'colcon_meta'
[0.633s] Level 1:colcon.colcon_core.package_identification:_identify(src) by extensions ['ros']
[0.633s] Level 1:colcon.colcon_core.package_identification:_identify(src) by extension 'ros'
[0.633s] Level 1:colcon.colcon_core.package_identification:_identify(src) by extensions ['cmake', 'python']
[0.634s] Level 1:colcon.colcon_core.package_identification:_identify(src) by extension 'cmake'
[0.634s] Level 1:colcon.colcon_core.package_identification:_identify(src) by extension 'python'
[0.634s] Level 1:colcon.colcon_core.package_identification:_identify(src) by extensions ['python_setup_py']
[0.634s] Level 1:colcon.colcon_core.package_identification:_identify(src) by extension 'python_setup_py'
[0.635s] Level 1:colcon.colcon_core.package_identification:_identify(src/build) by extensions ['ignore', 'ignore_ament_install']
[0.635s] Level 1:colcon.colcon_core.package_identification:_identify(src/build) by extension 'ignore'
[0.636s] Level 1:colcon.colcon_core.package_identification:_identify(src/build) ignored
[0.636s] Level 1:colcon.colcon_core.package_identification:_identify(src/controller_pkg) by extensions ['ignore', 'ignore_ament_install']
[0.637s] Level 1:colcon.colcon_core.package_identification:_identify(src/controller_pkg) by extension 'ignore'
[0.637s] Level 1:colcon.colcon_core.package_identification:_identify(src/controller_pkg) by extension 'ignore_ament_install'
[0.638s] Level 1:colcon.colcon_core.package_identification:_identify(src/controller_pkg) by extensions ['colcon_pkg']
[0.638s] Level 1:colcon.colcon_core.package_identification:_identify(src/controller_pkg) by extension 'colcon_pkg'
[0.638s] Level 1:colcon.colcon_core.package_identification:_identify(src/controller_pkg) by extensions ['colcon_meta']
[0.638s] Level 1:colcon.colcon_core.package_identification:_identify(src/controller_pkg) by extension 'colcon_meta'
[0.639s] Level 1:colcon.colcon_core.package_identification:_identify(src/controller_pkg) by extensions ['ros']
[0.639s] Level 1:colcon.colcon_core.package_identification:_identify(src/controller_pkg) by extension 'ros'
[0.649s] DEBUG:colcon.colcon_core.package_identification:Package 'src/controller_pkg' with type 'ros.ament_cmake' and name 'controller_pkg'
[0.650s] Level 1:colcon.colcon_core.package_identification:_identify(src/install) by extensions ['ignore', 'ignore_ament_install']
[0.650s] Level 1:colcon.colcon_core.package_identification:_identify(src/install) by extension 'ignore'
[0.651s] Level 1:colcon.colcon_core.package_identification:_identify(src/install) ignored
[0.651s] Level 1:colcon.colcon_core.package_identification:_identify(src/log) by extensions ['ignore', 'ignore_ament_install']
[0.651s] Level 1:colcon.colcon_core.package_identification:_identify(src/log) by extension 'ignore'
[0.652s] Level 1:colcon.colcon_core.package_identification:_identify(src/log) ignored
[0.652s] Level 1:colcon.colcon_core.package_identification:_identify(src/mav_comm) by extensions ['ignore', 'ignore_ament_install']
[0.653s] Level 1:colcon.colcon_core.package_identification:_identify(src/mav_comm) by extension 'ignore'
[0.653s] Level 1:colcon.colcon_core.package_identification:_identify(src/mav_comm) by extension 'ignore_ament_install'
[0.654s] Level 1:colcon.colcon_core.package_identification:_identify(src/mav_comm) by extensions ['colcon_pkg']
[0.654s] Level 1:colcon.colcon_core.package_identification:_identify(src/mav_comm) by extension 'colcon_pkg'
[0.654s] Level 1:colcon.colcon_core.package_identification:_identify(src/mav_comm) by extensions ['colcon_meta']
[0.654s] Level 1:colcon.colcon_core.package_identification:_identify(src/mav_comm) by extension 'colcon_meta'
[0.655s] Level 1:colcon.colcon_core.package_identification:_identify(src/mav_comm) by extensions ['ros']
[0.655s] Level 1:colcon.colcon_core.package_identification:_identify(src/mav_comm) by extension 'ros'
[0.655s] Level 1:colcon.colcon_core.package_identification:_identify(src/mav_comm) by extensions ['cmake', 'python']
[0.655s] Level 1:colcon.colcon_core.package_identification:_identify(src/mav_comm) by extension 'cmake'
[0.655s] Level 1:colcon.colcon_core.package_identification:_identify(src/mav_comm) by extension 'python'
[0.655s] Level 1:colcon.colcon_core.package_identification:_identify(src/mav_comm) by extensions ['python_setup_py']
[0.655s] Level 1:colcon.colcon_core.package_identification:_identify(src/mav_comm) by extension 'python_setup_py'
[0.656s] Level 1:colcon.colcon_core.package_identification:_identify(src/mav_comm/mav_comm) by extensions ['ignore', 'ignore_ament_install']
[0.656s] Level 1:colcon.colcon_core.package_identification:_identify(src/mav_comm/mav_comm) by extension 'ignore'
[0.657s] Level 1:colcon.colcon_core.package_identification:_identify(src/mav_comm/mav_comm) by extension 'ignore_ament_install'
[0.657s] Level 1:colcon.colcon_core.package_identification:_identify(src/mav_comm/mav_comm) by extensions ['colcon_pkg']
[0.657s] Level 1:colcon.colcon_core.package_identification:_identify(src/mav_comm/mav_comm) by extension 'colcon_pkg'
[0.657s] Level 1:colcon.colcon_core.package_identification:_identify(src/mav_comm/mav_comm) by extensions ['colcon_meta']
[0.658s] Level 1:colcon.colcon_core.package_identification:_identify(src/mav_comm/mav_comm) by extension 'colcon_meta'
[0.658s] Level 1:colcon.colcon_core.package_identification:_identify(src/mav_comm/mav_comm) by extensions ['ros']
[0.658s] Level 1:colcon.colcon_core.package_identification:_identify(src/mav_comm/mav_comm) by extension 'ros'
[0.660s] DEBUG:colcon.colcon_core.package_identification:Package 'src/mav_comm/mav_comm' with type 'ros.ament_cmake' and name 'mav_comm'
[0.661s] Level 1:colcon.colcon_core.package_identification:_identify(src/mav_comm/mav_msgs) by extensions ['ignore', 'ignore_ament_install']
[0.661s] Level 1:colcon.colcon_core.package_identification:_identify(src/mav_comm/mav_msgs) by extension 'ignore'
[0.662s] Level 1:colcon.colcon_core.package_identification:_identify(src/mav_comm/mav_msgs) by extension 'ignore_ament_install'
[0.662s] Level 1:colcon.colcon_core.package_identification:_identify(src/mav_comm/mav_msgs) by extensions ['colcon_pkg']
[0.662s] Level 1:colcon.colcon_core.package_identification:_identify(src/mav_comm/mav_msgs) by extension 'colcon_pkg'
[0.662s] Level 1:colcon.colcon_core.package_identification:_identify(src/mav_comm/mav_msgs) by extensions ['colcon_meta']
[0.662s] Level 1:colcon.colcon_core.package_identification:_identify(src/mav_comm/mav_msgs) by extension 'colcon_meta'
[0.662s] Level 1:colcon.colcon_core.package_identification:_identify(src/mav_comm/mav_msgs) by extensions ['ros']
[0.662s] Level 1:colcon.colcon_core.package_identification:_identify(src/mav_comm/mav_msgs) by extension 'ros'
[0.666s] DEBUG:colcon.colcon_core.package_identification:Package 'src/mav_comm/mav_msgs' with type 'ros.ament_cmake' and name 'mav_msgs'
[0.667s] Level 1:colcon.colcon_core.package_identification:_identify(src/mav_comm/mav_planning_msgs) by extensions ['ignore', 'ignore_ament_install']
[0.667s] Level 1:colcon.colcon_core.package_identification:_identify(src/mav_comm/mav_planning_msgs) by extension 'ignore'
[0.668s] Level 1:colcon.colcon_core.package_identification:_identify(src/mav_comm/mav_planning_msgs) by extension 'ignore_ament_install'
[0.668s] Level 1:colcon.colcon_core.package_identification:_identify(src/mav_comm/mav_planning_msgs) by extensions ['colcon_pkg']
[0.668s] Level 1:colcon.colcon_core.package_identification:_identify(src/mav_comm/mav_planning_msgs) by extension 'colcon_pkg'
[0.669s] Level 1:colcon.colcon_core.package_identification:_identify(src/mav_comm/mav_planning_msgs) by extensions ['colcon_meta']
[0.669s] Level 1:colcon.colcon_core.package_identification:_identify(src/mav_comm/mav_planning_msgs) by extension 'colcon_meta'
[0.669s] Level 1:colcon.colcon_core.package_identification:_identify(src/mav_comm/mav_planning_msgs) by extensions ['ros']
[0.670s] Level 1:colcon.colcon_core.package_identification:_identify(src/mav_comm/mav_planning_msgs) by extension 'ros'
[0.674s] DEBUG:colcon.colcon_core.package_identification:Package 'src/mav_comm/mav_planning_msgs' with type 'ros.ament_cmake' and name 'mav_planning_msgs'
[0.674s] Level 1:colcon.colcon_core.package_identification:_identify(src/mav_comm/mav_state_machine_msgs) by extensions ['ignore', 'ignore_ament_install']
[0.675s] Level 1:colcon.colcon_core.package_identification:_identify(src/mav_comm/mav_state_machine_msgs) by extension 'ignore'
[0.675s] Level 1:colcon.colcon_core.package_identification:_identify(src/mav_comm/mav_state_machine_msgs) by extension 'ignore_ament_install'
[0.676s] Level 1:colcon.colcon_core.package_identification:_identify(src/mav_comm/mav_state_machine_msgs) by extensions ['colcon_pkg']
[0.676s] Level 1:colcon.colcon_core.package_identification:_identify(src/mav_comm/mav_state_machine_msgs) by extension 'colcon_pkg'
[0.676s] Level 1:colcon.colcon_core.package_identification:_identify(src/mav_comm/mav_state_machine_msgs) by extensions ['colcon_meta']
[0.676s] Level 1:colcon.colcon_core.package_identification:_identify(src/mav_comm/mav_state_machine_msgs) by extension 'colcon_meta'
[0.676s] Level 1:colcon.colcon_core.package_identification:_identify(src/mav_comm/mav_state_machine_msgs) by extensions ['ros']
[0.676s] Level 1:colcon.colcon_core.package_identification:_identify(src/mav_comm/mav_state_machine_msgs) by extension 'ros'
[0.678s] DEBUG:colcon.colcon_core.package_identification:Package 'src/mav_comm/mav_state_machine_msgs' with type 'ros.ament_cmake' and name 'mav_state_machine_msgs'
[0.678s] Level 1:colcon.colcon_core.package_identification:_identify(src/mav_comm/mav_system_msgs) by extensions ['ignore', 'ignore_ament_install']
[0.678s] Level 1:colcon.colcon_core.package_identification:_identify(src/mav_comm/mav_system_msgs) by extension 'ignore'
[0.679s] Level 1:colcon.colcon_core.package_identification:_identify(src/mav_comm/mav_system_msgs) by extension 'ignore_ament_install'
[0.679s] Level 1:colcon.colcon_core.package_identification:_identify(src/mav_comm/mav_system_msgs) by extensions ['colcon_pkg']
[0.679s] Level 1:colcon.colcon_core.package_identification:_identify(src/mav_comm/mav_system_msgs) by extension 'colcon_pkg'
[0.679s] Level 1:colcon.colcon_core.package_identification:_identify(src/mav_comm/mav_system_msgs) by extensions ['colcon_meta']
[0.680s] Level 1:colcon.colcon_core.package_identification:_identify(src/mav_comm/mav_system_msgs) by extension 'colcon_meta'
[0.680s] Level 1:colcon.colcon_core.package_identification:_identify(src/mav_comm/mav_system_msgs) by extensions ['ros']
[0.680s] Level 1:colcon.colcon_core.package_identification:_identify(src/mav_comm/mav_system_msgs) by extension 'ros'
[0.682s] DEBUG:colcon.colcon_core.package_identification:Package 'src/mav_comm/mav_system_msgs' with type 'ros.ament_cmake' and name 'mav_system_msgs'
[0.682s] Level 1:colcon.colcon_core.package_identification:_identify(src/mav_trajectory_generation) by extensions ['ignore', 'ignore_ament_install']
[0.683s] Level 1:colcon.colcon_core.package_identification:_identify(src/mav_trajectory_generation) by extension 'ignore'
[0.683s] Level 1:colcon.colcon_core.package_identification:_identify(src/mav_trajectory_generation) by extension 'ignore_ament_install'
[0.683s] Level 1:colcon.colcon_core.package_identification:_identify(src/mav_trajectory_generation) by extensions ['colcon_pkg']
[0.684s] Level 1:colcon.colcon_core.package_identification:_identify(src/mav_trajectory_generation) by extension 'colcon_pkg'
[0.684s] Level 1:colcon.colcon_core.package_identification:_identify(src/mav_trajectory_generation) by extensions ['colcon_meta']
[0.684s] Level 1:colcon.colcon_core.package_identification:_identify(src/mav_trajectory_generation) by extension 'colcon_meta'
[0.685s] Level 1:colcon.colcon_core.package_identification:_identify(src/mav_trajectory_generation) by extensions ['ros']
[0.685s] Level 1:colcon.colcon_core.package_identification:_identify(src/mav_trajectory_generation) by extension 'ros'
[0.685s] Level 1:colcon.colcon_core.package_identification:_identify(src/mav_trajectory_generation) by extensions ['cmake', 'python']
[0.686s] Level 1:colcon.colcon_core.package_identification:_identify(src/mav_trajectory_generation) by extension 'cmake'
[0.686s] Level 1:colcon.colcon_core.package_identification:_identify(src/mav_trajectory_generation) by extension 'python'
[0.686s] Level 1:colcon.colcon_core.package_identification:_identify(src/mav_trajectory_generation) by extensions ['python_setup_py']
[0.686s] Level 1:colcon.colcon_core.package_identification:_identify(src/mav_trajectory_generation) by extension 'python_setup_py'
[0.686s] Level 1:colcon.colcon_core.package_identification:_identify(src/mav_trajectory_generation/install) by extensions ['ignore', 'ignore_ament_install']
[0.687s] Level 1:colcon.colcon_core.package_identification:_identify(src/mav_trajectory_generation/install) by extension 'ignore'
[0.687s] Level 1:colcon.colcon_core.package_identification:_identify(src/mav_trajectory_generation/install) by extension 'ignore_ament_install'
[0.687s] Level 1:colcon.colcon_core.package_identification:_identify(src/mav_trajectory_generation/install) by extensions ['colcon_pkg']
[0.687s] Level 1:colcon.colcon_core.package_identification:_identify(src/mav_trajectory_generation/install) by extension 'colcon_pkg'
[0.687s] Level 1:colcon.colcon_core.package_identification:_identify(src/mav_trajectory_generation/install) by extensions ['colcon_meta']
[0.687s] Level 1:colcon.colcon_core.package_identification:_identify(src/mav_trajectory_generation/install) by extension 'colcon_meta'
[0.687s] Level 1:colcon.colcon_core.package_identification:_identify(src/mav_trajectory_generation/install) by extensions ['ros']
[0.687s] Level 1:colcon.colcon_core.package_identification:_identify(src/mav_trajectory_generation/install) by extension 'ros'
[0.688s] Level 1:colcon.colcon_core.package_identification:_identify(src/mav_trajectory_generation/install) by extensions ['cmake', 'python']
[0.688s] Level 1:colcon.colcon_core.package_identification:_identify(src/mav_trajectory_generation/install) by extension 'cmake'
[0.688s] Level 1:colcon.colcon_core.package_identification:_identify(src/mav_trajectory_generation/install) by extension 'python'
[0.689s] Level 1:colcon.colcon_core.package_identification:_identify(src/mav_trajectory_generation/install) by extensions ['python_setup_py']
[0.689s] Level 1:colcon.colcon_core.package_identification:_identify(src/mav_trajectory_generation/install) by extension 'python_setup_py'
[0.690s] Level 1:colcon.colcon_core.package_identification:_identify(src/mav_trajectory_generation/matlab) by extensions ['ignore', 'ignore_ament_install']
[0.690s] Level 1:colcon.colcon_core.package_identification:_identify(src/mav_trajectory_generation/matlab) by extension 'ignore'
[0.690s] Level 1:colcon.colcon_core.package_identification:_identify(src/mav_trajectory_generation/matlab) by extension 'ignore_ament_install'
[0.690s] Level 1:colcon.colcon_core.package_identification:_identify(src/mav_trajectory_generation/matlab) by extensions ['colcon_pkg']
[0.690s] Level 1:colcon.colcon_core.package_identification:_identify(src/mav_trajectory_generation/matlab) by extension 'colcon_pkg'
[0.690s] Level 1:colcon.colcon_core.package_identification:_identify(src/mav_trajectory_generation/matlab) by extensions ['colcon_meta']
[0.691s] Level 1:colcon.colcon_core.package_identification:_identify(src/mav_trajectory_generation/matlab) by extension 'colcon_meta'
[0.691s] Level 1:colcon.colcon_core.package_identification:_identify(src/mav_trajectory_generation/matlab) by extensions ['ros']
[0.691s] Level 1:colcon.colcon_core.package_identification:_identify(src/mav_trajectory_generation/matlab) by extension 'ros'
[0.691s] Level 1:colcon.colcon_core.package_identification:_identify(src/mav_trajectory_generation/matlab) by extensions ['cmake', 'python']
[0.691s] Level 1:colcon.colcon_core.package_identification:_identify(src/mav_trajectory_generation/matlab) by extension 'cmake'
[0.691s] Level 1:colcon.colcon_core.package_identification:_identify(src/mav_trajectory_generation/matlab) by extension 'python'
[0.691s] Level 1:colcon.colcon_core.package_identification:_identify(src/mav_trajectory_generation/matlab) by extensions ['python_setup_py']
[0.691s] Level 1:colcon.colcon_core.package_identification:_identify(src/mav_trajectory_generation/matlab) by extension 'python_setup_py'
[0.692s] Level 1:colcon.colcon_core.package_identification:_identify(src/mav_trajectory_generation/matlab/functions) by extensions ['ignore', 'ignore_ament_install']
[0.692s] Level 1:colcon.colcon_core.package_identification:_identify(src/mav_trajectory_generation/matlab/functions) by extension 'ignore'
[0.693s] Level 1:colcon.colcon_core.package_identification:_identify(src/mav_trajectory_generation/matlab/functions) by extension 'ignore_ament_install'
[0.693s] Level 1:colcon.colcon_core.package_identification:_identify(src/mav_trajectory_generation/matlab/functions) by extensions ['colcon_pkg']
[0.693s] Level 1:colcon.colcon_core.package_identification:_identify(src/mav_trajectory_generation/matlab/functions) by extension 'colcon_pkg'
[0.693s] Level 1:colcon.colcon_core.package_identification:_identify(src/mav_trajectory_generation/matlab/functions) by extensions ['colcon_meta']
[0.693s] Level 1:colcon.colcon_core.package_identification:_identify(src/mav_trajectory_generation/matlab/functions) by extension 'colcon_meta'
[0.694s] Level 1:colcon.colcon_core.package_identification:_identify(src/mav_trajectory_generation/matlab/functions) by extensions ['ros']
[0.694s] Level 1:colcon.colcon_core.package_identification:_identify(src/mav_trajectory_generation/matlab/functions) by extension 'ros'
[0.694s] Level 1:colcon.colcon_core.package_identification:_identify(src/mav_trajectory_generation/matlab/functions) by extensions ['cmake', 'python']
[0.694s] Level 1:colcon.colcon_core.package_identification:_identify(src/mav_trajectory_generation/matlab/functions) by extension 'cmake'
[0.694s] Level 1:colcon.colcon_core.package_identification:_identify(src/mav_trajectory_generation/matlab/functions) by extension 'python'
[0.694s] Level 1:colcon.colcon_core.package_identification:_identify(src/mav_trajectory_generation/matlab/functions) by extensions ['python_setup_py']
[0.694s] Level 1:colcon.colcon_core.package_identification:_identify(src/mav_trajectory_generation/matlab/functions) by extension 'python_setup_py'
[0.695s] Level 1:colcon.colcon_core.package_identification:_identify(src/mav_trajectory_generation/mav_trajectory_generation) by extensions ['ignore', 'ignore_ament_install']
[0.695s] Level 1:colcon.colcon_core.package_identification:_identify(src/mav_trajectory_generation/mav_trajectory_generation) by extension 'ignore'
[0.695s] Level 1:colcon.colcon_core.package_identification:_identify(src/mav_trajectory_generation/mav_trajectory_generation) by extension 'ignore_ament_install'
[0.695s] Level 1:colcon.colcon_core.package_identification:_identify(src/mav_trajectory_generation/mav_trajectory_generation) by extensions ['colcon_pkg']
[0.695s] Level 1:colcon.colcon_core.package_identification:_identify(src/mav_trajectory_generation/mav_trajectory_generation) by extension 'colcon_pkg'
[0.695s] Level 1:colcon.colcon_core.package_identification:_identify(src/mav_trajectory_generation/mav_trajectory_generation) by extensions ['colcon_meta']
[0.696s] Level 1:colcon.colcon_core.package_identification:_identify(src/mav_trajectory_generation/mav_trajectory_generation) by extension 'colcon_meta'
[0.696s] Level 1:colcon.colcon_core.package_identification:_identify(src/mav_trajectory_generation/mav_trajectory_generation) by extensions ['ros']
[0.696s] Level 1:colcon.colcon_core.package_identification:_identify(src/mav_trajectory_generation/mav_trajectory_generation) by extension 'ros'
[0.699s] DEBUG:colcon.colcon_core.package_identification:Package 'src/mav_trajectory_generation/mav_trajectory_generation' with type 'ros.ament_cmake' and name 'mav_trajectory_generation'
[0.700s] Level 1:colcon.colcon_core.package_identification:_identify(src/mav_trajectory_generation/mav_visualization) by extensions ['ignore', 'ignore_ament_install']
[0.700s] Level 1:colcon.colcon_core.package_identification:_identify(src/mav_trajectory_generation/mav_visualization) by extension 'ignore'
[0.700s] Level 1:colcon.colcon_core.package_identification:_identify(src/mav_trajectory_generation/mav_visualization) by extension 'ignore_ament_install'
[0.701s] Level 1:colcon.colcon_core.package_identification:_identify(src/mav_trajectory_generation/mav_visualization) by extensions ['colcon_pkg']
[0.701s] Level 1:colcon.colcon_core.package_identification:_identify(src/mav_trajectory_generation/mav_visualization) by extension 'colcon_pkg'
[0.701s] Level 1:colcon.colcon_core.package_identification:_identify(src/mav_trajectory_generation/mav_visualization) by extensions ['colcon_meta']
[0.701s] Level 1:colcon.colcon_core.package_identification:_identify(src/mav_trajectory_generation/mav_visualization) by extension 'colcon_meta'
[0.701s] Level 1:colcon.colcon_core.package_identification:_identify(src/mav_trajectory_generation/mav_visualization) by extensions ['ros']
[0.701s] Level 1:colcon.colcon_core.package_identification:_identify(src/mav_trajectory_generation/mav_visualization) by extension 'ros'
[0.704s] DEBUG:colcon.colcon_core.package_identification:Package 'src/mav_trajectory_generation/mav_visualization' with type 'ros.catkin' and name 'mav_visualization'
[0.704s] Level 1:colcon.colcon_core.package_identification:_identify(src/planner_pkg) by extensions ['ignore', 'ignore_ament_install']
[0.705s] Level 1:colcon.colcon_core.package_identification:_identify(src/planner_pkg) by extension 'ignore'
[0.708s] Level 1:colcon.colcon_core.package_identification:_identify(src/planner_pkg) by extension 'ignore_ament_install'
[0.709s] Level 1:colcon.colcon_core.package_identification:_identify(src/planner_pkg) by extensions ['colcon_pkg']
[0.709s] Level 1:colcon.colcon_core.package_identification:_identify(src/planner_pkg) by extension 'colcon_pkg'
[0.710s] Level 1:colcon.colcon_core.package_identification:_identify(src/planner_pkg) by extensions ['colcon_meta']
[0.710s] Level 1:colcon.colcon_core.package_identification:_identify(src/planner_pkg) by extension 'colcon_meta'
[0.710s] Level 1:colcon.colcon_core.package_identification:_identify(src/planner_pkg) by extensions ['ros']
[0.710s] Level 1:colcon.colcon_core.package_identification:_identify(src/planner_pkg) by extension 'ros'
[0.717s] DEBUG:colcon.colcon_core.package_identification:Package 'src/planner_pkg' with type 'ros.ament_cmake' and name 'planner_pkg'
[0.720s] Level 1:colcon.colcon_core.package_identification:_identify(src/tesse) by extensions ['ignore', 'ignore_ament_install']
[0.721s] Level 1:colcon.colcon_core.package_identification:_identify(src/tesse) by extension 'ignore'
[0.721s] Level 1:colcon.colcon_core.package_identification:_identify(src/tesse) by extension 'ignore_ament_install'
[0.721s] Level 1:colcon.colcon_core.package_identification:_identify(src/tesse) by extensions ['colcon_pkg']
[0.722s] Level 1:colcon.colcon_core.package_identification:_identify(src/tesse) by extension 'colcon_pkg'
[0.722s] Level 1:colcon.colcon_core.package_identification:_identify(src/tesse) by extensions ['colcon_meta']
[0.722s] Level 1:colcon.colcon_core.package_identification:_identify(src/tesse) by extension 'colcon_meta'
[0.725s] Level 1:colcon.colcon_core.package_identification:_identify(src/tesse) by extensions ['ros']
[0.725s] Level 1:colcon.colcon_core.package_identification:_identify(src/tesse) by extension 'ros'
[0.725s] Level 1:colcon.colcon_core.package_identification:_identify(src/tesse) by extensions ['cmake', 'python']
[0.726s] Level 1:colcon.colcon_core.package_identification:_identify(src/tesse) by extension 'cmake'
[0.726s] Level 1:colcon.colcon_core.package_identification:_identify(src/tesse) by extension 'python'
[0.726s] Level 1:colcon.colcon_core.package_identification:_identify(src/tesse) by extensions ['python_setup_py']
[0.726s] Level 1:colcon.colcon_core.package_identification:_identify(src/tesse) by extension 'python_setup_py'
[0.726s] Level 1:colcon.colcon_core.package_identification:_identify(src/tesse/lab4_Data) by extensions ['ignore', 'ignore_ament_install']
[0.726s] Level 1:colcon.colcon_core.package_identification:_identify(src/tesse/lab4_Data) by extension 'ignore'
[0.727s] Level 1:colcon.colcon_core.package_identification:_identify(src/tesse/lab4_Data) by extension 'ignore_ament_install'
[0.727s] Level 1:colcon.colcon_core.package_identification:_identify(src/tesse/lab4_Data) by extensions ['colcon_pkg']
[0.727s] Level 1:colcon.colcon_core.package_identification:_identify(src/tesse/lab4_Data) by extension 'colcon_pkg'
[0.727s] Level 1:colcon.colcon_core.package_identification:_identify(src/tesse/lab4_Data) by extensions ['colcon_meta']
[0.727s] Level 1:colcon.colcon_core.package_identification:_identify(src/tesse/lab4_Data) by extension 'colcon_meta'
[0.727s] Level 1:colcon.colcon_core.package_identification:_identify(src/tesse/lab4_Data) by extensions ['ros']
[0.727s] Level 1:colcon.colcon_core.package_identification:_identify(src/tesse/lab4_Data) by extension 'ros'
[0.727s] Level 1:colcon.colcon_core.package_identification:_identify(src/tesse/lab4_Data) by extensions ['cmake', 'python']
[0.728s] Level 1:colcon.colcon_core.package_identification:_identify(src/tesse/lab4_Data) by extension 'cmake'
[0.728s] Level 1:colcon.colcon_core.package_identification:_identify(src/tesse/lab4_Data) by extension 'python'
[0.728s] Level 1:colcon.colcon_core.package_identification:_identify(src/tesse/lab4_Data) by extensions ['python_setup_py']
[0.734s] Level 1:colcon.colcon_core.package_identification:_identify(src/tesse/lab4_Data) by extension 'python_setup_py'
[0.735s] Level 1:colcon.colcon_core.package_identification:_identify(src/tesse/lab4_Data/Managed) by extensions ['ignore', 'ignore_ament_install']
[0.735s] Level 1:colcon.colcon_core.package_identification:_identify(src/tesse/lab4_Data/Managed) by extension 'ignore'
[0.735s] Level 1:colcon.colcon_core.package_identification:_identify(src/tesse/lab4_Data/Managed) by extension 'ignore_ament_install'
[0.736s] Level 1:colcon.colcon_core.package_identification:_identify(src/tesse/lab4_Data/Managed) by extensions ['colcon_pkg']
[0.736s] Level 1:colcon.colcon_core.package_identification:_identify(src/tesse/lab4_Data/Managed) by extension 'colcon_pkg'
[0.736s] Level 1:colcon.colcon_core.package_identification:_identify(src/tesse/lab4_Data/Managed) by extensions ['colcon_meta']
[0.736s] Level 1:colcon.colcon_core.package_identification:_identify(src/tesse/lab4_Data/Managed) by extension 'colcon_meta'
[0.736s] Level 1:colcon.colcon_core.package_identification:_identify(src/tesse/lab4_Data/Managed) by extensions ['ros']
[0.736s] Level 1:colcon.colcon_core.package_identification:_identify(src/tesse/lab4_Data/Managed) by extension 'ros'
[0.736s] Level 1:colcon.colcon_core.package_identification:_identify(src/tesse/lab4_Data/Managed) by extensions ['cmake', 'python']
[0.736s] Level 1:colcon.colcon_core.package_identification:_identify(src/tesse/lab4_Data/Managed) by extension 'cmake'
[0.737s] Level 1:colcon.colcon_core.package_identification:_identify(src/tesse/lab4_Data/Managed) by extension 'python'
[0.737s] Level 1:colcon.colcon_core.package_identification:_identify(src/tesse/lab4_Data/Managed) by extensions ['python_setup_py']
[0.737s] Level 1:colcon.colcon_core.package_identification:_identify(src/tesse/lab4_Data/Managed) by extension 'python_setup_py'
[0.743s] Level 1:colcon.colcon_core.package_identification:_identify(src/tesse/lab4_Data/MonoBleedingEdge) by extensions ['ignore', 'ignore_ament_install']
[0.743s] Level 1:colcon.colcon_core.package_identification:_identify(src/tesse/lab4_Data/MonoBleedingEdge) by extension 'ignore'
[0.743s] Level 1:colcon.colcon_core.package_identification:_identify(src/tesse/lab4_Data/MonoBleedingEdge) by extension 'ignore_ament_install'
[0.743s] Level 1:colcon.colcon_core.package_identification:_identify(src/tesse/lab4_Data/MonoBleedingEdge) by extensions ['colcon_pkg']
[0.744s] Level 1:colcon.colcon_core.package_identification:_identify(src/tesse/lab4_Data/MonoBleedingEdge) by extension 'colcon_pkg'
[0.744s] Level 1:colcon.colcon_core.package_identification:_identify(src/tesse/lab4_Data/MonoBleedingEdge) by extensions ['colcon_meta']
[0.744s] Level 1:colcon.colcon_core.package_identification:_identify(src/tesse/lab4_Data/MonoBleedingEdge) by extension 'colcon_meta'
[0.744s] Level 1:colcon.colcon_core.package_identification:_identify(src/tesse/lab4_Data/MonoBleedingEdge) by extensions ['ros']
[0.744s] Level 1:colcon.colcon_core.package_identification:_identify(src/tesse/lab4_Data/MonoBleedingEdge) by extension 'ros'
[0.744s] Level 1:colcon.colcon_core.package_identification:_identify(src/tesse/lab4_Data/MonoBleedingEdge) by extensions ['cmake', 'python']
[0.744s] Level 1:colcon.colcon_core.package_identification:_identify(src/tesse/lab4_Data/MonoBleedingEdge) by extension 'cmake'
[0.744s] Level 1:colcon.colcon_core.package_identification:_identify(src/tesse/lab4_Data/MonoBleedingEdge) by extension 'python'
[0.745s] Level 1:colcon.colcon_core.package_identification:_identify(src/tesse/lab4_Data/MonoBleedingEdge) by extensions ['python_setup_py']
[0.745s] Level 1:colcon.colcon_core.package_identification:_identify(src/tesse/lab4_Data/MonoBleedingEdge) by extension 'python_setup_py'
[0.745s] Level 1:colcon.colcon_core.package_identification:_identify(src/tesse/lab4_Data/MonoBleedingEdge/etc) by extensions ['ignore', 'ignore_ament_install']
[0.745s] Level 1:colcon.colcon_core.package_identification:_identify(src/tesse/lab4_Data/MonoBleedingEdge/etc) by extension 'ignore'
[0.745s] Level 1:colcon.colcon_core.package_identification:_identify(src/tesse/lab4_Data/MonoBleedingEdge/etc) by extension 'ignore_ament_install'
[0.745s] Level 1:colcon.colcon_core.package_identification:_identify(src/tesse/lab4_Data/MonoBleedingEdge/etc) by extensions ['colcon_pkg']
[0.746s] Level 1:colcon.colcon_core.package_identification:_identify(src/tesse/lab4_Data/MonoBleedingEdge/etc) by extension 'colcon_pkg'
[0.746s] Level 1:colcon.colcon_core.package_identification:_identify(src/tesse/lab4_Data/MonoBleedingEdge/etc) by extensions ['colcon_meta']
[0.746s] Level 1:colcon.colcon_core.package_identification:_identify(src/tesse/lab4_Data/MonoBleedingEdge/etc) by extension 'colcon_meta'
[0.754s] Level 1:colcon.colcon_core.package_identification:_identify(src/tesse/lab4_Data/MonoBleedingEdge/etc) by extensions ['ros']
[0.758s] Level 1:colcon.colcon_core.package_identification:_identify(src/tesse/lab4_Data/MonoBleedingEdge/etc) by extension 'ros'
[0.758s] Level 1:colcon.colcon_core.package_identification:_identify(src/tesse/lab4_Data/MonoBleedingEdge/etc) by extensions ['cmake', 'python']
[0.758s] Level 1:colcon.colcon_core.package_identification:_identify(src/tesse/lab4_Data/MonoBleedingEdge/etc) by extension 'cmake'
[0.758s] Level 1:colcon.colcon_core.package_identification:_identify(src/tesse/lab4_Data/MonoBleedingEdge/etc) by extension 'python'
[0.759s] Level 1:colcon.colcon_core.package_identification:_identify(src/tesse/lab4_Data/MonoBleedingEdge/etc) by extensions ['python_setup_py']
[0.759s] Level 1:colcon.colcon_core.package_identification:_identify(src/tesse/lab4_Data/MonoBleedingEdge/etc) by extension 'python_setup_py'
[0.759s] Level 1:colcon.colcon_core.package_identification:_identify(src/tesse/lab4_Data/MonoBleedingEdge/etc/mono) by extensions ['ignore', 'ignore_ament_install']
[0.759s] Level 1:colcon.colcon_core.package_identification:_identify(src/tesse/lab4_Data/MonoBleedingEdge/etc/mono) by extension 'ignore'
[0.759s] Level 1:colcon.colcon_core.package_identification:_identify(src/tesse/lab4_Data/MonoBleedingEdge/etc/mono) by extension 'ignore_ament_install'
[0.760s] Level 1:colcon.colcon_core.package_identification:_identify(src/tesse/lab4_Data/MonoBleedingEdge/etc/mono) by extensions ['colcon_pkg']
[0.760s] Level 1:colcon.colcon_core.package_identification:_identify(src/tesse/lab4_Data/MonoBleedingEdge/etc/mono) by extension 'colcon_pkg'
[0.760s] Level 1:colcon.colcon_core.package_identification:_identify(src/tesse/lab4_Data/MonoBleedingEdge/etc/mono) by extensions ['colcon_meta']
[0.760s] Level 1:colcon.colcon_core.package_identification:_identify(src/tesse/lab4_Data/MonoBleedingEdge/etc/mono) by extension 'colcon_meta'
[0.760s] Level 1:colcon.colcon_core.package_identification:_identify(src/tesse/lab4_Data/MonoBleedingEdge/etc/mono) by extensions ['ros']
[0.760s] Level 1:colcon.colcon_core.package_identification:_identify(src/tesse/lab4_Data/MonoBleedingEdge/etc/mono) by extension 'ros'
[0.760s] Level 1:colcon.colcon_core.package_identification:_identify(src/tesse/lab4_Data/MonoBleedingEdge/etc/mono) by extensions ['cmake', 'python']
[0.760s] Level 1:colcon.colcon_core.package_identification:_identify(src/tesse/lab4_Data/MonoBleedingEdge/etc/mono) by extension 'cmake'
[0.761s] Level 1:colcon.colcon_core.package_identification:_identify(src/tesse/lab4_Data/MonoBleedingEdge/etc/mono) by extension 'python'
[0.761s] Level 1:colcon.colcon_core.package_identification:_identify(src/tesse/lab4_Data/MonoBleedingEdge/etc/mono) by extensions ['python_setup_py']
[0.761s] Level 1:colcon.colcon_core.package_identification:_identify(src/tesse/lab4_Data/MonoBleedingEdge/etc/mono) by extension 'python_setup_py'
[0.764s] Level 1:colcon.colcon_core.package_identification:_identify(src/tesse/lab4_Data/MonoBleedingEdge/etc/mono/2.0) by extensions ['ignore', 'ignore_ament_install']
[0.769s] Level 1:colcon.colcon_core.package_identification:_identify(src/tesse/lab4_Data/MonoBleedingEdge/etc/mono/2.0) by extension 'ignore'
[0.769s] Level 1:colcon.colcon_core.package_identification:_identify(src/tesse/lab4_Data/MonoBleedingEdge/etc/mono/2.0) by extension 'ignore_ament_install'
[0.770s] Level 1:colcon.colcon_core.package_identification:_identify(src/tesse/lab4_Data/MonoBleedingEdge/etc/mono/2.0) by extensions ['colcon_pkg']
[0.770s] Level 1:colcon.colcon_core.package_identification:_identify(src/tesse/lab4_Data/MonoBleedingEdge/etc/mono/2.0) by extension 'colcon_pkg'
[0.770s] Level 1:colcon.colcon_core.package_identification:_identify(src/tesse/lab4_Data/MonoBleedingEdge/etc/mono/2.0) by extensions ['colcon_meta']
[0.770s] Level 1:colcon.colcon_core.package_identification:_identify(src/tesse/lab4_Data/MonoBleedingEdge/etc/mono/2.0) by extension 'colcon_meta'
[0.770s] Level 1:colcon.colcon_core.package_identification:_identify(src/tesse/lab4_Data/MonoBleedingEdge/etc/mono/2.0) by extensions ['ros']
[0.770s] Level 1:colcon.colcon_core.package_identification:_identify(src/tesse/lab4_Data/MonoBleedingEdge/etc/mono/2.0) by extension 'ros'
[0.770s] Level 1:colcon.colcon_core.package_identification:_identify(src/tesse/lab4_Data/MonoBleedingEdge/etc/mono/2.0) by extensions ['cmake', 'python']
[0.771s] Level 1:colcon.colcon_core.package_identification:_identify(src/tesse/lab4_Data/MonoBleedingEdge/etc/mono/2.0) by extension 'cmake'
[0.771s] Level 1:colcon.colcon_core.package_identification:_identify(src/tesse/lab4_Data/MonoBleedingEdge/etc/mono/2.0) by extension 'python'
[0.771s] Level 1:colcon.colcon_core.package_identification:_identify(src/tesse/lab4_Data/MonoBleedingEdge/etc/mono/2.0) by extensions ['python_setup_py']
[0.771s] Level 1:colcon.colcon_core.package_identification:_identify(src/tesse/lab4_Data/MonoBleedingEdge/etc/mono/2.0) by extension 'python_setup_py'
[0.771s] Level 1:colcon.colcon_core.package_identification:_identify(src/tesse/lab4_Data/MonoBleedingEdge/etc/mono/2.0/Browsers) by extensions ['ignore', 'ignore_ament_install']
[0.771s] Level 1:colcon.colcon_core.package_identification:_identify(src/tesse/lab4_Data/MonoBleedingEdge/etc/mono/2.0/Browsers) by extension 'ignore'
[0.772s] Level 1:colcon.colcon_core.package_identification:_identify(src/tesse/lab4_Data/MonoBleedingEdge/etc/mono/2.0/Browsers) by extension 'ignore_ament_install'
[0.772s] Level 1:colcon.colcon_core.package_identification:_identify(src/tesse/lab4_Data/MonoBleedingEdge/etc/mono/2.0/Browsers) by extensions ['colcon_pkg']
[0.776s] Level 1:colcon.colcon_core.package_identification:_identify(src/tesse/lab4_Data/MonoBleedingEdge/etc/mono/2.0/Browsers) by extension 'colcon_pkg'
[0.776s] Level 1:colcon.colcon_core.package_identification:_identify(src/tesse/lab4_Data/MonoBleedingEdge/etc/mono/2.0/Browsers) by extensions ['colcon_meta']
[0.776s] Level 1:colcon.colcon_core.package_identification:_identify(src/tesse/lab4_Data/MonoBleedingEdge/etc/mono/2.0/Browsers) by extension 'colcon_meta'
[0.776s] Level 1:colcon.colcon_core.package_identification:_identify(src/tesse/lab4_Data/MonoBleedingEdge/etc/mono/2.0/Browsers) by extensions ['ros']
[0.776s] Level 1:colcon.colcon_core.package_identification:_identify(src/tesse/lab4_Data/MonoBleedingEdge/etc/mono/2.0/Browsers) by extension 'ros'
[0.776s] Level 1:colcon.colcon_core.package_identification:_identify(src/tesse/lab4_Data/MonoBleedingEdge/etc/mono/2.0/Browsers) by extensions ['cmake', 'python']
[0.776s] Level 1:colcon.colcon_core.package_identification:_identify(src/tesse/lab4_Data/MonoBleedingEdge/etc/mono/2.0/Browsers) by extension 'cmake'
[0.777s] Level 1:colcon.colcon_core.package_identification:_identify(src/tesse/lab4_Data/MonoBleedingEdge/etc/mono/2.0/Browsers) by extension 'python'
[0.777s] Level 1:colcon.colcon_core.package_identification:_identify(src/tesse/lab4_Data/MonoBleedingEdge/etc/mono/2.0/Browsers) by extensions ['python_setup_py']
[0.777s] Level 1:colcon.colcon_core.package_identification:_identify(src/tesse/lab4_Data/MonoBleedingEdge/etc/mono/2.0/Browsers) by extension 'python_setup_py'
[0.777s] Level 1:colcon.colcon_core.package_identification:_identify(src/tesse/lab4_Data/MonoBleedingEdge/etc/mono/4.0) by extensions ['ignore', 'ignore_ament_install']
[0.777s] Level 1:colcon.colcon_core.package_identification:_identify(src/tesse/lab4_Data/MonoBleedingEdge/etc/mono/4.0) by extension 'ignore'
[0.777s] Level 1:colcon.colcon_core.package_identification:_identify(src/tesse/lab4_Data/MonoBleedingEdge/etc/mono/4.0) by extension 'ignore_ament_install'
[0.778s] Level 1:colcon.colcon_core.package_identification:_identify(src/tesse/lab4_Data/MonoBleedingEdge/etc/mono/4.0) by extensions ['colcon_pkg']
[0.778s] Level 1:colcon.colcon_core.package_identification:_identify(src/tesse/lab4_Data/MonoBleedingEdge/etc/mono/4.0) by extension 'colcon_pkg'
[0.778s] Level 1:colcon.colcon_core.package_identification:_identify(src/tesse/lab4_Data/MonoBleedingEdge/etc/mono/4.0) by extensions ['colcon_meta']
[0.778s] Level 1:colcon.colcon_core.package_identification:_identify(src/tesse/lab4_Data/MonoBleedingEdge/etc/mono/4.0) by extension 'colcon_meta'
[0.778s] Level 1:colcon.colcon_core.package_identification:_identify(src/tesse/lab4_Data/MonoBleedingEdge/etc/mono/4.0) by extensions ['ros']
[0.778s] Level 1:colcon.colcon_core.package_identification:_identify(src/tesse/lab4_Data/MonoBleedingEdge/etc/mono/4.0) by extension 'ros'
[0.778s] Level 1:colcon.colcon_core.package_identification:_identify(src/tesse/lab4_Data/MonoBleedingEdge/etc/mono/4.0) by extensions ['cmake', 'python']
[0.779s] Level 1:colcon.colcon_core.package_identification:_identify(src/tesse/lab4_Data/MonoBleedingEdge/etc/mono/4.0) by extension 'cmake'
[0.779s] Level 1:colcon.colcon_core.package_identification:_identify(src/tesse/lab4_Data/MonoBleedingEdge/etc/mono/4.0) by extension 'python'
[0.788s] Level 1:colcon.colcon_core.package_identification:_identify(src/tesse/lab4_Data/MonoBleedingEdge/etc/mono/4.0) by extensions ['python_setup_py']
[0.788s] Level 1:colcon.colcon_core.package_identification:_identify(src/tesse/lab4_Data/MonoBleedingEdge/etc/mono/4.0) by extension 'python_setup_py'
[0.789s] Level 1:colcon.colcon_core.package_identification:_identify(src/tesse/lab4_Data/MonoBleedingEdge/etc/mono/4.0/Browsers) by extensions ['ignore', 'ignore_ament_install']
[0.789s] Level 1:colcon.colcon_core.package_identification:_identify(src/tesse/lab4_Data/MonoBleedingEdge/etc/mono/4.0/Browsers) by extension 'ignore'
[0.789s] Level 1:colcon.colcon_core.package_identification:_identify(src/tesse/lab4_Data/MonoBleedingEdge/etc/mono/4.0/Browsers) by extension 'ignore_ament_install'
[0.789s] Level 1:colcon.colcon_core.package_identification:_identify(src/tesse/lab4_Data/MonoBleedingEdge/etc/mono/4.0/Browsers) by extensions ['colcon_pkg']
[0.789s] Level 1:colcon.colcon_core.package_identification:_identify(src/tesse/lab4_Data/MonoBleedingEdge/etc/mono/4.0/Browsers) by extension 'colcon_pkg'
[0.789s] Level 1:colcon.colcon_core.package_identification:_identify(src/tesse/lab4_Data/MonoBleedingEdge/etc/mono/4.0/Browsers) by extensions ['colcon_meta']
[0.789s] Level 1:colcon.colcon_core.package_identification:_identify(src/tesse/lab4_Data/MonoBleedingEdge/etc/mono/4.0/Browsers) by extension 'colcon_meta'
[0.790s] Level 1:colcon.colcon_core.package_identification:_identify(src/tesse/lab4_Data/MonoBleedingEdge/etc/mono/4.0/Browsers) by extensions ['ros']
[0.790s] Level 1:colcon.colcon_core.package_identification:_identify(src/tesse/lab4_Data/MonoBleedingEdge/etc/mono/4.0/Browsers) by extension 'ros'
[0.792s] Level 1:colcon.colcon_core.package_identification:_identify(src/tesse/lab4_Data/MonoBleedingEdge/etc/mono/4.0/Browsers) by extensions ['cmake', 'python']
[0.792s] Level 1:colcon.colcon_core.package_identification:_identify(src/tesse/lab4_Data/MonoBleedingEdge/etc/mono/4.0/Browsers) by extension 'cmake'
[0.793s] Level 1:colcon.colcon_core.package_identification:_identify(src/tesse/lab4_Data/MonoBleedingEdge/etc/mono/4.0/Browsers) by extension 'python'
[0.793s] Level 1:colcon.colcon_core.package_identification:_identify(src/tesse/lab4_Data/MonoBleedingEdge/etc/mono/4.0/Browsers) by extensions ['python_setup_py']
[0.794s] Level 1:colcon.colcon_core.package_identification:_identify(src/tesse/lab4_Data/MonoBleedingEdge/etc/mono/4.0/Browsers) by extension 'python_setup_py'
[0.795s] Level 1:colcon.colcon_core.package_identification:_identify(src/tesse/lab4_Data/MonoBleedingEdge/etc/mono/4.5) by extensions ['ignore', 'ignore_ament_install']
[0.798s] Level 1:colcon.colcon_core.package_identification:_identify(src/tesse/lab4_Data/MonoBleedingEdge/etc/mono/4.5) by extension 'ignore'
[0.798s] Level 1:colcon.colcon_core.package_identification:_identify(src/tesse/lab4_Data/MonoBleedingEdge/etc/mono/4.5) by extension 'ignore_ament_install'
[0.798s] Level 1:colcon.colcon_core.package_identification:_identify(src/tesse/lab4_Data/MonoBleedingEdge/etc/mono/4.5) by extensions ['colcon_pkg']
[0.799s] Level 1:colcon.colcon_core.package_identification:_identify(src/tesse/lab4_Data/MonoBleedingEdge/etc/mono/4.5) by extension 'colcon_pkg'
[0.799s] Level 1:colcon.colcon_core.package_identification:_identify(src/tesse/lab4_Data/MonoBleedingEdge/etc/mono/4.5) by extensions ['colcon_meta']
[0.799s] Level 1:colcon.colcon_core.package_identification:_identify(src/tesse/lab4_Data/MonoBleedingEdge/etc/mono/4.5) by extension 'colcon_meta'
[0.801s] Level 1:colcon.colcon_core.package_identification:_identify(src/tesse/lab4_Data/MonoBleedingEdge/etc/mono/4.5) by extensions ['ros']
[0.802s] Level 1:colcon.colcon_core.package_identification:_identify(src/tesse/lab4_Data/MonoBleedingEdge/etc/mono/4.5) by extension 'ros'
[0.803s] Level 1:colcon.colcon_core.package_identification:_identify(src/tesse/lab4_Data/MonoBleedingEdge/etc/mono/4.5) by extensions ['cmake', 'python']
[0.804s] Level 1:colcon.colcon_core.package_identification:_identify(src/tesse/lab4_Data/MonoBleedingEdge/etc/mono/4.5) by extension 'cmake'
[0.806s] Level 1:colcon.colcon_core.package_identification:_identify(src/tesse/lab4_Data/MonoBleedingEdge/etc/mono/4.5) by extension 'python'
[0.806s] Level 1:colcon.colcon_core.package_identification:_identify(src/tesse/lab4_Data/MonoBleedingEdge/etc/mono/4.5) by extensions ['python_setup_py']
[0.806s] Level 1:colcon.colcon_core.package_identification:_identify(src/tesse/lab4_Data/MonoBleedingEdge/etc/mono/4.5) by extension 'python_setup_py'
[0.810s] Level 1:colcon.colcon_core.package_identification:_identify(src/tesse/lab4_Data/MonoBleedingEdge/etc/mono/4.5/Browsers) by extensions ['ignore', 'ignore_ament_install']
[0.810s] Level 1:colcon.colcon_core.package_identification:_identify(src/tesse/lab4_Data/MonoBleedingEdge/etc/mono/4.5/Browsers) by extension 'ignore'
[0.810s] Level 1:colcon.colcon_core.package_identification:_identify(src/tesse/lab4_Data/MonoBleedingEdge/etc/mono/4.5/Browsers) by extension 'ignore_ament_install'
[0.811s] Level 1:colcon.colcon_core.package_identification:_identify(src/tesse/lab4_Data/MonoBleedingEdge/etc/mono/4.5/Browsers) by extensions ['colcon_pkg']
[0.811s] Level 1:colcon.colcon_core.package_identification:_identify(src/tesse/lab4_Data/MonoBleedingEdge/etc/mono/4.5/Browsers) by extension 'colcon_pkg'
[0.811s] Level 1:colcon.colcon_core.package_identification:_identify(src/tesse/lab4_Data/MonoBleedingEdge/etc/mono/4.5/Browsers) by extensions ['colcon_meta']
[0.811s] Level 1:colcon.colcon_core.package_identification:_identify(src/tesse/lab4_Data/MonoBleedingEdge/etc/mono/4.5/Browsers) by extension 'colcon_meta'
[0.811s] Level 1:colcon.colcon_core.package_identification:_identify(src/tesse/lab4_Data/MonoBleedingEdge/etc/mono/4.5/Browsers) by extensions ['ros']
[0.811s] Level 1:colcon.colcon_core.package_identification:_identify(src/tesse/lab4_Data/MonoBleedingEdge/etc/mono/4.5/Browsers) by extension 'ros'
[0.812s] Level 1:colcon.colcon_core.package_identification:_identify(src/tesse/lab4_Data/MonoBleedingEdge/etc/mono/4.5/Browsers) by extensions ['cmake', 'python']
[0.812s] Level 1:colcon.colcon_core.package_identification:_identify(src/tesse/lab4_Data/MonoBleedingEdge/etc/mono/4.5/Browsers) by extension 'cmake'
[0.812s] Level 1:colcon.colcon_core.package_identification:_identify(src/tesse/lab4_Data/MonoBleedingEdge/etc/mono/4.5/Browsers) by extension 'python'
[0.812s] Level 1:colcon.colcon_core.package_identification:_identify(src/tesse/lab4_Data/MonoBleedingEdge/etc/mono/4.5/Browsers) by extensions ['python_setup_py']
[0.812s] Level 1:colcon.colcon_core.package_identification:_identify(src/tesse/lab4_Data/MonoBleedingEdge/etc/mono/4.5/Browsers) by extension 'python_setup_py'
[0.818s] Level 1:colcon.colcon_core.package_identification:_identify(src/tesse/lab4_Data/MonoBleedingEdge/etc/mono/mconfig) by extensions ['ignore', 'ignore_ament_install']
[0.819s] Level 1:colcon.colcon_core.package_identification:_identify(src/tesse/lab4_Data/MonoBleedingEdge/etc/mono/mconfig) by extension 'ignore'
[0.821s] Level 1:colcon.colcon_core.package_identification:_identify(src/tesse/lab4_Data/MonoBleedingEdge/etc/mono/mconfig) by extension 'ignore_ament_install'
[0.822s] Level 1:colcon.colcon_core.package_identification:_identify(src/tesse/lab4_Data/MonoBleedingEdge/etc/mono/mconfig) by extensions ['colcon_pkg']
[0.822s] Level 1:colcon.colcon_core.package_identification:_identify(src/tesse/lab4_Data/MonoBleedingEdge/etc/mono/mconfig) by extension 'colcon_pkg'
[0.823s] Level 1:colcon.colcon_core.package_identification:_identify(src/tesse/lab4_Data/MonoBleedingEdge/etc/mono/mconfig) by extensions ['colcon_meta']
[0.823s] Level 1:colcon.colcon_core.package_identification:_identify(src/tesse/lab4_Data/MonoBleedingEdge/etc/mono/mconfig) by extension 'colcon_meta'
[0.823s] Level 1:colcon.colcon_core.package_identification:_identify(src/tesse/lab4_Data/MonoBleedingEdge/etc/mono/mconfig) by extensions ['ros']
[0.823s] Level 1:colcon.colcon_core.package_identification:_identify(src/tesse/lab4_Data/MonoBleedingEdge/etc/mono/mconfig) by extension 'ros'
[0.823s] Level 1:colcon.colcon_core.package_identification:_identify(src/tesse/lab4_Data/MonoBleedingEdge/etc/mono/mconfig) by extensions ['cmake', 'python']
[0.824s] Level 1:colcon.colcon_core.package_identification:_identify(src/tesse/lab4_Data/MonoBleedingEdge/etc/mono/mconfig) by extension 'cmake'
[0.824s] Level 1:colcon.colcon_core.package_identification:_identify(src/tesse/lab4_Data/MonoBleedingEdge/etc/mono/mconfig) by extension 'python'
[0.828s] Level 1:colcon.colcon_core.package_identification:_identify(src/tesse/lab4_Data/MonoBleedingEdge/etc/mono/mconfig) by extensions ['python_setup_py']
[0.829s] Level 1:colcon.colcon_core.package_identification:_identify(src/tesse/lab4_Data/MonoBleedingEdge/etc/mono/mconfig) by extension 'python_setup_py'
[0.829s] Level 1:colcon.colcon_core.package_identification:_identify(src/tesse/lab4_Data/MonoBleedingEdge/etc/mono/registry) by extensions ['ignore', 'ignore_ament_install']
[0.830s] Level 1:colcon.colcon_core.package_identification:_identify(src/tesse/lab4_Data/MonoBleedingEdge/etc/mono/registry) by extension 'ignore'
[0.830s] Level 1:colcon.colcon_core.package_identification:_identify(src/tesse/lab4_Data/MonoBleedingEdge/etc/mono/registry) by extension 'ignore_ament_install'
[0.830s] Level 1:colcon.colcon_core.package_identification:_identify(src/tesse/lab4_Data/MonoBleedingEdge/etc/mono/registry) by extensions ['colcon_pkg']
[0.830s] Level 1:colcon.colcon_core.package_identification:_identify(src/tesse/lab4_Data/MonoBleedingEdge/etc/mono/registry) by extension 'colcon_pkg'
[0.830s] Level 1:colcon.colcon_core.package_identification:_identify(src/tesse/lab4_Data/MonoBleedingEdge/etc/mono/registry) by extensions ['colcon_meta']
[0.831s] Level 1:colcon.colcon_core.package_identification:_identify(src/tesse/lab4_Data/MonoBleedingEdge/etc/mono/registry) by extension 'colcon_meta'
[0.831s] Level 1:colcon.colcon_core.package_identification:_identify(src/tesse/lab4_Data/MonoBleedingEdge/etc/mono/registry) by extensions ['ros']
[0.838s] Level 1:colcon.colcon_core.package_identification:_identify(src/tesse/lab4_Data/MonoBleedingEdge/etc/mono/registry) by extension 'ros'
[0.838s] Level 1:colcon.colcon_core.package_identification:_identify(src/tesse/lab4_Data/MonoBleedingEdge/etc/mono/registry) by extensions ['cmake', 'python']
[0.839s] Level 1:colcon.colcon_core.package_identification:_identify(src/tesse/lab4_Data/MonoBleedingEdge/etc/mono/registry) by extension 'cmake'
[0.839s] Level 1:colcon.colcon_core.package_identification:_identify(src/tesse/lab4_Data/MonoBleedingEdge/etc/mono/registry) by extension 'python'
[0.839s] Level 1:colcon.colcon_core.package_identification:_identify(src/tesse/lab4_Data/MonoBleedingEdge/etc/mono/registry) by extensions ['python_setup_py']
[0.839s] Level 1:colcon.colcon_core.package_identification:_identify(src/tesse/lab4_Data/MonoBleedingEdge/etc/mono/registry) by extension 'python_setup_py'
[0.840s] Level 1:colcon.colcon_core.package_identification:_identify(src/tesse/lab4_Data/MonoBleedingEdge/x86_64) by extensions ['ignore', 'ignore_ament_install']
[0.841s] Level 1:colcon.colcon_core.package_identification:_identify(src/tesse/lab4_Data/MonoBleedingEdge/x86_64) by extension 'ignore'
[0.843s] Level 1:colcon.colcon_core.package_identification:_identify(src/tesse/lab4_Data/MonoBleedingEdge/x86_64) by extension 'ignore_ament_install'
[0.844s] Level 1:colcon.colcon_core.package_identification:_identify(src/tesse/lab4_Data/MonoBleedingEdge/x86_64) by extensions ['colcon_pkg']
[0.844s] Level 1:colcon.colcon_core.package_identification:_identify(src/tesse/lab4_Data/MonoBleedingEdge/x86_64) by extension 'colcon_pkg'
[0.844s] Level 1:colcon.colcon_core.package_identification:_identify(src/tesse/lab4_Data/MonoBleedingEdge/x86_64) by extensions ['colcon_meta']
[0.844s] Level 1:colcon.colcon_core.package_identification:_identify(src/tesse/lab4_Data/MonoBleedingEdge/x86_64) by extension 'colcon_meta'
[0.844s] Level 1:colcon.colcon_core.package_identification:_identify(src/tesse/lab4_Data/MonoBleedingEdge/x86_64) by extensions ['ros']
[0.844s] Level 1:colcon.colcon_core.package_identification:_identify(src/tesse/lab4_Data/MonoBleedingEdge/x86_64) by extension 'ros'
[0.845s] Level 1:colcon.colcon_core.package_identification:_identify(src/tesse/lab4_Data/MonoBleedingEdge/x86_64) by extensions ['cmake', 'python']
[0.845s] Level 1:colcon.colcon_core.package_identification:_identify(src/tesse/lab4_Data/MonoBleedingEdge/x86_64) by extension 'cmake'
[0.845s] Level 1:colcon.colcon_core.package_identification:_identify(src/tesse/lab4_Data/MonoBleedingEdge/x86_64) by extension 'python'
[0.845s] Level 1:colcon.colcon_core.package_identification:_identify(src/tesse/lab4_Data/MonoBleedingEdge/x86_64) by extensions ['python_setup_py']
[0.845s] Level 1:colcon.colcon_core.package_identification:_identify(src/tesse/lab4_Data/MonoBleedingEdge/x86_64) by extension 'python_setup_py'
[0.846s] Level 1:colcon.colcon_core.package_identification:_identify(src/tesse/lab4_Data/Resources) by extensions ['ignore', 'ignore_ament_install']
[0.852s] Level 1:colcon.colcon_core.package_identification:_identify(src/tesse/lab4_Data/Resources) by extension 'ignore'
[0.852s] Level 1:colcon.colcon_core.package_identification:_identify(src/tesse/lab4_Data/Resources) by extension 'ignore_ament_install'
[0.852s] Level 1:colcon.colcon_core.package_identification:_identify(src/tesse/lab4_Data/Resources) by extensions ['colcon_pkg']
[0.853s] Level 1:colcon.colcon_core.package_identification:_identify(src/tesse/lab4_Data/Resources) by extension 'colcon_pkg'
[0.853s] Level 1:colcon.colcon_core.package_identification:_identify(src/tesse/lab4_Data/Resources) by extensions ['colcon_meta']
[0.853s] Level 1:colcon.colcon_core.package_identification:_identify(src/tesse/lab4_Data/Resources) by extension 'colcon_meta'
[0.853s] Level 1:colcon.colcon_core.package_identification:_identify(src/tesse/lab4_Data/Resources) by extensions ['ros']
[0.853s] Level 1:colcon.colcon_core.package_identification:_identify(src/tesse/lab4_Data/Resources) by extension 'ros'
[0.853s] Level 1:colcon.colcon_core.package_identification:_identify(src/tesse/lab4_Data/Resources) by extensions ['cmake', 'python']
[0.853s] Level 1:colcon.colcon_core.package_identification:_identify(src/tesse/lab4_Data/Resources) by extension 'cmake'
[0.854s] Level 1:colcon.colcon_core.package_identification:_identify(src/tesse/lab4_Data/Resources) by extension 'python'
[0.854s] Level 1:colcon.colcon_core.package_identification:_identify(src/tesse/lab4_Data/Resources) by extensions ['python_setup_py']
[0.854s] Level 1:colcon.colcon_core.package_identification:_identify(src/tesse/lab4_Data/Resources) by extension 'python_setup_py'
[0.860s] Level 1:colcon.colcon_core.package_identification:_identify(src/tesse/lab4_Data/StreamingAssets) by extensions ['ignore', 'ignore_ament_install']
[0.861s] Level 1:colcon.colcon_core.package_identification:_identify(src/tesse/lab4_Data/StreamingAssets) by extension 'ignore'
[0.862s] Level 1:colcon.colcon_core.package_identification:_identify(src/tesse/lab4_Data/StreamingAssets) by extension 'ignore_ament_install'
[0.863s] Level 1:colcon.colcon_core.package_identification:_identify(src/tesse/lab4_Data/StreamingAssets) by extensions ['colcon_pkg']
[0.863s] Level 1:colcon.colcon_core.package_identification:_identify(src/tesse/lab4_Data/StreamingAssets) by extension 'colcon_pkg'
[0.863s] Level 1:colcon.colcon_core.package_identification:_identify(src/tesse/lab4_Data/StreamingAssets) by extensions ['colcon_meta']
[0.863s] Level 1:colcon.colcon_core.package_identification:_identify(src/tesse/lab4_Data/StreamingAssets) by extension 'colcon_meta'
[0.864s] Level 1:colcon.colcon_core.package_identification:_identify(src/tesse/lab4_Data/StreamingAssets) by extensions ['ros']
[0.864s] Level 1:colcon.colcon_core.package_identification:_identify(src/tesse/lab4_Data/StreamingAssets) by extension 'ros'
[0.864s] Level 1:colcon.colcon_core.package_identification:_identify(src/tesse/lab4_Data/StreamingAssets) by extensions ['cmake', 'python']
[0.864s] Level 1:colcon.colcon_core.package_identification:_identify(src/tesse/lab4_Data/StreamingAssets) by extension 'cmake'
[0.864s] Level 1:colcon.colcon_core.package_identification:_identify(src/tesse/lab4_Data/StreamingAssets) by extension 'python'
[0.864s] Level 1:colcon.colcon_core.package_identification:_identify(src/tesse/lab4_Data/StreamingAssets) by extensions ['python_setup_py']
[0.864s] Level 1:colcon.colcon_core.package_identification:_identify(src/tesse/lab4_Data/StreamingAssets) by extension 'python_setup_py'
[0.865s] Level 1:colcon.colcon_core.package_identification:_identify(src/tesse-interface) by extensions ['ignore', 'ignore_ament_install']
[0.865s] Level 1:colcon.colcon_core.package_identification:_identify(src/tesse-interface) by extension 'ignore'
[0.865s] Level 1:colcon.colcon_core.package_identification:_identify(src/tesse-interface) by extension 'ignore_ament_install'
[0.865s] Level 1:colcon.colcon_core.package_identification:_identify(src/tesse-interface) by extensions ['colcon_pkg']
[0.866s] Level 1:colcon.colcon_core.package_identification:_identify(src/tesse-interface) by extension 'colcon_pkg'
[0.866s] Level 1:colcon.colcon_core.package_identification:_identify(src/tesse-interface) by extensions ['colcon_meta']
[0.866s] Level 1:colcon.colcon_core.package_identification:_identify(src/tesse-interface) by extension 'colcon_meta'
[0.872s] Level 1:colcon.colcon_core.package_identification:_identify(src/tesse-interface) by extensions ['ros']
[0.873s] Level 1:colcon.colcon_core.package_identification:_identify(src/tesse-interface) by extension 'ros'
[0.874s] Level 1:colcon.colcon_core.package_identification:_identify(src/tesse-interface) by extensions ['cmake', 'python']
[0.874s] Level 1:colcon.colcon_core.package_identification:_identify(src/tesse-interface) by extension 'cmake'
[0.874s] Level 1:colcon.colcon_core.package_identification:_identify(src/tesse-interface) by extension 'python'
[0.874s] DEBUG:colcon.colcon_core.package_identification:Python package in 'src/tesse-interface' passes arguments to the setup() function which requires a different identification extension than 'python'
[0.875s] Level 1:colcon.colcon_core.package_identification:_identify(src/tesse-interface) by extensions ['python_setup_py']
[0.875s] Level 1:colcon.colcon_core.package_identification:_identify(src/tesse-interface) by extension 'python_setup_py'
[1.618s] DEBUG:colcon.colcon_core.package_identification:Package 'src/tesse-interface' with type 'python' and name 'tesse'
[1.620s] Level 1:colcon.colcon_core.package_identification:_identify(src/tesse_msgs) by extensions ['ignore', 'ignore_ament_install']
[1.620s] Level 1:colcon.colcon_core.package_identification:_identify(src/tesse_msgs) by extension 'ignore'
[1.620s] Level 1:colcon.colcon_core.package_identification:_identify(src/tesse_msgs) by extension 'ignore_ament_install'
[1.621s] Level 1:colcon.colcon_core.package_identification:_identify(src/tesse_msgs) by extensions ['colcon_pkg']
[1.621s] Level 1:colcon.colcon_core.package_identification:_identify(src/tesse_msgs) by extension 'colcon_pkg'
[1.621s] Level 1:colcon.colcon_core.package_identification:_identify(src/tesse_msgs) by extensions ['colcon_meta']
[1.621s] Level 1:colcon.colcon_core.package_identification:_identify(src/tesse_msgs) by extension 'colcon_meta'
[1.622s] Level 1:colcon.colcon_core.package_identification:_identify(src/tesse_msgs) by extensions ['ros']
[1.622s] Level 1:colcon.colcon_core.package_identification:_identify(src/tesse_msgs) by extension 'ros'
[1.624s] DEBUG:colcon.colcon_core.package_identification:Package 'src/tesse_msgs' with type 'ros.ament_cmake' and name 'tesse_msgs'
[1.625s] Level 1:colcon.colcon_core.package_identification:_identify(src/tesse_ros_bridge) by extensions ['ignore', 'ignore_ament_install']
[1.625s] Level 1:colcon.colcon_core.package_identification:_identify(src/tesse_ros_bridge) by extension 'ignore'
[1.625s] Level 1:colcon.colcon_core.package_identification:_identify(src/tesse_ros_bridge) by extension 'ignore_ament_install'
[1.626s] Level 1:colcon.colcon_core.package_identification:_identify(src/tesse_ros_bridge) by extensions ['colcon_pkg']
[1.626s] Level 1:colcon.colcon_core.package_identification:_identify(src/tesse_ros_bridge) by extension 'colcon_pkg'
[1.626s] Level 1:colcon.colcon_core.package_identification:_identify(src/tesse_ros_bridge) by extensions ['colcon_meta']
[1.626s] Level 1:colcon.colcon_core.package_identification:_identify(src/tesse_ros_bridge) by extension 'colcon_meta'
[1.628s] Level 1:colcon.colcon_core.package_identification:_identify(src/tesse_ros_bridge) by extensions ['ros']
[1.628s] Level 1:colcon.colcon_core.package_identification:_identify(src/tesse_ros_bridge) by extension 'ros'
[1.630s] DEBUG:colcon.colcon_core.package_identification:Package 'src/tesse_ros_bridge' with type 'ros.ament_python' and name 'tesse_ros_bridge'
[1.630s] Level 1:colcon.colcon_core.package_identification:_identify(src/trajectory_generation_pkg) by extensions ['ignore', 'ignore_ament_install']
[1.631s] Level 1:colcon.colcon_core.package_identification:_identify(src/trajectory_generation_pkg) by extension 'ignore'
[1.631s] Level 1:colcon.colcon_core.package_identification:_identify(src/trajectory_generation_pkg) by extension 'ignore_ament_install'
[1.631s] Level 1:colcon.colcon_core.package_identification:_identify(src/trajectory_generation_pkg) by extensions ['colcon_pkg']
[1.635s] Level 1:colcon.colcon_core.package_identification:_identify(src/trajectory_generation_pkg) by extension 'colcon_pkg'
[1.635s] Level 1:colcon.colcon_core.package_identification:_identify(src/trajectory_generation_pkg) by extensions ['colcon_meta']
[1.636s] Level 1:colcon.colcon_core.package_identification:_identify(src/trajectory_generation_pkg) by extension 'colcon_meta'
[1.637s] Level 1:colcon.colcon_core.package_identification:_identify(src/trajectory_generation_pkg) by extensions ['ros']
[1.637s] Level 1:colcon.colcon_core.package_identification:_identify(src/trajectory_generation_pkg) by extension 'ros'
[1.641s] DEBUG:colcon.colcon_core.package_identification:Package 'src/trajectory_generation_pkg' with type 'ros.ament_cmake' and name 'trajectory_generation'
[1.641s] Level 1:colcon.colcon_core.package_discovery:discover_packages(recursive) using defaults
[1.641s] Level 1:colcon.colcon_core.package_discovery:discover_packages(ignore) discover
[1.641s] Level 1:colcon.colcon_core.package_discovery:discover_packages(ignore) using defaults
[1.641s] Level 1:colcon.colcon_core.package_discovery:discover_packages(path) discover
[1.641s] Level 1:colcon.colcon_core.package_discovery:discover_packages(path) using defaults
[1.716s] INFO:colcon.colcon_core.package_selection:Skipping not selected package 'mav_msgs' in 'src/mav_comm/mav_msgs'
[1.716s] INFO:colcon.colcon_core.package_selection:Skipping not selected package 'mav_state_machine_msgs' in 'src/mav_comm/mav_state_machine_msgs'
[1.716s] INFO:colcon.colcon_core.package_selection:Skipping not selected package 'mav_system_msgs' in 'src/mav_comm/mav_system_msgs'
[1.716s] INFO:colcon.colcon_core.package_selection:Skipping not selected package 'mav_visualization' in 'src/mav_trajectory_generation/mav_visualization'
[1.716s] INFO:colcon.colcon_core.package_selection:Skipping not selected package 'tesse' in 'src/tesse-interface'
[1.717s] INFO:colcon.colcon_core.package_selection:Skipping not selected package 'tesse_msgs' in 'src/tesse_msgs'
[1.717s] INFO:colcon.colcon_core.package_selection:Skipping not selected package 'tesse_ros_bridge' in 'src/tesse_ros_bridge'
[1.717s] INFO:colcon.colcon_core.package_selection:Skipping not selected package 'mav_planning_msgs' in 'src/mav_comm/mav_planning_msgs'
[1.717s] INFO:colcon.colcon_core.package_selection:Skipping not selected package 'mav_trajectory_generation' in 'src/mav_trajectory_generation/mav_trajectory_generation'
[1.717s] INFO:colcon.colcon_core.package_selection:Skipping not selected package 'planner_pkg' in 'src/planner_pkg'
[1.717s] INFO:colcon.colcon_core.package_selection:Skipping not selected package 'mav_comm' in 'src/mav_comm/mav_comm'
[1.717s] INFO:colcon.colcon_core.package_selection:Skipping not selected package 'trajectory_generation' in 'src/trajectory_generation_pkg'
[1.718s] Level 5:colcon.colcon_core.verb:set package 'controller_pkg' build argument 'cmake_args' from command line to 'None'
[1.719s] Level 5:colcon.colcon_core.verb:set package 'controller_pkg' build argument 'cmake_target' from command line to 'None'
[1.719s] Level 5:colcon.colcon_core.verb:set package 'controller_pkg' build argument 'cmake_target_skip_unavailable' from command line to 'False'
[1.719s] Level 5:colcon.colcon_core.verb:set package 'controller_pkg' build argument 'cmake_clean_cache' from command line to 'False'
[1.719s] Level 5:colcon.colcon_core.verb:set package 'controller_pkg' build argument 'cmake_clean_first' from command line to 'False'
[1.719s] Level 5:colcon.colcon_core.verb:set package 'controller_pkg' build argument 'cmake_force_configure' from command line to 'False'
[1.719s] Level 5:colcon.colcon_core.verb:set package 'controller_pkg' build argument 'ament_cmake_args' from command line to 'None'
[1.719s] Level 5:colcon.colcon_core.verb:set package 'controller_pkg' build argument 'catkin_cmake_args' from command line to 'None'
[1.719s] Level 5:colcon.colcon_core.verb:set package 'controller_pkg' build argument 'catkin_skip_building_tests' from command line to 'False'
[1.719s] DEBUG:colcon.colcon_core.verb:Building package 'controller_pkg' with the following arguments: {'ament_cmake_args': None, 'build_base': '/home/aimane/vnav23/labs/lab4/build/controller_pkg', 'catkin_cmake_args': None, 'catkin_skip_building_tests': False, 'cmake_args': None, 'cmake_clean_cache': False, 'cmake_clean_first': False, 'cmake_force_configure': False, 'cmake_target': None, 'cmake_target_skip_unavailable': False, 'install_base': '/home/aimane/vnav23/labs/lab4/install/controller_pkg', 'merge_install': False, 'path': '/home/aimane/vnav23/labs/lab4/src/controller_pkg', 'symlink_install': False, 'test_result_base': None}
[1.720s] INFO:colcon.colcon_core.executor:Executing jobs using 'parallel' executor
[1.723s] DEBUG:colcon.colcon_parallel_executor.executor.parallel:run_until_complete
[1.723s] INFO:colcon.colcon_ros.task.ament_cmake.build:Building ROS package in '/home/aimane/vnav23/labs/lab4/src/controller_pkg' with build type 'ament_cmake'
[1.724s] INFO:colcon.colcon_cmake.task.cmake.build:Building CMake package in '/home/aimane/vnav23/labs/lab4/src/controller_pkg'
[1.734s] INFO:colcon.colcon_core.plugin_system:Skipping extension 'colcon_core.shell.bat': Not used on non-Windows systems
[1.734s] INFO:colcon.colcon_core.shell:Skip shell extension 'powershell' for command environment: Not usable outside of PowerShell
[1.734s] DEBUG:colcon.colcon_core.shell:Skip shell extension 'dsv' for command environment
[1.801s] DEBUG:colcon.colcon_core.event_handler.log_command:Invoking command in '/home/aimane/vnav23/labs/lab4/build/controller_pkg': CMAKE_PREFIX_PATH=/home/aimane/vnav23/labs/lab4/install/mav_msgs:/home/aimane/mavros_ws/install/mavros_extras:/home/aimane/mavros_ws/install/mavros_examples:/home/aimane/mavros_ws/install/mavros:/home/aimane/mavros_ws/install/mavros_msgs:/home/aimane/mavros_ws/install/libmavconn:/home/aimane/vnav23/labs/lab4/install/trajectory_generation:/home/aimane/vnav23/labs/lab4/install/tesse_msgs:/home/aimane/vnav23/labs/lab4/install/planner_pkg:/home/aimane/vnav23/labs/lab4/install/tesse_ros_bridge:/opt/ros/humble:/home/aimane/vnav23/labs/lab4/install/mav_visualization:/home/aimane/vnav23/labs/lab4/install/mav_trajectory_generation:/home/aimane/vnav23/labs/lab4/install/mav_comm:/home/aimane/vnav23/labs/lab4/install/mav_system_msgs:/home/aimane/vnav23/labs/lab4/install/mav_state_machine_msgs:/home/aimane/vnav23/labs/lab4/install/mav_planning_msgs:/home/aimane/vnav23/labs/lab4/install/controller_pkg LD_LIBRARY_PATH=/home/aimane/vnav23/labs/lab4/install/mav_msgs/lib:/home/aimane/mavros_ws/install/mavros_extras/lib:/home/aimane/mavros_ws/install/mavros/lib:/home/aimane/mavros_ws/install/mavros_msgs/lib:/home/aimane/mavros_ws/install/libmavconn/lib:/home/aimane/vnav23/labs/lab4/install/tesse_msgs/lib:/home/aimane/vnav23/labs/lab4/install/mav_trajectory_generation/lib:/home/aimane/vnav23/labs/lab4/install/mav_system_msgs/lib:/home/aimane/vnav23/labs/lab4/install/mav_state_machine_msgs/lib:/home/aimane/vnav23/labs/lab4/install/mav_planning_msgs/lib:/opt/ros/humble/opt/rviz_ogre_vendor/lib:/opt/ros/humble/lib/x86_64-linux-gnu:/opt/ros/humble/lib /usr/bin/cmake --build /home/aimane/vnav23/labs/lab4/build/controller_pkg -- -j8 -l8
[2.263s] DEBUG:colcon.colcon_core.event_handler.log_command:Invoked command in '/home/aimane/vnav23/labs/lab4/build/controller_pkg' returned '0': CMAKE_PREFIX_PATH=/home/aimane/vnav23/labs/lab4/install/mav_msgs:/home/aimane/mavros_ws/install/mavros_extras:/home/aimane/mavros_ws/install/mavros_examples:/home/aimane/mavros_ws/install/mavros:/home/aimane/mavros_ws/install/mavros_msgs:/home/aimane/mavros_ws/install/libmavconn:/home/aimane/vnav23/labs/lab4/install/trajectory_generation:/home/aimane/vnav23/labs/lab4/install/tesse_msgs:/home/aimane/vnav23/labs/lab4/install/planner_pkg:/home/aimane/vnav23/labs/lab4/install/tesse_ros_bridge:/opt/ros/humble:/home/aimane/vnav23/labs/lab4/install/mav_visualization:/home/aimane/vnav23/labs/lab4/install/mav_trajectory_generation:/home/aimane/vnav23/labs/lab4/install/mav_comm:/home/aimane/vnav23/labs/lab4/install/mav_system_msgs:/home/aimane/vnav23/labs/lab4/install/mav_state_machine_msgs:/home/aimane/vnav23/labs/lab4/install/mav_planning_msgs:/home/aimane/vnav23/labs/lab4/install/controller_pkg LD_LIBRARY_PATH=/home/aimane/vnav23/labs/lab4/install/mav_msgs/lib:/home/aimane/mavros_ws/install/mavros_extras/lib:/home/aimane/mavros_ws/install/mavros/lib:/home/aimane/mavros_ws/install/mavros_msgs/lib:/home/aimane/mavros_ws/install/libmavconn/lib:/home/aimane/vnav23/labs/lab4/install/tesse_msgs/lib:/home/aimane/vnav23/labs/lab4/install/mav_trajectory_generation/lib:/home/aimane/vnav23/labs/lab4/install/mav_system_msgs/lib:/home/aimane/vnav23/labs/lab4/install/mav_state_machine_msgs/lib:/home/aimane/vnav23/labs/lab4/install/mav_planning_msgs/lib:/opt/ros/humble/opt/rviz_ogre_vendor/lib:/opt/ros/humble/lib/x86_64-linux-gnu:/opt/ros/humble/lib /usr/bin/cmake --build /home/aimane/vnav23/labs/lab4/build/controller_pkg -- -j8 -l8
[2.289s] DEBUG:colcon.colcon_core.event_handler.log_command:Invoking command in '/home/aimane/vnav23/labs/lab4/build/controller_pkg': CMAKE_PREFIX_PATH=/home/aimane/vnav23/labs/lab4/install/mav_msgs:/home/aimane/mavros_ws/install/mavros_extras:/home/aimane/mavros_ws/install/mavros_examples:/home/aimane/mavros_ws/install/mavros:/home/aimane/mavros_ws/install/mavros_msgs:/home/aimane/mavros_ws/install/libmavconn:/home/aimane/vnav23/labs/lab4/install/trajectory_generation:/home/aimane/vnav23/labs/lab4/install/tesse_msgs:/home/aimane/vnav23/labs/lab4/install/planner_pkg:/home/aimane/vnav23/labs/lab4/install/tesse_ros_bridge:/opt/ros/humble:/home/aimane/vnav23/labs/lab4/install/mav_visualization:/home/aimane/vnav23/labs/lab4/install/mav_trajectory_generation:/home/aimane/vnav23/labs/lab4/install/mav_comm:/home/aimane/vnav23/labs/lab4/install/mav_system_msgs:/home/aimane/vnav23/labs/lab4/install/mav_state_machine_msgs:/home/aimane/vnav23/labs/lab4/install/mav_planning_msgs:/home/aimane/vnav23/labs/lab4/install/controller_pkg LD_LIBRARY_PATH=/home/aimane/vnav23/labs/lab4/install/mav_msgs/lib:/home/aimane/mavros_ws/install/mavros_extras/lib:/home/aimane/mavros_ws/install/mavros/lib:/home/aimane/mavros_ws/install/mavros_msgs/lib:/home/aimane/mavros_ws/install/libmavconn/lib:/home/aimane/vnav23/labs/lab4/install/tesse_msgs/lib:/home/aimane/vnav23/labs/lab4/install/mav_trajectory_generation/lib:/home/aimane/vnav23/labs/lab4/install/mav_system_msgs/lib:/home/aimane/vnav23/labs/lab4/install/mav_state_machine_msgs/lib:/home/aimane/vnav23/labs/lab4/install/mav_planning_msgs/lib:/opt/ros/humble/opt/rviz_ogre_vendor/lib:/opt/ros/humble/lib/x86_64-linux-gnu:/opt/ros/humble/lib /usr/bin/cmake --install /home/aimane/vnav23/labs/lab4/build/controller_pkg
[2.358s] Level 1:colcon.colcon_core.environment:create_environment_scripts_only(controller_pkg)
[2.367s] DEBUG:colcon.colcon_core.event_handler.log_command:Invoked command in '/home/aimane/vnav23/labs/lab4/build/controller_pkg' returned '0': CMAKE_PREFIX_PATH=/home/aimane/vnav23/labs/lab4/install/mav_msgs:/home/aimane/mavros_ws/install/mavros_extras:/home/aimane/mavros_ws/install/mavros_examples:/home/aimane/mavros_ws/install/mavros:/home/aimane/mavros_ws/install/mavros_msgs:/home/aimane/mavros_ws/install/libmavconn:/home/aimane/vnav23/labs/lab4/install/trajectory_generation:/home/aimane/vnav23/labs/lab4/install/tesse_msgs:/home/aimane/vnav23/labs/lab4/install/planner_pkg:/home/aimane/vnav23/labs/lab4/install/tesse_ros_bridge:/opt/ros/humble:/home/aimane/vnav23/labs/lab4/install/mav_visualization:/home/aimane/vnav23/labs/lab4/install/mav_trajectory_generation:/home/aimane/vnav23/labs/lab4/install/mav_comm:/home/aimane/vnav23/labs/lab4/install/mav_system_msgs:/home/aimane/vnav23/labs/lab4/install/mav_state_machine_msgs:/home/aimane/vnav23/labs/lab4/install/mav_planning_msgs:/home/aimane/vnav23/labs/lab4/install/controller_pkg LD_LIBRARY_PATH=/home/aimane/vnav23/labs/lab4/install/mav_msgs/lib:/home/aimane/mavros_ws/install/mavros_extras/lib:/home/aimane/mavros_ws/install/mavros/lib:/home/aimane/mavros_ws/install/mavros_msgs/lib:/home/aimane/mavros_ws/install/libmavconn/lib:/home/aimane/vnav23/labs/lab4/install/tesse_msgs/lib:/home/aimane/vnav23/labs/lab4/install/mav_trajectory_generation/lib:/home/aimane/vnav23/labs/lab4/install/mav_system_msgs/lib:/home/aimane/vnav23/labs/lab4/install/mav_state_machine_msgs/lib:/home/aimane/vnav23/labs/lab4/install/mav_planning_msgs/lib:/opt/ros/humble/opt/rviz_ogre_vendor/lib:/opt/ros/humble/lib/x86_64-linux-gnu:/opt/ros/humble/lib /usr/bin/cmake --install /home/aimane/vnav23/labs/lab4/build/controller_pkg
[2.370s] Level 1:colcon.colcon_core.environment:checking '/home/aimane/vnav23/labs/lab4/install/controller_pkg' for CMake module files
[2.372s] Level 1:colcon.colcon_core.environment:checking '/home/aimane/vnav23/labs/lab4/install/controller_pkg' for CMake config files
[2.373s] Level 1:colcon.colcon_core.shell:create_environment_hook('controller_pkg', 'cmake_prefix_path')
[2.374s] INFO:colcon.colcon_core.shell:Creating environment hook '/home/aimane/vnav23/labs/lab4/install/controller_pkg/share/controller_pkg/hook/cmake_prefix_path.ps1'
[2.375s] INFO:colcon.colcon_core.shell:Creating environment descriptor '/home/aimane/vnav23/labs/lab4/install/controller_pkg/share/controller_pkg/hook/cmake_prefix_path.dsv'
[2.377s] INFO:colcon.colcon_core.shell:Creating environment hook '/home/aimane/vnav23/labs/lab4/install/controller_pkg/share/controller_pkg/hook/cmake_prefix_path.sh'
[2.380s] Level 1:colcon.colcon_core.environment:checking '/home/aimane/vnav23/labs/lab4/install/controller_pkg/lib'
[2.380s] Level 1:colcon.colcon_core.environment:checking '/home/aimane/vnav23/labs/lab4/install/controller_pkg/bin'
[2.381s] Level 1:colcon.colcon_core.environment:checking '/home/aimane/vnav23/labs/lab4/install/controller_pkg/lib/pkgconfig/controller_pkg.pc'
[2.384s] Level 1:colcon.colcon_core.environment:checking '/home/aimane/vnav23/labs/lab4/install/controller_pkg/lib/python3.10/site-packages'
[2.385s] Level 1:colcon.colcon_core.environment:checking '/home/aimane/vnav23/labs/lab4/install/controller_pkg/bin'
[2.386s] INFO:colcon.colcon_core.shell:Creating package script '/home/aimane/vnav23/labs/lab4/install/controller_pkg/share/controller_pkg/package.ps1'
[2.389s] INFO:colcon.colcon_core.shell:Creating package descriptor '/home/aimane/vnav23/labs/lab4/install/controller_pkg/share/controller_pkg/package.dsv'
[2.391s] INFO:colcon.colcon_core.shell:Creating package script '/home/aimane/vnav23/labs/lab4/install/controller_pkg/share/controller_pkg/package.sh'
[2.393s] INFO:colcon.colcon_core.shell:Creating package script '/home/aimane/vnav23/labs/lab4/install/controller_pkg/share/controller_pkg/package.bash'
[2.395s] INFO:colcon.colcon_core.shell:Creating package script '/home/aimane/vnav23/labs/lab4/install/controller_pkg/share/controller_pkg/package.zsh'
[2.398s] Level 1:colcon.colcon_core.environment:create_file_with_runtime_dependencies(/home/aimane/vnav23/labs/lab4/install/controller_pkg/share/colcon-core/packages/controller_pkg)
[2.400s] Level 1:colcon.colcon_core.environment:create_environment_scripts_only(controller_pkg)
[2.401s] Level 1:colcon.colcon_core.environment:checking '/home/aimane/vnav23/labs/lab4/install/controller_pkg' for CMake module files
[2.403s] Level 1:colcon.colcon_core.environment:checking '/home/aimane/vnav23/labs/lab4/install/controller_pkg' for CMake config files
[2.405s] Level 1:colcon.colcon_core.shell:create_environment_hook('controller_pkg', 'cmake_prefix_path')
[2.405s] INFO:colcon.colcon_core.shell:Creating environment hook '/home/aimane/vnav23/labs/lab4/install/controller_pkg/share/controller_pkg/hook/cmake_prefix_path.ps1'
[2.407s] INFO:colcon.colcon_core.shell:Creating environment descriptor '/home/aimane/vnav23/labs/lab4/install/controller_pkg/share/controller_pkg/hook/cmake_prefix_path.dsv'
[2.409s] INFO:colcon.colcon_core.shell:Creating environment hook '/home/aimane/vnav23/labs/lab4/install/controller_pkg/share/controller_pkg/hook/cmake_prefix_path.sh'
[2.410s] Level 1:colcon.colcon_core.environment:checking '/home/aimane/vnav23/labs/lab4/install/controller_pkg/lib'
[2.411s] Level 1:colcon.colcon_core.environment:checking '/home/aimane/vnav23/labs/lab4/install/controller_pkg/bin'
[2.411s] Level 1:colcon.colcon_core.environment:checking '/home/aimane/vnav23/labs/lab4/install/controller_pkg/lib/pkgconfig/controller_pkg.pc'
[2.412s] Level 1:colcon.colcon_core.environment:checking '/home/aimane/vnav23/labs/lab4/install/controller_pkg/lib/python3.10/site-packages'
[2.413s] Level 1:colcon.colcon_core.environment:checking '/home/aimane/vnav23/labs/lab4/install/controller_pkg/bin'
[2.414s] INFO:colcon.colcon_core.shell:Creating package script '/home/aimane/vnav23/labs/lab4/install/controller_pkg/share/controller_pkg/package.ps1'
[2.417s] INFO:colcon.colcon_core.shell:Creating package descriptor '/home/aimane/vnav23/labs/lab4/install/controller_pkg/share/controller_pkg/package.dsv'
[2.421s] INFO:colcon.colcon_core.shell:Creating package script '/home/aimane/vnav23/labs/lab4/install/controller_pkg/share/controller_pkg/package.sh'
[2.423s] INFO:colcon.colcon_core.shell:Creating package script '/home/aimane/vnav23/labs/lab4/install/controller_pkg/share/controller_pkg/package.bash'
[2.424s] INFO:colcon.colcon_core.shell:Creating package script '/home/aimane/vnav23/labs/lab4/install/controller_pkg/share/controller_pkg/package.zsh'
[2.426s] Level 1:colcon.colcon_core.environment:create_file_with_runtime_dependencies(/home/aimane/vnav23/labs/lab4/install/controller_pkg/share/colcon-core/packages/controller_pkg)
[2.428s] DEBUG:colcon.colcon_parallel_executor.executor.parallel:closing loop
[2.429s] DEBUG:colcon.colcon_parallel_executor.executor.parallel:loop closed
[2.430s] DEBUG:colcon.colcon_parallel_executor.executor.parallel:run_until_complete finished with '0'
[2.430s] DEBUG:colcon.colcon_core.event_reactor:joining thread
[2.454s] INFO:colcon.colcon_core.plugin_system:Skipping extension 'colcon_notification.desktop_notification.notify_send': Could not find 'notify-send'
[2.455s] INFO:colcon.colcon_core.plugin_system:Skipping extension 'colcon_notification.desktop_notification.terminal_notifier': Not used on non-Darwin systems
[2.455s] INFO:colcon.colcon_core.plugin_system:Skipping extension 'colcon_notification.desktop_notification.win32': Not used on non-Windows systems
[2.455s] INFO:colcon.colcon_notification.desktop_notification:Sending desktop notification using 'notify2'
[2.460s] DEBUG:colcon.colcon_notification.desktop_notification.notify2:Failed to initialize notify2: org.freedesktop.DBus.Error.Spawn.ExecFailed: /usr/bin/dbus-launch terminated abnormally without any error message
[2.461s] DEBUG:colcon.colcon_core.event_reactor:joined thread
[2.467s] INFO:colcon.colcon_core.shell:Creating prefix script '/home/aimane/vnav23/labs/lab4/install/local_setup.ps1'
[2.470s] INFO:colcon.colcon_core.shell:Creating prefix util module '/home/aimane/vnav23/labs/lab4/install/_local_setup_util_ps1.py'
[2.475s] INFO:colcon.colcon_core.shell:Creating prefix chain script '/home/aimane/vnav23/labs/lab4/install/setup.ps1'
[2.484s] INFO:colcon.colcon_core.shell:Creating prefix script '/home/aimane/vnav23/labs/lab4/install/local_setup.sh'
[2.486s] INFO:colcon.colcon_core.shell:Creating prefix util module '/home/aimane/vnav23/labs/lab4/install/_local_setup_util_sh.py'
[2.487s] INFO:colcon.colcon_core.shell:Creating prefix chain script '/home/aimane/vnav23/labs/lab4/install/setup.sh'
[2.494s] INFO:colcon.colcon_core.shell:Creating prefix script '/home/aimane/vnav23/labs/lab4/install/local_setup.bash'
[2.496s] INFO:colcon.colcon_core.shell:Creating prefix chain script '/home/aimane/vnav23/labs/lab4/install/setup.bash'
[2.503s] INFO:colcon.colcon_core.shell:Creating prefix script '/home/aimane/vnav23/labs/lab4/install/local_setup.zsh'
[2.505s] INFO:colcon.colcon_core.shell:Creating prefix chain script '/home/aimane/vnav23/labs/lab4/install/setup.zsh'
