[0.112s] Invoking command in '/home/aimane/vnav23/labs/lab4/build/mav_planning_msgs': CMAKE_PREFIX_PATH=/home/aimane/vnav23/labs/lab4/install/mav_msgs:/home/aimane/vnav23/labs/lab4/install/trajectory_generation:/home/aimane/vnav23/labs/lab4/install/tesse_msgs:/home/aimane/vnav23/labs/lab4/install/planner_pkg:/home/aimane/vnav23/labs/lab4/install/tesse_ros_bridge:/opt/ros/humble:/home/aimane/vnav23/labs/lab4/install/mav_visualization:/home/aimane/vnav23/labs/lab4/install/mav_trajectory_generation:/home/aimane/vnav23/labs/lab4/install/mav_comm:/home/aimane/vnav23/labs/lab4/install/mav_system_msgs:/home/aimane/vnav23/labs/lab4/install/mav_state_machine_msgs:/home/aimane/vnav23/labs/lab4/install/mav_planning_msgs:/home/aimane/vnav23/labs/lab4/install/controller_pkg LD_LIBRARY_PATH=/home/aimane/vnav23/labs/lab4/install/mav_msgs/lib:/home/aimane/vnav23/labs/lab4/install/tesse_msgs/lib:/home/aimane/vnav23/labs/lab4/install/mav_trajectory_generation/lib:/home/aimane/vnav23/labs/lab4/install/mav_system_msgs/lib:/home/aimane/vnav23/labs/lab4/install/mav_state_machine_msgs/lib:/home/aimane/vnav23/labs/lab4/install/mav_planning_msgs/lib:/opt/ros/humble/opt/rviz_ogre_vendor/lib:/opt/ros/humble/lib/x86_64-linux-gnu:/opt/ros/humble/lib /usr/bin/cmake --build /home/aimane/vnav23/labs/lab4/build/mav_planning_msgs -- -j8 -l8
[0.413s] [  0%] Built target mav_planning_msgs__cpp
[0.492s] [  0%] Built target ament_cmake_python_symlink_mav_planning_msgs
[0.589s] [ 12%] Built target mav_planning_msgs__rosidl_typesupport_introspection_cpp
[1.356s] running egg_info
[1.357s] writing mav_planning_msgs.egg-info/PKG-INFO
[1.357s] writing dependency_links to mav_planning_msgs.egg-info/dependency_links.txt
[1.358s] writing top-level names to mav_planning_msgs.egg-info/top_level.txt
[1.363s] reading manifest file 'mav_planning_msgs.egg-info/SOURCES.txt'
[1.366s] writing manifest file 'mav_planning_msgs.egg-info/SOURCES.txt'
[1.427s] [ 12%] Built target ament_cmake_python_build_mav_planning_msgs_egg
[1.529s] [ 23%] Built target mav_planning_msgs__rosidl_typesupport_fastrtps_cpp
[1.641s] [ 35%] Built target mav_planning_msgs__rosidl_typesupport_cpp
[1.805s] [ 47%] Built target mav_planning_msgs__rosidl_generator_c
[1.962s] [ 59%] Built target mav_planning_msgs__rosidl_typesupport_fastrtps_c
[2.027s] [ 71%] Built target mav_planning_msgs__rosidl_typesupport_c
[2.110s] [ 83%] Built target mav_planning_msgs__rosidl_typesupport_introspection_c
[2.166s] [ 83%] Built target mav_planning_msgs
[2.256s] [ 84%] Built target mav_planning_msgs__py
[2.384s] [ 95%] Built target mav_planning_msgs__rosidl_generator_py
[2.511s] [ 97%] Built target mav_planning_msgs__rosidl_typesupport_fastrtps_c__pyext
[2.648s] [ 98%] Built target mav_planning_msgs__rosidl_typesupport_c__pyext
[2.720s] [100%] Built target mav_planning_msgs__rosidl_typesupport_introspection_c__pyext
[2.764s] Invoked command in '/home/aimane/vnav23/labs/lab4/build/mav_planning_msgs' returned '0': CMAKE_PREFIX_PATH=/home/aimane/vnav23/labs/lab4/install/mav_msgs:/home/aimane/vnav23/labs/lab4/install/trajectory_generation:/home/aimane/vnav23/labs/lab4/install/tesse_msgs:/home/aimane/vnav23/labs/lab4/install/planner_pkg:/home/aimane/vnav23/labs/lab4/install/tesse_ros_bridge:/opt/ros/humble:/home/aimane/vnav23/labs/lab4/install/mav_visualization:/home/aimane/vnav23/labs/lab4/install/mav_trajectory_generation:/home/aimane/vnav23/labs/lab4/install/mav_comm:/home/aimane/vnav23/labs/lab4/install/mav_system_msgs:/home/aimane/vnav23/labs/lab4/install/mav_state_machine_msgs:/home/aimane/vnav23/labs/lab4/install/mav_planning_msgs:/home/aimane/vnav23/labs/lab4/install/controller_pkg LD_LIBRARY_PATH=/home/aimane/vnav23/labs/lab4/install/mav_msgs/lib:/home/aimane/vnav23/labs/lab4/install/tesse_msgs/lib:/home/aimane/vnav23/labs/lab4/install/mav_trajectory_generation/lib:/home/aimane/vnav23/labs/lab4/install/mav_system_msgs/lib:/home/aimane/vnav23/labs/lab4/install/mav_state_machine_msgs/lib:/home/aimane/vnav23/labs/lab4/install/mav_planning_msgs/lib:/opt/ros/humble/opt/rviz_ogre_vendor/lib:/opt/ros/humble/lib/x86_64-linux-gnu:/opt/ros/humble/lib /usr/bin/cmake --build /home/aimane/vnav23/labs/lab4/build/mav_planning_msgs -- -j8 -l8
[2.766s] Invoking command in '/home/aimane/vnav23/labs/lab4/build/mav_planning_msgs': CMAKE_PREFIX_PATH=/home/aimane/vnav23/labs/lab4/install/mav_msgs:/home/aimane/vnav23/labs/lab4/install/trajectory_generation:/home/aimane/vnav23/labs/lab4/install/tesse_msgs:/home/aimane/vnav23/labs/lab4/install/planner_pkg:/home/aimane/vnav23/labs/lab4/install/tesse_ros_bridge:/opt/ros/humble:/home/aimane/vnav23/labs/lab4/install/mav_visualization:/home/aimane/vnav23/labs/lab4/install/mav_trajectory_generation:/home/aimane/vnav23/labs/lab4/install/mav_comm:/home/aimane/vnav23/labs/lab4/install/mav_system_msgs:/home/aimane/vnav23/labs/lab4/install/mav_state_machine_msgs:/home/aimane/vnav23/labs/lab4/install/mav_planning_msgs:/home/aimane/vnav23/labs/lab4/install/controller_pkg LD_LIBRARY_PATH=/home/aimane/vnav23/labs/lab4/install/mav_msgs/lib:/home/aimane/vnav23/labs/lab4/install/tesse_msgs/lib:/home/aimane/vnav23/labs/lab4/install/mav_trajectory_generation/lib:/home/aimane/vnav23/labs/lab4/install/mav_system_msgs/lib:/home/aimane/vnav23/labs/lab4/install/mav_state_machine_msgs/lib:/home/aimane/vnav23/labs/lab4/install/mav_planning_msgs/lib:/opt/ros/humble/opt/rviz_ogre_vendor/lib:/opt/ros/humble/lib/x86_64-linux-gnu:/opt/ros/humble/lib /usr/bin/cmake --install /home/aimane/vnav23/labs/lab4/build/mav_planning_msgs
[2.783s] -- Install configuration: ""
[2.785s] -- Execute custom install script
[2.785s] -- Up-to-date symlink: /home/aimane/vnav23/labs/lab4/install/mav_planning_msgs/share/ament_index/resource_index/rosidl_interfaces/mav_planning_msgs
[2.795s] -- Up-to-date symlink: /home/aimane/vnav23/labs/lab4/install/mav_planning_msgs/include/mav_planning_msgs/mav_planning_msgs/msg/detail/point2_d__functions.h
[2.795s] -- Up-to-date symlink: /home/aimane/vnav23/labs/lab4/install/mav_planning_msgs/include/mav_planning_msgs/mav_planning_msgs/msg/detail/point2_d__struct.h
[2.795s] -- Up-to-date symlink: /home/aimane/vnav23/labs/lab4/install/mav_planning_msgs/include/mav_planning_msgs/mav_planning_msgs/msg/detail/point2_d__type_support.h
[2.796s] -- Up-to-date symlink: /home/aimane/vnav23/labs/lab4/install/mav_planning_msgs/include/mav_planning_msgs/mav_planning_msgs/msg/detail/point_cloud_with_pose__functions.h
[2.796s] -- Up-to-date symlink: /home/aimane/vnav23/labs/lab4/install/mav_planning_msgs/include/mav_planning_msgs/mav_planning_msgs/msg/detail/point_cloud_with_pose__struct.h
[2.796s] -- Up-to-date symlink: /home/aimane/vnav23/labs/lab4/install/mav_planning_msgs/include/mav_planning_msgs/mav_planning_msgs/msg/detail/point_cloud_with_pose__type_support.h
[2.796s] -- Up-to-date symlink: /home/aimane/vnav23/labs/lab4/install/mav_planning_msgs/include/mav_planning_msgs/mav_planning_msgs/msg/detail/polygon2_d__functions.h
[2.796s] -- Up-to-date symlink: /home/aimane/vnav23/labs/lab4/install/mav_planning_msgs/include/mav_planning_msgs/mav_planning_msgs/msg/detail/polygon2_d__struct.h
[2.797s] -- Up-to-date symlink: /home/aimane/vnav23/labs/lab4/install/mav_planning_msgs/include/mav_planning_msgs/mav_planning_msgs/msg/detail/polygon2_d__type_support.h
[2.797s] -- Up-to-date symlink: /home/aimane/vnav23/labs/lab4/install/mav_planning_msgs/include/mav_planning_msgs/mav_planning_msgs/msg/detail/polygon_with_holes__functions.h
[2.797s] -- Up-to-date symlink: /home/aimane/vnav23/labs/lab4/install/mav_planning_msgs/include/mav_planning_msgs/mav_planning_msgs/msg/detail/polygon_with_holes__struct.h
[2.797s] -- Up-to-date symlink: /home/aimane/vnav23/labs/lab4/install/mav_planning_msgs/include/mav_planning_msgs/mav_planning_msgs/msg/detail/polygon_with_holes__type_support.h
[2.798s] -- Up-to-date symlink: /home/aimane/vnav23/labs/lab4/install/mav_planning_msgs/include/mav_planning_msgs/mav_planning_msgs/msg/detail/polygon_with_holes_stamped__functions.h
[2.798s] -- Up-to-date symlink: /home/aimane/vnav23/labs/lab4/install/mav_planning_msgs/include/mav_planning_msgs/mav_planning_msgs/msg/detail/polygon_with_holes_stamped__struct.h
[2.798s] -- Up-to-date symlink: /home/aimane/vnav23/labs/lab4/install/mav_planning_msgs/include/mav_planning_msgs/mav_planning_msgs/msg/detail/polygon_with_holes_stamped__type_support.h
[2.798s] -- Up-to-date symlink: /home/aimane/vnav23/labs/lab4/install/mav_planning_msgs/include/mav_planning_msgs/mav_planning_msgs/msg/detail/polynomial_segment4_d__functions.h
[2.800s] -- Up-to-date symlink: /home/aimane/vnav23/labs/lab4/install/mav_planning_msgs/include/mav_planning_msgs/mav_planning_msgs/msg/detail/polynomial_segment4_d__struct.h
[2.800s] -- Up-to-date symlink: /home/aimane/vnav23/labs/lab4/install/mav_planning_msgs/include/mav_planning_msgs/mav_planning_msgs/msg/detail/polynomial_segment4_d__type_support.h
[2.801s] -- Up-to-date symlink: /home/aimane/vnav23/labs/lab4/install/mav_planning_msgs/include/mav_planning_msgs/mav_planning_msgs/msg/detail/polynomial_segment__functions.h
[2.801s] -- Up-to-date symlink: /home/aimane/vnav23/labs/lab4/install/mav_planning_msgs/include/mav_planning_msgs/mav_planning_msgs/msg/detail/polynomial_segment__struct.h
[2.801s] -- Up-to-date symlink: /home/aimane/vnav23/labs/lab4/install/mav_planning_msgs/include/mav_planning_msgs/mav_planning_msgs/msg/detail/polynomial_segment__type_support.h
[2.802s] -- Up-to-date symlink: /home/aimane/vnav23/labs/lab4/install/mav_planning_msgs/include/mav_planning_msgs/mav_planning_msgs/msg/detail/polynomial_trajectory4_d__functions.h
[2.802s] -- Up-to-date symlink: /home/aimane/vnav23/labs/lab4/install/mav_planning_msgs/include/mav_planning_msgs/mav_planning_msgs/msg/detail/polynomial_trajectory4_d__struct.h
[2.802s] -- Up-to-date symlink: /home/aimane/vnav23/labs/lab4/install/mav_planning_msgs/include/mav_planning_msgs/mav_planning_msgs/msg/detail/polynomial_trajectory4_d__type_support.h
[2.802s] -- Up-to-date symlink: /home/aimane/vnav23/labs/lab4/install/mav_planning_msgs/include/mav_planning_msgs/mav_planning_msgs/msg/detail/polynomial_trajectory__functions.h
[2.803s] -- Up-to-date symlink: /home/aimane/vnav23/labs/lab4/install/mav_planning_msgs/include/mav_planning_msgs/mav_planning_msgs/msg/detail/polynomial_trajectory__struct.h
[2.803s] -- Up-to-date symlink: /home/aimane/vnav23/labs/lab4/install/mav_planning_msgs/include/mav_planning_msgs/mav_planning_msgs/msg/detail/polynomial_trajectory__type_support.h
[2.803s] -- Up-to-date symlink: /home/aimane/vnav23/labs/lab4/install/mav_planning_msgs/include/mav_planning_msgs/mav_planning_msgs/msg/point2_d.h
[2.804s] -- Up-to-date symlink: /home/aimane/vnav23/labs/lab4/install/mav_planning_msgs/include/mav_planning_msgs/mav_planning_msgs/msg/point_cloud_with_pose.h
[2.804s] -- Up-to-date symlink: /home/aimane/vnav23/labs/lab4/install/mav_planning_msgs/include/mav_planning_msgs/mav_planning_msgs/msg/polygon2_d.h
[2.804s] -- Up-to-date symlink: /home/aimane/vnav23/labs/lab4/install/mav_planning_msgs/include/mav_planning_msgs/mav_planning_msgs/msg/polygon_with_holes.h
[2.804s] -- Up-to-date symlink: /home/aimane/vnav23/labs/lab4/install/mav_planning_msgs/include/mav_planning_msgs/mav_planning_msgs/msg/polygon_with_holes_stamped.h
[2.805s] -- Up-to-date symlink: /home/aimane/vnav23/labs/lab4/install/mav_planning_msgs/include/mav_planning_msgs/mav_planning_msgs/msg/polynomial_segment.h
[2.805s] -- Up-to-date symlink: /home/aimane/vnav23/labs/lab4/install/mav_planning_msgs/include/mav_planning_msgs/mav_planning_msgs/msg/polynomial_segment4_d.h
[2.805s] -- Up-to-date symlink: /home/aimane/vnav23/labs/lab4/install/mav_planning_msgs/include/mav_planning_msgs/mav_planning_msgs/msg/polynomial_trajectory.h
[2.805s] -- Up-to-date symlink: /home/aimane/vnav23/labs/lab4/install/mav_planning_msgs/include/mav_planning_msgs/mav_planning_msgs/msg/polynomial_trajectory4_d.h
[2.806s] -- Up-to-date symlink: /home/aimane/vnav23/labs/lab4/install/mav_planning_msgs/include/mav_planning_msgs/mav_planning_msgs/msg/rosidl_generator_c__visibility_control.h
[2.806s] -- Up-to-date symlink: /home/aimane/vnav23/labs/lab4/install/mav_planning_msgs/include/mav_planning_msgs/mav_planning_msgs/srv/change_name_service.h
[2.806s] -- Up-to-date symlink: /home/aimane/vnav23/labs/lab4/install/mav_planning_msgs/include/mav_planning_msgs/mav_planning_msgs/srv/detail/change_name_service__functions.h
[2.807s] -- Up-to-date symlink: /home/aimane/vnav23/labs/lab4/install/mav_planning_msgs/include/mav_planning_msgs/mav_planning_msgs/srv/detail/change_name_service__struct.h
[2.807s] -- Up-to-date symlink: /home/aimane/vnav23/labs/lab4/install/mav_planning_msgs/include/mav_planning_msgs/mav_planning_msgs/srv/detail/change_name_service__type_support.h
[2.808s] -- Up-to-date symlink: /home/aimane/vnav23/labs/lab4/install/mav_planning_msgs/include/mav_planning_msgs/mav_planning_msgs/srv/detail/planner_service__functions.h
[2.812s] -- Up-to-date symlink: /home/aimane/vnav23/labs/lab4/install/mav_planning_msgs/include/mav_planning_msgs/mav_planning_msgs/srv/detail/planner_service__struct.h
[2.812s] -- Up-to-date symlink: /home/aimane/vnav23/labs/lab4/install/mav_planning_msgs/include/mav_planning_msgs/mav_planning_msgs/srv/detail/planner_service__type_support.h
[2.812s] -- Up-to-date symlink: /home/aimane/vnav23/labs/lab4/install/mav_planning_msgs/include/mav_planning_msgs/mav_planning_msgs/srv/detail/polygon_service__functions.h
[2.812s] -- Up-to-date symlink: /home/aimane/vnav23/labs/lab4/install/mav_planning_msgs/include/mav_planning_msgs/mav_planning_msgs/srv/detail/polygon_service__struct.h
[2.812s] -- Up-to-date symlink: /home/aimane/vnav23/labs/lab4/install/mav_planning_msgs/include/mav_planning_msgs/mav_planning_msgs/srv/detail/polygon_service__type_support.h
[2.813s] -- Up-to-date symlink: /home/aimane/vnav23/labs/lab4/install/mav_planning_msgs/include/mav_planning_msgs/mav_planning_msgs/srv/planner_service.h
[2.813s] -- Up-to-date symlink: /home/aimane/vnav23/labs/lab4/install/mav_planning_msgs/include/mav_planning_msgs/mav_planning_msgs/srv/polygon_service.h
[2.813s] -- Up-to-date symlink: /home/aimane/vnav23/labs/lab4/install/mav_planning_msgs/share/mav_planning_msgs/environment/library_path.sh
[2.813s] -- Up-to-date symlink: /home/aimane/vnav23/labs/lab4/install/mav_planning_msgs/share/mav_planning_msgs/environment/library_path.dsv
[2.815s] -- Up-to-date symlink: /home/aimane/vnav23/labs/lab4/install/mav_planning_msgs/include/mav_planning_msgs/mav_planning_msgs/msg/detail/point2_d__rosidl_typesupport_fastrtps_c.h
[2.815s] -- Up-to-date symlink: /home/aimane/vnav23/labs/lab4/install/mav_planning_msgs/include/mav_planning_msgs/mav_planning_msgs/msg/detail/point_cloud_with_pose__rosidl_typesupport_fastrtps_c.h
[2.815s] -- Up-to-date symlink: /home/aimane/vnav23/labs/lab4/install/mav_planning_msgs/include/mav_planning_msgs/mav_planning_msgs/msg/detail/polygon2_d__rosidl_typesupport_fastrtps_c.h
[2.817s] -- Up-to-date symlink: /home/aimane/vnav23/labs/lab4/install/mav_planning_msgs/include/mav_planning_msgs/mav_planning_msgs/msg/detail/polygon_with_holes__rosidl_typesupport_fastrtps_c.h
[2.817s] -- Up-to-date symlink: /home/aimane/vnav23/labs/lab4/install/mav_planning_msgs/include/mav_planning_msgs/mav_planning_msgs/msg/detail/polygon_with_holes_stamped__rosidl_typesupport_fastrtps_c.h
[2.817s] -- Up-to-date symlink: /home/aimane/vnav23/labs/lab4/install/mav_planning_msgs/include/mav_planning_msgs/mav_planning_msgs/msg/detail/polynomial_segment4_d__rosidl_typesupport_fastrtps_c.h
[2.817s] -- Up-to-date symlink: /home/aimane/vnav23/labs/lab4/install/mav_planning_msgs/include/mav_planning_msgs/mav_planning_msgs/msg/detail/polynomial_segment__rosidl_typesupport_fastrtps_c.h
[2.818s] -- Up-to-date symlink: /home/aimane/vnav23/labs/lab4/install/mav_planning_msgs/include/mav_planning_msgs/mav_planning_msgs/msg/detail/polynomial_trajectory4_d__rosidl_typesupport_fastrtps_c.h
[2.818s] -- Up-to-date symlink: /home/aimane/vnav23/labs/lab4/install/mav_planning_msgs/include/mav_planning_msgs/mav_planning_msgs/msg/detail/polynomial_trajectory__rosidl_typesupport_fastrtps_c.h
[2.822s] -- Up-to-date symlink: /home/aimane/vnav23/labs/lab4/install/mav_planning_msgs/include/mav_planning_msgs/mav_planning_msgs/msg/rosidl_typesupport_fastrtps_c__visibility_control.h
[2.822s] -- Up-to-date symlink: /home/aimane/vnav23/labs/lab4/install/mav_planning_msgs/include/mav_planning_msgs/mav_planning_msgs/srv/detail/change_name_service__rosidl_typesupport_fastrtps_c.h
[2.822s] -- Up-to-date symlink: /home/aimane/vnav23/labs/lab4/install/mav_planning_msgs/include/mav_planning_msgs/mav_planning_msgs/srv/detail/planner_service__rosidl_typesupport_fastrtps_c.h
[2.822s] -- Up-to-date symlink: /home/aimane/vnav23/labs/lab4/install/mav_planning_msgs/include/mav_planning_msgs/mav_planning_msgs/srv/detail/polygon_service__rosidl_typesupport_fastrtps_c.h
[2.822s] -- Up-to-date symlink: /home/aimane/vnav23/labs/lab4/install/mav_planning_msgs/include/mav_planning_msgs/mav_planning_msgs/msg/detail/point2_d__rosidl_typesupport_introspection_c.h
[2.823s] -- Up-to-date symlink: /home/aimane/vnav23/labs/lab4/install/mav_planning_msgs/include/mav_planning_msgs/mav_planning_msgs/msg/detail/point_cloud_with_pose__rosidl_typesupport_introspection_c.h
[2.823s] -- Up-to-date symlink: /home/aimane/vnav23/labs/lab4/install/mav_planning_msgs/include/mav_planning_msgs/mav_planning_msgs/msg/detail/polygon2_d__rosidl_typesupport_introspection_c.h
[2.824s] -- Up-to-date symlink: /home/aimane/vnav23/labs/lab4/install/mav_planning_msgs/include/mav_planning_msgs/mav_planning_msgs/msg/detail/polygon_with_holes__rosidl_typesupport_introspection_c.h
[2.824s] -- Up-to-date symlink: /home/aimane/vnav23/labs/lab4/install/mav_planning_msgs/include/mav_planning_msgs/mav_planning_msgs/msg/detail/polygon_with_holes_stamped__rosidl_typesupport_introspection_c.h
[2.825s] -- Up-to-date symlink: /home/aimane/vnav23/labs/lab4/install/mav_planning_msgs/include/mav_planning_msgs/mav_planning_msgs/msg/detail/polynomial_segment4_d__rosidl_typesupport_introspection_c.h
[2.825s] -- Up-to-date symlink: /home/aimane/vnav23/labs/lab4/install/mav_planning_msgs/include/mav_planning_msgs/mav_planning_msgs/msg/detail/polynomial_segment__rosidl_typesupport_introspection_c.h
[2.828s] -- Up-to-date symlink: /home/aimane/vnav23/labs/lab4/install/mav_planning_msgs/include/mav_planning_msgs/mav_planning_msgs/msg/detail/polynomial_trajectory4_d__rosidl_typesupport_introspection_c.h
[2.828s] -- Up-to-date symlink: /home/aimane/vnav23/labs/lab4/install/mav_planning_msgs/include/mav_planning_msgs/mav_planning_msgs/msg/detail/polynomial_trajectory__rosidl_typesupport_introspection_c.h
[2.828s] -- Up-to-date symlink: /home/aimane/vnav23/labs/lab4/install/mav_planning_msgs/include/mav_planning_msgs/mav_planning_msgs/msg/rosidl_typesupport_introspection_c__visibility_control.h
[2.828s] -- Up-to-date symlink: /home/aimane/vnav23/labs/lab4/install/mav_planning_msgs/include/mav_planning_msgs/mav_planning_msgs/srv/detail/change_name_service__rosidl_typesupport_introspection_c.h
[2.828s] -- Up-to-date symlink: /home/aimane/vnav23/labs/lab4/install/mav_planning_msgs/include/mav_planning_msgs/mav_planning_msgs/srv/detail/planner_service__rosidl_typesupport_introspection_c.h
[2.829s] -- Up-to-date symlink: /home/aimane/vnav23/labs/lab4/install/mav_planning_msgs/include/mav_planning_msgs/mav_planning_msgs/srv/detail/polygon_service__rosidl_typesupport_introspection_c.h
[2.831s] -- Up-to-date symlink: /home/aimane/vnav23/labs/lab4/install/mav_planning_msgs/include/mav_planning_msgs/mav_planning_msgs/msg/detail/point2_d__builder.hpp
[2.832s] -- Up-to-date symlink: /home/aimane/vnav23/labs/lab4/install/mav_planning_msgs/include/mav_planning_msgs/mav_planning_msgs/msg/detail/point2_d__struct.hpp
[2.832s] -- Up-to-date symlink: /home/aimane/vnav23/labs/lab4/install/mav_planning_msgs/include/mav_planning_msgs/mav_planning_msgs/msg/detail/point2_d__traits.hpp
[2.833s] -- Up-to-date symlink: /home/aimane/vnav23/labs/lab4/install/mav_planning_msgs/include/mav_planning_msgs/mav_planning_msgs/msg/detail/point2_d__type_support.hpp
[2.833s] -- Up-to-date symlink: /home/aimane/vnav23/labs/lab4/install/mav_planning_msgs/include/mav_planning_msgs/mav_planning_msgs/msg/detail/point_cloud_with_pose__builder.hpp
[2.834s] -- Up-to-date symlink: /home/aimane/vnav23/labs/lab4/install/mav_planning_msgs/include/mav_planning_msgs/mav_planning_msgs/msg/detail/point_cloud_with_pose__struct.hpp
[2.840s] -- Up-to-date symlink: /home/aimane/vnav23/labs/lab4/install/mav_planning_msgs/include/mav_planning_msgs/mav_planning_msgs/msg/detail/point_cloud_with_pose__traits.hpp
[2.840s] -- Up-to-date symlink: /home/aimane/vnav23/labs/lab4/install/mav_planning_msgs/include/mav_planning_msgs/mav_planning_msgs/msg/detail/point_cloud_with_pose__type_support.hpp
[2.841s] -- Up-to-date symlink: /home/aimane/vnav23/labs/lab4/install/mav_planning_msgs/include/mav_planning_msgs/mav_planning_msgs/msg/detail/polygon2_d__builder.hpp
[2.841s] -- Up-to-date symlink: /home/aimane/vnav23/labs/lab4/install/mav_planning_msgs/include/mav_planning_msgs/mav_planning_msgs/msg/detail/polygon2_d__struct.hpp
[2.841s] -- Up-to-date symlink: /home/aimane/vnav23/labs/lab4/install/mav_planning_msgs/include/mav_planning_msgs/mav_planning_msgs/msg/detail/polygon2_d__traits.hpp
[2.842s] -- Up-to-date symlink: /home/aimane/vnav23/labs/lab4/install/mav_planning_msgs/include/mav_planning_msgs/mav_planning_msgs/msg/detail/polygon2_d__type_support.hpp
[2.842s] -- Up-to-date symlink: /home/aimane/vnav23/labs/lab4/install/mav_planning_msgs/include/mav_planning_msgs/mav_planning_msgs/msg/detail/polygon_with_holes__builder.hpp
[2.842s] -- Up-to-date symlink: /home/aimane/vnav23/labs/lab4/install/mav_planning_msgs/include/mav_planning_msgs/mav_planning_msgs/msg/detail/polygon_with_holes__struct.hpp
[2.843s] -- Up-to-date symlink: /home/aimane/vnav23/labs/lab4/install/mav_planning_msgs/include/mav_planning_msgs/mav_planning_msgs/msg/detail/polygon_with_holes__traits.hpp
[2.843s] -- Up-to-date symlink: /home/aimane/vnav23/labs/lab4/install/mav_planning_msgs/include/mav_planning_msgs/mav_planning_msgs/msg/detail/polygon_with_holes__type_support.hpp
[2.844s] -- Up-to-date symlink: /home/aimane/vnav23/labs/lab4/install/mav_planning_msgs/include/mav_planning_msgs/mav_planning_msgs/msg/detail/polygon_with_holes_stamped__builder.hpp
[2.845s] -- Up-to-date symlink: /home/aimane/vnav23/labs/lab4/install/mav_planning_msgs/include/mav_planning_msgs/mav_planning_msgs/msg/detail/polygon_with_holes_stamped__struct.hpp
[2.845s] -- Up-to-date symlink: /home/aimane/vnav23/labs/lab4/install/mav_planning_msgs/include/mav_planning_msgs/mav_planning_msgs/msg/detail/polygon_with_holes_stamped__traits.hpp
[2.845s] -- Up-to-date symlink: /home/aimane/vnav23/labs/lab4/install/mav_planning_msgs/include/mav_planning_msgs/mav_planning_msgs/msg/detail/polygon_with_holes_stamped__type_support.hpp
[2.846s] -- Up-to-date symlink: /home/aimane/vnav23/labs/lab4/install/mav_planning_msgs/include/mav_planning_msgs/mav_planning_msgs/msg/detail/polynomial_segment4_d__builder.hpp
[2.846s] -- Up-to-date symlink: /home/aimane/vnav23/labs/lab4/install/mav_planning_msgs/include/mav_planning_msgs/mav_planning_msgs/msg/detail/polynomial_segment4_d__struct.hpp
[2.846s] -- Up-to-date symlink: /home/aimane/vnav23/labs/lab4/install/mav_planning_msgs/include/mav_planning_msgs/mav_planning_msgs/msg/detail/polynomial_segment4_d__traits.hpp
[2.847s] -- Up-to-date symlink: /home/aimane/vnav23/labs/lab4/install/mav_planning_msgs/include/mav_planning_msgs/mav_planning_msgs/msg/detail/polynomial_segment4_d__type_support.hpp
[2.847s] -- Up-to-date symlink: /home/aimane/vnav23/labs/lab4/install/mav_planning_msgs/include/mav_planning_msgs/mav_planning_msgs/msg/detail/polynomial_segment__builder.hpp
[2.847s] -- Up-to-date symlink: /home/aimane/vnav23/labs/lab4/install/mav_planning_msgs/include/mav_planning_msgs/mav_planning_msgs/msg/detail/polynomial_segment__struct.hpp
[2.847s] -- Up-to-date symlink: /home/aimane/vnav23/labs/lab4/install/mav_planning_msgs/include/mav_planning_msgs/mav_planning_msgs/msg/detail/polynomial_segment__traits.hpp
[2.847s] -- Up-to-date symlink: /home/aimane/vnav23/labs/lab4/install/mav_planning_msgs/include/mav_planning_msgs/mav_planning_msgs/msg/detail/polynomial_segment__type_support.hpp
[2.848s] -- Up-to-date symlink: /home/aimane/vnav23/labs/lab4/install/mav_planning_msgs/include/mav_planning_msgs/mav_planning_msgs/msg/detail/polynomial_trajectory4_d__builder.hpp
[2.848s] -- Up-to-date symlink: /home/aimane/vnav23/labs/lab4/install/mav_planning_msgs/include/mav_planning_msgs/mav_planning_msgs/msg/detail/polynomial_trajectory4_d__struct.hpp
[2.848s] -- Up-to-date symlink: /home/aimane/vnav23/labs/lab4/install/mav_planning_msgs/include/mav_planning_msgs/mav_planning_msgs/msg/detail/polynomial_trajectory4_d__traits.hpp
[2.849s] -- Up-to-date symlink: /home/aimane/vnav23/labs/lab4/install/mav_planning_msgs/include/mav_planning_msgs/mav_planning_msgs/msg/detail/polynomial_trajectory4_d__type_support.hpp
[2.849s] -- Up-to-date symlink: /home/aimane/vnav23/labs/lab4/install/mav_planning_msgs/include/mav_planning_msgs/mav_planning_msgs/msg/detail/polynomial_trajectory__builder.hpp
[2.849s] -- Up-to-date symlink: /home/aimane/vnav23/labs/lab4/install/mav_planning_msgs/include/mav_planning_msgs/mav_planning_msgs/msg/detail/polynomial_trajectory__struct.hpp
[2.850s] -- Up-to-date symlink: /home/aimane/vnav23/labs/lab4/install/mav_planning_msgs/include/mav_planning_msgs/mav_planning_msgs/msg/detail/polynomial_trajectory__traits.hpp
[2.850s] -- Up-to-date symlink: /home/aimane/vnav23/labs/lab4/install/mav_planning_msgs/include/mav_planning_msgs/mav_planning_msgs/msg/detail/polynomial_trajectory__type_support.hpp
[2.850s] -- Up-to-date symlink: /home/aimane/vnav23/labs/lab4/install/mav_planning_msgs/include/mav_planning_msgs/mav_planning_msgs/msg/point2_d.hpp
[2.851s] -- Up-to-date symlink: /home/aimane/vnav23/labs/lab4/install/mav_planning_msgs/include/mav_planning_msgs/mav_planning_msgs/msg/point_cloud_with_pose.hpp
[2.851s] -- Up-to-date symlink: /home/aimane/vnav23/labs/lab4/install/mav_planning_msgs/include/mav_planning_msgs/mav_planning_msgs/msg/polygon2_d.hpp
[2.851s] -- Up-to-date symlink: /home/aimane/vnav23/labs/lab4/install/mav_planning_msgs/include/mav_planning_msgs/mav_planning_msgs/msg/polygon_with_holes.hpp
[2.851s] -- Up-to-date symlink: /home/aimane/vnav23/labs/lab4/install/mav_planning_msgs/include/mav_planning_msgs/mav_planning_msgs/msg/polygon_with_holes_stamped.hpp
[2.852s] -- Up-to-date symlink: /home/aimane/vnav23/labs/lab4/install/mav_planning_msgs/include/mav_planning_msgs/mav_planning_msgs/msg/polynomial_segment.hpp
[2.852s] -- Up-to-date symlink: /home/aimane/vnav23/labs/lab4/install/mav_planning_msgs/include/mav_planning_msgs/mav_planning_msgs/msg/polynomial_segment4_d.hpp
[2.853s] -- Up-to-date symlink: /home/aimane/vnav23/labs/lab4/install/mav_planning_msgs/include/mav_planning_msgs/mav_planning_msgs/msg/polynomial_trajectory.hpp
[2.853s] -- Up-to-date symlink: /home/aimane/vnav23/labs/lab4/install/mav_planning_msgs/include/mav_planning_msgs/mav_planning_msgs/msg/polynomial_trajectory4_d.hpp
[2.853s] -- Up-to-date symlink: /home/aimane/vnav23/labs/lab4/install/mav_planning_msgs/include/mav_planning_msgs/mav_planning_msgs/msg/rosidl_generator_cpp__visibility_control.hpp
[2.854s] -- Up-to-date symlink: /home/aimane/vnav23/labs/lab4/install/mav_planning_msgs/include/mav_planning_msgs/mav_planning_msgs/srv/change_name_service.hpp
[2.854s] -- Up-to-date symlink: /home/aimane/vnav23/labs/lab4/install/mav_planning_msgs/include/mav_planning_msgs/mav_planning_msgs/srv/detail/change_name_service__builder.hpp
[2.854s] -- Up-to-date symlink: /home/aimane/vnav23/labs/lab4/install/mav_planning_msgs/include/mav_planning_msgs/mav_planning_msgs/srv/detail/change_name_service__struct.hpp
[2.855s] -- Up-to-date symlink: /home/aimane/vnav23/labs/lab4/install/mav_planning_msgs/include/mav_planning_msgs/mav_planning_msgs/srv/detail/change_name_service__traits.hpp
[2.855s] -- Up-to-date symlink: /home/aimane/vnav23/labs/lab4/install/mav_planning_msgs/include/mav_planning_msgs/mav_planning_msgs/srv/detail/change_name_service__type_support.hpp
[2.855s] -- Up-to-date symlink: /home/aimane/vnav23/labs/lab4/install/mav_planning_msgs/include/mav_planning_msgs/mav_planning_msgs/srv/detail/planner_service__builder.hpp
[2.856s] -- Up-to-date symlink: /home/aimane/vnav23/labs/lab4/install/mav_planning_msgs/include/mav_planning_msgs/mav_planning_msgs/srv/detail/planner_service__struct.hpp
[2.856s] -- Up-to-date symlink: /home/aimane/vnav23/labs/lab4/install/mav_planning_msgs/include/mav_planning_msgs/mav_planning_msgs/srv/detail/planner_service__traits.hpp
[2.856s] -- Up-to-date symlink: /home/aimane/vnav23/labs/lab4/install/mav_planning_msgs/include/mav_planning_msgs/mav_planning_msgs/srv/detail/planner_service__type_support.hpp
[2.858s] -- Up-to-date symlink: /home/aimane/vnav23/labs/lab4/install/mav_planning_msgs/include/mav_planning_msgs/mav_planning_msgs/srv/detail/polygon_service__builder.hpp
[2.859s] -- Up-to-date symlink: /home/aimane/vnav23/labs/lab4/install/mav_planning_msgs/include/mav_planning_msgs/mav_planning_msgs/srv/detail/polygon_service__struct.hpp
[2.859s] -- Up-to-date symlink: /home/aimane/vnav23/labs/lab4/install/mav_planning_msgs/include/mav_planning_msgs/mav_planning_msgs/srv/detail/polygon_service__traits.hpp
[2.859s] -- Up-to-date symlink: /home/aimane/vnav23/labs/lab4/install/mav_planning_msgs/include/mav_planning_msgs/mav_planning_msgs/srv/detail/polygon_service__type_support.hpp
[2.859s] -- Up-to-date symlink: /home/aimane/vnav23/labs/lab4/install/mav_planning_msgs/include/mav_planning_msgs/mav_planning_msgs/srv/planner_service.hpp
[2.860s] -- Up-to-date symlink: /home/aimane/vnav23/labs/lab4/install/mav_planning_msgs/include/mav_planning_msgs/mav_planning_msgs/srv/polygon_service.hpp
[2.862s] -- Up-to-date symlink: /home/aimane/vnav23/labs/lab4/install/mav_planning_msgs/include/mav_planning_msgs/mav_planning_msgs/msg/detail/point2_d__rosidl_typesupport_fastrtps_cpp.hpp
[2.863s] -- Up-to-date symlink: /home/aimane/vnav23/labs/lab4/install/mav_planning_msgs/include/mav_planning_msgs/mav_planning_msgs/msg/detail/point_cloud_with_pose__rosidl_typesupport_fastrtps_cpp.hpp
[2.863s] -- Up-to-date symlink: /home/aimane/vnav23/labs/lab4/install/mav_planning_msgs/include/mav_planning_msgs/mav_planning_msgs/msg/detail/polygon2_d__rosidl_typesupport_fastrtps_cpp.hpp
[2.864s] -- Up-to-date symlink: /home/aimane/vnav23/labs/lab4/install/mav_planning_msgs/include/mav_planning_msgs/mav_planning_msgs/msg/detail/polygon_with_holes__rosidl_typesupport_fastrtps_cpp.hpp
[2.864s] -- Up-to-date symlink: /home/aimane/vnav23/labs/lab4/install/mav_planning_msgs/include/mav_planning_msgs/mav_planning_msgs/msg/detail/polygon_with_holes_stamped__rosidl_typesupport_fastrtps_cpp.hpp
[2.864s] -- Up-to-date symlink: /home/aimane/vnav23/labs/lab4/install/mav_planning_msgs/include/mav_planning_msgs/mav_planning_msgs/msg/detail/polynomial_segment4_d__rosidl_typesupport_fastrtps_cpp.hpp
[2.865s] -- Up-to-date symlink: /home/aimane/vnav23/labs/lab4/install/mav_planning_msgs/include/mav_planning_msgs/mav_planning_msgs/msg/detail/polynomial_segment__rosidl_typesupport_fastrtps_cpp.hpp
[2.865s] -- Up-to-date symlink: /home/aimane/vnav23/labs/lab4/install/mav_planning_msgs/include/mav_planning_msgs/mav_planning_msgs/msg/detail/polynomial_trajectory4_d__rosidl_typesupport_fastrtps_cpp.hpp
[2.866s] -- Up-to-date symlink: /home/aimane/vnav23/labs/lab4/install/mav_planning_msgs/include/mav_planning_msgs/mav_planning_msgs/msg/detail/polynomial_trajectory__rosidl_typesupport_fastrtps_cpp.hpp
[2.866s] -- Up-to-date symlink: /home/aimane/vnav23/labs/lab4/install/mav_planning_msgs/include/mav_planning_msgs/mav_planning_msgs/msg/rosidl_typesupport_fastrtps_cpp__visibility_control.h
[2.867s] -- Up-to-date symlink: /home/aimane/vnav23/labs/lab4/install/mav_planning_msgs/include/mav_planning_msgs/mav_planning_msgs/srv/detail/change_name_service__rosidl_typesupport_fastrtps_cpp.hpp
[2.867s] -- Up-to-date symlink: /home/aimane/vnav23/labs/lab4/install/mav_planning_msgs/include/mav_planning_msgs/mav_planning_msgs/srv/detail/planner_service__rosidl_typesupport_fastrtps_cpp.hpp
[2.868s] -- Up-to-date symlink: /home/aimane/vnav23/labs/lab4/install/mav_planning_msgs/include/mav_planning_msgs/mav_planning_msgs/srv/detail/polygon_service__rosidl_typesupport_fastrtps_cpp.hpp
[2.870s] -- Up-to-date symlink: /home/aimane/vnav23/labs/lab4/install/mav_planning_msgs/include/mav_planning_msgs/mav_planning_msgs/msg/detail/point2_d__rosidl_typesupport_introspection_cpp.hpp
[2.870s] -- Up-to-date symlink: /home/aimane/vnav23/labs/lab4/install/mav_planning_msgs/include/mav_planning_msgs/mav_planning_msgs/msg/detail/point_cloud_with_pose__rosidl_typesupport_introspection_cpp.hpp
[2.871s] -- Up-to-date symlink: /home/aimane/vnav23/labs/lab4/install/mav_planning_msgs/include/mav_planning_msgs/mav_planning_msgs/msg/detail/polygon2_d__rosidl_typesupport_introspection_cpp.hpp
[2.871s] -- Up-to-date symlink: /home/aimane/vnav23/labs/lab4/install/mav_planning_msgs/include/mav_planning_msgs/mav_planning_msgs/msg/detail/polygon_with_holes__rosidl_typesupport_introspection_cpp.hpp
[2.872s] -- Up-to-date symlink: /home/aimane/vnav23/labs/lab4/install/mav_planning_msgs/include/mav_planning_msgs/mav_planning_msgs/msg/detail/polygon_with_holes_stamped__rosidl_typesupport_introspection_cpp.hpp
[2.875s] -- Up-to-date symlink: /home/aimane/vnav23/labs/lab4/install/mav_planning_msgs/include/mav_planning_msgs/mav_planning_msgs/msg/detail/polynomial_segment4_d__rosidl_typesupport_introspection_cpp.hpp
[2.875s] -- Up-to-date symlink: /home/aimane/vnav23/labs/lab4/install/mav_planning_msgs/include/mav_planning_msgs/mav_planning_msgs/msg/detail/polynomial_segment__rosidl_typesupport_introspection_cpp.hpp
[2.875s] -- Up-to-date symlink: /home/aimane/vnav23/labs/lab4/install/mav_planning_msgs/include/mav_planning_msgs/mav_planning_msgs/msg/detail/polynomial_trajectory4_d__rosidl_typesupport_introspection_cpp.hpp
[2.875s] -- Up-to-date symlink: /home/aimane/vnav23/labs/lab4/install/mav_planning_msgs/include/mav_planning_msgs/mav_planning_msgs/msg/detail/polynomial_trajectory__rosidl_typesupport_introspection_cpp.hpp
[2.879s] -- Up-to-date symlink: /home/aimane/vnav23/labs/lab4/install/mav_planning_msgs/include/mav_planning_msgs/mav_planning_msgs/srv/detail/change_name_service__rosidl_typesupport_introspection_cpp.hpp
[2.879s] -- Up-to-date symlink: /home/aimane/vnav23/labs/lab4/install/mav_planning_msgs/include/mav_planning_msgs/mav_planning_msgs/srv/detail/planner_service__rosidl_typesupport_introspection_cpp.hpp
[2.879s] -- Up-to-date symlink: /home/aimane/vnav23/labs/lab4/install/mav_planning_msgs/include/mav_planning_msgs/mav_planning_msgs/srv/detail/polygon_service__rosidl_typesupport_introspection_cpp.hpp
[2.879s] -- Up-to-date symlink: /home/aimane/vnav23/labs/lab4/install/mav_planning_msgs/share/mav_planning_msgs/environment/pythonpath.sh
[2.879s] -- Up-to-date symlink: /home/aimane/vnav23/labs/lab4/install/mav_planning_msgs/share/mav_planning_msgs/environment/pythonpath.dsv
[2.880s] -- Up-to-date symlink: /home/aimane/vnav23/labs/lab4/install/mav_planning_msgs/local/lib/python3.10/dist-packages/mav_planning_msgs-3.3.3-py3.10.egg-info/PKG-INFO
[2.880s] -- Up-to-date symlink: /home/aimane/vnav23/labs/lab4/install/mav_planning_msgs/local/lib/python3.10/dist-packages/mav_planning_msgs-3.3.3-py3.10.egg-info/SOURCES.txt
[2.880s] -- Up-to-date symlink: /home/aimane/vnav23/labs/lab4/install/mav_planning_msgs/local/lib/python3.10/dist-packages/mav_planning_msgs-3.3.3-py3.10.egg-info/dependency_links.txt
[2.880s] -- Up-to-date symlink: /home/aimane/vnav23/labs/lab4/install/mav_planning_msgs/local/lib/python3.10/dist-packages/mav_planning_msgs-3.3.3-py3.10.egg-info/top_level.txt
[2.883s] -- Up-to-date symlink: /home/aimane/vnav23/labs/lab4/install/mav_planning_msgs/local/lib/python3.10/dist-packages/mav_planning_msgs/__init__.py
[2.883s] -- Up-to-date symlink: /home/aimane/vnav23/labs/lab4/install/mav_planning_msgs/local/lib/python3.10/dist-packages/mav_planning_msgs/_mav_planning_msgs_s.ep.rosidl_typesupport_c.c
[2.883s] -- Up-to-date symlink: /home/aimane/vnav23/labs/lab4/install/mav_planning_msgs/local/lib/python3.10/dist-packages/mav_planning_msgs/_mav_planning_msgs_s.ep.rosidl_typesupport_fastrtps_c.c
[2.884s] -- Up-to-date symlink: /home/aimane/vnav23/labs/lab4/install/mav_planning_msgs/local/lib/python3.10/dist-packages/mav_planning_msgs/_mav_planning_msgs_s.ep.rosidl_typesupport_introspection_c.c
[2.884s] -- Up-to-date symlink: /home/aimane/vnav23/labs/lab4/install/mav_planning_msgs/local/lib/python3.10/dist-packages/mav_planning_msgs/libmav_planning_msgs__rosidl_generator_py.so
[2.886s] -- Up-to-date symlink: /home/aimane/vnav23/labs/lab4/install/mav_planning_msgs/local/lib/python3.10/dist-packages/mav_planning_msgs/mav_planning_msgs_s__rosidl_typesupport_c.cpython-310-x86_64-linux-gnu.so
[2.886s] -- Up-to-date symlink: /home/aimane/vnav23/labs/lab4/install/mav_planning_msgs/local/lib/python3.10/dist-packages/mav_planning_msgs/mav_planning_msgs_s__rosidl_typesupport_fastrtps_c.cpython-310-x86_64-linux-gnu.so
[2.886s] -- Up-to-date symlink: /home/aimane/vnav23/labs/lab4/install/mav_planning_msgs/local/lib/python3.10/dist-packages/mav_planning_msgs/mav_planning_msgs_s__rosidl_typesupport_introspection_c.cpython-310-x86_64-linux-gnu.so
[2.886s] -- Up-to-date symlink: /home/aimane/vnav23/labs/lab4/install/mav_planning_msgs/local/lib/python3.10/dist-packages/mav_planning_msgs/msg/__init__.py
[2.886s] -- Up-to-date symlink: /home/aimane/vnav23/labs/lab4/install/mav_planning_msgs/local/lib/python3.10/dist-packages/mav_planning_msgs/msg/_point2_d.py
[2.887s] -- Up-to-date symlink: /home/aimane/vnav23/labs/lab4/install/mav_planning_msgs/local/lib/python3.10/dist-packages/mav_planning_msgs/msg/_point2_d_s.c
[2.887s] -- Up-to-date symlink: /home/aimane/vnav23/labs/lab4/install/mav_planning_msgs/local/lib/python3.10/dist-packages/mav_planning_msgs/msg/_point_cloud_with_pose.py
[2.888s] -- Up-to-date symlink: /home/aimane/vnav23/labs/lab4/install/mav_planning_msgs/local/lib/python3.10/dist-packages/mav_planning_msgs/msg/_point_cloud_with_pose_s.c
[2.888s] -- Up-to-date symlink: /home/aimane/vnav23/labs/lab4/install/mav_planning_msgs/local/lib/python3.10/dist-packages/mav_planning_msgs/msg/_polygon2_d.py
[2.888s] -- Up-to-date symlink: /home/aimane/vnav23/labs/lab4/install/mav_planning_msgs/local/lib/python3.10/dist-packages/mav_planning_msgs/msg/_polygon2_d_s.c
[2.889s] -- Up-to-date symlink: /home/aimane/vnav23/labs/lab4/install/mav_planning_msgs/local/lib/python3.10/dist-packages/mav_planning_msgs/msg/_polygon_with_holes.py
[2.889s] -- Up-to-date symlink: /home/aimane/vnav23/labs/lab4/install/mav_planning_msgs/local/lib/python3.10/dist-packages/mav_planning_msgs/msg/_polygon_with_holes_s.c
[2.890s] -- Up-to-date symlink: /home/aimane/vnav23/labs/lab4/install/mav_planning_msgs/local/lib/python3.10/dist-packages/mav_planning_msgs/msg/_polygon_with_holes_stamped.py
[2.890s] -- Up-to-date symlink: /home/aimane/vnav23/labs/lab4/install/mav_planning_msgs/local/lib/python3.10/dist-packages/mav_planning_msgs/msg/_polygon_with_holes_stamped_s.c
[2.891s] -- Up-to-date symlink: /home/aimane/vnav23/labs/lab4/install/mav_planning_msgs/local/lib/python3.10/dist-packages/mav_planning_msgs/msg/_polynomial_segment.py
[2.891s] -- Up-to-date symlink: /home/aimane/vnav23/labs/lab4/install/mav_planning_msgs/local/lib/python3.10/dist-packages/mav_planning_msgs/msg/_polynomial_segment4_d.py
[2.891s] -- Up-to-date symlink: /home/aimane/vnav23/labs/lab4/install/mav_planning_msgs/local/lib/python3.10/dist-packages/mav_planning_msgs/msg/_polynomial_segment4_d_s.c
[2.892s] -- Up-to-date symlink: /home/aimane/vnav23/labs/lab4/install/mav_planning_msgs/local/lib/python3.10/dist-packages/mav_planning_msgs/msg/_polynomial_segment_s.c
[2.894s] -- Up-to-date symlink: /home/aimane/vnav23/labs/lab4/install/mav_planning_msgs/local/lib/python3.10/dist-packages/mav_planning_msgs/msg/_polynomial_trajectory.py
[2.895s] -- Up-to-date symlink: /home/aimane/vnav23/labs/lab4/install/mav_planning_msgs/local/lib/python3.10/dist-packages/mav_planning_msgs/msg/_polynomial_trajectory4_d.py
[2.895s] -- Up-to-date symlink: /home/aimane/vnav23/labs/lab4/install/mav_planning_msgs/local/lib/python3.10/dist-packages/mav_planning_msgs/msg/_polynomial_trajectory4_d_s.c
[2.895s] -- Up-to-date symlink: /home/aimane/vnav23/labs/lab4/install/mav_planning_msgs/local/lib/python3.10/dist-packages/mav_planning_msgs/msg/_polynomial_trajectory_s.c
[2.896s] -- Up-to-date symlink: /home/aimane/vnav23/labs/lab4/install/mav_planning_msgs/local/lib/python3.10/dist-packages/mav_planning_msgs/srv/__init__.py
[2.897s] -- Up-to-date symlink: /home/aimane/vnav23/labs/lab4/install/mav_planning_msgs/local/lib/python3.10/dist-packages/mav_planning_msgs/srv/_change_name_service.py
[2.897s] -- Up-to-date symlink: /home/aimane/vnav23/labs/lab4/install/mav_planning_msgs/local/lib/python3.10/dist-packages/mav_planning_msgs/srv/_change_name_service_s.c
[2.897s] -- Up-to-date symlink: /home/aimane/vnav23/labs/lab4/install/mav_planning_msgs/local/lib/python3.10/dist-packages/mav_planning_msgs/srv/_planner_service.py
[2.900s] -- Up-to-date symlink: /home/aimane/vnav23/labs/lab4/install/mav_planning_msgs/local/lib/python3.10/dist-packages/mav_planning_msgs/srv/_planner_service_s.c
[2.901s] -- Up-to-date symlink: /home/aimane/vnav23/labs/lab4/install/mav_planning_msgs/local/lib/python3.10/dist-packages/mav_planning_msgs/srv/_polygon_service.py
[2.903s] -- Up-to-date symlink: /home/aimane/vnav23/labs/lab4/install/mav_planning_msgs/local/lib/python3.10/dist-packages/mav_planning_msgs/srv/_polygon_service_s.c
[2.903s] -- Up-to-date symlink: /home/aimane/vnav23/labs/lab4/install/mav_planning_msgs/local/lib/python3.10/dist-packages/mav_planning_msgs/mav_planning_msgs_s__rosidl_typesupport_fastrtps_c.cpython-310-x86_64-linux-gnu.so
[2.904s] -- Up-to-date symlink: /home/aimane/vnav23/labs/lab4/install/mav_planning_msgs/local/lib/python3.10/dist-packages/mav_planning_msgs/mav_planning_msgs_s__rosidl_typesupport_introspection_c.cpython-310-x86_64-linux-gnu.so
[2.904s] -- Up-to-date symlink: /home/aimane/vnav23/labs/lab4/install/mav_planning_msgs/local/lib/python3.10/dist-packages/mav_planning_msgs/mav_planning_msgs_s__rosidl_typesupport_c.cpython-310-x86_64-linux-gnu.so
[2.905s] -- Up-to-date symlink: /home/aimane/vnav23/labs/lab4/install/mav_planning_msgs/share/mav_planning_msgs/msg/Point2D.idl
[2.905s] -- Up-to-date symlink: /home/aimane/vnav23/labs/lab4/install/mav_planning_msgs/share/mav_planning_msgs/msg/PointCloudWithPose.idl
[2.906s] -- Up-to-date symlink: /home/aimane/vnav23/labs/lab4/install/mav_planning_msgs/share/mav_planning_msgs/msg/Polygon2D.idl
[2.910s] -- Up-to-date symlink: /home/aimane/vnav23/labs/lab4/install/mav_planning_msgs/share/mav_planning_msgs/msg/PolygonWithHoles.idl
[2.911s] -- Up-to-date symlink: /home/aimane/vnav23/labs/lab4/install/mav_planning_msgs/share/mav_planning_msgs/msg/PolygonWithHolesStamped.idl
[2.911s] -- Up-to-date symlink: /home/aimane/vnav23/labs/lab4/install/mav_planning_msgs/share/mav_planning_msgs/msg/PolynomialSegment.idl
[2.911s] -- Up-to-date symlink: /home/aimane/vnav23/labs/lab4/install/mav_planning_msgs/share/mav_planning_msgs/msg/PolynomialSegment4D.idl
[2.911s] -- Up-to-date symlink: /home/aimane/vnav23/labs/lab4/install/mav_planning_msgs/share/mav_planning_msgs/msg/PolynomialTrajectory.idl
[2.912s] -- Up-to-date symlink: /home/aimane/vnav23/labs/lab4/install/mav_planning_msgs/share/mav_planning_msgs/msg/PolynomialTrajectory4D.idl
[2.912s] -- Up-to-date symlink: /home/aimane/vnav23/labs/lab4/install/mav_planning_msgs/share/mav_planning_msgs/srv/PlannerService.idl
[2.912s] -- Up-to-date symlink: /home/aimane/vnav23/labs/lab4/install/mav_planning_msgs/share/mav_planning_msgs/srv/PolygonService.idl
[2.912s] -- Up-to-date symlink: /home/aimane/vnav23/labs/lab4/install/mav_planning_msgs/share/mav_planning_msgs/srv/ChangeNameService.idl
[2.915s] -- Up-to-date symlink: /home/aimane/vnav23/labs/lab4/install/mav_planning_msgs/share/mav_planning_msgs/msg/Point2D.msg
[2.915s] -- Up-to-date symlink: /home/aimane/vnav23/labs/lab4/install/mav_planning_msgs/share/mav_planning_msgs/msg/PointCloudWithPose.msg
[2.916s] -- Up-to-date symlink: /home/aimane/vnav23/labs/lab4/install/mav_planning_msgs/share/mav_planning_msgs/msg/Polygon2D.msg
[2.916s] -- Up-to-date symlink: /home/aimane/vnav23/labs/lab4/install/mav_planning_msgs/share/mav_planning_msgs/msg/PolygonWithHoles.msg
[2.916s] -- Up-to-date symlink: /home/aimane/vnav23/labs/lab4/install/mav_planning_msgs/share/mav_planning_msgs/msg/PolygonWithHolesStamped.msg
[2.917s] -- Up-to-date symlink: /home/aimane/vnav23/labs/lab4/install/mav_planning_msgs/share/mav_planning_msgs/msg/PolynomialSegment.msg
[2.918s] -- Up-to-date symlink: /home/aimane/vnav23/labs/lab4/install/mav_planning_msgs/share/mav_planning_msgs/msg/PolynomialSegment4D.msg
[2.919s] -- Up-to-date symlink: /home/aimane/vnav23/labs/lab4/install/mav_planning_msgs/share/mav_planning_msgs/msg/PolynomialTrajectory.msg
[2.921s] -- Up-to-date symlink: /home/aimane/vnav23/labs/lab4/install/mav_planning_msgs/share/mav_planning_msgs/msg/PolynomialTrajectory4D.msg
[2.921s] -- Up-to-date symlink: /home/aimane/vnav23/labs/lab4/install/mav_planning_msgs/share/mav_planning_msgs/srv/PlannerService.srv
[2.922s] -- Up-to-date symlink: /home/aimane/vnav23/labs/lab4/install/mav_planning_msgs/share/mav_planning_msgs/srv/PlannerService_Request.msg
[2.922s] -- Up-to-date symlink: /home/aimane/vnav23/labs/lab4/install/mav_planning_msgs/share/mav_planning_msgs/srv/PlannerService_Response.msg
[2.922s] -- Up-to-date symlink: /home/aimane/vnav23/labs/lab4/install/mav_planning_msgs/share/mav_planning_msgs/srv/PolygonService.srv
[2.922s] -- Up-to-date symlink: /home/aimane/vnav23/labs/lab4/install/mav_planning_msgs/share/mav_planning_msgs/srv/PolygonService_Request.msg
[2.922s] -- Up-to-date symlink: /home/aimane/vnav23/labs/lab4/install/mav_planning_msgs/share/mav_planning_msgs/srv/PolygonService_Response.msg
[2.923s] -- Up-to-date symlink: /home/aimane/vnav23/labs/lab4/install/mav_planning_msgs/share/mav_planning_msgs/srv/ChangeNameService.srv
[2.923s] -- Up-to-date symlink: /home/aimane/vnav23/labs/lab4/install/mav_planning_msgs/share/mav_planning_msgs/srv/ChangeNameService_Request.msg
[2.923s] -- Up-to-date symlink: /home/aimane/vnav23/labs/lab4/install/mav_planning_msgs/share/mav_planning_msgs/srv/ChangeNameService_Response.msg
[2.923s] -- Up-to-date symlink: /home/aimane/vnav23/labs/lab4/install/mav_planning_msgs/share/ament_index/resource_index/package_run_dependencies/mav_planning_msgs
[2.924s] -- Up-to-date symlink: /home/aimane/vnav23/labs/lab4/install/mav_planning_msgs/share/ament_index/resource_index/parent_prefix_path/mav_planning_msgs
[2.925s] -- Up-to-date symlink: /home/aimane/vnav23/labs/lab4/install/mav_planning_msgs/share/mav_planning_msgs/environment/ament_prefix_path.sh
[2.925s] -- Up-to-date symlink: /home/aimane/vnav23/labs/lab4/install/mav_planning_msgs/share/mav_planning_msgs/environment/ament_prefix_path.dsv
[2.925s] -- Up-to-date symlink: /home/aimane/vnav23/labs/lab4/install/mav_planning_msgs/share/mav_planning_msgs/environment/path.sh
[2.925s] -- Up-to-date symlink: /home/aimane/vnav23/labs/lab4/install/mav_planning_msgs/share/mav_planning_msgs/environment/path.dsv
[2.925s] -- Up-to-date symlink: /home/aimane/vnav23/labs/lab4/install/mav_planning_msgs/share/mav_planning_msgs/local_setup.bash
[2.926s] -- Up-to-date symlink: /home/aimane/vnav23/labs/lab4/install/mav_planning_msgs/share/mav_planning_msgs/local_setup.sh
[2.926s] -- Up-to-date symlink: /home/aimane/vnav23/labs/lab4/install/mav_planning_msgs/share/mav_planning_msgs/local_setup.zsh
[2.927s] -- Up-to-date symlink: /home/aimane/vnav23/labs/lab4/install/mav_planning_msgs/share/mav_planning_msgs/local_setup.dsv
[2.927s] -- Symlinking: /home/aimane/vnav23/labs/lab4/install/mav_planning_msgs/share/mav_planning_msgs/package.dsv
[2.948s] -- Up-to-date symlink: /home/aimane/vnav23/labs/lab4/install/mav_planning_msgs/share/ament_index/resource_index/packages/mav_planning_msgs
[2.948s] -- Up-to-date symlink: /home/aimane/vnav23/labs/lab4/install/mav_planning_msgs/share/mav_planning_msgs/cmake/rosidl_cmake-extras.cmake
[2.949s] -- Up-to-date symlink: /home/aimane/vnav23/labs/lab4/install/mav_planning_msgs/share/mav_planning_msgs/cmake/ament_cmake_export_dependencies-extras.cmake
[2.951s] -- Up-to-date symlink: /home/aimane/vnav23/labs/lab4/install/mav_planning_msgs/share/mav_planning_msgs/cmake/ament_cmake_export_include_directories-extras.cmake
[2.951s] -- Up-to-date symlink: /home/aimane/vnav23/labs/lab4/install/mav_planning_msgs/share/mav_planning_msgs/cmake/ament_cmake_export_libraries-extras.cmake
[2.953s] -- Up-to-date symlink: /home/aimane/vnav23/labs/lab4/install/mav_planning_msgs/share/mav_planning_msgs/cmake/ament_cmake_export_targets-extras.cmake
[2.953s] -- Up-to-date symlink: /home/aimane/vnav23/labs/lab4/install/mav_planning_msgs/share/mav_planning_msgs/cmake/rosidl_cmake_export_typesupport_targets-extras.cmake
[2.954s] -- Up-to-date symlink: /home/aimane/vnav23/labs/lab4/install/mav_planning_msgs/share/mav_planning_msgs/cmake/rosidl_cmake_export_typesupport_libraries-extras.cmake
[2.954s] -- Up-to-date symlink: /home/aimane/vnav23/labs/lab4/install/mav_planning_msgs/share/mav_planning_msgs/cmake/mav_planning_msgsConfig.cmake
[2.955s] -- Up-to-date symlink: /home/aimane/vnav23/labs/lab4/install/mav_planning_msgs/share/mav_planning_msgs/cmake/mav_planning_msgsConfig-version.cmake
[2.955s] -- Up-to-date symlink: /home/aimane/vnav23/labs/lab4/install/mav_planning_msgs/share/mav_planning_msgs/package.xml
[2.956s] -- Up-to-date: /home/aimane/vnav23/labs/lab4/install/mav_planning_msgs/lib/libmav_planning_msgs__rosidl_generator_c.so
[2.957s] -- Up-to-date: /home/aimane/vnav23/labs/lab4/install/mav_planning_msgs/lib/libmav_planning_msgs__rosidl_typesupport_fastrtps_c.so
[2.958s] -- Up-to-date: /home/aimane/vnav23/labs/lab4/install/mav_planning_msgs/lib/libmav_planning_msgs__rosidl_typesupport_introspection_c.so
[2.959s] -- Up-to-date: /home/aimane/vnav23/labs/lab4/install/mav_planning_msgs/lib/libmav_planning_msgs__rosidl_typesupport_c.so
[2.960s] -- Up-to-date: /home/aimane/vnav23/labs/lab4/install/mav_planning_msgs/lib/libmav_planning_msgs__rosidl_typesupport_fastrtps_cpp.so
[2.961s] -- Up-to-date: /home/aimane/vnav23/labs/lab4/install/mav_planning_msgs/lib/libmav_planning_msgs__rosidl_typesupport_introspection_cpp.so
[2.962s] -- Up-to-date: /home/aimane/vnav23/labs/lab4/install/mav_planning_msgs/lib/libmav_planning_msgs__rosidl_typesupport_cpp.so
[3.065s] Listing '/home/aimane/vnav23/labs/lab4/install/mav_planning_msgs/local/lib/python3.10/dist-packages/mav_planning_msgs'...
[3.065s] Listing '/home/aimane/vnav23/labs/lab4/install/mav_planning_msgs/local/lib/python3.10/dist-packages/mav_planning_msgs/msg'...
[3.065s] Listing '/home/aimane/vnav23/labs/lab4/install/mav_planning_msgs/local/lib/python3.10/dist-packages/mav_planning_msgs/srv'...
[3.072s] -- Up-to-date: /home/aimane/vnav23/labs/lab4/install/mav_planning_msgs/lib/libmav_planning_msgs__rosidl_generator_py.so
[3.075s] -- Up-to-date: /home/aimane/vnav23/labs/lab4/install/mav_planning_msgs/include/mav_planning_msgs
[3.075s] -- Up-to-date: /home/aimane/vnav23/labs/lab4/install/mav_planning_msgs/include/mav_planning_msgs/conversions.hpp
[3.076s] -- Up-to-date: /home/aimane/vnav23/labs/lab4/install/mav_planning_msgs/include/mav_planning_msgs/conversions_deprecated.hpp
[3.077s] -- Up-to-date: /home/aimane/vnav23/labs/lab4/install/mav_planning_msgs/include/mav_planning_msgs/eigen_planning_msgs.hpp
[3.078s] -- Up-to-date: /home/aimane/vnav23/labs/lab4/install/mav_planning_msgs/share/mav_planning_msgs/cmake/export_mav_planning_msgs__rosidl_generator_cExport.cmake
[3.078s] -- Up-to-date: /home/aimane/vnav23/labs/lab4/install/mav_planning_msgs/share/mav_planning_msgs/cmake/export_mav_planning_msgs__rosidl_generator_cExport-noconfig.cmake
[3.078s] -- Up-to-date: /home/aimane/vnav23/labs/lab4/install/mav_planning_msgs/share/mav_planning_msgs/cmake/export_mav_planning_msgs__rosidl_typesupport_fastrtps_cExport.cmake
[3.078s] -- Up-to-date: /home/aimane/vnav23/labs/lab4/install/mav_planning_msgs/share/mav_planning_msgs/cmake/export_mav_planning_msgs__rosidl_typesupport_fastrtps_cExport-noconfig.cmake
[3.078s] -- Up-to-date: /home/aimane/vnav23/labs/lab4/install/mav_planning_msgs/share/mav_planning_msgs/cmake/mav_planning_msgs__rosidl_typesupport_introspection_cExport.cmake
[3.079s] -- Up-to-date: /home/aimane/vnav23/labs/lab4/install/mav_planning_msgs/share/mav_planning_msgs/cmake/mav_planning_msgs__rosidl_typesupport_introspection_cExport-noconfig.cmake
[3.079s] -- Up-to-date: /home/aimane/vnav23/labs/lab4/install/mav_planning_msgs/share/mav_planning_msgs/cmake/mav_planning_msgs__rosidl_typesupport_cExport.cmake
[3.079s] -- Up-to-date: /home/aimane/vnav23/labs/lab4/install/mav_planning_msgs/share/mav_planning_msgs/cmake/mav_planning_msgs__rosidl_typesupport_cExport-noconfig.cmake
[3.080s] -- Up-to-date: /home/aimane/vnav23/labs/lab4/install/mav_planning_msgs/share/mav_planning_msgs/cmake/export_mav_planning_msgs__rosidl_generator_cppExport.cmake
[3.080s] -- Up-to-date: /home/aimane/vnav23/labs/lab4/install/mav_planning_msgs/share/mav_planning_msgs/cmake/export_mav_planning_msgs__rosidl_typesupport_fastrtps_cppExport.cmake
[3.080s] -- Up-to-date: /home/aimane/vnav23/labs/lab4/install/mav_planning_msgs/share/mav_planning_msgs/cmake/export_mav_planning_msgs__rosidl_typesupport_fastrtps_cppExport-noconfig.cmake
[3.080s] -- Up-to-date: /home/aimane/vnav23/labs/lab4/install/mav_planning_msgs/share/mav_planning_msgs/cmake/mav_planning_msgs__rosidl_typesupport_introspection_cppExport.cmake
[3.081s] -- Up-to-date: /home/aimane/vnav23/labs/lab4/install/mav_planning_msgs/share/mav_planning_msgs/cmake/mav_planning_msgs__rosidl_typesupport_introspection_cppExport-noconfig.cmake
[3.081s] -- Up-to-date: /home/aimane/vnav23/labs/lab4/install/mav_planning_msgs/share/mav_planning_msgs/cmake/mav_planning_msgs__rosidl_typesupport_cppExport.cmake
[3.081s] -- Up-to-date: /home/aimane/vnav23/labs/lab4/install/mav_planning_msgs/share/mav_planning_msgs/cmake/mav_planning_msgs__rosidl_typesupport_cppExport-noconfig.cmake
[3.081s] -- Up-to-date: /home/aimane/vnav23/labs/lab4/install/mav_planning_msgs/share/mav_planning_msgs/cmake/export_mav_planning_msgs__rosidl_generator_pyExport.cmake
[3.082s] -- Up-to-date: /home/aimane/vnav23/labs/lab4/install/mav_planning_msgs/share/mav_planning_msgs/cmake/export_mav_planning_msgs__rosidl_generator_pyExport-noconfig.cmake
[3.087s] Invoked command in '/home/aimane/vnav23/labs/lab4/build/mav_planning_msgs' returned '0': CMAKE_PREFIX_PATH=/home/aimane/vnav23/labs/lab4/install/mav_msgs:/home/aimane/vnav23/labs/lab4/install/trajectory_generation:/home/aimane/vnav23/labs/lab4/install/tesse_msgs:/home/aimane/vnav23/labs/lab4/install/planner_pkg:/home/aimane/vnav23/labs/lab4/install/tesse_ros_bridge:/opt/ros/humble:/home/aimane/vnav23/labs/lab4/install/mav_visualization:/home/aimane/vnav23/labs/lab4/install/mav_trajectory_generation:/home/aimane/vnav23/labs/lab4/install/mav_comm:/home/aimane/vnav23/labs/lab4/install/mav_system_msgs:/home/aimane/vnav23/labs/lab4/install/mav_state_machine_msgs:/home/aimane/vnav23/labs/lab4/install/mav_planning_msgs:/home/aimane/vnav23/labs/lab4/install/controller_pkg LD_LIBRARY_PATH=/home/aimane/vnav23/labs/lab4/install/mav_msgs/lib:/home/aimane/vnav23/labs/lab4/install/tesse_msgs/lib:/home/aimane/vnav23/labs/lab4/install/mav_trajectory_generation/lib:/home/aimane/vnav23/labs/lab4/install/mav_system_msgs/lib:/home/aimane/vnav23/labs/lab4/install/mav_state_machine_msgs/lib:/home/aimane/vnav23/labs/lab4/install/mav_planning_msgs/lib:/opt/ros/humble/opt/rviz_ogre_vendor/lib:/opt/ros/humble/lib/x86_64-linux-gnu:/opt/ros/humble/lib /usr/bin/cmake --install /home/aimane/vnav23/labs/lab4/build/mav_planning_msgs
