[0.060s] Invoking command in '/home/aimane/vnav23/labs/lab4/build/mav_visualization': /usr/bin/cmake --build /home/aimane/vnav23/labs/lab4/build/mav_visualization -- -j8 -l8
[0.527s] [100%] Built target mav_visualization
[0.527s] Invoked command in '/home/aimane/vnav23/labs/lab4/build/mav_visualization' returned '0': /usr/bin/cmake --build /home/aimane/vnav23/labs/lab4/build/mav_visualization -- -j8 -l8
[0.539s] Invoking command in '/home/aimane/vnav23/labs/lab4/build/mav_visualization': /usr/bin/cmake --install /home/aimane/vnav23/labs/lab4/build/mav_visualization
[0.944s] -- Install configuration: ""
[0.944s] -- Up-to-date: /home/aimane/vnav23/labs/lab4/install/mav_visualization/share/ament_index/resource_index/package_run_dependencies/mav_visualization
[0.944s] -- Up-to-date: /home/aimane/vnav23/labs/lab4/install/mav_visualization/share/ament_index/resource_index/parent_prefix_path/mav_visualization
[0.945s] -- Up-to-date: /home/aimane/vnav23/labs/lab4/install/mav_visualization/share/mav_visualization/environment/ament_prefix_path.sh
[0.946s] -- Up-to-date: /home/aimane/vnav23/labs/lab4/install/mav_visualization/share/mav_visualization/environment/ament_prefix_path.dsv
[0.946s] -- Up-to-date: /home/aimane/vnav23/labs/lab4/install/mav_visualization/share/mav_visualization/environment/path.sh
[0.947s] -- Up-to-date: /home/aimane/vnav23/labs/lab4/install/mav_visualization/share/mav_visualization/environment/path.dsv
[0.947s] -- Up-to-date: /home/aimane/vnav23/labs/lab4/install/mav_visualization/share/mav_visualization/local_setup.bash
[0.947s] -- Up-to-date: /home/aimane/vnav23/labs/lab4/install/mav_visualization/share/mav_visualization/local_setup.sh
[0.948s] -- Up-to-date: /home/aimane/vnav23/labs/lab4/install/mav_visualization/share/mav_visualization/local_setup.zsh
[0.949s] -- Up-to-date: /home/aimane/vnav23/labs/lab4/install/mav_visualization/share/mav_visualization/local_setup.dsv
[0.950s] -- Installing: /home/aimane/vnav23/labs/lab4/install/mav_visualization/share/mav_visualization/package.dsv
[0.951s] -- Up-to-date: /home/aimane/vnav23/labs/lab4/install/mav_visualization/share/ament_index/resource_index/packages/mav_visualization
[0.952s] -- Up-to-date: /home/aimane/vnav23/labs/lab4/install/mav_visualization/share/mav_visualization/cmake/mav_visualizationConfig.cmake
[0.952s] -- Up-to-date: /home/aimane/vnav23/labs/lab4/install/mav_visualization/share/mav_visualization/cmake/mav_visualizationConfig-version.cmake
[0.952s] -- Up-to-date: /home/aimane/vnav23/labs/lab4/install/mav_visualization/share/mav_visualization/package.xml
[0.957s] Invoked command in '/home/aimane/vnav23/labs/lab4/build/mav_visualization' returned '0': /usr/bin/cmake --install /home/aimane/vnav23/labs/lab4/build/mav_visualization
