[2.126s] Invoking command in '/home/aimane/vnav23/labs/lab4/src/tesse_ros_bridge': PYTHONPATH=/home/aimane/vnav23/labs/lab4/build/tesse_ros_bridge/prefix_override:/usr/lib/python3/dist-packages/colcon_core/task/python/colcon_distutils_commands:/home/aimane/vnav23/labs/lab4/install/tesse_ros_bridge/lib/python3.10/site-packages:${PYTHONPATH} /usr/bin/python3 -W ignore:setup.py install is deprecated -W ignore:easy_install command is deprecated setup.py egg_info --egg-base ../../lab4/build/tesse_ros_bridge build --build-base /home/aimane/vnav23/labs/lab4/build/tesse_ros_bridge/build install --record /home/aimane/vnav23/labs/lab4/build/tesse_ros_bridge/install.log --single-version-externally-managed install_data
[2.825s] running egg_info
[2.825s] writing ../../lab4/build/tesse_ros_bridge/tesse_ros_bridge.egg-info/PKG-INFO
[2.826s] writing dependency_links to ../../lab4/build/tesse_ros_bridge/tesse_ros_bridge.egg-info/dependency_links.txt
[2.826s] writing entry points to ../../lab4/build/tesse_ros_bridge/tesse_ros_bridge.egg-info/entry_points.txt
[2.826s] writing requirements to ../../lab4/build/tesse_ros_bridge/tesse_ros_bridge.egg-info/requires.txt
[2.827s] writing top-level names to ../../lab4/build/tesse_ros_bridge/tesse_ros_bridge.egg-info/top_level.txt
[2.834s] reading manifest file '../../lab4/build/tesse_ros_bridge/tesse_ros_bridge.egg-info/SOURCES.txt'
[2.835s] writing manifest file '../../lab4/build/tesse_ros_bridge/tesse_ros_bridge.egg-info/SOURCES.txt'
[2.835s] running build
[2.835s] running build_py
[2.839s] running install
[2.839s] running install_lib
[2.844s] running install_data
[2.845s] running install_egg_info
[2.856s] removing '/home/aimane/vnav23/labs/lab4/install/tesse_ros_bridge/lib/python3.10/site-packages/tesse_ros_bridge-0.0.0-py3.10.egg-info' (and everything under it)
[2.857s] Copying ../../lab4/build/tesse_ros_bridge/tesse_ros_bridge.egg-info to /home/aimane/vnav23/labs/lab4/install/tesse_ros_bridge/lib/python3.10/site-packages/tesse_ros_bridge-0.0.0-py3.10.egg-info
[2.863s] running install_scripts
[2.972s] Installing key_teleop script to /home/aimane/vnav23/labs/lab4/install/tesse_ros_bridge/lib/tesse_ros_bridge
[2.975s] Installing quadrotor_control_interface script to /home/aimane/vnav23/labs/lab4/install/tesse_ros_bridge/lib/tesse_ros_bridge
[2.976s] Installing tesse_ros_node script to /home/aimane/vnav23/labs/lab4/install/tesse_ros_bridge/lib/tesse_ros_bridge
[2.978s] writing list of installed files to '/home/aimane/vnav23/labs/lab4/build/tesse_ros_bridge/install.log'
[3.098s] Invoked command in '/home/aimane/vnav23/labs/lab4/src/tesse_ros_bridge' returned '0': PYTHONPATH=/home/aimane/vnav23/labs/lab4/build/tesse_ros_bridge/prefix_override:/usr/lib/python3/dist-packages/colcon_core/task/python/colcon_distutils_commands:/home/aimane/vnav23/labs/lab4/install/tesse_ros_bridge/lib/python3.10/site-packages:${PYTHONPATH} /usr/bin/python3 -W ignore:setup.py install is deprecated -W ignore:easy_install command is deprecated setup.py egg_info --egg-base ../../lab4/build/tesse_ros_bridge build --build-base /home/aimane/vnav23/labs/lab4/build/tesse_ros_bridge/build install --record /home/aimane/vnav23/labs/lab4/build/tesse_ros_bridge/install.log --single-version-externally-managed install_data
