[0.118s] Invoking command in '/home/aimane/vnav23/labs/lab4/build/mav_system_msgs': CMAKE_PREFIX_PATH=/home/aimane/vnav23/labs/lab4/install/trajectory_generation:/home/aimane/vnav23/labs/lab4/install/tesse_msgs:/home/aimane/vnav23/labs/lab4/install/planner_pkg:/home/aimane/vnav23/labs/lab4/install/tesse_ros_bridge:/opt/ros/humble:/home/aimane/vnav23/labs/lab4/install/mav_visualization:/home/aimane/vnav23/labs/lab4/install/mav_trajectory_generation:/home/aimane/vnav23/labs/lab4/install/mav_comm:/home/aimane/vnav23/labs/lab4/install/mav_system_msgs:/home/aimane/vnav23/labs/lab4/install/mav_state_machine_msgs:/home/aimane/vnav23/labs/lab4/install/mav_planning_msgs:/home/aimane/vnav23/labs/lab4/install/controller_pkg:/home/aimane/vnav23/labs/lab4/install/mav_msgs:/home/aimane/mavros_ws/install/mavros_extras:/home/aimane/mavros_ws/install/mavros_examples:/home/aimane/mavros_ws/install/mavros:/home/aimane/mavros_ws/install/mavros_msgs:/home/aimane/mavros_ws/install/libmavconn /usr/bin/cmake --build /home/aimane/vnav23/labs/lab4/build/mav_system_msgs -- -j8 -l8
[1.143s] [  3%] Built target mav_system_msgs__cpp
[1.144s] [ 17%] Built target mav_system_msgs__rosidl_generator_c
[1.144s] [ 31%] Built target mav_system_msgs__rosidl_typesupport_fastrtps_cpp
[1.144s] [ 44%] Built target mav_system_msgs__rosidl_typesupport_introspection_cpp
[1.144s] [ 58%] Built target mav_system_msgs__rosidl_typesupport_introspection_c
[1.144s] [ 72%] Built target mav_system_msgs__rosidl_typesupport_fastrtps_c
[1.144s] [ 86%] Built target mav_system_msgs__rosidl_typesupport_cpp
[1.145s] [100%] Built target mav_system_msgs__rosidl_typesupport_c
[1.145s] [100%] Built target mav_system_msgs
[2.065s] Invoked command in '/home/aimane/vnav23/labs/lab4/build/mav_system_msgs' returned '0': CMAKE_PREFIX_PATH=/home/aimane/vnav23/labs/lab4/install/trajectory_generation:/home/aimane/vnav23/labs/lab4/install/tesse_msgs:/home/aimane/vnav23/labs/lab4/install/planner_pkg:/home/aimane/vnav23/labs/lab4/install/tesse_ros_bridge:/opt/ros/humble:/home/aimane/vnav23/labs/lab4/install/mav_visualization:/home/aimane/vnav23/labs/lab4/install/mav_trajectory_generation:/home/aimane/vnav23/labs/lab4/install/mav_comm:/home/aimane/vnav23/labs/lab4/install/mav_system_msgs:/home/aimane/vnav23/labs/lab4/install/mav_state_machine_msgs:/home/aimane/vnav23/labs/lab4/install/mav_planning_msgs:/home/aimane/vnav23/labs/lab4/install/controller_pkg:/home/aimane/vnav23/labs/lab4/install/mav_msgs:/home/aimane/mavros_ws/install/mavros_extras:/home/aimane/mavros_ws/install/mavros_examples:/home/aimane/mavros_ws/install/mavros:/home/aimane/mavros_ws/install/mavros_msgs:/home/aimane/mavros_ws/install/libmavconn /usr/bin/cmake --build /home/aimane/vnav23/labs/lab4/build/mav_system_msgs -- -j8 -l8
[2.067s] Invoking command in '/home/aimane/vnav23/labs/lab4/build/mav_system_msgs': CMAKE_PREFIX_PATH=/home/aimane/vnav23/labs/lab4/install/trajectory_generation:/home/aimane/vnav23/labs/lab4/install/tesse_msgs:/home/aimane/vnav23/labs/lab4/install/planner_pkg:/home/aimane/vnav23/labs/lab4/install/tesse_ros_bridge:/opt/ros/humble:/home/aimane/vnav23/labs/lab4/install/mav_visualization:/home/aimane/vnav23/labs/lab4/install/mav_trajectory_generation:/home/aimane/vnav23/labs/lab4/install/mav_comm:/home/aimane/vnav23/labs/lab4/install/mav_system_msgs:/home/aimane/vnav23/labs/lab4/install/mav_state_machine_msgs:/home/aimane/vnav23/labs/lab4/install/mav_planning_msgs:/home/aimane/vnav23/labs/lab4/install/controller_pkg:/home/aimane/vnav23/labs/lab4/install/mav_msgs:/home/aimane/mavros_ws/install/mavros_extras:/home/aimane/mavros_ws/install/mavros_examples:/home/aimane/mavros_ws/install/mavros:/home/aimane/mavros_ws/install/mavros_msgs:/home/aimane/mavros_ws/install/libmavconn /usr/bin/cmake --install /home/aimane/vnav23/labs/lab4/build/mav_system_msgs
[2.128s] -- Install configuration: ""
[2.129s] -- Execute custom install script
[2.130s] -- Up-to-date symlink: /home/aimane/vnav23/labs/lab4/install/mav_system_msgs/share/ament_index/resource_index/rosidl_interfaces/mav_system_msgs
[2.157s] -- Up-to-date symlink: /home/aimane/vnav23/labs/lab4/install/mav_system_msgs/include/mav_system_msgs/mav_system_msgs/msg/cpu_info.h
[2.159s] -- Up-to-date symlink: /home/aimane/vnav23/labs/lab4/install/mav_system_msgs/include/mav_system_msgs/mav_system_msgs/msg/detail/cpu_info__functions.h
[2.163s] -- Up-to-date symlink: /home/aimane/vnav23/labs/lab4/install/mav_system_msgs/include/mav_system_msgs/mav_system_msgs/msg/detail/cpu_info__struct.h
[2.163s] -- Up-to-date symlink: /home/aimane/vnav23/labs/lab4/install/mav_system_msgs/include/mav_system_msgs/mav_system_msgs/msg/detail/cpu_info__type_support.h
[2.164s] -- Up-to-date symlink: /home/aimane/vnav23/labs/lab4/install/mav_system_msgs/include/mav_system_msgs/mav_system_msgs/msg/detail/process_info__functions.h
[2.165s] -- Up-to-date symlink: /home/aimane/vnav23/labs/lab4/install/mav_system_msgs/include/mav_system_msgs/mav_system_msgs/msg/detail/process_info__struct.h
[2.165s] -- Up-to-date symlink: /home/aimane/vnav23/labs/lab4/install/mav_system_msgs/include/mav_system_msgs/mav_system_msgs/msg/detail/process_info__type_support.h
[2.174s] -- Up-to-date symlink: /home/aimane/vnav23/labs/lab4/install/mav_system_msgs/include/mav_system_msgs/mav_system_msgs/msg/process_info.h
[2.174s] -- Up-to-date symlink: /home/aimane/vnav23/labs/lab4/install/mav_system_msgs/include/mav_system_msgs/mav_system_msgs/msg/rosidl_generator_c__visibility_control.h
[2.175s] -- Up-to-date symlink: /home/aimane/vnav23/labs/lab4/install/mav_system_msgs/share/mav_system_msgs/environment/library_path.sh
[2.175s] -- Up-to-date symlink: /home/aimane/vnav23/labs/lab4/install/mav_system_msgs/share/mav_system_msgs/environment/library_path.dsv
[2.176s] -- Up-to-date symlink: /home/aimane/vnav23/labs/lab4/install/mav_system_msgs/include/mav_system_msgs/mav_system_msgs/msg/detail/cpu_info__rosidl_typesupport_fastrtps_c.h
[2.177s] -- Up-to-date symlink: /home/aimane/vnav23/labs/lab4/install/mav_system_msgs/include/mav_system_msgs/mav_system_msgs/msg/detail/process_info__rosidl_typesupport_fastrtps_c.h
[2.177s] -- Up-to-date symlink: /home/aimane/vnav23/labs/lab4/install/mav_system_msgs/include/mav_system_msgs/mav_system_msgs/msg/rosidl_typesupport_fastrtps_c__visibility_control.h
[2.177s] -- Up-to-date symlink: /home/aimane/vnav23/labs/lab4/install/mav_system_msgs/include/mav_system_msgs/mav_system_msgs/msg/cpu_info.hpp
[2.184s] -- Up-to-date symlink: /home/aimane/vnav23/labs/lab4/install/mav_system_msgs/include/mav_system_msgs/mav_system_msgs/msg/detail/cpu_info__builder.hpp
[2.185s] -- Up-to-date symlink: /home/aimane/vnav23/labs/lab4/install/mav_system_msgs/include/mav_system_msgs/mav_system_msgs/msg/detail/cpu_info__struct.hpp
[2.186s] -- Up-to-date symlink: /home/aimane/vnav23/labs/lab4/install/mav_system_msgs/include/mav_system_msgs/mav_system_msgs/msg/detail/cpu_info__traits.hpp
[2.187s] -- Up-to-date symlink: /home/aimane/vnav23/labs/lab4/install/mav_system_msgs/include/mav_system_msgs/mav_system_msgs/msg/detail/cpu_info__type_support.hpp
[2.187s] -- Up-to-date symlink: /home/aimane/vnav23/labs/lab4/install/mav_system_msgs/include/mav_system_msgs/mav_system_msgs/msg/detail/process_info__builder.hpp
[2.187s] -- Up-to-date symlink: /home/aimane/vnav23/labs/lab4/install/mav_system_msgs/include/mav_system_msgs/mav_system_msgs/msg/detail/process_info__struct.hpp
[2.188s] -- Up-to-date symlink: /home/aimane/vnav23/labs/lab4/install/mav_system_msgs/include/mav_system_msgs/mav_system_msgs/msg/detail/process_info__traits.hpp
[2.188s] -- Up-to-date symlink: /home/aimane/vnav23/labs/lab4/install/mav_system_msgs/include/mav_system_msgs/mav_system_msgs/msg/detail/process_info__type_support.hpp
[2.191s] -- Up-to-date symlink: /home/aimane/vnav23/labs/lab4/install/mav_system_msgs/include/mav_system_msgs/mav_system_msgs/msg/process_info.hpp
[2.191s] -- Up-to-date symlink: /home/aimane/vnav23/labs/lab4/install/mav_system_msgs/include/mav_system_msgs/mav_system_msgs/msg/rosidl_generator_cpp__visibility_control.hpp
[2.192s] -- Up-to-date symlink: /home/aimane/vnav23/labs/lab4/install/mav_system_msgs/include/mav_system_msgs/mav_system_msgs/msg/detail/cpu_info__rosidl_typesupport_fastrtps_cpp.hpp
[2.193s] -- Up-to-date symlink: /home/aimane/vnav23/labs/lab4/install/mav_system_msgs/include/mav_system_msgs/mav_system_msgs/msg/detail/process_info__rosidl_typesupport_fastrtps_cpp.hpp
[2.193s] -- Up-to-date symlink: /home/aimane/vnav23/labs/lab4/install/mav_system_msgs/include/mav_system_msgs/mav_system_msgs/msg/rosidl_typesupport_fastrtps_cpp__visibility_control.h
[2.194s] -- Up-to-date symlink: /home/aimane/vnav23/labs/lab4/install/mav_system_msgs/include/mav_system_msgs/mav_system_msgs/msg/detail/cpu_info__rosidl_typesupport_introspection_c.h
[2.195s] -- Up-to-date symlink: /home/aimane/vnav23/labs/lab4/install/mav_system_msgs/include/mav_system_msgs/mav_system_msgs/msg/detail/process_info__rosidl_typesupport_introspection_c.h
[2.195s] -- Up-to-date symlink: /home/aimane/vnav23/labs/lab4/install/mav_system_msgs/include/mav_system_msgs/mav_system_msgs/msg/rosidl_typesupport_introspection_c__visibility_control.h
[2.195s] -- Up-to-date symlink: /home/aimane/vnav23/labs/lab4/install/mav_system_msgs/include/mav_system_msgs/mav_system_msgs/msg/detail/cpu_info__rosidl_typesupport_introspection_cpp.hpp
[2.196s] -- Up-to-date symlink: /home/aimane/vnav23/labs/lab4/install/mav_system_msgs/include/mav_system_msgs/mav_system_msgs/msg/detail/process_info__rosidl_typesupport_introspection_cpp.hpp
[2.196s] -- Up-to-date symlink: /home/aimane/vnav23/labs/lab4/install/mav_system_msgs/share/mav_system_msgs/msg/CpuInfo.idl
[2.197s] -- Up-to-date symlink: /home/aimane/vnav23/labs/lab4/install/mav_system_msgs/share/mav_system_msgs/msg/ProcessInfo.idl
[2.198s] -- Up-to-date symlink: /home/aimane/vnav23/labs/lab4/install/mav_system_msgs/share/mav_system_msgs/msg/CpuInfo.msg
[2.199s] -- Up-to-date symlink: /home/aimane/vnav23/labs/lab4/install/mav_system_msgs/share/mav_system_msgs/msg/ProcessInfo.msg
[2.199s] -- Up-to-date symlink: /home/aimane/vnav23/labs/lab4/install/mav_system_msgs/share/ament_index/resource_index/package_run_dependencies/mav_system_msgs
[2.199s] -- Up-to-date symlink: /home/aimane/vnav23/labs/lab4/install/mav_system_msgs/share/ament_index/resource_index/parent_prefix_path/mav_system_msgs
[2.200s] -- Up-to-date symlink: /home/aimane/vnav23/labs/lab4/install/mav_system_msgs/share/mav_system_msgs/environment/ament_prefix_path.sh
[2.200s] -- Up-to-date symlink: /home/aimane/vnav23/labs/lab4/install/mav_system_msgs/share/mav_system_msgs/environment/ament_prefix_path.dsv
[2.200s] -- Up-to-date symlink: /home/aimane/vnav23/labs/lab4/install/mav_system_msgs/share/mav_system_msgs/environment/path.sh
[2.201s] -- Up-to-date symlink: /home/aimane/vnav23/labs/lab4/install/mav_system_msgs/share/mav_system_msgs/environment/path.dsv
[2.201s] -- Up-to-date symlink: /home/aimane/vnav23/labs/lab4/install/mav_system_msgs/share/mav_system_msgs/local_setup.bash
[2.202s] -- Up-to-date symlink: /home/aimane/vnav23/labs/lab4/install/mav_system_msgs/share/mav_system_msgs/local_setup.sh
[2.202s] -- Up-to-date symlink: /home/aimane/vnav23/labs/lab4/install/mav_system_msgs/share/mav_system_msgs/local_setup.zsh
[2.203s] -- Up-to-date symlink: /home/aimane/vnav23/labs/lab4/install/mav_system_msgs/share/mav_system_msgs/local_setup.dsv
[2.203s] -- Symlinking: /home/aimane/vnav23/labs/lab4/install/mav_system_msgs/share/mav_system_msgs/package.dsv
[2.290s] -- Up-to-date symlink: /home/aimane/vnav23/labs/lab4/install/mav_system_msgs/share/ament_index/resource_index/packages/mav_system_msgs
[2.291s] -- Up-to-date symlink: /home/aimane/vnav23/labs/lab4/install/mav_system_msgs/share/mav_system_msgs/cmake/rosidl_cmake-extras.cmake
[2.292s] -- Up-to-date symlink: /home/aimane/vnav23/labs/lab4/install/mav_system_msgs/share/mav_system_msgs/cmake/ament_cmake_export_dependencies-extras.cmake
[2.295s] -- Up-to-date symlink: /home/aimane/vnav23/labs/lab4/install/mav_system_msgs/share/mav_system_msgs/cmake/ament_cmake_export_include_directories-extras.cmake
[2.301s] -- Up-to-date symlink: /home/aimane/vnav23/labs/lab4/install/mav_system_msgs/share/mav_system_msgs/cmake/ament_cmake_export_libraries-extras.cmake
[2.311s] -- Up-to-date symlink: /home/aimane/vnav23/labs/lab4/install/mav_system_msgs/share/mav_system_msgs/cmake/ament_cmake_export_targets-extras.cmake
[2.314s] -- Up-to-date symlink: /home/aimane/vnav23/labs/lab4/install/mav_system_msgs/share/mav_system_msgs/cmake/rosidl_cmake_export_typesupport_targets-extras.cmake
[2.315s] -- Up-to-date symlink: /home/aimane/vnav23/labs/lab4/install/mav_system_msgs/share/mav_system_msgs/cmake/rosidl_cmake_export_typesupport_libraries-extras.cmake
[2.316s] -- Up-to-date symlink: /home/aimane/vnav23/labs/lab4/install/mav_system_msgs/share/mav_system_msgs/cmake/mav_system_msgsConfig.cmake
[2.316s] -- Up-to-date symlink: /home/aimane/vnav23/labs/lab4/install/mav_system_msgs/share/mav_system_msgs/cmake/mav_system_msgsConfig-version.cmake
[2.317s] -- Up-to-date symlink: /home/aimane/vnav23/labs/lab4/install/mav_system_msgs/share/mav_system_msgs/package.xml
[2.324s] -- Up-to-date: /home/aimane/vnav23/labs/lab4/install/mav_system_msgs/lib/libmav_system_msgs__rosidl_generator_c.so
[2.324s] -- Up-to-date: /home/aimane/vnav23/labs/lab4/install/mav_system_msgs/lib/libmav_system_msgs__rosidl_typesupport_fastrtps_c.so
[2.328s] -- Up-to-date: /home/aimane/vnav23/labs/lab4/install/mav_system_msgs/lib/libmav_system_msgs__rosidl_typesupport_fastrtps_cpp.so
[2.329s] -- Up-to-date: /home/aimane/vnav23/labs/lab4/install/mav_system_msgs/lib/libmav_system_msgs__rosidl_typesupport_introspection_c.so
[2.339s] -- Up-to-date: /home/aimane/vnav23/labs/lab4/install/mav_system_msgs/lib/libmav_system_msgs__rosidl_typesupport_c.so
[2.340s] -- Up-to-date: /home/aimane/vnav23/labs/lab4/install/mav_system_msgs/lib/libmav_system_msgs__rosidl_typesupport_introspection_cpp.so
[2.342s] -- Up-to-date: /home/aimane/vnav23/labs/lab4/install/mav_system_msgs/lib/libmav_system_msgs__rosidl_typesupport_cpp.so
[2.343s] -- Up-to-date: /home/aimane/vnav23/labs/lab4/install/mav_system_msgs/share/mav_system_msgs/cmake/export_mav_system_msgs__rosidl_generator_cExport.cmake
[2.345s] -- Up-to-date: /home/aimane/vnav23/labs/lab4/install/mav_system_msgs/share/mav_system_msgs/cmake/export_mav_system_msgs__rosidl_generator_cExport-noconfig.cmake
[2.346s] -- Up-to-date: /home/aimane/vnav23/labs/lab4/install/mav_system_msgs/share/mav_system_msgs/cmake/export_mav_system_msgs__rosidl_typesupport_fastrtps_cExport.cmake
[2.350s] -- Up-to-date: /home/aimane/vnav23/labs/lab4/install/mav_system_msgs/share/mav_system_msgs/cmake/export_mav_system_msgs__rosidl_typesupport_fastrtps_cExport-noconfig.cmake
[2.355s] -- Up-to-date: /home/aimane/vnav23/labs/lab4/install/mav_system_msgs/share/mav_system_msgs/cmake/export_mav_system_msgs__rosidl_generator_cppExport.cmake
[2.356s] -- Up-to-date: /home/aimane/vnav23/labs/lab4/install/mav_system_msgs/share/mav_system_msgs/cmake/export_mav_system_msgs__rosidl_typesupport_fastrtps_cppExport.cmake
[2.356s] -- Up-to-date: /home/aimane/vnav23/labs/lab4/install/mav_system_msgs/share/mav_system_msgs/cmake/export_mav_system_msgs__rosidl_typesupport_fastrtps_cppExport-noconfig.cmake
[2.356s] -- Up-to-date: /home/aimane/vnav23/labs/lab4/install/mav_system_msgs/share/mav_system_msgs/cmake/mav_system_msgs__rosidl_typesupport_introspection_cExport.cmake
[2.359s] -- Up-to-date: /home/aimane/vnav23/labs/lab4/install/mav_system_msgs/share/mav_system_msgs/cmake/mav_system_msgs__rosidl_typesupport_introspection_cExport-noconfig.cmake
[2.360s] -- Up-to-date: /home/aimane/vnav23/labs/lab4/install/mav_system_msgs/share/mav_system_msgs/cmake/mav_system_msgs__rosidl_typesupport_cExport.cmake
[2.361s] -- Up-to-date: /home/aimane/vnav23/labs/lab4/install/mav_system_msgs/share/mav_system_msgs/cmake/mav_system_msgs__rosidl_typesupport_cExport-noconfig.cmake
[2.361s] -- Up-to-date: /home/aimane/vnav23/labs/lab4/install/mav_system_msgs/share/mav_system_msgs/cmake/mav_system_msgs__rosidl_typesupport_introspection_cppExport.cmake
[2.361s] -- Up-to-date: /home/aimane/vnav23/labs/lab4/install/mav_system_msgs/share/mav_system_msgs/cmake/mav_system_msgs__rosidl_typesupport_introspection_cppExport-noconfig.cmake
[2.361s] -- Up-to-date: /home/aimane/vnav23/labs/lab4/install/mav_system_msgs/share/mav_system_msgs/cmake/mav_system_msgs__rosidl_typesupport_cppExport.cmake
[2.362s] -- Up-to-date: /home/aimane/vnav23/labs/lab4/install/mav_system_msgs/share/mav_system_msgs/cmake/mav_system_msgs__rosidl_typesupport_cppExport-noconfig.cmake
[2.479s] Invoked command in '/home/aimane/vnav23/labs/lab4/build/mav_system_msgs' returned '0': CMAKE_PREFIX_PATH=/home/aimane/vnav23/labs/lab4/install/trajectory_generation:/home/aimane/vnav23/labs/lab4/install/tesse_msgs:/home/aimane/vnav23/labs/lab4/install/planner_pkg:/home/aimane/vnav23/labs/lab4/install/tesse_ros_bridge:/opt/ros/humble:/home/aimane/vnav23/labs/lab4/install/mav_visualization:/home/aimane/vnav23/labs/lab4/install/mav_trajectory_generation:/home/aimane/vnav23/labs/lab4/install/mav_comm:/home/aimane/vnav23/labs/lab4/install/mav_system_msgs:/home/aimane/vnav23/labs/lab4/install/mav_state_machine_msgs:/home/aimane/vnav23/labs/lab4/install/mav_planning_msgs:/home/aimane/vnav23/labs/lab4/install/controller_pkg:/home/aimane/vnav23/labs/lab4/install/mav_msgs:/home/aimane/mavros_ws/install/mavros_extras:/home/aimane/mavros_ws/install/mavros_examples:/home/aimane/mavros_ws/install/mavros:/home/aimane/mavros_ws/install/mavros_msgs:/home/aimane/mavros_ws/install/libmavconn /usr/bin/cmake --install /home/aimane/vnav23/labs/lab4/build/mav_system_msgs
