[0.121s] Invoking command in '/home/aimane/vnav23/labs/lab4/build/mav_state_machine_msgs': CMAKE_PREFIX_PATH=/home/aimane/vnav23/labs/lab4/install/trajectory_generation:/home/aimane/vnav23/labs/lab4/install/tesse_msgs:/home/aimane/vnav23/labs/lab4/install/planner_pkg:/home/aimane/vnav23/labs/lab4/install/tesse_ros_bridge:/opt/ros/humble:/home/aimane/vnav23/labs/lab4/install/mav_visualization:/home/aimane/vnav23/labs/lab4/install/mav_trajectory_generation:/home/aimane/vnav23/labs/lab4/install/mav_comm:/home/aimane/vnav23/labs/lab4/install/mav_system_msgs:/home/aimane/vnav23/labs/lab4/install/mav_state_machine_msgs:/home/aimane/vnav23/labs/lab4/install/mav_planning_msgs:/home/aimane/vnav23/labs/lab4/install/controller_pkg:/home/aimane/vnav23/labs/lab4/install/mav_msgs:/home/aimane/mavros_ws/install/mavros_extras:/home/aimane/mavros_ws/install/mavros_examples:/home/aimane/mavros_ws/install/mavros:/home/aimane/mavros_ws/install/mavros_msgs:/home/aimane/mavros_ws/install/libmavconn /usr/bin/cmake --build /home/aimane/vnav23/labs/lab4/build/mav_state_machine_msgs -- -j8 -l8
[1.399s] [  3%] Built target mav_state_machine_msgs__cpp
[1.400s] [ 17%] Built target mav_state_machine_msgs__rosidl_generator_c
[1.400s] [ 31%] Built target mav_state_machine_msgs__rosidl_typesupport_c
[1.400s] [ 44%] Built target mav_state_machine_msgs__rosidl_typesupport_cpp
[1.400s] [ 62%] Built target mav_state_machine_msgs__rosidl_typesupport_fastrtps_cpp
[1.400s] [ 75%] Built target mav_state_machine_msgs__rosidl_typesupport_introspection_c
[1.401s] [ 89%] Built target mav_state_machine_msgs__rosidl_typesupport_introspection_cpp
[1.401s] [100%] Built target mav_state_machine_msgs__rosidl_typesupport_fastrtps_c
[1.401s] [100%] Built target mav_state_machine_msgs
[2.324s] Invoked command in '/home/aimane/vnav23/labs/lab4/build/mav_state_machine_msgs' returned '0': CMAKE_PREFIX_PATH=/home/aimane/vnav23/labs/lab4/install/trajectory_generation:/home/aimane/vnav23/labs/lab4/install/tesse_msgs:/home/aimane/vnav23/labs/lab4/install/planner_pkg:/home/aimane/vnav23/labs/lab4/install/tesse_ros_bridge:/opt/ros/humble:/home/aimane/vnav23/labs/lab4/install/mav_visualization:/home/aimane/vnav23/labs/lab4/install/mav_trajectory_generation:/home/aimane/vnav23/labs/lab4/install/mav_comm:/home/aimane/vnav23/labs/lab4/install/mav_system_msgs:/home/aimane/vnav23/labs/lab4/install/mav_state_machine_msgs:/home/aimane/vnav23/labs/lab4/install/mav_planning_msgs:/home/aimane/vnav23/labs/lab4/install/controller_pkg:/home/aimane/vnav23/labs/lab4/install/mav_msgs:/home/aimane/mavros_ws/install/mavros_extras:/home/aimane/mavros_ws/install/mavros_examples:/home/aimane/mavros_ws/install/mavros:/home/aimane/mavros_ws/install/mavros_msgs:/home/aimane/mavros_ws/install/libmavconn /usr/bin/cmake --build /home/aimane/vnav23/labs/lab4/build/mav_state_machine_msgs -- -j8 -l8
[2.326s] Invoking command in '/home/aimane/vnav23/labs/lab4/build/mav_state_machine_msgs': CMAKE_PREFIX_PATH=/home/aimane/vnav23/labs/lab4/install/trajectory_generation:/home/aimane/vnav23/labs/lab4/install/tesse_msgs:/home/aimane/vnav23/labs/lab4/install/planner_pkg:/home/aimane/vnav23/labs/lab4/install/tesse_ros_bridge:/opt/ros/humble:/home/aimane/vnav23/labs/lab4/install/mav_visualization:/home/aimane/vnav23/labs/lab4/install/mav_trajectory_generation:/home/aimane/vnav23/labs/lab4/install/mav_comm:/home/aimane/vnav23/labs/lab4/install/mav_system_msgs:/home/aimane/vnav23/labs/lab4/install/mav_state_machine_msgs:/home/aimane/vnav23/labs/lab4/install/mav_planning_msgs:/home/aimane/vnav23/labs/lab4/install/controller_pkg:/home/aimane/vnav23/labs/lab4/install/mav_msgs:/home/aimane/mavros_ws/install/mavros_extras:/home/aimane/mavros_ws/install/mavros_examples:/home/aimane/mavros_ws/install/mavros:/home/aimane/mavros_ws/install/mavros_msgs:/home/aimane/mavros_ws/install/libmavconn /usr/bin/cmake --install /home/aimane/vnav23/labs/lab4/build/mav_state_machine_msgs
[2.367s] -- Install configuration: ""
[2.376s] -- Execute custom install script
[2.376s] -- Up-to-date symlink: /home/aimane/vnav23/labs/lab4/install/mav_state_machine_msgs/share/ament_index/resource_index/rosidl_interfaces/mav_state_machine_msgs
[2.380s] -- Up-to-date symlink: /home/aimane/vnav23/labs/lab4/install/mav_state_machine_msgs/include/mav_state_machine_msgs/mav_state_machine_msgs/msg/detail/start_stop_task__functions.h
[2.380s] -- Up-to-date symlink: /home/aimane/vnav23/labs/lab4/install/mav_state_machine_msgs/include/mav_state_machine_msgs/mav_state_machine_msgs/msg/detail/start_stop_task__struct.h
[2.382s] -- Up-to-date symlink: /home/aimane/vnav23/labs/lab4/install/mav_state_machine_msgs/include/mav_state_machine_msgs/mav_state_machine_msgs/msg/detail/start_stop_task__type_support.h
[2.383s] -- Up-to-date symlink: /home/aimane/vnav23/labs/lab4/install/mav_state_machine_msgs/include/mav_state_machine_msgs/mav_state_machine_msgs/msg/rosidl_generator_c__visibility_control.h
[2.385s] -- Up-to-date symlink: /home/aimane/vnav23/labs/lab4/install/mav_state_machine_msgs/include/mav_state_machine_msgs/mav_state_machine_msgs/msg/start_stop_task.h
[2.386s] -- Up-to-date symlink: /home/aimane/vnav23/labs/lab4/install/mav_state_machine_msgs/include/mav_state_machine_msgs/mav_state_machine_msgs/srv/detail/run_task_service__functions.h
[2.386s] -- Up-to-date symlink: /home/aimane/vnav23/labs/lab4/install/mav_state_machine_msgs/include/mav_state_machine_msgs/mav_state_machine_msgs/srv/detail/run_task_service__struct.h
[2.393s] -- Up-to-date symlink: /home/aimane/vnav23/labs/lab4/install/mav_state_machine_msgs/include/mav_state_machine_msgs/mav_state_machine_msgs/srv/detail/run_task_service__type_support.h
[2.394s] -- Up-to-date symlink: /home/aimane/vnav23/labs/lab4/install/mav_state_machine_msgs/include/mav_state_machine_msgs/mav_state_machine_msgs/srv/run_task_service.h
[2.395s] -- Up-to-date symlink: /home/aimane/vnav23/labs/lab4/install/mav_state_machine_msgs/share/mav_state_machine_msgs/environment/library_path.sh
[2.395s] -- Up-to-date symlink: /home/aimane/vnav23/labs/lab4/install/mav_state_machine_msgs/share/mav_state_machine_msgs/environment/library_path.dsv
[2.404s] -- Up-to-date symlink: /home/aimane/vnav23/labs/lab4/install/mav_state_machine_msgs/include/mav_state_machine_msgs/mav_state_machine_msgs/msg/detail/start_stop_task__rosidl_typesupport_fastrtps_c.h
[2.404s] -- Up-to-date symlink: /home/aimane/vnav23/labs/lab4/install/mav_state_machine_msgs/include/mav_state_machine_msgs/mav_state_machine_msgs/msg/rosidl_typesupport_fastrtps_c__visibility_control.h
[2.412s] -- Up-to-date symlink: /home/aimane/vnav23/labs/lab4/install/mav_state_machine_msgs/include/mav_state_machine_msgs/mav_state_machine_msgs/srv/detail/run_task_service__rosidl_typesupport_fastrtps_c.h
[2.422s] -- Up-to-date symlink: /home/aimane/vnav23/labs/lab4/install/mav_state_machine_msgs/include/mav_state_machine_msgs/mav_state_machine_msgs/msg/detail/start_stop_task__builder.hpp
[2.422s] -- Up-to-date symlink: /home/aimane/vnav23/labs/lab4/install/mav_state_machine_msgs/include/mav_state_machine_msgs/mav_state_machine_msgs/msg/detail/start_stop_task__struct.hpp
[2.422s] -- Up-to-date symlink: /home/aimane/vnav23/labs/lab4/install/mav_state_machine_msgs/include/mav_state_machine_msgs/mav_state_machine_msgs/msg/detail/start_stop_task__traits.hpp
[2.423s] -- Up-to-date symlink: /home/aimane/vnav23/labs/lab4/install/mav_state_machine_msgs/include/mav_state_machine_msgs/mav_state_machine_msgs/msg/detail/start_stop_task__type_support.hpp
[2.423s] -- Up-to-date symlink: /home/aimane/vnav23/labs/lab4/install/mav_state_machine_msgs/include/mav_state_machine_msgs/mav_state_machine_msgs/msg/rosidl_generator_cpp__visibility_control.hpp
[2.423s] -- Up-to-date symlink: /home/aimane/vnav23/labs/lab4/install/mav_state_machine_msgs/include/mav_state_machine_msgs/mav_state_machine_msgs/msg/start_stop_task.hpp
[2.429s] -- Up-to-date symlink: /home/aimane/vnav23/labs/lab4/install/mav_state_machine_msgs/include/mav_state_machine_msgs/mav_state_machine_msgs/srv/detail/run_task_service__builder.hpp
[2.431s] -- Up-to-date symlink: /home/aimane/vnav23/labs/lab4/install/mav_state_machine_msgs/include/mav_state_machine_msgs/mav_state_machine_msgs/srv/detail/run_task_service__struct.hpp
[2.432s] -- Up-to-date symlink: /home/aimane/vnav23/labs/lab4/install/mav_state_machine_msgs/include/mav_state_machine_msgs/mav_state_machine_msgs/srv/detail/run_task_service__traits.hpp
[2.432s] -- Up-to-date symlink: /home/aimane/vnav23/labs/lab4/install/mav_state_machine_msgs/include/mav_state_machine_msgs/mav_state_machine_msgs/srv/detail/run_task_service__type_support.hpp
[2.432s] -- Up-to-date symlink: /home/aimane/vnav23/labs/lab4/install/mav_state_machine_msgs/include/mav_state_machine_msgs/mav_state_machine_msgs/srv/run_task_service.hpp
[2.442s] -- Up-to-date symlink: /home/aimane/vnav23/labs/lab4/install/mav_state_machine_msgs/include/mav_state_machine_msgs/mav_state_machine_msgs/msg/detail/start_stop_task__rosidl_typesupport_fastrtps_cpp.hpp
[2.442s] -- Up-to-date symlink: /home/aimane/vnav23/labs/lab4/install/mav_state_machine_msgs/include/mav_state_machine_msgs/mav_state_machine_msgs/msg/rosidl_typesupport_fastrtps_cpp__visibility_control.h
[2.442s] -- Up-to-date symlink: /home/aimane/vnav23/labs/lab4/install/mav_state_machine_msgs/include/mav_state_machine_msgs/mav_state_machine_msgs/srv/detail/run_task_service__rosidl_typesupport_fastrtps_cpp.hpp
[2.443s] -- Up-to-date symlink: /home/aimane/vnav23/labs/lab4/install/mav_state_machine_msgs/include/mav_state_machine_msgs/mav_state_machine_msgs/msg/detail/start_stop_task__rosidl_typesupport_introspection_c.h
[2.443s] -- Up-to-date symlink: /home/aimane/vnav23/labs/lab4/install/mav_state_machine_msgs/include/mav_state_machine_msgs/mav_state_machine_msgs/msg/rosidl_typesupport_introspection_c__visibility_control.h
[2.459s] -- Up-to-date symlink: /home/aimane/vnav23/labs/lab4/install/mav_state_machine_msgs/include/mav_state_machine_msgs/mav_state_machine_msgs/srv/detail/run_task_service__rosidl_typesupport_introspection_c.h
[2.464s] -- Up-to-date symlink: /home/aimane/vnav23/labs/lab4/install/mav_state_machine_msgs/include/mav_state_machine_msgs/mav_state_machine_msgs/msg/detail/start_stop_task__rosidl_typesupport_introspection_cpp.hpp
[2.465s] -- Up-to-date symlink: /home/aimane/vnav23/labs/lab4/install/mav_state_machine_msgs/include/mav_state_machine_msgs/mav_state_machine_msgs/srv/detail/run_task_service__rosidl_typesupport_introspection_cpp.hpp
[2.465s] -- Up-to-date symlink: /home/aimane/vnav23/labs/lab4/install/mav_state_machine_msgs/share/mav_state_machine_msgs/msg/StartStopTask.idl
[2.465s] -- Up-to-date symlink: /home/aimane/vnav23/labs/lab4/install/mav_state_machine_msgs/share/mav_state_machine_msgs/srv/RunTaskService.idl
[2.473s] -- Up-to-date symlink: /home/aimane/vnav23/labs/lab4/install/mav_state_machine_msgs/share/mav_state_machine_msgs/msg/StartStopTask.msg
[2.473s] -- Up-to-date symlink: /home/aimane/vnav23/labs/lab4/install/mav_state_machine_msgs/share/mav_state_machine_msgs/srv/RunTaskService.srv
[2.473s] -- Up-to-date symlink: /home/aimane/vnav23/labs/lab4/install/mav_state_machine_msgs/share/mav_state_machine_msgs/srv/RunTaskService_Request.msg
[2.474s] -- Up-to-date symlink: /home/aimane/vnav23/labs/lab4/install/mav_state_machine_msgs/share/mav_state_machine_msgs/srv/RunTaskService_Response.msg
[2.474s] -- Up-to-date symlink: /home/aimane/vnav23/labs/lab4/install/mav_state_machine_msgs/share/ament_index/resource_index/package_run_dependencies/mav_state_machine_msgs
[2.483s] -- Up-to-date symlink: /home/aimane/vnav23/labs/lab4/install/mav_state_machine_msgs/share/ament_index/resource_index/parent_prefix_path/mav_state_machine_msgs
[2.483s] -- Up-to-date symlink: /home/aimane/vnav23/labs/lab4/install/mav_state_machine_msgs/share/mav_state_machine_msgs/environment/ament_prefix_path.sh
[2.484s] -- Up-to-date symlink: /home/aimane/vnav23/labs/lab4/install/mav_state_machine_msgs/share/mav_state_machine_msgs/environment/ament_prefix_path.dsv
[2.485s] -- Up-to-date symlink: /home/aimane/vnav23/labs/lab4/install/mav_state_machine_msgs/share/mav_state_machine_msgs/environment/path.sh
[2.485s] -- Up-to-date symlink: /home/aimane/vnav23/labs/lab4/install/mav_state_machine_msgs/share/mav_state_machine_msgs/environment/path.dsv
[2.495s] -- Up-to-date symlink: /home/aimane/vnav23/labs/lab4/install/mav_state_machine_msgs/share/mav_state_machine_msgs/local_setup.bash
[2.495s] -- Up-to-date symlink: /home/aimane/vnav23/labs/lab4/install/mav_state_machine_msgs/share/mav_state_machine_msgs/local_setup.sh
[2.496s] -- Up-to-date symlink: /home/aimane/vnav23/labs/lab4/install/mav_state_machine_msgs/share/mav_state_machine_msgs/local_setup.zsh
[2.496s] -- Up-to-date symlink: /home/aimane/vnav23/labs/lab4/install/mav_state_machine_msgs/share/mav_state_machine_msgs/local_setup.dsv
[2.504s] -- Symlinking: /home/aimane/vnav23/labs/lab4/install/mav_state_machine_msgs/share/mav_state_machine_msgs/package.dsv
[2.658s] -- Up-to-date symlink: /home/aimane/vnav23/labs/lab4/install/mav_state_machine_msgs/share/ament_index/resource_index/packages/mav_state_machine_msgs
[2.660s] -- Up-to-date symlink: /home/aimane/vnav23/labs/lab4/install/mav_state_machine_msgs/share/mav_state_machine_msgs/cmake/rosidl_cmake-extras.cmake
[2.660s] -- Up-to-date symlink: /home/aimane/vnav23/labs/lab4/install/mav_state_machine_msgs/share/mav_state_machine_msgs/cmake/ament_cmake_export_dependencies-extras.cmake
[2.660s] -- Up-to-date symlink: /home/aimane/vnav23/labs/lab4/install/mav_state_machine_msgs/share/mav_state_machine_msgs/cmake/ament_cmake_export_include_directories-extras.cmake
[2.660s] -- Up-to-date symlink: /home/aimane/vnav23/labs/lab4/install/mav_state_machine_msgs/share/mav_state_machine_msgs/cmake/ament_cmake_export_libraries-extras.cmake
[2.661s] -- Up-to-date symlink: /home/aimane/vnav23/labs/lab4/install/mav_state_machine_msgs/share/mav_state_machine_msgs/cmake/ament_cmake_export_targets-extras.cmake
[2.668s] -- Up-to-date symlink: /home/aimane/vnav23/labs/lab4/install/mav_state_machine_msgs/share/mav_state_machine_msgs/cmake/rosidl_cmake_export_typesupport_targets-extras.cmake
[2.668s] -- Up-to-date symlink: /home/aimane/vnav23/labs/lab4/install/mav_state_machine_msgs/share/mav_state_machine_msgs/cmake/rosidl_cmake_export_typesupport_libraries-extras.cmake
[2.668s] -- Up-to-date symlink: /home/aimane/vnav23/labs/lab4/install/mav_state_machine_msgs/share/mav_state_machine_msgs/cmake/mav_state_machine_msgsConfig.cmake
[2.668s] -- Up-to-date symlink: /home/aimane/vnav23/labs/lab4/install/mav_state_machine_msgs/share/mav_state_machine_msgs/cmake/mav_state_machine_msgsConfig-version.cmake
[2.669s] -- Up-to-date symlink: /home/aimane/vnav23/labs/lab4/install/mav_state_machine_msgs/share/mav_state_machine_msgs/package.xml
[2.669s] -- Up-to-date: /home/aimane/vnav23/labs/lab4/install/mav_state_machine_msgs/lib/libmav_state_machine_msgs__rosidl_generator_c.so
[2.669s] -- Up-to-date: /home/aimane/vnav23/labs/lab4/install/mav_state_machine_msgs/lib/libmav_state_machine_msgs__rosidl_typesupport_fastrtps_c.so
[2.669s] -- Up-to-date: /home/aimane/vnav23/labs/lab4/install/mav_state_machine_msgs/lib/libmav_state_machine_msgs__rosidl_typesupport_fastrtps_cpp.so
[2.669s] -- Up-to-date: /home/aimane/vnav23/labs/lab4/install/mav_state_machine_msgs/lib/libmav_state_machine_msgs__rosidl_typesupport_introspection_c.so
[2.669s] -- Up-to-date: /home/aimane/vnav23/labs/lab4/install/mav_state_machine_msgs/lib/libmav_state_machine_msgs__rosidl_typesupport_c.so
[2.690s] -- Up-to-date: /home/aimane/vnav23/labs/lab4/install/mav_state_machine_msgs/lib/libmav_state_machine_msgs__rosidl_typesupport_introspection_cpp.so
[2.690s] -- Up-to-date: /home/aimane/vnav23/labs/lab4/install/mav_state_machine_msgs/lib/libmav_state_machine_msgs__rosidl_typesupport_cpp.so
[2.690s] -- Up-to-date: /home/aimane/vnav23/labs/lab4/install/mav_state_machine_msgs/share/mav_state_machine_msgs/cmake/export_mav_state_machine_msgs__rosidl_generator_cExport.cmake
[2.691s] -- Up-to-date: /home/aimane/vnav23/labs/lab4/install/mav_state_machine_msgs/share/mav_state_machine_msgs/cmake/export_mav_state_machine_msgs__rosidl_generator_cExport-noconfig.cmake
[2.691s] -- Up-to-date: /home/aimane/vnav23/labs/lab4/install/mav_state_machine_msgs/share/mav_state_machine_msgs/cmake/export_mav_state_machine_msgs__rosidl_typesupport_fastrtps_cExport.cmake
[2.691s] -- Up-to-date: /home/aimane/vnav23/labs/lab4/install/mav_state_machine_msgs/share/mav_state_machine_msgs/cmake/export_mav_state_machine_msgs__rosidl_typesupport_fastrtps_cExport-noconfig.cmake
[2.691s] -- Up-to-date: /home/aimane/vnav23/labs/lab4/install/mav_state_machine_msgs/share/mav_state_machine_msgs/cmake/export_mav_state_machine_msgs__rosidl_generator_cppExport.cmake
[2.691s] -- Up-to-date: /home/aimane/vnav23/labs/lab4/install/mav_state_machine_msgs/share/mav_state_machine_msgs/cmake/export_mav_state_machine_msgs__rosidl_typesupport_fastrtps_cppExport.cmake
[2.691s] -- Up-to-date: /home/aimane/vnav23/labs/lab4/install/mav_state_machine_msgs/share/mav_state_machine_msgs/cmake/export_mav_state_machine_msgs__rosidl_typesupport_fastrtps_cppExport-noconfig.cmake
[2.692s] -- Up-to-date: /home/aimane/vnav23/labs/lab4/install/mav_state_machine_msgs/share/mav_state_machine_msgs/cmake/mav_state_machine_msgs__rosidl_typesupport_introspection_cExport.cmake
[2.692s] -- Up-to-date: /home/aimane/vnav23/labs/lab4/install/mav_state_machine_msgs/share/mav_state_machine_msgs/cmake/mav_state_machine_msgs__rosidl_typesupport_introspection_cExport-noconfig.cmake
[2.692s] -- Up-to-date: /home/aimane/vnav23/labs/lab4/install/mav_state_machine_msgs/share/mav_state_machine_msgs/cmake/mav_state_machine_msgs__rosidl_typesupport_cExport.cmake
[2.700s] -- Up-to-date: /home/aimane/vnav23/labs/lab4/install/mav_state_machine_msgs/share/mav_state_machine_msgs/cmake/mav_state_machine_msgs__rosidl_typesupport_cExport-noconfig.cmake
[2.701s] -- Up-to-date: /home/aimane/vnav23/labs/lab4/install/mav_state_machine_msgs/share/mav_state_machine_msgs/cmake/mav_state_machine_msgs__rosidl_typesupport_introspection_cppExport.cmake
[2.701s] -- Up-to-date: /home/aimane/vnav23/labs/lab4/install/mav_state_machine_msgs/share/mav_state_machine_msgs/cmake/mav_state_machine_msgs__rosidl_typesupport_introspection_cppExport-noconfig.cmake
[2.706s] -- Up-to-date: /home/aimane/vnav23/labs/lab4/install/mav_state_machine_msgs/share/mav_state_machine_msgs/cmake/mav_state_machine_msgs__rosidl_typesupport_cppExport.cmake
[2.706s] -- Up-to-date: /home/aimane/vnav23/labs/lab4/install/mav_state_machine_msgs/share/mav_state_machine_msgs/cmake/mav_state_machine_msgs__rosidl_typesupport_cppExport-noconfig.cmake
[2.721s] Invoked command in '/home/aimane/vnav23/labs/lab4/build/mav_state_machine_msgs' returned '0': CMAKE_PREFIX_PATH=/home/aimane/vnav23/labs/lab4/install/trajectory_generation:/home/aimane/vnav23/labs/lab4/install/tesse_msgs:/home/aimane/vnav23/labs/lab4/install/planner_pkg:/home/aimane/vnav23/labs/lab4/install/tesse_ros_bridge:/opt/ros/humble:/home/aimane/vnav23/labs/lab4/install/mav_visualization:/home/aimane/vnav23/labs/lab4/install/mav_trajectory_generation:/home/aimane/vnav23/labs/lab4/install/mav_comm:/home/aimane/vnav23/labs/lab4/install/mav_system_msgs:/home/aimane/vnav23/labs/lab4/install/mav_state_machine_msgs:/home/aimane/vnav23/labs/lab4/install/mav_planning_msgs:/home/aimane/vnav23/labs/lab4/install/controller_pkg:/home/aimane/vnav23/labs/lab4/install/mav_msgs:/home/aimane/mavros_ws/install/mavros_extras:/home/aimane/mavros_ws/install/mavros_examples:/home/aimane/mavros_ws/install/mavros:/home/aimane/mavros_ws/install/mavros_msgs:/home/aimane/mavros_ws/install/libmavconn /usr/bin/cmake --install /home/aimane/vnav23/labs/lab4/build/mav_state_machine_msgs
