[0.032s] Invoking command in '/home/aimane/vnav23/labs/lab4/build/tesse_msgs': CMAKE_PREFIX_PATH=${CMAKE_PREFIX_PATH}:/home/aimane/vnav23/labs/lab4/install/tesse_ros_bridge:/opt/ros/humble /usr/bin/cmake /home/aimane/vnav23/labs/lab4/src/tesse_msgs -DAMENT_CMAKE_SYMLINK_INSTALL=1 -DCMAKE_INSTALL_PREFIX=/home/aimane/vnav23/labs/lab4/install/tesse_msgs
[0.114s] -- The C compiler identification is GNU 11.4.0
[0.492s] -- The CXX compiler identification is GNU 11.4.0
[0.504s] -- Detecting C compiler ABI info
[0.617s] -- Detecting C compiler ABI info - done
[0.634s] -- Check for working C compiler: /usr/bin/cc - skipped
[0.634s] -- Detecting C compile features
[0.635s] -- Detecting C compile features - done
[0.641s] -- Detecting CXX compiler ABI info
[0.779s] -- Detecting CXX compiler ABI info - done
[0.802s] -- Check for working CXX compiler: /usr/bin/c++ - skipped
[0.802s] -- Detecting CXX compile features
[0.803s] -- Detecting CXX compile features - done
[0.805s] -- Found ament_cmake: 1.3.12 (/opt/ros/humble/share/ament_cmake/cmake)
[1.065s] -- Found Python3: /usr/bin/python3 (found version "3.10.12") found components: Interpreter 
[1.186s] -- Override CMake install command with custom implementation using symlinks instead of copying resources
[1.234s] -- Found geometry_msgs: 4.9.0 (/opt/ros/humble/share/geometry_msgs/cmake)
[1.303s] -- Found rosidl_generator_c: 3.1.7 (/opt/ros/humble/share/rosidl_generator_c/cmake)
[1.313s] -- Found rosidl_adapter: 3.1.7 (/opt/ros/humble/share/rosidl_adapter/cmake)
[1.330s] -- Found rosidl_generator_cpp: 3.1.7 (/opt/ros/humble/share/rosidl_generator_cpp/cmake)
[1.355s] -- Using all available rosidl_typesupport_c: rosidl_typesupport_fastrtps_c;rosidl_typesupport_introspection_c
[1.392s] -- Using all available rosidl_typesupport_cpp: rosidl_typesupport_fastrtps_cpp;rosidl_typesupport_introspection_cpp
[1.476s] -- Found rosidl_default_generators: 1.2.0 (/opt/ros/humble/share/rosidl_default_generators/cmake)
[1.981s] -- Found ament_cmake_ros: 0.10.0 (/opt/ros/humble/share/ament_cmake_ros/cmake)
[2.692s] -- Using all available rosidl_typesupport_c: rosidl_typesupport_fastrtps_c;rosidl_typesupport_introspection_c
[3.201s] -- Using all available rosidl_typesupport_cpp: rosidl_typesupport_fastrtps_cpp;rosidl_typesupport_introspection_cpp
[3.271s] -- Found PythonInterp: /usr/bin/python3 (found suitable version "3.10.12", minimum required is "3.6") 
[3.276s] -- Found python_cmake_module: 0.10.0 (/opt/ros/humble/share/python_cmake_module/cmake)
[3.325s] -- Found PythonLibs: /usr/lib/x86_64-linux-gnu/libpython3.10.so (found suitable version "3.10.12", minimum required is "3.5") 
[3.325s] -- Using PYTHON_EXECUTABLE: /usr/bin/python3
[3.326s] -- Using PYTHON_INCLUDE_DIRS: /usr/include/python3.10
[3.326s] -- Using PYTHON_LIBRARIES: /usr/lib/x86_64-linux-gnu/libpython3.10.so
[3.406s] -- Found PythonExtra: .so  
[3.632s] -- Found ament_lint_auto: 0.12.14 (/opt/ros/humble/share/ament_lint_auto/cmake)
[3.685s] -- Added test 'lint_cmake' to check CMake code style
[3.692s] -- Added test 'xmllint' to check XML markup files
[3.726s] -- Configuring done
[3.927s] -- Generating done
[3.988s] -- Build files have been written to: /home/aimane/vnav23/labs/lab4/build/tesse_msgs
[4.024s] Invoked command in '/home/aimane/vnav23/labs/lab4/build/tesse_msgs' returned '0': CMAKE_PREFIX_PATH=${CMAKE_PREFIX_PATH}:/home/aimane/vnav23/labs/lab4/install/tesse_ros_bridge:/opt/ros/humble /usr/bin/cmake /home/aimane/vnav23/labs/lab4/src/tesse_msgs -DAMENT_CMAKE_SYMLINK_INSTALL=1 -DCMAKE_INSTALL_PREFIX=/home/aimane/vnav23/labs/lab4/install/tesse_msgs
[4.029s] Invoking command in '/home/aimane/vnav23/labs/lab4/build/tesse_msgs': CMAKE_PREFIX_PATH=${CMAKE_PREFIX_PATH}:/home/aimane/vnav23/labs/lab4/install/tesse_ros_bridge:/opt/ros/humble /usr/bin/cmake --build /home/aimane/vnav23/labs/lab4/build/tesse_msgs -- -j8 -l8
[4.233s] [  1%] [34m[1mGenerating C code for ROS interfaces[0m
[4.276s] [  3%] [34m[1mGenerating C++ code for ROS interfaces[0m
[4.302s] [  3%] Built target ament_cmake_python_symlink_tesse_msgs
[5.722s] running egg_info
[5.732s] creating tesse_msgs.egg-info
[5.732s] writing tesse_msgs.egg-info/PKG-INFO
[5.737s] writing dependency_links to tesse_msgs.egg-info/dependency_links.txt
[5.744s] writing top-level names to tesse_msgs.egg-info/top_level.txt
[5.745s] writing manifest file 'tesse_msgs.egg-info/SOURCES.txt'
[5.765s] reading manifest file 'tesse_msgs.egg-info/SOURCES.txt'
[5.778s] writing manifest file 'tesse_msgs.egg-info/SOURCES.txt'
[6.058s] [  3%] Built target ament_cmake_python_build_tesse_msgs_egg
[7.924s] [  5%] [32mBuilding C object CMakeFiles/tesse_msgs__rosidl_generator_c.dir/rosidl_generator_c/tesse_msgs/msg/detail/collision_stats__functions.c.o[0m
[7.939s] [  7%] [32mBuilding C object CMakeFiles/tesse_msgs__rosidl_generator_c.dir/rosidl_generator_c/tesse_msgs/srv/detail/reposition_request_service__functions.c.o[0m
[7.980s] [  9%] [32mBuilding C object CMakeFiles/tesse_msgs__rosidl_generator_c.dir/rosidl_generator_c/tesse_msgs/srv/detail/object_spawn_request_service__functions.c.o[0m
[8.004s] [ 10%] [32mBuilding C object CMakeFiles/tesse_msgs__rosidl_generator_c.dir/rosidl_generator_c/tesse_msgs/srv/detail/scene_request_service__functions.c.o[0m
[8.744s] [ 12%] [32m[1mLinking C shared library libtesse_msgs__rosidl_generator_c.so[0m
[9.045s] [ 12%] Built target tesse_msgs__rosidl_generator_c
[9.129s] [ 14%] [34m[1mGenerating C type support for eProsima Fast-RTPS[0m
[9.134s] [ 16%] [34m[1mGenerating C type support dispatch for ROS interfaces[0m
[9.143s] [ 18%] [34m[1mGenerating C introspection for ROS interfaces[0m
[10.537s] [ 18%] Built target tesse_msgs__cpp
[10.590s] [ 20%] [34m[1mGenerating C++ type support for eProsima Fast-RTPS[0m
[10.591s] [ 21%] [34m[1mGenerating C++ type support dispatch for ROS interfaces[0m
[10.631s] [ 23%] [34m[1mGenerating C++ introspection for ROS interfaces[0m
[10.884s] [ 25%] [32mBuilding CXX object CMakeFiles/tesse_msgs__rosidl_typesupport_c.dir/rosidl_typesupport_c/tesse_msgs/srv/object_spawn_request_service__type_support.cpp.o[0m
[10.884s] [ 27%] [32mBuilding CXX object CMakeFiles/tesse_msgs__rosidl_typesupport_c.dir/rosidl_typesupport_c/tesse_msgs/msg/collision_stats__type_support.cpp.o[0m
[10.885s] [ 29%] [32mBuilding CXX object CMakeFiles/tesse_msgs__rosidl_typesupport_c.dir/rosidl_typesupport_c/tesse_msgs/srv/reposition_request_service__type_support.cpp.o[0m
[11.128s] [ 30%] [32mBuilding CXX object CMakeFiles/tesse_msgs__rosidl_typesupport_c.dir/rosidl_typesupport_c/tesse_msgs/srv/scene_request_service__type_support.cpp.o[0m
[11.279s] [ 32%] [32m[1mLinking CXX shared library libtesse_msgs__rosidl_typesupport_c.so[0m
[11.548s] [ 32%] Built target tesse_msgs__rosidl_typesupport_c
[11.859s] [ 34%] [32mBuilding C object CMakeFiles/tesse_msgs__rosidl_typesupport_introspection_c.dir/rosidl_typesupport_introspection_c/tesse_msgs/srv/detail/scene_request_service__type_support.c.o[0m
[11.860s] [ 36%] [32mBuilding C object CMakeFiles/tesse_msgs__rosidl_typesupport_introspection_c.dir/rosidl_typesupport_introspection_c/tesse_msgs/msg/detail/collision_stats__type_support.c.o[0m
[11.860s] [ 38%] [32mBuilding C object CMakeFiles/tesse_msgs__rosidl_typesupport_introspection_c.dir/rosidl_typesupport_introspection_c/tesse_msgs/srv/detail/object_spawn_request_service__type_support.c.o[0m
[11.860s] [ 40%] [32mBuilding C object CMakeFiles/tesse_msgs__rosidl_typesupport_introspection_c.dir/rosidl_typesupport_introspection_c/tesse_msgs/srv/detail/reposition_request_service__type_support.c.o[0m
[12.242s] [ 41%] [32m[1mLinking C shared library libtesse_msgs__rosidl_typesupport_introspection_c.so[0m
[12.315s] [ 43%] [32mBuilding CXX object CMakeFiles/tesse_msgs__rosidl_typesupport_fastrtps_c.dir/rosidl_typesupport_fastrtps_c/tesse_msgs/srv/detail/scene_request_service__type_support_c.cpp.o[0m
[12.321s] [ 45%] [32mBuilding CXX object CMakeFiles/tesse_msgs__rosidl_typesupport_fastrtps_c.dir/rosidl_typesupport_fastrtps_c/tesse_msgs/msg/detail/collision_stats__type_support_c.cpp.o[0m
[12.325s] [ 47%] [32mBuilding CXX object CMakeFiles/tesse_msgs__rosidl_typesupport_fastrtps_c.dir/rosidl_typesupport_fastrtps_c/tesse_msgs/srv/detail/reposition_request_service__type_support_c.cpp.o[0m
[12.326s] [ 49%] [32mBuilding CXX object CMakeFiles/tesse_msgs__rosidl_typesupport_fastrtps_c.dir/rosidl_typesupport_fastrtps_c/tesse_msgs/srv/detail/object_spawn_request_service__type_support_c.cpp.o[0m
[12.416s] [ 49%] Built target tesse_msgs__rosidl_typesupport_introspection_c
[13.879s] [ 50%] [32mBuilding CXX object CMakeFiles/tesse_msgs__rosidl_typesupport_fastrtps_cpp.dir/rosidl_typesupport_fastrtps_cpp/tesse_msgs/msg/detail/dds_fastrtps/collision_stats__type_support.cpp.o[0m
[13.882s] [ 52%] [32mBuilding CXX object CMakeFiles/tesse_msgs__rosidl_typesupport_cpp.dir/rosidl_typesupport_cpp/tesse_msgs/msg/collision_stats__type_support.cpp.o[0m
[13.885s] [ 54%] [32mBuilding CXX object CMakeFiles/tesse_msgs__rosidl_typesupport_cpp.dir/rosidl_typesupport_cpp/tesse_msgs/srv/object_spawn_request_service__type_support.cpp.o[0m
[13.906s] [ 56%] [32mBuilding CXX object CMakeFiles/tesse_msgs__rosidl_typesupport_cpp.dir/rosidl_typesupport_cpp/tesse_msgs/srv/reposition_request_service__type_support.cpp.o[0m
[14.266s] [ 58%] [32mBuilding CXX object CMakeFiles/tesse_msgs__rosidl_typesupport_fastrtps_cpp.dir/rosidl_typesupport_fastrtps_cpp/tesse_msgs/srv/detail/dds_fastrtps/object_spawn_request_service__type_support.cpp.o[0m
[14.364s] [ 60%] [32mBuilding CXX object CMakeFiles/tesse_msgs__rosidl_typesupport_cpp.dir/rosidl_typesupport_cpp/tesse_msgs/srv/scene_request_service__type_support.cpp.o[0m
[14.501s] [ 61%] [32mBuilding CXX object CMakeFiles/tesse_msgs__rosidl_typesupport_introspection_cpp.dir/rosidl_typesupport_introspection_cpp/tesse_msgs/msg/detail/collision_stats__type_support.cpp.o[0m
[14.897s] [ 63%] [32m[1mLinking CXX shared library libtesse_msgs__rosidl_typesupport_fastrtps_c.so[0m
[15.053s] [ 65%] [32mBuilding CXX object CMakeFiles/tesse_msgs__rosidl_typesupport_introspection_cpp.dir/rosidl_typesupport_introspection_cpp/tesse_msgs/srv/detail/object_spawn_request_service__type_support.cpp.o[0m
[15.118s] [ 67%] [32mBuilding CXX object CMakeFiles/tesse_msgs__rosidl_typesupport_fastrtps_cpp.dir/rosidl_typesupport_fastrtps_cpp/tesse_msgs/srv/detail/dds_fastrtps/reposition_request_service__type_support.cpp.o[0m
[15.317s] [ 67%] Built target tesse_msgs__rosidl_typesupport_fastrtps_c
[15.341s] [ 69%] [32mBuilding CXX object CMakeFiles/tesse_msgs__rosidl_typesupport_introspection_cpp.dir/rosidl_typesupport_introspection_cpp/tesse_msgs/srv/detail/reposition_request_service__type_support.cpp.o[0m
[16.315s] [ 70%] [32mBuilding CXX object CMakeFiles/tesse_msgs__rosidl_typesupport_fastrtps_cpp.dir/rosidl_typesupport_fastrtps_cpp/tesse_msgs/srv/detail/dds_fastrtps/scene_request_service__type_support.cpp.o[0m
[16.477s] [ 72%] [32mBuilding CXX object CMakeFiles/tesse_msgs__rosidl_typesupport_introspection_cpp.dir/rosidl_typesupport_introspection_cpp/tesse_msgs/srv/detail/scene_request_service__type_support.cpp.o[0m
[16.819s] [ 74%] [32m[1mLinking CXX shared library libtesse_msgs__rosidl_typesupport_cpp.so[0m
[17.043s] [ 74%] Built target tesse_msgs__rosidl_typesupport_cpp
[17.776s] [ 76%] [32m[1mLinking CXX shared library libtesse_msgs__rosidl_typesupport_fastrtps_cpp.so[0m
[18.213s] [ 76%] Built target tesse_msgs__rosidl_typesupport_fastrtps_cpp
[18.289s] [ 78%] [32m[1mLinking CXX shared library libtesse_msgs__rosidl_typesupport_introspection_cpp.so[0m
[18.632s] [ 78%] Built target tesse_msgs__rosidl_typesupport_introspection_cpp
[18.751s] [ 78%] Built target tesse_msgs
[18.867s] [ 80%] [34m[1mGenerating Python code for ROS interfaces[0m
[23.112s] [ 80%] Built target tesse_msgs__py
[23.238s] [ 81%] [32mBuilding C object CMakeFiles/tesse_msgs__rosidl_generator_py.dir/rosidl_generator_py/tesse_msgs/srv/_reposition_request_service_s.c.o[0m
[23.242s] [ 83%] [32mBuilding C object CMakeFiles/tesse_msgs__rosidl_generator_py.dir/rosidl_generator_py/tesse_msgs/msg/_collision_stats_s.c.o[0m
[23.247s] [ 85%] [32mBuilding C object CMakeFiles/tesse_msgs__rosidl_generator_py.dir/rosidl_generator_py/tesse_msgs/srv/_object_spawn_request_service_s.c.o[0m
[23.257s] [ 87%] [32mBuilding C object CMakeFiles/tesse_msgs__rosidl_generator_py.dir/rosidl_generator_py/tesse_msgs/srv/_scene_request_service_s.c.o[0m
[23.904s] [ 89%] [32m[1mLinking C shared library rosidl_generator_py/tesse_msgs/libtesse_msgs__rosidl_generator_py.so[0m
[24.106s] [ 89%] Built target tesse_msgs__rosidl_generator_py
[24.212s] [ 90%] [32mBuilding C object CMakeFiles/tesse_msgs__rosidl_typesupport_fastrtps_c__pyext.dir/rosidl_generator_py/tesse_msgs/_tesse_msgs_s.ep.rosidl_typesupport_fastrtps_c.c.o[0m
[24.222s] [ 92%] [32mBuilding C object CMakeFiles/tesse_msgs__rosidl_typesupport_introspection_c__pyext.dir/rosidl_generator_py/tesse_msgs/_tesse_msgs_s.ep.rosidl_typesupport_introspection_c.c.o[0m
[24.226s] [ 94%] [32mBuilding C object CMakeFiles/tesse_msgs__rosidl_typesupport_c__pyext.dir/rosidl_generator_py/tesse_msgs/_tesse_msgs_s.ep.rosidl_typesupport_c.c.o[0m
[24.726s] [ 96%] [32m[1mLinking C shared library rosidl_generator_py/tesse_msgs/tesse_msgs_s__rosidl_typesupport_c.cpython-310-x86_64-linux-gnu.so[0m
[24.776s] [ 98%] [32m[1mLinking C shared library rosidl_generator_py/tesse_msgs/tesse_msgs_s__rosidl_typesupport_fastrtps_c.cpython-310-x86_64-linux-gnu.so[0m
[24.883s] [100%] [32m[1mLinking C shared library rosidl_generator_py/tesse_msgs/tesse_msgs_s__rosidl_typesupport_introspection_c.cpython-310-x86_64-linux-gnu.so[0m
[24.925s] [100%] Built target tesse_msgs__rosidl_typesupport_c__pyext
[25.000s] [100%] Built target tesse_msgs__rosidl_typesupport_fastrtps_c__pyext
[25.083s] [100%] Built target tesse_msgs__rosidl_typesupport_introspection_c__pyext
[25.147s] Invoked command in '/home/aimane/vnav23/labs/lab4/build/tesse_msgs' returned '0': CMAKE_PREFIX_PATH=${CMAKE_PREFIX_PATH}:/home/aimane/vnav23/labs/lab4/install/tesse_ros_bridge:/opt/ros/humble /usr/bin/cmake --build /home/aimane/vnav23/labs/lab4/build/tesse_msgs -- -j8 -l8
[25.148s] Invoking command in '/home/aimane/vnav23/labs/lab4/build/tesse_msgs': CMAKE_PREFIX_PATH=${CMAKE_PREFIX_PATH}:/home/aimane/vnav23/labs/lab4/install/tesse_ros_bridge:/opt/ros/humble /usr/bin/cmake --install /home/aimane/vnav23/labs/lab4/build/tesse_msgs
[25.189s] -- Install configuration: ""
[25.190s] -- Execute custom install script
[25.191s] -- Symlinking: /home/aimane/vnav23/labs/lab4/install/tesse_msgs/share/ament_index/resource_index/rosidl_interfaces/tesse_msgs
[25.241s] -- Symlinking: /home/aimane/vnav23/labs/lab4/install/tesse_msgs/include/tesse_msgs/tesse_msgs/msg/collision_stats.h
[25.287s] -- Symlinking: /home/aimane/vnav23/labs/lab4/install/tesse_msgs/include/tesse_msgs/tesse_msgs/msg/detail/collision_stats__functions.h
[25.330s] -- Symlinking: /home/aimane/vnav23/labs/lab4/install/tesse_msgs/include/tesse_msgs/tesse_msgs/msg/detail/collision_stats__struct.h
[25.357s] -- Symlinking: /home/aimane/vnav23/labs/lab4/install/tesse_msgs/include/tesse_msgs/tesse_msgs/msg/detail/collision_stats__type_support.h
[25.377s] -- Symlinking: /home/aimane/vnav23/labs/lab4/install/tesse_msgs/include/tesse_msgs/tesse_msgs/msg/rosidl_generator_c__visibility_control.h
[25.417s] -- Symlinking: /home/aimane/vnav23/labs/lab4/install/tesse_msgs/include/tesse_msgs/tesse_msgs/srv/detail/object_spawn_request_service__functions.h
[25.449s] -- Symlinking: /home/aimane/vnav23/labs/lab4/install/tesse_msgs/include/tesse_msgs/tesse_msgs/srv/detail/object_spawn_request_service__struct.h
[25.473s] -- Symlinking: /home/aimane/vnav23/labs/lab4/install/tesse_msgs/include/tesse_msgs/tesse_msgs/srv/detail/object_spawn_request_service__type_support.h
[25.496s] -- Symlinking: /home/aimane/vnav23/labs/lab4/install/tesse_msgs/include/tesse_msgs/tesse_msgs/srv/detail/reposition_request_service__functions.h
[25.523s] -- Symlinking: /home/aimane/vnav23/labs/lab4/install/tesse_msgs/include/tesse_msgs/tesse_msgs/srv/detail/reposition_request_service__struct.h
[25.550s] -- Symlinking: /home/aimane/vnav23/labs/lab4/install/tesse_msgs/include/tesse_msgs/tesse_msgs/srv/detail/reposition_request_service__type_support.h
[25.585s] -- Symlinking: /home/aimane/vnav23/labs/lab4/install/tesse_msgs/include/tesse_msgs/tesse_msgs/srv/detail/scene_request_service__functions.h
[25.636s] -- Symlinking: /home/aimane/vnav23/labs/lab4/install/tesse_msgs/include/tesse_msgs/tesse_msgs/srv/detail/scene_request_service__struct.h
[25.675s] -- Symlinking: /home/aimane/vnav23/labs/lab4/install/tesse_msgs/include/tesse_msgs/tesse_msgs/srv/detail/scene_request_service__type_support.h
[25.698s] -- Symlinking: /home/aimane/vnav23/labs/lab4/install/tesse_msgs/include/tesse_msgs/tesse_msgs/srv/object_spawn_request_service.h
[25.721s] -- Symlinking: /home/aimane/vnav23/labs/lab4/install/tesse_msgs/include/tesse_msgs/tesse_msgs/srv/reposition_request_service.h
[25.745s] -- Symlinking: /home/aimane/vnav23/labs/lab4/install/tesse_msgs/include/tesse_msgs/tesse_msgs/srv/scene_request_service.h
[25.769s] -- Symlinking: /home/aimane/vnav23/labs/lab4/install/tesse_msgs/share/tesse_msgs/environment/library_path.sh
[25.793s] -- Symlinking: /home/aimane/vnav23/labs/lab4/install/tesse_msgs/share/tesse_msgs/environment/library_path.dsv
[25.818s] -- Symlinking: /home/aimane/vnav23/labs/lab4/install/tesse_msgs/include/tesse_msgs/tesse_msgs/msg/detail/collision_stats__rosidl_typesupport_fastrtps_c.h
[25.840s] -- Symlinking: /home/aimane/vnav23/labs/lab4/install/tesse_msgs/include/tesse_msgs/tesse_msgs/msg/rosidl_typesupport_fastrtps_c__visibility_control.h
[25.863s] -- Symlinking: /home/aimane/vnav23/labs/lab4/install/tesse_msgs/include/tesse_msgs/tesse_msgs/srv/detail/object_spawn_request_service__rosidl_typesupport_fastrtps_c.h
[25.885s] -- Symlinking: /home/aimane/vnav23/labs/lab4/install/tesse_msgs/include/tesse_msgs/tesse_msgs/srv/detail/reposition_request_service__rosidl_typesupport_fastrtps_c.h
[25.908s] -- Symlinking: /home/aimane/vnav23/labs/lab4/install/tesse_msgs/include/tesse_msgs/tesse_msgs/srv/detail/scene_request_service__rosidl_typesupport_fastrtps_c.h
[25.932s] -- Symlinking: /home/aimane/vnav23/labs/lab4/install/tesse_msgs/include/tesse_msgs/tesse_msgs/msg/collision_stats.hpp
[25.947s] -- Symlinking: /home/aimane/vnav23/labs/lab4/install/tesse_msgs/include/tesse_msgs/tesse_msgs/msg/detail/collision_stats__builder.hpp
[25.963s] -- Symlinking: /home/aimane/vnav23/labs/lab4/install/tesse_msgs/include/tesse_msgs/tesse_msgs/msg/detail/collision_stats__struct.hpp
[25.978s] -- Symlinking: /home/aimane/vnav23/labs/lab4/install/tesse_msgs/include/tesse_msgs/tesse_msgs/msg/detail/collision_stats__traits.hpp
[25.993s] -- Symlinking: /home/aimane/vnav23/labs/lab4/install/tesse_msgs/include/tesse_msgs/tesse_msgs/msg/detail/collision_stats__type_support.hpp
[26.007s] -- Symlinking: /home/aimane/vnav23/labs/lab4/install/tesse_msgs/include/tesse_msgs/tesse_msgs/msg/rosidl_generator_cpp__visibility_control.hpp
[26.022s] -- Symlinking: /home/aimane/vnav23/labs/lab4/install/tesse_msgs/include/tesse_msgs/tesse_msgs/srv/detail/object_spawn_request_service__builder.hpp
[26.038s] -- Symlinking: /home/aimane/vnav23/labs/lab4/install/tesse_msgs/include/tesse_msgs/tesse_msgs/srv/detail/object_spawn_request_service__struct.hpp
[26.053s] -- Symlinking: /home/aimane/vnav23/labs/lab4/install/tesse_msgs/include/tesse_msgs/tesse_msgs/srv/detail/object_spawn_request_service__traits.hpp
[26.068s] -- Symlinking: /home/aimane/vnav23/labs/lab4/install/tesse_msgs/include/tesse_msgs/tesse_msgs/srv/detail/object_spawn_request_service__type_support.hpp
[26.083s] -- Symlinking: /home/aimane/vnav23/labs/lab4/install/tesse_msgs/include/tesse_msgs/tesse_msgs/srv/detail/reposition_request_service__builder.hpp
[26.098s] -- Symlinking: /home/aimane/vnav23/labs/lab4/install/tesse_msgs/include/tesse_msgs/tesse_msgs/srv/detail/reposition_request_service__struct.hpp
[26.113s] -- Symlinking: /home/aimane/vnav23/labs/lab4/install/tesse_msgs/include/tesse_msgs/tesse_msgs/srv/detail/reposition_request_service__traits.hpp
[26.132s] -- Symlinking: /home/aimane/vnav23/labs/lab4/install/tesse_msgs/include/tesse_msgs/tesse_msgs/srv/detail/reposition_request_service__type_support.hpp
[26.150s] -- Symlinking: /home/aimane/vnav23/labs/lab4/install/tesse_msgs/include/tesse_msgs/tesse_msgs/srv/detail/scene_request_service__builder.hpp
[26.166s] -- Symlinking: /home/aimane/vnav23/labs/lab4/install/tesse_msgs/include/tesse_msgs/tesse_msgs/srv/detail/scene_request_service__struct.hpp
[26.184s] -- Symlinking: /home/aimane/vnav23/labs/lab4/install/tesse_msgs/include/tesse_msgs/tesse_msgs/srv/detail/scene_request_service__traits.hpp
[26.201s] -- Symlinking: /home/aimane/vnav23/labs/lab4/install/tesse_msgs/include/tesse_msgs/tesse_msgs/srv/detail/scene_request_service__type_support.hpp
[26.218s] -- Symlinking: /home/aimane/vnav23/labs/lab4/install/tesse_msgs/include/tesse_msgs/tesse_msgs/srv/object_spawn_request_service.hpp
[26.241s] -- Symlinking: /home/aimane/vnav23/labs/lab4/install/tesse_msgs/include/tesse_msgs/tesse_msgs/srv/reposition_request_service.hpp
[26.256s] -- Symlinking: /home/aimane/vnav23/labs/lab4/install/tesse_msgs/include/tesse_msgs/tesse_msgs/srv/scene_request_service.hpp
[26.272s] -- Symlinking: /home/aimane/vnav23/labs/lab4/install/tesse_msgs/include/tesse_msgs/tesse_msgs/msg/detail/collision_stats__rosidl_typesupport_fastrtps_cpp.hpp
[26.287s] -- Symlinking: /home/aimane/vnav23/labs/lab4/install/tesse_msgs/include/tesse_msgs/tesse_msgs/msg/rosidl_typesupport_fastrtps_cpp__visibility_control.h
[26.306s] -- Symlinking: /home/aimane/vnav23/labs/lab4/install/tesse_msgs/include/tesse_msgs/tesse_msgs/srv/detail/object_spawn_request_service__rosidl_typesupport_fastrtps_cpp.hpp
[26.320s] -- Symlinking: /home/aimane/vnav23/labs/lab4/install/tesse_msgs/include/tesse_msgs/tesse_msgs/srv/detail/reposition_request_service__rosidl_typesupport_fastrtps_cpp.hpp
[26.336s] -- Symlinking: /home/aimane/vnav23/labs/lab4/install/tesse_msgs/include/tesse_msgs/tesse_msgs/srv/detail/scene_request_service__rosidl_typesupport_fastrtps_cpp.hpp
[26.352s] -- Symlinking: /home/aimane/vnav23/labs/lab4/install/tesse_msgs/include/tesse_msgs/tesse_msgs/msg/detail/collision_stats__rosidl_typesupport_introspection_c.h
[26.367s] -- Symlinking: /home/aimane/vnav23/labs/lab4/install/tesse_msgs/include/tesse_msgs/tesse_msgs/msg/rosidl_typesupport_introspection_c__visibility_control.h
[26.382s] -- Symlinking: /home/aimane/vnav23/labs/lab4/install/tesse_msgs/include/tesse_msgs/tesse_msgs/srv/detail/object_spawn_request_service__rosidl_typesupport_introspection_c.h
[26.396s] -- Symlinking: /home/aimane/vnav23/labs/lab4/install/tesse_msgs/include/tesse_msgs/tesse_msgs/srv/detail/reposition_request_service__rosidl_typesupport_introspection_c.h
[26.409s] -- Symlinking: /home/aimane/vnav23/labs/lab4/install/tesse_msgs/include/tesse_msgs/tesse_msgs/srv/detail/scene_request_service__rosidl_typesupport_introspection_c.h
[26.424s] -- Symlinking: /home/aimane/vnav23/labs/lab4/install/tesse_msgs/include/tesse_msgs/tesse_msgs/msg/detail/collision_stats__rosidl_typesupport_introspection_cpp.hpp
[26.437s] -- Symlinking: /home/aimane/vnav23/labs/lab4/install/tesse_msgs/include/tesse_msgs/tesse_msgs/srv/detail/object_spawn_request_service__rosidl_typesupport_introspection_cpp.hpp
[26.450s] -- Symlinking: /home/aimane/vnav23/labs/lab4/install/tesse_msgs/include/tesse_msgs/tesse_msgs/srv/detail/reposition_request_service__rosidl_typesupport_introspection_cpp.hpp
[26.463s] -- Symlinking: /home/aimane/vnav23/labs/lab4/install/tesse_msgs/include/tesse_msgs/tesse_msgs/srv/detail/scene_request_service__rosidl_typesupport_introspection_cpp.hpp
[26.477s] -- Symlinking: /home/aimane/vnav23/labs/lab4/install/tesse_msgs/share/tesse_msgs/environment/pythonpath.sh
[26.491s] -- Symlinking: /home/aimane/vnav23/labs/lab4/install/tesse_msgs/share/tesse_msgs/environment/pythonpath.dsv
[26.504s] -- Symlinking: /home/aimane/vnav23/labs/lab4/install/tesse_msgs/local/lib/python3.10/dist-packages/tesse_msgs-0.0.0-py3.10.egg-info/PKG-INFO
[26.517s] -- Symlinking: /home/aimane/vnav23/labs/lab4/install/tesse_msgs/local/lib/python3.10/dist-packages/tesse_msgs-0.0.0-py3.10.egg-info/SOURCES.txt
[26.532s] -- Symlinking: /home/aimane/vnav23/labs/lab4/install/tesse_msgs/local/lib/python3.10/dist-packages/tesse_msgs-0.0.0-py3.10.egg-info/dependency_links.txt
[26.543s] -- Symlinking: /home/aimane/vnav23/labs/lab4/install/tesse_msgs/local/lib/python3.10/dist-packages/tesse_msgs-0.0.0-py3.10.egg-info/top_level.txt
[26.558s] -- Symlinking: /home/aimane/vnav23/labs/lab4/install/tesse_msgs/local/lib/python3.10/dist-packages/tesse_msgs/__init__.py
[26.570s] -- Symlinking: /home/aimane/vnav23/labs/lab4/install/tesse_msgs/local/lib/python3.10/dist-packages/tesse_msgs/_tesse_msgs_s.ep.rosidl_typesupport_c.c
[26.582s] -- Symlinking: /home/aimane/vnav23/labs/lab4/install/tesse_msgs/local/lib/python3.10/dist-packages/tesse_msgs/_tesse_msgs_s.ep.rosidl_typesupport_fastrtps_c.c
[26.594s] -- Symlinking: /home/aimane/vnav23/labs/lab4/install/tesse_msgs/local/lib/python3.10/dist-packages/tesse_msgs/_tesse_msgs_s.ep.rosidl_typesupport_introspection_c.c
[26.606s] -- Symlinking: /home/aimane/vnav23/labs/lab4/install/tesse_msgs/local/lib/python3.10/dist-packages/tesse_msgs/libtesse_msgs__rosidl_generator_py.so
[26.618s] -- Symlinking: /home/aimane/vnav23/labs/lab4/install/tesse_msgs/local/lib/python3.10/dist-packages/tesse_msgs/msg/__init__.py
[26.631s] -- Symlinking: /home/aimane/vnav23/labs/lab4/install/tesse_msgs/local/lib/python3.10/dist-packages/tesse_msgs/msg/_collision_stats.py
[26.643s] -- Symlinking: /home/aimane/vnav23/labs/lab4/install/tesse_msgs/local/lib/python3.10/dist-packages/tesse_msgs/msg/_collision_stats_s.c
[26.655s] -- Symlinking: /home/aimane/vnav23/labs/lab4/install/tesse_msgs/local/lib/python3.10/dist-packages/tesse_msgs/srv/__init__.py
[26.667s] -- Symlinking: /home/aimane/vnav23/labs/lab4/install/tesse_msgs/local/lib/python3.10/dist-packages/tesse_msgs/srv/_object_spawn_request_service.py
[26.679s] -- Symlinking: /home/aimane/vnav23/labs/lab4/install/tesse_msgs/local/lib/python3.10/dist-packages/tesse_msgs/srv/_object_spawn_request_service_s.c
[26.691s] -- Symlinking: /home/aimane/vnav23/labs/lab4/install/tesse_msgs/local/lib/python3.10/dist-packages/tesse_msgs/srv/_reposition_request_service.py
[26.702s] -- Symlinking: /home/aimane/vnav23/labs/lab4/install/tesse_msgs/local/lib/python3.10/dist-packages/tesse_msgs/srv/_reposition_request_service_s.c
[26.714s] -- Symlinking: /home/aimane/vnav23/labs/lab4/install/tesse_msgs/local/lib/python3.10/dist-packages/tesse_msgs/srv/_scene_request_service.py
[26.727s] -- Symlinking: /home/aimane/vnav23/labs/lab4/install/tesse_msgs/local/lib/python3.10/dist-packages/tesse_msgs/srv/_scene_request_service_s.c
[26.738s] -- Symlinking: /home/aimane/vnav23/labs/lab4/install/tesse_msgs/local/lib/python3.10/dist-packages/tesse_msgs/tesse_msgs_s__rosidl_typesupport_c.cpython-310-x86_64-linux-gnu.so
[26.750s] -- Symlinking: /home/aimane/vnav23/labs/lab4/install/tesse_msgs/local/lib/python3.10/dist-packages/tesse_msgs/tesse_msgs_s__rosidl_typesupport_fastrtps_c.cpython-310-x86_64-linux-gnu.so
[26.762s] -- Symlinking: /home/aimane/vnav23/labs/lab4/install/tesse_msgs/local/lib/python3.10/dist-packages/tesse_msgs/tesse_msgs_s__rosidl_typesupport_introspection_c.cpython-310-x86_64-linux-gnu.so
[26.774s] -- Up-to-date symlink: /home/aimane/vnav23/labs/lab4/install/tesse_msgs/local/lib/python3.10/dist-packages/tesse_msgs/tesse_msgs_s__rosidl_typesupport_fastrtps_c.cpython-310-x86_64-linux-gnu.so
[26.774s] -- Up-to-date symlink: /home/aimane/vnav23/labs/lab4/install/tesse_msgs/local/lib/python3.10/dist-packages/tesse_msgs/tesse_msgs_s__rosidl_typesupport_introspection_c.cpython-310-x86_64-linux-gnu.so
[26.775s] -- Up-to-date symlink: /home/aimane/vnav23/labs/lab4/install/tesse_msgs/local/lib/python3.10/dist-packages/tesse_msgs/tesse_msgs_s__rosidl_typesupport_c.cpython-310-x86_64-linux-gnu.so
[26.775s] -- Symlinking: /home/aimane/vnav23/labs/lab4/install/tesse_msgs/share/tesse_msgs/msg/CollisionStats.idl
[26.787s] -- Symlinking: /home/aimane/vnav23/labs/lab4/install/tesse_msgs/share/tesse_msgs/srv/ObjectSpawnRequestService.idl
[26.798s] -- Symlinking: /home/aimane/vnav23/labs/lab4/install/tesse_msgs/share/tesse_msgs/srv/RepositionRequestService.idl
[26.810s] -- Symlinking: /home/aimane/vnav23/labs/lab4/install/tesse_msgs/share/tesse_msgs/srv/SceneRequestService.idl
[26.822s] -- Symlinking: /home/aimane/vnav23/labs/lab4/install/tesse_msgs/share/tesse_msgs/msg/CollisionStats.msg
[26.834s] -- Symlinking: /home/aimane/vnav23/labs/lab4/install/tesse_msgs/share/tesse_msgs/srv/ObjectSpawnRequestService.srv
[26.847s] -- Symlinking: /home/aimane/vnav23/labs/lab4/install/tesse_msgs/share/tesse_msgs/srv/ObjectSpawnRequestService_Request.msg
[26.858s] -- Symlinking: /home/aimane/vnav23/labs/lab4/install/tesse_msgs/share/tesse_msgs/srv/ObjectSpawnRequestService_Response.msg
[26.870s] -- Symlinking: /home/aimane/vnav23/labs/lab4/install/tesse_msgs/share/tesse_msgs/srv/RepositionRequestService.srv
[26.882s] -- Symlinking: /home/aimane/vnav23/labs/lab4/install/tesse_msgs/share/tesse_msgs/srv/RepositionRequestService_Request.msg
[26.893s] -- Symlinking: /home/aimane/vnav23/labs/lab4/install/tesse_msgs/share/tesse_msgs/srv/RepositionRequestService_Response.msg
[26.906s] -- Symlinking: /home/aimane/vnav23/labs/lab4/install/tesse_msgs/share/tesse_msgs/srv/SceneRequestService.srv
[26.918s] -- Symlinking: /home/aimane/vnav23/labs/lab4/install/tesse_msgs/share/tesse_msgs/srv/SceneRequestService_Request.msg
[26.930s] -- Symlinking: /home/aimane/vnav23/labs/lab4/install/tesse_msgs/share/tesse_msgs/srv/SceneRequestService_Response.msg
[26.942s] -- Symlinking: /home/aimane/vnav23/labs/lab4/install/tesse_msgs/share/ament_index/resource_index/package_run_dependencies/tesse_msgs
[26.953s] -- Symlinking: /home/aimane/vnav23/labs/lab4/install/tesse_msgs/share/ament_index/resource_index/parent_prefix_path/tesse_msgs
[26.965s] -- Symlinking: /home/aimane/vnav23/labs/lab4/install/tesse_msgs/share/tesse_msgs/environment/ament_prefix_path.sh
[26.976s] -- Symlinking: /home/aimane/vnav23/labs/lab4/install/tesse_msgs/share/tesse_msgs/environment/ament_prefix_path.dsv
[26.987s] -- Symlinking: /home/aimane/vnav23/labs/lab4/install/tesse_msgs/share/tesse_msgs/environment/path.sh
[26.999s] -- Symlinking: /home/aimane/vnav23/labs/lab4/install/tesse_msgs/share/tesse_msgs/environment/path.dsv
[27.010s] -- Symlinking: /home/aimane/vnav23/labs/lab4/install/tesse_msgs/share/tesse_msgs/local_setup.bash
[27.022s] -- Symlinking: /home/aimane/vnav23/labs/lab4/install/tesse_msgs/share/tesse_msgs/local_setup.sh
[27.034s] -- Symlinking: /home/aimane/vnav23/labs/lab4/install/tesse_msgs/share/tesse_msgs/local_setup.zsh
[27.046s] -- Symlinking: /home/aimane/vnav23/labs/lab4/install/tesse_msgs/share/tesse_msgs/local_setup.dsv
[27.057s] -- Symlinking: /home/aimane/vnav23/labs/lab4/install/tesse_msgs/share/tesse_msgs/package.dsv
[27.069s] -- Symlinking: /home/aimane/vnav23/labs/lab4/install/tesse_msgs/share/ament_index/resource_index/packages/tesse_msgs
[27.080s] -- Symlinking: /home/aimane/vnav23/labs/lab4/install/tesse_msgs/share/tesse_msgs/cmake/rosidl_cmake-extras.cmake
[27.091s] -- Symlinking: /home/aimane/vnav23/labs/lab4/install/tesse_msgs/share/tesse_msgs/cmake/ament_cmake_export_dependencies-extras.cmake
[27.103s] -- Symlinking: /home/aimane/vnav23/labs/lab4/install/tesse_msgs/share/tesse_msgs/cmake/ament_cmake_export_include_directories-extras.cmake
[27.114s] -- Symlinking: /home/aimane/vnav23/labs/lab4/install/tesse_msgs/share/tesse_msgs/cmake/ament_cmake_export_libraries-extras.cmake
[27.126s] -- Symlinking: /home/aimane/vnav23/labs/lab4/install/tesse_msgs/share/tesse_msgs/cmake/ament_cmake_export_targets-extras.cmake
[27.137s] -- Symlinking: /home/aimane/vnav23/labs/lab4/install/tesse_msgs/share/tesse_msgs/cmake/rosidl_cmake_export_typesupport_targets-extras.cmake
[27.149s] -- Symlinking: /home/aimane/vnav23/labs/lab4/install/tesse_msgs/share/tesse_msgs/cmake/rosidl_cmake_export_typesupport_libraries-extras.cmake
[27.160s] -- Symlinking: /home/aimane/vnav23/labs/lab4/install/tesse_msgs/share/tesse_msgs/cmake/tesse_msgsConfig.cmake
[27.171s] -- Symlinking: /home/aimane/vnav23/labs/lab4/install/tesse_msgs/share/tesse_msgs/cmake/tesse_msgsConfig-version.cmake
[27.183s] -- Symlinking: /home/aimane/vnav23/labs/lab4/install/tesse_msgs/share/tesse_msgs/package.xml
[27.195s] -- Installing: /home/aimane/vnav23/labs/lab4/install/tesse_msgs/lib/libtesse_msgs__rosidl_generator_c.so
[27.195s] -- Set runtime path of "/home/aimane/vnav23/labs/lab4/install/tesse_msgs/lib/libtesse_msgs__rosidl_generator_c.so" to ""
[27.195s] -- Installing: /home/aimane/vnav23/labs/lab4/install/tesse_msgs/lib/libtesse_msgs__rosidl_typesupport_fastrtps_c.so
[27.196s] -- Set runtime path of "/home/aimane/vnav23/labs/lab4/install/tesse_msgs/lib/libtesse_msgs__rosidl_typesupport_fastrtps_c.so" to ""
[27.196s] -- Installing: /home/aimane/vnav23/labs/lab4/install/tesse_msgs/lib/libtesse_msgs__rosidl_typesupport_fastrtps_cpp.so
[27.197s] -- Set runtime path of "/home/aimane/vnav23/labs/lab4/install/tesse_msgs/lib/libtesse_msgs__rosidl_typesupport_fastrtps_cpp.so" to ""
[27.197s] -- Installing: /home/aimane/vnav23/labs/lab4/install/tesse_msgs/lib/libtesse_msgs__rosidl_typesupport_introspection_c.so
[27.198s] -- Set runtime path of "/home/aimane/vnav23/labs/lab4/install/tesse_msgs/lib/libtesse_msgs__rosidl_typesupport_introspection_c.so" to ""
[27.198s] -- Installing: /home/aimane/vnav23/labs/lab4/install/tesse_msgs/lib/libtesse_msgs__rosidl_typesupport_c.so
[27.198s] -- Set runtime path of "/home/aimane/vnav23/labs/lab4/install/tesse_msgs/lib/libtesse_msgs__rosidl_typesupport_c.so" to ""
[27.199s] -- Installing: /home/aimane/vnav23/labs/lab4/install/tesse_msgs/lib/libtesse_msgs__rosidl_typesupport_introspection_cpp.so
[27.199s] -- Set runtime path of "/home/aimane/vnav23/labs/lab4/install/tesse_msgs/lib/libtesse_msgs__rosidl_typesupport_introspection_cpp.so" to ""
[27.199s] -- Installing: /home/aimane/vnav23/labs/lab4/install/tesse_msgs/lib/libtesse_msgs__rosidl_typesupport_cpp.so
[27.200s] -- Set runtime path of "/home/aimane/vnav23/labs/lab4/install/tesse_msgs/lib/libtesse_msgs__rosidl_typesupport_cpp.so" to ""
[27.251s] Listing '/home/aimane/vnav23/labs/lab4/install/tesse_msgs/local/lib/python3.10/dist-packages/tesse_msgs'...
[27.251s] Compiling '/home/aimane/vnav23/labs/lab4/install/tesse_msgs/local/lib/python3.10/dist-packages/tesse_msgs/__init__.py'...
[27.251s] Listing '/home/aimane/vnav23/labs/lab4/install/tesse_msgs/local/lib/python3.10/dist-packages/tesse_msgs/msg'...
[27.251s] Compiling '/home/aimane/vnav23/labs/lab4/install/tesse_msgs/local/lib/python3.10/dist-packages/tesse_msgs/msg/__init__.py'...
[27.251s] Compiling '/home/aimane/vnav23/labs/lab4/install/tesse_msgs/local/lib/python3.10/dist-packages/tesse_msgs/msg/_collision_stats.py'...
[27.251s] Listing '/home/aimane/vnav23/labs/lab4/install/tesse_msgs/local/lib/python3.10/dist-packages/tesse_msgs/srv'...
[27.251s] Compiling '/home/aimane/vnav23/labs/lab4/install/tesse_msgs/local/lib/python3.10/dist-packages/tesse_msgs/srv/__init__.py'...
[27.251s] Compiling '/home/aimane/vnav23/labs/lab4/install/tesse_msgs/local/lib/python3.10/dist-packages/tesse_msgs/srv/_object_spawn_request_service.py'...
[27.252s] Compiling '/home/aimane/vnav23/labs/lab4/install/tesse_msgs/local/lib/python3.10/dist-packages/tesse_msgs/srv/_reposition_request_service.py'...
[27.252s] Compiling '/home/aimane/vnav23/labs/lab4/install/tesse_msgs/local/lib/python3.10/dist-packages/tesse_msgs/srv/_scene_request_service.py'...
[27.258s] -- Installing: /home/aimane/vnav23/labs/lab4/install/tesse_msgs/lib/libtesse_msgs__rosidl_generator_py.so
[27.258s] -- Set runtime path of "/home/aimane/vnav23/labs/lab4/install/tesse_msgs/lib/libtesse_msgs__rosidl_generator_py.so" to ""
[27.259s] -- Installing: /home/aimane/vnav23/labs/lab4/install/tesse_msgs/share/tesse_msgs/cmake/export_tesse_msgs__rosidl_generator_cExport.cmake
[27.259s] -- Installing: /home/aimane/vnav23/labs/lab4/install/tesse_msgs/share/tesse_msgs/cmake/export_tesse_msgs__rosidl_generator_cExport-noconfig.cmake
[27.259s] -- Installing: /home/aimane/vnav23/labs/lab4/install/tesse_msgs/share/tesse_msgs/cmake/export_tesse_msgs__rosidl_typesupport_fastrtps_cExport.cmake
[27.259s] -- Installing: /home/aimane/vnav23/labs/lab4/install/tesse_msgs/share/tesse_msgs/cmake/export_tesse_msgs__rosidl_typesupport_fastrtps_cExport-noconfig.cmake
[27.260s] -- Installing: /home/aimane/vnav23/labs/lab4/install/tesse_msgs/share/tesse_msgs/cmake/export_tesse_msgs__rosidl_generator_cppExport.cmake
[27.260s] -- Installing: /home/aimane/vnav23/labs/lab4/install/tesse_msgs/share/tesse_msgs/cmake/export_tesse_msgs__rosidl_typesupport_fastrtps_cppExport.cmake
[27.260s] -- Installing: /home/aimane/vnav23/labs/lab4/install/tesse_msgs/share/tesse_msgs/cmake/export_tesse_msgs__rosidl_typesupport_fastrtps_cppExport-noconfig.cmake
[27.261s] -- Installing: /home/aimane/vnav23/labs/lab4/install/tesse_msgs/share/tesse_msgs/cmake/tesse_msgs__rosidl_typesupport_introspection_cExport.cmake
[27.261s] -- Installing: /home/aimane/vnav23/labs/lab4/install/tesse_msgs/share/tesse_msgs/cmake/tesse_msgs__rosidl_typesupport_introspection_cExport-noconfig.cmake
[27.261s] -- Installing: /home/aimane/vnav23/labs/lab4/install/tesse_msgs/share/tesse_msgs/cmake/tesse_msgs__rosidl_typesupport_cExport.cmake
[27.262s] -- Installing: /home/aimane/vnav23/labs/lab4/install/tesse_msgs/share/tesse_msgs/cmake/tesse_msgs__rosidl_typesupport_cExport-noconfig.cmake
[27.262s] -- Installing: /home/aimane/vnav23/labs/lab4/install/tesse_msgs/share/tesse_msgs/cmake/tesse_msgs__rosidl_typesupport_introspection_cppExport.cmake
[27.262s] -- Installing: /home/aimane/vnav23/labs/lab4/install/tesse_msgs/share/tesse_msgs/cmake/tesse_msgs__rosidl_typesupport_introspection_cppExport-noconfig.cmake
[27.263s] -- Installing: /home/aimane/vnav23/labs/lab4/install/tesse_msgs/share/tesse_msgs/cmake/tesse_msgs__rosidl_typesupport_cppExport.cmake
[27.263s] -- Installing: /home/aimane/vnav23/labs/lab4/install/tesse_msgs/share/tesse_msgs/cmake/tesse_msgs__rosidl_typesupport_cppExport-noconfig.cmake
[27.263s] -- Installing: /home/aimane/vnav23/labs/lab4/install/tesse_msgs/share/tesse_msgs/cmake/export_tesse_msgs__rosidl_generator_pyExport.cmake
[27.263s] -- Installing: /home/aimane/vnav23/labs/lab4/install/tesse_msgs/share/tesse_msgs/cmake/export_tesse_msgs__rosidl_generator_pyExport-noconfig.cmake
[27.266s] Invoked command in '/home/aimane/vnav23/labs/lab4/build/tesse_msgs' returned '0': CMAKE_PREFIX_PATH=${CMAKE_PREFIX_PATH}:/home/aimane/vnav23/labs/lab4/install/tesse_ros_bridge:/opt/ros/humble /usr/bin/cmake --install /home/aimane/vnav23/labs/lab4/build/tesse_msgs
