[0.118s] Invoking command in '/home/aimane/vnav23/labs/lab4/build/mav_system_msgs': CMAKE_PREFIX_PATH=/home/aimane/vnav23/labs/lab4/install/trajectory_generation:/home/aimane/vnav23/labs/lab4/install/tesse_msgs:/home/aimane/vnav23/labs/lab4/install/planner_pkg:/home/aimane/vnav23/labs/lab4/install/tesse_ros_bridge:/opt/ros/humble:/home/aimane/vnav23/labs/lab4/install/mav_visualization:/home/aimane/vnav23/labs/lab4/install/mav_trajectory_generation:/home/aimane/vnav23/labs/lab4/install/mav_comm:/home/aimane/vnav23/labs/lab4/install/mav_system_msgs:/home/aimane/vnav23/labs/lab4/install/mav_state_machine_msgs:/home/aimane/vnav23/labs/lab4/install/mav_planning_msgs:/home/aimane/vnav23/labs/lab4/install/controller_pkg:/home/aimane/vnav23/labs/lab4/install/mav_msgs:/home/aimane/mavros_ws/install/mavros_extras:/home/aimane/mavros_ws/install/mavros_examples:/home/aimane/mavros_ws/install/mavros:/home/aimane/mavros_ws/install/mavros_msgs:/home/aimane/mavros_ws/install/libmavconn /usr/bin/cmake --build /home/aimane/vnav23/labs/lab4/build/mav_system_msgs -- -j8 -l8
[0.951s] [ 13%] Built target mav_system_msgs__rosidl_generator_c
[0.951s] [ 17%] Built target mav_system_msgs__cpp
[0.951s] [ 31%] Built target mav_system_msgs__rosidl_typesupport_fastrtps_c
[0.951s] [ 44%] Built target mav_system_msgs__rosidl_typesupport_cpp
[0.951s] [ 58%] Built target mav_system_msgs__rosidl_typesupport_c
[0.952s] [ 72%] Built target mav_system_msgs__rosidl_typesupport_introspection_cpp
[0.952s] [ 86%] Built target mav_system_msgs__rosidl_typesupport_fastrtps_cpp
[0.952s] [100%] Built target mav_system_msgs__rosidl_typesupport_introspection_c
[0.952s] [100%] Built target mav_system_msgs
[1.487s] Invoked command in '/home/aimane/vnav23/labs/lab4/build/mav_system_msgs' returned '0': CMAKE_PREFIX_PATH=/home/aimane/vnav23/labs/lab4/install/trajectory_generation:/home/aimane/vnav23/labs/lab4/install/tesse_msgs:/home/aimane/vnav23/labs/lab4/install/planner_pkg:/home/aimane/vnav23/labs/lab4/install/tesse_ros_bridge:/opt/ros/humble:/home/aimane/vnav23/labs/lab4/install/mav_visualization:/home/aimane/vnav23/labs/lab4/install/mav_trajectory_generation:/home/aimane/vnav23/labs/lab4/install/mav_comm:/home/aimane/vnav23/labs/lab4/install/mav_system_msgs:/home/aimane/vnav23/labs/lab4/install/mav_state_machine_msgs:/home/aimane/vnav23/labs/lab4/install/mav_planning_msgs:/home/aimane/vnav23/labs/lab4/install/controller_pkg:/home/aimane/vnav23/labs/lab4/install/mav_msgs:/home/aimane/mavros_ws/install/mavros_extras:/home/aimane/mavros_ws/install/mavros_examples:/home/aimane/mavros_ws/install/mavros:/home/aimane/mavros_ws/install/mavros_msgs:/home/aimane/mavros_ws/install/libmavconn /usr/bin/cmake --build /home/aimane/vnav23/labs/lab4/build/mav_system_msgs -- -j8 -l8
[1.489s] Invoking command in '/home/aimane/vnav23/labs/lab4/build/mav_system_msgs': CMAKE_PREFIX_PATH=/home/aimane/vnav23/labs/lab4/install/trajectory_generation:/home/aimane/vnav23/labs/lab4/install/tesse_msgs:/home/aimane/vnav23/labs/lab4/install/planner_pkg:/home/aimane/vnav23/labs/lab4/install/tesse_ros_bridge:/opt/ros/humble:/home/aimane/vnav23/labs/lab4/install/mav_visualization:/home/aimane/vnav23/labs/lab4/install/mav_trajectory_generation:/home/aimane/vnav23/labs/lab4/install/mav_comm:/home/aimane/vnav23/labs/lab4/install/mav_system_msgs:/home/aimane/vnav23/labs/lab4/install/mav_state_machine_msgs:/home/aimane/vnav23/labs/lab4/install/mav_planning_msgs:/home/aimane/vnav23/labs/lab4/install/controller_pkg:/home/aimane/vnav23/labs/lab4/install/mav_msgs:/home/aimane/mavros_ws/install/mavros_extras:/home/aimane/mavros_ws/install/mavros_examples:/home/aimane/mavros_ws/install/mavros:/home/aimane/mavros_ws/install/mavros_msgs:/home/aimane/mavros_ws/install/libmavconn /usr/bin/cmake --install /home/aimane/vnav23/labs/lab4/build/mav_system_msgs
[1.511s] -- Install configuration: ""
[1.525s] -- Execute custom install script
[1.526s] -- Up-to-date symlink: /home/aimane/vnav23/labs/lab4/install/mav_system_msgs/share/ament_index/resource_index/rosidl_interfaces/mav_system_msgs
[1.526s] -- Up-to-date symlink: /home/aimane/vnav23/labs/lab4/install/mav_system_msgs/include/mav_system_msgs/mav_system_msgs/msg/cpu_info.h
[1.528s] -- Up-to-date symlink: /home/aimane/vnav23/labs/lab4/install/mav_system_msgs/include/mav_system_msgs/mav_system_msgs/msg/detail/cpu_info__functions.h
[1.535s] -- Up-to-date symlink: /home/aimane/vnav23/labs/lab4/install/mav_system_msgs/include/mav_system_msgs/mav_system_msgs/msg/detail/cpu_info__struct.h
[1.536s] -- Up-to-date symlink: /home/aimane/vnav23/labs/lab4/install/mav_system_msgs/include/mav_system_msgs/mav_system_msgs/msg/detail/cpu_info__type_support.h
[1.536s] -- Up-to-date symlink: /home/aimane/vnav23/labs/lab4/install/mav_system_msgs/include/mav_system_msgs/mav_system_msgs/msg/detail/process_info__functions.h
[1.537s] -- Up-to-date symlink: /home/aimane/vnav23/labs/lab4/install/mav_system_msgs/include/mav_system_msgs/mav_system_msgs/msg/detail/process_info__struct.h
[1.544s] -- Up-to-date symlink: /home/aimane/vnav23/labs/lab4/install/mav_system_msgs/include/mav_system_msgs/mav_system_msgs/msg/detail/process_info__type_support.h
[1.545s] -- Up-to-date symlink: /home/aimane/vnav23/labs/lab4/install/mav_system_msgs/include/mav_system_msgs/mav_system_msgs/msg/process_info.h
[1.546s] -- Up-to-date symlink: /home/aimane/vnav23/labs/lab4/install/mav_system_msgs/include/mav_system_msgs/mav_system_msgs/msg/rosidl_generator_c__visibility_control.h
[1.548s] -- Up-to-date symlink: /home/aimane/vnav23/labs/lab4/install/mav_system_msgs/share/mav_system_msgs/environment/library_path.sh
[1.550s] -- Up-to-date symlink: /home/aimane/vnav23/labs/lab4/install/mav_system_msgs/share/mav_system_msgs/environment/library_path.dsv
[1.553s] -- Up-to-date symlink: /home/aimane/vnav23/labs/lab4/install/mav_system_msgs/include/mav_system_msgs/mav_system_msgs/msg/detail/cpu_info__rosidl_typesupport_fastrtps_c.h
[1.553s] -- Up-to-date symlink: /home/aimane/vnav23/labs/lab4/install/mav_system_msgs/include/mav_system_msgs/mav_system_msgs/msg/detail/process_info__rosidl_typesupport_fastrtps_c.h
[1.553s] -- Up-to-date symlink: /home/aimane/vnav23/labs/lab4/install/mav_system_msgs/include/mav_system_msgs/mav_system_msgs/msg/rosidl_typesupport_fastrtps_c__visibility_control.h
[1.556s] -- Up-to-date symlink: /home/aimane/vnav23/labs/lab4/install/mav_system_msgs/include/mav_system_msgs/mav_system_msgs/msg/cpu_info.hpp
[1.560s] -- Up-to-date symlink: /home/aimane/vnav23/labs/lab4/install/mav_system_msgs/include/mav_system_msgs/mav_system_msgs/msg/detail/cpu_info__builder.hpp
[1.561s] -- Up-to-date symlink: /home/aimane/vnav23/labs/lab4/install/mav_system_msgs/include/mav_system_msgs/mav_system_msgs/msg/detail/cpu_info__struct.hpp
[1.561s] -- Up-to-date symlink: /home/aimane/vnav23/labs/lab4/install/mav_system_msgs/include/mav_system_msgs/mav_system_msgs/msg/detail/cpu_info__traits.hpp
[1.561s] -- Up-to-date symlink: /home/aimane/vnav23/labs/lab4/install/mav_system_msgs/include/mav_system_msgs/mav_system_msgs/msg/detail/cpu_info__type_support.hpp
[1.562s] -- Up-to-date symlink: /home/aimane/vnav23/labs/lab4/install/mav_system_msgs/include/mav_system_msgs/mav_system_msgs/msg/detail/process_info__builder.hpp
[1.563s] -- Up-to-date symlink: /home/aimane/vnav23/labs/lab4/install/mav_system_msgs/include/mav_system_msgs/mav_system_msgs/msg/detail/process_info__struct.hpp
[1.563s] -- Up-to-date symlink: /home/aimane/vnav23/labs/lab4/install/mav_system_msgs/include/mav_system_msgs/mav_system_msgs/msg/detail/process_info__traits.hpp
[1.564s] -- Up-to-date symlink: /home/aimane/vnav23/labs/lab4/install/mav_system_msgs/include/mav_system_msgs/mav_system_msgs/msg/detail/process_info__type_support.hpp
[1.565s] -- Up-to-date symlink: /home/aimane/vnav23/labs/lab4/install/mav_system_msgs/include/mav_system_msgs/mav_system_msgs/msg/process_info.hpp
[1.566s] -- Up-to-date symlink: /home/aimane/vnav23/labs/lab4/install/mav_system_msgs/include/mav_system_msgs/mav_system_msgs/msg/rosidl_generator_cpp__visibility_control.hpp
[1.569s] -- Up-to-date symlink: /home/aimane/vnav23/labs/lab4/install/mav_system_msgs/include/mav_system_msgs/mav_system_msgs/msg/detail/cpu_info__rosidl_typesupport_fastrtps_cpp.hpp
[1.570s] -- Up-to-date symlink: /home/aimane/vnav23/labs/lab4/install/mav_system_msgs/include/mav_system_msgs/mav_system_msgs/msg/detail/process_info__rosidl_typesupport_fastrtps_cpp.hpp
[1.570s] -- Up-to-date symlink: /home/aimane/vnav23/labs/lab4/install/mav_system_msgs/include/mav_system_msgs/mav_system_msgs/msg/rosidl_typesupport_fastrtps_cpp__visibility_control.h
[1.578s] -- Up-to-date symlink: /home/aimane/vnav23/labs/lab4/install/mav_system_msgs/include/mav_system_msgs/mav_system_msgs/msg/detail/cpu_info__rosidl_typesupport_introspection_c.h
[1.584s] -- Up-to-date symlink: /home/aimane/vnav23/labs/lab4/install/mav_system_msgs/include/mav_system_msgs/mav_system_msgs/msg/detail/process_info__rosidl_typesupport_introspection_c.h
[1.584s] -- Up-to-date symlink: /home/aimane/vnav23/labs/lab4/install/mav_system_msgs/include/mav_system_msgs/mav_system_msgs/msg/rosidl_typesupport_introspection_c__visibility_control.h
[1.585s] -- Up-to-date symlink: /home/aimane/vnav23/labs/lab4/install/mav_system_msgs/include/mav_system_msgs/mav_system_msgs/msg/detail/cpu_info__rosidl_typesupport_introspection_cpp.hpp
[1.586s] -- Up-to-date symlink: /home/aimane/vnav23/labs/lab4/install/mav_system_msgs/include/mav_system_msgs/mav_system_msgs/msg/detail/process_info__rosidl_typesupport_introspection_cpp.hpp
[1.587s] -- Up-to-date symlink: /home/aimane/vnav23/labs/lab4/install/mav_system_msgs/share/mav_system_msgs/msg/CpuInfo.idl
[1.588s] -- Up-to-date symlink: /home/aimane/vnav23/labs/lab4/install/mav_system_msgs/share/mav_system_msgs/msg/ProcessInfo.idl
[1.588s] -- Up-to-date symlink: /home/aimane/vnav23/labs/lab4/install/mav_system_msgs/share/mav_system_msgs/msg/CpuInfo.msg
[1.589s] -- Up-to-date symlink: /home/aimane/vnav23/labs/lab4/install/mav_system_msgs/share/mav_system_msgs/msg/ProcessInfo.msg
[1.589s] -- Up-to-date symlink: /home/aimane/vnav23/labs/lab4/install/mav_system_msgs/share/ament_index/resource_index/package_run_dependencies/mav_system_msgs
[1.589s] -- Up-to-date symlink: /home/aimane/vnav23/labs/lab4/install/mav_system_msgs/share/ament_index/resource_index/parent_prefix_path/mav_system_msgs
[1.589s] -- Up-to-date symlink: /home/aimane/vnav23/labs/lab4/install/mav_system_msgs/share/mav_system_msgs/environment/ament_prefix_path.sh
[1.589s] -- Up-to-date symlink: /home/aimane/vnav23/labs/lab4/install/mav_system_msgs/share/mav_system_msgs/environment/ament_prefix_path.dsv
[1.590s] -- Up-to-date symlink: /home/aimane/vnav23/labs/lab4/install/mav_system_msgs/share/mav_system_msgs/environment/path.sh
[1.592s] -- Up-to-date symlink: /home/aimane/vnav23/labs/lab4/install/mav_system_msgs/share/mav_system_msgs/environment/path.dsv
[1.592s] -- Up-to-date symlink: /home/aimane/vnav23/labs/lab4/install/mav_system_msgs/share/mav_system_msgs/local_setup.bash
[1.596s] -- Up-to-date symlink: /home/aimane/vnav23/labs/lab4/install/mav_system_msgs/share/mav_system_msgs/local_setup.sh
[1.596s] -- Up-to-date symlink: /home/aimane/vnav23/labs/lab4/install/mav_system_msgs/share/mav_system_msgs/local_setup.zsh
[1.596s] -- Up-to-date symlink: /home/aimane/vnav23/labs/lab4/install/mav_system_msgs/share/mav_system_msgs/local_setup.dsv
[1.596s] -- Symlinking: /home/aimane/vnav23/labs/lab4/install/mav_system_msgs/share/mav_system_msgs/package.dsv
[1.611s] -- Up-to-date symlink: /home/aimane/vnav23/labs/lab4/install/mav_system_msgs/share/ament_index/resource_index/packages/mav_system_msgs
[1.612s] -- Up-to-date symlink: /home/aimane/vnav23/labs/lab4/install/mav_system_msgs/share/mav_system_msgs/cmake/rosidl_cmake-extras.cmake
[1.613s] -- Up-to-date symlink: /home/aimane/vnav23/labs/lab4/install/mav_system_msgs/share/mav_system_msgs/cmake/ament_cmake_export_dependencies-extras.cmake
[1.613s] -- Up-to-date symlink: /home/aimane/vnav23/labs/lab4/install/mav_system_msgs/share/mav_system_msgs/cmake/ament_cmake_export_include_directories-extras.cmake
[1.614s] -- Up-to-date symlink: /home/aimane/vnav23/labs/lab4/install/mav_system_msgs/share/mav_system_msgs/cmake/ament_cmake_export_libraries-extras.cmake
[1.614s] -- Up-to-date symlink: /home/aimane/vnav23/labs/lab4/install/mav_system_msgs/share/mav_system_msgs/cmake/ament_cmake_export_targets-extras.cmake
[1.615s] -- Up-to-date symlink: /home/aimane/vnav23/labs/lab4/install/mav_system_msgs/share/mav_system_msgs/cmake/rosidl_cmake_export_typesupport_targets-extras.cmake
[1.615s] -- Up-to-date symlink: /home/aimane/vnav23/labs/lab4/install/mav_system_msgs/share/mav_system_msgs/cmake/rosidl_cmake_export_typesupport_libraries-extras.cmake
[1.616s] -- Up-to-date symlink: /home/aimane/vnav23/labs/lab4/install/mav_system_msgs/share/mav_system_msgs/cmake/mav_system_msgsConfig.cmake
[1.620s] -- Up-to-date symlink: /home/aimane/vnav23/labs/lab4/install/mav_system_msgs/share/mav_system_msgs/cmake/mav_system_msgsConfig-version.cmake
[1.620s] -- Up-to-date symlink: /home/aimane/vnav23/labs/lab4/install/mav_system_msgs/share/mav_system_msgs/package.xml
[1.621s] -- Up-to-date: /home/aimane/vnav23/labs/lab4/install/mav_system_msgs/lib/libmav_system_msgs__rosidl_generator_c.so
[1.621s] -- Up-to-date: /home/aimane/vnav23/labs/lab4/install/mav_system_msgs/lib/libmav_system_msgs__rosidl_typesupport_fastrtps_c.so
[1.622s] -- Up-to-date: /home/aimane/vnav23/labs/lab4/install/mav_system_msgs/lib/libmav_system_msgs__rosidl_typesupport_fastrtps_cpp.so
[1.622s] -- Up-to-date: /home/aimane/vnav23/labs/lab4/install/mav_system_msgs/lib/libmav_system_msgs__rosidl_typesupport_introspection_c.so
[1.623s] -- Up-to-date: /home/aimane/vnav23/labs/lab4/install/mav_system_msgs/lib/libmav_system_msgs__rosidl_typesupport_c.so
[1.623s] -- Up-to-date: /home/aimane/vnav23/labs/lab4/install/mav_system_msgs/lib/libmav_system_msgs__rosidl_typesupport_introspection_cpp.so
[1.623s] -- Up-to-date: /home/aimane/vnav23/labs/lab4/install/mav_system_msgs/lib/libmav_system_msgs__rosidl_typesupport_cpp.so
[1.624s] -- Up-to-date: /home/aimane/vnav23/labs/lab4/install/mav_system_msgs/share/mav_system_msgs/cmake/export_mav_system_msgs__rosidl_generator_cExport.cmake
[1.624s] -- Up-to-date: /home/aimane/vnav23/labs/lab4/install/mav_system_msgs/share/mav_system_msgs/cmake/export_mav_system_msgs__rosidl_generator_cExport-noconfig.cmake
[1.624s] -- Up-to-date: /home/aimane/vnav23/labs/lab4/install/mav_system_msgs/share/mav_system_msgs/cmake/export_mav_system_msgs__rosidl_typesupport_fastrtps_cExport.cmake
[1.624s] -- Up-to-date: /home/aimane/vnav23/labs/lab4/install/mav_system_msgs/share/mav_system_msgs/cmake/export_mav_system_msgs__rosidl_typesupport_fastrtps_cExport-noconfig.cmake
[1.624s] -- Up-to-date: /home/aimane/vnav23/labs/lab4/install/mav_system_msgs/share/mav_system_msgs/cmake/export_mav_system_msgs__rosidl_generator_cppExport.cmake
[1.625s] -- Up-to-date: /home/aimane/vnav23/labs/lab4/install/mav_system_msgs/share/mav_system_msgs/cmake/export_mav_system_msgs__rosidl_typesupport_fastrtps_cppExport.cmake
[1.625s] -- Up-to-date: /home/aimane/vnav23/labs/lab4/install/mav_system_msgs/share/mav_system_msgs/cmake/export_mav_system_msgs__rosidl_typesupport_fastrtps_cppExport-noconfig.cmake
[1.625s] -- Up-to-date: /home/aimane/vnav23/labs/lab4/install/mav_system_msgs/share/mav_system_msgs/cmake/mav_system_msgs__rosidl_typesupport_introspection_cExport.cmake
[1.626s] -- Up-to-date: /home/aimane/vnav23/labs/lab4/install/mav_system_msgs/share/mav_system_msgs/cmake/mav_system_msgs__rosidl_typesupport_introspection_cExport-noconfig.cmake
[1.627s] -- Up-to-date: /home/aimane/vnav23/labs/lab4/install/mav_system_msgs/share/mav_system_msgs/cmake/mav_system_msgs__rosidl_typesupport_cExport.cmake
[1.627s] -- Up-to-date: /home/aimane/vnav23/labs/lab4/install/mav_system_msgs/share/mav_system_msgs/cmake/mav_system_msgs__rosidl_typesupport_cExport-noconfig.cmake
[1.627s] -- Up-to-date: /home/aimane/vnav23/labs/lab4/install/mav_system_msgs/share/mav_system_msgs/cmake/mav_system_msgs__rosidl_typesupport_introspection_cppExport.cmake
[1.627s] -- Up-to-date: /home/aimane/vnav23/labs/lab4/install/mav_system_msgs/share/mav_system_msgs/cmake/mav_system_msgs__rosidl_typesupport_introspection_cppExport-noconfig.cmake
[1.628s] -- Up-to-date: /home/aimane/vnav23/labs/lab4/install/mav_system_msgs/share/mav_system_msgs/cmake/mav_system_msgs__rosidl_typesupport_cppExport.cmake
[1.628s] -- Up-to-date: /home/aimane/vnav23/labs/lab4/install/mav_system_msgs/share/mav_system_msgs/cmake/mav_system_msgs__rosidl_typesupport_cppExport-noconfig.cmake
[1.767s] Invoked command in '/home/aimane/vnav23/labs/lab4/build/mav_system_msgs' returned '0': CMAKE_PREFIX_PATH=/home/aimane/vnav23/labs/lab4/install/trajectory_generation:/home/aimane/vnav23/labs/lab4/install/tesse_msgs:/home/aimane/vnav23/labs/lab4/install/planner_pkg:/home/aimane/vnav23/labs/lab4/install/tesse_ros_bridge:/opt/ros/humble:/home/aimane/vnav23/labs/lab4/install/mav_visualization:/home/aimane/vnav23/labs/lab4/install/mav_trajectory_generation:/home/aimane/vnav23/labs/lab4/install/mav_comm:/home/aimane/vnav23/labs/lab4/install/mav_system_msgs:/home/aimane/vnav23/labs/lab4/install/mav_state_machine_msgs:/home/aimane/vnav23/labs/lab4/install/mav_planning_msgs:/home/aimane/vnav23/labs/lab4/install/controller_pkg:/home/aimane/vnav23/labs/lab4/install/mav_msgs:/home/aimane/mavros_ws/install/mavros_extras:/home/aimane/mavros_ws/install/mavros_examples:/home/aimane/mavros_ws/install/mavros:/home/aimane/mavros_ws/install/mavros_msgs:/home/aimane/mavros_ws/install/libmavconn /usr/bin/cmake --install /home/aimane/vnav23/labs/lab4/build/mav_system_msgs
