[0.051s] Invoking command in '/home/aimane/vnav23/labs/lab4/build/mav_visualization': /usr/bin/cmake --build /home/aimane/vnav23/labs/lab4/build/mav_visualization -- -j8 -l8
[0.506s] [100%] Built target mav_visualization
[0.925s] Invoked command in '/home/aimane/vnav23/labs/lab4/build/mav_visualization' returned '0': /usr/bin/cmake --build /home/aimane/vnav23/labs/lab4/build/mav_visualization -- -j8 -l8
[0.941s] Invoking command in '/home/aimane/vnav23/labs/lab4/build/mav_visualization': /usr/bin/cmake --install /home/aimane/vnav23/labs/lab4/build/mav_visualization
[0.956s] -- Install configuration: ""
[0.956s] -- Up-to-date: /home/aimane/vnav23/labs/lab4/install/mav_visualization/share/ament_index/resource_index/package_run_dependencies/mav_visualization
[0.957s] -- Up-to-date: /home/aimane/vnav23/labs/lab4/install/mav_visualization/share/ament_index/resource_index/parent_prefix_path/mav_visualization
[0.957s] -- Up-to-date: /home/aimane/vnav23/labs/lab4/install/mav_visualization/share/mav_visualization/environment/ament_prefix_path.sh
[0.960s] -- Up-to-date: /home/aimane/vnav23/labs/lab4/install/mav_visualization/share/mav_visualization/environment/ament_prefix_path.dsv
[0.961s] -- Up-to-date: /home/aimane/vnav23/labs/lab4/install/mav_visualization/share/mav_visualization/environment/path.sh
[0.961s] -- Up-to-date: /home/aimane/vnav23/labs/lab4/install/mav_visualization/share/mav_visualization/environment/path.dsv
[0.963s] -- Up-to-date: /home/aimane/vnav23/labs/lab4/install/mav_visualization/share/mav_visualization/local_setup.bash
[0.964s] -- Up-to-date: /home/aimane/vnav23/labs/lab4/install/mav_visualization/share/mav_visualization/local_setup.sh
[0.965s] -- Up-to-date: /home/aimane/vnav23/labs/lab4/install/mav_visualization/share/mav_visualization/local_setup.zsh
[0.967s] -- Up-to-date: /home/aimane/vnav23/labs/lab4/install/mav_visualization/share/mav_visualization/local_setup.dsv
[0.967s] -- Installing: /home/aimane/vnav23/labs/lab4/install/mav_visualization/share/mav_visualization/package.dsv
[0.967s] -- Up-to-date: /home/aimane/vnav23/labs/lab4/install/mav_visualization/share/ament_index/resource_index/packages/mav_visualization
[0.968s] -- Up-to-date: /home/aimane/vnav23/labs/lab4/install/mav_visualization/share/mav_visualization/cmake/mav_visualizationConfig.cmake
[0.970s] -- Up-to-date: /home/aimane/vnav23/labs/lab4/install/mav_visualization/share/mav_visualization/cmake/mav_visualizationConfig-version.cmake
[0.971s] -- Up-to-date: /home/aimane/vnav23/labs/lab4/install/mav_visualization/share/mav_visualization/package.xml
[0.975s] Invoked command in '/home/aimane/vnav23/labs/lab4/build/mav_visualization' returned '0': /usr/bin/cmake --install /home/aimane/vnav23/labs/lab4/build/mav_visualization
