[0.230s] Invoking command in '/home/aimane/vnav23/labs/lab4/build/mav_state_machine_msgs': CMAKE_PREFIX_PATH=/home/aimane/mavros_ws/install/mavros_extras:/home/aimane/mavros_ws/install/mavros_examples:/home/aimane/mavros_ws/install/mavros:/home/aimane/mavros_ws/install/mavros_msgs:/home/aimane/mavros_ws/install/libmavconn:/home/aimane/vnav23/labs/lab4/install/trajectory_generation:/home/aimane/vnav23/labs/lab4/install/tesse_msgs:/home/aimane/vnav23/labs/lab4/install/planner_pkg:/home/aimane/vnav23/labs/lab4/install/tesse_ros_bridge:/opt/ros/humble:/home/aimane/vnav23/labs/lab4/install/mav_visualization:/home/aimane/vnav23/labs/lab4/install/mav_trajectory_generation:/home/aimane/vnav23/labs/lab4/install/mav_comm:/home/aimane/vnav23/labs/lab4/install/mav_system_msgs:/home/aimane/vnav23/labs/lab4/install/mav_state_machine_msgs:/home/aimane/vnav23/labs/lab4/install/mav_planning_msgs:/home/aimane/vnav23/labs/lab4/install/controller_pkg:/home/aimane/vnav23/labs/lab4/install/mav_msgs PS1=(lab4_venv) \[[01;32m\]\u@\h\[[00m\]:\[[01;34m\]\w\[[00m\]$ VIRTUAL_ENV_PROMPT=(lab4_venv) /usr/bin/cmake --build /home/aimane/vnav23/labs/lab4/build/mav_state_machine_msgs -- -j8 -l8
[1.291s] [  3%] Built target mav_state_machine_msgs__cpp
[1.930s] [ 17%] Built target mav_state_machine_msgs__rosidl_generator_c
[2.073s] [ 31%] Built target mav_state_machine_msgs__rosidl_typesupport_cpp
[2.266s] [ 44%] Built target mav_state_machine_msgs__rosidl_typesupport_fastrtps_c
[2.687s] [ 58%] Built target mav_state_machine_msgs__rosidl_typesupport_c
[2.808s] [ 72%] Built target mav_state_machine_msgs__rosidl_typesupport_introspection_c
[2.974s] [ 86%] Built target mav_state_machine_msgs__rosidl_typesupport_introspection_cpp
[3.102s] [100%] Built target mav_state_machine_msgs__rosidl_typesupport_fastrtps_cpp
[3.167s] [100%] Built target mav_state_machine_msgs
[3.202s] Invoked command in '/home/aimane/vnav23/labs/lab4/build/mav_state_machine_msgs' returned '0': CMAKE_PREFIX_PATH=/home/aimane/mavros_ws/install/mavros_extras:/home/aimane/mavros_ws/install/mavros_examples:/home/aimane/mavros_ws/install/mavros:/home/aimane/mavros_ws/install/mavros_msgs:/home/aimane/mavros_ws/install/libmavconn:/home/aimane/vnav23/labs/lab4/install/trajectory_generation:/home/aimane/vnav23/labs/lab4/install/tesse_msgs:/home/aimane/vnav23/labs/lab4/install/planner_pkg:/home/aimane/vnav23/labs/lab4/install/tesse_ros_bridge:/opt/ros/humble:/home/aimane/vnav23/labs/lab4/install/mav_visualization:/home/aimane/vnav23/labs/lab4/install/mav_trajectory_generation:/home/aimane/vnav23/labs/lab4/install/mav_comm:/home/aimane/vnav23/labs/lab4/install/mav_system_msgs:/home/aimane/vnav23/labs/lab4/install/mav_state_machine_msgs:/home/aimane/vnav23/labs/lab4/install/mav_planning_msgs:/home/aimane/vnav23/labs/lab4/install/controller_pkg:/home/aimane/vnav23/labs/lab4/install/mav_msgs PS1=(lab4_venv) \[[01;32m\]\u@\h\[[00m\]:\[[01;34m\]\w\[[00m\]$ VIRTUAL_ENV_PROMPT=(lab4_venv) /usr/bin/cmake --build /home/aimane/vnav23/labs/lab4/build/mav_state_machine_msgs -- -j8 -l8
[3.207s] Invoking command in '/home/aimane/vnav23/labs/lab4/build/mav_state_machine_msgs': CMAKE_PREFIX_PATH=/home/aimane/mavros_ws/install/mavros_extras:/home/aimane/mavros_ws/install/mavros_examples:/home/aimane/mavros_ws/install/mavros:/home/aimane/mavros_ws/install/mavros_msgs:/home/aimane/mavros_ws/install/libmavconn:/home/aimane/vnav23/labs/lab4/install/trajectory_generation:/home/aimane/vnav23/labs/lab4/install/tesse_msgs:/home/aimane/vnav23/labs/lab4/install/planner_pkg:/home/aimane/vnav23/labs/lab4/install/tesse_ros_bridge:/opt/ros/humble:/home/aimane/vnav23/labs/lab4/install/mav_visualization:/home/aimane/vnav23/labs/lab4/install/mav_trajectory_generation:/home/aimane/vnav23/labs/lab4/install/mav_comm:/home/aimane/vnav23/labs/lab4/install/mav_system_msgs:/home/aimane/vnav23/labs/lab4/install/mav_state_machine_msgs:/home/aimane/vnav23/labs/lab4/install/mav_planning_msgs:/home/aimane/vnav23/labs/lab4/install/controller_pkg:/home/aimane/vnav23/labs/lab4/install/mav_msgs PS1=(lab4_venv) \[[01;32m\]\u@\h\[[00m\]:\[[01;34m\]\w\[[00m\]$ VIRTUAL_ENV_PROMPT=(lab4_venv) /usr/bin/cmake --install /home/aimane/vnav23/labs/lab4/build/mav_state_machine_msgs
[3.284s] -- Install configuration: ""
[3.292s] -- Execute custom install script
[3.293s] -- Up-to-date symlink: /home/aimane/vnav23/labs/lab4/install/mav_state_machine_msgs/share/ament_index/resource_index/rosidl_interfaces/mav_state_machine_msgs
[3.298s] -- Up-to-date symlink: /home/aimane/vnav23/labs/lab4/install/mav_state_machine_msgs/include/mav_state_machine_msgs/mav_state_machine_msgs/msg/detail/start_stop_task__functions.h
[3.300s] -- Up-to-date symlink: /home/aimane/vnav23/labs/lab4/install/mav_state_machine_msgs/include/mav_state_machine_msgs/mav_state_machine_msgs/msg/detail/start_stop_task__struct.h
[3.300s] -- Up-to-date symlink: /home/aimane/vnav23/labs/lab4/install/mav_state_machine_msgs/include/mav_state_machine_msgs/mav_state_machine_msgs/msg/detail/start_stop_task__type_support.h
[3.303s] -- Up-to-date symlink: /home/aimane/vnav23/labs/lab4/install/mav_state_machine_msgs/include/mav_state_machine_msgs/mav_state_machine_msgs/msg/rosidl_generator_c__visibility_control.h
[3.303s] -- Up-to-date symlink: /home/aimane/vnav23/labs/lab4/install/mav_state_machine_msgs/include/mav_state_machine_msgs/mav_state_machine_msgs/msg/start_stop_task.h
[3.304s] -- Up-to-date symlink: /home/aimane/vnav23/labs/lab4/install/mav_state_machine_msgs/include/mav_state_machine_msgs/mav_state_machine_msgs/srv/detail/run_task_service__functions.h
[3.305s] -- Up-to-date symlink: /home/aimane/vnav23/labs/lab4/install/mav_state_machine_msgs/include/mav_state_machine_msgs/mav_state_machine_msgs/srv/detail/run_task_service__struct.h
[3.306s] -- Up-to-date symlink: /home/aimane/vnav23/labs/lab4/install/mav_state_machine_msgs/include/mav_state_machine_msgs/mav_state_machine_msgs/srv/detail/run_task_service__type_support.h
[3.306s] -- Up-to-date symlink: /home/aimane/vnav23/labs/lab4/install/mav_state_machine_msgs/include/mav_state_machine_msgs/mav_state_machine_msgs/srv/run_task_service.h
[3.307s] -- Up-to-date symlink: /home/aimane/vnav23/labs/lab4/install/mav_state_machine_msgs/share/mav_state_machine_msgs/environment/library_path.sh
[3.311s] -- Up-to-date symlink: /home/aimane/vnav23/labs/lab4/install/mav_state_machine_msgs/share/mav_state_machine_msgs/environment/library_path.dsv
[3.314s] -- Up-to-date symlink: /home/aimane/vnav23/labs/lab4/install/mav_state_machine_msgs/include/mav_state_machine_msgs/mav_state_machine_msgs/msg/detail/start_stop_task__rosidl_typesupport_fastrtps_c.h
[3.315s] -- Up-to-date symlink: /home/aimane/vnav23/labs/lab4/install/mav_state_machine_msgs/include/mav_state_machine_msgs/mav_state_machine_msgs/msg/rosidl_typesupport_fastrtps_c__visibility_control.h
[3.316s] -- Up-to-date symlink: /home/aimane/vnav23/labs/lab4/install/mav_state_machine_msgs/include/mav_state_machine_msgs/mav_state_machine_msgs/srv/detail/run_task_service__rosidl_typesupport_fastrtps_c.h
[3.318s] -- Up-to-date symlink: /home/aimane/vnav23/labs/lab4/install/mav_state_machine_msgs/include/mav_state_machine_msgs/mav_state_machine_msgs/msg/detail/start_stop_task__builder.hpp
[3.319s] -- Up-to-date symlink: /home/aimane/vnav23/labs/lab4/install/mav_state_machine_msgs/include/mav_state_machine_msgs/mav_state_machine_msgs/msg/detail/start_stop_task__struct.hpp
[3.320s] -- Up-to-date symlink: /home/aimane/vnav23/labs/lab4/install/mav_state_machine_msgs/include/mav_state_machine_msgs/mav_state_machine_msgs/msg/detail/start_stop_task__traits.hpp
[3.321s] -- Up-to-date symlink: /home/aimane/vnav23/labs/lab4/install/mav_state_machine_msgs/include/mav_state_machine_msgs/mav_state_machine_msgs/msg/detail/start_stop_task__type_support.hpp
[3.321s] -- Up-to-date symlink: /home/aimane/vnav23/labs/lab4/install/mav_state_machine_msgs/include/mav_state_machine_msgs/mav_state_machine_msgs/msg/rosidl_generator_cpp__visibility_control.hpp
[3.322s] -- Up-to-date symlink: /home/aimane/vnav23/labs/lab4/install/mav_state_machine_msgs/include/mav_state_machine_msgs/mav_state_machine_msgs/msg/start_stop_task.hpp
[3.323s] -- Up-to-date symlink: /home/aimane/vnav23/labs/lab4/install/mav_state_machine_msgs/include/mav_state_machine_msgs/mav_state_machine_msgs/srv/detail/run_task_service__builder.hpp
[3.324s] -- Up-to-date symlink: /home/aimane/vnav23/labs/lab4/install/mav_state_machine_msgs/include/mav_state_machine_msgs/mav_state_machine_msgs/srv/detail/run_task_service__struct.hpp
[3.325s] -- Up-to-date symlink: /home/aimane/vnav23/labs/lab4/install/mav_state_machine_msgs/include/mav_state_machine_msgs/mav_state_machine_msgs/srv/detail/run_task_service__traits.hpp
[3.326s] -- Up-to-date symlink: /home/aimane/vnav23/labs/lab4/install/mav_state_machine_msgs/include/mav_state_machine_msgs/mav_state_machine_msgs/srv/detail/run_task_service__type_support.hpp
[3.331s] -- Up-to-date symlink: /home/aimane/vnav23/labs/lab4/install/mav_state_machine_msgs/include/mav_state_machine_msgs/mav_state_machine_msgs/srv/run_task_service.hpp
[3.332s] -- Up-to-date symlink: /home/aimane/vnav23/labs/lab4/install/mav_state_machine_msgs/include/mav_state_machine_msgs/mav_state_machine_msgs/msg/detail/start_stop_task__rosidl_typesupport_fastrtps_cpp.hpp
[3.332s] -- Up-to-date symlink: /home/aimane/vnav23/labs/lab4/install/mav_state_machine_msgs/include/mav_state_machine_msgs/mav_state_machine_msgs/msg/rosidl_typesupport_fastrtps_cpp__visibility_control.h
[3.333s] -- Up-to-date symlink: /home/aimane/vnav23/labs/lab4/install/mav_state_machine_msgs/include/mav_state_machine_msgs/mav_state_machine_msgs/srv/detail/run_task_service__rosidl_typesupport_fastrtps_cpp.hpp
[3.333s] -- Up-to-date symlink: /home/aimane/vnav23/labs/lab4/install/mav_state_machine_msgs/include/mav_state_machine_msgs/mav_state_machine_msgs/msg/detail/start_stop_task__rosidl_typesupport_introspection_c.h
[3.334s] -- Up-to-date symlink: /home/aimane/vnav23/labs/lab4/install/mav_state_machine_msgs/include/mav_state_machine_msgs/mav_state_machine_msgs/msg/rosidl_typesupport_introspection_c__visibility_control.h
[3.334s] -- Up-to-date symlink: /home/aimane/vnav23/labs/lab4/install/mav_state_machine_msgs/include/mav_state_machine_msgs/mav_state_machine_msgs/srv/detail/run_task_service__rosidl_typesupport_introspection_c.h
[3.336s] -- Up-to-date symlink: /home/aimane/vnav23/labs/lab4/install/mav_state_machine_msgs/include/mav_state_machine_msgs/mav_state_machine_msgs/msg/detail/start_stop_task__rosidl_typesupport_introspection_cpp.hpp
[3.336s] -- Up-to-date symlink: /home/aimane/vnav23/labs/lab4/install/mav_state_machine_msgs/include/mav_state_machine_msgs/mav_state_machine_msgs/srv/detail/run_task_service__rosidl_typesupport_introspection_cpp.hpp
[3.337s] -- Up-to-date symlink: /home/aimane/vnav23/labs/lab4/install/mav_state_machine_msgs/share/mav_state_machine_msgs/msg/StartStopTask.idl
[3.337s] -- Up-to-date symlink: /home/aimane/vnav23/labs/lab4/install/mav_state_machine_msgs/share/mav_state_machine_msgs/srv/RunTaskService.idl
[3.338s] -- Up-to-date symlink: /home/aimane/vnav23/labs/lab4/install/mav_state_machine_msgs/share/mav_state_machine_msgs/msg/StartStopTask.msg
[3.339s] -- Up-to-date symlink: /home/aimane/vnav23/labs/lab4/install/mav_state_machine_msgs/share/mav_state_machine_msgs/srv/RunTaskService.srv
[3.342s] -- Up-to-date symlink: /home/aimane/vnav23/labs/lab4/install/mav_state_machine_msgs/share/mav_state_machine_msgs/srv/RunTaskService_Request.msg
[3.343s] -- Up-to-date symlink: /home/aimane/vnav23/labs/lab4/install/mav_state_machine_msgs/share/mav_state_machine_msgs/srv/RunTaskService_Response.msg
[3.347s] -- Up-to-date symlink: /home/aimane/vnav23/labs/lab4/install/mav_state_machine_msgs/share/ament_index/resource_index/package_run_dependencies/mav_state_machine_msgs
[3.351s] -- Up-to-date symlink: /home/aimane/vnav23/labs/lab4/install/mav_state_machine_msgs/share/ament_index/resource_index/parent_prefix_path/mav_state_machine_msgs
[3.352s] -- Up-to-date symlink: /home/aimane/vnav23/labs/lab4/install/mav_state_machine_msgs/share/mav_state_machine_msgs/environment/ament_prefix_path.sh
[3.352s] -- Up-to-date symlink: /home/aimane/vnav23/labs/lab4/install/mav_state_machine_msgs/share/mav_state_machine_msgs/environment/ament_prefix_path.dsv
[3.353s] -- Up-to-date symlink: /home/aimane/vnav23/labs/lab4/install/mav_state_machine_msgs/share/mav_state_machine_msgs/environment/path.sh
[3.353s] -- Up-to-date symlink: /home/aimane/vnav23/labs/lab4/install/mav_state_machine_msgs/share/mav_state_machine_msgs/environment/path.dsv
[3.354s] -- Up-to-date symlink: /home/aimane/vnav23/labs/lab4/install/mav_state_machine_msgs/share/mav_state_machine_msgs/local_setup.bash
[3.354s] -- Up-to-date symlink: /home/aimane/vnav23/labs/lab4/install/mav_state_machine_msgs/share/mav_state_machine_msgs/local_setup.sh
[3.354s] -- Up-to-date symlink: /home/aimane/vnav23/labs/lab4/install/mav_state_machine_msgs/share/mav_state_machine_msgs/local_setup.zsh
[3.354s] -- Up-to-date symlink: /home/aimane/vnav23/labs/lab4/install/mav_state_machine_msgs/share/mav_state_machine_msgs/local_setup.dsv
[3.354s] -- Symlinking: /home/aimane/vnav23/labs/lab4/install/mav_state_machine_msgs/share/mav_state_machine_msgs/package.dsv
[3.373s] -- Up-to-date symlink: /home/aimane/vnav23/labs/lab4/install/mav_state_machine_msgs/share/ament_index/resource_index/packages/mav_state_machine_msgs
[3.374s] -- Up-to-date symlink: /home/aimane/vnav23/labs/lab4/install/mav_state_machine_msgs/share/mav_state_machine_msgs/cmake/rosidl_cmake-extras.cmake
[3.376s] -- Up-to-date symlink: /home/aimane/vnav23/labs/lab4/install/mav_state_machine_msgs/share/mav_state_machine_msgs/cmake/ament_cmake_export_dependencies-extras.cmake
[3.377s] -- Up-to-date symlink: /home/aimane/vnav23/labs/lab4/install/mav_state_machine_msgs/share/mav_state_machine_msgs/cmake/ament_cmake_export_include_directories-extras.cmake
[3.378s] -- Up-to-date symlink: /home/aimane/vnav23/labs/lab4/install/mav_state_machine_msgs/share/mav_state_machine_msgs/cmake/ament_cmake_export_libraries-extras.cmake
[3.380s] -- Up-to-date symlink: /home/aimane/vnav23/labs/lab4/install/mav_state_machine_msgs/share/mav_state_machine_msgs/cmake/ament_cmake_export_targets-extras.cmake
[3.381s] -- Up-to-date symlink: /home/aimane/vnav23/labs/lab4/install/mav_state_machine_msgs/share/mav_state_machine_msgs/cmake/rosidl_cmake_export_typesupport_targets-extras.cmake
[3.382s] -- Up-to-date symlink: /home/aimane/vnav23/labs/lab4/install/mav_state_machine_msgs/share/mav_state_machine_msgs/cmake/rosidl_cmake_export_typesupport_libraries-extras.cmake
[3.385s] -- Up-to-date symlink: /home/aimane/vnav23/labs/lab4/install/mav_state_machine_msgs/share/mav_state_machine_msgs/cmake/mav_state_machine_msgsConfig.cmake
[3.385s] -- Up-to-date symlink: /home/aimane/vnav23/labs/lab4/install/mav_state_machine_msgs/share/mav_state_machine_msgs/cmake/mav_state_machine_msgsConfig-version.cmake
[3.385s] -- Up-to-date symlink: /home/aimane/vnav23/labs/lab4/install/mav_state_machine_msgs/share/mav_state_machine_msgs/package.xml
[3.418s] -- Up-to-date: /home/aimane/vnav23/labs/lab4/install/mav_state_machine_msgs/lib/libmav_state_machine_msgs__rosidl_generator_c.so
[3.426s] -- Up-to-date: /home/aimane/vnav23/labs/lab4/install/mav_state_machine_msgs/lib/libmav_state_machine_msgs__rosidl_typesupport_fastrtps_c.so
[3.437s] -- Up-to-date: /home/aimane/vnav23/labs/lab4/install/mav_state_machine_msgs/lib/libmav_state_machine_msgs__rosidl_typesupport_fastrtps_cpp.so
[3.438s] -- Up-to-date: /home/aimane/vnav23/labs/lab4/install/mav_state_machine_msgs/lib/libmav_state_machine_msgs__rosidl_typesupport_introspection_c.so
[3.440s] -- Up-to-date: /home/aimane/vnav23/labs/lab4/install/mav_state_machine_msgs/lib/libmav_state_machine_msgs__rosidl_typesupport_c.so
[3.448s] -- Up-to-date: /home/aimane/vnav23/labs/lab4/install/mav_state_machine_msgs/lib/libmav_state_machine_msgs__rosidl_typesupport_introspection_cpp.so
[3.449s] -- Up-to-date: /home/aimane/vnav23/labs/lab4/install/mav_state_machine_msgs/lib/libmav_state_machine_msgs__rosidl_typesupport_cpp.so
[3.461s] -- Up-to-date: /home/aimane/vnav23/labs/lab4/install/mav_state_machine_msgs/share/mav_state_machine_msgs/cmake/export_mav_state_machine_msgs__rosidl_generator_cExport.cmake
[3.461s] -- Up-to-date: /home/aimane/vnav23/labs/lab4/install/mav_state_machine_msgs/share/mav_state_machine_msgs/cmake/export_mav_state_machine_msgs__rosidl_generator_cExport-noconfig.cmake
[3.561s] -- Up-to-date: /home/aimane/vnav23/labs/lab4/install/mav_state_machine_msgs/share/mav_state_machine_msgs/cmake/export_mav_state_machine_msgs__rosidl_typesupport_fastrtps_cExport.cmake
[3.561s] -- Up-to-date: /home/aimane/vnav23/labs/lab4/install/mav_state_machine_msgs/share/mav_state_machine_msgs/cmake/export_mav_state_machine_msgs__rosidl_typesupport_fastrtps_cExport-noconfig.cmake
[3.567s] -- Up-to-date: /home/aimane/vnav23/labs/lab4/install/mav_state_machine_msgs/share/mav_state_machine_msgs/cmake/export_mav_state_machine_msgs__rosidl_generator_cppExport.cmake
[3.567s] -- Up-to-date: /home/aimane/vnav23/labs/lab4/install/mav_state_machine_msgs/share/mav_state_machine_msgs/cmake/export_mav_state_machine_msgs__rosidl_typesupport_fastrtps_cppExport.cmake
[3.568s] -- Up-to-date: /home/aimane/vnav23/labs/lab4/install/mav_state_machine_msgs/share/mav_state_machine_msgs/cmake/export_mav_state_machine_msgs__rosidl_typesupport_fastrtps_cppExport-noconfig.cmake
[3.571s] -- Up-to-date: /home/aimane/vnav23/labs/lab4/install/mav_state_machine_msgs/share/mav_state_machine_msgs/cmake/mav_state_machine_msgs__rosidl_typesupport_introspection_cExport.cmake
[3.571s] -- Up-to-date: /home/aimane/vnav23/labs/lab4/install/mav_state_machine_msgs/share/mav_state_machine_msgs/cmake/mav_state_machine_msgs__rosidl_typesupport_introspection_cExport-noconfig.cmake
[3.577s] -- Up-to-date: /home/aimane/vnav23/labs/lab4/install/mav_state_machine_msgs/share/mav_state_machine_msgs/cmake/mav_state_machine_msgs__rosidl_typesupport_cExport.cmake
[3.578s] -- Up-to-date: /home/aimane/vnav23/labs/lab4/install/mav_state_machine_msgs/share/mav_state_machine_msgs/cmake/mav_state_machine_msgs__rosidl_typesupport_cExport-noconfig.cmake
[3.582s] -- Up-to-date: /home/aimane/vnav23/labs/lab4/install/mav_state_machine_msgs/share/mav_state_machine_msgs/cmake/mav_state_machine_msgs__rosidl_typesupport_introspection_cppExport.cmake
[3.582s] -- Up-to-date: /home/aimane/vnav23/labs/lab4/install/mav_state_machine_msgs/share/mav_state_machine_msgs/cmake/mav_state_machine_msgs__rosidl_typesupport_introspection_cppExport-noconfig.cmake
[3.582s] -- Up-to-date: /home/aimane/vnav23/labs/lab4/install/mav_state_machine_msgs/share/mav_state_machine_msgs/cmake/mav_state_machine_msgs__rosidl_typesupport_cppExport.cmake
[3.583s] -- Up-to-date: /home/aimane/vnav23/labs/lab4/install/mav_state_machine_msgs/share/mav_state_machine_msgs/cmake/mav_state_machine_msgs__rosidl_typesupport_cppExport-noconfig.cmake
[3.593s] Invoked command in '/home/aimane/vnav23/labs/lab4/build/mav_state_machine_msgs' returned '0': CMAKE_PREFIX_PATH=/home/aimane/mavros_ws/install/mavros_extras:/home/aimane/mavros_ws/install/mavros_examples:/home/aimane/mavros_ws/install/mavros:/home/aimane/mavros_ws/install/mavros_msgs:/home/aimane/mavros_ws/install/libmavconn:/home/aimane/vnav23/labs/lab4/install/trajectory_generation:/home/aimane/vnav23/labs/lab4/install/tesse_msgs:/home/aimane/vnav23/labs/lab4/install/planner_pkg:/home/aimane/vnav23/labs/lab4/install/tesse_ros_bridge:/opt/ros/humble:/home/aimane/vnav23/labs/lab4/install/mav_visualization:/home/aimane/vnav23/labs/lab4/install/mav_trajectory_generation:/home/aimane/vnav23/labs/lab4/install/mav_comm:/home/aimane/vnav23/labs/lab4/install/mav_system_msgs:/home/aimane/vnav23/labs/lab4/install/mav_state_machine_msgs:/home/aimane/vnav23/labs/lab4/install/mav_planning_msgs:/home/aimane/vnav23/labs/lab4/install/controller_pkg:/home/aimane/vnav23/labs/lab4/install/mav_msgs PS1=(lab4_venv) \[[01;32m\]\u@\h\[[00m\]:\[[01;34m\]\w\[[00m\]$ VIRTUAL_ENV_PROMPT=(lab4_venv) /usr/bin/cmake --install /home/aimane/vnav23/labs/lab4/build/mav_state_machine_msgs
