[0.139s] Invoking command in '/home/aimane/vnav23/labs/lab4/build/mav_planning_msgs': CMAKE_PREFIX_PATH=/home/aimane/vnav23/labs/lab4/install/mav_msgs:/home/aimane/vnav23/labs/lab4/install/trajectory_generation:/home/aimane/vnav23/labs/lab4/install/tesse_msgs:/home/aimane/vnav23/labs/lab4/install/planner_pkg:/home/aimane/vnav23/labs/lab4/install/tesse_ros_bridge:/opt/ros/humble:/home/aimane/vnav23/labs/lab4/install/mav_visualization:/home/aimane/vnav23/labs/lab4/install/mav_trajectory_generation:/home/aimane/vnav23/labs/lab4/install/mav_comm:/home/aimane/vnav23/labs/lab4/install/mav_system_msgs:/home/aimane/vnav23/labs/lab4/install/mav_state_machine_msgs:/home/aimane/vnav23/labs/lab4/install/mav_planning_msgs:/home/aimane/vnav23/labs/lab4/install/controller_pkg:/home/aimane/mavros_ws/install/mavros_extras:/home/aimane/mavros_ws/install/mavros_examples:/home/aimane/mavros_ws/install/mavros:/home/aimane/mavros_ws/install/mavros_msgs:/home/aimane/mavros_ws/install/libmavconn LD_LIBRARY_PATH=/home/aimane/vnav23/labs/lab4/install/mav_msgs/lib:/home/aimane/vnav23/labs/lab4/install/tesse_msgs/lib:/home/aimane/vnav23/labs/lab4/install/mav_trajectory_generation/lib:/home/aimane/vnav23/labs/lab4/install/mav_system_msgs/lib:/home/aimane/vnav23/labs/lab4/install/mav_state_machine_msgs/lib:/home/aimane/vnav23/labs/lab4/install/mav_planning_msgs/lib:/home/aimane/mavros_ws/install/mavros_extras/lib:/home/aimane/mavros_ws/install/mavros/lib:/home/aimane/mavros_ws/install/mavros_msgs/lib:/home/aimane/mavros_ws/install/libmavconn/lib:/opt/ros/humble/opt/rviz_ogre_vendor/lib:/opt/ros/humble/lib/x86_64-linux-gnu:/opt/ros/humble/lib /usr/bin/cmake --build /home/aimane/vnav23/labs/lab4/build/mav_planning_msgs -- -j8 -l8
[0.556s] [  0%] Built target mav_planning_msgs__cpp
[0.846s] [  0%] Built target ament_cmake_python_symlink_mav_planning_msgs
[1.042s] [ 12%] Built target mav_planning_msgs__rosidl_typesupport_introspection_cpp
[2.344s] running egg_info
[2.391s] writing mav_planning_msgs.egg-info/PKG-INFO
[2.391s] writing dependency_links to mav_planning_msgs.egg-info/dependency_links.txt
[2.392s] writing top-level names to mav_planning_msgs.egg-info/top_level.txt
[2.574s] reading manifest file 'mav_planning_msgs.egg-info/SOURCES.txt'
[2.578s] writing manifest file 'mav_planning_msgs.egg-info/SOURCES.txt'
[2.700s] [ 12%] Built target ament_cmake_python_build_mav_planning_msgs_egg
[2.877s] [ 23%] Built target mav_planning_msgs__rosidl_typesupport_fastrtps_cpp
[3.005s] [ 35%] Built target mav_planning_msgs__rosidl_typesupport_cpp
[3.116s] [ 47%] Built target mav_planning_msgs__rosidl_generator_c
[3.293s] [ 59%] Built target mav_planning_msgs__rosidl_typesupport_fastrtps_c
[3.401s] [ 71%] Built target mav_planning_msgs__rosidl_typesupport_c
[3.792s] [ 83%] Built target mav_planning_msgs__rosidl_typesupport_introspection_c
[3.986s] [ 83%] Built target mav_planning_msgs
[4.046s] [ 84%] Built target mav_planning_msgs__py
[4.144s] [ 95%] Built target mav_planning_msgs__rosidl_generator_py
[4.233s] [ 97%] Built target mav_planning_msgs__rosidl_typesupport_fastrtps_c__pyext
[4.334s] [ 98%] Built target mav_planning_msgs__rosidl_typesupport_c__pyext
[4.516s] [100%] Built target mav_planning_msgs__rosidl_typesupport_introspection_c__pyext
[4.568s] Invoked command in '/home/aimane/vnav23/labs/lab4/build/mav_planning_msgs' returned '0': CMAKE_PREFIX_PATH=/home/aimane/vnav23/labs/lab4/install/mav_msgs:/home/aimane/vnav23/labs/lab4/install/trajectory_generation:/home/aimane/vnav23/labs/lab4/install/tesse_msgs:/home/aimane/vnav23/labs/lab4/install/planner_pkg:/home/aimane/vnav23/labs/lab4/install/tesse_ros_bridge:/opt/ros/humble:/home/aimane/vnav23/labs/lab4/install/mav_visualization:/home/aimane/vnav23/labs/lab4/install/mav_trajectory_generation:/home/aimane/vnav23/labs/lab4/install/mav_comm:/home/aimane/vnav23/labs/lab4/install/mav_system_msgs:/home/aimane/vnav23/labs/lab4/install/mav_state_machine_msgs:/home/aimane/vnav23/labs/lab4/install/mav_planning_msgs:/home/aimane/vnav23/labs/lab4/install/controller_pkg:/home/aimane/mavros_ws/install/mavros_extras:/home/aimane/mavros_ws/install/mavros_examples:/home/aimane/mavros_ws/install/mavros:/home/aimane/mavros_ws/install/mavros_msgs:/home/aimane/mavros_ws/install/libmavconn LD_LIBRARY_PATH=/home/aimane/vnav23/labs/lab4/install/mav_msgs/lib:/home/aimane/vnav23/labs/lab4/install/tesse_msgs/lib:/home/aimane/vnav23/labs/lab4/install/mav_trajectory_generation/lib:/home/aimane/vnav23/labs/lab4/install/mav_system_msgs/lib:/home/aimane/vnav23/labs/lab4/install/mav_state_machine_msgs/lib:/home/aimane/vnav23/labs/lab4/install/mav_planning_msgs/lib:/home/aimane/mavros_ws/install/mavros_extras/lib:/home/aimane/mavros_ws/install/mavros/lib:/home/aimane/mavros_ws/install/mavros_msgs/lib:/home/aimane/mavros_ws/install/libmavconn/lib:/opt/ros/humble/opt/rviz_ogre_vendor/lib:/opt/ros/humble/lib/x86_64-linux-gnu:/opt/ros/humble/lib /usr/bin/cmake --build /home/aimane/vnav23/labs/lab4/build/mav_planning_msgs -- -j8 -l8
[4.576s] Invoking command in '/home/aimane/vnav23/labs/lab4/build/mav_planning_msgs': CMAKE_PREFIX_PATH=/home/aimane/vnav23/labs/lab4/install/mav_msgs:/home/aimane/vnav23/labs/lab4/install/trajectory_generation:/home/aimane/vnav23/labs/lab4/install/tesse_msgs:/home/aimane/vnav23/labs/lab4/install/planner_pkg:/home/aimane/vnav23/labs/lab4/install/tesse_ros_bridge:/opt/ros/humble:/home/aimane/vnav23/labs/lab4/install/mav_visualization:/home/aimane/vnav23/labs/lab4/install/mav_trajectory_generation:/home/aimane/vnav23/labs/lab4/install/mav_comm:/home/aimane/vnav23/labs/lab4/install/mav_system_msgs:/home/aimane/vnav23/labs/lab4/install/mav_state_machine_msgs:/home/aimane/vnav23/labs/lab4/install/mav_planning_msgs:/home/aimane/vnav23/labs/lab4/install/controller_pkg:/home/aimane/mavros_ws/install/mavros_extras:/home/aimane/mavros_ws/install/mavros_examples:/home/aimane/mavros_ws/install/mavros:/home/aimane/mavros_ws/install/mavros_msgs:/home/aimane/mavros_ws/install/libmavconn LD_LIBRARY_PATH=/home/aimane/vnav23/labs/lab4/install/mav_msgs/lib:/home/aimane/vnav23/labs/lab4/install/tesse_msgs/lib:/home/aimane/vnav23/labs/lab4/install/mav_trajectory_generation/lib:/home/aimane/vnav23/labs/lab4/install/mav_system_msgs/lib:/home/aimane/vnav23/labs/lab4/install/mav_state_machine_msgs/lib:/home/aimane/vnav23/labs/lab4/install/mav_planning_msgs/lib:/home/aimane/mavros_ws/install/mavros_extras/lib:/home/aimane/mavros_ws/install/mavros/lib:/home/aimane/mavros_ws/install/mavros_msgs/lib:/home/aimane/mavros_ws/install/libmavconn/lib:/opt/ros/humble/opt/rviz_ogre_vendor/lib:/opt/ros/humble/lib/x86_64-linux-gnu:/opt/ros/humble/lib /usr/bin/cmake --install /home/aimane/vnav23/labs/lab4/build/mav_planning_msgs
[4.671s] -- Install configuration: ""
[4.674s] -- Execute custom install script
[4.676s] -- Up-to-date symlink: /home/aimane/vnav23/labs/lab4/install/mav_planning_msgs/share/ament_index/resource_index/rosidl_interfaces/mav_planning_msgs
[4.680s] -- Up-to-date symlink: /home/aimane/vnav23/labs/lab4/install/mav_planning_msgs/include/mav_planning_msgs/mav_planning_msgs/msg/detail/point2_d__functions.h
[4.682s] -- Up-to-date symlink: /home/aimane/vnav23/labs/lab4/install/mav_planning_msgs/include/mav_planning_msgs/mav_planning_msgs/msg/detail/point2_d__struct.h
[4.683s] -- Up-to-date symlink: /home/aimane/vnav23/labs/lab4/install/mav_planning_msgs/include/mav_planning_msgs/mav_planning_msgs/msg/detail/point2_d__type_support.h
[4.686s] -- Up-to-date symlink: /home/aimane/vnav23/labs/lab4/install/mav_planning_msgs/include/mav_planning_msgs/mav_planning_msgs/msg/detail/point_cloud_with_pose__functions.h
[4.688s] -- Up-to-date symlink: /home/aimane/vnav23/labs/lab4/install/mav_planning_msgs/include/mav_planning_msgs/mav_planning_msgs/msg/detail/point_cloud_with_pose__struct.h
[4.690s] -- Up-to-date symlink: /home/aimane/vnav23/labs/lab4/install/mav_planning_msgs/include/mav_planning_msgs/mav_planning_msgs/msg/detail/point_cloud_with_pose__type_support.h
[4.693s] -- Up-to-date symlink: /home/aimane/vnav23/labs/lab4/install/mav_planning_msgs/include/mav_planning_msgs/mav_planning_msgs/msg/detail/polygon2_d__functions.h
[4.694s] -- Up-to-date symlink: /home/aimane/vnav23/labs/lab4/install/mav_planning_msgs/include/mav_planning_msgs/mav_planning_msgs/msg/detail/polygon2_d__struct.h
[4.695s] -- Up-to-date symlink: /home/aimane/vnav23/labs/lab4/install/mav_planning_msgs/include/mav_planning_msgs/mav_planning_msgs/msg/detail/polygon2_d__type_support.h
[4.699s] -- Up-to-date symlink: /home/aimane/vnav23/labs/lab4/install/mav_planning_msgs/include/mav_planning_msgs/mav_planning_msgs/msg/detail/polygon_with_holes__functions.h
[4.699s] -- Up-to-date symlink: /home/aimane/vnav23/labs/lab4/install/mav_planning_msgs/include/mav_planning_msgs/mav_planning_msgs/msg/detail/polygon_with_holes__struct.h
[4.701s] -- Up-to-date symlink: /home/aimane/vnav23/labs/lab4/install/mav_planning_msgs/include/mav_planning_msgs/mav_planning_msgs/msg/detail/polygon_with_holes__type_support.h
[4.703s] -- Up-to-date symlink: /home/aimane/vnav23/labs/lab4/install/mav_planning_msgs/include/mav_planning_msgs/mav_planning_msgs/msg/detail/polygon_with_holes_stamped__functions.h
[4.704s] -- Up-to-date symlink: /home/aimane/vnav23/labs/lab4/install/mav_planning_msgs/include/mav_planning_msgs/mav_planning_msgs/msg/detail/polygon_with_holes_stamped__struct.h
[4.705s] -- Up-to-date symlink: /home/aimane/vnav23/labs/lab4/install/mav_planning_msgs/include/mav_planning_msgs/mav_planning_msgs/msg/detail/polygon_with_holes_stamped__type_support.h
[4.713s] -- Up-to-date symlink: /home/aimane/vnav23/labs/lab4/install/mav_planning_msgs/include/mav_planning_msgs/mav_planning_msgs/msg/detail/polynomial_segment4_d__functions.h
[4.713s] -- Up-to-date symlink: /home/aimane/vnav23/labs/lab4/install/mav_planning_msgs/include/mav_planning_msgs/mav_planning_msgs/msg/detail/polynomial_segment4_d__struct.h
[4.718s] -- Up-to-date symlink: /home/aimane/vnav23/labs/lab4/install/mav_planning_msgs/include/mav_planning_msgs/mav_planning_msgs/msg/detail/polynomial_segment4_d__type_support.h
[4.719s] -- Up-to-date symlink: /home/aimane/vnav23/labs/lab4/install/mav_planning_msgs/include/mav_planning_msgs/mav_planning_msgs/msg/detail/polynomial_segment__functions.h
[4.727s] -- Up-to-date symlink: /home/aimane/vnav23/labs/lab4/install/mav_planning_msgs/include/mav_planning_msgs/mav_planning_msgs/msg/detail/polynomial_segment__struct.h
[4.736s] -- Up-to-date symlink: /home/aimane/vnav23/labs/lab4/install/mav_planning_msgs/include/mav_planning_msgs/mav_planning_msgs/msg/detail/polynomial_segment__type_support.h
[4.737s] -- Up-to-date symlink: /home/aimane/vnav23/labs/lab4/install/mav_planning_msgs/include/mav_planning_msgs/mav_planning_msgs/msg/detail/polynomial_trajectory4_d__functions.h
[4.737s] -- Up-to-date symlink: /home/aimane/vnav23/labs/lab4/install/mav_planning_msgs/include/mav_planning_msgs/mav_planning_msgs/msg/detail/polynomial_trajectory4_d__struct.h
[4.737s] -- Up-to-date symlink: /home/aimane/vnav23/labs/lab4/install/mav_planning_msgs/include/mav_planning_msgs/mav_planning_msgs/msg/detail/polynomial_trajectory4_d__type_support.h
[4.738s] -- Up-to-date symlink: /home/aimane/vnav23/labs/lab4/install/mav_planning_msgs/include/mav_planning_msgs/mav_planning_msgs/msg/detail/polynomial_trajectory__functions.h
[4.758s] -- Up-to-date symlink: /home/aimane/vnav23/labs/lab4/install/mav_planning_msgs/include/mav_planning_msgs/mav_planning_msgs/msg/detail/polynomial_trajectory__struct.h
[4.759s] -- Up-to-date symlink: /home/aimane/vnav23/labs/lab4/install/mav_planning_msgs/include/mav_planning_msgs/mav_planning_msgs/msg/detail/polynomial_trajectory__type_support.h
[4.759s] -- Up-to-date symlink: /home/aimane/vnav23/labs/lab4/install/mav_planning_msgs/include/mav_planning_msgs/mav_planning_msgs/msg/point2_d.h
[4.760s] -- Up-to-date symlink: /home/aimane/vnav23/labs/lab4/install/mav_planning_msgs/include/mav_planning_msgs/mav_planning_msgs/msg/point_cloud_with_pose.h
[4.761s] -- Up-to-date symlink: /home/aimane/vnav23/labs/lab4/install/mav_planning_msgs/include/mav_planning_msgs/mav_planning_msgs/msg/polygon2_d.h
[4.761s] -- Up-to-date symlink: /home/aimane/vnav23/labs/lab4/install/mav_planning_msgs/include/mav_planning_msgs/mav_planning_msgs/msg/polygon_with_holes.h
[4.764s] -- Up-to-date symlink: /home/aimane/vnav23/labs/lab4/install/mav_planning_msgs/include/mav_planning_msgs/mav_planning_msgs/msg/polygon_with_holes_stamped.h
[4.764s] -- Up-to-date symlink: /home/aimane/vnav23/labs/lab4/install/mav_planning_msgs/include/mav_planning_msgs/mav_planning_msgs/msg/polynomial_segment.h
[4.765s] -- Up-to-date symlink: /home/aimane/vnav23/labs/lab4/install/mav_planning_msgs/include/mav_planning_msgs/mav_planning_msgs/msg/polynomial_segment4_d.h
[4.767s] -- Up-to-date symlink: /home/aimane/vnav23/labs/lab4/install/mav_planning_msgs/include/mav_planning_msgs/mav_planning_msgs/msg/polynomial_trajectory.h
[4.767s] -- Up-to-date symlink: /home/aimane/vnav23/labs/lab4/install/mav_planning_msgs/include/mav_planning_msgs/mav_planning_msgs/msg/polynomial_trajectory4_d.h
[4.768s] -- Up-to-date symlink: /home/aimane/vnav23/labs/lab4/install/mav_planning_msgs/include/mav_planning_msgs/mav_planning_msgs/msg/rosidl_generator_c__visibility_control.h
[4.771s] -- Up-to-date symlink: /home/aimane/vnav23/labs/lab4/install/mav_planning_msgs/include/mav_planning_msgs/mav_planning_msgs/srv/change_name_service.h
[4.772s] -- Up-to-date symlink: /home/aimane/vnav23/labs/lab4/install/mav_planning_msgs/include/mav_planning_msgs/mav_planning_msgs/srv/detail/change_name_service__functions.h
[4.772s] -- Up-to-date symlink: /home/aimane/vnav23/labs/lab4/install/mav_planning_msgs/include/mav_planning_msgs/mav_planning_msgs/srv/detail/change_name_service__struct.h
[4.773s] -- Up-to-date symlink: /home/aimane/vnav23/labs/lab4/install/mav_planning_msgs/include/mav_planning_msgs/mav_planning_msgs/srv/detail/change_name_service__type_support.h
[4.774s] -- Up-to-date symlink: /home/aimane/vnav23/labs/lab4/install/mav_planning_msgs/include/mav_planning_msgs/mav_planning_msgs/srv/detail/planner_service__functions.h
[4.774s] -- Up-to-date symlink: /home/aimane/vnav23/labs/lab4/install/mav_planning_msgs/include/mav_planning_msgs/mav_planning_msgs/srv/detail/planner_service__struct.h
[4.775s] -- Up-to-date symlink: /home/aimane/vnav23/labs/lab4/install/mav_planning_msgs/include/mav_planning_msgs/mav_planning_msgs/srv/detail/planner_service__type_support.h
[4.781s] -- Up-to-date symlink: /home/aimane/vnav23/labs/lab4/install/mav_planning_msgs/include/mav_planning_msgs/mav_planning_msgs/srv/detail/polygon_service__functions.h
[4.782s] -- Up-to-date symlink: /home/aimane/vnav23/labs/lab4/install/mav_planning_msgs/include/mav_planning_msgs/mav_planning_msgs/srv/detail/polygon_service__struct.h
[4.782s] -- Up-to-date symlink: /home/aimane/vnav23/labs/lab4/install/mav_planning_msgs/include/mav_planning_msgs/mav_planning_msgs/srv/detail/polygon_service__type_support.h
[4.782s] -- Up-to-date symlink: /home/aimane/vnav23/labs/lab4/install/mav_planning_msgs/include/mav_planning_msgs/mav_planning_msgs/srv/planner_service.h
[4.783s] -- Up-to-date symlink: /home/aimane/vnav23/labs/lab4/install/mav_planning_msgs/include/mav_planning_msgs/mav_planning_msgs/srv/polygon_service.h
[4.785s] -- Up-to-date symlink: /home/aimane/vnav23/labs/lab4/install/mav_planning_msgs/share/mav_planning_msgs/environment/library_path.sh
[4.785s] -- Up-to-date symlink: /home/aimane/vnav23/labs/lab4/install/mav_planning_msgs/share/mav_planning_msgs/environment/library_path.dsv
[4.789s] -- Up-to-date symlink: /home/aimane/vnav23/labs/lab4/install/mav_planning_msgs/include/mav_planning_msgs/mav_planning_msgs/msg/detail/point2_d__rosidl_typesupport_fastrtps_c.h
[4.793s] -- Up-to-date symlink: /home/aimane/vnav23/labs/lab4/install/mav_planning_msgs/include/mav_planning_msgs/mav_planning_msgs/msg/detail/point_cloud_with_pose__rosidl_typesupport_fastrtps_c.h
[4.794s] -- Up-to-date symlink: /home/aimane/vnav23/labs/lab4/install/mav_planning_msgs/include/mav_planning_msgs/mav_planning_msgs/msg/detail/polygon2_d__rosidl_typesupport_fastrtps_c.h
[4.794s] -- Up-to-date symlink: /home/aimane/vnav23/labs/lab4/install/mav_planning_msgs/include/mav_planning_msgs/mav_planning_msgs/msg/detail/polygon_with_holes__rosidl_typesupport_fastrtps_c.h
[4.795s] -- Up-to-date symlink: /home/aimane/vnav23/labs/lab4/install/mav_planning_msgs/include/mav_planning_msgs/mav_planning_msgs/msg/detail/polygon_with_holes_stamped__rosidl_typesupport_fastrtps_c.h
[4.796s] -- Up-to-date symlink: /home/aimane/vnav23/labs/lab4/install/mav_planning_msgs/include/mav_planning_msgs/mav_planning_msgs/msg/detail/polynomial_segment4_d__rosidl_typesupport_fastrtps_c.h
[4.797s] -- Up-to-date symlink: /home/aimane/vnav23/labs/lab4/install/mav_planning_msgs/include/mav_planning_msgs/mav_planning_msgs/msg/detail/polynomial_segment__rosidl_typesupport_fastrtps_c.h
[4.797s] -- Up-to-date symlink: /home/aimane/vnav23/labs/lab4/install/mav_planning_msgs/include/mav_planning_msgs/mav_planning_msgs/msg/detail/polynomial_trajectory4_d__rosidl_typesupport_fastrtps_c.h
[4.800s] -- Up-to-date symlink: /home/aimane/vnav23/labs/lab4/install/mav_planning_msgs/include/mav_planning_msgs/mav_planning_msgs/msg/detail/polynomial_trajectory__rosidl_typesupport_fastrtps_c.h
[4.801s] -- Up-to-date symlink: /home/aimane/vnav23/labs/lab4/install/mav_planning_msgs/include/mav_planning_msgs/mav_planning_msgs/msg/rosidl_typesupport_fastrtps_c__visibility_control.h
[4.803s] -- Up-to-date symlink: /home/aimane/vnav23/labs/lab4/install/mav_planning_msgs/include/mav_planning_msgs/mav_planning_msgs/srv/detail/change_name_service__rosidl_typesupport_fastrtps_c.h
[4.803s] -- Up-to-date symlink: /home/aimane/vnav23/labs/lab4/install/mav_planning_msgs/include/mav_planning_msgs/mav_planning_msgs/srv/detail/planner_service__rosidl_typesupport_fastrtps_c.h
[4.803s] -- Up-to-date symlink: /home/aimane/vnav23/labs/lab4/install/mav_planning_msgs/include/mav_planning_msgs/mav_planning_msgs/srv/detail/polygon_service__rosidl_typesupport_fastrtps_c.h
[4.808s] -- Up-to-date symlink: /home/aimane/vnav23/labs/lab4/install/mav_planning_msgs/include/mav_planning_msgs/mav_planning_msgs/msg/detail/point2_d__rosidl_typesupport_introspection_c.h
[4.809s] -- Up-to-date symlink: /home/aimane/vnav23/labs/lab4/install/mav_planning_msgs/include/mav_planning_msgs/mav_planning_msgs/msg/detail/point_cloud_with_pose__rosidl_typesupport_introspection_c.h
[4.809s] -- Up-to-date symlink: /home/aimane/vnav23/labs/lab4/install/mav_planning_msgs/include/mav_planning_msgs/mav_planning_msgs/msg/detail/polygon2_d__rosidl_typesupport_introspection_c.h
[4.816s] -- Up-to-date symlink: /home/aimane/vnav23/labs/lab4/install/mav_planning_msgs/include/mav_planning_msgs/mav_planning_msgs/msg/detail/polygon_with_holes__rosidl_typesupport_introspection_c.h
[4.816s] -- Up-to-date symlink: /home/aimane/vnav23/labs/lab4/install/mav_planning_msgs/include/mav_planning_msgs/mav_planning_msgs/msg/detail/polygon_with_holes_stamped__rosidl_typesupport_introspection_c.h
[4.818s] -- Up-to-date symlink: /home/aimane/vnav23/labs/lab4/install/mav_planning_msgs/include/mav_planning_msgs/mav_planning_msgs/msg/detail/polynomial_segment4_d__rosidl_typesupport_introspection_c.h
[4.818s] -- Up-to-date symlink: /home/aimane/vnav23/labs/lab4/install/mav_planning_msgs/include/mav_planning_msgs/mav_planning_msgs/msg/detail/polynomial_segment__rosidl_typesupport_introspection_c.h
[4.818s] -- Up-to-date symlink: /home/aimane/vnav23/labs/lab4/install/mav_planning_msgs/include/mav_planning_msgs/mav_planning_msgs/msg/detail/polynomial_trajectory4_d__rosidl_typesupport_introspection_c.h
[4.819s] -- Up-to-date symlink: /home/aimane/vnav23/labs/lab4/install/mav_planning_msgs/include/mav_planning_msgs/mav_planning_msgs/msg/detail/polynomial_trajectory__rosidl_typesupport_introspection_c.h
[4.824s] -- Up-to-date symlink: /home/aimane/vnav23/labs/lab4/install/mav_planning_msgs/include/mav_planning_msgs/mav_planning_msgs/msg/rosidl_typesupport_introspection_c__visibility_control.h
[4.824s] -- Up-to-date symlink: /home/aimane/vnav23/labs/lab4/install/mav_planning_msgs/include/mav_planning_msgs/mav_planning_msgs/srv/detail/change_name_service__rosidl_typesupport_introspection_c.h
[4.825s] -- Up-to-date symlink: /home/aimane/vnav23/labs/lab4/install/mav_planning_msgs/include/mav_planning_msgs/mav_planning_msgs/srv/detail/planner_service__rosidl_typesupport_introspection_c.h
[4.825s] -- Up-to-date symlink: /home/aimane/vnav23/labs/lab4/install/mav_planning_msgs/include/mav_planning_msgs/mav_planning_msgs/srv/detail/polygon_service__rosidl_typesupport_introspection_c.h
[4.830s] -- Up-to-date symlink: /home/aimane/vnav23/labs/lab4/install/mav_planning_msgs/include/mav_planning_msgs/mav_planning_msgs/msg/detail/point2_d__builder.hpp
[4.831s] -- Up-to-date symlink: /home/aimane/vnav23/labs/lab4/install/mav_planning_msgs/include/mav_planning_msgs/mav_planning_msgs/msg/detail/point2_d__struct.hpp
[4.836s] -- Up-to-date symlink: /home/aimane/vnav23/labs/lab4/install/mav_planning_msgs/include/mav_planning_msgs/mav_planning_msgs/msg/detail/point2_d__traits.hpp
[4.836s] -- Up-to-date symlink: /home/aimane/vnav23/labs/lab4/install/mav_planning_msgs/include/mav_planning_msgs/mav_planning_msgs/msg/detail/point2_d__type_support.hpp
[4.837s] -- Up-to-date symlink: /home/aimane/vnav23/labs/lab4/install/mav_planning_msgs/include/mav_planning_msgs/mav_planning_msgs/msg/detail/point_cloud_with_pose__builder.hpp
[4.837s] -- Up-to-date symlink: /home/aimane/vnav23/labs/lab4/install/mav_planning_msgs/include/mav_planning_msgs/mav_planning_msgs/msg/detail/point_cloud_with_pose__struct.hpp
[4.838s] -- Up-to-date symlink: /home/aimane/vnav23/labs/lab4/install/mav_planning_msgs/include/mav_planning_msgs/mav_planning_msgs/msg/detail/point_cloud_with_pose__traits.hpp
[4.840s] -- Up-to-date symlink: /home/aimane/vnav23/labs/lab4/install/mav_planning_msgs/include/mav_planning_msgs/mav_planning_msgs/msg/detail/point_cloud_with_pose__type_support.hpp
[4.841s] -- Up-to-date symlink: /home/aimane/vnav23/labs/lab4/install/mav_planning_msgs/include/mav_planning_msgs/mav_planning_msgs/msg/detail/polygon2_d__builder.hpp
[4.844s] -- Up-to-date symlink: /home/aimane/vnav23/labs/lab4/install/mav_planning_msgs/include/mav_planning_msgs/mav_planning_msgs/msg/detail/polygon2_d__struct.hpp
[4.844s] -- Up-to-date symlink: /home/aimane/vnav23/labs/lab4/install/mav_planning_msgs/include/mav_planning_msgs/mav_planning_msgs/msg/detail/polygon2_d__traits.hpp
[4.844s] -- Up-to-date symlink: /home/aimane/vnav23/labs/lab4/install/mav_planning_msgs/include/mav_planning_msgs/mav_planning_msgs/msg/detail/polygon2_d__type_support.hpp
[4.847s] -- Up-to-date symlink: /home/aimane/vnav23/labs/lab4/install/mav_planning_msgs/include/mav_planning_msgs/mav_planning_msgs/msg/detail/polygon_with_holes__builder.hpp
[4.847s] -- Up-to-date symlink: /home/aimane/vnav23/labs/lab4/install/mav_planning_msgs/include/mav_planning_msgs/mav_planning_msgs/msg/detail/polygon_with_holes__struct.hpp
[4.847s] -- Up-to-date symlink: /home/aimane/vnav23/labs/lab4/install/mav_planning_msgs/include/mav_planning_msgs/mav_planning_msgs/msg/detail/polygon_with_holes__traits.hpp
[4.849s] -- Up-to-date symlink: /home/aimane/vnav23/labs/lab4/install/mav_planning_msgs/include/mav_planning_msgs/mav_planning_msgs/msg/detail/polygon_with_holes__type_support.hpp
[4.849s] -- Up-to-date symlink: /home/aimane/vnav23/labs/lab4/install/mav_planning_msgs/include/mav_planning_msgs/mav_planning_msgs/msg/detail/polygon_with_holes_stamped__builder.hpp
[4.849s] -- Up-to-date symlink: /home/aimane/vnav23/labs/lab4/install/mav_planning_msgs/include/mav_planning_msgs/mav_planning_msgs/msg/detail/polygon_with_holes_stamped__struct.hpp
[4.850s] -- Up-to-date symlink: /home/aimane/vnav23/labs/lab4/install/mav_planning_msgs/include/mav_planning_msgs/mav_planning_msgs/msg/detail/polygon_with_holes_stamped__traits.hpp
[4.850s] -- Up-to-date symlink: /home/aimane/vnav23/labs/lab4/install/mav_planning_msgs/include/mav_planning_msgs/mav_planning_msgs/msg/detail/polygon_with_holes_stamped__type_support.hpp
[4.850s] -- Up-to-date symlink: /home/aimane/vnav23/labs/lab4/install/mav_planning_msgs/include/mav_planning_msgs/mav_planning_msgs/msg/detail/polynomial_segment4_d__builder.hpp
[4.851s] -- Up-to-date symlink: /home/aimane/vnav23/labs/lab4/install/mav_planning_msgs/include/mav_planning_msgs/mav_planning_msgs/msg/detail/polynomial_segment4_d__struct.hpp
[4.852s] -- Up-to-date symlink: /home/aimane/vnav23/labs/lab4/install/mav_planning_msgs/include/mav_planning_msgs/mav_planning_msgs/msg/detail/polynomial_segment4_d__traits.hpp
[4.852s] -- Up-to-date symlink: /home/aimane/vnav23/labs/lab4/install/mav_planning_msgs/include/mav_planning_msgs/mav_planning_msgs/msg/detail/polynomial_segment4_d__type_support.hpp
[4.852s] -- Up-to-date symlink: /home/aimane/vnav23/labs/lab4/install/mav_planning_msgs/include/mav_planning_msgs/mav_planning_msgs/msg/detail/polynomial_segment__builder.hpp
[4.854s] -- Up-to-date symlink: /home/aimane/vnav23/labs/lab4/install/mav_planning_msgs/include/mav_planning_msgs/mav_planning_msgs/msg/detail/polynomial_segment__struct.hpp
[4.856s] -- Up-to-date symlink: /home/aimane/vnav23/labs/lab4/install/mav_planning_msgs/include/mav_planning_msgs/mav_planning_msgs/msg/detail/polynomial_segment__traits.hpp
[4.857s] -- Up-to-date symlink: /home/aimane/vnav23/labs/lab4/install/mav_planning_msgs/include/mav_planning_msgs/mav_planning_msgs/msg/detail/polynomial_segment__type_support.hpp
[4.858s] -- Up-to-date symlink: /home/aimane/vnav23/labs/lab4/install/mav_planning_msgs/include/mav_planning_msgs/mav_planning_msgs/msg/detail/polynomial_trajectory4_d__builder.hpp
[4.858s] -- Up-to-date symlink: /home/aimane/vnav23/labs/lab4/install/mav_planning_msgs/include/mav_planning_msgs/mav_planning_msgs/msg/detail/polynomial_trajectory4_d__struct.hpp
[4.863s] -- Up-to-date symlink: /home/aimane/vnav23/labs/lab4/install/mav_planning_msgs/include/mav_planning_msgs/mav_planning_msgs/msg/detail/polynomial_trajectory4_d__traits.hpp
[4.864s] -- Up-to-date symlink: /home/aimane/vnav23/labs/lab4/install/mav_planning_msgs/include/mav_planning_msgs/mav_planning_msgs/msg/detail/polynomial_trajectory4_d__type_support.hpp
[4.865s] -- Up-to-date symlink: /home/aimane/vnav23/labs/lab4/install/mav_planning_msgs/include/mav_planning_msgs/mav_planning_msgs/msg/detail/polynomial_trajectory__builder.hpp
[4.865s] -- Up-to-date symlink: /home/aimane/vnav23/labs/lab4/install/mav_planning_msgs/include/mav_planning_msgs/mav_planning_msgs/msg/detail/polynomial_trajectory__struct.hpp
[4.865s] -- Up-to-date symlink: /home/aimane/vnav23/labs/lab4/install/mav_planning_msgs/include/mav_planning_msgs/mav_planning_msgs/msg/detail/polynomial_trajectory__traits.hpp
[4.865s] -- Up-to-date symlink: /home/aimane/vnav23/labs/lab4/install/mav_planning_msgs/include/mav_planning_msgs/mav_planning_msgs/msg/detail/polynomial_trajectory__type_support.hpp
[4.866s] -- Up-to-date symlink: /home/aimane/vnav23/labs/lab4/install/mav_planning_msgs/include/mav_planning_msgs/mav_planning_msgs/msg/point2_d.hpp
[4.866s] -- Up-to-date symlink: /home/aimane/vnav23/labs/lab4/install/mav_planning_msgs/include/mav_planning_msgs/mav_planning_msgs/msg/point_cloud_with_pose.hpp
[4.866s] -- Up-to-date symlink: /home/aimane/vnav23/labs/lab4/install/mav_planning_msgs/include/mav_planning_msgs/mav_planning_msgs/msg/polygon2_d.hpp
[4.866s] -- Up-to-date symlink: /home/aimane/vnav23/labs/lab4/install/mav_planning_msgs/include/mav_planning_msgs/mav_planning_msgs/msg/polygon_with_holes.hpp
[4.867s] -- Up-to-date symlink: /home/aimane/vnav23/labs/lab4/install/mav_planning_msgs/include/mav_planning_msgs/mav_planning_msgs/msg/polygon_with_holes_stamped.hpp
[4.867s] -- Up-to-date symlink: /home/aimane/vnav23/labs/lab4/install/mav_planning_msgs/include/mav_planning_msgs/mav_planning_msgs/msg/polynomial_segment.hpp
[4.867s] -- Up-to-date symlink: /home/aimane/vnav23/labs/lab4/install/mav_planning_msgs/include/mav_planning_msgs/mav_planning_msgs/msg/polynomial_segment4_d.hpp
[4.867s] -- Up-to-date symlink: /home/aimane/vnav23/labs/lab4/install/mav_planning_msgs/include/mav_planning_msgs/mav_planning_msgs/msg/polynomial_trajectory.hpp
[4.868s] -- Up-to-date symlink: /home/aimane/vnav23/labs/lab4/install/mav_planning_msgs/include/mav_planning_msgs/mav_planning_msgs/msg/polynomial_trajectory4_d.hpp
[4.868s] -- Up-to-date symlink: /home/aimane/vnav23/labs/lab4/install/mav_planning_msgs/include/mav_planning_msgs/mav_planning_msgs/msg/rosidl_generator_cpp__visibility_control.hpp
[4.868s] -- Up-to-date symlink: /home/aimane/vnav23/labs/lab4/install/mav_planning_msgs/include/mav_planning_msgs/mav_planning_msgs/srv/change_name_service.hpp
[4.869s] -- Up-to-date symlink: /home/aimane/vnav23/labs/lab4/install/mav_planning_msgs/include/mav_planning_msgs/mav_planning_msgs/srv/detail/change_name_service__builder.hpp
[4.869s] -- Up-to-date symlink: /home/aimane/vnav23/labs/lab4/install/mav_planning_msgs/include/mav_planning_msgs/mav_planning_msgs/srv/detail/change_name_service__struct.hpp
[4.869s] -- Up-to-date symlink: /home/aimane/vnav23/labs/lab4/install/mav_planning_msgs/include/mav_planning_msgs/mav_planning_msgs/srv/detail/change_name_service__traits.hpp
[4.869s] -- Up-to-date symlink: /home/aimane/vnav23/labs/lab4/install/mav_planning_msgs/include/mav_planning_msgs/mav_planning_msgs/srv/detail/change_name_service__type_support.hpp
[4.870s] -- Up-to-date symlink: /home/aimane/vnav23/labs/lab4/install/mav_planning_msgs/include/mav_planning_msgs/mav_planning_msgs/srv/detail/planner_service__builder.hpp
[4.870s] -- Up-to-date symlink: /home/aimane/vnav23/labs/lab4/install/mav_planning_msgs/include/mav_planning_msgs/mav_planning_msgs/srv/detail/planner_service__struct.hpp
[4.870s] -- Up-to-date symlink: /home/aimane/vnav23/labs/lab4/install/mav_planning_msgs/include/mav_planning_msgs/mav_planning_msgs/srv/detail/planner_service__traits.hpp
[4.870s] -- Up-to-date symlink: /home/aimane/vnav23/labs/lab4/install/mav_planning_msgs/include/mav_planning_msgs/mav_planning_msgs/srv/detail/planner_service__type_support.hpp
[4.870s] -- Up-to-date symlink: /home/aimane/vnav23/labs/lab4/install/mav_planning_msgs/include/mav_planning_msgs/mav_planning_msgs/srv/detail/polygon_service__builder.hpp
[4.871s] -- Up-to-date symlink: /home/aimane/vnav23/labs/lab4/install/mav_planning_msgs/include/mav_planning_msgs/mav_planning_msgs/srv/detail/polygon_service__struct.hpp
[4.872s] -- Up-to-date symlink: /home/aimane/vnav23/labs/lab4/install/mav_planning_msgs/include/mav_planning_msgs/mav_planning_msgs/srv/detail/polygon_service__traits.hpp
[4.872s] -- Up-to-date symlink: /home/aimane/vnav23/labs/lab4/install/mav_planning_msgs/include/mav_planning_msgs/mav_planning_msgs/srv/detail/polygon_service__type_support.hpp
[4.873s] -- Up-to-date symlink: /home/aimane/vnav23/labs/lab4/install/mav_planning_msgs/include/mav_planning_msgs/mav_planning_msgs/srv/planner_service.hpp
[4.873s] -- Up-to-date symlink: /home/aimane/vnav23/labs/lab4/install/mav_planning_msgs/include/mav_planning_msgs/mav_planning_msgs/srv/polygon_service.hpp
[4.874s] -- Up-to-date symlink: /home/aimane/vnav23/labs/lab4/install/mav_planning_msgs/include/mav_planning_msgs/mav_planning_msgs/msg/detail/point2_d__rosidl_typesupport_fastrtps_cpp.hpp
[4.874s] -- Up-to-date symlink: /home/aimane/vnav23/labs/lab4/install/mav_planning_msgs/include/mav_planning_msgs/mav_planning_msgs/msg/detail/point_cloud_with_pose__rosidl_typesupport_fastrtps_cpp.hpp
[4.874s] -- Up-to-date symlink: /home/aimane/vnav23/labs/lab4/install/mav_planning_msgs/include/mav_planning_msgs/mav_planning_msgs/msg/detail/polygon2_d__rosidl_typesupport_fastrtps_cpp.hpp
[4.875s] -- Up-to-date symlink: /home/aimane/vnav23/labs/lab4/install/mav_planning_msgs/include/mav_planning_msgs/mav_planning_msgs/msg/detail/polygon_with_holes__rosidl_typesupport_fastrtps_cpp.hpp
[4.875s] -- Up-to-date symlink: /home/aimane/vnav23/labs/lab4/install/mav_planning_msgs/include/mav_planning_msgs/mav_planning_msgs/msg/detail/polygon_with_holes_stamped__rosidl_typesupport_fastrtps_cpp.hpp
[4.876s] -- Up-to-date symlink: /home/aimane/vnav23/labs/lab4/install/mav_planning_msgs/include/mav_planning_msgs/mav_planning_msgs/msg/detail/polynomial_segment4_d__rosidl_typesupport_fastrtps_cpp.hpp
[4.876s] -- Up-to-date symlink: /home/aimane/vnav23/labs/lab4/install/mav_planning_msgs/include/mav_planning_msgs/mav_planning_msgs/msg/detail/polynomial_segment__rosidl_typesupport_fastrtps_cpp.hpp
[4.877s] -- Up-to-date symlink: /home/aimane/vnav23/labs/lab4/install/mav_planning_msgs/include/mav_planning_msgs/mav_planning_msgs/msg/detail/polynomial_trajectory4_d__rosidl_typesupport_fastrtps_cpp.hpp
[4.878s] -- Up-to-date symlink: /home/aimane/vnav23/labs/lab4/install/mav_planning_msgs/include/mav_planning_msgs/mav_planning_msgs/msg/detail/polynomial_trajectory__rosidl_typesupport_fastrtps_cpp.hpp
[4.878s] -- Up-to-date symlink: /home/aimane/vnav23/labs/lab4/install/mav_planning_msgs/include/mav_planning_msgs/mav_planning_msgs/msg/rosidl_typesupport_fastrtps_cpp__visibility_control.h
[4.879s] -- Up-to-date symlink: /home/aimane/vnav23/labs/lab4/install/mav_planning_msgs/include/mav_planning_msgs/mav_planning_msgs/srv/detail/change_name_service__rosidl_typesupport_fastrtps_cpp.hpp
[4.879s] -- Up-to-date symlink: /home/aimane/vnav23/labs/lab4/install/mav_planning_msgs/include/mav_planning_msgs/mav_planning_msgs/srv/detail/planner_service__rosidl_typesupport_fastrtps_cpp.hpp
[4.880s] -- Up-to-date symlink: /home/aimane/vnav23/labs/lab4/install/mav_planning_msgs/include/mav_planning_msgs/mav_planning_msgs/srv/detail/polygon_service__rosidl_typesupport_fastrtps_cpp.hpp
[4.881s] -- Up-to-date symlink: /home/aimane/vnav23/labs/lab4/install/mav_planning_msgs/include/mav_planning_msgs/mav_planning_msgs/msg/detail/point2_d__rosidl_typesupport_introspection_cpp.hpp
[4.882s] -- Up-to-date symlink: /home/aimane/vnav23/labs/lab4/install/mav_planning_msgs/include/mav_planning_msgs/mav_planning_msgs/msg/detail/point_cloud_with_pose__rosidl_typesupport_introspection_cpp.hpp
[4.883s] -- Up-to-date symlink: /home/aimane/vnav23/labs/lab4/install/mav_planning_msgs/include/mav_planning_msgs/mav_planning_msgs/msg/detail/polygon2_d__rosidl_typesupport_introspection_cpp.hpp
[4.883s] -- Up-to-date symlink: /home/aimane/vnav23/labs/lab4/install/mav_planning_msgs/include/mav_planning_msgs/mav_planning_msgs/msg/detail/polygon_with_holes__rosidl_typesupport_introspection_cpp.hpp
[4.883s] -- Up-to-date symlink: /home/aimane/vnav23/labs/lab4/install/mav_planning_msgs/include/mav_planning_msgs/mav_planning_msgs/msg/detail/polygon_with_holes_stamped__rosidl_typesupport_introspection_cpp.hpp
[4.884s] -- Up-to-date symlink: /home/aimane/vnav23/labs/lab4/install/mav_planning_msgs/include/mav_planning_msgs/mav_planning_msgs/msg/detail/polynomial_segment4_d__rosidl_typesupport_introspection_cpp.hpp
[4.885s] -- Up-to-date symlink: /home/aimane/vnav23/labs/lab4/install/mav_planning_msgs/include/mav_planning_msgs/mav_planning_msgs/msg/detail/polynomial_segment__rosidl_typesupport_introspection_cpp.hpp
[4.886s] -- Up-to-date symlink: /home/aimane/vnav23/labs/lab4/install/mav_planning_msgs/include/mav_planning_msgs/mav_planning_msgs/msg/detail/polynomial_trajectory4_d__rosidl_typesupport_introspection_cpp.hpp
[4.886s] -- Up-to-date symlink: /home/aimane/vnav23/labs/lab4/install/mav_planning_msgs/include/mav_planning_msgs/mav_planning_msgs/msg/detail/polynomial_trajectory__rosidl_typesupport_introspection_cpp.hpp
[4.887s] -- Up-to-date symlink: /home/aimane/vnav23/labs/lab4/install/mav_planning_msgs/include/mav_planning_msgs/mav_planning_msgs/srv/detail/change_name_service__rosidl_typesupport_introspection_cpp.hpp
[4.887s] -- Up-to-date symlink: /home/aimane/vnav23/labs/lab4/install/mav_planning_msgs/include/mav_planning_msgs/mav_planning_msgs/srv/detail/planner_service__rosidl_typesupport_introspection_cpp.hpp
[4.887s] -- Up-to-date symlink: /home/aimane/vnav23/labs/lab4/install/mav_planning_msgs/include/mav_planning_msgs/mav_planning_msgs/srv/detail/polygon_service__rosidl_typesupport_introspection_cpp.hpp
[4.888s] -- Up-to-date symlink: /home/aimane/vnav23/labs/lab4/install/mav_planning_msgs/share/mav_planning_msgs/environment/pythonpath.sh
[4.889s] -- Up-to-date symlink: /home/aimane/vnav23/labs/lab4/install/mav_planning_msgs/share/mav_planning_msgs/environment/pythonpath.dsv
[4.918s] -- Up-to-date symlink: /home/aimane/vnav23/labs/lab4/install/mav_planning_msgs/local/lib/python3.10/dist-packages/mav_planning_msgs-3.3.3-py3.10.egg-info/PKG-INFO
[4.919s] -- Up-to-date symlink: /home/aimane/vnav23/labs/lab4/install/mav_planning_msgs/local/lib/python3.10/dist-packages/mav_planning_msgs-3.3.3-py3.10.egg-info/SOURCES.txt
[4.921s] -- Up-to-date symlink: /home/aimane/vnav23/labs/lab4/install/mav_planning_msgs/local/lib/python3.10/dist-packages/mav_planning_msgs-3.3.3-py3.10.egg-info/dependency_links.txt
[4.923s] -- Up-to-date symlink: /home/aimane/vnav23/labs/lab4/install/mav_planning_msgs/local/lib/python3.10/dist-packages/mav_planning_msgs-3.3.3-py3.10.egg-info/top_level.txt
[4.927s] -- Up-to-date symlink: /home/aimane/vnav23/labs/lab4/install/mav_planning_msgs/local/lib/python3.10/dist-packages/mav_planning_msgs/__init__.py
[4.930s] -- Up-to-date symlink: /home/aimane/vnav23/labs/lab4/install/mav_planning_msgs/local/lib/python3.10/dist-packages/mav_planning_msgs/_mav_planning_msgs_s.ep.rosidl_typesupport_c.c
[4.932s] -- Up-to-date symlink: /home/aimane/vnav23/labs/lab4/install/mav_planning_msgs/local/lib/python3.10/dist-packages/mav_planning_msgs/_mav_planning_msgs_s.ep.rosidl_typesupport_fastrtps_c.c
[4.945s] -- Up-to-date symlink: /home/aimane/vnav23/labs/lab4/install/mav_planning_msgs/local/lib/python3.10/dist-packages/mav_planning_msgs/_mav_planning_msgs_s.ep.rosidl_typesupport_introspection_c.c
[4.945s] -- Up-to-date symlink: /home/aimane/vnav23/labs/lab4/install/mav_planning_msgs/local/lib/python3.10/dist-packages/mav_planning_msgs/libmav_planning_msgs__rosidl_generator_py.so
[4.946s] -- Up-to-date symlink: /home/aimane/vnav23/labs/lab4/install/mav_planning_msgs/local/lib/python3.10/dist-packages/mav_planning_msgs/mav_planning_msgs_s__rosidl_typesupport_c.cpython-310-x86_64-linux-gnu.so
[4.946s] -- Up-to-date symlink: /home/aimane/vnav23/labs/lab4/install/mav_planning_msgs/local/lib/python3.10/dist-packages/mav_planning_msgs/mav_planning_msgs_s__rosidl_typesupport_fastrtps_c.cpython-310-x86_64-linux-gnu.so
[4.946s] -- Up-to-date symlink: /home/aimane/vnav23/labs/lab4/install/mav_planning_msgs/local/lib/python3.10/dist-packages/mav_planning_msgs/mav_planning_msgs_s__rosidl_typesupport_introspection_c.cpython-310-x86_64-linux-gnu.so
[4.946s] -- Up-to-date symlink: /home/aimane/vnav23/labs/lab4/install/mav_planning_msgs/local/lib/python3.10/dist-packages/mav_planning_msgs/msg/__init__.py
[4.946s] -- Up-to-date symlink: /home/aimane/vnav23/labs/lab4/install/mav_planning_msgs/local/lib/python3.10/dist-packages/mav_planning_msgs/msg/_point2_d.py
[4.947s] -- Up-to-date symlink: /home/aimane/vnav23/labs/lab4/install/mav_planning_msgs/local/lib/python3.10/dist-packages/mav_planning_msgs/msg/_point2_d_s.c
[4.959s] -- Up-to-date symlink: /home/aimane/vnav23/labs/lab4/install/mav_planning_msgs/local/lib/python3.10/dist-packages/mav_planning_msgs/msg/_point_cloud_with_pose.py
[4.960s] -- Up-to-date symlink: /home/aimane/vnav23/labs/lab4/install/mav_planning_msgs/local/lib/python3.10/dist-packages/mav_planning_msgs/msg/_point_cloud_with_pose_s.c
[4.960s] -- Up-to-date symlink: /home/aimane/vnav23/labs/lab4/install/mav_planning_msgs/local/lib/python3.10/dist-packages/mav_planning_msgs/msg/_polygon2_d.py
[4.960s] -- Up-to-date symlink: /home/aimane/vnav23/labs/lab4/install/mav_planning_msgs/local/lib/python3.10/dist-packages/mav_planning_msgs/msg/_polygon2_d_s.c
[4.961s] -- Up-to-date symlink: /home/aimane/vnav23/labs/lab4/install/mav_planning_msgs/local/lib/python3.10/dist-packages/mav_planning_msgs/msg/_polygon_with_holes.py
[4.961s] -- Up-to-date symlink: /home/aimane/vnav23/labs/lab4/install/mav_planning_msgs/local/lib/python3.10/dist-packages/mav_planning_msgs/msg/_polygon_with_holes_s.c
[4.961s] -- Up-to-date symlink: /home/aimane/vnav23/labs/lab4/install/mav_planning_msgs/local/lib/python3.10/dist-packages/mav_planning_msgs/msg/_polygon_with_holes_stamped.py
[4.961s] -- Up-to-date symlink: /home/aimane/vnav23/labs/lab4/install/mav_planning_msgs/local/lib/python3.10/dist-packages/mav_planning_msgs/msg/_polygon_with_holes_stamped_s.c
[4.961s] -- Up-to-date symlink: /home/aimane/vnav23/labs/lab4/install/mav_planning_msgs/local/lib/python3.10/dist-packages/mav_planning_msgs/msg/_polynomial_segment.py
[4.962s] -- Up-to-date symlink: /home/aimane/vnav23/labs/lab4/install/mav_planning_msgs/local/lib/python3.10/dist-packages/mav_planning_msgs/msg/_polynomial_segment4_d.py
[4.966s] -- Up-to-date symlink: /home/aimane/vnav23/labs/lab4/install/mav_planning_msgs/local/lib/python3.10/dist-packages/mav_planning_msgs/msg/_polynomial_segment4_d_s.c
[4.967s] -- Up-to-date symlink: /home/aimane/vnav23/labs/lab4/install/mav_planning_msgs/local/lib/python3.10/dist-packages/mav_planning_msgs/msg/_polynomial_segment_s.c
[4.969s] -- Up-to-date symlink: /home/aimane/vnav23/labs/lab4/install/mav_planning_msgs/local/lib/python3.10/dist-packages/mav_planning_msgs/msg/_polynomial_trajectory.py
[4.972s] -- Up-to-date symlink: /home/aimane/vnav23/labs/lab4/install/mav_planning_msgs/local/lib/python3.10/dist-packages/mav_planning_msgs/msg/_polynomial_trajectory4_d.py
[4.973s] -- Up-to-date symlink: /home/aimane/vnav23/labs/lab4/install/mav_planning_msgs/local/lib/python3.10/dist-packages/mav_planning_msgs/msg/_polynomial_trajectory4_d_s.c
[4.974s] -- Up-to-date symlink: /home/aimane/vnav23/labs/lab4/install/mav_planning_msgs/local/lib/python3.10/dist-packages/mav_planning_msgs/msg/_polynomial_trajectory_s.c
[4.976s] -- Up-to-date symlink: /home/aimane/vnav23/labs/lab4/install/mav_planning_msgs/local/lib/python3.10/dist-packages/mav_planning_msgs/srv/__init__.py
[4.976s] -- Up-to-date symlink: /home/aimane/vnav23/labs/lab4/install/mav_planning_msgs/local/lib/python3.10/dist-packages/mav_planning_msgs/srv/_change_name_service.py
[4.977s] -- Up-to-date symlink: /home/aimane/vnav23/labs/lab4/install/mav_planning_msgs/local/lib/python3.10/dist-packages/mav_planning_msgs/srv/_change_name_service_s.c
[4.977s] -- Up-to-date symlink: /home/aimane/vnav23/labs/lab4/install/mav_planning_msgs/local/lib/python3.10/dist-packages/mav_planning_msgs/srv/_planner_service.py
[4.977s] -- Up-to-date symlink: /home/aimane/vnav23/labs/lab4/install/mav_planning_msgs/local/lib/python3.10/dist-packages/mav_planning_msgs/srv/_planner_service_s.c
[4.980s] -- Up-to-date symlink: /home/aimane/vnav23/labs/lab4/install/mav_planning_msgs/local/lib/python3.10/dist-packages/mav_planning_msgs/srv/_polygon_service.py
[4.981s] -- Up-to-date symlink: /home/aimane/vnav23/labs/lab4/install/mav_planning_msgs/local/lib/python3.10/dist-packages/mav_planning_msgs/srv/_polygon_service_s.c
[4.981s] -- Up-to-date symlink: /home/aimane/vnav23/labs/lab4/install/mav_planning_msgs/local/lib/python3.10/dist-packages/mav_planning_msgs/mav_planning_msgs_s__rosidl_typesupport_fastrtps_c.cpython-310-x86_64-linux-gnu.so
[4.981s] -- Up-to-date symlink: /home/aimane/vnav23/labs/lab4/install/mav_planning_msgs/local/lib/python3.10/dist-packages/mav_planning_msgs/mav_planning_msgs_s__rosidl_typesupport_introspection_c.cpython-310-x86_64-linux-gnu.so
[4.981s] -- Up-to-date symlink: /home/aimane/vnav23/labs/lab4/install/mav_planning_msgs/local/lib/python3.10/dist-packages/mav_planning_msgs/mav_planning_msgs_s__rosidl_typesupport_c.cpython-310-x86_64-linux-gnu.so
[4.984s] -- Up-to-date symlink: /home/aimane/vnav23/labs/lab4/install/mav_planning_msgs/share/mav_planning_msgs/msg/Point2D.idl
[4.984s] -- Up-to-date symlink: /home/aimane/vnav23/labs/lab4/install/mav_planning_msgs/share/mav_planning_msgs/msg/PointCloudWithPose.idl
[4.987s] -- Up-to-date symlink: /home/aimane/vnav23/labs/lab4/install/mav_planning_msgs/share/mav_planning_msgs/msg/Polygon2D.idl
[4.988s] -- Up-to-date symlink: /home/aimane/vnav23/labs/lab4/install/mav_planning_msgs/share/mav_planning_msgs/msg/PolygonWithHoles.idl
[4.988s] -- Up-to-date symlink: /home/aimane/vnav23/labs/lab4/install/mav_planning_msgs/share/mav_planning_msgs/msg/PolygonWithHolesStamped.idl
[4.988s] -- Up-to-date symlink: /home/aimane/vnav23/labs/lab4/install/mav_planning_msgs/share/mav_planning_msgs/msg/PolynomialSegment.idl
[4.990s] -- Up-to-date symlink: /home/aimane/vnav23/labs/lab4/install/mav_planning_msgs/share/mav_planning_msgs/msg/PolynomialSegment4D.idl
[4.990s] -- Up-to-date symlink: /home/aimane/vnav23/labs/lab4/install/mav_planning_msgs/share/mav_planning_msgs/msg/PolynomialTrajectory.idl
[4.991s] -- Up-to-date symlink: /home/aimane/vnav23/labs/lab4/install/mav_planning_msgs/share/mav_planning_msgs/msg/PolynomialTrajectory4D.idl
[4.991s] -- Up-to-date symlink: /home/aimane/vnav23/labs/lab4/install/mav_planning_msgs/share/mav_planning_msgs/srv/PlannerService.idl
[4.995s] -- Up-to-date symlink: /home/aimane/vnav23/labs/lab4/install/mav_planning_msgs/share/mav_planning_msgs/srv/PolygonService.idl
[4.995s] -- Up-to-date symlink: /home/aimane/vnav23/labs/lab4/install/mav_planning_msgs/share/mav_planning_msgs/srv/ChangeNameService.idl
[4.996s] -- Up-to-date symlink: /home/aimane/vnav23/labs/lab4/install/mav_planning_msgs/share/mav_planning_msgs/msg/Point2D.msg
[4.996s] -- Up-to-date symlink: /home/aimane/vnav23/labs/lab4/install/mav_planning_msgs/share/mav_planning_msgs/msg/PointCloudWithPose.msg
[4.997s] -- Up-to-date symlink: /home/aimane/vnav23/labs/lab4/install/mav_planning_msgs/share/mav_planning_msgs/msg/Polygon2D.msg
[4.997s] -- Up-to-date symlink: /home/aimane/vnav23/labs/lab4/install/mav_planning_msgs/share/mav_planning_msgs/msg/PolygonWithHoles.msg
[4.997s] -- Up-to-date symlink: /home/aimane/vnav23/labs/lab4/install/mav_planning_msgs/share/mav_planning_msgs/msg/PolygonWithHolesStamped.msg
[4.997s] -- Up-to-date symlink: /home/aimane/vnav23/labs/lab4/install/mav_planning_msgs/share/mav_planning_msgs/msg/PolynomialSegment.msg
[5.000s] -- Up-to-date symlink: /home/aimane/vnav23/labs/lab4/install/mav_planning_msgs/share/mav_planning_msgs/msg/PolynomialSegment4D.msg
[5.000s] -- Up-to-date symlink: /home/aimane/vnav23/labs/lab4/install/mav_planning_msgs/share/mav_planning_msgs/msg/PolynomialTrajectory.msg
[5.000s] -- Up-to-date symlink: /home/aimane/vnav23/labs/lab4/install/mav_planning_msgs/share/mav_planning_msgs/msg/PolynomialTrajectory4D.msg
[5.001s] -- Up-to-date symlink: /home/aimane/vnav23/labs/lab4/install/mav_planning_msgs/share/mav_planning_msgs/srv/PlannerService.srv
[5.001s] -- Up-to-date symlink: /home/aimane/vnav23/labs/lab4/install/mav_planning_msgs/share/mav_planning_msgs/srv/PlannerService_Request.msg
[5.001s] -- Up-to-date symlink: /home/aimane/vnav23/labs/lab4/install/mav_planning_msgs/share/mav_planning_msgs/srv/PlannerService_Response.msg
[5.005s] -- Up-to-date symlink: /home/aimane/vnav23/labs/lab4/install/mav_planning_msgs/share/mav_planning_msgs/srv/PolygonService.srv
[5.005s] -- Up-to-date symlink: /home/aimane/vnav23/labs/lab4/install/mav_planning_msgs/share/mav_planning_msgs/srv/PolygonService_Request.msg
[5.007s] -- Up-to-date symlink: /home/aimane/vnav23/labs/lab4/install/mav_planning_msgs/share/mav_planning_msgs/srv/PolygonService_Response.msg
[5.007s] -- Up-to-date symlink: /home/aimane/vnav23/labs/lab4/install/mav_planning_msgs/share/mav_planning_msgs/srv/ChangeNameService.srv
[5.008s] -- Up-to-date symlink: /home/aimane/vnav23/labs/lab4/install/mav_planning_msgs/share/mav_planning_msgs/srv/ChangeNameService_Request.msg
[5.009s] -- Up-to-date symlink: /home/aimane/vnav23/labs/lab4/install/mav_planning_msgs/share/mav_planning_msgs/srv/ChangeNameService_Response.msg
[5.009s] -- Up-to-date symlink: /home/aimane/vnav23/labs/lab4/install/mav_planning_msgs/share/ament_index/resource_index/package_run_dependencies/mav_planning_msgs
[5.009s] -- Up-to-date symlink: /home/aimane/vnav23/labs/lab4/install/mav_planning_msgs/share/ament_index/resource_index/parent_prefix_path/mav_planning_msgs
[5.009s] -- Up-to-date symlink: /home/aimane/vnav23/labs/lab4/install/mav_planning_msgs/share/mav_planning_msgs/environment/ament_prefix_path.sh
[5.010s] -- Up-to-date symlink: /home/aimane/vnav23/labs/lab4/install/mav_planning_msgs/share/mav_planning_msgs/environment/ament_prefix_path.dsv
[5.010s] -- Up-to-date symlink: /home/aimane/vnav23/labs/lab4/install/mav_planning_msgs/share/mav_planning_msgs/environment/path.sh
[5.013s] -- Up-to-date symlink: /home/aimane/vnav23/labs/lab4/install/mav_planning_msgs/share/mav_planning_msgs/environment/path.dsv
[5.013s] -- Up-to-date symlink: /home/aimane/vnav23/labs/lab4/install/mav_planning_msgs/share/mav_planning_msgs/local_setup.bash
[5.014s] -- Up-to-date symlink: /home/aimane/vnav23/labs/lab4/install/mav_planning_msgs/share/mav_planning_msgs/local_setup.sh
[5.014s] -- Up-to-date symlink: /home/aimane/vnav23/labs/lab4/install/mav_planning_msgs/share/mav_planning_msgs/local_setup.zsh
[5.014s] -- Up-to-date symlink: /home/aimane/vnav23/labs/lab4/install/mav_planning_msgs/share/mav_planning_msgs/local_setup.dsv
[5.018s] -- Symlinking: /home/aimane/vnav23/labs/lab4/install/mav_planning_msgs/share/mav_planning_msgs/package.dsv
[5.059s] -- Up-to-date symlink: /home/aimane/vnav23/labs/lab4/install/mav_planning_msgs/share/ament_index/resource_index/packages/mav_planning_msgs
[5.065s] -- Up-to-date symlink: /home/aimane/vnav23/labs/lab4/install/mav_planning_msgs/share/mav_planning_msgs/cmake/rosidl_cmake-extras.cmake
[5.067s] -- Up-to-date symlink: /home/aimane/vnav23/labs/lab4/install/mav_planning_msgs/share/mav_planning_msgs/cmake/ament_cmake_export_dependencies-extras.cmake
[5.067s] -- Up-to-date symlink: /home/aimane/vnav23/labs/lab4/install/mav_planning_msgs/share/mav_planning_msgs/cmake/ament_cmake_export_include_directories-extras.cmake
[5.068s] -- Up-to-date symlink: /home/aimane/vnav23/labs/lab4/install/mav_planning_msgs/share/mav_planning_msgs/cmake/ament_cmake_export_libraries-extras.cmake
[5.069s] -- Up-to-date symlink: /home/aimane/vnav23/labs/lab4/install/mav_planning_msgs/share/mav_planning_msgs/cmake/ament_cmake_export_targets-extras.cmake
[5.069s] -- Up-to-date symlink: /home/aimane/vnav23/labs/lab4/install/mav_planning_msgs/share/mav_planning_msgs/cmake/rosidl_cmake_export_typesupport_targets-extras.cmake
[5.069s] -- Up-to-date symlink: /home/aimane/vnav23/labs/lab4/install/mav_planning_msgs/share/mav_planning_msgs/cmake/rosidl_cmake_export_typesupport_libraries-extras.cmake
[5.072s] -- Up-to-date symlink: /home/aimane/vnav23/labs/lab4/install/mav_planning_msgs/share/mav_planning_msgs/cmake/mav_planning_msgsConfig.cmake
[5.072s] -- Up-to-date symlink: /home/aimane/vnav23/labs/lab4/install/mav_planning_msgs/share/mav_planning_msgs/cmake/mav_planning_msgsConfig-version.cmake
[5.072s] -- Up-to-date symlink: /home/aimane/vnav23/labs/lab4/install/mav_planning_msgs/share/mav_planning_msgs/package.xml
[5.076s] -- Up-to-date: /home/aimane/vnav23/labs/lab4/install/mav_planning_msgs/lib/libmav_planning_msgs__rosidl_generator_c.so
[5.077s] -- Up-to-date: /home/aimane/vnav23/labs/lab4/install/mav_planning_msgs/lib/libmav_planning_msgs__rosidl_typesupport_fastrtps_c.so
[5.082s] -- Up-to-date: /home/aimane/vnav23/labs/lab4/install/mav_planning_msgs/lib/libmav_planning_msgs__rosidl_typesupport_introspection_c.so
[5.082s] -- Up-to-date: /home/aimane/vnav23/labs/lab4/install/mav_planning_msgs/lib/libmav_planning_msgs__rosidl_typesupport_c.so
[5.084s] -- Up-to-date: /home/aimane/vnav23/labs/lab4/install/mav_planning_msgs/lib/libmav_planning_msgs__rosidl_typesupport_fastrtps_cpp.so
[5.089s] -- Up-to-date: /home/aimane/vnav23/labs/lab4/install/mav_planning_msgs/lib/libmav_planning_msgs__rosidl_typesupport_introspection_cpp.so
[5.090s] -- Up-to-date: /home/aimane/vnav23/labs/lab4/install/mav_planning_msgs/lib/libmav_planning_msgs__rosidl_typesupport_cpp.so
[5.287s] Listing '/home/aimane/vnav23/labs/lab4/install/mav_planning_msgs/local/lib/python3.10/dist-packages/mav_planning_msgs'...
[5.288s] Listing '/home/aimane/vnav23/labs/lab4/install/mav_planning_msgs/local/lib/python3.10/dist-packages/mav_planning_msgs/msg'...
[5.288s] Listing '/home/aimane/vnav23/labs/lab4/install/mav_planning_msgs/local/lib/python3.10/dist-packages/mav_planning_msgs/srv'...
[5.306s] -- Up-to-date: /home/aimane/vnav23/labs/lab4/install/mav_planning_msgs/lib/libmav_planning_msgs__rosidl_generator_py.so
[5.306s] -- Up-to-date: /home/aimane/vnav23/labs/lab4/install/mav_planning_msgs/include/mav_planning_msgs
[5.307s] -- Up-to-date: /home/aimane/vnav23/labs/lab4/install/mav_planning_msgs/include/mav_planning_msgs/conversions.hpp
[5.307s] -- Up-to-date: /home/aimane/vnav23/labs/lab4/install/mav_planning_msgs/include/mav_planning_msgs/conversions_deprecated.hpp
[5.307s] -- Up-to-date: /home/aimane/vnav23/labs/lab4/install/mav_planning_msgs/include/mav_planning_msgs/eigen_planning_msgs.hpp
[5.309s] -- Up-to-date: /home/aimane/vnav23/labs/lab4/install/mav_planning_msgs/share/mav_planning_msgs/cmake/export_mav_planning_msgs__rosidl_generator_cExport.cmake
[5.313s] -- Up-to-date: /home/aimane/vnav23/labs/lab4/install/mav_planning_msgs/share/mav_planning_msgs/cmake/export_mav_planning_msgs__rosidl_generator_cExport-noconfig.cmake
[5.313s] -- Up-to-date: /home/aimane/vnav23/labs/lab4/install/mav_planning_msgs/share/mav_planning_msgs/cmake/export_mav_planning_msgs__rosidl_typesupport_fastrtps_cExport.cmake
[5.313s] -- Up-to-date: /home/aimane/vnav23/labs/lab4/install/mav_planning_msgs/share/mav_planning_msgs/cmake/export_mav_planning_msgs__rosidl_typesupport_fastrtps_cExport-noconfig.cmake
[5.313s] -- Up-to-date: /home/aimane/vnav23/labs/lab4/install/mav_planning_msgs/share/mav_planning_msgs/cmake/mav_planning_msgs__rosidl_typesupport_introspection_cExport.cmake
[5.313s] -- Up-to-date: /home/aimane/vnav23/labs/lab4/install/mav_planning_msgs/share/mav_planning_msgs/cmake/mav_planning_msgs__rosidl_typesupport_introspection_cExport-noconfig.cmake
[5.316s] -- Up-to-date: /home/aimane/vnav23/labs/lab4/install/mav_planning_msgs/share/mav_planning_msgs/cmake/mav_planning_msgs__rosidl_typesupport_cExport.cmake
[5.318s] -- Up-to-date: /home/aimane/vnav23/labs/lab4/install/mav_planning_msgs/share/mav_planning_msgs/cmake/mav_planning_msgs__rosidl_typesupport_cExport-noconfig.cmake
[5.318s] -- Up-to-date: /home/aimane/vnav23/labs/lab4/install/mav_planning_msgs/share/mav_planning_msgs/cmake/export_mav_planning_msgs__rosidl_generator_cppExport.cmake
[5.319s] -- Up-to-date: /home/aimane/vnav23/labs/lab4/install/mav_planning_msgs/share/mav_planning_msgs/cmake/export_mav_planning_msgs__rosidl_typesupport_fastrtps_cppExport.cmake
[5.319s] -- Up-to-date: /home/aimane/vnav23/labs/lab4/install/mav_planning_msgs/share/mav_planning_msgs/cmake/export_mav_planning_msgs__rosidl_typesupport_fastrtps_cppExport-noconfig.cmake
[5.319s] -- Up-to-date: /home/aimane/vnav23/labs/lab4/install/mav_planning_msgs/share/mav_planning_msgs/cmake/mav_planning_msgs__rosidl_typesupport_introspection_cppExport.cmake
[5.321s] -- Up-to-date: /home/aimane/vnav23/labs/lab4/install/mav_planning_msgs/share/mav_planning_msgs/cmake/mav_planning_msgs__rosidl_typesupport_introspection_cppExport-noconfig.cmake
[5.321s] -- Up-to-date: /home/aimane/vnav23/labs/lab4/install/mav_planning_msgs/share/mav_planning_msgs/cmake/mav_planning_msgs__rosidl_typesupport_cppExport.cmake
[5.322s] -- Up-to-date: /home/aimane/vnav23/labs/lab4/install/mav_planning_msgs/share/mav_planning_msgs/cmake/mav_planning_msgs__rosidl_typesupport_cppExport-noconfig.cmake
[5.322s] -- Up-to-date: /home/aimane/vnav23/labs/lab4/install/mav_planning_msgs/share/mav_planning_msgs/cmake/export_mav_planning_msgs__rosidl_generator_pyExport.cmake
[5.322s] -- Up-to-date: /home/aimane/vnav23/labs/lab4/install/mav_planning_msgs/share/mav_planning_msgs/cmake/export_mav_planning_msgs__rosidl_generator_pyExport-noconfig.cmake
[5.364s] Invoked command in '/home/aimane/vnav23/labs/lab4/build/mav_planning_msgs' returned '0': CMAKE_PREFIX_PATH=/home/aimane/vnav23/labs/lab4/install/mav_msgs:/home/aimane/vnav23/labs/lab4/install/trajectory_generation:/home/aimane/vnav23/labs/lab4/install/tesse_msgs:/home/aimane/vnav23/labs/lab4/install/planner_pkg:/home/aimane/vnav23/labs/lab4/install/tesse_ros_bridge:/opt/ros/humble:/home/aimane/vnav23/labs/lab4/install/mav_visualization:/home/aimane/vnav23/labs/lab4/install/mav_trajectory_generation:/home/aimane/vnav23/labs/lab4/install/mav_comm:/home/aimane/vnav23/labs/lab4/install/mav_system_msgs:/home/aimane/vnav23/labs/lab4/install/mav_state_machine_msgs:/home/aimane/vnav23/labs/lab4/install/mav_planning_msgs:/home/aimane/vnav23/labs/lab4/install/controller_pkg:/home/aimane/mavros_ws/install/mavros_extras:/home/aimane/mavros_ws/install/mavros_examples:/home/aimane/mavros_ws/install/mavros:/home/aimane/mavros_ws/install/mavros_msgs:/home/aimane/mavros_ws/install/libmavconn LD_LIBRARY_PATH=/home/aimane/vnav23/labs/lab4/install/mav_msgs/lib:/home/aimane/vnav23/labs/lab4/install/tesse_msgs/lib:/home/aimane/vnav23/labs/lab4/install/mav_trajectory_generation/lib:/home/aimane/vnav23/labs/lab4/install/mav_system_msgs/lib:/home/aimane/vnav23/labs/lab4/install/mav_state_machine_msgs/lib:/home/aimane/vnav23/labs/lab4/install/mav_planning_msgs/lib:/home/aimane/mavros_ws/install/mavros_extras/lib:/home/aimane/mavros_ws/install/mavros/lib:/home/aimane/mavros_ws/install/mavros_msgs/lib:/home/aimane/mavros_ws/install/libmavconn/lib:/opt/ros/humble/opt/rviz_ogre_vendor/lib:/opt/ros/humble/lib/x86_64-linux-gnu:/opt/ros/humble/lib /usr/bin/cmake --install /home/aimane/vnav23/labs/lab4/build/mav_planning_msgs
