[1.972s] Invoking command in '/home/aimane/vnav23/labs/lab4/build/tesse_msgs': CMAKE_PREFIX_PATH=/home/aimane/vnav23/labs/lab4/install/trajectory_generation:/home/aimane/vnav23/labs/lab4/install/tesse_msgs:/home/aimane/vnav23/labs/lab4/install/planner_pkg:/home/aimane/vnav23/labs/lab4/install/tesse_ros_bridge:/opt/ros/humble:/home/aimane/vnav23/labs/lab4/install/mav_visualization:/home/aimane/vnav23/labs/lab4/install/mav_trajectory_generation:/home/aimane/vnav23/labs/lab4/install/mav_comm:/home/aimane/vnav23/labs/lab4/install/mav_system_msgs:/home/aimane/vnav23/labs/lab4/install/mav_state_machine_msgs:/home/aimane/vnav23/labs/lab4/install/mav_planning_msgs:/home/aimane/vnav23/labs/lab4/install/controller_pkg:/home/aimane/vnav23/labs/lab4/install/mav_msgs:/home/aimane/mavros_ws/install/mavros_extras:/home/aimane/mavros_ws/install/mavros_examples:/home/aimane/mavros_ws/install/mavros:/home/aimane/mavros_ws/install/mavros_msgs:/home/aimane/mavros_ws/install/libmavconn /usr/bin/cmake --build /home/aimane/vnav23/labs/lab4/build/tesse_msgs -- -j8 -l8
[2.571s] [  1%] Built target tesse_msgs__cpp
[2.964s] [  1%] Built target ament_cmake_python_symlink_tesse_msgs
[3.101s] [ 12%] Built target tesse_msgs__rosidl_typesupport_introspection_cpp
[4.724s] running egg_info
[4.778s] writing tesse_msgs.egg-info/PKG-INFO
[4.779s] writing dependency_links to tesse_msgs.egg-info/dependency_links.txt
[4.779s] writing top-level names to tesse_msgs.egg-info/top_level.txt
[4.993s] reading manifest file 'tesse_msgs.egg-info/SOURCES.txt'
[4.998s] writing manifest file 'tesse_msgs.egg-info/SOURCES.txt'
[5.132s] [ 12%] Built target ament_cmake_python_build_tesse_msgs_egg
[5.300s] [ 23%] Built target tesse_msgs__rosidl_typesupport_fastrtps_cpp
[5.404s] [ 34%] Built target tesse_msgs__rosidl_typesupport_cpp
[5.581s] [ 45%] Built target tesse_msgs__rosidl_generator_c
[5.749s] [ 56%] Built target tesse_msgs__rosidl_typesupport_fastrtps_c
[5.995s] [ 67%] Built target tesse_msgs__rosidl_typesupport_c
[6.123s] [ 78%] Built target tesse_msgs__rosidl_typesupport_introspection_c
[6.249s] [ 78%] Built target tesse_msgs
[6.646s] [ 80%] Built target tesse_msgs__py
[6.805s] [ 89%] Built target tesse_msgs__rosidl_generator_py
[7.148s] [ 92%] Built target tesse_msgs__rosidl_typesupport_fastrtps_c__pyext
[7.477s] [ 96%] Built target tesse_msgs__rosidl_typesupport_c__pyext
[7.744s] [100%] Built target tesse_msgs__rosidl_typesupport_introspection_c__pyext
[7.987s] Invoked command in '/home/aimane/vnav23/labs/lab4/build/tesse_msgs' returned '0': CMAKE_PREFIX_PATH=/home/aimane/vnav23/labs/lab4/install/trajectory_generation:/home/aimane/vnav23/labs/lab4/install/tesse_msgs:/home/aimane/vnav23/labs/lab4/install/planner_pkg:/home/aimane/vnav23/labs/lab4/install/tesse_ros_bridge:/opt/ros/humble:/home/aimane/vnav23/labs/lab4/install/mav_visualization:/home/aimane/vnav23/labs/lab4/install/mav_trajectory_generation:/home/aimane/vnav23/labs/lab4/install/mav_comm:/home/aimane/vnav23/labs/lab4/install/mav_system_msgs:/home/aimane/vnav23/labs/lab4/install/mav_state_machine_msgs:/home/aimane/vnav23/labs/lab4/install/mav_planning_msgs:/home/aimane/vnav23/labs/lab4/install/controller_pkg:/home/aimane/vnav23/labs/lab4/install/mav_msgs:/home/aimane/mavros_ws/install/mavros_extras:/home/aimane/mavros_ws/install/mavros_examples:/home/aimane/mavros_ws/install/mavros:/home/aimane/mavros_ws/install/mavros_msgs:/home/aimane/mavros_ws/install/libmavconn /usr/bin/cmake --build /home/aimane/vnav23/labs/lab4/build/tesse_msgs -- -j8 -l8
[8.023s] Invoking command in '/home/aimane/vnav23/labs/lab4/build/tesse_msgs': CMAKE_PREFIX_PATH=/home/aimane/vnav23/labs/lab4/install/trajectory_generation:/home/aimane/vnav23/labs/lab4/install/tesse_msgs:/home/aimane/vnav23/labs/lab4/install/planner_pkg:/home/aimane/vnav23/labs/lab4/install/tesse_ros_bridge:/opt/ros/humble:/home/aimane/vnav23/labs/lab4/install/mav_visualization:/home/aimane/vnav23/labs/lab4/install/mav_trajectory_generation:/home/aimane/vnav23/labs/lab4/install/mav_comm:/home/aimane/vnav23/labs/lab4/install/mav_system_msgs:/home/aimane/vnav23/labs/lab4/install/mav_state_machine_msgs:/home/aimane/vnav23/labs/lab4/install/mav_planning_msgs:/home/aimane/vnav23/labs/lab4/install/controller_pkg:/home/aimane/vnav23/labs/lab4/install/mav_msgs:/home/aimane/mavros_ws/install/mavros_extras:/home/aimane/mavros_ws/install/mavros_examples:/home/aimane/mavros_ws/install/mavros:/home/aimane/mavros_ws/install/mavros_msgs:/home/aimane/mavros_ws/install/libmavconn /usr/bin/cmake --install /home/aimane/vnav23/labs/lab4/build/tesse_msgs
[8.114s] -- Install configuration: ""
[8.114s] -- Execute custom install script
[8.114s] -- Up-to-date symlink: /home/aimane/vnav23/labs/lab4/install/tesse_msgs/share/ament_index/resource_index/rosidl_interfaces/tesse_msgs
[8.127s] -- Up-to-date symlink: /home/aimane/vnav23/labs/lab4/install/tesse_msgs/include/tesse_msgs/tesse_msgs/msg/collision_stats.h
[8.127s] -- Up-to-date symlink: /home/aimane/vnav23/labs/lab4/install/tesse_msgs/include/tesse_msgs/tesse_msgs/msg/detail/collision_stats__functions.h
[8.127s] -- Up-to-date symlink: /home/aimane/vnav23/labs/lab4/install/tesse_msgs/include/tesse_msgs/tesse_msgs/msg/detail/collision_stats__struct.h
[8.128s] -- Up-to-date symlink: /home/aimane/vnav23/labs/lab4/install/tesse_msgs/include/tesse_msgs/tesse_msgs/msg/detail/collision_stats__type_support.h
[8.138s] -- Up-to-date symlink: /home/aimane/vnav23/labs/lab4/install/tesse_msgs/include/tesse_msgs/tesse_msgs/msg/rosidl_generator_c__visibility_control.h
[8.138s] -- Up-to-date symlink: /home/aimane/vnav23/labs/lab4/install/tesse_msgs/include/tesse_msgs/tesse_msgs/srv/detail/object_spawn_request_service__functions.h
[8.139s] -- Up-to-date symlink: /home/aimane/vnav23/labs/lab4/install/tesse_msgs/include/tesse_msgs/tesse_msgs/srv/detail/object_spawn_request_service__struct.h
[8.140s] -- Up-to-date symlink: /home/aimane/vnav23/labs/lab4/install/tesse_msgs/include/tesse_msgs/tesse_msgs/srv/detail/object_spawn_request_service__type_support.h
[8.143s] -- Up-to-date symlink: /home/aimane/vnav23/labs/lab4/install/tesse_msgs/include/tesse_msgs/tesse_msgs/srv/detail/reposition_request_service__functions.h
[8.146s] -- Up-to-date symlink: /home/aimane/vnav23/labs/lab4/install/tesse_msgs/include/tesse_msgs/tesse_msgs/srv/detail/reposition_request_service__struct.h
[8.150s] -- Up-to-date symlink: /home/aimane/vnav23/labs/lab4/install/tesse_msgs/include/tesse_msgs/tesse_msgs/srv/detail/reposition_request_service__type_support.h
[8.153s] -- Up-to-date symlink: /home/aimane/vnav23/labs/lab4/install/tesse_msgs/include/tesse_msgs/tesse_msgs/srv/detail/scene_request_service__functions.h
[8.157s] -- Up-to-date symlink: /home/aimane/vnav23/labs/lab4/install/tesse_msgs/include/tesse_msgs/tesse_msgs/srv/detail/scene_request_service__struct.h
[8.166s] -- Up-to-date symlink: /home/aimane/vnav23/labs/lab4/install/tesse_msgs/include/tesse_msgs/tesse_msgs/srv/detail/scene_request_service__type_support.h
[8.167s] -- Up-to-date symlink: /home/aimane/vnav23/labs/lab4/install/tesse_msgs/include/tesse_msgs/tesse_msgs/srv/object_spawn_request_service.h
[8.167s] -- Up-to-date symlink: /home/aimane/vnav23/labs/lab4/install/tesse_msgs/include/tesse_msgs/tesse_msgs/srv/reposition_request_service.h
[8.167s] -- Up-to-date symlink: /home/aimane/vnav23/labs/lab4/install/tesse_msgs/include/tesse_msgs/tesse_msgs/srv/scene_request_service.h
[8.167s] -- Up-to-date symlink: /home/aimane/vnav23/labs/lab4/install/tesse_msgs/share/tesse_msgs/environment/library_path.sh
[8.167s] -- Up-to-date symlink: /home/aimane/vnav23/labs/lab4/install/tesse_msgs/share/tesse_msgs/environment/library_path.dsv
[8.182s] -- Up-to-date symlink: /home/aimane/vnav23/labs/lab4/install/tesse_msgs/include/tesse_msgs/tesse_msgs/msg/detail/collision_stats__rosidl_typesupport_fastrtps_c.h
[8.186s] -- Up-to-date symlink: /home/aimane/vnav23/labs/lab4/install/tesse_msgs/include/tesse_msgs/tesse_msgs/msg/rosidl_typesupport_fastrtps_c__visibility_control.h
[8.191s] -- Up-to-date symlink: /home/aimane/vnav23/labs/lab4/install/tesse_msgs/include/tesse_msgs/tesse_msgs/srv/detail/object_spawn_request_service__rosidl_typesupport_fastrtps_c.h
[8.193s] -- Up-to-date symlink: /home/aimane/vnav23/labs/lab4/install/tesse_msgs/include/tesse_msgs/tesse_msgs/srv/detail/reposition_request_service__rosidl_typesupport_fastrtps_c.h
[8.194s] -- Up-to-date symlink: /home/aimane/vnav23/labs/lab4/install/tesse_msgs/include/tesse_msgs/tesse_msgs/srv/detail/scene_request_service__rosidl_typesupport_fastrtps_c.h
[8.211s] -- Up-to-date symlink: /home/aimane/vnav23/labs/lab4/install/tesse_msgs/include/tesse_msgs/tesse_msgs/msg/collision_stats.hpp
[8.211s] -- Up-to-date symlink: /home/aimane/vnav23/labs/lab4/install/tesse_msgs/include/tesse_msgs/tesse_msgs/msg/detail/collision_stats__builder.hpp
[8.216s] -- Up-to-date symlink: /home/aimane/vnav23/labs/lab4/install/tesse_msgs/include/tesse_msgs/tesse_msgs/msg/detail/collision_stats__struct.hpp
[8.217s] -- Up-to-date symlink: /home/aimane/vnav23/labs/lab4/install/tesse_msgs/include/tesse_msgs/tesse_msgs/msg/detail/collision_stats__traits.hpp
[8.224s] -- Up-to-date symlink: /home/aimane/vnav23/labs/lab4/install/tesse_msgs/include/tesse_msgs/tesse_msgs/msg/detail/collision_stats__type_support.hpp
[8.225s] -- Up-to-date symlink: /home/aimane/vnav23/labs/lab4/install/tesse_msgs/include/tesse_msgs/tesse_msgs/msg/rosidl_generator_cpp__visibility_control.hpp
[8.227s] -- Up-to-date symlink: /home/aimane/vnav23/labs/lab4/install/tesse_msgs/include/tesse_msgs/tesse_msgs/srv/detail/object_spawn_request_service__builder.hpp
[8.227s] -- Up-to-date symlink: /home/aimane/vnav23/labs/lab4/install/tesse_msgs/include/tesse_msgs/tesse_msgs/srv/detail/object_spawn_request_service__struct.hpp
[8.236s] -- Up-to-date symlink: /home/aimane/vnav23/labs/lab4/install/tesse_msgs/include/tesse_msgs/tesse_msgs/srv/detail/object_spawn_request_service__traits.hpp
[8.238s] -- Up-to-date symlink: /home/aimane/vnav23/labs/lab4/install/tesse_msgs/include/tesse_msgs/tesse_msgs/srv/detail/object_spawn_request_service__type_support.hpp
[8.239s] -- Up-to-date symlink: /home/aimane/vnav23/labs/lab4/install/tesse_msgs/include/tesse_msgs/tesse_msgs/srv/detail/reposition_request_service__builder.hpp
[8.246s] -- Up-to-date symlink: /home/aimane/vnav23/labs/lab4/install/tesse_msgs/include/tesse_msgs/tesse_msgs/srv/detail/reposition_request_service__struct.hpp
[8.246s] -- Up-to-date symlink: /home/aimane/vnav23/labs/lab4/install/tesse_msgs/include/tesse_msgs/tesse_msgs/srv/detail/reposition_request_service__traits.hpp
[8.248s] -- Up-to-date symlink: /home/aimane/vnav23/labs/lab4/install/tesse_msgs/include/tesse_msgs/tesse_msgs/srv/detail/reposition_request_service__type_support.hpp
[8.249s] -- Up-to-date symlink: /home/aimane/vnav23/labs/lab4/install/tesse_msgs/include/tesse_msgs/tesse_msgs/srv/detail/scene_request_service__builder.hpp
[8.254s] -- Up-to-date symlink: /home/aimane/vnav23/labs/lab4/install/tesse_msgs/include/tesse_msgs/tesse_msgs/srv/detail/scene_request_service__struct.hpp
[8.257s] -- Up-to-date symlink: /home/aimane/vnav23/labs/lab4/install/tesse_msgs/include/tesse_msgs/tesse_msgs/srv/detail/scene_request_service__traits.hpp
[8.259s] -- Up-to-date symlink: /home/aimane/vnav23/labs/lab4/install/tesse_msgs/include/tesse_msgs/tesse_msgs/srv/detail/scene_request_service__type_support.hpp
[8.262s] -- Up-to-date symlink: /home/aimane/vnav23/labs/lab4/install/tesse_msgs/include/tesse_msgs/tesse_msgs/srv/object_spawn_request_service.hpp
[8.266s] -- Up-to-date symlink: /home/aimane/vnav23/labs/lab4/install/tesse_msgs/include/tesse_msgs/tesse_msgs/srv/reposition_request_service.hpp
[8.268s] -- Up-to-date symlink: /home/aimane/vnav23/labs/lab4/install/tesse_msgs/include/tesse_msgs/tesse_msgs/srv/scene_request_service.hpp
[8.287s] -- Up-to-date symlink: /home/aimane/vnav23/labs/lab4/install/tesse_msgs/include/tesse_msgs/tesse_msgs/msg/detail/collision_stats__rosidl_typesupport_fastrtps_cpp.hpp
[8.287s] -- Up-to-date symlink: /home/aimane/vnav23/labs/lab4/install/tesse_msgs/include/tesse_msgs/tesse_msgs/msg/rosidl_typesupport_fastrtps_cpp__visibility_control.h
[8.287s] -- Up-to-date symlink: /home/aimane/vnav23/labs/lab4/install/tesse_msgs/include/tesse_msgs/tesse_msgs/srv/detail/object_spawn_request_service__rosidl_typesupport_fastrtps_cpp.hpp
[8.289s] -- Up-to-date symlink: /home/aimane/vnav23/labs/lab4/install/tesse_msgs/include/tesse_msgs/tesse_msgs/srv/detail/reposition_request_service__rosidl_typesupport_fastrtps_cpp.hpp
[8.294s] -- Up-to-date symlink: /home/aimane/vnav23/labs/lab4/install/tesse_msgs/include/tesse_msgs/tesse_msgs/srv/detail/scene_request_service__rosidl_typesupport_fastrtps_cpp.hpp
[8.302s] -- Up-to-date symlink: /home/aimane/vnav23/labs/lab4/install/tesse_msgs/include/tesse_msgs/tesse_msgs/msg/detail/collision_stats__rosidl_typesupport_introspection_c.h
[8.303s] -- Up-to-date symlink: /home/aimane/vnav23/labs/lab4/install/tesse_msgs/include/tesse_msgs/tesse_msgs/msg/rosidl_typesupport_introspection_c__visibility_control.h
[8.331s] -- Up-to-date symlink: /home/aimane/vnav23/labs/lab4/install/tesse_msgs/include/tesse_msgs/tesse_msgs/srv/detail/object_spawn_request_service__rosidl_typesupport_introspection_c.h
[8.331s] -- Up-to-date symlink: /home/aimane/vnav23/labs/lab4/install/tesse_msgs/include/tesse_msgs/tesse_msgs/srv/detail/reposition_request_service__rosidl_typesupport_introspection_c.h
[8.332s] -- Up-to-date symlink: /home/aimane/vnav23/labs/lab4/install/tesse_msgs/include/tesse_msgs/tesse_msgs/srv/detail/scene_request_service__rosidl_typesupport_introspection_c.h
[8.332s] -- Up-to-date symlink: /home/aimane/vnav23/labs/lab4/install/tesse_msgs/include/tesse_msgs/tesse_msgs/msg/detail/collision_stats__rosidl_typesupport_introspection_cpp.hpp
[8.332s] -- Up-to-date symlink: /home/aimane/vnav23/labs/lab4/install/tesse_msgs/include/tesse_msgs/tesse_msgs/srv/detail/object_spawn_request_service__rosidl_typesupport_introspection_cpp.hpp
[8.332s] -- Up-to-date symlink: /home/aimane/vnav23/labs/lab4/install/tesse_msgs/include/tesse_msgs/tesse_msgs/srv/detail/reposition_request_service__rosidl_typesupport_introspection_cpp.hpp
[8.334s] -- Up-to-date symlink: /home/aimane/vnav23/labs/lab4/install/tesse_msgs/include/tesse_msgs/tesse_msgs/srv/detail/scene_request_service__rosidl_typesupport_introspection_cpp.hpp
[8.349s] -- Up-to-date symlink: /home/aimane/vnav23/labs/lab4/install/tesse_msgs/share/tesse_msgs/environment/pythonpath.sh
[8.350s] -- Up-to-date symlink: /home/aimane/vnav23/labs/lab4/install/tesse_msgs/share/tesse_msgs/environment/pythonpath.dsv
[8.351s] -- Up-to-date symlink: /home/aimane/vnav23/labs/lab4/install/tesse_msgs/local/lib/python3.10/dist-packages/tesse_msgs-0.0.0-py3.10.egg-info/PKG-INFO
[8.352s] -- Up-to-date symlink: /home/aimane/vnav23/labs/lab4/install/tesse_msgs/local/lib/python3.10/dist-packages/tesse_msgs-0.0.0-py3.10.egg-info/SOURCES.txt
[8.352s] -- Up-to-date symlink: /home/aimane/vnav23/labs/lab4/install/tesse_msgs/local/lib/python3.10/dist-packages/tesse_msgs-0.0.0-py3.10.egg-info/dependency_links.txt
[8.353s] -- Up-to-date symlink: /home/aimane/vnav23/labs/lab4/install/tesse_msgs/local/lib/python3.10/dist-packages/tesse_msgs-0.0.0-py3.10.egg-info/top_level.txt
[8.390s] -- Up-to-date symlink: /home/aimane/vnav23/labs/lab4/install/tesse_msgs/local/lib/python3.10/dist-packages/tesse_msgs/__init__.py
[8.390s] -- Up-to-date symlink: /home/aimane/vnav23/labs/lab4/install/tesse_msgs/local/lib/python3.10/dist-packages/tesse_msgs/_tesse_msgs_s.ep.rosidl_typesupport_c.c
[8.390s] -- Up-to-date symlink: /home/aimane/vnav23/labs/lab4/install/tesse_msgs/local/lib/python3.10/dist-packages/tesse_msgs/_tesse_msgs_s.ep.rosidl_typesupport_fastrtps_c.c
[8.393s] -- Up-to-date symlink: /home/aimane/vnav23/labs/lab4/install/tesse_msgs/local/lib/python3.10/dist-packages/tesse_msgs/_tesse_msgs_s.ep.rosidl_typesupport_introspection_c.c
[8.395s] -- Up-to-date symlink: /home/aimane/vnav23/labs/lab4/install/tesse_msgs/local/lib/python3.10/dist-packages/tesse_msgs/libtesse_msgs__rosidl_generator_py.so
[8.399s] -- Up-to-date symlink: /home/aimane/vnav23/labs/lab4/install/tesse_msgs/local/lib/python3.10/dist-packages/tesse_msgs/msg/__init__.py
[8.400s] -- Up-to-date symlink: /home/aimane/vnav23/labs/lab4/install/tesse_msgs/local/lib/python3.10/dist-packages/tesse_msgs/msg/_collision_stats.py
[8.406s] -- Up-to-date symlink: /home/aimane/vnav23/labs/lab4/install/tesse_msgs/local/lib/python3.10/dist-packages/tesse_msgs/msg/_collision_stats_s.c
[8.407s] -- Up-to-date symlink: /home/aimane/vnav23/labs/lab4/install/tesse_msgs/local/lib/python3.10/dist-packages/tesse_msgs/srv/__init__.py
[8.408s] -- Up-to-date symlink: /home/aimane/vnav23/labs/lab4/install/tesse_msgs/local/lib/python3.10/dist-packages/tesse_msgs/srv/_object_spawn_request_service.py
[8.424s] -- Up-to-date symlink: /home/aimane/vnav23/labs/lab4/install/tesse_msgs/local/lib/python3.10/dist-packages/tesse_msgs/srv/_object_spawn_request_service_s.c
[8.424s] -- Up-to-date symlink: /home/aimane/vnav23/labs/lab4/install/tesse_msgs/local/lib/python3.10/dist-packages/tesse_msgs/srv/_reposition_request_service.py
[8.425s] -- Up-to-date symlink: /home/aimane/vnav23/labs/lab4/install/tesse_msgs/local/lib/python3.10/dist-packages/tesse_msgs/srv/_reposition_request_service_s.c
[8.426s] -- Up-to-date symlink: /home/aimane/vnav23/labs/lab4/install/tesse_msgs/local/lib/python3.10/dist-packages/tesse_msgs/srv/_scene_request_service.py
[8.430s] -- Up-to-date symlink: /home/aimane/vnav23/labs/lab4/install/tesse_msgs/local/lib/python3.10/dist-packages/tesse_msgs/srv/_scene_request_service_s.c
[8.432s] -- Up-to-date symlink: /home/aimane/vnav23/labs/lab4/install/tesse_msgs/local/lib/python3.10/dist-packages/tesse_msgs/tesse_msgs_s__rosidl_typesupport_c.cpython-310-x86_64-linux-gnu.so
[8.440s] -- Up-to-date symlink: /home/aimane/vnav23/labs/lab4/install/tesse_msgs/local/lib/python3.10/dist-packages/tesse_msgs/tesse_msgs_s__rosidl_typesupport_fastrtps_c.cpython-310-x86_64-linux-gnu.so
[8.440s] -- Up-to-date symlink: /home/aimane/vnav23/labs/lab4/install/tesse_msgs/local/lib/python3.10/dist-packages/tesse_msgs/tesse_msgs_s__rosidl_typesupport_introspection_c.cpython-310-x86_64-linux-gnu.so
[8.441s] -- Up-to-date symlink: /home/aimane/vnav23/labs/lab4/install/tesse_msgs/local/lib/python3.10/dist-packages/tesse_msgs/tesse_msgs_s__rosidl_typesupport_fastrtps_c.cpython-310-x86_64-linux-gnu.so
[8.441s] -- Up-to-date symlink: /home/aimane/vnav23/labs/lab4/install/tesse_msgs/local/lib/python3.10/dist-packages/tesse_msgs/tesse_msgs_s__rosidl_typesupport_introspection_c.cpython-310-x86_64-linux-gnu.so
[8.444s] -- Up-to-date symlink: /home/aimane/vnav23/labs/lab4/install/tesse_msgs/local/lib/python3.10/dist-packages/tesse_msgs/tesse_msgs_s__rosidl_typesupport_c.cpython-310-x86_64-linux-gnu.so
[8.444s] -- Up-to-date symlink: /home/aimane/vnav23/labs/lab4/install/tesse_msgs/share/tesse_msgs/msg/CollisionStats.idl
[8.445s] -- Up-to-date symlink: /home/aimane/vnav23/labs/lab4/install/tesse_msgs/share/tesse_msgs/srv/ObjectSpawnRequestService.idl
[8.445s] -- Up-to-date symlink: /home/aimane/vnav23/labs/lab4/install/tesse_msgs/share/tesse_msgs/srv/RepositionRequestService.idl
[8.445s] -- Up-to-date symlink: /home/aimane/vnav23/labs/lab4/install/tesse_msgs/share/tesse_msgs/srv/SceneRequestService.idl
[8.446s] -- Up-to-date symlink: /home/aimane/vnav23/labs/lab4/install/tesse_msgs/share/tesse_msgs/msg/CollisionStats.msg
[8.446s] -- Up-to-date symlink: /home/aimane/vnav23/labs/lab4/install/tesse_msgs/share/tesse_msgs/srv/ObjectSpawnRequestService.srv
[8.446s] -- Up-to-date symlink: /home/aimane/vnav23/labs/lab4/install/tesse_msgs/share/tesse_msgs/srv/ObjectSpawnRequestService_Request.msg
[8.447s] -- Up-to-date symlink: /home/aimane/vnav23/labs/lab4/install/tesse_msgs/share/tesse_msgs/srv/ObjectSpawnRequestService_Response.msg
[8.447s] -- Up-to-date symlink: /home/aimane/vnav23/labs/lab4/install/tesse_msgs/share/tesse_msgs/srv/RepositionRequestService.srv
[8.447s] -- Up-to-date symlink: /home/aimane/vnav23/labs/lab4/install/tesse_msgs/share/tesse_msgs/srv/RepositionRequestService_Request.msg
[8.447s] -- Up-to-date symlink: /home/aimane/vnav23/labs/lab4/install/tesse_msgs/share/tesse_msgs/srv/RepositionRequestService_Response.msg
[8.449s] -- Up-to-date symlink: /home/aimane/vnav23/labs/lab4/install/tesse_msgs/share/tesse_msgs/srv/SceneRequestService.srv
[8.449s] -- Up-to-date symlink: /home/aimane/vnav23/labs/lab4/install/tesse_msgs/share/tesse_msgs/srv/SceneRequestService_Request.msg
[8.454s] -- Up-to-date symlink: /home/aimane/vnav23/labs/lab4/install/tesse_msgs/share/tesse_msgs/srv/SceneRequestService_Response.msg
[8.454s] -- Up-to-date symlink: /home/aimane/vnav23/labs/lab4/install/tesse_msgs/share/ament_index/resource_index/package_run_dependencies/tesse_msgs
[8.462s] -- Up-to-date symlink: /home/aimane/vnav23/labs/lab4/install/tesse_msgs/share/ament_index/resource_index/parent_prefix_path/tesse_msgs
[8.462s] -- Up-to-date symlink: /home/aimane/vnav23/labs/lab4/install/tesse_msgs/share/tesse_msgs/environment/ament_prefix_path.sh
[8.465s] -- Up-to-date symlink: /home/aimane/vnav23/labs/lab4/install/tesse_msgs/share/tesse_msgs/environment/ament_prefix_path.dsv
[8.468s] -- Up-to-date symlink: /home/aimane/vnav23/labs/lab4/install/tesse_msgs/share/tesse_msgs/environment/path.sh
[8.469s] -- Up-to-date symlink: /home/aimane/vnav23/labs/lab4/install/tesse_msgs/share/tesse_msgs/environment/path.dsv
[8.470s] -- Up-to-date symlink: /home/aimane/vnav23/labs/lab4/install/tesse_msgs/share/tesse_msgs/local_setup.bash
[8.471s] -- Up-to-date symlink: /home/aimane/vnav23/labs/lab4/install/tesse_msgs/share/tesse_msgs/local_setup.sh
[8.471s] -- Up-to-date symlink: /home/aimane/vnav23/labs/lab4/install/tesse_msgs/share/tesse_msgs/local_setup.zsh
[8.472s] -- Up-to-date symlink: /home/aimane/vnav23/labs/lab4/install/tesse_msgs/share/tesse_msgs/local_setup.dsv
[8.474s] -- Symlinking: /home/aimane/vnav23/labs/lab4/install/tesse_msgs/share/tesse_msgs/package.dsv
[8.507s] -- Up-to-date symlink: /home/aimane/vnav23/labs/lab4/install/tesse_msgs/share/ament_index/resource_index/packages/tesse_msgs
[8.508s] -- Up-to-date symlink: /home/aimane/vnav23/labs/lab4/install/tesse_msgs/share/tesse_msgs/cmake/rosidl_cmake-extras.cmake
[8.513s] -- Up-to-date symlink: /home/aimane/vnav23/labs/lab4/install/tesse_msgs/share/tesse_msgs/cmake/ament_cmake_export_dependencies-extras.cmake
[8.528s] -- Up-to-date symlink: /home/aimane/vnav23/labs/lab4/install/tesse_msgs/share/tesse_msgs/cmake/ament_cmake_export_include_directories-extras.cmake
[8.529s] -- Up-to-date symlink: /home/aimane/vnav23/labs/lab4/install/tesse_msgs/share/tesse_msgs/cmake/ament_cmake_export_libraries-extras.cmake
[8.529s] -- Up-to-date symlink: /home/aimane/vnav23/labs/lab4/install/tesse_msgs/share/tesse_msgs/cmake/ament_cmake_export_targets-extras.cmake
[8.532s] -- Up-to-date symlink: /home/aimane/vnav23/labs/lab4/install/tesse_msgs/share/tesse_msgs/cmake/rosidl_cmake_export_typesupport_targets-extras.cmake
[8.537s] -- Up-to-date symlink: /home/aimane/vnav23/labs/lab4/install/tesse_msgs/share/tesse_msgs/cmake/rosidl_cmake_export_typesupport_libraries-extras.cmake
[8.547s] -- Up-to-date symlink: /home/aimane/vnav23/labs/lab4/install/tesse_msgs/share/tesse_msgs/cmake/tesse_msgsConfig.cmake
[8.548s] -- Up-to-date symlink: /home/aimane/vnav23/labs/lab4/install/tesse_msgs/share/tesse_msgs/cmake/tesse_msgsConfig-version.cmake
[8.549s] -- Up-to-date symlink: /home/aimane/vnav23/labs/lab4/install/tesse_msgs/share/tesse_msgs/package.xml
[8.550s] -- Up-to-date: /home/aimane/vnav23/labs/lab4/install/tesse_msgs/lib/libtesse_msgs__rosidl_generator_c.so
[8.550s] -- Up-to-date: /home/aimane/vnav23/labs/lab4/install/tesse_msgs/lib/libtesse_msgs__rosidl_typesupport_fastrtps_c.so
[8.563s] -- Up-to-date: /home/aimane/vnav23/labs/lab4/install/tesse_msgs/lib/libtesse_msgs__rosidl_typesupport_fastrtps_cpp.so
[8.564s] -- Up-to-date: /home/aimane/vnav23/labs/lab4/install/tesse_msgs/lib/libtesse_msgs__rosidl_typesupport_introspection_c.so
[8.566s] -- Up-to-date: /home/aimane/vnav23/labs/lab4/install/tesse_msgs/lib/libtesse_msgs__rosidl_typesupport_c.so
[8.567s] -- Up-to-date: /home/aimane/vnav23/labs/lab4/install/tesse_msgs/lib/libtesse_msgs__rosidl_typesupport_introspection_cpp.so
[8.569s] -- Up-to-date: /home/aimane/vnav23/labs/lab4/install/tesse_msgs/lib/libtesse_msgs__rosidl_typesupport_cpp.so
[9.111s] Listing '/home/aimane/vnav23/labs/lab4/install/tesse_msgs/local/lib/python3.10/dist-packages/tesse_msgs'...
[9.112s] Listing '/home/aimane/vnav23/labs/lab4/install/tesse_msgs/local/lib/python3.10/dist-packages/tesse_msgs/msg'...
[9.112s] Listing '/home/aimane/vnav23/labs/lab4/install/tesse_msgs/local/lib/python3.10/dist-packages/tesse_msgs/srv'...
[9.158s] -- Up-to-date: /home/aimane/vnav23/labs/lab4/install/tesse_msgs/lib/libtesse_msgs__rosidl_generator_py.so
[9.171s] -- Up-to-date: /home/aimane/vnav23/labs/lab4/install/tesse_msgs/share/tesse_msgs/cmake/export_tesse_msgs__rosidl_generator_cExport.cmake
[9.171s] -- Up-to-date: /home/aimane/vnav23/labs/lab4/install/tesse_msgs/share/tesse_msgs/cmake/export_tesse_msgs__rosidl_generator_cExport-noconfig.cmake
[9.171s] -- Up-to-date: /home/aimane/vnav23/labs/lab4/install/tesse_msgs/share/tesse_msgs/cmake/export_tesse_msgs__rosidl_typesupport_fastrtps_cExport.cmake
[9.171s] -- Up-to-date: /home/aimane/vnav23/labs/lab4/install/tesse_msgs/share/tesse_msgs/cmake/export_tesse_msgs__rosidl_typesupport_fastrtps_cExport-noconfig.cmake
[9.172s] -- Up-to-date: /home/aimane/vnav23/labs/lab4/install/tesse_msgs/share/tesse_msgs/cmake/export_tesse_msgs__rosidl_generator_cppExport.cmake
[9.172s] -- Up-to-date: /home/aimane/vnav23/labs/lab4/install/tesse_msgs/share/tesse_msgs/cmake/export_tesse_msgs__rosidl_typesupport_fastrtps_cppExport.cmake
[9.172s] -- Up-to-date: /home/aimane/vnav23/labs/lab4/install/tesse_msgs/share/tesse_msgs/cmake/export_tesse_msgs__rosidl_typesupport_fastrtps_cppExport-noconfig.cmake
[9.172s] -- Up-to-date: /home/aimane/vnav23/labs/lab4/install/tesse_msgs/share/tesse_msgs/cmake/tesse_msgs__rosidl_typesupport_introspection_cExport.cmake
[9.172s] -- Up-to-date: /home/aimane/vnav23/labs/lab4/install/tesse_msgs/share/tesse_msgs/cmake/tesse_msgs__rosidl_typesupport_introspection_cExport-noconfig.cmake
[9.173s] -- Up-to-date: /home/aimane/vnav23/labs/lab4/install/tesse_msgs/share/tesse_msgs/cmake/tesse_msgs__rosidl_typesupport_cExport.cmake
[9.173s] -- Up-to-date: /home/aimane/vnav23/labs/lab4/install/tesse_msgs/share/tesse_msgs/cmake/tesse_msgs__rosidl_typesupport_cExport-noconfig.cmake
[9.173s] -- Up-to-date: /home/aimane/vnav23/labs/lab4/install/tesse_msgs/share/tesse_msgs/cmake/tesse_msgs__rosidl_typesupport_introspection_cppExport.cmake
[9.173s] -- Up-to-date: /home/aimane/vnav23/labs/lab4/install/tesse_msgs/share/tesse_msgs/cmake/tesse_msgs__rosidl_typesupport_introspection_cppExport-noconfig.cmake
[9.174s] -- Up-to-date: /home/aimane/vnav23/labs/lab4/install/tesse_msgs/share/tesse_msgs/cmake/tesse_msgs__rosidl_typesupport_cppExport.cmake
[9.174s] -- Up-to-date: /home/aimane/vnav23/labs/lab4/install/tesse_msgs/share/tesse_msgs/cmake/tesse_msgs__rosidl_typesupport_cppExport-noconfig.cmake
[9.175s] -- Up-to-date: /home/aimane/vnav23/labs/lab4/install/tesse_msgs/share/tesse_msgs/cmake/export_tesse_msgs__rosidl_generator_pyExport.cmake
[9.175s] -- Up-to-date: /home/aimane/vnav23/labs/lab4/install/tesse_msgs/share/tesse_msgs/cmake/export_tesse_msgs__rosidl_generator_pyExport-noconfig.cmake
[9.178s] Invoked command in '/home/aimane/vnav23/labs/lab4/build/tesse_msgs' returned '0': CMAKE_PREFIX_PATH=/home/aimane/vnav23/labs/lab4/install/trajectory_generation:/home/aimane/vnav23/labs/lab4/install/tesse_msgs:/home/aimane/vnav23/labs/lab4/install/planner_pkg:/home/aimane/vnav23/labs/lab4/install/tesse_ros_bridge:/opt/ros/humble:/home/aimane/vnav23/labs/lab4/install/mav_visualization:/home/aimane/vnav23/labs/lab4/install/mav_trajectory_generation:/home/aimane/vnav23/labs/lab4/install/mav_comm:/home/aimane/vnav23/labs/lab4/install/mav_system_msgs:/home/aimane/vnav23/labs/lab4/install/mav_state_machine_msgs:/home/aimane/vnav23/labs/lab4/install/mav_planning_msgs:/home/aimane/vnav23/labs/lab4/install/controller_pkg:/home/aimane/vnav23/labs/lab4/install/mav_msgs:/home/aimane/mavros_ws/install/mavros_extras:/home/aimane/mavros_ws/install/mavros_examples:/home/aimane/mavros_ws/install/mavros:/home/aimane/mavros_ws/install/mavros_msgs:/home/aimane/mavros_ws/install/libmavconn /usr/bin/cmake --install /home/aimane/vnav23/labs/lab4/build/tesse_msgs
