[1.008s] Invoking command in '/home/aimane/vnav23/labs/lab4/src/tesse_ros_bridge': PYTHONPATH=/home/aimane/vnav23/labs/lab4/src/build/tesse_ros_bridge/prefix_override:/usr/lib/python3/dist-packages/colcon_core/task/python/colcon_distutils_commands:/home/aimane/vnav23/labs/lab4/src/install/tesse_ros_bridge/lib/python3.10/site-packages:${PYTHONPATH} /usr/bin/python3 -W ignore:setup.py install is deprecated -W ignore:easy_install command is deprecated setup.py egg_info --egg-base ../../lab4/src/build/tesse_ros_bridge build --build-base /home/aimane/vnav23/labs/lab4/src/build/tesse_ros_bridge/build install --record /home/aimane/vnav23/labs/lab4/src/build/tesse_ros_bridge/install.log --single-version-externally-managed install_data
[1.279s] running egg_info
[1.279s] creating ../../lab4/src/build/tesse_ros_bridge/tesse_ros_bridge.egg-info
[1.279s] writing ../../lab4/src/build/tesse_ros_bridge/tesse_ros_bridge.egg-info/PKG-INFO
[1.280s] writing dependency_links to ../../lab4/src/build/tesse_ros_bridge/tesse_ros_bridge.egg-info/dependency_links.txt
[1.280s] writing entry points to ../../lab4/src/build/tesse_ros_bridge/tesse_ros_bridge.egg-info/entry_points.txt
[1.280s] writing requirements to ../../lab4/src/build/tesse_ros_bridge/tesse_ros_bridge.egg-info/requires.txt
[1.280s] writing top-level names to ../../lab4/src/build/tesse_ros_bridge/tesse_ros_bridge.egg-info/top_level.txt
[1.280s] writing manifest file '../../lab4/src/build/tesse_ros_bridge/tesse_ros_bridge.egg-info/SOURCES.txt'
[1.282s] reading manifest file '../../lab4/src/build/tesse_ros_bridge/tesse_ros_bridge.egg-info/SOURCES.txt'
[1.283s] writing manifest file '../../lab4/src/build/tesse_ros_bridge/tesse_ros_bridge.egg-info/SOURCES.txt'
[1.283s] running build
[1.283s] running build_py
[1.283s] creating /home/aimane/vnav23/labs/lab4/src/build/tesse_ros_bridge/build
[1.284s] creating /home/aimane/vnav23/labs/lab4/src/build/tesse_ros_bridge/build/lib
[1.284s] creating /home/aimane/vnav23/labs/lab4/src/build/tesse_ros_bridge/build/lib/tesse_ros_bridge
[1.284s] copying tesse_ros_bridge/tesse_ros_node.py -> /home/aimane/vnav23/labs/lab4/src/build/tesse_ros_bridge/build/lib/tesse_ros_bridge
[1.284s] copying tesse_ros_bridge/quadrotor_control_interface.py -> /home/aimane/vnav23/labs/lab4/src/build/tesse_ros_bridge/build/lib/tesse_ros_bridge
[1.284s] copying tesse_ros_bridge/__init__.py -> /home/aimane/vnav23/labs/lab4/src/build/tesse_ros_bridge/build/lib/tesse_ros_bridge
[1.284s] copying tesse_ros_bridge/noise_simulator.py -> /home/aimane/vnav23/labs/lab4/src/build/tesse_ros_bridge/build/lib/tesse_ros_bridge
[1.284s] copying tesse_ros_bridge/utils.py -> /home/aimane/vnav23/labs/lab4/src/build/tesse_ros_bridge/build/lib/tesse_ros_bridge
[1.284s] copying tesse_ros_bridge/consts.py -> /home/aimane/vnav23/labs/lab4/src/build/tesse_ros_bridge/build/lib/tesse_ros_bridge
[1.284s] creating /home/aimane/vnav23/labs/lab4/src/build/tesse_ros_bridge/build/lib/key_teleop
[1.285s] copying key_teleop/__init__.py -> /home/aimane/vnav23/labs/lab4/src/build/tesse_ros_bridge/build/lib/key_teleop
[1.285s] copying key_teleop/key_teleop.py -> /home/aimane/vnav23/labs/lab4/src/build/tesse_ros_bridge/build/lib/key_teleop
[1.285s] copying key_teleop/alternative_key_teleop.py -> /home/aimane/vnav23/labs/lab4/src/build/tesse_ros_bridge/build/lib/key_teleop
[1.285s] running install
[1.286s] running install_lib
[1.287s] creating /home/aimane/vnav23/labs/lab4/src/install/tesse_ros_bridge/lib/python3.10/site-packages/tesse_ros_bridge
[1.287s] copying /home/aimane/vnav23/labs/lab4/src/build/tesse_ros_bridge/build/lib/tesse_ros_bridge/tesse_ros_node.py -> /home/aimane/vnav23/labs/lab4/src/install/tesse_ros_bridge/lib/python3.10/site-packages/tesse_ros_bridge
[1.287s] copying /home/aimane/vnav23/labs/lab4/src/build/tesse_ros_bridge/build/lib/tesse_ros_bridge/quadrotor_control_interface.py -> /home/aimane/vnav23/labs/lab4/src/install/tesse_ros_bridge/lib/python3.10/site-packages/tesse_ros_bridge
[1.287s] copying /home/aimane/vnav23/labs/lab4/src/build/tesse_ros_bridge/build/lib/tesse_ros_bridge/__init__.py -> /home/aimane/vnav23/labs/lab4/src/install/tesse_ros_bridge/lib/python3.10/site-packages/tesse_ros_bridge
[1.287s] copying /home/aimane/vnav23/labs/lab4/src/build/tesse_ros_bridge/build/lib/tesse_ros_bridge/noise_simulator.py -> /home/aimane/vnav23/labs/lab4/src/install/tesse_ros_bridge/lib/python3.10/site-packages/tesse_ros_bridge
[1.287s] copying /home/aimane/vnav23/labs/lab4/src/build/tesse_ros_bridge/build/lib/tesse_ros_bridge/utils.py -> /home/aimane/vnav23/labs/lab4/src/install/tesse_ros_bridge/lib/python3.10/site-packages/tesse_ros_bridge
[1.287s] copying /home/aimane/vnav23/labs/lab4/src/build/tesse_ros_bridge/build/lib/tesse_ros_bridge/consts.py -> /home/aimane/vnav23/labs/lab4/src/install/tesse_ros_bridge/lib/python3.10/site-packages/tesse_ros_bridge
[1.287s] creating /home/aimane/vnav23/labs/lab4/src/install/tesse_ros_bridge/lib/python3.10/site-packages/key_teleop
[1.288s] copying /home/aimane/vnav23/labs/lab4/src/build/tesse_ros_bridge/build/lib/key_teleop/__init__.py -> /home/aimane/vnav23/labs/lab4/src/install/tesse_ros_bridge/lib/python3.10/site-packages/key_teleop
[1.288s] copying /home/aimane/vnav23/labs/lab4/src/build/tesse_ros_bridge/build/lib/key_teleop/key_teleop.py -> /home/aimane/vnav23/labs/lab4/src/install/tesse_ros_bridge/lib/python3.10/site-packages/key_teleop
[1.288s] copying /home/aimane/vnav23/labs/lab4/src/build/tesse_ros_bridge/build/lib/key_teleop/alternative_key_teleop.py -> /home/aimane/vnav23/labs/lab4/src/install/tesse_ros_bridge/lib/python3.10/site-packages/key_teleop
[1.289s] byte-compiling /home/aimane/vnav23/labs/lab4/src/install/tesse_ros_bridge/lib/python3.10/site-packages/tesse_ros_bridge/tesse_ros_node.py to tesse_ros_node.cpython-310.pyc
[1.294s] byte-compiling /home/aimane/vnav23/labs/lab4/src/install/tesse_ros_bridge/lib/python3.10/site-packages/tesse_ros_bridge/quadrotor_control_interface.py to quadrotor_control_interface.cpython-310.pyc
[1.295s] byte-compiling /home/aimane/vnav23/labs/lab4/src/install/tesse_ros_bridge/lib/python3.10/site-packages/tesse_ros_bridge/__init__.py to __init__.cpython-310.pyc
[1.295s] byte-compiling /home/aimane/vnav23/labs/lab4/src/install/tesse_ros_bridge/lib/python3.10/site-packages/tesse_ros_bridge/noise_simulator.py to noise_simulator.cpython-310.pyc
[1.296s] byte-compiling /home/aimane/vnav23/labs/lab4/src/install/tesse_ros_bridge/lib/python3.10/site-packages/tesse_ros_bridge/utils.py to utils.cpython-310.pyc
[1.298s] byte-compiling /home/aimane/vnav23/labs/lab4/src/install/tesse_ros_bridge/lib/python3.10/site-packages/tesse_ros_bridge/consts.py to consts.cpython-310.pyc
[1.299s] byte-compiling /home/aimane/vnav23/labs/lab4/src/install/tesse_ros_bridge/lib/python3.10/site-packages/key_teleop/__init__.py to __init__.cpython-310.pyc
[1.299s] byte-compiling /home/aimane/vnav23/labs/lab4/src/install/tesse_ros_bridge/lib/python3.10/site-packages/key_teleop/key_teleop.py to key_teleop.cpython-310.pyc
[1.300s] byte-compiling /home/aimane/vnav23/labs/lab4/src/install/tesse_ros_bridge/lib/python3.10/site-packages/key_teleop/alternative_key_teleop.py to alternative_key_teleop.cpython-310.pyc
[1.300s] running install_data
[1.301s] creating /home/aimane/vnav23/labs/lab4/src/install/tesse_ros_bridge/share/ament_index
[1.301s] creating /home/aimane/vnav23/labs/lab4/src/install/tesse_ros_bridge/share/ament_index/resource_index
[1.301s] creating /home/aimane/vnav23/labs/lab4/src/install/tesse_ros_bridge/share/ament_index/resource_index/packages
[1.301s] copying resource/tesse_ros_bridge -> /home/aimane/vnav23/labs/lab4/src/install/tesse_ros_bridge/share/ament_index/resource_index/packages
[1.301s] copying package.xml -> /home/aimane/vnav23/labs/lab4/src/install/tesse_ros_bridge/share/tesse_ros_bridge
[1.301s] creating /home/aimane/vnav23/labs/lab4/src/install/tesse_ros_bridge/share/tesse_ros_bridge/launch
[1.301s] copying launch/tesse_quadrotor_bridge.launch.yaml -> /home/aimane/vnav23/labs/lab4/src/install/tesse_ros_bridge/share/tesse_ros_bridge/launch
[1.302s] creating /home/aimane/vnav23/labs/lab4/src/install/tesse_ros_bridge/share/tesse_ros_bridge/config
[1.302s] copying config/tesse_agent_params.yaml -> /home/aimane/vnav23/labs/lab4/src/install/tesse_ros_bridge/share/tesse_ros_bridge/config
[1.302s] copying config/lidar_params.yaml -> /home/aimane/vnav23/labs/lab4/src/install/tesse_ros_bridge/share/tesse_ros_bridge/config
[1.302s] copying config/camera_params.yaml -> /home/aimane/vnav23/labs/lab4/src/install/tesse_ros_bridge/share/tesse_ros_bridge/config
[1.302s] copying config/params.yaml -> /home/aimane/vnav23/labs/lab4/src/install/tesse_ros_bridge/share/tesse_ros_bridge/config
[1.302s] copying config/object_spawn_params.yaml -> /home/aimane/vnav23/labs/lab4/src/install/tesse_ros_bridge/share/tesse_ros_bridge/config
[1.302s] copying config/map_tfs.yaml -> /home/aimane/vnav23/labs/lab4/src/install/tesse_ros_bridge/share/tesse_ros_bridge/config
[1.302s] copying config/noise_model.yaml -> /home/aimane/vnav23/labs/lab4/src/install/tesse_ros_bridge/share/tesse_ros_bridge/config
[1.303s] running install_egg_info
[1.304s] Copying ../../lab4/src/build/tesse_ros_bridge/tesse_ros_bridge.egg-info to /home/aimane/vnav23/labs/lab4/src/install/tesse_ros_bridge/lib/python3.10/site-packages/tesse_ros_bridge-0.0.0-py3.10.egg-info
[1.305s] running install_scripts
[1.327s] Installing key_teleop script to /home/aimane/vnav23/labs/lab4/src/install/tesse_ros_bridge/lib/tesse_ros_bridge
[1.327s] Installing quadrotor_control_interface script to /home/aimane/vnav23/labs/lab4/src/install/tesse_ros_bridge/lib/tesse_ros_bridge
[1.327s] Installing tesse_ros_node script to /home/aimane/vnav23/labs/lab4/src/install/tesse_ros_bridge/lib/tesse_ros_bridge
[1.328s] writing list of installed files to '/home/aimane/vnav23/labs/lab4/src/build/tesse_ros_bridge/install.log'
[1.360s] Invoked command in '/home/aimane/vnav23/labs/lab4/src/tesse_ros_bridge' returned '0': PYTHONPATH=/home/aimane/vnav23/labs/lab4/src/build/tesse_ros_bridge/prefix_override:/usr/lib/python3/dist-packages/colcon_core/task/python/colcon_distutils_commands:/home/aimane/vnav23/labs/lab4/src/install/tesse_ros_bridge/lib/python3.10/site-packages:${PYTHONPATH} /usr/bin/python3 -W ignore:setup.py install is deprecated -W ignore:easy_install command is deprecated setup.py egg_info --egg-base ../../lab4/src/build/tesse_ros_bridge build --build-base /home/aimane/vnav23/labs/lab4/src/build/tesse_ros_bridge/build install --record /home/aimane/vnav23/labs/lab4/src/build/tesse_ros_bridge/install.log --single-version-externally-managed install_data
