[0.057s] Invoking command in '/home/aimane/vnav23/labs/lab4/src/build/mav_visualization': /usr/bin/cmake /home/aimane/vnav23/labs/lab4/src/mav_trajectory_generation/mav_visualization -DCATKIN_INSTALL_INTO_PREFIX_ROOT=0 -DCMAKE_INSTALL_PREFIX=/home/aimane/vnav23/labs/lab4/src/install/mav_visualization
[2.127s] -- The C compiler identification is GNU 11.4.0
[2.239s] -- The CXX compiler identification is GNU 11.4.0
[2.254s] -- Detecting C compiler ABI info
[2.369s] -- Detecting C compiler ABI info - done
[2.386s] -- Check for working C compiler: /usr/bin/cc - skipped
[2.388s] -- Detecting C compile features
[2.388s] -- Detecting C compile features - done
[2.392s] -- Detecting CXX compiler ABI info
[2.506s] -- Detecting CXX compiler ABI info - done
[2.528s] -- Check for working CXX compiler: /usr/bin/c++ - skipped
[2.529s] -- Detecting CXX compile features
[2.530s] -- Detecting CXX compile features - done
[2.540s] -- Found ament_cmake: 1.3.12 (/opt/ros/humble/share/ament_cmake/cmake)
[2.810s] -- Found Python3: /usr/bin/python3 (found version "3.10.12") found components: Interpreter 
[3.023s] -- Found eigen3_cmake_module: 0.1.1 (/opt/ros/humble/share/eigen3_cmake_module/cmake)
[3.039s] -- Found Eigen3: TRUE (found version "3.4.0") 
[3.247s] -- Found rclcpp: 16.0.15 (/opt/ros/humble/share/rclcpp/cmake)
[3.432s] -- Found rosidl_generator_c: 3.1.7 (/opt/ros/humble/share/rosidl_generator_c/cmake)
[3.442s] -- Found rosidl_adapter: 3.1.7 (/opt/ros/humble/share/rosidl_adapter/cmake)
[3.457s] -- Found rosidl_generator_cpp: 3.1.7 (/opt/ros/humble/share/rosidl_generator_cpp/cmake)
[3.478s] -- Using all available rosidl_typesupport_c: rosidl_typesupport_fastrtps_c;rosidl_typesupport_introspection_c
[3.506s] -- Using all available rosidl_typesupport_cpp: rosidl_typesupport_fastrtps_cpp;rosidl_typesupport_introspection_cpp
[3.896s] -- Found rmw_implementation_cmake: 6.1.2 (/opt/ros/humble/share/rmw_implementation_cmake/cmake)
[3.904s] -- Found rmw_fastrtps_cpp: 6.2.9 (/opt/ros/humble/share/rmw_fastrtps_cpp/cmake)
[4.211s] -- Found OpenSSL: /usr/lib/x86_64-linux-gnu/libcrypto.so (found version "3.0.2")  
[4.265s] -- Found FastRTPS: /opt/ros/humble/include  
[4.342s] -- Using RMW implementation 'rmw_fastrtps_cpp' as default
[4.398s] -- Looking for pthread.h
[4.516s] -- Looking for pthread.h - found
[4.516s] -- Performing Test CMAKE_HAVE_LIBC_PTHREAD
[4.654s] -- Performing Test CMAKE_HAVE_LIBC_PTHREAD - Success
[4.656s] -- Found Threads: TRUE  
[4.773s] -- Found visualization_msgs: 4.9.0 (/opt/ros/humble/share/visualization_msgs/cmake)
[5.047s] -- Configuring done
[5.064s] -- Generating done
[5.066s] [33mCMake Warning:
[5.066s]   Manually-specified variables were not used by the project:
[5.066s] 
[5.066s]     CATKIN_INSTALL_INTO_PREFIX_ROOT
[5.067s] 
[5.067s] [0m
[5.070s] -- Build files have been written to: /home/aimane/vnav23/labs/lab4/src/build/mav_visualization
[5.085s] Invoked command in '/home/aimane/vnav23/labs/lab4/src/build/mav_visualization' returned '0': /usr/bin/cmake /home/aimane/vnav23/labs/lab4/src/mav_trajectory_generation/mav_visualization -DCATKIN_INSTALL_INTO_PREFIX_ROOT=0 -DCMAKE_INSTALL_PREFIX=/home/aimane/vnav23/labs/lab4/src/install/mav_visualization
[5.086s] Invoking command in '/home/aimane/vnav23/labs/lab4/src/build/mav_visualization': /usr/bin/cmake --build /home/aimane/vnav23/labs/lab4/src/build/mav_visualization -- -j8 -l8
[5.180s] [ 50%] [32mBuilding CXX object CMakeFiles/mav_visualization.dir/src/marker_group.cpp.o[0m
[5.180s] [ 50%] [32mBuilding CXX object CMakeFiles/mav_visualization.dir/src/leica_marker.cpp.o[0m
[5.190s] [ 75%] [32mBuilding CXX object CMakeFiles/mav_visualization.dir/src/hexacopter_marker.cpp.o[0m
[24.109s] [100%] [32m[1mLinking CXX static library libmav_visualization.a[0m
[24.244s] [100%] Built target mav_visualization
[24.279s] Invoked command in '/home/aimane/vnav23/labs/lab4/src/build/mav_visualization' returned '0': /usr/bin/cmake --build /home/aimane/vnav23/labs/lab4/src/build/mav_visualization -- -j8 -l8
[24.281s] Invoking command in '/home/aimane/vnav23/labs/lab4/src/build/mav_visualization': /usr/bin/cmake --install /home/aimane/vnav23/labs/lab4/src/build/mav_visualization
[24.293s] -- Install configuration: ""
[24.293s] -- Installing: /home/aimane/vnav23/labs/lab4/src/install/mav_visualization/share/ament_index/resource_index/package_run_dependencies/mav_visualization
[24.294s] -- Installing: /home/aimane/vnav23/labs/lab4/src/install/mav_visualization/share/ament_index/resource_index/parent_prefix_path/mav_visualization
[24.294s] -- Installing: /home/aimane/vnav23/labs/lab4/src/install/mav_visualization/share/mav_visualization/environment/ament_prefix_path.sh
[24.295s] -- Installing: /home/aimane/vnav23/labs/lab4/src/install/mav_visualization/share/mav_visualization/environment/ament_prefix_path.dsv
[24.295s] -- Installing: /home/aimane/vnav23/labs/lab4/src/install/mav_visualization/share/mav_visualization/environment/path.sh
[24.295s] -- Installing: /home/aimane/vnav23/labs/lab4/src/install/mav_visualization/share/mav_visualization/environment/path.dsv
[24.296s] -- Installing: /home/aimane/vnav23/labs/lab4/src/install/mav_visualization/share/mav_visualization/local_setup.bash
[24.296s] -- Installing: /home/aimane/vnav23/labs/lab4/src/install/mav_visualization/share/mav_visualization/local_setup.sh
[24.297s] -- Installing: /home/aimane/vnav23/labs/lab4/src/install/mav_visualization/share/mav_visualization/local_setup.zsh
[24.297s] -- Installing: /home/aimane/vnav23/labs/lab4/src/install/mav_visualization/share/mav_visualization/local_setup.dsv
[24.297s] -- Installing: /home/aimane/vnav23/labs/lab4/src/install/mav_visualization/share/mav_visualization/package.dsv
[24.298s] -- Installing: /home/aimane/vnav23/labs/lab4/src/install/mav_visualization/share/ament_index/resource_index/packages/mav_visualization
[24.298s] -- Installing: /home/aimane/vnav23/labs/lab4/src/install/mav_visualization/share/mav_visualization/cmake/mav_visualizationConfig.cmake
[24.298s] -- Installing: /home/aimane/vnav23/labs/lab4/src/install/mav_visualization/share/mav_visualization/cmake/mav_visualizationConfig-version.cmake
[24.299s] -- Installing: /home/aimane/vnav23/labs/lab4/src/install/mav_visualization/share/mav_visualization/package.xml
[24.301s] Invoked command in '/home/aimane/vnav23/labs/lab4/src/build/mav_visualization' returned '0': /usr/bin/cmake --install /home/aimane/vnav23/labs/lab4/src/build/mav_visualization
