[0.279s] Invoking command in '/home/aimane/vnav23/labs/lab4/build/mav_msgs': CMAKE_PREFIX_PATH=/home/aimane/mavros_ws/install/mavros_extras:/home/aimane/mavros_ws/install/mavros_examples:/home/aimane/mavros_ws/install/mavros:/home/aimane/mavros_ws/install/mavros_msgs:/home/aimane/mavros_ws/install/libmavconn:/home/aimane/vnav23/labs/lab4/install/trajectory_generation:/home/aimane/vnav23/labs/lab4/install/tesse_msgs:/home/aimane/vnav23/labs/lab4/install/planner_pkg:/home/aimane/vnav23/labs/lab4/install/tesse_ros_bridge:/opt/ros/humble:/home/aimane/vnav23/labs/lab4/install/mav_visualization:/home/aimane/vnav23/labs/lab4/install/mav_trajectory_generation:/home/aimane/vnav23/labs/lab4/install/mav_comm:/home/aimane/vnav23/labs/lab4/install/mav_system_msgs:/home/aimane/vnav23/labs/lab4/install/mav_state_machine_msgs:/home/aimane/vnav23/labs/lab4/install/mav_planning_msgs:/home/aimane/vnav23/labs/lab4/install/controller_pkg:/home/aimane/vnav23/labs/lab4/install/mav_msgs PS1=(lab4_venv) \[[01;32m\]\u@\h\[[00m\]:\[[01;34m\]\w\[[00m\]$ VIRTUAL_ENV_PROMPT=(lab4_venv) /usr/bin/cmake --build /home/aimane/vnav23/labs/lab4/build/mav_msgs -- -j8 -l8
[1.422s] [  1%] Built target mav_msgs__cpp
[1.617s] [  1%] Built target ament_cmake_python_symlink_mav_msgs
[1.995s] [ 12%] Built target mav_msgs__rosidl_typesupport_introspection_cpp
[2.957s] running egg_info
[3.011s] writing mav_msgs.egg-info/PKG-INFO
[3.017s] writing dependency_links to mav_msgs.egg-info/dependency_links.txt
[3.018s] writing top-level names to mav_msgs.egg-info/top_level.txt
[3.163s] reading manifest file 'mav_msgs.egg-info/SOURCES.txt'
[3.215s] writing manifest file 'mav_msgs.egg-info/SOURCES.txt'
[3.287s] [ 12%] Built target ament_cmake_python_build_mav_msgs_egg
[3.529s] [ 24%] Built target mav_msgs__rosidl_typesupport_fastrtps_cpp
[3.813s] [ 35%] Built target mav_msgs__rosidl_typesupport_cpp
[4.008s] [ 47%] Built target mav_msgs__rosidl_generator_c
[4.280s] [ 58%] Built target mav_msgs__rosidl_typesupport_fastrtps_c
[4.463s] [ 70%] Built target mav_msgs__rosidl_typesupport_c
[4.554s] [ 81%] Built target mav_msgs__rosidl_typesupport_introspection_c
[4.623s] [ 81%] Built target mav_msgs
[4.694s] [ 82%] Built target mav_msgs__py
[4.944s] [ 93%] Built target mav_msgs__rosidl_generator_py
[5.076s] [ 95%] Built target mav_msgs__rosidl_typesupport_fastrtps_c__pyext
[5.196s] [ 97%] Built target mav_msgs__rosidl_typesupport_c__pyext
[5.290s] [100%] Built target mav_msgs__rosidl_typesupport_introspection_c__pyext
[5.325s] Invoked command in '/home/aimane/vnav23/labs/lab4/build/mav_msgs' returned '0': CMAKE_PREFIX_PATH=/home/aimane/mavros_ws/install/mavros_extras:/home/aimane/mavros_ws/install/mavros_examples:/home/aimane/mavros_ws/install/mavros:/home/aimane/mavros_ws/install/mavros_msgs:/home/aimane/mavros_ws/install/libmavconn:/home/aimane/vnav23/labs/lab4/install/trajectory_generation:/home/aimane/vnav23/labs/lab4/install/tesse_msgs:/home/aimane/vnav23/labs/lab4/install/planner_pkg:/home/aimane/vnav23/labs/lab4/install/tesse_ros_bridge:/opt/ros/humble:/home/aimane/vnav23/labs/lab4/install/mav_visualization:/home/aimane/vnav23/labs/lab4/install/mav_trajectory_generation:/home/aimane/vnav23/labs/lab4/install/mav_comm:/home/aimane/vnav23/labs/lab4/install/mav_system_msgs:/home/aimane/vnav23/labs/lab4/install/mav_state_machine_msgs:/home/aimane/vnav23/labs/lab4/install/mav_planning_msgs:/home/aimane/vnav23/labs/lab4/install/controller_pkg:/home/aimane/vnav23/labs/lab4/install/mav_msgs PS1=(lab4_venv) \[[01;32m\]\u@\h\[[00m\]:\[[01;34m\]\w\[[00m\]$ VIRTUAL_ENV_PROMPT=(lab4_venv) /usr/bin/cmake --build /home/aimane/vnav23/labs/lab4/build/mav_msgs -- -j8 -l8
[5.340s] Invoking command in '/home/aimane/vnav23/labs/lab4/build/mav_msgs': CMAKE_PREFIX_PATH=/home/aimane/mavros_ws/install/mavros_extras:/home/aimane/mavros_ws/install/mavros_examples:/home/aimane/mavros_ws/install/mavros:/home/aimane/mavros_ws/install/mavros_msgs:/home/aimane/mavros_ws/install/libmavconn:/home/aimane/vnav23/labs/lab4/install/trajectory_generation:/home/aimane/vnav23/labs/lab4/install/tesse_msgs:/home/aimane/vnav23/labs/lab4/install/planner_pkg:/home/aimane/vnav23/labs/lab4/install/tesse_ros_bridge:/opt/ros/humble:/home/aimane/vnav23/labs/lab4/install/mav_visualization:/home/aimane/vnav23/labs/lab4/install/mav_trajectory_generation:/home/aimane/vnav23/labs/lab4/install/mav_comm:/home/aimane/vnav23/labs/lab4/install/mav_system_msgs:/home/aimane/vnav23/labs/lab4/install/mav_state_machine_msgs:/home/aimane/vnav23/labs/lab4/install/mav_planning_msgs:/home/aimane/vnav23/labs/lab4/install/controller_pkg:/home/aimane/vnav23/labs/lab4/install/mav_msgs PS1=(lab4_venv) \[[01;32m\]\u@\h\[[00m\]:\[[01;34m\]\w\[[00m\]$ VIRTUAL_ENV_PROMPT=(lab4_venv) /usr/bin/cmake --install /home/aimane/vnav23/labs/lab4/build/mav_msgs
[5.363s] -- Install configuration: ""
[5.365s] -- Execute custom install script
[5.366s] -- Up-to-date symlink: /home/aimane/vnav23/labs/lab4/install/mav_msgs/share/ament_index/resource_index/rosidl_interfaces/mav_msgs
[5.372s] -- Up-to-date symlink: /home/aimane/vnav23/labs/lab4/install/mav_msgs/include/mav_msgs/mav_msgs/msg/actuators.h
[5.372s] -- Up-to-date symlink: /home/aimane/vnav23/labs/lab4/install/mav_msgs/include/mav_msgs/mav_msgs/msg/attitude_thrust.h
[5.372s] -- Up-to-date symlink: /home/aimane/vnav23/labs/lab4/install/mav_msgs/include/mav_msgs/mav_msgs/msg/detail/actuators__functions.h
[5.373s] -- Up-to-date symlink: /home/aimane/vnav23/labs/lab4/install/mav_msgs/include/mav_msgs/mav_msgs/msg/detail/actuators__struct.h
[5.373s] -- Up-to-date symlink: /home/aimane/vnav23/labs/lab4/install/mav_msgs/include/mav_msgs/mav_msgs/msg/detail/actuators__type_support.h
[5.373s] -- Up-to-date symlink: /home/aimane/vnav23/labs/lab4/install/mav_msgs/include/mav_msgs/mav_msgs/msg/detail/attitude_thrust__functions.h
[5.374s] -- Up-to-date symlink: /home/aimane/vnav23/labs/lab4/install/mav_msgs/include/mav_msgs/mav_msgs/msg/detail/attitude_thrust__struct.h
[5.374s] -- Up-to-date symlink: /home/aimane/vnav23/labs/lab4/install/mav_msgs/include/mav_msgs/mav_msgs/msg/detail/attitude_thrust__type_support.h
[5.376s] -- Up-to-date symlink: /home/aimane/vnav23/labs/lab4/install/mav_msgs/include/mav_msgs/mav_msgs/msg/detail/filtered_sensor_data__functions.h
[5.376s] -- Up-to-date symlink: /home/aimane/vnav23/labs/lab4/install/mav_msgs/include/mav_msgs/mav_msgs/msg/detail/filtered_sensor_data__struct.h
[5.377s] -- Up-to-date symlink: /home/aimane/vnav23/labs/lab4/install/mav_msgs/include/mav_msgs/mav_msgs/msg/detail/filtered_sensor_data__type_support.h
[5.377s] -- Up-to-date symlink: /home/aimane/vnav23/labs/lab4/install/mav_msgs/include/mav_msgs/mav_msgs/msg/detail/gps_waypoint__functions.h
[5.383s] -- Up-to-date symlink: /home/aimane/vnav23/labs/lab4/install/mav_msgs/include/mav_msgs/mav_msgs/msg/detail/gps_waypoint__struct.h
[5.383s] -- Up-to-date symlink: /home/aimane/vnav23/labs/lab4/install/mav_msgs/include/mav_msgs/mav_msgs/msg/detail/gps_waypoint__type_support.h
[5.383s] -- Up-to-date symlink: /home/aimane/vnav23/labs/lab4/install/mav_msgs/include/mav_msgs/mav_msgs/msg/detail/rate_thrust__functions.h
[5.383s] -- Up-to-date symlink: /home/aimane/vnav23/labs/lab4/install/mav_msgs/include/mav_msgs/mav_msgs/msg/detail/rate_thrust__struct.h
[5.384s] -- Up-to-date symlink: /home/aimane/vnav23/labs/lab4/install/mav_msgs/include/mav_msgs/mav_msgs/msg/detail/rate_thrust__type_support.h
[5.384s] -- Up-to-date symlink: /home/aimane/vnav23/labs/lab4/install/mav_msgs/include/mav_msgs/mav_msgs/msg/detail/roll_pitch_yawrate_thrust__functions.h
[5.384s] -- Up-to-date symlink: /home/aimane/vnav23/labs/lab4/install/mav_msgs/include/mav_msgs/mav_msgs/msg/detail/roll_pitch_yawrate_thrust__struct.h
[5.384s] -- Up-to-date symlink: /home/aimane/vnav23/labs/lab4/install/mav_msgs/include/mav_msgs/mav_msgs/msg/detail/roll_pitch_yawrate_thrust__type_support.h
[5.385s] -- Up-to-date symlink: /home/aimane/vnav23/labs/lab4/install/mav_msgs/include/mav_msgs/mav_msgs/msg/detail/status__functions.h
[5.385s] -- Up-to-date symlink: /home/aimane/vnav23/labs/lab4/install/mav_msgs/include/mav_msgs/mav_msgs/msg/detail/status__struct.h
[5.387s] -- Up-to-date symlink: /home/aimane/vnav23/labs/lab4/install/mav_msgs/include/mav_msgs/mav_msgs/msg/detail/status__type_support.h
[5.388s] -- Up-to-date symlink: /home/aimane/vnav23/labs/lab4/install/mav_msgs/include/mav_msgs/mav_msgs/msg/detail/torque_thrust__functions.h
[5.388s] -- Up-to-date symlink: /home/aimane/vnav23/labs/lab4/install/mav_msgs/include/mav_msgs/mav_msgs/msg/detail/torque_thrust__struct.h
[5.388s] -- Up-to-date symlink: /home/aimane/vnav23/labs/lab4/install/mav_msgs/include/mav_msgs/mav_msgs/msg/detail/torque_thrust__type_support.h
[5.389s] -- Up-to-date symlink: /home/aimane/vnav23/labs/lab4/install/mav_msgs/include/mav_msgs/mav_msgs/msg/filtered_sensor_data.h
[5.389s] -- Up-to-date symlink: /home/aimane/vnav23/labs/lab4/install/mav_msgs/include/mav_msgs/mav_msgs/msg/gps_waypoint.h
[5.389s] -- Up-to-date symlink: /home/aimane/vnav23/labs/lab4/install/mav_msgs/include/mav_msgs/mav_msgs/msg/rate_thrust.h
[5.390s] -- Up-to-date symlink: /home/aimane/vnav23/labs/lab4/install/mav_msgs/include/mav_msgs/mav_msgs/msg/roll_pitch_yawrate_thrust.h
[5.390s] -- Up-to-date symlink: /home/aimane/vnav23/labs/lab4/install/mav_msgs/include/mav_msgs/mav_msgs/msg/rosidl_generator_c__visibility_control.h
[5.390s] -- Up-to-date symlink: /home/aimane/vnav23/labs/lab4/install/mav_msgs/include/mav_msgs/mav_msgs/msg/status.h
[5.390s] -- Up-to-date symlink: /home/aimane/vnav23/labs/lab4/install/mav_msgs/include/mav_msgs/mav_msgs/msg/torque_thrust.h
[5.391s] -- Up-to-date symlink: /home/aimane/vnav23/labs/lab4/install/mav_msgs/share/mav_msgs/environment/library_path.sh
[5.391s] -- Up-to-date symlink: /home/aimane/vnav23/labs/lab4/install/mav_msgs/share/mav_msgs/environment/library_path.dsv
[5.391s] -- Up-to-date symlink: /home/aimane/vnav23/labs/lab4/install/mav_msgs/include/mav_msgs/mav_msgs/msg/detail/actuators__rosidl_typesupport_fastrtps_c.h
[5.391s] -- Up-to-date symlink: /home/aimane/vnav23/labs/lab4/install/mav_msgs/include/mav_msgs/mav_msgs/msg/detail/attitude_thrust__rosidl_typesupport_fastrtps_c.h
[5.392s] -- Up-to-date symlink: /home/aimane/vnav23/labs/lab4/install/mav_msgs/include/mav_msgs/mav_msgs/msg/detail/filtered_sensor_data__rosidl_typesupport_fastrtps_c.h
[5.392s] -- Up-to-date symlink: /home/aimane/vnav23/labs/lab4/install/mav_msgs/include/mav_msgs/mav_msgs/msg/detail/gps_waypoint__rosidl_typesupport_fastrtps_c.h
[5.392s] -- Up-to-date symlink: /home/aimane/vnav23/labs/lab4/install/mav_msgs/include/mav_msgs/mav_msgs/msg/detail/rate_thrust__rosidl_typesupport_fastrtps_c.h
[5.393s] -- Up-to-date symlink: /home/aimane/vnav23/labs/lab4/install/mav_msgs/include/mav_msgs/mav_msgs/msg/detail/roll_pitch_yawrate_thrust__rosidl_typesupport_fastrtps_c.h
[5.393s] -- Up-to-date symlink: /home/aimane/vnav23/labs/lab4/install/mav_msgs/include/mav_msgs/mav_msgs/msg/detail/status__rosidl_typesupport_fastrtps_c.h
[5.393s] -- Up-to-date symlink: /home/aimane/vnav23/labs/lab4/install/mav_msgs/include/mav_msgs/mav_msgs/msg/detail/torque_thrust__rosidl_typesupport_fastrtps_c.h
[5.394s] -- Up-to-date symlink: /home/aimane/vnav23/labs/lab4/install/mav_msgs/include/mav_msgs/mav_msgs/msg/rosidl_typesupport_fastrtps_c__visibility_control.h
[5.394s] -- Up-to-date symlink: /home/aimane/vnav23/labs/lab4/install/mav_msgs/include/mav_msgs/mav_msgs/msg/detail/actuators__rosidl_typesupport_introspection_c.h
[5.394s] -- Up-to-date symlink: /home/aimane/vnav23/labs/lab4/install/mav_msgs/include/mav_msgs/mav_msgs/msg/detail/attitude_thrust__rosidl_typesupport_introspection_c.h
[5.395s] -- Up-to-date symlink: /home/aimane/vnav23/labs/lab4/install/mav_msgs/include/mav_msgs/mav_msgs/msg/detail/filtered_sensor_data__rosidl_typesupport_introspection_c.h
[5.395s] -- Up-to-date symlink: /home/aimane/vnav23/labs/lab4/install/mav_msgs/include/mav_msgs/mav_msgs/msg/detail/gps_waypoint__rosidl_typesupport_introspection_c.h
[5.395s] -- Up-to-date symlink: /home/aimane/vnav23/labs/lab4/install/mav_msgs/include/mav_msgs/mav_msgs/msg/detail/rate_thrust__rosidl_typesupport_introspection_c.h
[5.395s] -- Up-to-date symlink: /home/aimane/vnav23/labs/lab4/install/mav_msgs/include/mav_msgs/mav_msgs/msg/detail/roll_pitch_yawrate_thrust__rosidl_typesupport_introspection_c.h
[5.396s] -- Up-to-date symlink: /home/aimane/vnav23/labs/lab4/install/mav_msgs/include/mav_msgs/mav_msgs/msg/detail/status__rosidl_typesupport_introspection_c.h
[5.396s] -- Up-to-date symlink: /home/aimane/vnav23/labs/lab4/install/mav_msgs/include/mav_msgs/mav_msgs/msg/detail/torque_thrust__rosidl_typesupport_introspection_c.h
[5.396s] -- Up-to-date symlink: /home/aimane/vnav23/labs/lab4/install/mav_msgs/include/mav_msgs/mav_msgs/msg/rosidl_typesupport_introspection_c__visibility_control.h
[5.397s] -- Up-to-date symlink: /home/aimane/vnav23/labs/lab4/install/mav_msgs/include/mav_msgs/mav_msgs/msg/actuators.hpp
[5.398s] -- Up-to-date symlink: /home/aimane/vnav23/labs/lab4/install/mav_msgs/include/mav_msgs/mav_msgs/msg/attitude_thrust.hpp
[5.399s] -- Up-to-date symlink: /home/aimane/vnav23/labs/lab4/install/mav_msgs/include/mav_msgs/mav_msgs/msg/detail/actuators__builder.hpp
[5.399s] -- Up-to-date symlink: /home/aimane/vnav23/labs/lab4/install/mav_msgs/include/mav_msgs/mav_msgs/msg/detail/actuators__struct.hpp
[5.399s] -- Up-to-date symlink: /home/aimane/vnav23/labs/lab4/install/mav_msgs/include/mav_msgs/mav_msgs/msg/detail/actuators__traits.hpp
[5.399s] -- Up-to-date symlink: /home/aimane/vnav23/labs/lab4/install/mav_msgs/include/mav_msgs/mav_msgs/msg/detail/actuators__type_support.hpp
[5.402s] -- Up-to-date symlink: /home/aimane/vnav23/labs/lab4/install/mav_msgs/include/mav_msgs/mav_msgs/msg/detail/attitude_thrust__builder.hpp
[5.403s] -- Up-to-date symlink: /home/aimane/vnav23/labs/lab4/install/mav_msgs/include/mav_msgs/mav_msgs/msg/detail/attitude_thrust__struct.hpp
[5.403s] -- Up-to-date symlink: /home/aimane/vnav23/labs/lab4/install/mav_msgs/include/mav_msgs/mav_msgs/msg/detail/attitude_thrust__traits.hpp
[5.403s] -- Up-to-date symlink: /home/aimane/vnav23/labs/lab4/install/mav_msgs/include/mav_msgs/mav_msgs/msg/detail/attitude_thrust__type_support.hpp
[5.403s] -- Up-to-date symlink: /home/aimane/vnav23/labs/lab4/install/mav_msgs/include/mav_msgs/mav_msgs/msg/detail/filtered_sensor_data__builder.hpp
[5.404s] -- Up-to-date symlink: /home/aimane/vnav23/labs/lab4/install/mav_msgs/include/mav_msgs/mav_msgs/msg/detail/filtered_sensor_data__struct.hpp
[5.404s] -- Up-to-date symlink: /home/aimane/vnav23/labs/lab4/install/mav_msgs/include/mav_msgs/mav_msgs/msg/detail/filtered_sensor_data__traits.hpp
[5.404s] -- Up-to-date symlink: /home/aimane/vnav23/labs/lab4/install/mav_msgs/include/mav_msgs/mav_msgs/msg/detail/filtered_sensor_data__type_support.hpp
[5.404s] -- Up-to-date symlink: /home/aimane/vnav23/labs/lab4/install/mav_msgs/include/mav_msgs/mav_msgs/msg/detail/gps_waypoint__builder.hpp
[5.406s] -- Up-to-date symlink: /home/aimane/vnav23/labs/lab4/install/mav_msgs/include/mav_msgs/mav_msgs/msg/detail/gps_waypoint__struct.hpp
[5.406s] -- Up-to-date symlink: /home/aimane/vnav23/labs/lab4/install/mav_msgs/include/mav_msgs/mav_msgs/msg/detail/gps_waypoint__traits.hpp
[5.406s] -- Up-to-date symlink: /home/aimane/vnav23/labs/lab4/install/mav_msgs/include/mav_msgs/mav_msgs/msg/detail/gps_waypoint__type_support.hpp
[5.407s] -- Up-to-date symlink: /home/aimane/vnav23/labs/lab4/install/mav_msgs/include/mav_msgs/mav_msgs/msg/detail/rate_thrust__builder.hpp
[5.407s] -- Up-to-date symlink: /home/aimane/vnav23/labs/lab4/install/mav_msgs/include/mav_msgs/mav_msgs/msg/detail/rate_thrust__struct.hpp
[5.407s] -- Up-to-date symlink: /home/aimane/vnav23/labs/lab4/install/mav_msgs/include/mav_msgs/mav_msgs/msg/detail/rate_thrust__traits.hpp
[5.408s] -- Up-to-date symlink: /home/aimane/vnav23/labs/lab4/install/mav_msgs/include/mav_msgs/mav_msgs/msg/detail/rate_thrust__type_support.hpp
[5.408s] -- Up-to-date symlink: /home/aimane/vnav23/labs/lab4/install/mav_msgs/include/mav_msgs/mav_msgs/msg/detail/roll_pitch_yawrate_thrust__builder.hpp
[5.408s] -- Up-to-date symlink: /home/aimane/vnav23/labs/lab4/install/mav_msgs/include/mav_msgs/mav_msgs/msg/detail/roll_pitch_yawrate_thrust__struct.hpp
[5.408s] -- Up-to-date symlink: /home/aimane/vnav23/labs/lab4/install/mav_msgs/include/mav_msgs/mav_msgs/msg/detail/roll_pitch_yawrate_thrust__traits.hpp
[5.409s] -- Up-to-date symlink: /home/aimane/vnav23/labs/lab4/install/mav_msgs/include/mav_msgs/mav_msgs/msg/detail/roll_pitch_yawrate_thrust__type_support.hpp
[5.409s] -- Up-to-date symlink: /home/aimane/vnav23/labs/lab4/install/mav_msgs/include/mav_msgs/mav_msgs/msg/detail/status__builder.hpp
[5.409s] -- Up-to-date symlink: /home/aimane/vnav23/labs/lab4/install/mav_msgs/include/mav_msgs/mav_msgs/msg/detail/status__struct.hpp
[5.409s] -- Up-to-date symlink: /home/aimane/vnav23/labs/lab4/install/mav_msgs/include/mav_msgs/mav_msgs/msg/detail/status__traits.hpp
[5.418s] -- Up-to-date symlink: /home/aimane/vnav23/labs/lab4/install/mav_msgs/include/mav_msgs/mav_msgs/msg/detail/status__type_support.hpp
[5.419s] -- Up-to-date symlink: /home/aimane/vnav23/labs/lab4/install/mav_msgs/include/mav_msgs/mav_msgs/msg/detail/torque_thrust__builder.hpp
[5.419s] -- Up-to-date symlink: /home/aimane/vnav23/labs/lab4/install/mav_msgs/include/mav_msgs/mav_msgs/msg/detail/torque_thrust__struct.hpp
[5.419s] -- Up-to-date symlink: /home/aimane/vnav23/labs/lab4/install/mav_msgs/include/mav_msgs/mav_msgs/msg/detail/torque_thrust__traits.hpp
[5.419s] -- Up-to-date symlink: /home/aimane/vnav23/labs/lab4/install/mav_msgs/include/mav_msgs/mav_msgs/msg/detail/torque_thrust__type_support.hpp
[5.420s] -- Up-to-date symlink: /home/aimane/vnav23/labs/lab4/install/mav_msgs/include/mav_msgs/mav_msgs/msg/filtered_sensor_data.hpp
[5.420s] -- Up-to-date symlink: /home/aimane/vnav23/labs/lab4/install/mav_msgs/include/mav_msgs/mav_msgs/msg/gps_waypoint.hpp
[5.421s] -- Up-to-date symlink: /home/aimane/vnav23/labs/lab4/install/mav_msgs/include/mav_msgs/mav_msgs/msg/rate_thrust.hpp
[5.421s] -- Up-to-date symlink: /home/aimane/vnav23/labs/lab4/install/mav_msgs/include/mav_msgs/mav_msgs/msg/roll_pitch_yawrate_thrust.hpp
[5.421s] -- Up-to-date symlink: /home/aimane/vnav23/labs/lab4/install/mav_msgs/include/mav_msgs/mav_msgs/msg/rosidl_generator_cpp__visibility_control.hpp
[5.421s] -- Up-to-date symlink: /home/aimane/vnav23/labs/lab4/install/mav_msgs/include/mav_msgs/mav_msgs/msg/status.hpp
[5.422s] -- Up-to-date symlink: /home/aimane/vnav23/labs/lab4/install/mav_msgs/include/mav_msgs/mav_msgs/msg/torque_thrust.hpp
[5.422s] -- Up-to-date symlink: /home/aimane/vnav23/labs/lab4/install/mav_msgs/include/mav_msgs/mav_msgs/msg/detail/actuators__rosidl_typesupport_fastrtps_cpp.hpp
[5.423s] -- Up-to-date symlink: /home/aimane/vnav23/labs/lab4/install/mav_msgs/include/mav_msgs/mav_msgs/msg/detail/attitude_thrust__rosidl_typesupport_fastrtps_cpp.hpp
[5.423s] -- Up-to-date symlink: /home/aimane/vnav23/labs/lab4/install/mav_msgs/include/mav_msgs/mav_msgs/msg/detail/filtered_sensor_data__rosidl_typesupport_fastrtps_cpp.hpp
[5.423s] -- Up-to-date symlink: /home/aimane/vnav23/labs/lab4/install/mav_msgs/include/mav_msgs/mav_msgs/msg/detail/gps_waypoint__rosidl_typesupport_fastrtps_cpp.hpp
[5.423s] -- Up-to-date symlink: /home/aimane/vnav23/labs/lab4/install/mav_msgs/include/mav_msgs/mav_msgs/msg/detail/rate_thrust__rosidl_typesupport_fastrtps_cpp.hpp
[5.424s] -- Up-to-date symlink: /home/aimane/vnav23/labs/lab4/install/mav_msgs/include/mav_msgs/mav_msgs/msg/detail/roll_pitch_yawrate_thrust__rosidl_typesupport_fastrtps_cpp.hpp
[5.424s] -- Up-to-date symlink: /home/aimane/vnav23/labs/lab4/install/mav_msgs/include/mav_msgs/mav_msgs/msg/detail/status__rosidl_typesupport_fastrtps_cpp.hpp
[5.424s] -- Up-to-date symlink: /home/aimane/vnav23/labs/lab4/install/mav_msgs/include/mav_msgs/mav_msgs/msg/detail/torque_thrust__rosidl_typesupport_fastrtps_cpp.hpp
[5.425s] -- Up-to-date symlink: /home/aimane/vnav23/labs/lab4/install/mav_msgs/include/mav_msgs/mav_msgs/msg/rosidl_typesupport_fastrtps_cpp__visibility_control.h
[5.425s] -- Up-to-date symlink: /home/aimane/vnav23/labs/lab4/install/mav_msgs/include/mav_msgs/mav_msgs/msg/detail/actuators__rosidl_typesupport_introspection_cpp.hpp
[5.425s] -- Up-to-date symlink: /home/aimane/vnav23/labs/lab4/install/mav_msgs/include/mav_msgs/mav_msgs/msg/detail/attitude_thrust__rosidl_typesupport_introspection_cpp.hpp
[5.426s] -- Up-to-date symlink: /home/aimane/vnav23/labs/lab4/install/mav_msgs/include/mav_msgs/mav_msgs/msg/detail/filtered_sensor_data__rosidl_typesupport_introspection_cpp.hpp
[5.427s] -- Up-to-date symlink: /home/aimane/vnav23/labs/lab4/install/mav_msgs/include/mav_msgs/mav_msgs/msg/detail/gps_waypoint__rosidl_typesupport_introspection_cpp.hpp
[5.427s] -- Up-to-date symlink: /home/aimane/vnav23/labs/lab4/install/mav_msgs/include/mav_msgs/mav_msgs/msg/detail/rate_thrust__rosidl_typesupport_introspection_cpp.hpp
[5.428s] -- Up-to-date symlink: /home/aimane/vnav23/labs/lab4/install/mav_msgs/include/mav_msgs/mav_msgs/msg/detail/roll_pitch_yawrate_thrust__rosidl_typesupport_introspection_cpp.hpp
[5.428s] -- Up-to-date symlink: /home/aimane/vnav23/labs/lab4/install/mav_msgs/include/mav_msgs/mav_msgs/msg/detail/status__rosidl_typesupport_introspection_cpp.hpp
[5.429s] -- Up-to-date symlink: /home/aimane/vnav23/labs/lab4/install/mav_msgs/include/mav_msgs/mav_msgs/msg/detail/torque_thrust__rosidl_typesupport_introspection_cpp.hpp
[5.429s] -- Up-to-date symlink: /home/aimane/vnav23/labs/lab4/install/mav_msgs/share/mav_msgs/environment/pythonpath.sh
[5.430s] -- Up-to-date symlink: /home/aimane/vnav23/labs/lab4/install/mav_msgs/share/mav_msgs/environment/pythonpath.dsv
[5.430s] -- Up-to-date symlink: /home/aimane/vnav23/labs/lab4/install/mav_msgs/local/lib/python3.10/dist-packages/mav_msgs-3.3.3-py3.10.egg-info/PKG-INFO
[5.430s] -- Up-to-date symlink: /home/aimane/vnav23/labs/lab4/install/mav_msgs/local/lib/python3.10/dist-packages/mav_msgs-3.3.3-py3.10.egg-info/SOURCES.txt
[5.430s] -- Up-to-date symlink: /home/aimane/vnav23/labs/lab4/install/mav_msgs/local/lib/python3.10/dist-packages/mav_msgs-3.3.3-py3.10.egg-info/dependency_links.txt
[5.431s] -- Up-to-date symlink: /home/aimane/vnav23/labs/lab4/install/mav_msgs/local/lib/python3.10/dist-packages/mav_msgs-3.3.3-py3.10.egg-info/top_level.txt
[5.432s] -- Up-to-date symlink: /home/aimane/vnav23/labs/lab4/install/mav_msgs/local/lib/python3.10/dist-packages/mav_msgs/__init__.py
[5.433s] -- Up-to-date symlink: /home/aimane/vnav23/labs/lab4/install/mav_msgs/local/lib/python3.10/dist-packages/mav_msgs/_mav_msgs_s.ep.rosidl_typesupport_c.c
[5.433s] -- Up-to-date symlink: /home/aimane/vnav23/labs/lab4/install/mav_msgs/local/lib/python3.10/dist-packages/mav_msgs/_mav_msgs_s.ep.rosidl_typesupport_fastrtps_c.c
[5.434s] -- Up-to-date symlink: /home/aimane/vnav23/labs/lab4/install/mav_msgs/local/lib/python3.10/dist-packages/mav_msgs/_mav_msgs_s.ep.rosidl_typesupport_introspection_c.c
[5.435s] -- Up-to-date symlink: /home/aimane/vnav23/labs/lab4/install/mav_msgs/local/lib/python3.10/dist-packages/mav_msgs/libmav_msgs__rosidl_generator_py.so
[5.436s] -- Up-to-date symlink: /home/aimane/vnav23/labs/lab4/install/mav_msgs/local/lib/python3.10/dist-packages/mav_msgs/mav_msgs_s__rosidl_typesupport_c.cpython-310-x86_64-linux-gnu.so
[5.436s] -- Up-to-date symlink: /home/aimane/vnav23/labs/lab4/install/mav_msgs/local/lib/python3.10/dist-packages/mav_msgs/mav_msgs_s__rosidl_typesupport_fastrtps_c.cpython-310-x86_64-linux-gnu.so
[5.437s] -- Up-to-date symlink: /home/aimane/vnav23/labs/lab4/install/mav_msgs/local/lib/python3.10/dist-packages/mav_msgs/mav_msgs_s__rosidl_typesupport_introspection_c.cpython-310-x86_64-linux-gnu.so
[5.438s] -- Up-to-date symlink: /home/aimane/vnav23/labs/lab4/install/mav_msgs/local/lib/python3.10/dist-packages/mav_msgs/msg/__init__.py
[5.438s] -- Up-to-date symlink: /home/aimane/vnav23/labs/lab4/install/mav_msgs/local/lib/python3.10/dist-packages/mav_msgs/msg/_actuators.py
[5.439s] -- Up-to-date symlink: /home/aimane/vnav23/labs/lab4/install/mav_msgs/local/lib/python3.10/dist-packages/mav_msgs/msg/_actuators_s.c
[5.440s] -- Up-to-date symlink: /home/aimane/vnav23/labs/lab4/install/mav_msgs/local/lib/python3.10/dist-packages/mav_msgs/msg/_attitude_thrust.py
[5.443s] -- Up-to-date symlink: /home/aimane/vnav23/labs/lab4/install/mav_msgs/local/lib/python3.10/dist-packages/mav_msgs/msg/_attitude_thrust_s.c
[5.443s] -- Up-to-date symlink: /home/aimane/vnav23/labs/lab4/install/mav_msgs/local/lib/python3.10/dist-packages/mav_msgs/msg/_filtered_sensor_data.py
[5.444s] -- Up-to-date symlink: /home/aimane/vnav23/labs/lab4/install/mav_msgs/local/lib/python3.10/dist-packages/mav_msgs/msg/_filtered_sensor_data_s.c
[5.444s] -- Up-to-date symlink: /home/aimane/vnav23/labs/lab4/install/mav_msgs/local/lib/python3.10/dist-packages/mav_msgs/msg/_gps_waypoint.py
[5.444s] -- Up-to-date symlink: /home/aimane/vnav23/labs/lab4/install/mav_msgs/local/lib/python3.10/dist-packages/mav_msgs/msg/_gps_waypoint_s.c
[5.445s] -- Up-to-date symlink: /home/aimane/vnav23/labs/lab4/install/mav_msgs/local/lib/python3.10/dist-packages/mav_msgs/msg/_rate_thrust.py
[5.445s] -- Up-to-date symlink: /home/aimane/vnav23/labs/lab4/install/mav_msgs/local/lib/python3.10/dist-packages/mav_msgs/msg/_rate_thrust_s.c
[5.446s] -- Up-to-date symlink: /home/aimane/vnav23/labs/lab4/install/mav_msgs/local/lib/python3.10/dist-packages/mav_msgs/msg/_roll_pitch_yawrate_thrust.py
[5.447s] -- Up-to-date symlink: /home/aimane/vnav23/labs/lab4/install/mav_msgs/local/lib/python3.10/dist-packages/mav_msgs/msg/_roll_pitch_yawrate_thrust_s.c
[5.448s] -- Up-to-date symlink: /home/aimane/vnav23/labs/lab4/install/mav_msgs/local/lib/python3.10/dist-packages/mav_msgs/msg/_status.py
[5.449s] -- Up-to-date symlink: /home/aimane/vnav23/labs/lab4/install/mav_msgs/local/lib/python3.10/dist-packages/mav_msgs/msg/_status_s.c
[5.450s] -- Up-to-date symlink: /home/aimane/vnav23/labs/lab4/install/mav_msgs/local/lib/python3.10/dist-packages/mav_msgs/msg/_torque_thrust.py
[5.451s] -- Up-to-date symlink: /home/aimane/vnav23/labs/lab4/install/mav_msgs/local/lib/python3.10/dist-packages/mav_msgs/msg/_torque_thrust_s.c
[5.452s] -- Up-to-date symlink: /home/aimane/vnav23/labs/lab4/install/mav_msgs/local/lib/python3.10/dist-packages/mav_msgs/mav_msgs_s__rosidl_typesupport_fastrtps_c.cpython-310-x86_64-linux-gnu.so
[5.454s] -- Up-to-date symlink: /home/aimane/vnav23/labs/lab4/install/mav_msgs/local/lib/python3.10/dist-packages/mav_msgs/mav_msgs_s__rosidl_typesupport_introspection_c.cpython-310-x86_64-linux-gnu.so
[5.455s] -- Up-to-date symlink: /home/aimane/vnav23/labs/lab4/install/mav_msgs/local/lib/python3.10/dist-packages/mav_msgs/mav_msgs_s__rosidl_typesupport_c.cpython-310-x86_64-linux-gnu.so
[5.456s] -- Up-to-date symlink: /home/aimane/vnav23/labs/lab4/install/mav_msgs/share/mav_msgs/msg/Actuators.idl
[5.457s] -- Up-to-date symlink: /home/aimane/vnav23/labs/lab4/install/mav_msgs/share/mav_msgs/msg/AttitudeThrust.idl
[5.458s] -- Up-to-date symlink: /home/aimane/vnav23/labs/lab4/install/mav_msgs/share/mav_msgs/msg/FilteredSensorData.idl
[5.458s] -- Up-to-date symlink: /home/aimane/vnav23/labs/lab4/install/mav_msgs/share/mav_msgs/msg/GpsWaypoint.idl
[5.459s] -- Up-to-date symlink: /home/aimane/vnav23/labs/lab4/install/mav_msgs/share/mav_msgs/msg/RateThrust.idl
[5.460s] -- Up-to-date symlink: /home/aimane/vnav23/labs/lab4/install/mav_msgs/share/mav_msgs/msg/RollPitchYawrateThrust.idl
[5.461s] -- Up-to-date symlink: /home/aimane/vnav23/labs/lab4/install/mav_msgs/share/mav_msgs/msg/Status.idl
[5.462s] -- Up-to-date symlink: /home/aimane/vnav23/labs/lab4/install/mav_msgs/share/mav_msgs/msg/TorqueThrust.idl
[5.463s] -- Up-to-date symlink: /home/aimane/vnav23/labs/lab4/install/mav_msgs/share/mav_msgs/msg/Actuators.msg
[5.464s] -- Up-to-date symlink: /home/aimane/vnav23/labs/lab4/install/mav_msgs/share/mav_msgs/msg/AttitudeThrust.msg
[5.464s] -- Up-to-date symlink: /home/aimane/vnav23/labs/lab4/install/mav_msgs/share/mav_msgs/msg/FilteredSensorData.msg
[5.465s] -- Up-to-date symlink: /home/aimane/vnav23/labs/lab4/install/mav_msgs/share/mav_msgs/msg/GpsWaypoint.msg
[5.466s] -- Up-to-date symlink: /home/aimane/vnav23/labs/lab4/install/mav_msgs/share/mav_msgs/msg/RateThrust.msg
[5.467s] -- Up-to-date symlink: /home/aimane/vnav23/labs/lab4/install/mav_msgs/share/mav_msgs/msg/RollPitchYawrateThrust.msg
[5.468s] -- Up-to-date symlink: /home/aimane/vnav23/labs/lab4/install/mav_msgs/share/mav_msgs/msg/Status.msg
[5.470s] -- Up-to-date symlink: /home/aimane/vnav23/labs/lab4/install/mav_msgs/share/mav_msgs/msg/TorqueThrust.msg
[5.470s] -- Up-to-date symlink: /home/aimane/vnav23/labs/lab4/install/mav_msgs/share/ament_index/resource_index/package_run_dependencies/mav_msgs
[5.471s] -- Up-to-date symlink: /home/aimane/vnav23/labs/lab4/install/mav_msgs/share/ament_index/resource_index/parent_prefix_path/mav_msgs
[5.472s] -- Up-to-date symlink: /home/aimane/vnav23/labs/lab4/install/mav_msgs/share/mav_msgs/environment/ament_prefix_path.sh
[5.473s] -- Up-to-date symlink: /home/aimane/vnav23/labs/lab4/install/mav_msgs/share/mav_msgs/environment/ament_prefix_path.dsv
[5.475s] -- Up-to-date symlink: /home/aimane/vnav23/labs/lab4/install/mav_msgs/share/mav_msgs/environment/path.sh
[5.475s] -- Up-to-date symlink: /home/aimane/vnav23/labs/lab4/install/mav_msgs/share/mav_msgs/environment/path.dsv
[5.476s] -- Up-to-date symlink: /home/aimane/vnav23/labs/lab4/install/mav_msgs/share/mav_msgs/local_setup.bash
[5.477s] -- Up-to-date symlink: /home/aimane/vnav23/labs/lab4/install/mav_msgs/share/mav_msgs/local_setup.sh
[5.478s] -- Up-to-date symlink: /home/aimane/vnav23/labs/lab4/install/mav_msgs/share/mav_msgs/local_setup.zsh
[5.479s] -- Up-to-date symlink: /home/aimane/vnav23/labs/lab4/install/mav_msgs/share/mav_msgs/local_setup.dsv
[5.480s] -- Symlinking: /home/aimane/vnav23/labs/lab4/install/mav_msgs/share/mav_msgs/package.dsv
[5.509s] -- Up-to-date symlink: /home/aimane/vnav23/labs/lab4/install/mav_msgs/share/ament_index/resource_index/packages/mav_msgs
[5.511s] -- Up-to-date symlink: /home/aimane/vnav23/labs/lab4/install/mav_msgs/share/mav_msgs/cmake/rosidl_cmake-extras.cmake
[5.511s] -- Up-to-date symlink: /home/aimane/vnav23/labs/lab4/install/mav_msgs/share/mav_msgs/cmake/ament_cmake_export_dependencies-extras.cmake
[5.513s] -- Up-to-date symlink: /home/aimane/vnav23/labs/lab4/install/mav_msgs/share/mav_msgs/cmake/ament_cmake_export_include_directories-extras.cmake
[5.513s] -- Up-to-date symlink: /home/aimane/vnav23/labs/lab4/install/mav_msgs/share/mav_msgs/cmake/ament_cmake_export_libraries-extras.cmake
[5.514s] -- Up-to-date symlink: /home/aimane/vnav23/labs/lab4/install/mav_msgs/share/mav_msgs/cmake/ament_cmake_export_targets-extras.cmake
[5.514s] -- Up-to-date symlink: /home/aimane/vnav23/labs/lab4/install/mav_msgs/share/mav_msgs/cmake/rosidl_cmake_export_typesupport_targets-extras.cmake
[5.515s] -- Up-to-date symlink: /home/aimane/vnav23/labs/lab4/install/mav_msgs/share/mav_msgs/cmake/rosidl_cmake_export_typesupport_libraries-extras.cmake
[5.517s] -- Up-to-date symlink: /home/aimane/vnav23/labs/lab4/install/mav_msgs/share/mav_msgs/cmake/mav_msgsConfig.cmake
[5.519s] -- Up-to-date symlink: /home/aimane/vnav23/labs/lab4/install/mav_msgs/share/mav_msgs/cmake/mav_msgsConfig-version.cmake
[5.521s] -- Up-to-date symlink: /home/aimane/vnav23/labs/lab4/install/mav_msgs/share/mav_msgs/package.xml
[5.521s] -- Up-to-date: /home/aimane/vnav23/labs/lab4/install/mav_msgs/lib/libmav_msgs__rosidl_generator_c.so
[5.522s] -- Up-to-date: /home/aimane/vnav23/labs/lab4/install/mav_msgs/lib/libmav_msgs__rosidl_typesupport_fastrtps_c.so
[5.522s] -- Up-to-date: /home/aimane/vnav23/labs/lab4/install/mav_msgs/lib/libmav_msgs__rosidl_typesupport_introspection_c.so
[5.523s] -- Up-to-date: /home/aimane/vnav23/labs/lab4/install/mav_msgs/lib/libmav_msgs__rosidl_typesupport_c.so
[5.523s] -- Up-to-date: /home/aimane/vnav23/labs/lab4/install/mav_msgs/lib/libmav_msgs__rosidl_typesupport_fastrtps_cpp.so
[5.524s] -- Up-to-date: /home/aimane/vnav23/labs/lab4/install/mav_msgs/lib/libmav_msgs__rosidl_typesupport_introspection_cpp.so
[5.524s] -- Up-to-date: /home/aimane/vnav23/labs/lab4/install/mav_msgs/lib/libmav_msgs__rosidl_typesupport_cpp.so
[5.629s] Listing '/home/aimane/vnav23/labs/lab4/install/mav_msgs/local/lib/python3.10/dist-packages/mav_msgs'...
[5.630s] Listing '/home/aimane/vnav23/labs/lab4/install/mav_msgs/local/lib/python3.10/dist-packages/mav_msgs/msg'...
[5.644s] -- Up-to-date: /home/aimane/vnav23/labs/lab4/install/mav_msgs/lib/libmav_msgs__rosidl_generator_py.so
[5.649s] -- Up-to-date: /home/aimane/vnav23/labs/lab4/install/mav_msgs/include/mav_msgs
[5.650s] -- Up-to-date: /home/aimane/vnav23/labs/lab4/install/mav_msgs/include/mav_msgs/default_topics.hpp
[5.650s] -- Up-to-date: /home/aimane/vnav23/labs/lab4/install/mav_msgs/include/mav_msgs/conversions.hpp
[5.650s] -- Up-to-date: /home/aimane/vnav23/labs/lab4/install/mav_msgs/include/mav_msgs/common.hpp
[5.650s] -- Up-to-date: /home/aimane/vnav23/labs/lab4/install/mav_msgs/include/mav_msgs/default_values.hpp
[5.650s] -- Up-to-date: /home/aimane/vnav23/labs/lab4/install/mav_msgs/include/mav_msgs/eigen_mav_msgs.hpp
[5.683s] -- Up-to-date: /home/aimane/vnav23/labs/lab4/install/mav_msgs/share/mav_msgs/cmake/export_mav_msgs__rosidl_generator_cExport.cmake
[5.684s] -- Up-to-date: /home/aimane/vnav23/labs/lab4/install/mav_msgs/share/mav_msgs/cmake/export_mav_msgs__rosidl_generator_cExport-noconfig.cmake
[5.685s] -- Up-to-date: /home/aimane/vnav23/labs/lab4/install/mav_msgs/share/mav_msgs/cmake/export_mav_msgs__rosidl_typesupport_fastrtps_cExport.cmake
[5.686s] -- Up-to-date: /home/aimane/vnav23/labs/lab4/install/mav_msgs/share/mav_msgs/cmake/export_mav_msgs__rosidl_typesupport_fastrtps_cExport-noconfig.cmake
[5.723s] -- Up-to-date: /home/aimane/vnav23/labs/lab4/install/mav_msgs/share/mav_msgs/cmake/mav_msgs__rosidl_typesupport_introspection_cExport.cmake
[5.723s] -- Up-to-date: /home/aimane/vnav23/labs/lab4/install/mav_msgs/share/mav_msgs/cmake/mav_msgs__rosidl_typesupport_introspection_cExport-noconfig.cmake
[5.724s] -- Up-to-date: /home/aimane/vnav23/labs/lab4/install/mav_msgs/share/mav_msgs/cmake/mav_msgs__rosidl_typesupport_cExport.cmake
[5.726s] -- Up-to-date: /home/aimane/vnav23/labs/lab4/install/mav_msgs/share/mav_msgs/cmake/mav_msgs__rosidl_typesupport_cExport-noconfig.cmake
[5.726s] -- Up-to-date: /home/aimane/vnav23/labs/lab4/install/mav_msgs/share/mav_msgs/cmake/export_mav_msgs__rosidl_generator_cppExport.cmake
[5.727s] -- Up-to-date: /home/aimane/vnav23/labs/lab4/install/mav_msgs/share/mav_msgs/cmake/export_mav_msgs__rosidl_typesupport_fastrtps_cppExport.cmake
[5.727s] -- Up-to-date: /home/aimane/vnav23/labs/lab4/install/mav_msgs/share/mav_msgs/cmake/export_mav_msgs__rosidl_typesupport_fastrtps_cppExport-noconfig.cmake
[5.729s] -- Up-to-date: /home/aimane/vnav23/labs/lab4/install/mav_msgs/share/mav_msgs/cmake/mav_msgs__rosidl_typesupport_introspection_cppExport.cmake
[5.729s] -- Up-to-date: /home/aimane/vnav23/labs/lab4/install/mav_msgs/share/mav_msgs/cmake/mav_msgs__rosidl_typesupport_introspection_cppExport-noconfig.cmake
[5.731s] -- Up-to-date: /home/aimane/vnav23/labs/lab4/install/mav_msgs/share/mav_msgs/cmake/mav_msgs__rosidl_typesupport_cppExport.cmake
[5.731s] -- Up-to-date: /home/aimane/vnav23/labs/lab4/install/mav_msgs/share/mav_msgs/cmake/mav_msgs__rosidl_typesupport_cppExport-noconfig.cmake
[5.733s] -- Up-to-date: /home/aimane/vnav23/labs/lab4/install/mav_msgs/share/mav_msgs/cmake/export_mav_msgs__rosidl_generator_pyExport.cmake
[5.734s] -- Up-to-date: /home/aimane/vnav23/labs/lab4/install/mav_msgs/share/mav_msgs/cmake/export_mav_msgs__rosidl_generator_pyExport-noconfig.cmake
[5.734s] -- Up-to-date: /home/aimane/vnav23/labs/lab4/install/mav_msgs/share/mav_msgs/cmake/mav_msgsTargetsExport.cmake
[5.748s] Invoked command in '/home/aimane/vnav23/labs/lab4/build/mav_msgs' returned '0': CMAKE_PREFIX_PATH=/home/aimane/mavros_ws/install/mavros_extras:/home/aimane/mavros_ws/install/mavros_examples:/home/aimane/mavros_ws/install/mavros:/home/aimane/mavros_ws/install/mavros_msgs:/home/aimane/mavros_ws/install/libmavconn:/home/aimane/vnav23/labs/lab4/install/trajectory_generation:/home/aimane/vnav23/labs/lab4/install/tesse_msgs:/home/aimane/vnav23/labs/lab4/install/planner_pkg:/home/aimane/vnav23/labs/lab4/install/tesse_ros_bridge:/opt/ros/humble:/home/aimane/vnav23/labs/lab4/install/mav_visualization:/home/aimane/vnav23/labs/lab4/install/mav_trajectory_generation:/home/aimane/vnav23/labs/lab4/install/mav_comm:/home/aimane/vnav23/labs/lab4/install/mav_system_msgs:/home/aimane/vnav23/labs/lab4/install/mav_state_machine_msgs:/home/aimane/vnav23/labs/lab4/install/mav_planning_msgs:/home/aimane/vnav23/labs/lab4/install/controller_pkg:/home/aimane/vnav23/labs/lab4/install/mav_msgs PS1=(lab4_venv) \[[01;32m\]\u@\h\[[00m\]:\[[01;34m\]\w\[[00m\]$ VIRTUAL_ENV_PROMPT=(lab4_venv) /usr/bin/cmake --install /home/aimane/vnav23/labs/lab4/build/mav_msgs
