[0.060s] Invoking command in '/home/aimane/vnav23/labs/lab4/build/planner_pkg': CMAKE_PREFIX_PATH=/home/aimane/vnav23/labs/lab4/install/mav_msgs:/home/aimane/vnav23/labs/lab4/install/trajectory_generation:/home/aimane/vnav23/labs/lab4/install/tesse_msgs:/home/aimane/vnav23/labs/lab4/install/planner_pkg:/home/aimane/vnav23/labs/lab4/install/tesse_ros_bridge:/opt/ros/humble:/home/aimane/vnav23/labs/lab4/install/mav_visualization:/home/aimane/vnav23/labs/lab4/install/mav_trajectory_generation:/home/aimane/vnav23/labs/lab4/install/mav_comm:/home/aimane/vnav23/labs/lab4/install/mav_system_msgs:/home/aimane/vnav23/labs/lab4/install/mav_state_machine_msgs:/home/aimane/vnav23/labs/lab4/install/mav_planning_msgs:/home/aimane/vnav23/labs/lab4/install/controller_pkg LD_LIBRARY_PATH=/home/aimane/vnav23/labs/lab4/install/mav_msgs/lib:/home/aimane/vnav23/labs/lab4/install/tesse_msgs/lib:/home/aimane/vnav23/labs/lab4/install/mav_trajectory_generation/lib:/home/aimane/vnav23/labs/lab4/install/mav_system_msgs/lib:/home/aimane/vnav23/labs/lab4/install/mav_state_machine_msgs/lib:/home/aimane/vnav23/labs/lab4/install/mav_planning_msgs/lib:/opt/ros/humble/opt/rviz_ogre_vendor/lib:/opt/ros/humble/lib/x86_64-linux-gnu:/opt/ros/humble/lib /usr/bin/cmake --build /home/aimane/vnav23/labs/lab4/build/planner_pkg -- -j8 -l8
[0.191s] [ 50%] Built target traj_vertices_publisher
[0.196s] [100%] Built target simple_traj_planner
[0.231s] Invoked command in '/home/aimane/vnav23/labs/lab4/build/planner_pkg' returned '0': CMAKE_PREFIX_PATH=/home/aimane/vnav23/labs/lab4/install/mav_msgs:/home/aimane/vnav23/labs/lab4/install/trajectory_generation:/home/aimane/vnav23/labs/lab4/install/tesse_msgs:/home/aimane/vnav23/labs/lab4/install/planner_pkg:/home/aimane/vnav23/labs/lab4/install/tesse_ros_bridge:/opt/ros/humble:/home/aimane/vnav23/labs/lab4/install/mav_visualization:/home/aimane/vnav23/labs/lab4/install/mav_trajectory_generation:/home/aimane/vnav23/labs/lab4/install/mav_comm:/home/aimane/vnav23/labs/lab4/install/mav_system_msgs:/home/aimane/vnav23/labs/lab4/install/mav_state_machine_msgs:/home/aimane/vnav23/labs/lab4/install/mav_planning_msgs:/home/aimane/vnav23/labs/lab4/install/controller_pkg LD_LIBRARY_PATH=/home/aimane/vnav23/labs/lab4/install/mav_msgs/lib:/home/aimane/vnav23/labs/lab4/install/tesse_msgs/lib:/home/aimane/vnav23/labs/lab4/install/mav_trajectory_generation/lib:/home/aimane/vnav23/labs/lab4/install/mav_system_msgs/lib:/home/aimane/vnav23/labs/lab4/install/mav_state_machine_msgs/lib:/home/aimane/vnav23/labs/lab4/install/mav_planning_msgs/lib:/opt/ros/humble/opt/rviz_ogre_vendor/lib:/opt/ros/humble/lib/x86_64-linux-gnu:/opt/ros/humble/lib /usr/bin/cmake --build /home/aimane/vnav23/labs/lab4/build/planner_pkg -- -j8 -l8
[0.233s] Invoking command in '/home/aimane/vnav23/labs/lab4/build/planner_pkg': CMAKE_PREFIX_PATH=/home/aimane/vnav23/labs/lab4/install/mav_msgs:/home/aimane/vnav23/labs/lab4/install/trajectory_generation:/home/aimane/vnav23/labs/lab4/install/tesse_msgs:/home/aimane/vnav23/labs/lab4/install/planner_pkg:/home/aimane/vnav23/labs/lab4/install/tesse_ros_bridge:/opt/ros/humble:/home/aimane/vnav23/labs/lab4/install/mav_visualization:/home/aimane/vnav23/labs/lab4/install/mav_trajectory_generation:/home/aimane/vnav23/labs/lab4/install/mav_comm:/home/aimane/vnav23/labs/lab4/install/mav_system_msgs:/home/aimane/vnav23/labs/lab4/install/mav_state_machine_msgs:/home/aimane/vnav23/labs/lab4/install/mav_planning_msgs:/home/aimane/vnav23/labs/lab4/install/controller_pkg LD_LIBRARY_PATH=/home/aimane/vnav23/labs/lab4/install/mav_msgs/lib:/home/aimane/vnav23/labs/lab4/install/tesse_msgs/lib:/home/aimane/vnav23/labs/lab4/install/mav_trajectory_generation/lib:/home/aimane/vnav23/labs/lab4/install/mav_system_msgs/lib:/home/aimane/vnav23/labs/lab4/install/mav_state_machine_msgs/lib:/home/aimane/vnav23/labs/lab4/install/mav_planning_msgs/lib:/opt/ros/humble/opt/rviz_ogre_vendor/lib:/opt/ros/humble/lib/x86_64-linux-gnu:/opt/ros/humble/lib /usr/bin/cmake --install /home/aimane/vnav23/labs/lab4/build/planner_pkg
[0.250s] -- Install configuration: ""
[0.251s] -- Execute custom install script
[0.259s] -- Up-to-date symlink: /home/aimane/vnav23/labs/lab4/install/planner_pkg/share/planner_pkg/launch/static_point_test.launch.py
[0.259s] -- Up-to-date symlink: /home/aimane/vnav23/labs/lab4/install/planner_pkg/share/planner_pkg/launch/traj_gen.launch.py
[0.259s] -- Up-to-date symlink: /home/aimane/vnav23/labs/lab4/install/planner_pkg/lib/planner_pkg/traj_vertices_publisher
[0.259s] -- Up-to-date symlink: /home/aimane/vnav23/labs/lab4/install/planner_pkg/lib/planner_pkg/simple_traj_planner
[0.259s] -- Up-to-date symlink: /home/aimane/vnav23/labs/lab4/install/planner_pkg/share/ament_index/resource_index/package_run_dependencies/planner_pkg
[0.260s] -- Up-to-date symlink: /home/aimane/vnav23/labs/lab4/install/planner_pkg/share/ament_index/resource_index/parent_prefix_path/planner_pkg
[0.260s] -- Up-to-date symlink: /home/aimane/vnav23/labs/lab4/install/planner_pkg/share/planner_pkg/environment/ament_prefix_path.sh
[0.260s] -- Up-to-date symlink: /home/aimane/vnav23/labs/lab4/install/planner_pkg/share/planner_pkg/environment/ament_prefix_path.dsv
[0.260s] -- Up-to-date symlink: /home/aimane/vnav23/labs/lab4/install/planner_pkg/share/planner_pkg/environment/path.sh
[0.260s] -- Up-to-date symlink: /home/aimane/vnav23/labs/lab4/install/planner_pkg/share/planner_pkg/environment/path.dsv
[0.260s] -- Up-to-date symlink: /home/aimane/vnav23/labs/lab4/install/planner_pkg/share/planner_pkg/local_setup.bash
[0.260s] -- Up-to-date symlink: /home/aimane/vnav23/labs/lab4/install/planner_pkg/share/planner_pkg/local_setup.sh
[0.260s] -- Up-to-date symlink: /home/aimane/vnav23/labs/lab4/install/planner_pkg/share/planner_pkg/local_setup.zsh
[0.261s] -- Up-to-date symlink: /home/aimane/vnav23/labs/lab4/install/planner_pkg/share/planner_pkg/local_setup.dsv
[0.261s] -- Symlinking: /home/aimane/vnav23/labs/lab4/install/planner_pkg/share/planner_pkg/package.dsv
[0.276s] -- Up-to-date symlink: /home/aimane/vnav23/labs/lab4/install/planner_pkg/share/ament_index/resource_index/packages/planner_pkg
[0.282s] -- Up-to-date symlink: /home/aimane/vnav23/labs/lab4/install/planner_pkg/share/planner_pkg/cmake/planner_pkgConfig.cmake
[0.282s] -- Up-to-date symlink: /home/aimane/vnav23/labs/lab4/install/planner_pkg/share/planner_pkg/cmake/planner_pkgConfig-version.cmake
[0.283s] -- Up-to-date symlink: /home/aimane/vnav23/labs/lab4/install/planner_pkg/share/planner_pkg/package.xml
[0.286s] Invoked command in '/home/aimane/vnav23/labs/lab4/build/planner_pkg' returned '0': CMAKE_PREFIX_PATH=/home/aimane/vnav23/labs/lab4/install/mav_msgs:/home/aimane/vnav23/labs/lab4/install/trajectory_generation:/home/aimane/vnav23/labs/lab4/install/tesse_msgs:/home/aimane/vnav23/labs/lab4/install/planner_pkg:/home/aimane/vnav23/labs/lab4/install/tesse_ros_bridge:/opt/ros/humble:/home/aimane/vnav23/labs/lab4/install/mav_visualization:/home/aimane/vnav23/labs/lab4/install/mav_trajectory_generation:/home/aimane/vnav23/labs/lab4/install/mav_comm:/home/aimane/vnav23/labs/lab4/install/mav_system_msgs:/home/aimane/vnav23/labs/lab4/install/mav_state_machine_msgs:/home/aimane/vnav23/labs/lab4/install/mav_planning_msgs:/home/aimane/vnav23/labs/lab4/install/controller_pkg LD_LIBRARY_PATH=/home/aimane/vnav23/labs/lab4/install/mav_msgs/lib:/home/aimane/vnav23/labs/lab4/install/tesse_msgs/lib:/home/aimane/vnav23/labs/lab4/install/mav_trajectory_generation/lib:/home/aimane/vnav23/labs/lab4/install/mav_system_msgs/lib:/home/aimane/vnav23/labs/lab4/install/mav_state_machine_msgs/lib:/home/aimane/vnav23/labs/lab4/install/mav_planning_msgs/lib:/opt/ros/humble/opt/rviz_ogre_vendor/lib:/opt/ros/humble/lib/x86_64-linux-gnu:/opt/ros/humble/lib /usr/bin/cmake --install /home/aimane/vnav23/labs/lab4/build/planner_pkg
