[1.180s] Invoking command in '/home/aimane/vnav23/labs/lab4/src/tesse-interface': PYTHONPATH=/home/aimane/vnav23/labs/lab4/build/tesse/prefix_override:/usr/lib/python3/dist-packages/colcon_core/task/python/colcon_distutils_commands:/home/aimane/vnav23/labs/lab4/install/tesse/lib/python3.10/site-packages:${PYTHONPATH} /usr/bin/python3 -W ignore:setup.py install is deprecated -W ignore:easy_install command is deprecated setup.py egg_info --egg-base ../../lab4/build/tesse build --build-base /home/aimane/vnav23/labs/lab4/build/tesse/build install --record /home/aimane/vnav23/labs/lab4/build/tesse/install.log --single-version-externally-managed
[1.689s] running egg_info
[1.690s] creating ../../lab4/build/tesse/tesse.egg-info
[1.691s] writing ../../lab4/build/tesse/tesse.egg-info/PKG-INFO
[1.691s] writing dependency_links to ../../lab4/build/tesse/tesse.egg-info/dependency_links.txt
[1.691s] writing requirements to ../../lab4/build/tesse/tesse.egg-info/requires.txt
[1.691s] writing top-level names to ../../lab4/build/tesse/tesse.egg-info/top_level.txt
[1.691s] writing manifest file '../../lab4/build/tesse/tesse.egg-info/SOURCES.txt'
[1.693s] reading manifest file '../../lab4/build/tesse/tesse.egg-info/SOURCES.txt'
[1.694s] adding license file 'LICENSE'
[1.694s] writing manifest file '../../lab4/build/tesse/tesse.egg-info/SOURCES.txt'
[1.695s] running build
[1.696s] running build_py
[1.696s] creating /home/aimane/vnav23/labs/lab4/build/tesse/build
[1.696s] creating /home/aimane/vnav23/labs/lab4/build/tesse/build/lib
[1.696s] creating /home/aimane/vnav23/labs/lab4/build/tesse/build/lib/tesse
[1.697s] copying src/tesse/msgs.py -> /home/aimane/vnav23/labs/lab4/build/tesse/build/lib/tesse
[1.697s] copying src/tesse/__init__.py -> /home/aimane/vnav23/labs/lab4/build/tesse/build/lib/tesse
[1.697s] copying src/tesse/env.py -> /home/aimane/vnav23/labs/lab4/build/tesse/build/lib/tesse
[1.697s] copying src/tesse/utils.py -> /home/aimane/vnav23/labs/lab4/build/tesse/build/lib/tesse
[1.698s] running install
[1.699s] running install_lib
[1.700s] creating /home/aimane/vnav23/labs/lab4/install/tesse/lib/python3.10/site-packages/tesse
[1.700s] copying /home/aimane/vnav23/labs/lab4/build/tesse/build/lib/tesse/msgs.py -> /home/aimane/vnav23/labs/lab4/install/tesse/lib/python3.10/site-packages/tesse
[1.701s] copying /home/aimane/vnav23/labs/lab4/build/tesse/build/lib/tesse/__init__.py -> /home/aimane/vnav23/labs/lab4/install/tesse/lib/python3.10/site-packages/tesse
[1.701s] copying /home/aimane/vnav23/labs/lab4/build/tesse/build/lib/tesse/env.py -> /home/aimane/vnav23/labs/lab4/install/tesse/lib/python3.10/site-packages/tesse
[1.701s] copying /home/aimane/vnav23/labs/lab4/build/tesse/build/lib/tesse/utils.py -> /home/aimane/vnav23/labs/lab4/install/tesse/lib/python3.10/site-packages/tesse
[1.702s] byte-compiling /home/aimane/vnav23/labs/lab4/install/tesse/lib/python3.10/site-packages/tesse/msgs.py to msgs.cpython-310.pyc
[1.708s] byte-compiling /home/aimane/vnav23/labs/lab4/install/tesse/lib/python3.10/site-packages/tesse/__init__.py to __init__.cpython-310.pyc
[1.709s] byte-compiling /home/aimane/vnav23/labs/lab4/install/tesse/lib/python3.10/site-packages/tesse/env.py to env.cpython-310.pyc
[1.710s] byte-compiling /home/aimane/vnav23/labs/lab4/install/tesse/lib/python3.10/site-packages/tesse/utils.py to utils.cpython-310.pyc
[1.711s] running install_egg_info
[1.715s] Copying ../../lab4/build/tesse/tesse.egg-info to /home/aimane/vnav23/labs/lab4/install/tesse/lib/python3.10/site-packages/tesse-0.1.2-py3.10.egg-info
[1.717s] running install_scripts
[1.740s] writing list of installed files to '/home/aimane/vnav23/labs/lab4/build/tesse/install.log'
[1.769s] Invoked command in '/home/aimane/vnav23/labs/lab4/src/tesse-interface' returned '0': PYTHONPATH=/home/aimane/vnav23/labs/lab4/build/tesse/prefix_override:/usr/lib/python3/dist-packages/colcon_core/task/python/colcon_distutils_commands:/home/aimane/vnav23/labs/lab4/install/tesse/lib/python3.10/site-packages:${PYTHONPATH} /usr/bin/python3 -W ignore:setup.py install is deprecated -W ignore:easy_install command is deprecated setup.py egg_info --egg-base ../../lab4/build/tesse build --build-base /home/aimane/vnav23/labs/lab4/build/tesse/build install --record /home/aimane/vnav23/labs/lab4/build/tesse/install.log --single-version-externally-managed
