[0.276s] Invoking command in '/home/aimane/vnav23/labs/lab4/build/mav_visualization': /usr/bin/cmake --build /home/aimane/vnav23/labs/lab4/build/mav_visualization -- -j8 -l8
[1.657s] [100%] Built target mav_visualization
[1.880s] Invoked command in '/home/aimane/vnav23/labs/lab4/build/mav_visualization' returned '0': /usr/bin/cmake --build /home/aimane/vnav23/labs/lab4/build/mav_visualization -- -j8 -l8
[1.945s] Invoking command in '/home/aimane/vnav23/labs/lab4/build/mav_visualization': /usr/bin/cmake --install /home/aimane/vnav23/labs/lab4/build/mav_visualization
[1.975s] -- Install configuration: ""
[1.977s] -- Up-to-date: /home/aimane/vnav23/labs/lab4/install/mav_visualization/share/ament_index/resource_index/package_run_dependencies/mav_visualization
[1.978s] -- Up-to-date: /home/aimane/vnav23/labs/lab4/install/mav_visualization/share/ament_index/resource_index/parent_prefix_path/mav_visualization
[1.978s] -- Up-to-date: /home/aimane/vnav23/labs/lab4/install/mav_visualization/share/mav_visualization/environment/ament_prefix_path.sh
[1.983s] -- Up-to-date: /home/aimane/vnav23/labs/lab4/install/mav_visualization/share/mav_visualization/environment/ament_prefix_path.dsv
[1.983s] -- Up-to-date: /home/aimane/vnav23/labs/lab4/install/mav_visualization/share/mav_visualization/environment/path.sh
[1.988s] -- Up-to-date: /home/aimane/vnav23/labs/lab4/install/mav_visualization/share/mav_visualization/environment/path.dsv
[1.988s] -- Up-to-date: /home/aimane/vnav23/labs/lab4/install/mav_visualization/share/mav_visualization/local_setup.bash
[1.989s] -- Up-to-date: /home/aimane/vnav23/labs/lab4/install/mav_visualization/share/mav_visualization/local_setup.sh
[1.989s] -- Up-to-date: /home/aimane/vnav23/labs/lab4/install/mav_visualization/share/mav_visualization/local_setup.zsh
[1.989s] -- Up-to-date: /home/aimane/vnav23/labs/lab4/install/mav_visualization/share/mav_visualization/local_setup.dsv
[1.989s] -- Installing: /home/aimane/vnav23/labs/lab4/install/mav_visualization/share/mav_visualization/package.dsv
[1.989s] -- Up-to-date: /home/aimane/vnav23/labs/lab4/install/mav_visualization/share/ament_index/resource_index/packages/mav_visualization
[1.989s] -- Up-to-date: /home/aimane/vnav23/labs/lab4/install/mav_visualization/share/mav_visualization/cmake/mav_visualizationConfig.cmake
[1.989s] -- Up-to-date: /home/aimane/vnav23/labs/lab4/install/mav_visualization/share/mav_visualization/cmake/mav_visualizationConfig-version.cmake
[1.990s] -- Up-to-date: /home/aimane/vnav23/labs/lab4/install/mav_visualization/share/mav_visualization/package.xml
[2.012s] Invoked command in '/home/aimane/vnav23/labs/lab4/build/mav_visualization' returned '0': /usr/bin/cmake --install /home/aimane/vnav23/labs/lab4/build/mav_visualization
