[0.228s] Invoking command in '/home/aimane/vnav23/labs/lab4/build/planner_pkg': CMAKE_PREFIX_PATH=/home/aimane/vnav23/labs/lab4/install/mav_msgs:/home/aimane/vnav23/labs/lab4/install/trajectory_generation:/home/aimane/vnav23/labs/lab4/install/tesse_msgs:/home/aimane/vnav23/labs/lab4/install/planner_pkg:/home/aimane/vnav23/labs/lab4/install/tesse_ros_bridge:/opt/ros/humble:/home/aimane/vnav23/labs/lab4/install/mav_visualization:/home/aimane/vnav23/labs/lab4/install/mav_trajectory_generation:/home/aimane/vnav23/labs/lab4/install/mav_comm:/home/aimane/vnav23/labs/lab4/install/mav_system_msgs:/home/aimane/vnav23/labs/lab4/install/mav_state_machine_msgs:/home/aimane/vnav23/labs/lab4/install/mav_planning_msgs:/home/aimane/vnav23/labs/lab4/install/controller_pkg LD_LIBRARY_PATH=/home/aimane/vnav23/labs/lab4/install/mav_msgs/lib:/home/aimane/vnav23/labs/lab4/install/tesse_msgs/lib:/home/aimane/vnav23/labs/lab4/install/mav_trajectory_generation/lib:/home/aimane/vnav23/labs/lab4/install/mav_system_msgs/lib:/home/aimane/vnav23/labs/lab4/install/mav_state_machine_msgs/lib:/home/aimane/vnav23/labs/lab4/install/mav_planning_msgs/lib:/opt/ros/humble/opt/rviz_ogre_vendor/lib:/opt/ros/humble/lib/x86_64-linux-gnu:/opt/ros/humble/lib /usr/bin/cmake --build /home/aimane/vnav23/labs/lab4/build/planner_pkg -- -j8 -l8
[0.409s] [ 50%] Built target traj_vertices_publisher
[0.453s] [35m[1mConsolidate compiler generated dependencies of target simple_traj_planner[0m
[0.534s] [ 75%] [32mBuilding CXX object CMakeFiles/simple_traj_planner.dir/src/simple_traj_planner.cpp.o[0m
[23.011s] [100%] [32m[1mLinking CXX executable simple_traj_planner[0m
[25.332s] [100%] Built target simple_traj_planner
[25.361s] Invoked command in '/home/aimane/vnav23/labs/lab4/build/planner_pkg' returned '0': CMAKE_PREFIX_PATH=/home/aimane/vnav23/labs/lab4/install/mav_msgs:/home/aimane/vnav23/labs/lab4/install/trajectory_generation:/home/aimane/vnav23/labs/lab4/install/tesse_msgs:/home/aimane/vnav23/labs/lab4/install/planner_pkg:/home/aimane/vnav23/labs/lab4/install/tesse_ros_bridge:/opt/ros/humble:/home/aimane/vnav23/labs/lab4/install/mav_visualization:/home/aimane/vnav23/labs/lab4/install/mav_trajectory_generation:/home/aimane/vnav23/labs/lab4/install/mav_comm:/home/aimane/vnav23/labs/lab4/install/mav_system_msgs:/home/aimane/vnav23/labs/lab4/install/mav_state_machine_msgs:/home/aimane/vnav23/labs/lab4/install/mav_planning_msgs:/home/aimane/vnav23/labs/lab4/install/controller_pkg LD_LIBRARY_PATH=/home/aimane/vnav23/labs/lab4/install/mav_msgs/lib:/home/aimane/vnav23/labs/lab4/install/tesse_msgs/lib:/home/aimane/vnav23/labs/lab4/install/mav_trajectory_generation/lib:/home/aimane/vnav23/labs/lab4/install/mav_system_msgs/lib:/home/aimane/vnav23/labs/lab4/install/mav_state_machine_msgs/lib:/home/aimane/vnav23/labs/lab4/install/mav_planning_msgs/lib:/opt/ros/humble/opt/rviz_ogre_vendor/lib:/opt/ros/humble/lib/x86_64-linux-gnu:/opt/ros/humble/lib /usr/bin/cmake --build /home/aimane/vnav23/labs/lab4/build/planner_pkg -- -j8 -l8
[25.364s] Invoking command in '/home/aimane/vnav23/labs/lab4/build/planner_pkg': CMAKE_PREFIX_PATH=/home/aimane/vnav23/labs/lab4/install/mav_msgs:/home/aimane/vnav23/labs/lab4/install/trajectory_generation:/home/aimane/vnav23/labs/lab4/install/tesse_msgs:/home/aimane/vnav23/labs/lab4/install/planner_pkg:/home/aimane/vnav23/labs/lab4/install/tesse_ros_bridge:/opt/ros/humble:/home/aimane/vnav23/labs/lab4/install/mav_visualization:/home/aimane/vnav23/labs/lab4/install/mav_trajectory_generation:/home/aimane/vnav23/labs/lab4/install/mav_comm:/home/aimane/vnav23/labs/lab4/install/mav_system_msgs:/home/aimane/vnav23/labs/lab4/install/mav_state_machine_msgs:/home/aimane/vnav23/labs/lab4/install/mav_planning_msgs:/home/aimane/vnav23/labs/lab4/install/controller_pkg LD_LIBRARY_PATH=/home/aimane/vnav23/labs/lab4/install/mav_msgs/lib:/home/aimane/vnav23/labs/lab4/install/tesse_msgs/lib:/home/aimane/vnav23/labs/lab4/install/mav_trajectory_generation/lib:/home/aimane/vnav23/labs/lab4/install/mav_system_msgs/lib:/home/aimane/vnav23/labs/lab4/install/mav_state_machine_msgs/lib:/home/aimane/vnav23/labs/lab4/install/mav_planning_msgs/lib:/opt/ros/humble/opt/rviz_ogre_vendor/lib:/opt/ros/humble/lib/x86_64-linux-gnu:/opt/ros/humble/lib /usr/bin/cmake --install /home/aimane/vnav23/labs/lab4/build/planner_pkg
[25.383s] -- Install configuration: ""
[25.385s] -- Execute custom install script
[25.387s] -- Up-to-date symlink: /home/aimane/vnav23/labs/lab4/install/planner_pkg/share/planner_pkg/launch/static_point_test.launch.py
[25.388s] -- Up-to-date symlink: /home/aimane/vnav23/labs/lab4/install/planner_pkg/share/planner_pkg/launch/traj_gen.launch.py
[25.390s] -- Up-to-date symlink: /home/aimane/vnav23/labs/lab4/install/planner_pkg/lib/planner_pkg/traj_vertices_publisher
[25.391s] -- Up-to-date symlink: /home/aimane/vnav23/labs/lab4/install/planner_pkg/lib/planner_pkg/simple_traj_planner
[25.393s] -- Up-to-date symlink: /home/aimane/vnav23/labs/lab4/install/planner_pkg/share/ament_index/resource_index/package_run_dependencies/planner_pkg
[25.394s] -- Up-to-date symlink: /home/aimane/vnav23/labs/lab4/install/planner_pkg/share/ament_index/resource_index/parent_prefix_path/planner_pkg
[25.395s] -- Up-to-date symlink: /home/aimane/vnav23/labs/lab4/install/planner_pkg/share/planner_pkg/environment/ament_prefix_path.sh
[25.396s] -- Up-to-date symlink: /home/aimane/vnav23/labs/lab4/install/planner_pkg/share/planner_pkg/environment/ament_prefix_path.dsv
[25.397s] -- Up-to-date symlink: /home/aimane/vnav23/labs/lab4/install/planner_pkg/share/planner_pkg/environment/path.sh
[25.397s] -- Up-to-date symlink: /home/aimane/vnav23/labs/lab4/install/planner_pkg/share/planner_pkg/environment/path.dsv
[25.398s] -- Up-to-date symlink: /home/aimane/vnav23/labs/lab4/install/planner_pkg/share/planner_pkg/local_setup.bash
[25.398s] -- Up-to-date symlink: /home/aimane/vnav23/labs/lab4/install/planner_pkg/share/planner_pkg/local_setup.sh
[25.398s] -- Up-to-date symlink: /home/aimane/vnav23/labs/lab4/install/planner_pkg/share/planner_pkg/local_setup.zsh
[25.399s] -- Up-to-date symlink: /home/aimane/vnav23/labs/lab4/install/planner_pkg/share/planner_pkg/local_setup.dsv
[25.399s] -- Symlinking: /home/aimane/vnav23/labs/lab4/install/planner_pkg/share/planner_pkg/package.dsv
[25.418s] -- Up-to-date symlink: /home/aimane/vnav23/labs/lab4/install/planner_pkg/share/ament_index/resource_index/packages/planner_pkg
[25.419s] -- Up-to-date symlink: /home/aimane/vnav23/labs/lab4/install/planner_pkg/share/planner_pkg/cmake/planner_pkgConfig.cmake
[25.419s] -- Up-to-date symlink: /home/aimane/vnav23/labs/lab4/install/planner_pkg/share/planner_pkg/cmake/planner_pkgConfig-version.cmake
[25.419s] -- Up-to-date symlink: /home/aimane/vnav23/labs/lab4/install/planner_pkg/share/planner_pkg/package.xml
[25.424s] Invoked command in '/home/aimane/vnav23/labs/lab4/build/planner_pkg' returned '0': CMAKE_PREFIX_PATH=/home/aimane/vnav23/labs/lab4/install/mav_msgs:/home/aimane/vnav23/labs/lab4/install/trajectory_generation:/home/aimane/vnav23/labs/lab4/install/tesse_msgs:/home/aimane/vnav23/labs/lab4/install/planner_pkg:/home/aimane/vnav23/labs/lab4/install/tesse_ros_bridge:/opt/ros/humble:/home/aimane/vnav23/labs/lab4/install/mav_visualization:/home/aimane/vnav23/labs/lab4/install/mav_trajectory_generation:/home/aimane/vnav23/labs/lab4/install/mav_comm:/home/aimane/vnav23/labs/lab4/install/mav_system_msgs:/home/aimane/vnav23/labs/lab4/install/mav_state_machine_msgs:/home/aimane/vnav23/labs/lab4/install/mav_planning_msgs:/home/aimane/vnav23/labs/lab4/install/controller_pkg LD_LIBRARY_PATH=/home/aimane/vnav23/labs/lab4/install/mav_msgs/lib:/home/aimane/vnav23/labs/lab4/install/tesse_msgs/lib:/home/aimane/vnav23/labs/lab4/install/mav_trajectory_generation/lib:/home/aimane/vnav23/labs/lab4/install/mav_system_msgs/lib:/home/aimane/vnav23/labs/lab4/install/mav_state_machine_msgs/lib:/home/aimane/vnav23/labs/lab4/install/mav_planning_msgs/lib:/opt/ros/humble/opt/rviz_ogre_vendor/lib:/opt/ros/humble/lib/x86_64-linux-gnu:/opt/ros/humble/lib /usr/bin/cmake --install /home/aimane/vnav23/labs/lab4/build/planner_pkg
