[0.032s] Invoking command in '/home/aimane/vnav23/labs/lab4/build/mav_system_msgs': CMAKE_PREFIX_PATH=${CMAKE_PREFIX_PATH}:/home/aimane/vnav23/labs/lab4/install/tesse_ros_bridge:/opt/ros/humble /usr/bin/cmake /home/aimane/vnav23/labs/lab4/src/mav_comm/mav_system_msgs -DAMENT_CMAKE_SYMLINK_INSTALL=1 -DCMAKE_INSTALL_PREFIX=/home/aimane/vnav23/labs/lab4/install/mav_system_msgs
[0.132s] -- The C compiler identification is GNU 11.4.0
[0.501s] -- The CXX compiler identification is GNU 11.4.0
[0.511s] -- Detecting C compiler ABI info
[0.635s] -- Detecting C compiler ABI info - done
[0.644s] -- Check for working C compiler: /usr/bin/cc - skipped
[0.644s] -- Detecting C compile features
[0.645s] -- Detecting C compile features - done
[0.651s] -- Detecting CXX compiler ABI info
[0.772s] -- Detecting CXX compiler ABI info - done
[0.788s] -- Check for working CXX compiler: /usr/bin/c++ - skipped
[0.788s] -- Detecting CXX compile features
[0.789s] -- Detecting CXX compile features - done
[0.794s] -- Found std_msgs: 4.9.0 (/opt/ros/humble/share/std_msgs/cmake)
[1.048s] -- Found Python3: /usr/bin/python3 (found version "3.10.12") found components: Interpreter 
[1.148s] -- Override CMake install command with custom implementation using symlinks instead of copying resources
[1.252s] -- Found rosidl_generator_c: 3.1.7 (/opt/ros/humble/share/rosidl_generator_c/cmake)
[1.260s] -- Found rosidl_adapter: 3.1.7 (/opt/ros/humble/share/rosidl_adapter/cmake)
[1.270s] -- Found rosidl_generator_cpp: 3.1.7 (/opt/ros/humble/share/rosidl_generator_cpp/cmake)
[1.288s] -- Using all available rosidl_typesupport_c: rosidl_typesupport_fastrtps_c;rosidl_typesupport_introspection_c
[1.308s] -- Using all available rosidl_typesupport_cpp: rosidl_typesupport_fastrtps_cpp;rosidl_typesupport_introspection_cpp
[1.757s] -- Found ament_cmake_ros: 0.10.0 (/opt/ros/humble/share/ament_cmake_ros/cmake)
[2.265s] -- Using all available rosidl_typesupport_c: rosidl_typesupport_fastrtps_c;rosidl_typesupport_introspection_c
[2.500s] -- Using all available rosidl_typesupport_cpp: rosidl_typesupport_fastrtps_cpp;rosidl_typesupport_introspection_cpp
[2.527s] -- Configuring done
[2.578s] -- Generating done
[2.596s] -- Build files have been written to: /home/aimane/vnav23/labs/lab4/build/mav_system_msgs
[2.607s] Invoked command in '/home/aimane/vnav23/labs/lab4/build/mav_system_msgs' returned '0': CMAKE_PREFIX_PATH=${CMAKE_PREFIX_PATH}:/home/aimane/vnav23/labs/lab4/install/tesse_ros_bridge:/opt/ros/humble /usr/bin/cmake /home/aimane/vnav23/labs/lab4/src/mav_comm/mav_system_msgs -DAMENT_CMAKE_SYMLINK_INSTALL=1 -DCMAKE_INSTALL_PREFIX=/home/aimane/vnav23/labs/lab4/install/mav_system_msgs
[2.609s] Invoking command in '/home/aimane/vnav23/labs/lab4/build/mav_system_msgs': CMAKE_PREFIX_PATH=${CMAKE_PREFIX_PATH}:/home/aimane/vnav23/labs/lab4/install/tesse_ros_bridge:/opt/ros/humble /usr/bin/cmake --build /home/aimane/vnav23/labs/lab4/build/mav_system_msgs -- -j8 -l8
[2.676s] [  3%] [34m[1mGenerating C code for ROS interfaces[0m
[2.696s] [  6%] [34m[1mGenerating C++ code for ROS interfaces[0m
[3.641s] [  6%] Built target mav_system_msgs__cpp
[3.663s] [ 10%] [32mBuilding C object CMakeFiles/mav_system_msgs__rosidl_generator_c.dir/rosidl_generator_c/mav_system_msgs/msg/detail/cpu_info__functions.c.o[0m
[3.672s] [ 13%] [32mBuilding C object CMakeFiles/mav_system_msgs__rosidl_generator_c.dir/rosidl_generator_c/mav_system_msgs/msg/detail/process_info__functions.c.o[0m
[3.680s] [ 17%] [34m[1mGenerating C++ type support for eProsima Fast-RTPS[0m
[3.685s] [ 20%] [34m[1mGenerating C++ type support dispatch for ROS interfaces[0m
[3.706s] [ 24%] [34m[1mGenerating C++ introspection for ROS interfaces[0m
[3.935s] [ 27%] [32m[1mLinking C shared library libmav_system_msgs__rosidl_generator_c.so[0m
[4.087s] [ 27%] Built target mav_system_msgs__rosidl_generator_c
[4.117s] [ 31%] [34m[1mGenerating C type support dispatch for ROS interfaces[0m
[4.122s] [ 34%] [34m[1mGenerating C type support for eProsima Fast-RTPS[0m
[4.131s] [ 37%] [34m[1mGenerating C introspection for ROS interfaces[0m
[4.648s] [ 41%] [32mBuilding CXX object CMakeFiles/mav_system_msgs__rosidl_typesupport_cpp.dir/rosidl_typesupport_cpp/mav_system_msgs/msg/process_info__type_support.cpp.o[0m
[4.681s] [ 44%] [32mBuilding CXX object CMakeFiles/mav_system_msgs__rosidl_typesupport_cpp.dir/rosidl_typesupport_cpp/mav_system_msgs/msg/cpu_info__type_support.cpp.o[0m
[5.868s] [ 48%] [32mBuilding CXX object CMakeFiles/mav_system_msgs__rosidl_typesupport_fastrtps_cpp.dir/rosidl_typesupport_fastrtps_cpp/mav_system_msgs/msg/detail/dds_fastrtps/process_info__type_support.cpp.o[0m
[5.876s] [ 51%] [32mBuilding CXX object CMakeFiles/mav_system_msgs__rosidl_typesupport_fastrtps_cpp.dir/rosidl_typesupport_fastrtps_cpp/mav_system_msgs/msg/detail/dds_fastrtps/cpu_info__type_support.cpp.o[0m
[6.283s] [ 55%] [32mBuilding CXX object CMakeFiles/mav_system_msgs__rosidl_typesupport_fastrtps_c.dir/rosidl_typesupport_fastrtps_c/mav_system_msgs/msg/detail/cpu_info__type_support_c.cpp.o[0m
[6.345s] [ 58%] [32mBuilding CXX object CMakeFiles/mav_system_msgs__rosidl_typesupport_fastrtps_c.dir/rosidl_typesupport_fastrtps_c/mav_system_msgs/msg/detail/process_info__type_support_c.cpp.o[0m
[7.291s] [ 62%] [32mBuilding CXX object CMakeFiles/mav_system_msgs__rosidl_typesupport_introspection_cpp.dir/rosidl_typesupport_introspection_cpp/mav_system_msgs/msg/detail/cpu_info__type_support.cpp.o[0m
[7.385s] [ 65%] [32mBuilding CXX object CMakeFiles/mav_system_msgs__rosidl_typesupport_c.dir/rosidl_typesupport_c/mav_system_msgs/msg/cpu_info__type_support.cpp.o[0m
[7.496s] [ 68%] [32mBuilding C object CMakeFiles/mav_system_msgs__rosidl_typesupport_introspection_c.dir/rosidl_typesupport_introspection_c/mav_system_msgs/msg/detail/cpu_info__type_support.c.o[0m
[8.029s] [ 72%] [32mBuilding CXX object CMakeFiles/mav_system_msgs__rosidl_typesupport_c.dir/rosidl_typesupport_c/mav_system_msgs/msg/process_info__type_support.cpp.o[0m
[8.056s] [ 75%] [32mBuilding C object CMakeFiles/mav_system_msgs__rosidl_typesupport_introspection_c.dir/rosidl_typesupport_introspection_c/mav_system_msgs/msg/detail/process_info__type_support.c.o[0m
[8.182s] [ 79%] [32m[1mLinking CXX shared library libmav_system_msgs__rosidl_typesupport_cpp.so[0m
[8.434s] [ 82%] [32m[1mLinking CXX shared library libmav_system_msgs__rosidl_typesupport_c.so[0m
[8.516s] [ 86%] [32m[1mLinking C shared library libmav_system_msgs__rosidl_typesupport_introspection_c.so[0m
[8.614s] [ 86%] Built target mav_system_msgs__rosidl_typesupport_cpp
[8.703s] [ 89%] [32mBuilding CXX object CMakeFiles/mav_system_msgs__rosidl_typesupport_introspection_cpp.dir/rosidl_typesupport_introspection_cpp/mav_system_msgs/msg/detail/process_info__type_support.cpp.o[0m
[8.786s] [ 89%] Built target mav_system_msgs__rosidl_typesupport_c
[8.794s] [ 89%] Built target mav_system_msgs__rosidl_typesupport_introspection_c
[9.567s] [ 93%] [32m[1mLinking CXX shared library libmav_system_msgs__rosidl_typesupport_fastrtps_c.so[0m
[9.628s] [ 96%] [32m[1mLinking CXX shared library libmav_system_msgs__rosidl_typesupport_fastrtps_cpp.so[0m
[9.960s] [ 96%] Built target mav_system_msgs__rosidl_typesupport_fastrtps_cpp
[10.033s] [ 96%] Built target mav_system_msgs__rosidl_typesupport_fastrtps_c
[11.322s] [100%] [32m[1mLinking CXX shared library libmav_system_msgs__rosidl_typesupport_introspection_cpp.so[0m
[12.186s] [100%] Built target mav_system_msgs__rosidl_typesupport_introspection_cpp
[12.299s] [100%] Built target mav_system_msgs
[12.369s] Invoked command in '/home/aimane/vnav23/labs/lab4/build/mav_system_msgs' returned '0': CMAKE_PREFIX_PATH=${CMAKE_PREFIX_PATH}:/home/aimane/vnav23/labs/lab4/install/tesse_ros_bridge:/opt/ros/humble /usr/bin/cmake --build /home/aimane/vnav23/labs/lab4/build/mav_system_msgs -- -j8 -l8
[12.370s] Invoking command in '/home/aimane/vnav23/labs/lab4/build/mav_system_msgs': CMAKE_PREFIX_PATH=${CMAKE_PREFIX_PATH}:/home/aimane/vnav23/labs/lab4/install/tesse_ros_bridge:/opt/ros/humble /usr/bin/cmake --install /home/aimane/vnav23/labs/lab4/build/mav_system_msgs
[12.405s] -- Install configuration: ""
[12.407s] -- Execute custom install script
[12.411s] -- Symlinking: /home/aimane/vnav23/labs/lab4/install/mav_system_msgs/share/ament_index/resource_index/rosidl_interfaces/mav_system_msgs
[12.457s] -- Symlinking: /home/aimane/vnav23/labs/lab4/install/mav_system_msgs/include/mav_system_msgs/mav_system_msgs/msg/cpu_info.h
[12.500s] -- Symlinking: /home/aimane/vnav23/labs/lab4/install/mav_system_msgs/include/mav_system_msgs/mav_system_msgs/msg/detail/cpu_info__functions.h
[12.544s] -- Symlinking: /home/aimane/vnav23/labs/lab4/install/mav_system_msgs/include/mav_system_msgs/mav_system_msgs/msg/detail/cpu_info__struct.h
[12.587s] -- Symlinking: /home/aimane/vnav23/labs/lab4/install/mav_system_msgs/include/mav_system_msgs/mav_system_msgs/msg/detail/cpu_info__type_support.h
[12.629s] -- Symlinking: /home/aimane/vnav23/labs/lab4/install/mav_system_msgs/include/mav_system_msgs/mav_system_msgs/msg/detail/process_info__functions.h
[12.673s] -- Symlinking: /home/aimane/vnav23/labs/lab4/install/mav_system_msgs/include/mav_system_msgs/mav_system_msgs/msg/detail/process_info__struct.h
[12.711s] -- Symlinking: /home/aimane/vnav23/labs/lab4/install/mav_system_msgs/include/mav_system_msgs/mav_system_msgs/msg/detail/process_info__type_support.h
[12.755s] -- Symlinking: /home/aimane/vnav23/labs/lab4/install/mav_system_msgs/include/mav_system_msgs/mav_system_msgs/msg/process_info.h
[12.810s] -- Symlinking: /home/aimane/vnav23/labs/lab4/install/mav_system_msgs/include/mav_system_msgs/mav_system_msgs/msg/rosidl_generator_c__visibility_control.h
[12.850s] -- Symlinking: /home/aimane/vnav23/labs/lab4/install/mav_system_msgs/share/mav_system_msgs/environment/library_path.sh
[12.928s] -- Symlinking: /home/aimane/vnav23/labs/lab4/install/mav_system_msgs/share/mav_system_msgs/environment/library_path.dsv
[13.001s] -- Symlinking: /home/aimane/vnav23/labs/lab4/install/mav_system_msgs/include/mav_system_msgs/mav_system_msgs/msg/detail/cpu_info__rosidl_typesupport_fastrtps_c.h
[13.085s] -- Symlinking: /home/aimane/vnav23/labs/lab4/install/mav_system_msgs/include/mav_system_msgs/mav_system_msgs/msg/detail/process_info__rosidl_typesupport_fastrtps_c.h
[13.157s] -- Symlinking: /home/aimane/vnav23/labs/lab4/install/mav_system_msgs/include/mav_system_msgs/mav_system_msgs/msg/rosidl_typesupport_fastrtps_c__visibility_control.h
[13.200s] -- Symlinking: /home/aimane/vnav23/labs/lab4/install/mav_system_msgs/include/mav_system_msgs/mav_system_msgs/msg/cpu_info.hpp
[13.274s] -- Symlinking: /home/aimane/vnav23/labs/lab4/install/mav_system_msgs/include/mav_system_msgs/mav_system_msgs/msg/detail/cpu_info__builder.hpp
[13.327s] -- Symlinking: /home/aimane/vnav23/labs/lab4/install/mav_system_msgs/include/mav_system_msgs/mav_system_msgs/msg/detail/cpu_info__struct.hpp
[13.401s] -- Symlinking: /home/aimane/vnav23/labs/lab4/install/mav_system_msgs/include/mav_system_msgs/mav_system_msgs/msg/detail/cpu_info__traits.hpp
[13.446s] -- Symlinking: /home/aimane/vnav23/labs/lab4/install/mav_system_msgs/include/mav_system_msgs/mav_system_msgs/msg/detail/cpu_info__type_support.hpp
[13.498s] -- Symlinking: /home/aimane/vnav23/labs/lab4/install/mav_system_msgs/include/mav_system_msgs/mav_system_msgs/msg/detail/process_info__builder.hpp
[13.542s] -- Symlinking: /home/aimane/vnav23/labs/lab4/install/mav_system_msgs/include/mav_system_msgs/mav_system_msgs/msg/detail/process_info__struct.hpp
[13.586s] -- Symlinking: /home/aimane/vnav23/labs/lab4/install/mav_system_msgs/include/mav_system_msgs/mav_system_msgs/msg/detail/process_info__traits.hpp
[13.633s] -- Symlinking: /home/aimane/vnav23/labs/lab4/install/mav_system_msgs/include/mav_system_msgs/mav_system_msgs/msg/detail/process_info__type_support.hpp
[13.705s] -- Symlinking: /home/aimane/vnav23/labs/lab4/install/mav_system_msgs/include/mav_system_msgs/mav_system_msgs/msg/process_info.hpp
[13.768s] -- Symlinking: /home/aimane/vnav23/labs/lab4/install/mav_system_msgs/include/mav_system_msgs/mav_system_msgs/msg/rosidl_generator_cpp__visibility_control.hpp
[13.822s] -- Symlinking: /home/aimane/vnav23/labs/lab4/install/mav_system_msgs/include/mav_system_msgs/mav_system_msgs/msg/detail/cpu_info__rosidl_typesupport_fastrtps_cpp.hpp
[13.871s] -- Symlinking: /home/aimane/vnav23/labs/lab4/install/mav_system_msgs/include/mav_system_msgs/mav_system_msgs/msg/detail/process_info__rosidl_typesupport_fastrtps_cpp.hpp
[13.924s] -- Symlinking: /home/aimane/vnav23/labs/lab4/install/mav_system_msgs/include/mav_system_msgs/mav_system_msgs/msg/rosidl_typesupport_fastrtps_cpp__visibility_control.h
[13.994s] -- Symlinking: /home/aimane/vnav23/labs/lab4/install/mav_system_msgs/include/mav_system_msgs/mav_system_msgs/msg/detail/cpu_info__rosidl_typesupport_introspection_c.h
[14.054s] -- Symlinking: /home/aimane/vnav23/labs/lab4/install/mav_system_msgs/include/mav_system_msgs/mav_system_msgs/msg/detail/process_info__rosidl_typesupport_introspection_c.h
[14.110s] -- Symlinking: /home/aimane/vnav23/labs/lab4/install/mav_system_msgs/include/mav_system_msgs/mav_system_msgs/msg/rosidl_typesupport_introspection_c__visibility_control.h
[14.185s] -- Symlinking: /home/aimane/vnav23/labs/lab4/install/mav_system_msgs/include/mav_system_msgs/mav_system_msgs/msg/detail/cpu_info__rosidl_typesupport_introspection_cpp.hpp
[14.238s] -- Symlinking: /home/aimane/vnav23/labs/lab4/install/mav_system_msgs/include/mav_system_msgs/mav_system_msgs/msg/detail/process_info__rosidl_typesupport_introspection_cpp.hpp
[14.297s] -- Symlinking: /home/aimane/vnav23/labs/lab4/install/mav_system_msgs/share/mav_system_msgs/msg/CpuInfo.idl
[14.374s] -- Symlinking: /home/aimane/vnav23/labs/lab4/install/mav_system_msgs/share/mav_system_msgs/msg/ProcessInfo.idl
[14.440s] -- Symlinking: /home/aimane/vnav23/labs/lab4/install/mav_system_msgs/share/mav_system_msgs/msg/CpuInfo.msg
[14.478s] -- Symlinking: /home/aimane/vnav23/labs/lab4/install/mav_system_msgs/share/mav_system_msgs/msg/ProcessInfo.msg
[14.538s] -- Symlinking: /home/aimane/vnav23/labs/lab4/install/mav_system_msgs/share/ament_index/resource_index/package_run_dependencies/mav_system_msgs
[14.593s] -- Symlinking: /home/aimane/vnav23/labs/lab4/install/mav_system_msgs/share/ament_index/resource_index/parent_prefix_path/mav_system_msgs
[14.663s] -- Symlinking: /home/aimane/vnav23/labs/lab4/install/mav_system_msgs/share/mav_system_msgs/environment/ament_prefix_path.sh
[14.717s] -- Symlinking: /home/aimane/vnav23/labs/lab4/install/mav_system_msgs/share/mav_system_msgs/environment/ament_prefix_path.dsv
[14.782s] -- Symlinking: /home/aimane/vnav23/labs/lab4/install/mav_system_msgs/share/mav_system_msgs/environment/path.sh
[14.891s] -- Symlinking: /home/aimane/vnav23/labs/lab4/install/mav_system_msgs/share/mav_system_msgs/environment/path.dsv
[14.981s] -- Symlinking: /home/aimane/vnav23/labs/lab4/install/mav_system_msgs/share/mav_system_msgs/local_setup.bash
[15.037s] -- Symlinking: /home/aimane/vnav23/labs/lab4/install/mav_system_msgs/share/mav_system_msgs/local_setup.sh
[15.091s] -- Symlinking: /home/aimane/vnav23/labs/lab4/install/mav_system_msgs/share/mav_system_msgs/local_setup.zsh
[15.127s] -- Symlinking: /home/aimane/vnav23/labs/lab4/install/mav_system_msgs/share/mav_system_msgs/local_setup.dsv
[15.177s] -- Symlinking: /home/aimane/vnav23/labs/lab4/install/mav_system_msgs/share/mav_system_msgs/package.dsv
[15.282s] -- Symlinking: /home/aimane/vnav23/labs/lab4/install/mav_system_msgs/share/ament_index/resource_index/packages/mav_system_msgs
[15.361s] -- Symlinking: /home/aimane/vnav23/labs/lab4/install/mav_system_msgs/share/mav_system_msgs/cmake/rosidl_cmake-extras.cmake
[15.412s] -- Symlinking: /home/aimane/vnav23/labs/lab4/install/mav_system_msgs/share/mav_system_msgs/cmake/ament_cmake_export_dependencies-extras.cmake
[15.458s] -- Symlinking: /home/aimane/vnav23/labs/lab4/install/mav_system_msgs/share/mav_system_msgs/cmake/ament_cmake_export_include_directories-extras.cmake
[15.509s] -- Symlinking: /home/aimane/vnav23/labs/lab4/install/mav_system_msgs/share/mav_system_msgs/cmake/ament_cmake_export_libraries-extras.cmake
[15.555s] -- Symlinking: /home/aimane/vnav23/labs/lab4/install/mav_system_msgs/share/mav_system_msgs/cmake/ament_cmake_export_targets-extras.cmake
[15.617s] -- Symlinking: /home/aimane/vnav23/labs/lab4/install/mav_system_msgs/share/mav_system_msgs/cmake/rosidl_cmake_export_typesupport_targets-extras.cmake
[15.658s] -- Symlinking: /home/aimane/vnav23/labs/lab4/install/mav_system_msgs/share/mav_system_msgs/cmake/rosidl_cmake_export_typesupport_libraries-extras.cmake
[15.723s] -- Symlinking: /home/aimane/vnav23/labs/lab4/install/mav_system_msgs/share/mav_system_msgs/cmake/mav_system_msgsConfig.cmake
[15.765s] -- Symlinking: /home/aimane/vnav23/labs/lab4/install/mav_system_msgs/share/mav_system_msgs/cmake/mav_system_msgsConfig-version.cmake
[15.812s] -- Symlinking: /home/aimane/vnav23/labs/lab4/install/mav_system_msgs/share/mav_system_msgs/package.xml
[15.857s] -- Installing: /home/aimane/vnav23/labs/lab4/install/mav_system_msgs/lib/libmav_system_msgs__rosidl_generator_c.so
[15.859s] -- Set runtime path of "/home/aimane/vnav23/labs/lab4/install/mav_system_msgs/lib/libmav_system_msgs__rosidl_generator_c.so" to ""
[15.860s] -- Installing: /home/aimane/vnav23/labs/lab4/install/mav_system_msgs/lib/libmav_system_msgs__rosidl_typesupport_fastrtps_c.so
[15.861s] -- Set runtime path of "/home/aimane/vnav23/labs/lab4/install/mav_system_msgs/lib/libmav_system_msgs__rosidl_typesupport_fastrtps_c.so" to ""
[15.862s] -- Installing: /home/aimane/vnav23/labs/lab4/install/mav_system_msgs/lib/libmav_system_msgs__rosidl_typesupport_fastrtps_cpp.so
[15.864s] -- Set runtime path of "/home/aimane/vnav23/labs/lab4/install/mav_system_msgs/lib/libmav_system_msgs__rosidl_typesupport_fastrtps_cpp.so" to ""
[15.865s] -- Installing: /home/aimane/vnav23/labs/lab4/install/mav_system_msgs/lib/libmav_system_msgs__rosidl_typesupport_introspection_c.so
[15.867s] -- Set runtime path of "/home/aimane/vnav23/labs/lab4/install/mav_system_msgs/lib/libmav_system_msgs__rosidl_typesupport_introspection_c.so" to ""
[15.867s] -- Installing: /home/aimane/vnav23/labs/lab4/install/mav_system_msgs/lib/libmav_system_msgs__rosidl_typesupport_c.so
[15.869s] -- Set runtime path of "/home/aimane/vnav23/labs/lab4/install/mav_system_msgs/lib/libmav_system_msgs__rosidl_typesupport_c.so" to ""
[15.870s] -- Installing: /home/aimane/vnav23/labs/lab4/install/mav_system_msgs/lib/libmav_system_msgs__rosidl_typesupport_introspection_cpp.so
[15.872s] -- Set runtime path of "/home/aimane/vnav23/labs/lab4/install/mav_system_msgs/lib/libmav_system_msgs__rosidl_typesupport_introspection_cpp.so" to ""
[15.873s] -- Installing: /home/aimane/vnav23/labs/lab4/install/mav_system_msgs/lib/libmav_system_msgs__rosidl_typesupport_cpp.so
[15.875s] -- Set runtime path of "/home/aimane/vnav23/labs/lab4/install/mav_system_msgs/lib/libmav_system_msgs__rosidl_typesupport_cpp.so" to ""
[15.876s] -- Installing: /home/aimane/vnav23/labs/lab4/install/mav_system_msgs/share/mav_system_msgs/cmake/export_mav_system_msgs__rosidl_generator_cExport.cmake
[15.877s] -- Installing: /home/aimane/vnav23/labs/lab4/install/mav_system_msgs/share/mav_system_msgs/cmake/export_mav_system_msgs__rosidl_generator_cExport-noconfig.cmake
[15.878s] -- Installing: /home/aimane/vnav23/labs/lab4/install/mav_system_msgs/share/mav_system_msgs/cmake/export_mav_system_msgs__rosidl_typesupport_fastrtps_cExport.cmake
[15.879s] -- Installing: /home/aimane/vnav23/labs/lab4/install/mav_system_msgs/share/mav_system_msgs/cmake/export_mav_system_msgs__rosidl_typesupport_fastrtps_cExport-noconfig.cmake
[15.880s] -- Installing: /home/aimane/vnav23/labs/lab4/install/mav_system_msgs/share/mav_system_msgs/cmake/export_mav_system_msgs__rosidl_generator_cppExport.cmake
[15.882s] -- Installing: /home/aimane/vnav23/labs/lab4/install/mav_system_msgs/share/mav_system_msgs/cmake/export_mav_system_msgs__rosidl_typesupport_fastrtps_cppExport.cmake
[15.883s] -- Installing: /home/aimane/vnav23/labs/lab4/install/mav_system_msgs/share/mav_system_msgs/cmake/export_mav_system_msgs__rosidl_typesupport_fastrtps_cppExport-noconfig.cmake
[15.884s] -- Installing: /home/aimane/vnav23/labs/lab4/install/mav_system_msgs/share/mav_system_msgs/cmake/mav_system_msgs__rosidl_typesupport_introspection_cExport.cmake
[15.885s] -- Installing: /home/aimane/vnav23/labs/lab4/install/mav_system_msgs/share/mav_system_msgs/cmake/mav_system_msgs__rosidl_typesupport_introspection_cExport-noconfig.cmake
[15.886s] -- Installing: /home/aimane/vnav23/labs/lab4/install/mav_system_msgs/share/mav_system_msgs/cmake/mav_system_msgs__rosidl_typesupport_cExport.cmake
[15.888s] -- Installing: /home/aimane/vnav23/labs/lab4/install/mav_system_msgs/share/mav_system_msgs/cmake/mav_system_msgs__rosidl_typesupport_cExport-noconfig.cmake
[15.889s] -- Installing: /home/aimane/vnav23/labs/lab4/install/mav_system_msgs/share/mav_system_msgs/cmake/mav_system_msgs__rosidl_typesupport_introspection_cppExport.cmake
[15.891s] -- Installing: /home/aimane/vnav23/labs/lab4/install/mav_system_msgs/share/mav_system_msgs/cmake/mav_system_msgs__rosidl_typesupport_introspection_cppExport-noconfig.cmake
[15.900s] -- Installing: /home/aimane/vnav23/labs/lab4/install/mav_system_msgs/share/mav_system_msgs/cmake/mav_system_msgs__rosidl_typesupport_cppExport.cmake
[15.901s] -- Installing: /home/aimane/vnav23/labs/lab4/install/mav_system_msgs/share/mav_system_msgs/cmake/mav_system_msgs__rosidl_typesupport_cppExport-noconfig.cmake
[15.918s] Invoked command in '/home/aimane/vnav23/labs/lab4/build/mav_system_msgs' returned '0': CMAKE_PREFIX_PATH=${CMAKE_PREFIX_PATH}:/home/aimane/vnav23/labs/lab4/install/tesse_ros_bridge:/opt/ros/humble /usr/bin/cmake --install /home/aimane/vnav23/labs/lab4/build/mav_system_msgs
