[1.894s] Invoking command in '/home/aimane/vnav23/labs/lab4/src/tesse_ros_bridge': PYTHONPATH=/home/aimane/vnav23/labs/lab4/build/tesse_ros_bridge/prefix_override:/usr/lib/python3/dist-packages/colcon_core/task/python/colcon_distutils_commands:/home/aimane/vnav23/labs/lab4/install/tesse_ros_bridge/lib/python3.10/site-packages:${PYTHONPATH} /usr/bin/python3 -W ignore:setup.py install is deprecated -W ignore:easy_install command is deprecated setup.py egg_info --egg-base ../../lab4/build/tesse_ros_bridge build --build-base /home/aimane/vnav23/labs/lab4/build/tesse_ros_bridge/build install --record /home/aimane/vnav23/labs/lab4/build/tesse_ros_bridge/install.log --single-version-externally-managed install_data
[2.114s] /home/aimane/.local/lib/python3.10/site-packages/setuptools/_distutils/dist.py:287: UserWarning: Unknown distribution option: 'tests_require'
[2.115s]   warnings.warn(msg)
[2.239s] running egg_info
[2.259s] writing ../../lab4/build/tesse_ros_bridge/tesse_ros_bridge.egg-info/PKG-INFO
[2.259s] writing dependency_links to ../../lab4/build/tesse_ros_bridge/tesse_ros_bridge.egg-info/dependency_links.txt
[2.260s] writing entry points to ../../lab4/build/tesse_ros_bridge/tesse_ros_bridge.egg-info/entry_points.txt
[2.260s] writing requirements to ../../lab4/build/tesse_ros_bridge/tesse_ros_bridge.egg-info/requires.txt
[2.260s] writing top-level names to ../../lab4/build/tesse_ros_bridge/tesse_ros_bridge.egg-info/top_level.txt
[2.298s] reading manifest file '../../lab4/build/tesse_ros_bridge/tesse_ros_bridge.egg-info/SOURCES.txt'
[2.300s] writing manifest file '../../lab4/build/tesse_ros_bridge/tesse_ros_bridge.egg-info/SOURCES.txt'
[2.300s] running build
[2.301s] running build_py
[2.301s] copying tesse_ros_bridge/tesse_ros_node.py -> /home/aimane/vnav23/labs/lab4/build/tesse_ros_bridge/build/lib/tesse_ros_bridge
[2.302s] copying tesse_ros_bridge/quadrotor_control_interface.py -> /home/aimane/vnav23/labs/lab4/build/tesse_ros_bridge/build/lib/tesse_ros_bridge
[2.302s] copying tesse_ros_bridge/__init__.py -> /home/aimane/vnav23/labs/lab4/build/tesse_ros_bridge/build/lib/tesse_ros_bridge
[2.302s] copying tesse_ros_bridge/noise_simulator.py -> /home/aimane/vnav23/labs/lab4/build/tesse_ros_bridge/build/lib/tesse_ros_bridge
[2.303s] copying tesse_ros_bridge/utils.py -> /home/aimane/vnav23/labs/lab4/build/tesse_ros_bridge/build/lib/tesse_ros_bridge
[2.303s] copying tesse_ros_bridge/consts.py -> /home/aimane/vnav23/labs/lab4/build/tesse_ros_bridge/build/lib/tesse_ros_bridge
[2.304s] copying key_teleop/__init__.py -> /home/aimane/vnav23/labs/lab4/build/tesse_ros_bridge/build/lib/key_teleop
[2.304s] copying key_teleop/key_teleop.py -> /home/aimane/vnav23/labs/lab4/build/tesse_ros_bridge/build/lib/key_teleop
[2.305s] copying key_teleop/alternative_key_teleop.py -> /home/aimane/vnav23/labs/lab4/build/tesse_ros_bridge/build/lib/key_teleop
[2.306s] running install
[2.312s] running install_lib
[2.335s] running install_data
[2.335s] copying resource/tesse_ros_bridge -> /home/aimane/vnav23/labs/lab4/install/tesse_ros_bridge/share/ament_index/resource_index/packages
[2.335s] copying package.xml -> /home/aimane/vnav23/labs/lab4/install/tesse_ros_bridge/share/tesse_ros_bridge
[2.336s] copying launch/tesse_quadrotor_bridge.launch.yaml -> /home/aimane/vnav23/labs/lab4/install/tesse_ros_bridge/share/tesse_ros_bridge/launch
[2.336s] copying config/tesse_agent_params.yaml -> /home/aimane/vnav23/labs/lab4/install/tesse_ros_bridge/share/tesse_ros_bridge/config
[2.336s] copying config/lidar_params.yaml -> /home/aimane/vnav23/labs/lab4/install/tesse_ros_bridge/share/tesse_ros_bridge/config
[2.337s] copying config/camera_params.yaml -> /home/aimane/vnav23/labs/lab4/install/tesse_ros_bridge/share/tesse_ros_bridge/config
[2.337s] copying config/params.yaml -> /home/aimane/vnav23/labs/lab4/install/tesse_ros_bridge/share/tesse_ros_bridge/config
[2.337s] copying config/object_spawn_params.yaml -> /home/aimane/vnav23/labs/lab4/install/tesse_ros_bridge/share/tesse_ros_bridge/config
[2.338s] copying config/map_tfs.yaml -> /home/aimane/vnav23/labs/lab4/install/tesse_ros_bridge/share/tesse_ros_bridge/config
[2.338s] copying config/noise_model.yaml -> /home/aimane/vnav23/labs/lab4/install/tesse_ros_bridge/share/tesse_ros_bridge/config
[2.338s] running install_egg_info
[2.367s] removing '/home/aimane/vnav23/labs/lab4/install/tesse_ros_bridge/lib/python3.10/site-packages/tesse_ros_bridge-0.0.0-py3.10.egg-info' (and everything under it)
[2.367s] Copying ../../lab4/build/tesse_ros_bridge/tesse_ros_bridge.egg-info to /home/aimane/vnav23/labs/lab4/install/tesse_ros_bridge/lib/python3.10/site-packages/tesse_ros_bridge-0.0.0-py3.10.egg-info
[2.369s] running install_scripts
[2.415s] Installing key_teleop script to /home/aimane/vnav23/labs/lab4/install/tesse_ros_bridge/lib/tesse_ros_bridge
[2.415s] Installing quadrotor_control_interface script to /home/aimane/vnav23/labs/lab4/install/tesse_ros_bridge/lib/tesse_ros_bridge
[2.415s] Installing tesse_ros_node script to /home/aimane/vnav23/labs/lab4/install/tesse_ros_bridge/lib/tesse_ros_bridge
[2.416s] writing list of installed files to '/home/aimane/vnav23/labs/lab4/build/tesse_ros_bridge/install.log'
[2.452s] Invoked command in '/home/aimane/vnav23/labs/lab4/src/tesse_ros_bridge' returned '0': PYTHONPATH=/home/aimane/vnav23/labs/lab4/build/tesse_ros_bridge/prefix_override:/usr/lib/python3/dist-packages/colcon_core/task/python/colcon_distutils_commands:/home/aimane/vnav23/labs/lab4/install/tesse_ros_bridge/lib/python3.10/site-packages:${PYTHONPATH} /usr/bin/python3 -W ignore:setup.py install is deprecated -W ignore:easy_install command is deprecated setup.py egg_info --egg-base ../../lab4/build/tesse_ros_bridge build --build-base /home/aimane/vnav23/labs/lab4/build/tesse_ros_bridge/build install --record /home/aimane/vnav23/labs/lab4/build/tesse_ros_bridge/install.log --single-version-externally-managed install_data
