[0.240s] Invoking command in '/home/aimane/vnav23/labs/lab4/build/mav_msgs': CMAKE_PREFIX_PATH=/home/aimane/mavros_ws/install/mavros_extras:/home/aimane/mavros_ws/install/mavros_examples:/home/aimane/mavros_ws/install/mavros:/home/aimane/mavros_ws/install/mavros_msgs:/home/aimane/mavros_ws/install/libmavconn:/home/aimane/vnav23/labs/lab4/install/trajectory_generation:/home/aimane/vnav23/labs/lab4/install/tesse_msgs:/home/aimane/vnav23/labs/lab4/install/planner_pkg:/home/aimane/vnav23/labs/lab4/install/tesse_ros_bridge:/opt/ros/humble:/home/aimane/vnav23/labs/lab4/install/mav_visualization:/home/aimane/vnav23/labs/lab4/install/mav_trajectory_generation:/home/aimane/vnav23/labs/lab4/install/mav_comm:/home/aimane/vnav23/labs/lab4/install/mav_system_msgs:/home/aimane/vnav23/labs/lab4/install/mav_state_machine_msgs:/home/aimane/vnav23/labs/lab4/install/mav_planning_msgs:/home/aimane/vnav23/labs/lab4/install/controller_pkg:/home/aimane/vnav23/labs/lab4/install/mav_msgs PS1=(lab4_venv) \[[01;32m\]\u@\h\[[00m\]:\[[01;34m\]\w\[[00m\]$ VIRTUAL_ENV_PROMPT=(lab4_venv) /usr/bin/cmake --build /home/aimane/vnav23/labs/lab4/build/mav_msgs -- -j8 -l8
[1.285s] [ 11%] Built target mav_msgs__rosidl_generator_c
[1.285s] [ 12%] Built target mav_msgs__cpp
[1.285s] [ 12%] Built target ament_cmake_python_symlink_mav_msgs
[1.301s] [ 24%] Built target mav_msgs__rosidl_typesupport_fastrtps_c
[1.301s] [ 35%] Built target mav_msgs__rosidl_typesupport_introspection_c
[1.302s] [ 47%] Built target mav_msgs__rosidl_typesupport_introspection_cpp
[1.302s] [ 58%] Built target mav_msgs__rosidl_typesupport_cpp
[1.302s] [ 70%] Built target mav_msgs__rosidl_typesupport_fastrtps_cpp
[1.302s] [ 81%] Built target mav_msgs__rosidl_typesupport_c
[1.303s] [ 81%] Built target mav_msgs
[1.303s] [ 82%] Built target mav_msgs__py
[1.345s] [ 93%] Built target mav_msgs__rosidl_generator_py
[1.459s] [ 95%] Built target mav_msgs__rosidl_typesupport_introspection_c__pyext
[1.464s] [ 97%] Built target mav_msgs__rosidl_typesupport_fastrtps_c__pyext
[1.564s] running egg_info
[1.581s] [100%] Built target mav_msgs__rosidl_typesupport_c__pyext
[1.662s] writing mav_msgs.egg-info/PKG-INFO
[1.663s] writing dependency_links to mav_msgs.egg-info/dependency_links.txt
[1.664s] writing top-level names to mav_msgs.egg-info/top_level.txt
[1.816s] reading manifest file 'mav_msgs.egg-info/SOURCES.txt'
[1.820s] writing manifest file 'mav_msgs.egg-info/SOURCES.txt'
[1.909s] [100%] Built target ament_cmake_python_build_mav_msgs_egg
[2.457s] Invoked command in '/home/aimane/vnav23/labs/lab4/build/mav_msgs' returned '0': CMAKE_PREFIX_PATH=/home/aimane/mavros_ws/install/mavros_extras:/home/aimane/mavros_ws/install/mavros_examples:/home/aimane/mavros_ws/install/mavros:/home/aimane/mavros_ws/install/mavros_msgs:/home/aimane/mavros_ws/install/libmavconn:/home/aimane/vnav23/labs/lab4/install/trajectory_generation:/home/aimane/vnav23/labs/lab4/install/tesse_msgs:/home/aimane/vnav23/labs/lab4/install/planner_pkg:/home/aimane/vnav23/labs/lab4/install/tesse_ros_bridge:/opt/ros/humble:/home/aimane/vnav23/labs/lab4/install/mav_visualization:/home/aimane/vnav23/labs/lab4/install/mav_trajectory_generation:/home/aimane/vnav23/labs/lab4/install/mav_comm:/home/aimane/vnav23/labs/lab4/install/mav_system_msgs:/home/aimane/vnav23/labs/lab4/install/mav_state_machine_msgs:/home/aimane/vnav23/labs/lab4/install/mav_planning_msgs:/home/aimane/vnav23/labs/lab4/install/controller_pkg:/home/aimane/vnav23/labs/lab4/install/mav_msgs PS1=(lab4_venv) \[[01;32m\]\u@\h\[[00m\]:\[[01;34m\]\w\[[00m\]$ VIRTUAL_ENV_PROMPT=(lab4_venv) /usr/bin/cmake --build /home/aimane/vnav23/labs/lab4/build/mav_msgs -- -j8 -l8
[2.458s] Invoking command in '/home/aimane/vnav23/labs/lab4/build/mav_msgs': CMAKE_PREFIX_PATH=/home/aimane/mavros_ws/install/mavros_extras:/home/aimane/mavros_ws/install/mavros_examples:/home/aimane/mavros_ws/install/mavros:/home/aimane/mavros_ws/install/mavros_msgs:/home/aimane/mavros_ws/install/libmavconn:/home/aimane/vnav23/labs/lab4/install/trajectory_generation:/home/aimane/vnav23/labs/lab4/install/tesse_msgs:/home/aimane/vnav23/labs/lab4/install/planner_pkg:/home/aimane/vnav23/labs/lab4/install/tesse_ros_bridge:/opt/ros/humble:/home/aimane/vnav23/labs/lab4/install/mav_visualization:/home/aimane/vnav23/labs/lab4/install/mav_trajectory_generation:/home/aimane/vnav23/labs/lab4/install/mav_comm:/home/aimane/vnav23/labs/lab4/install/mav_system_msgs:/home/aimane/vnav23/labs/lab4/install/mav_state_machine_msgs:/home/aimane/vnav23/labs/lab4/install/mav_planning_msgs:/home/aimane/vnav23/labs/lab4/install/controller_pkg:/home/aimane/vnav23/labs/lab4/install/mav_msgs PS1=(lab4_venv) \[[01;32m\]\u@\h\[[00m\]:\[[01;34m\]\w\[[00m\]$ VIRTUAL_ENV_PROMPT=(lab4_venv) /usr/bin/cmake --install /home/aimane/vnav23/labs/lab4/build/mav_msgs
[2.580s] -- Install configuration: ""
[2.585s] -- Execute custom install script
[2.589s] -- Up-to-date symlink: /home/aimane/vnav23/labs/lab4/install/mav_msgs/share/ament_index/resource_index/rosidl_interfaces/mav_msgs
[2.598s] -- Up-to-date symlink: /home/aimane/vnav23/labs/lab4/install/mav_msgs/include/mav_msgs/mav_msgs/msg/actuators.h
[2.601s] -- Up-to-date symlink: /home/aimane/vnav23/labs/lab4/install/mav_msgs/include/mav_msgs/mav_msgs/msg/attitude_thrust.h
[2.602s] -- Up-to-date symlink: /home/aimane/vnav23/labs/lab4/install/mav_msgs/include/mav_msgs/mav_msgs/msg/detail/actuators__functions.h
[2.602s] -- Up-to-date symlink: /home/aimane/vnav23/labs/lab4/install/mav_msgs/include/mav_msgs/mav_msgs/msg/detail/actuators__struct.h
[2.602s] -- Up-to-date symlink: /home/aimane/vnav23/labs/lab4/install/mav_msgs/include/mav_msgs/mav_msgs/msg/detail/actuators__type_support.h
[2.605s] -- Up-to-date symlink: /home/aimane/vnav23/labs/lab4/install/mav_msgs/include/mav_msgs/mav_msgs/msg/detail/attitude_thrust__functions.h
[2.607s] -- Up-to-date symlink: /home/aimane/vnav23/labs/lab4/install/mav_msgs/include/mav_msgs/mav_msgs/msg/detail/attitude_thrust__struct.h
[2.608s] -- Up-to-date symlink: /home/aimane/vnav23/labs/lab4/install/mav_msgs/include/mav_msgs/mav_msgs/msg/detail/attitude_thrust__type_support.h
[2.608s] -- Up-to-date symlink: /home/aimane/vnav23/labs/lab4/install/mav_msgs/include/mav_msgs/mav_msgs/msg/detail/filtered_sensor_data__functions.h
[2.613s] -- Up-to-date symlink: /home/aimane/vnav23/labs/lab4/install/mav_msgs/include/mav_msgs/mav_msgs/msg/detail/filtered_sensor_data__struct.h
[2.613s] -- Up-to-date symlink: /home/aimane/vnav23/labs/lab4/install/mav_msgs/include/mav_msgs/mav_msgs/msg/detail/filtered_sensor_data__type_support.h
[2.616s] -- Up-to-date symlink: /home/aimane/vnav23/labs/lab4/install/mav_msgs/include/mav_msgs/mav_msgs/msg/detail/gps_waypoint__functions.h
[2.621s] -- Up-to-date symlink: /home/aimane/vnav23/labs/lab4/install/mav_msgs/include/mav_msgs/mav_msgs/msg/detail/gps_waypoint__struct.h
[2.621s] -- Up-to-date symlink: /home/aimane/vnav23/labs/lab4/install/mav_msgs/include/mav_msgs/mav_msgs/msg/detail/gps_waypoint__type_support.h
[2.621s] -- Up-to-date symlink: /home/aimane/vnav23/labs/lab4/install/mav_msgs/include/mav_msgs/mav_msgs/msg/detail/rate_thrust__functions.h
[2.636s] -- Up-to-date symlink: /home/aimane/vnav23/labs/lab4/install/mav_msgs/include/mav_msgs/mav_msgs/msg/detail/rate_thrust__struct.h
[2.636s] -- Up-to-date symlink: /home/aimane/vnav23/labs/lab4/install/mav_msgs/include/mav_msgs/mav_msgs/msg/detail/rate_thrust__type_support.h
[2.637s] -- Up-to-date symlink: /home/aimane/vnav23/labs/lab4/install/mav_msgs/include/mav_msgs/mav_msgs/msg/detail/roll_pitch_yawrate_thrust__functions.h
[2.637s] -- Up-to-date symlink: /home/aimane/vnav23/labs/lab4/install/mav_msgs/include/mav_msgs/mav_msgs/msg/detail/roll_pitch_yawrate_thrust__struct.h
[2.637s] -- Up-to-date symlink: /home/aimane/vnav23/labs/lab4/install/mav_msgs/include/mav_msgs/mav_msgs/msg/detail/roll_pitch_yawrate_thrust__type_support.h
[2.637s] -- Up-to-date symlink: /home/aimane/vnav23/labs/lab4/install/mav_msgs/include/mav_msgs/mav_msgs/msg/detail/status__functions.h
[2.637s] -- Up-to-date symlink: /home/aimane/vnav23/labs/lab4/install/mav_msgs/include/mav_msgs/mav_msgs/msg/detail/status__struct.h
[2.638s] -- Up-to-date symlink: /home/aimane/vnav23/labs/lab4/install/mav_msgs/include/mav_msgs/mav_msgs/msg/detail/status__type_support.h
[2.638s] -- Up-to-date symlink: /home/aimane/vnav23/labs/lab4/install/mav_msgs/include/mav_msgs/mav_msgs/msg/detail/torque_thrust__functions.h
[2.641s] -- Up-to-date symlink: /home/aimane/vnav23/labs/lab4/install/mav_msgs/include/mav_msgs/mav_msgs/msg/detail/torque_thrust__struct.h
[2.642s] -- Up-to-date symlink: /home/aimane/vnav23/labs/lab4/install/mav_msgs/include/mav_msgs/mav_msgs/msg/detail/torque_thrust__type_support.h
[2.642s] -- Up-to-date symlink: /home/aimane/vnav23/labs/lab4/install/mav_msgs/include/mav_msgs/mav_msgs/msg/filtered_sensor_data.h
[2.645s] -- Up-to-date symlink: /home/aimane/vnav23/labs/lab4/install/mav_msgs/include/mav_msgs/mav_msgs/msg/gps_waypoint.h
[2.648s] -- Up-to-date symlink: /home/aimane/vnav23/labs/lab4/install/mav_msgs/include/mav_msgs/mav_msgs/msg/rate_thrust.h
[2.648s] -- Up-to-date symlink: /home/aimane/vnav23/labs/lab4/install/mav_msgs/include/mav_msgs/mav_msgs/msg/roll_pitch_yawrate_thrust.h
[2.649s] -- Up-to-date symlink: /home/aimane/vnav23/labs/lab4/install/mav_msgs/include/mav_msgs/mav_msgs/msg/rosidl_generator_c__visibility_control.h
[2.657s] -- Up-to-date symlink: /home/aimane/vnav23/labs/lab4/install/mav_msgs/include/mav_msgs/mav_msgs/msg/status.h
[2.669s] -- Up-to-date symlink: /home/aimane/vnav23/labs/lab4/install/mav_msgs/include/mav_msgs/mav_msgs/msg/torque_thrust.h
[2.669s] -- Up-to-date symlink: /home/aimane/vnav23/labs/lab4/install/mav_msgs/share/mav_msgs/environment/library_path.sh
[2.670s] -- Up-to-date symlink: /home/aimane/vnav23/labs/lab4/install/mav_msgs/share/mav_msgs/environment/library_path.dsv
[2.670s] -- Up-to-date symlink: /home/aimane/vnav23/labs/lab4/install/mav_msgs/include/mav_msgs/mav_msgs/msg/detail/actuators__rosidl_typesupport_fastrtps_c.h
[2.670s] -- Up-to-date symlink: /home/aimane/vnav23/labs/lab4/install/mav_msgs/include/mav_msgs/mav_msgs/msg/detail/attitude_thrust__rosidl_typesupport_fastrtps_c.h
[2.670s] -- Up-to-date symlink: /home/aimane/vnav23/labs/lab4/install/mav_msgs/include/mav_msgs/mav_msgs/msg/detail/filtered_sensor_data__rosidl_typesupport_fastrtps_c.h
[2.689s] -- Up-to-date symlink: /home/aimane/vnav23/labs/lab4/install/mav_msgs/include/mav_msgs/mav_msgs/msg/detail/gps_waypoint__rosidl_typesupport_fastrtps_c.h
[2.689s] -- Up-to-date symlink: /home/aimane/vnav23/labs/lab4/install/mav_msgs/include/mav_msgs/mav_msgs/msg/detail/rate_thrust__rosidl_typesupport_fastrtps_c.h
[2.690s] -- Up-to-date symlink: /home/aimane/vnav23/labs/lab4/install/mav_msgs/include/mav_msgs/mav_msgs/msg/detail/roll_pitch_yawrate_thrust__rosidl_typesupport_fastrtps_c.h
[2.691s] -- Up-to-date symlink: /home/aimane/vnav23/labs/lab4/install/mav_msgs/include/mav_msgs/mav_msgs/msg/detail/status__rosidl_typesupport_fastrtps_c.h
[2.699s] -- Up-to-date symlink: /home/aimane/vnav23/labs/lab4/install/mav_msgs/include/mav_msgs/mav_msgs/msg/detail/torque_thrust__rosidl_typesupport_fastrtps_c.h
[2.700s] -- Up-to-date symlink: /home/aimane/vnav23/labs/lab4/install/mav_msgs/include/mav_msgs/mav_msgs/msg/rosidl_typesupport_fastrtps_c__visibility_control.h
[2.700s] -- Up-to-date symlink: /home/aimane/vnav23/labs/lab4/install/mav_msgs/include/mav_msgs/mav_msgs/msg/detail/actuators__rosidl_typesupport_introspection_c.h
[2.700s] -- Up-to-date symlink: /home/aimane/vnav23/labs/lab4/install/mav_msgs/include/mav_msgs/mav_msgs/msg/detail/attitude_thrust__rosidl_typesupport_introspection_c.h
[2.700s] -- Up-to-date symlink: /home/aimane/vnav23/labs/lab4/install/mav_msgs/include/mav_msgs/mav_msgs/msg/detail/filtered_sensor_data__rosidl_typesupport_introspection_c.h
[2.701s] -- Up-to-date symlink: /home/aimane/vnav23/labs/lab4/install/mav_msgs/include/mav_msgs/mav_msgs/msg/detail/gps_waypoint__rosidl_typesupport_introspection_c.h
[2.701s] -- Up-to-date symlink: /home/aimane/vnav23/labs/lab4/install/mav_msgs/include/mav_msgs/mav_msgs/msg/detail/rate_thrust__rosidl_typesupport_introspection_c.h
[2.701s] -- Up-to-date symlink: /home/aimane/vnav23/labs/lab4/install/mav_msgs/include/mav_msgs/mav_msgs/msg/detail/roll_pitch_yawrate_thrust__rosidl_typesupport_introspection_c.h
[2.702s] -- Up-to-date symlink: /home/aimane/vnav23/labs/lab4/install/mav_msgs/include/mav_msgs/mav_msgs/msg/detail/status__rosidl_typesupport_introspection_c.h
[2.702s] -- Up-to-date symlink: /home/aimane/vnav23/labs/lab4/install/mav_msgs/include/mav_msgs/mav_msgs/msg/detail/torque_thrust__rosidl_typesupport_introspection_c.h
[2.702s] -- Up-to-date symlink: /home/aimane/vnav23/labs/lab4/install/mav_msgs/include/mav_msgs/mav_msgs/msg/rosidl_typesupport_introspection_c__visibility_control.h
[2.702s] -- Up-to-date symlink: /home/aimane/vnav23/labs/lab4/install/mav_msgs/include/mav_msgs/mav_msgs/msg/actuators.hpp
[2.706s] -- Up-to-date symlink: /home/aimane/vnav23/labs/lab4/install/mav_msgs/include/mav_msgs/mav_msgs/msg/attitude_thrust.hpp
[2.706s] -- Up-to-date symlink: /home/aimane/vnav23/labs/lab4/install/mav_msgs/include/mav_msgs/mav_msgs/msg/detail/actuators__builder.hpp
[2.706s] -- Up-to-date symlink: /home/aimane/vnav23/labs/lab4/install/mav_msgs/include/mav_msgs/mav_msgs/msg/detail/actuators__struct.hpp
[2.706s] -- Up-to-date symlink: /home/aimane/vnav23/labs/lab4/install/mav_msgs/include/mav_msgs/mav_msgs/msg/detail/actuators__traits.hpp
[2.707s] -- Up-to-date symlink: /home/aimane/vnav23/labs/lab4/install/mav_msgs/include/mav_msgs/mav_msgs/msg/detail/actuators__type_support.hpp
[2.707s] -- Up-to-date symlink: /home/aimane/vnav23/labs/lab4/install/mav_msgs/include/mav_msgs/mav_msgs/msg/detail/attitude_thrust__builder.hpp
[2.707s] -- Up-to-date symlink: /home/aimane/vnav23/labs/lab4/install/mav_msgs/include/mav_msgs/mav_msgs/msg/detail/attitude_thrust__struct.hpp
[2.707s] -- Up-to-date symlink: /home/aimane/vnav23/labs/lab4/install/mav_msgs/include/mav_msgs/mav_msgs/msg/detail/attitude_thrust__traits.hpp
[2.708s] -- Up-to-date symlink: /home/aimane/vnav23/labs/lab4/install/mav_msgs/include/mav_msgs/mav_msgs/msg/detail/attitude_thrust__type_support.hpp
[2.708s] -- Up-to-date symlink: /home/aimane/vnav23/labs/lab4/install/mav_msgs/include/mav_msgs/mav_msgs/msg/detail/filtered_sensor_data__builder.hpp
[2.708s] -- Up-to-date symlink: /home/aimane/vnav23/labs/lab4/install/mav_msgs/include/mav_msgs/mav_msgs/msg/detail/filtered_sensor_data__struct.hpp
[2.708s] -- Up-to-date symlink: /home/aimane/vnav23/labs/lab4/install/mav_msgs/include/mav_msgs/mav_msgs/msg/detail/filtered_sensor_data__traits.hpp
[2.712s] -- Up-to-date symlink: /home/aimane/vnav23/labs/lab4/install/mav_msgs/include/mav_msgs/mav_msgs/msg/detail/filtered_sensor_data__type_support.hpp
[2.712s] -- Up-to-date symlink: /home/aimane/vnav23/labs/lab4/install/mav_msgs/include/mav_msgs/mav_msgs/msg/detail/gps_waypoint__builder.hpp
[2.712s] -- Up-to-date symlink: /home/aimane/vnav23/labs/lab4/install/mav_msgs/include/mav_msgs/mav_msgs/msg/detail/gps_waypoint__struct.hpp
[2.713s] -- Up-to-date symlink: /home/aimane/vnav23/labs/lab4/install/mav_msgs/include/mav_msgs/mav_msgs/msg/detail/gps_waypoint__traits.hpp
[2.713s] -- Up-to-date symlink: /home/aimane/vnav23/labs/lab4/install/mav_msgs/include/mav_msgs/mav_msgs/msg/detail/gps_waypoint__type_support.hpp
[2.713s] -- Up-to-date symlink: /home/aimane/vnav23/labs/lab4/install/mav_msgs/include/mav_msgs/mav_msgs/msg/detail/rate_thrust__builder.hpp
[2.713s] -- Up-to-date symlink: /home/aimane/vnav23/labs/lab4/install/mav_msgs/include/mav_msgs/mav_msgs/msg/detail/rate_thrust__struct.hpp
[2.713s] -- Up-to-date symlink: /home/aimane/vnav23/labs/lab4/install/mav_msgs/include/mav_msgs/mav_msgs/msg/detail/rate_thrust__traits.hpp
[2.714s] -- Up-to-date symlink: /home/aimane/vnav23/labs/lab4/install/mav_msgs/include/mav_msgs/mav_msgs/msg/detail/rate_thrust__type_support.hpp
[2.714s] -- Up-to-date symlink: /home/aimane/vnav23/labs/lab4/install/mav_msgs/include/mav_msgs/mav_msgs/msg/detail/roll_pitch_yawrate_thrust__builder.hpp
[2.714s] -- Up-to-date symlink: /home/aimane/vnav23/labs/lab4/install/mav_msgs/include/mav_msgs/mav_msgs/msg/detail/roll_pitch_yawrate_thrust__struct.hpp
[2.714s] -- Up-to-date symlink: /home/aimane/vnav23/labs/lab4/install/mav_msgs/include/mav_msgs/mav_msgs/msg/detail/roll_pitch_yawrate_thrust__traits.hpp
[2.721s] -- Up-to-date symlink: /home/aimane/vnav23/labs/lab4/install/mav_msgs/include/mav_msgs/mav_msgs/msg/detail/roll_pitch_yawrate_thrust__type_support.hpp
[2.721s] -- Up-to-date symlink: /home/aimane/vnav23/labs/lab4/install/mav_msgs/include/mav_msgs/mav_msgs/msg/detail/status__builder.hpp
[2.721s] -- Up-to-date symlink: /home/aimane/vnav23/labs/lab4/install/mav_msgs/include/mav_msgs/mav_msgs/msg/detail/status__struct.hpp
[2.722s] -- Up-to-date symlink: /home/aimane/vnav23/labs/lab4/install/mav_msgs/include/mav_msgs/mav_msgs/msg/detail/status__traits.hpp
[2.722s] -- Up-to-date symlink: /home/aimane/vnav23/labs/lab4/install/mav_msgs/include/mav_msgs/mav_msgs/msg/detail/status__type_support.hpp
[2.727s] -- Up-to-date symlink: /home/aimane/vnav23/labs/lab4/install/mav_msgs/include/mav_msgs/mav_msgs/msg/detail/torque_thrust__builder.hpp
[2.727s] -- Up-to-date symlink: /home/aimane/vnav23/labs/lab4/install/mav_msgs/include/mav_msgs/mav_msgs/msg/detail/torque_thrust__struct.hpp
[2.728s] -- Up-to-date symlink: /home/aimane/vnav23/labs/lab4/install/mav_msgs/include/mav_msgs/mav_msgs/msg/detail/torque_thrust__traits.hpp
[2.728s] -- Up-to-date symlink: /home/aimane/vnav23/labs/lab4/install/mav_msgs/include/mav_msgs/mav_msgs/msg/detail/torque_thrust__type_support.hpp
[2.728s] -- Up-to-date symlink: /home/aimane/vnav23/labs/lab4/install/mav_msgs/include/mav_msgs/mav_msgs/msg/filtered_sensor_data.hpp
[2.728s] -- Up-to-date symlink: /home/aimane/vnav23/labs/lab4/install/mav_msgs/include/mav_msgs/mav_msgs/msg/gps_waypoint.hpp
[2.728s] -- Up-to-date symlink: /home/aimane/vnav23/labs/lab4/install/mav_msgs/include/mav_msgs/mav_msgs/msg/rate_thrust.hpp
[2.729s] -- Up-to-date symlink: /home/aimane/vnav23/labs/lab4/install/mav_msgs/include/mav_msgs/mav_msgs/msg/roll_pitch_yawrate_thrust.hpp
[2.729s] -- Up-to-date symlink: /home/aimane/vnav23/labs/lab4/install/mav_msgs/include/mav_msgs/mav_msgs/msg/rosidl_generator_cpp__visibility_control.hpp
[2.729s] -- Up-to-date symlink: /home/aimane/vnav23/labs/lab4/install/mav_msgs/include/mav_msgs/mav_msgs/msg/status.hpp
[2.729s] -- Up-to-date symlink: /home/aimane/vnav23/labs/lab4/install/mav_msgs/include/mav_msgs/mav_msgs/msg/torque_thrust.hpp
[2.729s] -- Up-to-date symlink: /home/aimane/vnav23/labs/lab4/install/mav_msgs/include/mav_msgs/mav_msgs/msg/detail/actuators__rosidl_typesupport_fastrtps_cpp.hpp
[2.730s] -- Up-to-date symlink: /home/aimane/vnav23/labs/lab4/install/mav_msgs/include/mav_msgs/mav_msgs/msg/detail/attitude_thrust__rosidl_typesupport_fastrtps_cpp.hpp
[2.730s] -- Up-to-date symlink: /home/aimane/vnav23/labs/lab4/install/mav_msgs/include/mav_msgs/mav_msgs/msg/detail/filtered_sensor_data__rosidl_typesupport_fastrtps_cpp.hpp
[2.730s] -- Up-to-date symlink: /home/aimane/vnav23/labs/lab4/install/mav_msgs/include/mav_msgs/mav_msgs/msg/detail/gps_waypoint__rosidl_typesupport_fastrtps_cpp.hpp
[2.730s] -- Up-to-date symlink: /home/aimane/vnav23/labs/lab4/install/mav_msgs/include/mav_msgs/mav_msgs/msg/detail/rate_thrust__rosidl_typesupport_fastrtps_cpp.hpp
[2.730s] -- Up-to-date symlink: /home/aimane/vnav23/labs/lab4/install/mav_msgs/include/mav_msgs/mav_msgs/msg/detail/roll_pitch_yawrate_thrust__rosidl_typesupport_fastrtps_cpp.hpp
[2.733s] -- Up-to-date symlink: /home/aimane/vnav23/labs/lab4/install/mav_msgs/include/mav_msgs/mav_msgs/msg/detail/status__rosidl_typesupport_fastrtps_cpp.hpp
[2.735s] -- Up-to-date symlink: /home/aimane/vnav23/labs/lab4/install/mav_msgs/include/mav_msgs/mav_msgs/msg/detail/torque_thrust__rosidl_typesupport_fastrtps_cpp.hpp
[2.736s] -- Up-to-date symlink: /home/aimane/vnav23/labs/lab4/install/mav_msgs/include/mav_msgs/mav_msgs/msg/rosidl_typesupport_fastrtps_cpp__visibility_control.h
[2.736s] -- Up-to-date symlink: /home/aimane/vnav23/labs/lab4/install/mav_msgs/include/mav_msgs/mav_msgs/msg/detail/actuators__rosidl_typesupport_introspection_cpp.hpp
[2.736s] -- Up-to-date symlink: /home/aimane/vnav23/labs/lab4/install/mav_msgs/include/mav_msgs/mav_msgs/msg/detail/attitude_thrust__rosidl_typesupport_introspection_cpp.hpp
[2.739s] -- Up-to-date symlink: /home/aimane/vnav23/labs/lab4/install/mav_msgs/include/mav_msgs/mav_msgs/msg/detail/filtered_sensor_data__rosidl_typesupport_introspection_cpp.hpp
[2.739s] -- Up-to-date symlink: /home/aimane/vnav23/labs/lab4/install/mav_msgs/include/mav_msgs/mav_msgs/msg/detail/gps_waypoint__rosidl_typesupport_introspection_cpp.hpp
[2.740s] -- Up-to-date symlink: /home/aimane/vnav23/labs/lab4/install/mav_msgs/include/mav_msgs/mav_msgs/msg/detail/rate_thrust__rosidl_typesupport_introspection_cpp.hpp
[2.741s] -- Up-to-date symlink: /home/aimane/vnav23/labs/lab4/install/mav_msgs/include/mav_msgs/mav_msgs/msg/detail/roll_pitch_yawrate_thrust__rosidl_typesupport_introspection_cpp.hpp
[2.744s] -- Up-to-date symlink: /home/aimane/vnav23/labs/lab4/install/mav_msgs/include/mav_msgs/mav_msgs/msg/detail/status__rosidl_typesupport_introspection_cpp.hpp
[2.744s] -- Up-to-date symlink: /home/aimane/vnav23/labs/lab4/install/mav_msgs/include/mav_msgs/mav_msgs/msg/detail/torque_thrust__rosidl_typesupport_introspection_cpp.hpp
[2.745s] -- Up-to-date symlink: /home/aimane/vnav23/labs/lab4/install/mav_msgs/share/mav_msgs/environment/pythonpath.sh
[2.748s] -- Up-to-date symlink: /home/aimane/vnav23/labs/lab4/install/mav_msgs/share/mav_msgs/environment/pythonpath.dsv
[2.753s] -- Up-to-date symlink: /home/aimane/vnav23/labs/lab4/install/mav_msgs/local/lib/python3.10/dist-packages/mav_msgs-3.3.3-py3.10.egg-info/PKG-INFO
[2.753s] -- Up-to-date symlink: /home/aimane/vnav23/labs/lab4/install/mav_msgs/local/lib/python3.10/dist-packages/mav_msgs-3.3.3-py3.10.egg-info/SOURCES.txt
[2.755s] -- Up-to-date symlink: /home/aimane/vnav23/labs/lab4/install/mav_msgs/local/lib/python3.10/dist-packages/mav_msgs-3.3.3-py3.10.egg-info/dependency_links.txt
[2.755s] -- Up-to-date symlink: /home/aimane/vnav23/labs/lab4/install/mav_msgs/local/lib/python3.10/dist-packages/mav_msgs-3.3.3-py3.10.egg-info/top_level.txt
[2.758s] -- Up-to-date symlink: /home/aimane/vnav23/labs/lab4/install/mav_msgs/local/lib/python3.10/dist-packages/mav_msgs/__init__.py
[2.759s] -- Up-to-date symlink: /home/aimane/vnav23/labs/lab4/install/mav_msgs/local/lib/python3.10/dist-packages/mav_msgs/_mav_msgs_s.ep.rosidl_typesupport_c.c
[2.759s] -- Up-to-date symlink: /home/aimane/vnav23/labs/lab4/install/mav_msgs/local/lib/python3.10/dist-packages/mav_msgs/_mav_msgs_s.ep.rosidl_typesupport_fastrtps_c.c
[2.761s] -- Up-to-date symlink: /home/aimane/vnav23/labs/lab4/install/mav_msgs/local/lib/python3.10/dist-packages/mav_msgs/_mav_msgs_s.ep.rosidl_typesupport_introspection_c.c
[2.762s] -- Up-to-date symlink: /home/aimane/vnav23/labs/lab4/install/mav_msgs/local/lib/python3.10/dist-packages/mav_msgs/libmav_msgs__rosidl_generator_py.so
[2.763s] -- Up-to-date symlink: /home/aimane/vnav23/labs/lab4/install/mav_msgs/local/lib/python3.10/dist-packages/mav_msgs/mav_msgs_s__rosidl_typesupport_c.cpython-310-x86_64-linux-gnu.so
[2.764s] -- Up-to-date symlink: /home/aimane/vnav23/labs/lab4/install/mav_msgs/local/lib/python3.10/dist-packages/mav_msgs/mav_msgs_s__rosidl_typesupport_fastrtps_c.cpython-310-x86_64-linux-gnu.so
[2.765s] -- Up-to-date symlink: /home/aimane/vnav23/labs/lab4/install/mav_msgs/local/lib/python3.10/dist-packages/mav_msgs/mav_msgs_s__rosidl_typesupport_introspection_c.cpython-310-x86_64-linux-gnu.so
[2.765s] -- Up-to-date symlink: /home/aimane/vnav23/labs/lab4/install/mav_msgs/local/lib/python3.10/dist-packages/mav_msgs/msg/__init__.py
[2.765s] -- Up-to-date symlink: /home/aimane/vnav23/labs/lab4/install/mav_msgs/local/lib/python3.10/dist-packages/mav_msgs/msg/_actuators.py
[2.766s] -- Up-to-date symlink: /home/aimane/vnav23/labs/lab4/install/mav_msgs/local/lib/python3.10/dist-packages/mav_msgs/msg/_actuators_s.c
[2.766s] -- Up-to-date symlink: /home/aimane/vnav23/labs/lab4/install/mav_msgs/local/lib/python3.10/dist-packages/mav_msgs/msg/_attitude_thrust.py
[2.766s] -- Up-to-date symlink: /home/aimane/vnav23/labs/lab4/install/mav_msgs/local/lib/python3.10/dist-packages/mav_msgs/msg/_attitude_thrust_s.c
[2.768s] -- Up-to-date symlink: /home/aimane/vnav23/labs/lab4/install/mav_msgs/local/lib/python3.10/dist-packages/mav_msgs/msg/_filtered_sensor_data.py
[2.769s] -- Up-to-date symlink: /home/aimane/vnav23/labs/lab4/install/mav_msgs/local/lib/python3.10/dist-packages/mav_msgs/msg/_filtered_sensor_data_s.c
[2.769s] -- Up-to-date symlink: /home/aimane/vnav23/labs/lab4/install/mav_msgs/local/lib/python3.10/dist-packages/mav_msgs/msg/_gps_waypoint.py
[2.770s] -- Up-to-date symlink: /home/aimane/vnav23/labs/lab4/install/mav_msgs/local/lib/python3.10/dist-packages/mav_msgs/msg/_gps_waypoint_s.c
[2.770s] -- Up-to-date symlink: /home/aimane/vnav23/labs/lab4/install/mav_msgs/local/lib/python3.10/dist-packages/mav_msgs/msg/_rate_thrust.py
[2.771s] -- Up-to-date symlink: /home/aimane/vnav23/labs/lab4/install/mav_msgs/local/lib/python3.10/dist-packages/mav_msgs/msg/_rate_thrust_s.c
[2.771s] -- Up-to-date symlink: /home/aimane/vnav23/labs/lab4/install/mav_msgs/local/lib/python3.10/dist-packages/mav_msgs/msg/_roll_pitch_yawrate_thrust.py
[2.771s] -- Up-to-date symlink: /home/aimane/vnav23/labs/lab4/install/mav_msgs/local/lib/python3.10/dist-packages/mav_msgs/msg/_roll_pitch_yawrate_thrust_s.c
[2.771s] -- Up-to-date symlink: /home/aimane/vnav23/labs/lab4/install/mav_msgs/local/lib/python3.10/dist-packages/mav_msgs/msg/_status.py
[2.772s] -- Up-to-date symlink: /home/aimane/vnav23/labs/lab4/install/mav_msgs/local/lib/python3.10/dist-packages/mav_msgs/msg/_status_s.c
[2.772s] -- Up-to-date symlink: /home/aimane/vnav23/labs/lab4/install/mav_msgs/local/lib/python3.10/dist-packages/mav_msgs/msg/_torque_thrust.py
[2.772s] -- Up-to-date symlink: /home/aimane/vnav23/labs/lab4/install/mav_msgs/local/lib/python3.10/dist-packages/mav_msgs/msg/_torque_thrust_s.c
[2.772s] -- Up-to-date symlink: /home/aimane/vnav23/labs/lab4/install/mav_msgs/local/lib/python3.10/dist-packages/mav_msgs/mav_msgs_s__rosidl_typesupport_fastrtps_c.cpython-310-x86_64-linux-gnu.so
[2.772s] -- Up-to-date symlink: /home/aimane/vnav23/labs/lab4/install/mav_msgs/local/lib/python3.10/dist-packages/mav_msgs/mav_msgs_s__rosidl_typesupport_introspection_c.cpython-310-x86_64-linux-gnu.so
[2.773s] -- Up-to-date symlink: /home/aimane/vnav23/labs/lab4/install/mav_msgs/local/lib/python3.10/dist-packages/mav_msgs/mav_msgs_s__rosidl_typesupport_c.cpython-310-x86_64-linux-gnu.so
[2.773s] -- Up-to-date symlink: /home/aimane/vnav23/labs/lab4/install/mav_msgs/share/mav_msgs/msg/Actuators.idl
[2.773s] -- Up-to-date symlink: /home/aimane/vnav23/labs/lab4/install/mav_msgs/share/mav_msgs/msg/AttitudeThrust.idl
[2.773s] -- Up-to-date symlink: /home/aimane/vnav23/labs/lab4/install/mav_msgs/share/mav_msgs/msg/FilteredSensorData.idl
[2.773s] -- Up-to-date symlink: /home/aimane/vnav23/labs/lab4/install/mav_msgs/share/mav_msgs/msg/GpsWaypoint.idl
[2.774s] -- Up-to-date symlink: /home/aimane/vnav23/labs/lab4/install/mav_msgs/share/mav_msgs/msg/RateThrust.idl
[2.774s] -- Up-to-date symlink: /home/aimane/vnav23/labs/lab4/install/mav_msgs/share/mav_msgs/msg/RollPitchYawrateThrust.idl
[2.774s] -- Up-to-date symlink: /home/aimane/vnav23/labs/lab4/install/mav_msgs/share/mav_msgs/msg/Status.idl
[2.774s] -- Up-to-date symlink: /home/aimane/vnav23/labs/lab4/install/mav_msgs/share/mav_msgs/msg/TorqueThrust.idl
[2.774s] -- Up-to-date symlink: /home/aimane/vnav23/labs/lab4/install/mav_msgs/share/mav_msgs/msg/Actuators.msg
[2.775s] -- Up-to-date symlink: /home/aimane/vnav23/labs/lab4/install/mav_msgs/share/mav_msgs/msg/AttitudeThrust.msg
[2.775s] -- Up-to-date symlink: /home/aimane/vnav23/labs/lab4/install/mav_msgs/share/mav_msgs/msg/FilteredSensorData.msg
[2.775s] -- Up-to-date symlink: /home/aimane/vnav23/labs/lab4/install/mav_msgs/share/mav_msgs/msg/GpsWaypoint.msg
[2.775s] -- Up-to-date symlink: /home/aimane/vnav23/labs/lab4/install/mav_msgs/share/mav_msgs/msg/RateThrust.msg
[2.775s] -- Up-to-date symlink: /home/aimane/vnav23/labs/lab4/install/mav_msgs/share/mav_msgs/msg/RollPitchYawrateThrust.msg
[2.776s] -- Up-to-date symlink: /home/aimane/vnav23/labs/lab4/install/mav_msgs/share/mav_msgs/msg/Status.msg
[2.776s] -- Up-to-date symlink: /home/aimane/vnav23/labs/lab4/install/mav_msgs/share/mav_msgs/msg/TorqueThrust.msg
[2.776s] -- Up-to-date symlink: /home/aimane/vnav23/labs/lab4/install/mav_msgs/share/ament_index/resource_index/package_run_dependencies/mav_msgs
[2.776s] -- Up-to-date symlink: /home/aimane/vnav23/labs/lab4/install/mav_msgs/share/ament_index/resource_index/parent_prefix_path/mav_msgs
[2.776s] -- Up-to-date symlink: /home/aimane/vnav23/labs/lab4/install/mav_msgs/share/mav_msgs/environment/ament_prefix_path.sh
[2.777s] -- Up-to-date symlink: /home/aimane/vnav23/labs/lab4/install/mav_msgs/share/mav_msgs/environment/ament_prefix_path.dsv
[2.777s] -- Up-to-date symlink: /home/aimane/vnav23/labs/lab4/install/mav_msgs/share/mav_msgs/environment/path.sh
[2.777s] -- Up-to-date symlink: /home/aimane/vnav23/labs/lab4/install/mav_msgs/share/mav_msgs/environment/path.dsv
[2.777s] -- Up-to-date symlink: /home/aimane/vnav23/labs/lab4/install/mav_msgs/share/mav_msgs/local_setup.bash
[2.777s] -- Up-to-date symlink: /home/aimane/vnav23/labs/lab4/install/mav_msgs/share/mav_msgs/local_setup.sh
[2.778s] -- Up-to-date symlink: /home/aimane/vnav23/labs/lab4/install/mav_msgs/share/mav_msgs/local_setup.zsh
[2.778s] -- Up-to-date symlink: /home/aimane/vnav23/labs/lab4/install/mav_msgs/share/mav_msgs/local_setup.dsv
[2.778s] -- Symlinking: /home/aimane/vnav23/labs/lab4/install/mav_msgs/share/mav_msgs/package.dsv
[2.809s] -- Up-to-date symlink: /home/aimane/vnav23/labs/lab4/install/mav_msgs/share/ament_index/resource_index/packages/mav_msgs
[2.809s] -- Up-to-date symlink: /home/aimane/vnav23/labs/lab4/install/mav_msgs/share/mav_msgs/cmake/rosidl_cmake-extras.cmake
[2.810s] -- Up-to-date symlink: /home/aimane/vnav23/labs/lab4/install/mav_msgs/share/mav_msgs/cmake/ament_cmake_export_dependencies-extras.cmake
[2.810s] -- Up-to-date symlink: /home/aimane/vnav23/labs/lab4/install/mav_msgs/share/mav_msgs/cmake/ament_cmake_export_include_directories-extras.cmake
[2.811s] -- Up-to-date symlink: /home/aimane/vnav23/labs/lab4/install/mav_msgs/share/mav_msgs/cmake/ament_cmake_export_libraries-extras.cmake
[2.811s] -- Up-to-date symlink: /home/aimane/vnav23/labs/lab4/install/mav_msgs/share/mav_msgs/cmake/ament_cmake_export_targets-extras.cmake
[2.811s] -- Up-to-date symlink: /home/aimane/vnav23/labs/lab4/install/mav_msgs/share/mav_msgs/cmake/rosidl_cmake_export_typesupport_targets-extras.cmake
[2.812s] -- Up-to-date symlink: /home/aimane/vnav23/labs/lab4/install/mav_msgs/share/mav_msgs/cmake/rosidl_cmake_export_typesupport_libraries-extras.cmake
[2.813s] -- Up-to-date symlink: /home/aimane/vnav23/labs/lab4/install/mav_msgs/share/mav_msgs/cmake/mav_msgsConfig.cmake
[2.813s] -- Up-to-date symlink: /home/aimane/vnav23/labs/lab4/install/mav_msgs/share/mav_msgs/cmake/mav_msgsConfig-version.cmake
[2.814s] -- Up-to-date symlink: /home/aimane/vnav23/labs/lab4/install/mav_msgs/share/mav_msgs/package.xml
[2.814s] -- Up-to-date: /home/aimane/vnav23/labs/lab4/install/mav_msgs/lib/libmav_msgs__rosidl_generator_c.so
[2.817s] -- Up-to-date: /home/aimane/vnav23/labs/lab4/install/mav_msgs/lib/libmav_msgs__rosidl_typesupport_fastrtps_c.so
[2.818s] -- Up-to-date: /home/aimane/vnav23/labs/lab4/install/mav_msgs/lib/libmav_msgs__rosidl_typesupport_introspection_c.so
[2.820s] -- Up-to-date: /home/aimane/vnav23/labs/lab4/install/mav_msgs/lib/libmav_msgs__rosidl_typesupport_c.so
[2.821s] -- Up-to-date: /home/aimane/vnav23/labs/lab4/install/mav_msgs/lib/libmav_msgs__rosidl_typesupport_fastrtps_cpp.so
[2.823s] -- Up-to-date: /home/aimane/vnav23/labs/lab4/install/mav_msgs/lib/libmav_msgs__rosidl_typesupport_introspection_cpp.so
[2.824s] -- Up-to-date: /home/aimane/vnav23/labs/lab4/install/mav_msgs/lib/libmav_msgs__rosidl_typesupport_cpp.so
[2.949s] Listing '/home/aimane/vnav23/labs/lab4/install/mav_msgs/local/lib/python3.10/dist-packages/mav_msgs'...
[2.949s] Listing '/home/aimane/vnav23/labs/lab4/install/mav_msgs/local/lib/python3.10/dist-packages/mav_msgs/msg'...
[2.968s] -- Up-to-date: /home/aimane/vnav23/labs/lab4/install/mav_msgs/lib/libmav_msgs__rosidl_generator_py.so
[2.969s] -- Up-to-date: /home/aimane/vnav23/labs/lab4/install/mav_msgs/include/mav_msgs
[2.969s] -- Up-to-date: /home/aimane/vnav23/labs/lab4/install/mav_msgs/include/mav_msgs/default_topics.hpp
[2.969s] -- Up-to-date: /home/aimane/vnav23/labs/lab4/install/mav_msgs/include/mav_msgs/conversions.hpp
[2.969s] -- Up-to-date: /home/aimane/vnav23/labs/lab4/install/mav_msgs/include/mav_msgs/common.hpp
[2.969s] -- Up-to-date: /home/aimane/vnav23/labs/lab4/install/mav_msgs/include/mav_msgs/default_values.hpp
[2.970s] -- Up-to-date: /home/aimane/vnav23/labs/lab4/install/mav_msgs/include/mav_msgs/eigen_mav_msgs.hpp
[2.970s] -- Up-to-date: /home/aimane/vnav23/labs/lab4/install/mav_msgs/share/mav_msgs/cmake/export_mav_msgs__rosidl_generator_cExport.cmake
[2.970s] -- Up-to-date: /home/aimane/vnav23/labs/lab4/install/mav_msgs/share/mav_msgs/cmake/export_mav_msgs__rosidl_generator_cExport-noconfig.cmake
[2.970s] -- Up-to-date: /home/aimane/vnav23/labs/lab4/install/mav_msgs/share/mav_msgs/cmake/export_mav_msgs__rosidl_typesupport_fastrtps_cExport.cmake
[2.971s] -- Up-to-date: /home/aimane/vnav23/labs/lab4/install/mav_msgs/share/mav_msgs/cmake/export_mav_msgs__rosidl_typesupport_fastrtps_cExport-noconfig.cmake
[2.971s] -- Up-to-date: /home/aimane/vnav23/labs/lab4/install/mav_msgs/share/mav_msgs/cmake/mav_msgs__rosidl_typesupport_introspection_cExport.cmake
[2.971s] -- Up-to-date: /home/aimane/vnav23/labs/lab4/install/mav_msgs/share/mav_msgs/cmake/mav_msgs__rosidl_typesupport_introspection_cExport-noconfig.cmake
[2.973s] -- Up-to-date: /home/aimane/vnav23/labs/lab4/install/mav_msgs/share/mav_msgs/cmake/mav_msgs__rosidl_typesupport_cExport.cmake
[2.974s] -- Up-to-date: /home/aimane/vnav23/labs/lab4/install/mav_msgs/share/mav_msgs/cmake/mav_msgs__rosidl_typesupport_cExport-noconfig.cmake
[2.974s] -- Up-to-date: /home/aimane/vnav23/labs/lab4/install/mav_msgs/share/mav_msgs/cmake/export_mav_msgs__rosidl_generator_cppExport.cmake
[2.974s] -- Up-to-date: /home/aimane/vnav23/labs/lab4/install/mav_msgs/share/mav_msgs/cmake/export_mav_msgs__rosidl_typesupport_fastrtps_cppExport.cmake
[2.974s] -- Up-to-date: /home/aimane/vnav23/labs/lab4/install/mav_msgs/share/mav_msgs/cmake/export_mav_msgs__rosidl_typesupport_fastrtps_cppExport-noconfig.cmake
[2.974s] -- Up-to-date: /home/aimane/vnav23/labs/lab4/install/mav_msgs/share/mav_msgs/cmake/mav_msgs__rosidl_typesupport_introspection_cppExport.cmake
[2.975s] -- Up-to-date: /home/aimane/vnav23/labs/lab4/install/mav_msgs/share/mav_msgs/cmake/mav_msgs__rosidl_typesupport_introspection_cppExport-noconfig.cmake
[2.975s] -- Up-to-date: /home/aimane/vnav23/labs/lab4/install/mav_msgs/share/mav_msgs/cmake/mav_msgs__rosidl_typesupport_cppExport.cmake
[2.975s] -- Up-to-date: /home/aimane/vnav23/labs/lab4/install/mav_msgs/share/mav_msgs/cmake/mav_msgs__rosidl_typesupport_cppExport-noconfig.cmake
[2.975s] -- Up-to-date: /home/aimane/vnav23/labs/lab4/install/mav_msgs/share/mav_msgs/cmake/export_mav_msgs__rosidl_generator_pyExport.cmake
[2.975s] -- Up-to-date: /home/aimane/vnav23/labs/lab4/install/mav_msgs/share/mav_msgs/cmake/export_mav_msgs__rosidl_generator_pyExport-noconfig.cmake
[2.975s] -- Up-to-date: /home/aimane/vnav23/labs/lab4/install/mav_msgs/share/mav_msgs/cmake/mav_msgsTargetsExport.cmake
[2.983s] Invoked command in '/home/aimane/vnav23/labs/lab4/build/mav_msgs' returned '0': CMAKE_PREFIX_PATH=/home/aimane/mavros_ws/install/mavros_extras:/home/aimane/mavros_ws/install/mavros_examples:/home/aimane/mavros_ws/install/mavros:/home/aimane/mavros_ws/install/mavros_msgs:/home/aimane/mavros_ws/install/libmavconn:/home/aimane/vnav23/labs/lab4/install/trajectory_generation:/home/aimane/vnav23/labs/lab4/install/tesse_msgs:/home/aimane/vnav23/labs/lab4/install/planner_pkg:/home/aimane/vnav23/labs/lab4/install/tesse_ros_bridge:/opt/ros/humble:/home/aimane/vnav23/labs/lab4/install/mav_visualization:/home/aimane/vnav23/labs/lab4/install/mav_trajectory_generation:/home/aimane/vnav23/labs/lab4/install/mav_comm:/home/aimane/vnav23/labs/lab4/install/mav_system_msgs:/home/aimane/vnav23/labs/lab4/install/mav_state_machine_msgs:/home/aimane/vnav23/labs/lab4/install/mav_planning_msgs:/home/aimane/vnav23/labs/lab4/install/controller_pkg:/home/aimane/vnav23/labs/lab4/install/mav_msgs PS1=(lab4_venv) \[[01;32m\]\u@\h\[[00m\]:\[[01;34m\]\w\[[00m\]$ VIRTUAL_ENV_PROMPT=(lab4_venv) /usr/bin/cmake --install /home/aimane/vnav23/labs/lab4/build/mav_msgs
