[0.774s] DEBUG:colcon:Command line arguments: ['/usr/bin/colcon', 'build', '--packages-select', 'controller_pkg']
[0.774s] DEBUG:colcon:Parsed command line arguments: Namespace(log_base=None, log_level=None, verb_name='build', build_base='build', install_base='install', merge_install=False, symlink_install=False, test_result_base=None, continue_on_error=False, executor='parallel', parallel_workers=8, event_handlers=None, ignore_user_meta=False, metas=['./colcon.meta'], base_paths=['.'], packages_ignore=None, packages_ignore_regex=None, paths=None, packages_up_to=None, packages_up_to_regex=None, packages_above=None, packages_above_and_dependencies=None, packages_above_depth=None, packages_select_by_dep=None, packages_skip_by_dep=None, packages_skip_up_to=None, packages_select_build_failed=False, packages_skip_build_finished=False, packages_select_test_failures=False, packages_skip_test_passed=False, packages_select=['controller_pkg'], packages_skip=None, packages_select_regex=None, packages_skip_regex=None, packages_start=None, packages_end=None, cmake_args=None, cmake_target=None, cmake_target_skip_unavailable=False, cmake_clean_cache=False, cmake_clean_first=False, cmake_force_configure=False, ament_cmake_args=None, catkin_cmake_args=None, catkin_skip_building_tests=False, mixin_files=None, mixin=None, verb_parser=<colcon_mixin.mixin.mixin_argument.MixinArgumentDecorator object at 0x7d60a0946e60>, verb_extension=<colcon_core.verb.build.BuildVerb object at 0x7d60a0af8490>, main=<bound method BuildVerb.main of <colcon_core.verb.build.BuildVerb object at 0x7d60a0af8490>>, mixin_verb=('build',))
[0.954s] Level 1:colcon.colcon_core.package_discovery:discover_packages(colcon_meta) check parameters
[0.955s] Level 1:colcon.colcon_core.package_discovery:discover_packages(recursive) check parameters
[0.955s] Level 1:colcon.colcon_core.package_discovery:discover_packages(ignore) check parameters
[0.955s] Level 1:colcon.colcon_core.package_discovery:discover_packages(path) check parameters
[0.955s] Level 1:colcon.colcon_core.package_discovery:discover_packages(colcon_meta) discover
[0.956s] Level 1:colcon.colcon_core.package_discovery:discover_packages(recursive) discover
[0.956s] INFO:colcon.colcon_core.package_discovery:Crawling recursively for packages in '/home/aimane/vnav23/labs/lab4'
[0.957s] Level 1:colcon.colcon_core.package_identification:_identify(.) by extensions ['ignore', 'ignore_ament_install']
[0.957s] Level 1:colcon.colcon_core.package_identification:_identify(.) by extension 'ignore'
[0.958s] Level 1:colcon.colcon_core.package_identification:_identify(.) by extension 'ignore_ament_install'
[0.958s] Level 1:colcon.colcon_core.package_identification:_identify(.) by extensions ['colcon_pkg']
[0.958s] Level 1:colcon.colcon_core.package_identification:_identify(.) by extension 'colcon_pkg'
[0.958s] Level 1:colcon.colcon_core.package_identification:_identify(.) by extensions ['colcon_meta']
[0.959s] Level 1:colcon.colcon_core.package_identification:_identify(.) by extension 'colcon_meta'
[0.959s] Level 1:colcon.colcon_core.package_identification:_identify(.) by extensions ['ros']
[0.959s] Level 1:colcon.colcon_core.package_identification:_identify(.) by extension 'ros'
[1.010s] Level 1:colcon.colcon_core.package_identification:_identify(.) by extensions ['cmake', 'python']
[1.010s] Level 1:colcon.colcon_core.package_identification:_identify(.) by extension 'cmake'
[1.010s] Level 1:colcon.colcon_core.package_identification:_identify(.) by extension 'python'
[1.010s] Level 1:colcon.colcon_core.package_identification:_identify(.) by extensions ['python_setup_py']
[1.010s] Level 1:colcon.colcon_core.package_identification:_identify(.) by extension 'python_setup_py'
[1.011s] Level 1:colcon.colcon_core.package_identification:_identify(build) by extensions ['ignore', 'ignore_ament_install']
[1.011s] Level 1:colcon.colcon_core.package_identification:_identify(build) by extension 'ignore'
[1.011s] Level 1:colcon.colcon_core.package_identification:_identify(build) ignored
[1.012s] Level 1:colcon.colcon_core.package_identification:_identify(install) by extensions ['ignore', 'ignore_ament_install']
[1.012s] Level 1:colcon.colcon_core.package_identification:_identify(install) by extension 'ignore'
[1.012s] Level 1:colcon.colcon_core.package_identification:_identify(install) ignored
[1.013s] Level 1:colcon.colcon_core.package_identification:_identify(log) by extensions ['ignore', 'ignore_ament_install']
[1.013s] Level 1:colcon.colcon_core.package_identification:_identify(log) by extension 'ignore'
[1.014s] Level 1:colcon.colcon_core.package_identification:_identify(log) ignored
[1.014s] Level 1:colcon.colcon_core.package_identification:_identify(src) by extensions ['ignore', 'ignore_ament_install']
[1.014s] Level 1:colcon.colcon_core.package_identification:_identify(src) by extension 'ignore'
[1.014s] Level 1:colcon.colcon_core.package_identification:_identify(src) by extension 'ignore_ament_install'
[1.015s] Level 1:colcon.colcon_core.package_identification:_identify(src) by extensions ['colcon_pkg']
[1.015s] Level 1:colcon.colcon_core.package_identification:_identify(src) by extension 'colcon_pkg'
[1.015s] Level 1:colcon.colcon_core.package_identification:_identify(src) by extensions ['colcon_meta']
[1.015s] Level 1:colcon.colcon_core.package_identification:_identify(src) by extension 'colcon_meta'
[1.015s] Level 1:colcon.colcon_core.package_identification:_identify(src) by extensions ['ros']
[1.015s] Level 1:colcon.colcon_core.package_identification:_identify(src) by extension 'ros'
[1.016s] Level 1:colcon.colcon_core.package_identification:_identify(src) by extensions ['cmake', 'python']
[1.016s] Level 1:colcon.colcon_core.package_identification:_identify(src) by extension 'cmake'
[1.016s] Level 1:colcon.colcon_core.package_identification:_identify(src) by extension 'python'
[1.016s] Level 1:colcon.colcon_core.package_identification:_identify(src) by extensions ['python_setup_py']
[1.016s] Level 1:colcon.colcon_core.package_identification:_identify(src) by extension 'python_setup_py'
[1.016s] Level 1:colcon.colcon_core.package_identification:_identify(src/build) by extensions ['ignore', 'ignore_ament_install']
[1.017s] Level 1:colcon.colcon_core.package_identification:_identify(src/build) by extension 'ignore'
[1.017s] Level 1:colcon.colcon_core.package_identification:_identify(src/build) ignored
[1.017s] Level 1:colcon.colcon_core.package_identification:_identify(src/controller_pkg) by extensions ['ignore', 'ignore_ament_install']
[1.018s] Level 1:colcon.colcon_core.package_identification:_identify(src/controller_pkg) by extension 'ignore'
[1.018s] Level 1:colcon.colcon_core.package_identification:_identify(src/controller_pkg) by extension 'ignore_ament_install'
[1.018s] Level 1:colcon.colcon_core.package_identification:_identify(src/controller_pkg) by extensions ['colcon_pkg']
[1.018s] Level 1:colcon.colcon_core.package_identification:_identify(src/controller_pkg) by extension 'colcon_pkg'
[1.018s] Level 1:colcon.colcon_core.package_identification:_identify(src/controller_pkg) by extensions ['colcon_meta']
[1.018s] Level 1:colcon.colcon_core.package_identification:_identify(src/controller_pkg) by extension 'colcon_meta'
[1.019s] Level 1:colcon.colcon_core.package_identification:_identify(src/controller_pkg) by extensions ['ros']
[1.019s] Level 1:colcon.colcon_core.package_identification:_identify(src/controller_pkg) by extension 'ros'
[1.030s] DEBUG:colcon.colcon_core.package_identification:Package 'src/controller_pkg' with type 'ros.ament_cmake' and name 'controller_pkg'
[1.031s] Level 1:colcon.colcon_core.package_identification:_identify(src/install) by extensions ['ignore', 'ignore_ament_install']
[1.031s] Level 1:colcon.colcon_core.package_identification:_identify(src/install) by extension 'ignore'
[1.032s] Level 1:colcon.colcon_core.package_identification:_identify(src/install) ignored
[1.032s] Level 1:colcon.colcon_core.package_identification:_identify(src/log) by extensions ['ignore', 'ignore_ament_install']
[1.032s] Level 1:colcon.colcon_core.package_identification:_identify(src/log) by extension 'ignore'
[1.032s] Level 1:colcon.colcon_core.package_identification:_identify(src/log) ignored
[1.033s] Level 1:colcon.colcon_core.package_identification:_identify(src/mav_comm) by extensions ['ignore', 'ignore_ament_install']
[1.033s] Level 1:colcon.colcon_core.package_identification:_identify(src/mav_comm) by extension 'ignore'
[1.033s] Level 1:colcon.colcon_core.package_identification:_identify(src/mav_comm) by extension 'ignore_ament_install'
[1.033s] Level 1:colcon.colcon_core.package_identification:_identify(src/mav_comm) by extensions ['colcon_pkg']
[1.033s] Level 1:colcon.colcon_core.package_identification:_identify(src/mav_comm) by extension 'colcon_pkg'
[1.033s] Level 1:colcon.colcon_core.package_identification:_identify(src/mav_comm) by extensions ['colcon_meta']
[1.033s] Level 1:colcon.colcon_core.package_identification:_identify(src/mav_comm) by extension 'colcon_meta'
[1.034s] Level 1:colcon.colcon_core.package_identification:_identify(src/mav_comm) by extensions ['ros']
[1.034s] Level 1:colcon.colcon_core.package_identification:_identify(src/mav_comm) by extension 'ros'
[1.035s] Level 1:colcon.colcon_core.package_identification:_identify(src/mav_comm) by extensions ['cmake', 'python']
[1.035s] Level 1:colcon.colcon_core.package_identification:_identify(src/mav_comm) by extension 'cmake'
[1.035s] Level 1:colcon.colcon_core.package_identification:_identify(src/mav_comm) by extension 'python'
[1.036s] Level 1:colcon.colcon_core.package_identification:_identify(src/mav_comm) by extensions ['python_setup_py']
[1.036s] Level 1:colcon.colcon_core.package_identification:_identify(src/mav_comm) by extension 'python_setup_py'
[1.036s] Level 1:colcon.colcon_core.package_identification:_identify(src/mav_comm/mav_comm) by extensions ['ignore', 'ignore_ament_install']
[1.037s] Level 1:colcon.colcon_core.package_identification:_identify(src/mav_comm/mav_comm) by extension 'ignore'
[1.037s] Level 1:colcon.colcon_core.package_identification:_identify(src/mav_comm/mav_comm) by extension 'ignore_ament_install'
[1.038s] Level 1:colcon.colcon_core.package_identification:_identify(src/mav_comm/mav_comm) by extensions ['colcon_pkg']
[1.038s] Level 1:colcon.colcon_core.package_identification:_identify(src/mav_comm/mav_comm) by extension 'colcon_pkg'
[1.038s] Level 1:colcon.colcon_core.package_identification:_identify(src/mav_comm/mav_comm) by extensions ['colcon_meta']
[1.039s] Level 1:colcon.colcon_core.package_identification:_identify(src/mav_comm/mav_comm) by extension 'colcon_meta'
[1.039s] Level 1:colcon.colcon_core.package_identification:_identify(src/mav_comm/mav_comm) by extensions ['ros']
[1.039s] Level 1:colcon.colcon_core.package_identification:_identify(src/mav_comm/mav_comm) by extension 'ros'
[1.041s] DEBUG:colcon.colcon_core.package_identification:Package 'src/mav_comm/mav_comm' with type 'ros.ament_cmake' and name 'mav_comm'
[1.041s] Level 1:colcon.colcon_core.package_identification:_identify(src/mav_comm/mav_msgs) by extensions ['ignore', 'ignore_ament_install']
[1.042s] Level 1:colcon.colcon_core.package_identification:_identify(src/mav_comm/mav_msgs) by extension 'ignore'
[1.042s] Level 1:colcon.colcon_core.package_identification:_identify(src/mav_comm/mav_msgs) by extension 'ignore_ament_install'
[1.043s] Level 1:colcon.colcon_core.package_identification:_identify(src/mav_comm/mav_msgs) by extensions ['colcon_pkg']
[1.043s] Level 1:colcon.colcon_core.package_identification:_identify(src/mav_comm/mav_msgs) by extension 'colcon_pkg'
[1.043s] Level 1:colcon.colcon_core.package_identification:_identify(src/mav_comm/mav_msgs) by extensions ['colcon_meta']
[1.044s] Level 1:colcon.colcon_core.package_identification:_identify(src/mav_comm/mav_msgs) by extension 'colcon_meta'
[1.044s] Level 1:colcon.colcon_core.package_identification:_identify(src/mav_comm/mav_msgs) by extensions ['ros']
[1.044s] Level 1:colcon.colcon_core.package_identification:_identify(src/mav_comm/mav_msgs) by extension 'ros'
[1.048s] DEBUG:colcon.colcon_core.package_identification:Package 'src/mav_comm/mav_msgs' with type 'ros.ament_cmake' and name 'mav_msgs'
[1.049s] Level 1:colcon.colcon_core.package_identification:_identify(src/mav_comm/mav_planning_msgs) by extensions ['ignore', 'ignore_ament_install']
[1.049s] Level 1:colcon.colcon_core.package_identification:_identify(src/mav_comm/mav_planning_msgs) by extension 'ignore'
[1.050s] Level 1:colcon.colcon_core.package_identification:_identify(src/mav_comm/mav_planning_msgs) by extension 'ignore_ament_install'
[1.050s] Level 1:colcon.colcon_core.package_identification:_identify(src/mav_comm/mav_planning_msgs) by extensions ['colcon_pkg']
[1.051s] Level 1:colcon.colcon_core.package_identification:_identify(src/mav_comm/mav_planning_msgs) by extension 'colcon_pkg'
[1.051s] Level 1:colcon.colcon_core.package_identification:_identify(src/mav_comm/mav_planning_msgs) by extensions ['colcon_meta']
[1.051s] Level 1:colcon.colcon_core.package_identification:_identify(src/mav_comm/mav_planning_msgs) by extension 'colcon_meta'
[1.052s] Level 1:colcon.colcon_core.package_identification:_identify(src/mav_comm/mav_planning_msgs) by extensions ['ros']
[1.052s] Level 1:colcon.colcon_core.package_identification:_identify(src/mav_comm/mav_planning_msgs) by extension 'ros'
[1.056s] DEBUG:colcon.colcon_core.package_identification:Package 'src/mav_comm/mav_planning_msgs' with type 'ros.ament_cmake' and name 'mav_planning_msgs'
[1.057s] Level 1:colcon.colcon_core.package_identification:_identify(src/mav_comm/mav_state_machine_msgs) by extensions ['ignore', 'ignore_ament_install']
[1.057s] Level 1:colcon.colcon_core.package_identification:_identify(src/mav_comm/mav_state_machine_msgs) by extension 'ignore'
[1.058s] Level 1:colcon.colcon_core.package_identification:_identify(src/mav_comm/mav_state_machine_msgs) by extension 'ignore_ament_install'
[1.058s] Level 1:colcon.colcon_core.package_identification:_identify(src/mav_comm/mav_state_machine_msgs) by extensions ['colcon_pkg']
[1.058s] Level 1:colcon.colcon_core.package_identification:_identify(src/mav_comm/mav_state_machine_msgs) by extension 'colcon_pkg'
[1.059s] Level 1:colcon.colcon_core.package_identification:_identify(src/mav_comm/mav_state_machine_msgs) by extensions ['colcon_meta']
[1.059s] Level 1:colcon.colcon_core.package_identification:_identify(src/mav_comm/mav_state_machine_msgs) by extension 'colcon_meta'
[1.059s] Level 1:colcon.colcon_core.package_identification:_identify(src/mav_comm/mav_state_machine_msgs) by extensions ['ros']
[1.059s] Level 1:colcon.colcon_core.package_identification:_identify(src/mav_comm/mav_state_machine_msgs) by extension 'ros'
[1.061s] DEBUG:colcon.colcon_core.package_identification:Package 'src/mav_comm/mav_state_machine_msgs' with type 'ros.ament_cmake' and name 'mav_state_machine_msgs'
[1.062s] Level 1:colcon.colcon_core.package_identification:_identify(src/mav_comm/mav_system_msgs) by extensions ['ignore', 'ignore_ament_install']
[1.062s] Level 1:colcon.colcon_core.package_identification:_identify(src/mav_comm/mav_system_msgs) by extension 'ignore'
[1.062s] Level 1:colcon.colcon_core.package_identification:_identify(src/mav_comm/mav_system_msgs) by extension 'ignore_ament_install'
[1.063s] Level 1:colcon.colcon_core.package_identification:_identify(src/mav_comm/mav_system_msgs) by extensions ['colcon_pkg']
[1.063s] Level 1:colcon.colcon_core.package_identification:_identify(src/mav_comm/mav_system_msgs) by extension 'colcon_pkg'
[1.063s] Level 1:colcon.colcon_core.package_identification:_identify(src/mav_comm/mav_system_msgs) by extensions ['colcon_meta']
[1.063s] Level 1:colcon.colcon_core.package_identification:_identify(src/mav_comm/mav_system_msgs) by extension 'colcon_meta'
[1.063s] Level 1:colcon.colcon_core.package_identification:_identify(src/mav_comm/mav_system_msgs) by extensions ['ros']
[1.063s] Level 1:colcon.colcon_core.package_identification:_identify(src/mav_comm/mav_system_msgs) by extension 'ros'
[1.065s] DEBUG:colcon.colcon_core.package_identification:Package 'src/mav_comm/mav_system_msgs' with type 'ros.ament_cmake' and name 'mav_system_msgs'
[1.066s] Level 1:colcon.colcon_core.package_identification:_identify(src/mav_trajectory_generation) by extensions ['ignore', 'ignore_ament_install']
[1.066s] Level 1:colcon.colcon_core.package_identification:_identify(src/mav_trajectory_generation) by extension 'ignore'
[1.066s] Level 1:colcon.colcon_core.package_identification:_identify(src/mav_trajectory_generation) by extension 'ignore_ament_install'
[1.067s] Level 1:colcon.colcon_core.package_identification:_identify(src/mav_trajectory_generation) by extensions ['colcon_pkg']
[1.067s] Level 1:colcon.colcon_core.package_identification:_identify(src/mav_trajectory_generation) by extension 'colcon_pkg'
[1.067s] Level 1:colcon.colcon_core.package_identification:_identify(src/mav_trajectory_generation) by extensions ['colcon_meta']
[1.067s] Level 1:colcon.colcon_core.package_identification:_identify(src/mav_trajectory_generation) by extension 'colcon_meta'
[1.068s] Level 1:colcon.colcon_core.package_identification:_identify(src/mav_trajectory_generation) by extensions ['ros']
[1.068s] Level 1:colcon.colcon_core.package_identification:_identify(src/mav_trajectory_generation) by extension 'ros'
[1.068s] Level 1:colcon.colcon_core.package_identification:_identify(src/mav_trajectory_generation) by extensions ['cmake', 'python']
[1.069s] Level 1:colcon.colcon_core.package_identification:_identify(src/mav_trajectory_generation) by extension 'cmake'
[1.069s] Level 1:colcon.colcon_core.package_identification:_identify(src/mav_trajectory_generation) by extension 'python'
[1.069s] Level 1:colcon.colcon_core.package_identification:_identify(src/mav_trajectory_generation) by extensions ['python_setup_py']
[1.070s] Level 1:colcon.colcon_core.package_identification:_identify(src/mav_trajectory_generation) by extension 'python_setup_py'
[1.070s] Level 1:colcon.colcon_core.package_identification:_identify(src/mav_trajectory_generation/install) by extensions ['ignore', 'ignore_ament_install']
[1.070s] Level 1:colcon.colcon_core.package_identification:_identify(src/mav_trajectory_generation/install) by extension 'ignore'
[1.070s] Level 1:colcon.colcon_core.package_identification:_identify(src/mav_trajectory_generation/install) by extension 'ignore_ament_install'
[1.071s] Level 1:colcon.colcon_core.package_identification:_identify(src/mav_trajectory_generation/install) by extensions ['colcon_pkg']
[1.071s] Level 1:colcon.colcon_core.package_identification:_identify(src/mav_trajectory_generation/install) by extension 'colcon_pkg'
[1.071s] Level 1:colcon.colcon_core.package_identification:_identify(src/mav_trajectory_generation/install) by extensions ['colcon_meta']
[1.072s] Level 1:colcon.colcon_core.package_identification:_identify(src/mav_trajectory_generation/install) by extension 'colcon_meta'
[1.072s] Level 1:colcon.colcon_core.package_identification:_identify(src/mav_trajectory_generation/install) by extensions ['ros']
[1.072s] Level 1:colcon.colcon_core.package_identification:_identify(src/mav_trajectory_generation/install) by extension 'ros'
[1.073s] Level 1:colcon.colcon_core.package_identification:_identify(src/mav_trajectory_generation/install) by extensions ['cmake', 'python']
[1.073s] Level 1:colcon.colcon_core.package_identification:_identify(src/mav_trajectory_generation/install) by extension 'cmake'
[1.073s] Level 1:colcon.colcon_core.package_identification:_identify(src/mav_trajectory_generation/install) by extension 'python'
[1.073s] Level 1:colcon.colcon_core.package_identification:_identify(src/mav_trajectory_generation/install) by extensions ['python_setup_py']
[1.073s] Level 1:colcon.colcon_core.package_identification:_identify(src/mav_trajectory_generation/install) by extension 'python_setup_py'
[1.073s] Level 1:colcon.colcon_core.package_identification:_identify(src/mav_trajectory_generation/matlab) by extensions ['ignore', 'ignore_ament_install']
[1.074s] Level 1:colcon.colcon_core.package_identification:_identify(src/mav_trajectory_generation/matlab) by extension 'ignore'
[1.074s] Level 1:colcon.colcon_core.package_identification:_identify(src/mav_trajectory_generation/matlab) by extension 'ignore_ament_install'
[1.074s] Level 1:colcon.colcon_core.package_identification:_identify(src/mav_trajectory_generation/matlab) by extensions ['colcon_pkg']
[1.074s] Level 1:colcon.colcon_core.package_identification:_identify(src/mav_trajectory_generation/matlab) by extension 'colcon_pkg'
[1.074s] Level 1:colcon.colcon_core.package_identification:_identify(src/mav_trajectory_generation/matlab) by extensions ['colcon_meta']
[1.074s] Level 1:colcon.colcon_core.package_identification:_identify(src/mav_trajectory_generation/matlab) by extension 'colcon_meta'
[1.075s] Level 1:colcon.colcon_core.package_identification:_identify(src/mav_trajectory_generation/matlab) by extensions ['ros']
[1.075s] Level 1:colcon.colcon_core.package_identification:_identify(src/mav_trajectory_generation/matlab) by extension 'ros'
[1.075s] Level 1:colcon.colcon_core.package_identification:_identify(src/mav_trajectory_generation/matlab) by extensions ['cmake', 'python']
[1.075s] Level 1:colcon.colcon_core.package_identification:_identify(src/mav_trajectory_generation/matlab) by extension 'cmake'
[1.076s] Level 1:colcon.colcon_core.package_identification:_identify(src/mav_trajectory_generation/matlab) by extension 'python'
[1.076s] Level 1:colcon.colcon_core.package_identification:_identify(src/mav_trajectory_generation/matlab) by extensions ['python_setup_py']
[1.076s] Level 1:colcon.colcon_core.package_identification:_identify(src/mav_trajectory_generation/matlab) by extension 'python_setup_py'
[1.077s] Level 1:colcon.colcon_core.package_identification:_identify(src/mav_trajectory_generation/matlab/functions) by extensions ['ignore', 'ignore_ament_install']
[1.077s] Level 1:colcon.colcon_core.package_identification:_identify(src/mav_trajectory_generation/matlab/functions) by extension 'ignore'
[1.078s] Level 1:colcon.colcon_core.package_identification:_identify(src/mav_trajectory_generation/matlab/functions) by extension 'ignore_ament_install'
[1.078s] Level 1:colcon.colcon_core.package_identification:_identify(src/mav_trajectory_generation/matlab/functions) by extensions ['colcon_pkg']
[1.078s] Level 1:colcon.colcon_core.package_identification:_identify(src/mav_trajectory_generation/matlab/functions) by extension 'colcon_pkg'
[1.079s] Level 1:colcon.colcon_core.package_identification:_identify(src/mav_trajectory_generation/matlab/functions) by extensions ['colcon_meta']
[1.079s] Level 1:colcon.colcon_core.package_identification:_identify(src/mav_trajectory_generation/matlab/functions) by extension 'colcon_meta'
[1.079s] Level 1:colcon.colcon_core.package_identification:_identify(src/mav_trajectory_generation/matlab/functions) by extensions ['ros']
[1.080s] Level 1:colcon.colcon_core.package_identification:_identify(src/mav_trajectory_generation/matlab/functions) by extension 'ros'
[1.080s] Level 1:colcon.colcon_core.package_identification:_identify(src/mav_trajectory_generation/matlab/functions) by extensions ['cmake', 'python']
[1.080s] Level 1:colcon.colcon_core.package_identification:_identify(src/mav_trajectory_generation/matlab/functions) by extension 'cmake'
[1.081s] Level 1:colcon.colcon_core.package_identification:_identify(src/mav_trajectory_generation/matlab/functions) by extension 'python'
[1.082s] Level 1:colcon.colcon_core.package_identification:_identify(src/mav_trajectory_generation/matlab/functions) by extensions ['python_setup_py']
[1.082s] Level 1:colcon.colcon_core.package_identification:_identify(src/mav_trajectory_generation/matlab/functions) by extension 'python_setup_py'
[1.083s] Level 1:colcon.colcon_core.package_identification:_identify(src/mav_trajectory_generation/mav_trajectory_generation) by extensions ['ignore', 'ignore_ament_install']
[1.083s] Level 1:colcon.colcon_core.package_identification:_identify(src/mav_trajectory_generation/mav_trajectory_generation) by extension 'ignore'
[1.084s] Level 1:colcon.colcon_core.package_identification:_identify(src/mav_trajectory_generation/mav_trajectory_generation) by extension 'ignore_ament_install'
[1.084s] Level 1:colcon.colcon_core.package_identification:_identify(src/mav_trajectory_generation/mav_trajectory_generation) by extensions ['colcon_pkg']
[1.084s] Level 1:colcon.colcon_core.package_identification:_identify(src/mav_trajectory_generation/mav_trajectory_generation) by extension 'colcon_pkg'
[1.085s] Level 1:colcon.colcon_core.package_identification:_identify(src/mav_trajectory_generation/mav_trajectory_generation) by extensions ['colcon_meta']
[1.085s] Level 1:colcon.colcon_core.package_identification:_identify(src/mav_trajectory_generation/mav_trajectory_generation) by extension 'colcon_meta'
[1.086s] Level 1:colcon.colcon_core.package_identification:_identify(src/mav_trajectory_generation/mav_trajectory_generation) by extensions ['ros']
[1.086s] Level 1:colcon.colcon_core.package_identification:_identify(src/mav_trajectory_generation/mav_trajectory_generation) by extension 'ros'
[1.090s] DEBUG:colcon.colcon_core.package_identification:Package 'src/mav_trajectory_generation/mav_trajectory_generation' with type 'ros.ament_cmake' and name 'mav_trajectory_generation'
[1.090s] Level 1:colcon.colcon_core.package_identification:_identify(src/mav_trajectory_generation/mav_visualization) by extensions ['ignore', 'ignore_ament_install']
[1.091s] Level 1:colcon.colcon_core.package_identification:_identify(src/mav_trajectory_generation/mav_visualization) by extension 'ignore'
[1.091s] Level 1:colcon.colcon_core.package_identification:_identify(src/mav_trajectory_generation/mav_visualization) by extension 'ignore_ament_install'
[1.092s] Level 1:colcon.colcon_core.package_identification:_identify(src/mav_trajectory_generation/mav_visualization) by extensions ['colcon_pkg']
[1.092s] Level 1:colcon.colcon_core.package_identification:_identify(src/mav_trajectory_generation/mav_visualization) by extension 'colcon_pkg'
[1.093s] Level 1:colcon.colcon_core.package_identification:_identify(src/mav_trajectory_generation/mav_visualization) by extensions ['colcon_meta']
[1.093s] Level 1:colcon.colcon_core.package_identification:_identify(src/mav_trajectory_generation/mav_visualization) by extension 'colcon_meta'
[1.093s] Level 1:colcon.colcon_core.package_identification:_identify(src/mav_trajectory_generation/mav_visualization) by extensions ['ros']
[1.094s] Level 1:colcon.colcon_core.package_identification:_identify(src/mav_trajectory_generation/mav_visualization) by extension 'ros'
[1.101s] DEBUG:colcon.colcon_core.package_identification:Package 'src/mav_trajectory_generation/mav_visualization' with type 'ros.catkin' and name 'mav_visualization'
[1.101s] Level 1:colcon.colcon_core.package_identification:_identify(src/planner_pkg) by extensions ['ignore', 'ignore_ament_install']
[1.102s] Level 1:colcon.colcon_core.package_identification:_identify(src/planner_pkg) by extension 'ignore'
[1.102s] Level 1:colcon.colcon_core.package_identification:_identify(src/planner_pkg) by extension 'ignore_ament_install'
[1.102s] Level 1:colcon.colcon_core.package_identification:_identify(src/planner_pkg) by extensions ['colcon_pkg']
[1.102s] Level 1:colcon.colcon_core.package_identification:_identify(src/planner_pkg) by extension 'colcon_pkg'
[1.102s] Level 1:colcon.colcon_core.package_identification:_identify(src/planner_pkg) by extensions ['colcon_meta']
[1.102s] Level 1:colcon.colcon_core.package_identification:_identify(src/planner_pkg) by extension 'colcon_meta'
[1.103s] Level 1:colcon.colcon_core.package_identification:_identify(src/planner_pkg) by extensions ['ros']
[1.104s] Level 1:colcon.colcon_core.package_identification:_identify(src/planner_pkg) by extension 'ros'
[1.108s] DEBUG:colcon.colcon_core.package_identification:Package 'src/planner_pkg' with type 'ros.ament_cmake' and name 'planner_pkg'
[1.108s] Level 1:colcon.colcon_core.package_identification:_identify(src/tesse) by extensions ['ignore', 'ignore_ament_install']
[1.108s] Level 1:colcon.colcon_core.package_identification:_identify(src/tesse) by extension 'ignore'
[1.108s] Level 1:colcon.colcon_core.package_identification:_identify(src/tesse) by extension 'ignore_ament_install'
[1.109s] Level 1:colcon.colcon_core.package_identification:_identify(src/tesse) by extensions ['colcon_pkg']
[1.109s] Level 1:colcon.colcon_core.package_identification:_identify(src/tesse) by extension 'colcon_pkg'
[1.109s] Level 1:colcon.colcon_core.package_identification:_identify(src/tesse) by extensions ['colcon_meta']
[1.109s] Level 1:colcon.colcon_core.package_identification:_identify(src/tesse) by extension 'colcon_meta'
[1.109s] Level 1:colcon.colcon_core.package_identification:_identify(src/tesse) by extensions ['ros']
[1.109s] Level 1:colcon.colcon_core.package_identification:_identify(src/tesse) by extension 'ros'
[1.110s] Level 1:colcon.colcon_core.package_identification:_identify(src/tesse) by extensions ['cmake', 'python']
[1.110s] Level 1:colcon.colcon_core.package_identification:_identify(src/tesse) by extension 'cmake'
[1.110s] Level 1:colcon.colcon_core.package_identification:_identify(src/tesse) by extension 'python'
[1.110s] Level 1:colcon.colcon_core.package_identification:_identify(src/tesse) by extensions ['python_setup_py']
[1.110s] Level 1:colcon.colcon_core.package_identification:_identify(src/tesse) by extension 'python_setup_py'
[1.111s] Level 1:colcon.colcon_core.package_identification:_identify(src/tesse/lab4_Data) by extensions ['ignore', 'ignore_ament_install']
[1.111s] Level 1:colcon.colcon_core.package_identification:_identify(src/tesse/lab4_Data) by extension 'ignore'
[1.112s] Level 1:colcon.colcon_core.package_identification:_identify(src/tesse/lab4_Data) by extension 'ignore_ament_install'
[1.112s] Level 1:colcon.colcon_core.package_identification:_identify(src/tesse/lab4_Data) by extensions ['colcon_pkg']
[1.112s] Level 1:colcon.colcon_core.package_identification:_identify(src/tesse/lab4_Data) by extension 'colcon_pkg'
[1.113s] Level 1:colcon.colcon_core.package_identification:_identify(src/tesse/lab4_Data) by extensions ['colcon_meta']
[1.113s] Level 1:colcon.colcon_core.package_identification:_identify(src/tesse/lab4_Data) by extension 'colcon_meta'
[1.113s] Level 1:colcon.colcon_core.package_identification:_identify(src/tesse/lab4_Data) by extensions ['ros']
[1.114s] Level 1:colcon.colcon_core.package_identification:_identify(src/tesse/lab4_Data) by extension 'ros'
[1.114s] Level 1:colcon.colcon_core.package_identification:_identify(src/tesse/lab4_Data) by extensions ['cmake', 'python']
[1.115s] Level 1:colcon.colcon_core.package_identification:_identify(src/tesse/lab4_Data) by extension 'cmake'
[1.115s] Level 1:colcon.colcon_core.package_identification:_identify(src/tesse/lab4_Data) by extension 'python'
[1.115s] Level 1:colcon.colcon_core.package_identification:_identify(src/tesse/lab4_Data) by extensions ['python_setup_py']
[1.116s] Level 1:colcon.colcon_core.package_identification:_identify(src/tesse/lab4_Data) by extension 'python_setup_py'
[1.117s] Level 1:colcon.colcon_core.package_identification:_identify(src/tesse/lab4_Data/Managed) by extensions ['ignore', 'ignore_ament_install']
[1.117s] Level 1:colcon.colcon_core.package_identification:_identify(src/tesse/lab4_Data/Managed) by extension 'ignore'
[1.117s] Level 1:colcon.colcon_core.package_identification:_identify(src/tesse/lab4_Data/Managed) by extension 'ignore_ament_install'
[1.118s] Level 1:colcon.colcon_core.package_identification:_identify(src/tesse/lab4_Data/Managed) by extensions ['colcon_pkg']
[1.118s] Level 1:colcon.colcon_core.package_identification:_identify(src/tesse/lab4_Data/Managed) by extension 'colcon_pkg'
[1.118s] Level 1:colcon.colcon_core.package_identification:_identify(src/tesse/lab4_Data/Managed) by extensions ['colcon_meta']
[1.118s] Level 1:colcon.colcon_core.package_identification:_identify(src/tesse/lab4_Data/Managed) by extension 'colcon_meta'
[1.118s] Level 1:colcon.colcon_core.package_identification:_identify(src/tesse/lab4_Data/Managed) by extensions ['ros']
[1.119s] Level 1:colcon.colcon_core.package_identification:_identify(src/tesse/lab4_Data/Managed) by extension 'ros'
[1.119s] Level 1:colcon.colcon_core.package_identification:_identify(src/tesse/lab4_Data/Managed) by extensions ['cmake', 'python']
[1.119s] Level 1:colcon.colcon_core.package_identification:_identify(src/tesse/lab4_Data/Managed) by extension 'cmake'
[1.119s] Level 1:colcon.colcon_core.package_identification:_identify(src/tesse/lab4_Data/Managed) by extension 'python'
[1.119s] Level 1:colcon.colcon_core.package_identification:_identify(src/tesse/lab4_Data/Managed) by extensions ['python_setup_py']
[1.119s] Level 1:colcon.colcon_core.package_identification:_identify(src/tesse/lab4_Data/Managed) by extension 'python_setup_py'
[1.120s] Level 1:colcon.colcon_core.package_identification:_identify(src/tesse/lab4_Data/MonoBleedingEdge) by extensions ['ignore', 'ignore_ament_install']
[1.120s] Level 1:colcon.colcon_core.package_identification:_identify(src/tesse/lab4_Data/MonoBleedingEdge) by extension 'ignore'
[1.120s] Level 1:colcon.colcon_core.package_identification:_identify(src/tesse/lab4_Data/MonoBleedingEdge) by extension 'ignore_ament_install'
[1.121s] Level 1:colcon.colcon_core.package_identification:_identify(src/tesse/lab4_Data/MonoBleedingEdge) by extensions ['colcon_pkg']
[1.121s] Level 1:colcon.colcon_core.package_identification:_identify(src/tesse/lab4_Data/MonoBleedingEdge) by extension 'colcon_pkg'
[1.121s] Level 1:colcon.colcon_core.package_identification:_identify(src/tesse/lab4_Data/MonoBleedingEdge) by extensions ['colcon_meta']
[1.121s] Level 1:colcon.colcon_core.package_identification:_identify(src/tesse/lab4_Data/MonoBleedingEdge) by extension 'colcon_meta'
[1.121s] Level 1:colcon.colcon_core.package_identification:_identify(src/tesse/lab4_Data/MonoBleedingEdge) by extensions ['ros']
[1.121s] Level 1:colcon.colcon_core.package_identification:_identify(src/tesse/lab4_Data/MonoBleedingEdge) by extension 'ros'
[1.122s] Level 1:colcon.colcon_core.package_identification:_identify(src/tesse/lab4_Data/MonoBleedingEdge) by extensions ['cmake', 'python']
[1.122s] Level 1:colcon.colcon_core.package_identification:_identify(src/tesse/lab4_Data/MonoBleedingEdge) by extension 'cmake'
[1.122s] Level 1:colcon.colcon_core.package_identification:_identify(src/tesse/lab4_Data/MonoBleedingEdge) by extension 'python'
[1.122s] Level 1:colcon.colcon_core.package_identification:_identify(src/tesse/lab4_Data/MonoBleedingEdge) by extensions ['python_setup_py']
[1.122s] Level 1:colcon.colcon_core.package_identification:_identify(src/tesse/lab4_Data/MonoBleedingEdge) by extension 'python_setup_py'
[1.123s] Level 1:colcon.colcon_core.package_identification:_identify(src/tesse/lab4_Data/MonoBleedingEdge/etc) by extensions ['ignore', 'ignore_ament_install']
[1.123s] Level 1:colcon.colcon_core.package_identification:_identify(src/tesse/lab4_Data/MonoBleedingEdge/etc) by extension 'ignore'
[1.123s] Level 1:colcon.colcon_core.package_identification:_identify(src/tesse/lab4_Data/MonoBleedingEdge/etc) by extension 'ignore_ament_install'
[1.124s] Level 1:colcon.colcon_core.package_identification:_identify(src/tesse/lab4_Data/MonoBleedingEdge/etc) by extensions ['colcon_pkg']
[1.124s] Level 1:colcon.colcon_core.package_identification:_identify(src/tesse/lab4_Data/MonoBleedingEdge/etc) by extension 'colcon_pkg'
[1.124s] Level 1:colcon.colcon_core.package_identification:_identify(src/tesse/lab4_Data/MonoBleedingEdge/etc) by extensions ['colcon_meta']
[1.124s] Level 1:colcon.colcon_core.package_identification:_identify(src/tesse/lab4_Data/MonoBleedingEdge/etc) by extension 'colcon_meta'
[1.124s] Level 1:colcon.colcon_core.package_identification:_identify(src/tesse/lab4_Data/MonoBleedingEdge/etc) by extensions ['ros']
[1.124s] Level 1:colcon.colcon_core.package_identification:_identify(src/tesse/lab4_Data/MonoBleedingEdge/etc) by extension 'ros'
[1.125s] Level 1:colcon.colcon_core.package_identification:_identify(src/tesse/lab4_Data/MonoBleedingEdge/etc) by extensions ['cmake', 'python']
[1.125s] Level 1:colcon.colcon_core.package_identification:_identify(src/tesse/lab4_Data/MonoBleedingEdge/etc) by extension 'cmake'
[1.125s] Level 1:colcon.colcon_core.package_identification:_identify(src/tesse/lab4_Data/MonoBleedingEdge/etc) by extension 'python'
[1.125s] Level 1:colcon.colcon_core.package_identification:_identify(src/tesse/lab4_Data/MonoBleedingEdge/etc) by extensions ['python_setup_py']
[1.125s] Level 1:colcon.colcon_core.package_identification:_identify(src/tesse/lab4_Data/MonoBleedingEdge/etc) by extension 'python_setup_py'
[1.126s] Level 1:colcon.colcon_core.package_identification:_identify(src/tesse/lab4_Data/MonoBleedingEdge/etc/mono) by extensions ['ignore', 'ignore_ament_install']
[1.126s] Level 1:colcon.colcon_core.package_identification:_identify(src/tesse/lab4_Data/MonoBleedingEdge/etc/mono) by extension 'ignore'
[1.127s] Level 1:colcon.colcon_core.package_identification:_identify(src/tesse/lab4_Data/MonoBleedingEdge/etc/mono) by extension 'ignore_ament_install'
[1.127s] Level 1:colcon.colcon_core.package_identification:_identify(src/tesse/lab4_Data/MonoBleedingEdge/etc/mono) by extensions ['colcon_pkg']
[1.127s] Level 1:colcon.colcon_core.package_identification:_identify(src/tesse/lab4_Data/MonoBleedingEdge/etc/mono) by extension 'colcon_pkg'
[1.127s] Level 1:colcon.colcon_core.package_identification:_identify(src/tesse/lab4_Data/MonoBleedingEdge/etc/mono) by extensions ['colcon_meta']
[1.128s] Level 1:colcon.colcon_core.package_identification:_identify(src/tesse/lab4_Data/MonoBleedingEdge/etc/mono) by extension 'colcon_meta'
[1.128s] Level 1:colcon.colcon_core.package_identification:_identify(src/tesse/lab4_Data/MonoBleedingEdge/etc/mono) by extensions ['ros']
[1.128s] Level 1:colcon.colcon_core.package_identification:_identify(src/tesse/lab4_Data/MonoBleedingEdge/etc/mono) by extension 'ros'
[1.129s] Level 1:colcon.colcon_core.package_identification:_identify(src/tesse/lab4_Data/MonoBleedingEdge/etc/mono) by extensions ['cmake', 'python']
[1.129s] Level 1:colcon.colcon_core.package_identification:_identify(src/tesse/lab4_Data/MonoBleedingEdge/etc/mono) by extension 'cmake'
[1.129s] Level 1:colcon.colcon_core.package_identification:_identify(src/tesse/lab4_Data/MonoBleedingEdge/etc/mono) by extension 'python'
[1.130s] Level 1:colcon.colcon_core.package_identification:_identify(src/tesse/lab4_Data/MonoBleedingEdge/etc/mono) by extensions ['python_setup_py']
[1.130s] Level 1:colcon.colcon_core.package_identification:_identify(src/tesse/lab4_Data/MonoBleedingEdge/etc/mono) by extension 'python_setup_py'
[1.131s] Level 1:colcon.colcon_core.package_identification:_identify(src/tesse/lab4_Data/MonoBleedingEdge/etc/mono/2.0) by extensions ['ignore', 'ignore_ament_install']
[1.131s] Level 1:colcon.colcon_core.package_identification:_identify(src/tesse/lab4_Data/MonoBleedingEdge/etc/mono/2.0) by extension 'ignore'
[1.131s] Level 1:colcon.colcon_core.package_identification:_identify(src/tesse/lab4_Data/MonoBleedingEdge/etc/mono/2.0) by extension 'ignore_ament_install'
[1.132s] Level 1:colcon.colcon_core.package_identification:_identify(src/tesse/lab4_Data/MonoBleedingEdge/etc/mono/2.0) by extensions ['colcon_pkg']
[1.132s] Level 1:colcon.colcon_core.package_identification:_identify(src/tesse/lab4_Data/MonoBleedingEdge/etc/mono/2.0) by extension 'colcon_pkg'
[1.132s] Level 1:colcon.colcon_core.package_identification:_identify(src/tesse/lab4_Data/MonoBleedingEdge/etc/mono/2.0) by extensions ['colcon_meta']
[1.133s] Level 1:colcon.colcon_core.package_identification:_identify(src/tesse/lab4_Data/MonoBleedingEdge/etc/mono/2.0) by extension 'colcon_meta'
[1.133s] Level 1:colcon.colcon_core.package_identification:_identify(src/tesse/lab4_Data/MonoBleedingEdge/etc/mono/2.0) by extensions ['ros']
[1.133s] Level 1:colcon.colcon_core.package_identification:_identify(src/tesse/lab4_Data/MonoBleedingEdge/etc/mono/2.0) by extension 'ros'
[1.133s] Level 1:colcon.colcon_core.package_identification:_identify(src/tesse/lab4_Data/MonoBleedingEdge/etc/mono/2.0) by extensions ['cmake', 'python']
[1.134s] Level 1:colcon.colcon_core.package_identification:_identify(src/tesse/lab4_Data/MonoBleedingEdge/etc/mono/2.0) by extension 'cmake'
[1.134s] Level 1:colcon.colcon_core.package_identification:_identify(src/tesse/lab4_Data/MonoBleedingEdge/etc/mono/2.0) by extension 'python'
[1.134s] Level 1:colcon.colcon_core.package_identification:_identify(src/tesse/lab4_Data/MonoBleedingEdge/etc/mono/2.0) by extensions ['python_setup_py']
[1.134s] Level 1:colcon.colcon_core.package_identification:_identify(src/tesse/lab4_Data/MonoBleedingEdge/etc/mono/2.0) by extension 'python_setup_py'
[1.135s] Level 1:colcon.colcon_core.package_identification:_identify(src/tesse/lab4_Data/MonoBleedingEdge/etc/mono/2.0/Browsers) by extensions ['ignore', 'ignore_ament_install']
[1.135s] Level 1:colcon.colcon_core.package_identification:_identify(src/tesse/lab4_Data/MonoBleedingEdge/etc/mono/2.0/Browsers) by extension 'ignore'
[1.136s] Level 1:colcon.colcon_core.package_identification:_identify(src/tesse/lab4_Data/MonoBleedingEdge/etc/mono/2.0/Browsers) by extension 'ignore_ament_install'
[1.136s] Level 1:colcon.colcon_core.package_identification:_identify(src/tesse/lab4_Data/MonoBleedingEdge/etc/mono/2.0/Browsers) by extensions ['colcon_pkg']
[1.136s] Level 1:colcon.colcon_core.package_identification:_identify(src/tesse/lab4_Data/MonoBleedingEdge/etc/mono/2.0/Browsers) by extension 'colcon_pkg'
[1.136s] Level 1:colcon.colcon_core.package_identification:_identify(src/tesse/lab4_Data/MonoBleedingEdge/etc/mono/2.0/Browsers) by extensions ['colcon_meta']
[1.137s] Level 1:colcon.colcon_core.package_identification:_identify(src/tesse/lab4_Data/MonoBleedingEdge/etc/mono/2.0/Browsers) by extension 'colcon_meta'
[1.137s] Level 1:colcon.colcon_core.package_identification:_identify(src/tesse/lab4_Data/MonoBleedingEdge/etc/mono/2.0/Browsers) by extensions ['ros']
[1.137s] Level 1:colcon.colcon_core.package_identification:_identify(src/tesse/lab4_Data/MonoBleedingEdge/etc/mono/2.0/Browsers) by extension 'ros'
[1.137s] Level 1:colcon.colcon_core.package_identification:_identify(src/tesse/lab4_Data/MonoBleedingEdge/etc/mono/2.0/Browsers) by extensions ['cmake', 'python']
[1.138s] Level 1:colcon.colcon_core.package_identification:_identify(src/tesse/lab4_Data/MonoBleedingEdge/etc/mono/2.0/Browsers) by extension 'cmake'
[1.138s] Level 1:colcon.colcon_core.package_identification:_identify(src/tesse/lab4_Data/MonoBleedingEdge/etc/mono/2.0/Browsers) by extension 'python'
[1.138s] Level 1:colcon.colcon_core.package_identification:_identify(src/tesse/lab4_Data/MonoBleedingEdge/etc/mono/2.0/Browsers) by extensions ['python_setup_py']
[1.138s] Level 1:colcon.colcon_core.package_identification:_identify(src/tesse/lab4_Data/MonoBleedingEdge/etc/mono/2.0/Browsers) by extension 'python_setup_py'
[1.138s] Level 1:colcon.colcon_core.package_identification:_identify(src/tesse/lab4_Data/MonoBleedingEdge/etc/mono/4.0) by extensions ['ignore', 'ignore_ament_install']
[1.139s] Level 1:colcon.colcon_core.package_identification:_identify(src/tesse/lab4_Data/MonoBleedingEdge/etc/mono/4.0) by extension 'ignore'
[1.139s] Level 1:colcon.colcon_core.package_identification:_identify(src/tesse/lab4_Data/MonoBleedingEdge/etc/mono/4.0) by extension 'ignore_ament_install'
[1.139s] Level 1:colcon.colcon_core.package_identification:_identify(src/tesse/lab4_Data/MonoBleedingEdge/etc/mono/4.0) by extensions ['colcon_pkg']
[1.139s] Level 1:colcon.colcon_core.package_identification:_identify(src/tesse/lab4_Data/MonoBleedingEdge/etc/mono/4.0) by extension 'colcon_pkg'
[1.139s] Level 1:colcon.colcon_core.package_identification:_identify(src/tesse/lab4_Data/MonoBleedingEdge/etc/mono/4.0) by extensions ['colcon_meta']
[1.139s] Level 1:colcon.colcon_core.package_identification:_identify(src/tesse/lab4_Data/MonoBleedingEdge/etc/mono/4.0) by extension 'colcon_meta'
[1.140s] Level 1:colcon.colcon_core.package_identification:_identify(src/tesse/lab4_Data/MonoBleedingEdge/etc/mono/4.0) by extensions ['ros']
[1.140s] Level 1:colcon.colcon_core.package_identification:_identify(src/tesse/lab4_Data/MonoBleedingEdge/etc/mono/4.0) by extension 'ros'
[1.140s] Level 1:colcon.colcon_core.package_identification:_identify(src/tesse/lab4_Data/MonoBleedingEdge/etc/mono/4.0) by extensions ['cmake', 'python']
[1.140s] Level 1:colcon.colcon_core.package_identification:_identify(src/tesse/lab4_Data/MonoBleedingEdge/etc/mono/4.0) by extension 'cmake'
[1.140s] Level 1:colcon.colcon_core.package_identification:_identify(src/tesse/lab4_Data/MonoBleedingEdge/etc/mono/4.0) by extension 'python'
[1.141s] Level 1:colcon.colcon_core.package_identification:_identify(src/tesse/lab4_Data/MonoBleedingEdge/etc/mono/4.0) by extensions ['python_setup_py']
[1.141s] Level 1:colcon.colcon_core.package_identification:_identify(src/tesse/lab4_Data/MonoBleedingEdge/etc/mono/4.0) by extension 'python_setup_py'
[1.141s] Level 1:colcon.colcon_core.package_identification:_identify(src/tesse/lab4_Data/MonoBleedingEdge/etc/mono/4.0/Browsers) by extensions ['ignore', 'ignore_ament_install']
[1.141s] Level 1:colcon.colcon_core.package_identification:_identify(src/tesse/lab4_Data/MonoBleedingEdge/etc/mono/4.0/Browsers) by extension 'ignore'
[1.142s] Level 1:colcon.colcon_core.package_identification:_identify(src/tesse/lab4_Data/MonoBleedingEdge/etc/mono/4.0/Browsers) by extension 'ignore_ament_install'
[1.142s] Level 1:colcon.colcon_core.package_identification:_identify(src/tesse/lab4_Data/MonoBleedingEdge/etc/mono/4.0/Browsers) by extensions ['colcon_pkg']
[1.142s] Level 1:colcon.colcon_core.package_identification:_identify(src/tesse/lab4_Data/MonoBleedingEdge/etc/mono/4.0/Browsers) by extension 'colcon_pkg'
[1.142s] Level 1:colcon.colcon_core.package_identification:_identify(src/tesse/lab4_Data/MonoBleedingEdge/etc/mono/4.0/Browsers) by extensions ['colcon_meta']
[1.142s] Level 1:colcon.colcon_core.package_identification:_identify(src/tesse/lab4_Data/MonoBleedingEdge/etc/mono/4.0/Browsers) by extension 'colcon_meta'
[1.142s] Level 1:colcon.colcon_core.package_identification:_identify(src/tesse/lab4_Data/MonoBleedingEdge/etc/mono/4.0/Browsers) by extensions ['ros']
[1.143s] Level 1:colcon.colcon_core.package_identification:_identify(src/tesse/lab4_Data/MonoBleedingEdge/etc/mono/4.0/Browsers) by extension 'ros'
[1.143s] Level 1:colcon.colcon_core.package_identification:_identify(src/tesse/lab4_Data/MonoBleedingEdge/etc/mono/4.0/Browsers) by extensions ['cmake', 'python']
[1.143s] Level 1:colcon.colcon_core.package_identification:_identify(src/tesse/lab4_Data/MonoBleedingEdge/etc/mono/4.0/Browsers) by extension 'cmake'
[1.143s] Level 1:colcon.colcon_core.package_identification:_identify(src/tesse/lab4_Data/MonoBleedingEdge/etc/mono/4.0/Browsers) by extension 'python'
[1.143s] Level 1:colcon.colcon_core.package_identification:_identify(src/tesse/lab4_Data/MonoBleedingEdge/etc/mono/4.0/Browsers) by extensions ['python_setup_py']
[1.143s] Level 1:colcon.colcon_core.package_identification:_identify(src/tesse/lab4_Data/MonoBleedingEdge/etc/mono/4.0/Browsers) by extension 'python_setup_py'
[1.144s] Level 1:colcon.colcon_core.package_identification:_identify(src/tesse/lab4_Data/MonoBleedingEdge/etc/mono/4.5) by extensions ['ignore', 'ignore_ament_install']
[1.144s] Level 1:colcon.colcon_core.package_identification:_identify(src/tesse/lab4_Data/MonoBleedingEdge/etc/mono/4.5) by extension 'ignore'
[1.145s] Level 1:colcon.colcon_core.package_identification:_identify(src/tesse/lab4_Data/MonoBleedingEdge/etc/mono/4.5) by extension 'ignore_ament_install'
[1.145s] Level 1:colcon.colcon_core.package_identification:_identify(src/tesse/lab4_Data/MonoBleedingEdge/etc/mono/4.5) by extensions ['colcon_pkg']
[1.145s] Level 1:colcon.colcon_core.package_identification:_identify(src/tesse/lab4_Data/MonoBleedingEdge/etc/mono/4.5) by extension 'colcon_pkg'
[1.145s] Level 1:colcon.colcon_core.package_identification:_identify(src/tesse/lab4_Data/MonoBleedingEdge/etc/mono/4.5) by extensions ['colcon_meta']
[1.145s] Level 1:colcon.colcon_core.package_identification:_identify(src/tesse/lab4_Data/MonoBleedingEdge/etc/mono/4.5) by extension 'colcon_meta'
[1.146s] Level 1:colcon.colcon_core.package_identification:_identify(src/tesse/lab4_Data/MonoBleedingEdge/etc/mono/4.5) by extensions ['ros']
[1.146s] Level 1:colcon.colcon_core.package_identification:_identify(src/tesse/lab4_Data/MonoBleedingEdge/etc/mono/4.5) by extension 'ros'
[1.146s] Level 1:colcon.colcon_core.package_identification:_identify(src/tesse/lab4_Data/MonoBleedingEdge/etc/mono/4.5) by extensions ['cmake', 'python']
[1.146s] Level 1:colcon.colcon_core.package_identification:_identify(src/tesse/lab4_Data/MonoBleedingEdge/etc/mono/4.5) by extension 'cmake'
[1.146s] Level 1:colcon.colcon_core.package_identification:_identify(src/tesse/lab4_Data/MonoBleedingEdge/etc/mono/4.5) by extension 'python'
[1.146s] Level 1:colcon.colcon_core.package_identification:_identify(src/tesse/lab4_Data/MonoBleedingEdge/etc/mono/4.5) by extensions ['python_setup_py']
[1.146s] Level 1:colcon.colcon_core.package_identification:_identify(src/tesse/lab4_Data/MonoBleedingEdge/etc/mono/4.5) by extension 'python_setup_py'
[1.147s] Level 1:colcon.colcon_core.package_identification:_identify(src/tesse/lab4_Data/MonoBleedingEdge/etc/mono/4.5/Browsers) by extensions ['ignore', 'ignore_ament_install']
[1.147s] Level 1:colcon.colcon_core.package_identification:_identify(src/tesse/lab4_Data/MonoBleedingEdge/etc/mono/4.5/Browsers) by extension 'ignore'
[1.148s] Level 1:colcon.colcon_core.package_identification:_identify(src/tesse/lab4_Data/MonoBleedingEdge/etc/mono/4.5/Browsers) by extension 'ignore_ament_install'
[1.148s] Level 1:colcon.colcon_core.package_identification:_identify(src/tesse/lab4_Data/MonoBleedingEdge/etc/mono/4.5/Browsers) by extensions ['colcon_pkg']
[1.148s] Level 1:colcon.colcon_core.package_identification:_identify(src/tesse/lab4_Data/MonoBleedingEdge/etc/mono/4.5/Browsers) by extension 'colcon_pkg'
[1.148s] Level 1:colcon.colcon_core.package_identification:_identify(src/tesse/lab4_Data/MonoBleedingEdge/etc/mono/4.5/Browsers) by extensions ['colcon_meta']
[1.148s] Level 1:colcon.colcon_core.package_identification:_identify(src/tesse/lab4_Data/MonoBleedingEdge/etc/mono/4.5/Browsers) by extension 'colcon_meta'
[1.149s] Level 1:colcon.colcon_core.package_identification:_identify(src/tesse/lab4_Data/MonoBleedingEdge/etc/mono/4.5/Browsers) by extensions ['ros']
[1.149s] Level 1:colcon.colcon_core.package_identification:_identify(src/tesse/lab4_Data/MonoBleedingEdge/etc/mono/4.5/Browsers) by extension 'ros'
[1.149s] Level 1:colcon.colcon_core.package_identification:_identify(src/tesse/lab4_Data/MonoBleedingEdge/etc/mono/4.5/Browsers) by extensions ['cmake', 'python']
[1.150s] Level 1:colcon.colcon_core.package_identification:_identify(src/tesse/lab4_Data/MonoBleedingEdge/etc/mono/4.5/Browsers) by extension 'cmake'
[1.150s] Level 1:colcon.colcon_core.package_identification:_identify(src/tesse/lab4_Data/MonoBleedingEdge/etc/mono/4.5/Browsers) by extension 'python'
[1.150s] Level 1:colcon.colcon_core.package_identification:_identify(src/tesse/lab4_Data/MonoBleedingEdge/etc/mono/4.5/Browsers) by extensions ['python_setup_py']
[1.150s] Level 1:colcon.colcon_core.package_identification:_identify(src/tesse/lab4_Data/MonoBleedingEdge/etc/mono/4.5/Browsers) by extension 'python_setup_py'
[1.151s] Level 1:colcon.colcon_core.package_identification:_identify(src/tesse/lab4_Data/MonoBleedingEdge/etc/mono/mconfig) by extensions ['ignore', 'ignore_ament_install']
[1.151s] Level 1:colcon.colcon_core.package_identification:_identify(src/tesse/lab4_Data/MonoBleedingEdge/etc/mono/mconfig) by extension 'ignore'
[1.152s] Level 1:colcon.colcon_core.package_identification:_identify(src/tesse/lab4_Data/MonoBleedingEdge/etc/mono/mconfig) by extension 'ignore_ament_install'
[1.152s] Level 1:colcon.colcon_core.package_identification:_identify(src/tesse/lab4_Data/MonoBleedingEdge/etc/mono/mconfig) by extensions ['colcon_pkg']
[1.152s] Level 1:colcon.colcon_core.package_identification:_identify(src/tesse/lab4_Data/MonoBleedingEdge/etc/mono/mconfig) by extension 'colcon_pkg'
[1.152s] Level 1:colcon.colcon_core.package_identification:_identify(src/tesse/lab4_Data/MonoBleedingEdge/etc/mono/mconfig) by extensions ['colcon_meta']
[1.152s] Level 1:colcon.colcon_core.package_identification:_identify(src/tesse/lab4_Data/MonoBleedingEdge/etc/mono/mconfig) by extension 'colcon_meta'
[1.153s] Level 1:colcon.colcon_core.package_identification:_identify(src/tesse/lab4_Data/MonoBleedingEdge/etc/mono/mconfig) by extensions ['ros']
[1.153s] Level 1:colcon.colcon_core.package_identification:_identify(src/tesse/lab4_Data/MonoBleedingEdge/etc/mono/mconfig) by extension 'ros'
[1.153s] Level 1:colcon.colcon_core.package_identification:_identify(src/tesse/lab4_Data/MonoBleedingEdge/etc/mono/mconfig) by extensions ['cmake', 'python']
[1.153s] Level 1:colcon.colcon_core.package_identification:_identify(src/tesse/lab4_Data/MonoBleedingEdge/etc/mono/mconfig) by extension 'cmake'
[1.153s] Level 1:colcon.colcon_core.package_identification:_identify(src/tesse/lab4_Data/MonoBleedingEdge/etc/mono/mconfig) by extension 'python'
[1.153s] Level 1:colcon.colcon_core.package_identification:_identify(src/tesse/lab4_Data/MonoBleedingEdge/etc/mono/mconfig) by extensions ['python_setup_py']
[1.153s] Level 1:colcon.colcon_core.package_identification:_identify(src/tesse/lab4_Data/MonoBleedingEdge/etc/mono/mconfig) by extension 'python_setup_py'
[1.154s] Level 1:colcon.colcon_core.package_identification:_identify(src/tesse/lab4_Data/MonoBleedingEdge/etc/mono/registry) by extensions ['ignore', 'ignore_ament_install']
[1.154s] Level 1:colcon.colcon_core.package_identification:_identify(src/tesse/lab4_Data/MonoBleedingEdge/etc/mono/registry) by extension 'ignore'
[1.154s] Level 1:colcon.colcon_core.package_identification:_identify(src/tesse/lab4_Data/MonoBleedingEdge/etc/mono/registry) by extension 'ignore_ament_install'
[1.154s] Level 1:colcon.colcon_core.package_identification:_identify(src/tesse/lab4_Data/MonoBleedingEdge/etc/mono/registry) by extensions ['colcon_pkg']
[1.155s] Level 1:colcon.colcon_core.package_identification:_identify(src/tesse/lab4_Data/MonoBleedingEdge/etc/mono/registry) by extension 'colcon_pkg'
[1.155s] Level 1:colcon.colcon_core.package_identification:_identify(src/tesse/lab4_Data/MonoBleedingEdge/etc/mono/registry) by extensions ['colcon_meta']
[1.155s] Level 1:colcon.colcon_core.package_identification:_identify(src/tesse/lab4_Data/MonoBleedingEdge/etc/mono/registry) by extension 'colcon_meta'
[1.155s] Level 1:colcon.colcon_core.package_identification:_identify(src/tesse/lab4_Data/MonoBleedingEdge/etc/mono/registry) by extensions ['ros']
[1.155s] Level 1:colcon.colcon_core.package_identification:_identify(src/tesse/lab4_Data/MonoBleedingEdge/etc/mono/registry) by extension 'ros'
[1.155s] Level 1:colcon.colcon_core.package_identification:_identify(src/tesse/lab4_Data/MonoBleedingEdge/etc/mono/registry) by extensions ['cmake', 'python']
[1.155s] Level 1:colcon.colcon_core.package_identification:_identify(src/tesse/lab4_Data/MonoBleedingEdge/etc/mono/registry) by extension 'cmake'
[1.156s] Level 1:colcon.colcon_core.package_identification:_identify(src/tesse/lab4_Data/MonoBleedingEdge/etc/mono/registry) by extension 'python'
[1.156s] Level 1:colcon.colcon_core.package_identification:_identify(src/tesse/lab4_Data/MonoBleedingEdge/etc/mono/registry) by extensions ['python_setup_py']
[1.156s] Level 1:colcon.colcon_core.package_identification:_identify(src/tesse/lab4_Data/MonoBleedingEdge/etc/mono/registry) by extension 'python_setup_py'
[1.156s] Level 1:colcon.colcon_core.package_identification:_identify(src/tesse/lab4_Data/MonoBleedingEdge/x86_64) by extensions ['ignore', 'ignore_ament_install']
[1.156s] Level 1:colcon.colcon_core.package_identification:_identify(src/tesse/lab4_Data/MonoBleedingEdge/x86_64) by extension 'ignore'
[1.157s] Level 1:colcon.colcon_core.package_identification:_identify(src/tesse/lab4_Data/MonoBleedingEdge/x86_64) by extension 'ignore_ament_install'
[1.157s] Level 1:colcon.colcon_core.package_identification:_identify(src/tesse/lab4_Data/MonoBleedingEdge/x86_64) by extensions ['colcon_pkg']
[1.157s] Level 1:colcon.colcon_core.package_identification:_identify(src/tesse/lab4_Data/MonoBleedingEdge/x86_64) by extension 'colcon_pkg'
[1.157s] Level 1:colcon.colcon_core.package_identification:_identify(src/tesse/lab4_Data/MonoBleedingEdge/x86_64) by extensions ['colcon_meta']
[1.157s] Level 1:colcon.colcon_core.package_identification:_identify(src/tesse/lab4_Data/MonoBleedingEdge/x86_64) by extension 'colcon_meta'
[1.157s] Level 1:colcon.colcon_core.package_identification:_identify(src/tesse/lab4_Data/MonoBleedingEdge/x86_64) by extensions ['ros']
[1.157s] Level 1:colcon.colcon_core.package_identification:_identify(src/tesse/lab4_Data/MonoBleedingEdge/x86_64) by extension 'ros'
[1.158s] Level 1:colcon.colcon_core.package_identification:_identify(src/tesse/lab4_Data/MonoBleedingEdge/x86_64) by extensions ['cmake', 'python']
[1.158s] Level 1:colcon.colcon_core.package_identification:_identify(src/tesse/lab4_Data/MonoBleedingEdge/x86_64) by extension 'cmake'
[1.158s] Level 1:colcon.colcon_core.package_identification:_identify(src/tesse/lab4_Data/MonoBleedingEdge/x86_64) by extension 'python'
[1.158s] Level 1:colcon.colcon_core.package_identification:_identify(src/tesse/lab4_Data/MonoBleedingEdge/x86_64) by extensions ['python_setup_py']
[1.158s] Level 1:colcon.colcon_core.package_identification:_identify(src/tesse/lab4_Data/MonoBleedingEdge/x86_64) by extension 'python_setup_py'
[1.158s] Level 1:colcon.colcon_core.package_identification:_identify(src/tesse/lab4_Data/Resources) by extensions ['ignore', 'ignore_ament_install']
[1.159s] Level 1:colcon.colcon_core.package_identification:_identify(src/tesse/lab4_Data/Resources) by extension 'ignore'
[1.159s] Level 1:colcon.colcon_core.package_identification:_identify(src/tesse/lab4_Data/Resources) by extension 'ignore_ament_install'
[1.159s] Level 1:colcon.colcon_core.package_identification:_identify(src/tesse/lab4_Data/Resources) by extensions ['colcon_pkg']
[1.159s] Level 1:colcon.colcon_core.package_identification:_identify(src/tesse/lab4_Data/Resources) by extension 'colcon_pkg'
[1.159s] Level 1:colcon.colcon_core.package_identification:_identify(src/tesse/lab4_Data/Resources) by extensions ['colcon_meta']
[1.159s] Level 1:colcon.colcon_core.package_identification:_identify(src/tesse/lab4_Data/Resources) by extension 'colcon_meta'
[1.160s] Level 1:colcon.colcon_core.package_identification:_identify(src/tesse/lab4_Data/Resources) by extensions ['ros']
[1.160s] Level 1:colcon.colcon_core.package_identification:_identify(src/tesse/lab4_Data/Resources) by extension 'ros'
[1.160s] Level 1:colcon.colcon_core.package_identification:_identify(src/tesse/lab4_Data/Resources) by extensions ['cmake', 'python']
[1.160s] Level 1:colcon.colcon_core.package_identification:_identify(src/tesse/lab4_Data/Resources) by extension 'cmake'
[1.160s] Level 1:colcon.colcon_core.package_identification:_identify(src/tesse/lab4_Data/Resources) by extension 'python'
[1.160s] Level 1:colcon.colcon_core.package_identification:_identify(src/tesse/lab4_Data/Resources) by extensions ['python_setup_py']
[1.160s] Level 1:colcon.colcon_core.package_identification:_identify(src/tesse/lab4_Data/Resources) by extension 'python_setup_py'
[1.161s] Level 1:colcon.colcon_core.package_identification:_identify(src/tesse/lab4_Data/StreamingAssets) by extensions ['ignore', 'ignore_ament_install']
[1.161s] Level 1:colcon.colcon_core.package_identification:_identify(src/tesse/lab4_Data/StreamingAssets) by extension 'ignore'
[1.161s] Level 1:colcon.colcon_core.package_identification:_identify(src/tesse/lab4_Data/StreamingAssets) by extension 'ignore_ament_install'
[1.161s] Level 1:colcon.colcon_core.package_identification:_identify(src/tesse/lab4_Data/StreamingAssets) by extensions ['colcon_pkg']
[1.162s] Level 1:colcon.colcon_core.package_identification:_identify(src/tesse/lab4_Data/StreamingAssets) by extension 'colcon_pkg'
[1.162s] Level 1:colcon.colcon_core.package_identification:_identify(src/tesse/lab4_Data/StreamingAssets) by extensions ['colcon_meta']
[1.162s] Level 1:colcon.colcon_core.package_identification:_identify(src/tesse/lab4_Data/StreamingAssets) by extension 'colcon_meta'
[1.162s] Level 1:colcon.colcon_core.package_identification:_identify(src/tesse/lab4_Data/StreamingAssets) by extensions ['ros']
[1.162s] Level 1:colcon.colcon_core.package_identification:_identify(src/tesse/lab4_Data/StreamingAssets) by extension 'ros'
[1.162s] Level 1:colcon.colcon_core.package_identification:_identify(src/tesse/lab4_Data/StreamingAssets) by extensions ['cmake', 'python']
[1.162s] Level 1:colcon.colcon_core.package_identification:_identify(src/tesse/lab4_Data/StreamingAssets) by extension 'cmake'
[1.163s] Level 1:colcon.colcon_core.package_identification:_identify(src/tesse/lab4_Data/StreamingAssets) by extension 'python'
[1.163s] Level 1:colcon.colcon_core.package_identification:_identify(src/tesse/lab4_Data/StreamingAssets) by extensions ['python_setup_py']
[1.163s] Level 1:colcon.colcon_core.package_identification:_identify(src/tesse/lab4_Data/StreamingAssets) by extension 'python_setup_py'
[1.163s] Level 1:colcon.colcon_core.package_identification:_identify(src/tesse-interface) by extensions ['ignore', 'ignore_ament_install']
[1.164s] Level 1:colcon.colcon_core.package_identification:_identify(src/tesse-interface) by extension 'ignore'
[1.164s] Level 1:colcon.colcon_core.package_identification:_identify(src/tesse-interface) by extension 'ignore_ament_install'
[1.164s] Level 1:colcon.colcon_core.package_identification:_identify(src/tesse-interface) by extensions ['colcon_pkg']
[1.164s] Level 1:colcon.colcon_core.package_identification:_identify(src/tesse-interface) by extension 'colcon_pkg'
[1.164s] Level 1:colcon.colcon_core.package_identification:_identify(src/tesse-interface) by extensions ['colcon_meta']
[1.165s] Level 1:colcon.colcon_core.package_identification:_identify(src/tesse-interface) by extension 'colcon_meta'
[1.165s] Level 1:colcon.colcon_core.package_identification:_identify(src/tesse-interface) by extensions ['ros']
[1.165s] Level 1:colcon.colcon_core.package_identification:_identify(src/tesse-interface) by extension 'ros'
[1.165s] Level 1:colcon.colcon_core.package_identification:_identify(src/tesse-interface) by extensions ['cmake', 'python']
[1.165s] Level 1:colcon.colcon_core.package_identification:_identify(src/tesse-interface) by extension 'cmake'
[1.165s] Level 1:colcon.colcon_core.package_identification:_identify(src/tesse-interface) by extension 'python'
[1.166s] DEBUG:colcon.colcon_core.package_identification:Python package in 'src/tesse-interface' passes arguments to the setup() function which requires a different identification extension than 'python'
[1.166s] Level 1:colcon.colcon_core.package_identification:_identify(src/tesse-interface) by extensions ['python_setup_py']
[1.166s] Level 1:colcon.colcon_core.package_identification:_identify(src/tesse-interface) by extension 'python_setup_py'
[2.096s] DEBUG:colcon.colcon_core.package_identification:Package 'src/tesse-interface' with type 'python' and name 'tesse'
[2.096s] Level 1:colcon.colcon_core.package_identification:_identify(src/tesse_msgs) by extensions ['ignore', 'ignore_ament_install']
[2.097s] Level 1:colcon.colcon_core.package_identification:_identify(src/tesse_msgs) by extension 'ignore'
[2.097s] Level 1:colcon.colcon_core.package_identification:_identify(src/tesse_msgs) by extension 'ignore_ament_install'
[2.097s] Level 1:colcon.colcon_core.package_identification:_identify(src/tesse_msgs) by extensions ['colcon_pkg']
[2.097s] Level 1:colcon.colcon_core.package_identification:_identify(src/tesse_msgs) by extension 'colcon_pkg'
[2.097s] Level 1:colcon.colcon_core.package_identification:_identify(src/tesse_msgs) by extensions ['colcon_meta']
[2.097s] Level 1:colcon.colcon_core.package_identification:_identify(src/tesse_msgs) by extension 'colcon_meta'
[2.098s] Level 1:colcon.colcon_core.package_identification:_identify(src/tesse_msgs) by extensions ['ros']
[2.098s] Level 1:colcon.colcon_core.package_identification:_identify(src/tesse_msgs) by extension 'ros'
[2.100s] DEBUG:colcon.colcon_core.package_identification:Package 'src/tesse_msgs' with type 'ros.ament_cmake' and name 'tesse_msgs'
[2.101s] Level 1:colcon.colcon_core.package_identification:_identify(src/tesse_ros_bridge) by extensions ['ignore', 'ignore_ament_install']
[2.102s] Level 1:colcon.colcon_core.package_identification:_identify(src/tesse_ros_bridge) by extension 'ignore'
[2.103s] Level 1:colcon.colcon_core.package_identification:_identify(src/tesse_ros_bridge) by extension 'ignore_ament_install'
[2.103s] Level 1:colcon.colcon_core.package_identification:_identify(src/tesse_ros_bridge) by extensions ['colcon_pkg']
[2.103s] Level 1:colcon.colcon_core.package_identification:_identify(src/tesse_ros_bridge) by extension 'colcon_pkg'
[2.103s] Level 1:colcon.colcon_core.package_identification:_identify(src/tesse_ros_bridge) by extensions ['colcon_meta']
[2.103s] Level 1:colcon.colcon_core.package_identification:_identify(src/tesse_ros_bridge) by extension 'colcon_meta'
[2.104s] Level 1:colcon.colcon_core.package_identification:_identify(src/tesse_ros_bridge) by extensions ['ros']
[2.104s] Level 1:colcon.colcon_core.package_identification:_identify(src/tesse_ros_bridge) by extension 'ros'
[2.106s] DEBUG:colcon.colcon_core.package_identification:Package 'src/tesse_ros_bridge' with type 'ros.ament_python' and name 'tesse_ros_bridge'
[2.106s] Level 1:colcon.colcon_core.package_identification:_identify(src/trajectory_generation_pkg) by extensions ['ignore', 'ignore_ament_install']
[2.107s] Level 1:colcon.colcon_core.package_identification:_identify(src/trajectory_generation_pkg) by extension 'ignore'
[2.107s] Level 1:colcon.colcon_core.package_identification:_identify(src/trajectory_generation_pkg) by extension 'ignore_ament_install'
[2.107s] Level 1:colcon.colcon_core.package_identification:_identify(src/trajectory_generation_pkg) by extensions ['colcon_pkg']
[2.107s] Level 1:colcon.colcon_core.package_identification:_identify(src/trajectory_generation_pkg) by extension 'colcon_pkg'
[2.107s] Level 1:colcon.colcon_core.package_identification:_identify(src/trajectory_generation_pkg) by extensions ['colcon_meta']
[2.108s] Level 1:colcon.colcon_core.package_identification:_identify(src/trajectory_generation_pkg) by extension 'colcon_meta'
[2.108s] Level 1:colcon.colcon_core.package_identification:_identify(src/trajectory_generation_pkg) by extensions ['ros']
[2.108s] Level 1:colcon.colcon_core.package_identification:_identify(src/trajectory_generation_pkg) by extension 'ros'
[2.113s] DEBUG:colcon.colcon_core.package_identification:Package 'src/trajectory_generation_pkg' with type 'ros.ament_cmake' and name 'trajectory_generation'
[2.114s] Level 1:colcon.colcon_core.package_discovery:discover_packages(recursive) using defaults
[2.114s] Level 1:colcon.colcon_core.package_discovery:discover_packages(ignore) discover
[2.114s] Level 1:colcon.colcon_core.package_discovery:discover_packages(ignore) using defaults
[2.114s] Level 1:colcon.colcon_core.package_discovery:discover_packages(path) discover
[2.114s] Level 1:colcon.colcon_core.package_discovery:discover_packages(path) using defaults
[2.190s] INFO:colcon.colcon_core.package_selection:Skipping not selected package 'mav_msgs' in 'src/mav_comm/mav_msgs'
[2.190s] INFO:colcon.colcon_core.package_selection:Skipping not selected package 'mav_state_machine_msgs' in 'src/mav_comm/mav_state_machine_msgs'
[2.190s] INFO:colcon.colcon_core.package_selection:Skipping not selected package 'mav_system_msgs' in 'src/mav_comm/mav_system_msgs'
[2.190s] INFO:colcon.colcon_core.package_selection:Skipping not selected package 'mav_visualization' in 'src/mav_trajectory_generation/mav_visualization'
[2.190s] INFO:colcon.colcon_core.package_selection:Skipping not selected package 'tesse' in 'src/tesse-interface'
[2.191s] INFO:colcon.colcon_core.package_selection:Skipping not selected package 'tesse_msgs' in 'src/tesse_msgs'
[2.191s] INFO:colcon.colcon_core.package_selection:Skipping not selected package 'tesse_ros_bridge' in 'src/tesse_ros_bridge'
[2.191s] INFO:colcon.colcon_core.package_selection:Skipping not selected package 'mav_planning_msgs' in 'src/mav_comm/mav_planning_msgs'
[2.191s] INFO:colcon.colcon_core.package_selection:Skipping not selected package 'mav_trajectory_generation' in 'src/mav_trajectory_generation/mav_trajectory_generation'
[2.191s] INFO:colcon.colcon_core.package_selection:Skipping not selected package 'planner_pkg' in 'src/planner_pkg'
[2.191s] INFO:colcon.colcon_core.package_selection:Skipping not selected package 'mav_comm' in 'src/mav_comm/mav_comm'
[2.191s] INFO:colcon.colcon_core.package_selection:Skipping not selected package 'trajectory_generation' in 'src/trajectory_generation_pkg'
[2.192s] Level 5:colcon.colcon_core.verb:set package 'controller_pkg' build argument 'cmake_args' from command line to 'None'
[2.192s] Level 5:colcon.colcon_core.verb:set package 'controller_pkg' build argument 'cmake_target' from command line to 'None'
[2.192s] Level 5:colcon.colcon_core.verb:set package 'controller_pkg' build argument 'cmake_target_skip_unavailable' from command line to 'False'
[2.192s] Level 5:colcon.colcon_core.verb:set package 'controller_pkg' build argument 'cmake_clean_cache' from command line to 'False'
[2.193s] Level 5:colcon.colcon_core.verb:set package 'controller_pkg' build argument 'cmake_clean_first' from command line to 'False'
[2.193s] Level 5:colcon.colcon_core.verb:set package 'controller_pkg' build argument 'cmake_force_configure' from command line to 'False'
[2.193s] Level 5:colcon.colcon_core.verb:set package 'controller_pkg' build argument 'ament_cmake_args' from command line to 'None'
[2.193s] Level 5:colcon.colcon_core.verb:set package 'controller_pkg' build argument 'catkin_cmake_args' from command line to 'None'
[2.193s] Level 5:colcon.colcon_core.verb:set package 'controller_pkg' build argument 'catkin_skip_building_tests' from command line to 'False'
[2.193s] DEBUG:colcon.colcon_core.verb:Building package 'controller_pkg' with the following arguments: {'ament_cmake_args': None, 'build_base': '/home/aimane/vnav23/labs/lab4/build/controller_pkg', 'catkin_cmake_args': None, 'catkin_skip_building_tests': False, 'cmake_args': None, 'cmake_clean_cache': False, 'cmake_clean_first': False, 'cmake_force_configure': False, 'cmake_target': None, 'cmake_target_skip_unavailable': False, 'install_base': '/home/aimane/vnav23/labs/lab4/install/controller_pkg', 'merge_install': False, 'path': '/home/aimane/vnav23/labs/lab4/src/controller_pkg', 'symlink_install': False, 'test_result_base': None}
[2.194s] INFO:colcon.colcon_core.executor:Executing jobs using 'parallel' executor
[2.197s] DEBUG:colcon.colcon_parallel_executor.executor.parallel:run_until_complete
[2.197s] INFO:colcon.colcon_ros.task.ament_cmake.build:Building ROS package in '/home/aimane/vnav23/labs/lab4/src/controller_pkg' with build type 'ament_cmake'
[2.197s] INFO:colcon.colcon_cmake.task.cmake.build:Building CMake package in '/home/aimane/vnav23/labs/lab4/src/controller_pkg'
[2.210s] INFO:colcon.colcon_core.plugin_system:Skipping extension 'colcon_core.shell.bat': Not used on non-Windows systems
[2.212s] INFO:colcon.colcon_core.shell:Skip shell extension 'powershell' for command environment: Not usable outside of PowerShell
[2.213s] DEBUG:colcon.colcon_core.shell:Skip shell extension 'dsv' for command environment
[2.274s] DEBUG:colcon.colcon_core.event_handler.log_command:Invoking command in '/home/aimane/vnav23/labs/lab4/build/controller_pkg': CMAKE_PREFIX_PATH=/home/aimane/vnav23/labs/lab4/install/mav_msgs:/home/aimane/mavros_ws/install/mavros_extras:/home/aimane/mavros_ws/install/mavros_examples:/home/aimane/mavros_ws/install/mavros:/home/aimane/mavros_ws/install/mavros_msgs:/home/aimane/mavros_ws/install/libmavconn:/home/aimane/vnav23/labs/lab4/install/trajectory_generation:/home/aimane/vnav23/labs/lab4/install/tesse_msgs:/home/aimane/vnav23/labs/lab4/install/planner_pkg:/home/aimane/vnav23/labs/lab4/install/tesse_ros_bridge:/opt/ros/humble:/home/aimane/vnav23/labs/lab4/install/mav_visualization:/home/aimane/vnav23/labs/lab4/install/mav_trajectory_generation:/home/aimane/vnav23/labs/lab4/install/mav_comm:/home/aimane/vnav23/labs/lab4/install/mav_system_msgs:/home/aimane/vnav23/labs/lab4/install/mav_state_machine_msgs:/home/aimane/vnav23/labs/lab4/install/mav_planning_msgs:/home/aimane/vnav23/labs/lab4/install/controller_pkg LD_LIBRARY_PATH=/home/aimane/vnav23/labs/lab4/install/mav_msgs/lib:/home/aimane/mavros_ws/install/mavros_extras/lib:/home/aimane/mavros_ws/install/mavros/lib:/home/aimane/mavros_ws/install/mavros_msgs/lib:/home/aimane/mavros_ws/install/libmavconn/lib:/home/aimane/vnav23/labs/lab4/install/tesse_msgs/lib:/home/aimane/vnav23/labs/lab4/install/mav_trajectory_generation/lib:/home/aimane/vnav23/labs/lab4/install/mav_system_msgs/lib:/home/aimane/vnav23/labs/lab4/install/mav_state_machine_msgs/lib:/home/aimane/vnav23/labs/lab4/install/mav_planning_msgs/lib:/opt/ros/humble/opt/rviz_ogre_vendor/lib:/opt/ros/humble/lib/x86_64-linux-gnu:/opt/ros/humble/lib /usr/bin/cmake --build /home/aimane/vnav23/labs/lab4/build/controller_pkg -- -j8 -l8
[2.760s] DEBUG:colcon.colcon_core.event_handler.log_command:Invoked command in '/home/aimane/vnav23/labs/lab4/build/controller_pkg' returned '0': CMAKE_PREFIX_PATH=/home/aimane/vnav23/labs/lab4/install/mav_msgs:/home/aimane/mavros_ws/install/mavros_extras:/home/aimane/mavros_ws/install/mavros_examples:/home/aimane/mavros_ws/install/mavros:/home/aimane/mavros_ws/install/mavros_msgs:/home/aimane/mavros_ws/install/libmavconn:/home/aimane/vnav23/labs/lab4/install/trajectory_generation:/home/aimane/vnav23/labs/lab4/install/tesse_msgs:/home/aimane/vnav23/labs/lab4/install/planner_pkg:/home/aimane/vnav23/labs/lab4/install/tesse_ros_bridge:/opt/ros/humble:/home/aimane/vnav23/labs/lab4/install/mav_visualization:/home/aimane/vnav23/labs/lab4/install/mav_trajectory_generation:/home/aimane/vnav23/labs/lab4/install/mav_comm:/home/aimane/vnav23/labs/lab4/install/mav_system_msgs:/home/aimane/vnav23/labs/lab4/install/mav_state_machine_msgs:/home/aimane/vnav23/labs/lab4/install/mav_planning_msgs:/home/aimane/vnav23/labs/lab4/install/controller_pkg LD_LIBRARY_PATH=/home/aimane/vnav23/labs/lab4/install/mav_msgs/lib:/home/aimane/mavros_ws/install/mavros_extras/lib:/home/aimane/mavros_ws/install/mavros/lib:/home/aimane/mavros_ws/install/mavros_msgs/lib:/home/aimane/mavros_ws/install/libmavconn/lib:/home/aimane/vnav23/labs/lab4/install/tesse_msgs/lib:/home/aimane/vnav23/labs/lab4/install/mav_trajectory_generation/lib:/home/aimane/vnav23/labs/lab4/install/mav_system_msgs/lib:/home/aimane/vnav23/labs/lab4/install/mav_state_machine_msgs/lib:/home/aimane/vnav23/labs/lab4/install/mav_planning_msgs/lib:/opt/ros/humble/opt/rviz_ogre_vendor/lib:/opt/ros/humble/lib/x86_64-linux-gnu:/opt/ros/humble/lib /usr/bin/cmake --build /home/aimane/vnav23/labs/lab4/build/controller_pkg -- -j8 -l8
[2.795s] DEBUG:colcon.colcon_core.event_handler.log_command:Invoking command in '/home/aimane/vnav23/labs/lab4/build/controller_pkg': CMAKE_PREFIX_PATH=/home/aimane/vnav23/labs/lab4/install/mav_msgs:/home/aimane/mavros_ws/install/mavros_extras:/home/aimane/mavros_ws/install/mavros_examples:/home/aimane/mavros_ws/install/mavros:/home/aimane/mavros_ws/install/mavros_msgs:/home/aimane/mavros_ws/install/libmavconn:/home/aimane/vnav23/labs/lab4/install/trajectory_generation:/home/aimane/vnav23/labs/lab4/install/tesse_msgs:/home/aimane/vnav23/labs/lab4/install/planner_pkg:/home/aimane/vnav23/labs/lab4/install/tesse_ros_bridge:/opt/ros/humble:/home/aimane/vnav23/labs/lab4/install/mav_visualization:/home/aimane/vnav23/labs/lab4/install/mav_trajectory_generation:/home/aimane/vnav23/labs/lab4/install/mav_comm:/home/aimane/vnav23/labs/lab4/install/mav_system_msgs:/home/aimane/vnav23/labs/lab4/install/mav_state_machine_msgs:/home/aimane/vnav23/labs/lab4/install/mav_planning_msgs:/home/aimane/vnav23/labs/lab4/install/controller_pkg LD_LIBRARY_PATH=/home/aimane/vnav23/labs/lab4/install/mav_msgs/lib:/home/aimane/mavros_ws/install/mavros_extras/lib:/home/aimane/mavros_ws/install/mavros/lib:/home/aimane/mavros_ws/install/mavros_msgs/lib:/home/aimane/mavros_ws/install/libmavconn/lib:/home/aimane/vnav23/labs/lab4/install/tesse_msgs/lib:/home/aimane/vnav23/labs/lab4/install/mav_trajectory_generation/lib:/home/aimane/vnav23/labs/lab4/install/mav_system_msgs/lib:/home/aimane/vnav23/labs/lab4/install/mav_state_machine_msgs/lib:/home/aimane/vnav23/labs/lab4/install/mav_planning_msgs/lib:/opt/ros/humble/opt/rviz_ogre_vendor/lib:/opt/ros/humble/lib/x86_64-linux-gnu:/opt/ros/humble/lib /usr/bin/cmake --install /home/aimane/vnav23/labs/lab4/build/controller_pkg
[2.881s] Level 1:colcon.colcon_core.environment:create_environment_scripts_only(controller_pkg)
[2.884s] DEBUG:colcon.colcon_core.event_handler.log_command:Invoked command in '/home/aimane/vnav23/labs/lab4/build/controller_pkg' returned '0': CMAKE_PREFIX_PATH=/home/aimane/vnav23/labs/lab4/install/mav_msgs:/home/aimane/mavros_ws/install/mavros_extras:/home/aimane/mavros_ws/install/mavros_examples:/home/aimane/mavros_ws/install/mavros:/home/aimane/mavros_ws/install/mavros_msgs:/home/aimane/mavros_ws/install/libmavconn:/home/aimane/vnav23/labs/lab4/install/trajectory_generation:/home/aimane/vnav23/labs/lab4/install/tesse_msgs:/home/aimane/vnav23/labs/lab4/install/planner_pkg:/home/aimane/vnav23/labs/lab4/install/tesse_ros_bridge:/opt/ros/humble:/home/aimane/vnav23/labs/lab4/install/mav_visualization:/home/aimane/vnav23/labs/lab4/install/mav_trajectory_generation:/home/aimane/vnav23/labs/lab4/install/mav_comm:/home/aimane/vnav23/labs/lab4/install/mav_system_msgs:/home/aimane/vnav23/labs/lab4/install/mav_state_machine_msgs:/home/aimane/vnav23/labs/lab4/install/mav_planning_msgs:/home/aimane/vnav23/labs/lab4/install/controller_pkg LD_LIBRARY_PATH=/home/aimane/vnav23/labs/lab4/install/mav_msgs/lib:/home/aimane/mavros_ws/install/mavros_extras/lib:/home/aimane/mavros_ws/install/mavros/lib:/home/aimane/mavros_ws/install/mavros_msgs/lib:/home/aimane/mavros_ws/install/libmavconn/lib:/home/aimane/vnav23/labs/lab4/install/tesse_msgs/lib:/home/aimane/vnav23/labs/lab4/install/mav_trajectory_generation/lib:/home/aimane/vnav23/labs/lab4/install/mav_system_msgs/lib:/home/aimane/vnav23/labs/lab4/install/mav_state_machine_msgs/lib:/home/aimane/vnav23/labs/lab4/install/mav_planning_msgs/lib:/opt/ros/humble/opt/rviz_ogre_vendor/lib:/opt/ros/humble/lib/x86_64-linux-gnu:/opt/ros/humble/lib /usr/bin/cmake --install /home/aimane/vnav23/labs/lab4/build/controller_pkg
[2.916s] Level 1:colcon.colcon_core.environment:checking '/home/aimane/vnav23/labs/lab4/install/controller_pkg' for CMake module files
[2.926s] Level 1:colcon.colcon_core.environment:checking '/home/aimane/vnav23/labs/lab4/install/controller_pkg' for CMake config files
[2.930s] Level 1:colcon.colcon_core.shell:create_environment_hook('controller_pkg', 'cmake_prefix_path')
[2.935s] INFO:colcon.colcon_core.shell:Creating environment hook '/home/aimane/vnav23/labs/lab4/install/controller_pkg/share/controller_pkg/hook/cmake_prefix_path.ps1'
[2.941s] INFO:colcon.colcon_core.shell:Creating environment descriptor '/home/aimane/vnav23/labs/lab4/install/controller_pkg/share/controller_pkg/hook/cmake_prefix_path.dsv'
[2.946s] INFO:colcon.colcon_core.shell:Creating environment hook '/home/aimane/vnav23/labs/lab4/install/controller_pkg/share/controller_pkg/hook/cmake_prefix_path.sh'
[2.956s] Level 1:colcon.colcon_core.environment:checking '/home/aimane/vnav23/labs/lab4/install/controller_pkg/lib'
[2.959s] Level 1:colcon.colcon_core.environment:checking '/home/aimane/vnav23/labs/lab4/install/controller_pkg/bin'
[2.960s] Level 1:colcon.colcon_core.environment:checking '/home/aimane/vnav23/labs/lab4/install/controller_pkg/lib/pkgconfig/controller_pkg.pc'
[2.966s] Level 1:colcon.colcon_core.environment:checking '/home/aimane/vnav23/labs/lab4/install/controller_pkg/lib/python3.10/site-packages'
[2.970s] Level 1:colcon.colcon_core.environment:checking '/home/aimane/vnav23/labs/lab4/install/controller_pkg/bin'
[2.975s] INFO:colcon.colcon_core.shell:Creating package script '/home/aimane/vnav23/labs/lab4/install/controller_pkg/share/controller_pkg/package.ps1'
[2.981s] INFO:colcon.colcon_core.shell:Creating package descriptor '/home/aimane/vnav23/labs/lab4/install/controller_pkg/share/controller_pkg/package.dsv'
[2.983s] INFO:colcon.colcon_core.shell:Creating package script '/home/aimane/vnav23/labs/lab4/install/controller_pkg/share/controller_pkg/package.sh'
[2.991s] INFO:colcon.colcon_core.shell:Creating package script '/home/aimane/vnav23/labs/lab4/install/controller_pkg/share/controller_pkg/package.bash'
[2.997s] INFO:colcon.colcon_core.shell:Creating package script '/home/aimane/vnav23/labs/lab4/install/controller_pkg/share/controller_pkg/package.zsh'
[3.003s] Level 1:colcon.colcon_core.environment:create_file_with_runtime_dependencies(/home/aimane/vnav23/labs/lab4/install/controller_pkg/share/colcon-core/packages/controller_pkg)
[3.008s] Level 1:colcon.colcon_core.environment:create_environment_scripts_only(controller_pkg)
[3.010s] Level 1:colcon.colcon_core.environment:checking '/home/aimane/vnav23/labs/lab4/install/controller_pkg' for CMake module files
[3.015s] Level 1:colcon.colcon_core.environment:checking '/home/aimane/vnav23/labs/lab4/install/controller_pkg' for CMake config files
[3.018s] Level 1:colcon.colcon_core.shell:create_environment_hook('controller_pkg', 'cmake_prefix_path')
[3.021s] INFO:colcon.colcon_core.shell:Creating environment hook '/home/aimane/vnav23/labs/lab4/install/controller_pkg/share/controller_pkg/hook/cmake_prefix_path.ps1'
[3.024s] INFO:colcon.colcon_core.shell:Creating environment descriptor '/home/aimane/vnav23/labs/lab4/install/controller_pkg/share/controller_pkg/hook/cmake_prefix_path.dsv'
[3.025s] INFO:colcon.colcon_core.shell:Creating environment hook '/home/aimane/vnav23/labs/lab4/install/controller_pkg/share/controller_pkg/hook/cmake_prefix_path.sh'
[3.027s] Level 1:colcon.colcon_core.environment:checking '/home/aimane/vnav23/labs/lab4/install/controller_pkg/lib'
[3.027s] Level 1:colcon.colcon_core.environment:checking '/home/aimane/vnav23/labs/lab4/install/controller_pkg/bin'
[3.027s] Level 1:colcon.colcon_core.environment:checking '/home/aimane/vnav23/labs/lab4/install/controller_pkg/lib/pkgconfig/controller_pkg.pc'
[3.028s] Level 1:colcon.colcon_core.environment:checking '/home/aimane/vnav23/labs/lab4/install/controller_pkg/lib/python3.10/site-packages'
[3.030s] Level 1:colcon.colcon_core.environment:checking '/home/aimane/vnav23/labs/lab4/install/controller_pkg/bin'
[3.031s] INFO:colcon.colcon_core.shell:Creating package script '/home/aimane/vnav23/labs/lab4/install/controller_pkg/share/controller_pkg/package.ps1'
[3.033s] INFO:colcon.colcon_core.shell:Creating package descriptor '/home/aimane/vnav23/labs/lab4/install/controller_pkg/share/controller_pkg/package.dsv'
[3.035s] INFO:colcon.colcon_core.shell:Creating package script '/home/aimane/vnav23/labs/lab4/install/controller_pkg/share/controller_pkg/package.sh'
[3.036s] INFO:colcon.colcon_core.shell:Creating package script '/home/aimane/vnav23/labs/lab4/install/controller_pkg/share/controller_pkg/package.bash'
[3.038s] INFO:colcon.colcon_core.shell:Creating package script '/home/aimane/vnav23/labs/lab4/install/controller_pkg/share/controller_pkg/package.zsh'
[3.039s] Level 1:colcon.colcon_core.environment:create_file_with_runtime_dependencies(/home/aimane/vnav23/labs/lab4/install/controller_pkg/share/colcon-core/packages/controller_pkg)
[3.040s] DEBUG:colcon.colcon_parallel_executor.executor.parallel:closing loop
[3.041s] DEBUG:colcon.colcon_parallel_executor.executor.parallel:loop closed
[3.041s] DEBUG:colcon.colcon_parallel_executor.executor.parallel:run_until_complete finished with '0'
[3.041s] DEBUG:colcon.colcon_core.event_reactor:joining thread
[3.062s] INFO:colcon.colcon_core.plugin_system:Skipping extension 'colcon_notification.desktop_notification.notify_send': Could not find 'notify-send'
[3.062s] INFO:colcon.colcon_core.plugin_system:Skipping extension 'colcon_notification.desktop_notification.terminal_notifier': Not used on non-Darwin systems
[3.062s] INFO:colcon.colcon_core.plugin_system:Skipping extension 'colcon_notification.desktop_notification.win32': Not used on non-Windows systems
[3.063s] INFO:colcon.colcon_notification.desktop_notification:Sending desktop notification using 'notify2'
[3.076s] DEBUG:colcon.colcon_notification.desktop_notification.notify2:Failed to initialize notify2: org.freedesktop.DBus.Error.Spawn.ExecFailed: /usr/bin/dbus-launch terminated abnormally without any error message
[3.079s] DEBUG:colcon.colcon_core.event_reactor:joined thread
[3.083s] INFO:colcon.colcon_core.shell:Creating prefix script '/home/aimane/vnav23/labs/lab4/install/local_setup.ps1'
[3.096s] INFO:colcon.colcon_core.shell:Creating prefix util module '/home/aimane/vnav23/labs/lab4/install/_local_setup_util_ps1.py'
[3.112s] INFO:colcon.colcon_core.shell:Creating prefix chain script '/home/aimane/vnav23/labs/lab4/install/setup.ps1'
[3.130s] INFO:colcon.colcon_core.shell:Creating prefix script '/home/aimane/vnav23/labs/lab4/install/local_setup.sh'
[3.140s] INFO:colcon.colcon_core.shell:Creating prefix util module '/home/aimane/vnav23/labs/lab4/install/_local_setup_util_sh.py'
[3.147s] INFO:colcon.colcon_core.shell:Creating prefix chain script '/home/aimane/vnav23/labs/lab4/install/setup.sh'
[3.177s] INFO:colcon.colcon_core.shell:Creating prefix script '/home/aimane/vnav23/labs/lab4/install/local_setup.bash'
[3.188s] INFO:colcon.colcon_core.shell:Creating prefix chain script '/home/aimane/vnav23/labs/lab4/install/setup.bash'
[3.215s] INFO:colcon.colcon_core.shell:Creating prefix script '/home/aimane/vnav23/labs/lab4/install/local_setup.zsh'
[3.222s] INFO:colcon.colcon_core.shell:Creating prefix chain script '/home/aimane/vnav23/labs/lab4/install/setup.zsh'
